[2025-07-18T09:00:25.757+0700] {processor.py:161} INFO - Started process (PID=2995) to work on /home/menglim/airflow_venv/lib/python3.12/site-packages/airflow/example_dags/plugins/event_listener.py
[2025-07-18T09:00:25.758+0700] {processor.py:830} INFO - Processing file /home/menglim/airflow_venv/lib/python3.12/site-packages/airflow/example_dags/plugins/event_listener.py for tasks to queue
[2025-07-18T09:00:25.759+0700] {logging_mixin.py:188} INFO - [2025-07-18T09:00:25.759+0700] {dagbag.py:545} INFO - Filling up the DagBag from /home/menglim/airflow_venv/lib/python3.12/site-packages/airflow/example_dags/plugins/event_listener.py
[2025-07-18T09:00:25.760+0700] {processor.py:842} WARNING - No viable dags retrieved from /home/menglim/airflow_venv/lib/python3.12/site-packages/airflow/example_dags/plugins/event_listener.py
[2025-07-18T09:00:25.767+0700] {processor.py:183} INFO - Processing /home/menglim/airflow_venv/lib/python3.12/site-packages/airflow/example_dags/plugins/event_listener.py took 0.013 seconds
[2025-07-18T09:01:21.918+0700] {processor.py:161} INFO - Started process (PID=3331) to work on /home/menglim/airflow_venv/lib/python3.12/site-packages/airflow/example_dags/plugins/event_listener.py
[2025-07-18T09:01:21.919+0700] {processor.py:830} INFO - Processing file /home/menglim/airflow_venv/lib/python3.12/site-packages/airflow/example_dags/plugins/event_listener.py for tasks to queue
[2025-07-18T09:01:21.920+0700] {logging_mixin.py:188} INFO - [2025-07-18T09:01:21.920+0700] {dagbag.py:545} INFO - Filling up the DagBag from /home/menglim/airflow_venv/lib/python3.12/site-packages/airflow/example_dags/plugins/event_listener.py
[2025-07-18T09:01:21.922+0700] {processor.py:842} WARNING - No viable dags retrieved from /home/menglim/airflow_venv/lib/python3.12/site-packages/airflow/example_dags/plugins/event_listener.py
[2025-07-18T09:01:21.929+0700] {processor.py:183} INFO - Processing /home/menglim/airflow_venv/lib/python3.12/site-packages/airflow/example_dags/plugins/event_listener.py took 0.014 seconds
[2025-07-18T09:02:19.812+0700] {processor.py:161} INFO - Started process (PID=3477) to work on /home/menglim/airflow_venv/lib/python3.12/site-packages/airflow/example_dags/plugins/event_listener.py
[2025-07-18T09:02:19.813+0700] {processor.py:830} INFO - Processing file /home/menglim/airflow_venv/lib/python3.12/site-packages/airflow/example_dags/plugins/event_listener.py for tasks to queue
[2025-07-18T09:02:19.814+0700] {logging_mixin.py:188} INFO - [2025-07-18T09:02:19.814+0700] {dagbag.py:545} INFO - Filling up the DagBag from /home/menglim/airflow_venv/lib/python3.12/site-packages/airflow/example_dags/plugins/event_listener.py
[2025-07-18T09:02:19.815+0700] {processor.py:842} WARNING - No viable dags retrieved from /home/menglim/airflow_venv/lib/python3.12/site-packages/airflow/example_dags/plugins/event_listener.py
[2025-07-18T09:02:19.822+0700] {processor.py:183} INFO - Processing /home/menglim/airflow_venv/lib/python3.12/site-packages/airflow/example_dags/plugins/event_listener.py took 0.014 seconds
[2025-07-18T09:03:19.417+0700] {processor.py:161} INFO - Started process (PID=3615) to work on /home/menglim/airflow_venv/lib/python3.12/site-packages/airflow/example_dags/plugins/event_listener.py
[2025-07-18T09:03:19.418+0700] {processor.py:830} INFO - Processing file /home/menglim/airflow_venv/lib/python3.12/site-packages/airflow/example_dags/plugins/event_listener.py for tasks to queue
[2025-07-18T09:03:19.420+0700] {logging_mixin.py:188} INFO - [2025-07-18T09:03:19.420+0700] {dagbag.py:545} INFO - Filling up the DagBag from /home/menglim/airflow_venv/lib/python3.12/site-packages/airflow/example_dags/plugins/event_listener.py
[2025-07-18T09:03:19.421+0700] {processor.py:842} WARNING - No viable dags retrieved from /home/menglim/airflow_venv/lib/python3.12/site-packages/airflow/example_dags/plugins/event_listener.py
[2025-07-18T09:03:19.430+0700] {processor.py:183} INFO - Processing /home/menglim/airflow_venv/lib/python3.12/site-packages/airflow/example_dags/plugins/event_listener.py took 0.018 seconds
[2025-07-18T09:04:10.524+0700] {processor.py:161} INFO - Started process (PID=3711) to work on /home/menglim/airflow_venv/lib/python3.12/site-packages/airflow/example_dags/plugins/event_listener.py
[2025-07-18T09:04:10.527+0700] {processor.py:830} INFO - Processing file /home/menglim/airflow_venv/lib/python3.12/site-packages/airflow/example_dags/plugins/event_listener.py for tasks to queue
[2025-07-18T09:04:10.528+0700] {logging_mixin.py:188} INFO - [2025-07-18T09:04:10.528+0700] {dagbag.py:545} INFO - Filling up the DagBag from /home/menglim/airflow_venv/lib/python3.12/site-packages/airflow/example_dags/plugins/event_listener.py
[2025-07-18T09:04:10.529+0700] {processor.py:842} WARNING - No viable dags retrieved from /home/menglim/airflow_venv/lib/python3.12/site-packages/airflow/example_dags/plugins/event_listener.py
[2025-07-18T09:04:10.536+0700] {processor.py:183} INFO - Processing /home/menglim/airflow_venv/lib/python3.12/site-packages/airflow/example_dags/plugins/event_listener.py took 0.015 seconds
[2025-07-18T09:05:06.658+0700] {processor.py:161} INFO - Started process (PID=3831) to work on /home/menglim/airflow_venv/lib/python3.12/site-packages/airflow/example_dags/plugins/event_listener.py
[2025-07-18T09:05:06.662+0700] {processor.py:830} INFO - Processing file /home/menglim/airflow_venv/lib/python3.12/site-packages/airflow/example_dags/plugins/event_listener.py for tasks to queue
[2025-07-18T09:05:06.663+0700] {logging_mixin.py:188} INFO - [2025-07-18T09:05:06.663+0700] {dagbag.py:545} INFO - Filling up the DagBag from /home/menglim/airflow_venv/lib/python3.12/site-packages/airflow/example_dags/plugins/event_listener.py
[2025-07-18T09:05:06.664+0700] {processor.py:842} WARNING - No viable dags retrieved from /home/menglim/airflow_venv/lib/python3.12/site-packages/airflow/example_dags/plugins/event_listener.py
[2025-07-18T09:05:06.671+0700] {processor.py:183} INFO - Processing /home/menglim/airflow_venv/lib/python3.12/site-packages/airflow/example_dags/plugins/event_listener.py took 0.016 seconds
[2025-07-18T09:06:06.136+0700] {processor.py:161} INFO - Started process (PID=3910) to work on /home/menglim/airflow_venv/lib/python3.12/site-packages/airflow/example_dags/plugins/event_listener.py
[2025-07-18T09:06:06.139+0700] {processor.py:830} INFO - Processing file /home/menglim/airflow_venv/lib/python3.12/site-packages/airflow/example_dags/plugins/event_listener.py for tasks to queue
[2025-07-18T09:06:06.139+0700] {logging_mixin.py:188} INFO - [2025-07-18T09:06:06.139+0700] {dagbag.py:545} INFO - Filling up the DagBag from /home/menglim/airflow_venv/lib/python3.12/site-packages/airflow/example_dags/plugins/event_listener.py
[2025-07-18T09:06:06.140+0700] {processor.py:842} WARNING - No viable dags retrieved from /home/menglim/airflow_venv/lib/python3.12/site-packages/airflow/example_dags/plugins/event_listener.py
[2025-07-18T09:06:06.146+0700] {processor.py:183} INFO - Processing /home/menglim/airflow_venv/lib/python3.12/site-packages/airflow/example_dags/plugins/event_listener.py took 0.014 seconds
[2025-07-18T09:07:00.559+0700] {processor.py:161} INFO - Started process (PID=4022) to work on /home/menglim/airflow_venv/lib/python3.12/site-packages/airflow/example_dags/plugins/event_listener.py
[2025-07-18T09:07:00.562+0700] {processor.py:830} INFO - Processing file /home/menglim/airflow_venv/lib/python3.12/site-packages/airflow/example_dags/plugins/event_listener.py for tasks to queue
[2025-07-18T09:07:00.562+0700] {logging_mixin.py:188} INFO - [2025-07-18T09:07:00.562+0700] {dagbag.py:545} INFO - Filling up the DagBag from /home/menglim/airflow_venv/lib/python3.12/site-packages/airflow/example_dags/plugins/event_listener.py
[2025-07-18T09:07:00.564+0700] {processor.py:842} WARNING - No viable dags retrieved from /home/menglim/airflow_venv/lib/python3.12/site-packages/airflow/example_dags/plugins/event_listener.py
[2025-07-18T09:07:00.570+0700] {processor.py:183} INFO - Processing /home/menglim/airflow_venv/lib/python3.12/site-packages/airflow/example_dags/plugins/event_listener.py took 0.014 seconds
[2025-07-18T09:08:01.694+0700] {processor.py:161} INFO - Started process (PID=4132) to work on /home/menglim/airflow_venv/lib/python3.12/site-packages/airflow/example_dags/plugins/event_listener.py
[2025-07-18T09:08:01.695+0700] {processor.py:830} INFO - Processing file /home/menglim/airflow_venv/lib/python3.12/site-packages/airflow/example_dags/plugins/event_listener.py for tasks to queue
[2025-07-18T09:08:01.696+0700] {logging_mixin.py:188} INFO - [2025-07-18T09:08:01.696+0700] {dagbag.py:545} INFO - Filling up the DagBag from /home/menglim/airflow_venv/lib/python3.12/site-packages/airflow/example_dags/plugins/event_listener.py
[2025-07-18T09:08:01.698+0700] {processor.py:842} WARNING - No viable dags retrieved from /home/menglim/airflow_venv/lib/python3.12/site-packages/airflow/example_dags/plugins/event_listener.py
[2025-07-18T09:08:01.715+0700] {processor.py:183} INFO - Processing /home/menglim/airflow_venv/lib/python3.12/site-packages/airflow/example_dags/plugins/event_listener.py took 0.028 seconds
[2025-07-18T09:08:58.476+0700] {processor.py:161} INFO - Started process (PID=4237) to work on /home/menglim/airflow_venv/lib/python3.12/site-packages/airflow/example_dags/plugins/event_listener.py
[2025-07-18T09:08:58.478+0700] {processor.py:830} INFO - Processing file /home/menglim/airflow_venv/lib/python3.12/site-packages/airflow/example_dags/plugins/event_listener.py for tasks to queue
[2025-07-18T09:08:58.479+0700] {logging_mixin.py:188} INFO - [2025-07-18T09:08:58.478+0700] {dagbag.py:545} INFO - Filling up the DagBag from /home/menglim/airflow_venv/lib/python3.12/site-packages/airflow/example_dags/plugins/event_listener.py
[2025-07-18T09:08:58.482+0700] {processor.py:842} WARNING - No viable dags retrieved from /home/menglim/airflow_venv/lib/python3.12/site-packages/airflow/example_dags/plugins/event_listener.py
[2025-07-18T09:08:58.496+0700] {processor.py:183} INFO - Processing /home/menglim/airflow_venv/lib/python3.12/site-packages/airflow/example_dags/plugins/event_listener.py took 0.025 seconds
[2025-07-18T09:09:47.754+0700] {processor.py:161} INFO - Started process (PID=4331) to work on /home/menglim/airflow_venv/lib/python3.12/site-packages/airflow/example_dags/plugins/event_listener.py
[2025-07-18T09:09:47.756+0700] {processor.py:830} INFO - Processing file /home/menglim/airflow_venv/lib/python3.12/site-packages/airflow/example_dags/plugins/event_listener.py for tasks to queue
[2025-07-18T09:09:47.757+0700] {logging_mixin.py:188} INFO - [2025-07-18T09:09:47.756+0700] {dagbag.py:545} INFO - Filling up the DagBag from /home/menglim/airflow_venv/lib/python3.12/site-packages/airflow/example_dags/plugins/event_listener.py
[2025-07-18T09:09:47.758+0700] {processor.py:842} WARNING - No viable dags retrieved from /home/menglim/airflow_venv/lib/python3.12/site-packages/airflow/example_dags/plugins/event_listener.py
[2025-07-18T09:09:47.764+0700] {processor.py:183} INFO - Processing /home/menglim/airflow_venv/lib/python3.12/site-packages/airflow/example_dags/plugins/event_listener.py took 0.014 seconds
[2025-07-18T09:10:41.049+0700] {processor.py:161} INFO - Started process (PID=4420) to work on /home/menglim/airflow_venv/lib/python3.12/site-packages/airflow/example_dags/plugins/event_listener.py
[2025-07-18T09:10:41.050+0700] {processor.py:830} INFO - Processing file /home/menglim/airflow_venv/lib/python3.12/site-packages/airflow/example_dags/plugins/event_listener.py for tasks to queue
[2025-07-18T09:10:41.052+0700] {logging_mixin.py:188} INFO - [2025-07-18T09:10:41.051+0700] {dagbag.py:545} INFO - Filling up the DagBag from /home/menglim/airflow_venv/lib/python3.12/site-packages/airflow/example_dags/plugins/event_listener.py
[2025-07-18T09:10:41.054+0700] {processor.py:842} WARNING - No viable dags retrieved from /home/menglim/airflow_venv/lib/python3.12/site-packages/airflow/example_dags/plugins/event_listener.py
[2025-07-18T09:10:41.063+0700] {processor.py:183} INFO - Processing /home/menglim/airflow_venv/lib/python3.12/site-packages/airflow/example_dags/plugins/event_listener.py took 0.018 seconds
[2025-07-18T09:11:44.410+0700] {processor.py:161} INFO - Started process (PID=4577) to work on /home/menglim/airflow_venv/lib/python3.12/site-packages/airflow/example_dags/plugins/event_listener.py
[2025-07-18T09:11:44.412+0700] {processor.py:830} INFO - Processing file /home/menglim/airflow_venv/lib/python3.12/site-packages/airflow/example_dags/plugins/event_listener.py for tasks to queue
[2025-07-18T09:11:44.412+0700] {logging_mixin.py:188} INFO - [2025-07-18T09:11:44.412+0700] {dagbag.py:545} INFO - Filling up the DagBag from /home/menglim/airflow_venv/lib/python3.12/site-packages/airflow/example_dags/plugins/event_listener.py
[2025-07-18T09:11:44.414+0700] {processor.py:842} WARNING - No viable dags retrieved from /home/menglim/airflow_venv/lib/python3.12/site-packages/airflow/example_dags/plugins/event_listener.py
[2025-07-18T09:11:44.420+0700] {processor.py:183} INFO - Processing /home/menglim/airflow_venv/lib/python3.12/site-packages/airflow/example_dags/plugins/event_listener.py took 0.014 seconds
[2025-07-18T09:12:39.448+0700] {processor.py:161} INFO - Started process (PID=4660) to work on /home/menglim/airflow_venv/lib/python3.12/site-packages/airflow/example_dags/plugins/event_listener.py
[2025-07-18T09:12:39.450+0700] {processor.py:830} INFO - Processing file /home/menglim/airflow_venv/lib/python3.12/site-packages/airflow/example_dags/plugins/event_listener.py for tasks to queue
[2025-07-18T09:12:39.451+0700] {logging_mixin.py:188} INFO - [2025-07-18T09:12:39.451+0700] {dagbag.py:545} INFO - Filling up the DagBag from /home/menglim/airflow_venv/lib/python3.12/site-packages/airflow/example_dags/plugins/event_listener.py
[2025-07-18T09:12:39.452+0700] {processor.py:842} WARNING - No viable dags retrieved from /home/menglim/airflow_venv/lib/python3.12/site-packages/airflow/example_dags/plugins/event_listener.py
[2025-07-18T09:12:39.458+0700] {processor.py:183} INFO - Processing /home/menglim/airflow_venv/lib/python3.12/site-packages/airflow/example_dags/plugins/event_listener.py took 0.014 seconds
[2025-07-18T09:13:38.964+0700] {processor.py:161} INFO - Started process (PID=5230) to work on /home/menglim/airflow_venv/lib/python3.12/site-packages/airflow/example_dags/plugins/event_listener.py
[2025-07-18T09:13:38.968+0700] {processor.py:830} INFO - Processing file /home/menglim/airflow_venv/lib/python3.12/site-packages/airflow/example_dags/plugins/event_listener.py for tasks to queue
[2025-07-18T09:13:38.969+0700] {logging_mixin.py:188} INFO - [2025-07-18T09:13:38.968+0700] {dagbag.py:545} INFO - Filling up the DagBag from /home/menglim/airflow_venv/lib/python3.12/site-packages/airflow/example_dags/plugins/event_listener.py
[2025-07-18T09:13:38.971+0700] {processor.py:842} WARNING - No viable dags retrieved from /home/menglim/airflow_venv/lib/python3.12/site-packages/airflow/example_dags/plugins/event_listener.py
[2025-07-18T09:13:38.979+0700] {processor.py:183} INFO - Processing /home/menglim/airflow_venv/lib/python3.12/site-packages/airflow/example_dags/plugins/event_listener.py took 0.019 seconds
[2025-07-18T09:14:43.429+0700] {processor.py:161} INFO - Started process (PID=5388) to work on /home/menglim/airflow_venv/lib/python3.12/site-packages/airflow/example_dags/plugins/event_listener.py
[2025-07-18T09:14:43.430+0700] {processor.py:830} INFO - Processing file /home/menglim/airflow_venv/lib/python3.12/site-packages/airflow/example_dags/plugins/event_listener.py for tasks to queue
[2025-07-18T09:14:43.431+0700] {logging_mixin.py:188} INFO - [2025-07-18T09:14:43.430+0700] {dagbag.py:545} INFO - Filling up the DagBag from /home/menglim/airflow_venv/lib/python3.12/site-packages/airflow/example_dags/plugins/event_listener.py
[2025-07-18T09:14:43.432+0700] {processor.py:842} WARNING - No viable dags retrieved from /home/menglim/airflow_venv/lib/python3.12/site-packages/airflow/example_dags/plugins/event_listener.py
[2025-07-18T09:14:43.439+0700] {processor.py:183} INFO - Processing /home/menglim/airflow_venv/lib/python3.12/site-packages/airflow/example_dags/plugins/event_listener.py took 0.013 seconds
[2025-07-18T09:15:43.407+0700] {processor.py:161} INFO - Started process (PID=5502) to work on /home/menglim/airflow_venv/lib/python3.12/site-packages/airflow/example_dags/plugins/event_listener.py
[2025-07-18T09:15:43.409+0700] {processor.py:830} INFO - Processing file /home/menglim/airflow_venv/lib/python3.12/site-packages/airflow/example_dags/plugins/event_listener.py for tasks to queue
[2025-07-18T09:15:43.409+0700] {logging_mixin.py:188} INFO - [2025-07-18T09:15:43.409+0700] {dagbag.py:545} INFO - Filling up the DagBag from /home/menglim/airflow_venv/lib/python3.12/site-packages/airflow/example_dags/plugins/event_listener.py
[2025-07-18T09:15:43.410+0700] {processor.py:842} WARNING - No viable dags retrieved from /home/menglim/airflow_venv/lib/python3.12/site-packages/airflow/example_dags/plugins/event_listener.py
[2025-07-18T09:15:43.416+0700] {processor.py:183} INFO - Processing /home/menglim/airflow_venv/lib/python3.12/site-packages/airflow/example_dags/plugins/event_listener.py took 0.013 seconds
[2025-07-18T09:17:16.845+0700] {processor.py:161} INFO - Started process (PID=5794) to work on /home/menglim/airflow_venv/lib/python3.12/site-packages/airflow/example_dags/plugins/event_listener.py
[2025-07-18T09:17:16.847+0700] {processor.py:830} INFO - Processing file /home/menglim/airflow_venv/lib/python3.12/site-packages/airflow/example_dags/plugins/event_listener.py for tasks to queue
[2025-07-18T09:17:16.848+0700] {logging_mixin.py:188} INFO - [2025-07-18T09:17:16.848+0700] {dagbag.py:545} INFO - Filling up the DagBag from /home/menglim/airflow_venv/lib/python3.12/site-packages/airflow/example_dags/plugins/event_listener.py
[2025-07-18T09:17:16.849+0700] {processor.py:842} WARNING - No viable dags retrieved from /home/menglim/airflow_venv/lib/python3.12/site-packages/airflow/example_dags/plugins/event_listener.py
[2025-07-18T09:17:16.856+0700] {processor.py:183} INFO - Processing /home/menglim/airflow_venv/lib/python3.12/site-packages/airflow/example_dags/plugins/event_listener.py took 0.014 seconds
[2025-07-18T09:18:18.102+0700] {processor.py:161} INFO - Started process (PID=5906) to work on /home/menglim/airflow_venv/lib/python3.12/site-packages/airflow/example_dags/plugins/event_listener.py
[2025-07-18T09:18:18.107+0700] {processor.py:830} INFO - Processing file /home/menglim/airflow_venv/lib/python3.12/site-packages/airflow/example_dags/plugins/event_listener.py for tasks to queue
[2025-07-18T09:18:18.109+0700] {logging_mixin.py:188} INFO - [2025-07-18T09:18:18.108+0700] {dagbag.py:545} INFO - Filling up the DagBag from /home/menglim/airflow_venv/lib/python3.12/site-packages/airflow/example_dags/plugins/event_listener.py
[2025-07-18T09:18:18.111+0700] {processor.py:842} WARNING - No viable dags retrieved from /home/menglim/airflow_venv/lib/python3.12/site-packages/airflow/example_dags/plugins/event_listener.py
[2025-07-18T09:18:18.126+0700] {processor.py:183} INFO - Processing /home/menglim/airflow_venv/lib/python3.12/site-packages/airflow/example_dags/plugins/event_listener.py took 0.034 seconds
[2025-07-18T09:19:35.250+0700] {processor.py:161} INFO - Started process (PID=6082) to work on /home/menglim/airflow_venv/lib/python3.12/site-packages/airflow/example_dags/plugins/event_listener.py
[2025-07-18T09:19:35.251+0700] {processor.py:830} INFO - Processing file /home/menglim/airflow_venv/lib/python3.12/site-packages/airflow/example_dags/plugins/event_listener.py for tasks to queue
[2025-07-18T09:19:35.251+0700] {logging_mixin.py:188} INFO - [2025-07-18T09:19:35.251+0700] {dagbag.py:545} INFO - Filling up the DagBag from /home/menglim/airflow_venv/lib/python3.12/site-packages/airflow/example_dags/plugins/event_listener.py
[2025-07-18T09:19:35.252+0700] {processor.py:842} WARNING - No viable dags retrieved from /home/menglim/airflow_venv/lib/python3.12/site-packages/airflow/example_dags/plugins/event_listener.py
[2025-07-18T09:19:35.259+0700] {processor.py:183} INFO - Processing /home/menglim/airflow_venv/lib/python3.12/site-packages/airflow/example_dags/plugins/event_listener.py took 0.013 seconds
[2025-07-18T09:20:30.561+0700] {processor.py:161} INFO - Started process (PID=6200) to work on /home/menglim/airflow_venv/lib/python3.12/site-packages/airflow/example_dags/plugins/event_listener.py
[2025-07-18T09:20:30.562+0700] {processor.py:830} INFO - Processing file /home/menglim/airflow_venv/lib/python3.12/site-packages/airflow/example_dags/plugins/event_listener.py for tasks to queue
[2025-07-18T09:20:30.562+0700] {logging_mixin.py:188} INFO - [2025-07-18T09:20:30.562+0700] {dagbag.py:545} INFO - Filling up the DagBag from /home/menglim/airflow_venv/lib/python3.12/site-packages/airflow/example_dags/plugins/event_listener.py
[2025-07-18T09:20:30.563+0700] {processor.py:842} WARNING - No viable dags retrieved from /home/menglim/airflow_venv/lib/python3.12/site-packages/airflow/example_dags/plugins/event_listener.py
[2025-07-18T09:20:30.570+0700] {processor.py:183} INFO - Processing /home/menglim/airflow_venv/lib/python3.12/site-packages/airflow/example_dags/plugins/event_listener.py took 0.013 seconds
[2025-07-18T09:21:50.378+0700] {processor.py:161} INFO - Started process (PID=6429) to work on /home/menglim/airflow_venv/lib/python3.12/site-packages/airflow/example_dags/plugins/event_listener.py
[2025-07-18T09:21:50.380+0700] {processor.py:830} INFO - Processing file /home/menglim/airflow_venv/lib/python3.12/site-packages/airflow/example_dags/plugins/event_listener.py for tasks to queue
[2025-07-18T09:21:50.380+0700] {logging_mixin.py:188} INFO - [2025-07-18T09:21:50.380+0700] {dagbag.py:545} INFO - Filling up the DagBag from /home/menglim/airflow_venv/lib/python3.12/site-packages/airflow/example_dags/plugins/event_listener.py
[2025-07-18T09:21:50.381+0700] {processor.py:842} WARNING - No viable dags retrieved from /home/menglim/airflow_venv/lib/python3.12/site-packages/airflow/example_dags/plugins/event_listener.py
[2025-07-18T09:21:50.388+0700] {processor.py:183} INFO - Processing /home/menglim/airflow_venv/lib/python3.12/site-packages/airflow/example_dags/plugins/event_listener.py took 0.015 seconds
[2025-07-18T09:23:00.379+0700] {processor.py:161} INFO - Started process (PID=6640) to work on /home/menglim/airflow_venv/lib/python3.12/site-packages/airflow/example_dags/plugins/event_listener.py
[2025-07-18T09:23:00.381+0700] {processor.py:830} INFO - Processing file /home/menglim/airflow_venv/lib/python3.12/site-packages/airflow/example_dags/plugins/event_listener.py for tasks to queue
[2025-07-18T09:23:00.382+0700] {logging_mixin.py:188} INFO - [2025-07-18T09:23:00.382+0700] {dagbag.py:545} INFO - Filling up the DagBag from /home/menglim/airflow_venv/lib/python3.12/site-packages/airflow/example_dags/plugins/event_listener.py
[2025-07-18T09:23:00.383+0700] {processor.py:842} WARNING - No viable dags retrieved from /home/menglim/airflow_venv/lib/python3.12/site-packages/airflow/example_dags/plugins/event_listener.py
[2025-07-18T09:23:00.389+0700] {processor.py:183} INFO - Processing /home/menglim/airflow_venv/lib/python3.12/site-packages/airflow/example_dags/plugins/event_listener.py took 0.014 seconds
[2025-07-18T09:24:20.478+0700] {processor.py:161} INFO - Started process (PID=6880) to work on /home/menglim/airflow_venv/lib/python3.12/site-packages/airflow/example_dags/plugins/event_listener.py
[2025-07-18T09:24:20.480+0700] {processor.py:830} INFO - Processing file /home/menglim/airflow_venv/lib/python3.12/site-packages/airflow/example_dags/plugins/event_listener.py for tasks to queue
[2025-07-18T09:24:20.481+0700] {logging_mixin.py:188} INFO - [2025-07-18T09:24:20.480+0700] {dagbag.py:545} INFO - Filling up the DagBag from /home/menglim/airflow_venv/lib/python3.12/site-packages/airflow/example_dags/plugins/event_listener.py
[2025-07-18T09:24:20.482+0700] {processor.py:842} WARNING - No viable dags retrieved from /home/menglim/airflow_venv/lib/python3.12/site-packages/airflow/example_dags/plugins/event_listener.py
[2025-07-18T09:24:20.489+0700] {processor.py:183} INFO - Processing /home/menglim/airflow_venv/lib/python3.12/site-packages/airflow/example_dags/plugins/event_listener.py took 0.014 seconds
[2025-07-18T09:25:20.677+0700] {processor.py:161} INFO - Started process (PID=7000) to work on /home/menglim/airflow_venv/lib/python3.12/site-packages/airflow/example_dags/plugins/event_listener.py
[2025-07-18T09:25:20.680+0700] {processor.py:830} INFO - Processing file /home/menglim/airflow_venv/lib/python3.12/site-packages/airflow/example_dags/plugins/event_listener.py for tasks to queue
[2025-07-18T09:25:20.680+0700] {logging_mixin.py:188} INFO - [2025-07-18T09:25:20.680+0700] {dagbag.py:545} INFO - Filling up the DagBag from /home/menglim/airflow_venv/lib/python3.12/site-packages/airflow/example_dags/plugins/event_listener.py
[2025-07-18T09:25:20.681+0700] {processor.py:842} WARNING - No viable dags retrieved from /home/menglim/airflow_venv/lib/python3.12/site-packages/airflow/example_dags/plugins/event_listener.py
[2025-07-18T09:25:20.688+0700] {processor.py:183} INFO - Processing /home/menglim/airflow_venv/lib/python3.12/site-packages/airflow/example_dags/plugins/event_listener.py took 0.014 seconds
[2025-07-18T09:26:23.387+0700] {processor.py:161} INFO - Started process (PID=7172) to work on /home/menglim/airflow_venv/lib/python3.12/site-packages/airflow/example_dags/plugins/event_listener.py
[2025-07-18T09:26:23.389+0700] {processor.py:830} INFO - Processing file /home/menglim/airflow_venv/lib/python3.12/site-packages/airflow/example_dags/plugins/event_listener.py for tasks to queue
[2025-07-18T09:26:23.389+0700] {logging_mixin.py:188} INFO - [2025-07-18T09:26:23.389+0700] {dagbag.py:545} INFO - Filling up the DagBag from /home/menglim/airflow_venv/lib/python3.12/site-packages/airflow/example_dags/plugins/event_listener.py
[2025-07-18T09:26:23.390+0700] {processor.py:842} WARNING - No viable dags retrieved from /home/menglim/airflow_venv/lib/python3.12/site-packages/airflow/example_dags/plugins/event_listener.py
[2025-07-18T09:26:23.397+0700] {processor.py:183} INFO - Processing /home/menglim/airflow_venv/lib/python3.12/site-packages/airflow/example_dags/plugins/event_listener.py took 0.013 seconds
[2025-07-18T09:27:23.883+0700] {processor.py:161} INFO - Started process (PID=7307) to work on /home/menglim/airflow_venv/lib/python3.12/site-packages/airflow/example_dags/plugins/event_listener.py
[2025-07-18T09:27:23.886+0700] {processor.py:830} INFO - Processing file /home/menglim/airflow_venv/lib/python3.12/site-packages/airflow/example_dags/plugins/event_listener.py for tasks to queue
[2025-07-18T09:27:23.886+0700] {logging_mixin.py:188} INFO - [2025-07-18T09:27:23.886+0700] {dagbag.py:545} INFO - Filling up the DagBag from /home/menglim/airflow_venv/lib/python3.12/site-packages/airflow/example_dags/plugins/event_listener.py
[2025-07-18T09:27:23.887+0700] {processor.py:842} WARNING - No viable dags retrieved from /home/menglim/airflow_venv/lib/python3.12/site-packages/airflow/example_dags/plugins/event_listener.py
[2025-07-18T09:27:23.894+0700] {processor.py:183} INFO - Processing /home/menglim/airflow_venv/lib/python3.12/site-packages/airflow/example_dags/plugins/event_listener.py took 0.014 seconds
[2025-07-18T09:28:31.233+0700] {processor.py:161} INFO - Started process (PID=7393) to work on /home/menglim/airflow_venv/lib/python3.12/site-packages/airflow/example_dags/plugins/event_listener.py
[2025-07-18T09:28:31.235+0700] {processor.py:830} INFO - Processing file /home/menglim/airflow_venv/lib/python3.12/site-packages/airflow/example_dags/plugins/event_listener.py for tasks to queue
[2025-07-18T09:28:31.235+0700] {logging_mixin.py:188} INFO - [2025-07-18T09:28:31.235+0700] {dagbag.py:545} INFO - Filling up the DagBag from /home/menglim/airflow_venv/lib/python3.12/site-packages/airflow/example_dags/plugins/event_listener.py
[2025-07-18T09:28:31.236+0700] {processor.py:842} WARNING - No viable dags retrieved from /home/menglim/airflow_venv/lib/python3.12/site-packages/airflow/example_dags/plugins/event_listener.py
[2025-07-18T09:28:31.242+0700] {processor.py:183} INFO - Processing /home/menglim/airflow_venv/lib/python3.12/site-packages/airflow/example_dags/plugins/event_listener.py took 0.013 seconds
[2025-07-18T09:29:26.531+0700] {processor.py:161} INFO - Started process (PID=7480) to work on /home/menglim/airflow_venv/lib/python3.12/site-packages/airflow/example_dags/plugins/event_listener.py
[2025-07-18T09:29:26.532+0700] {processor.py:830} INFO - Processing file /home/menglim/airflow_venv/lib/python3.12/site-packages/airflow/example_dags/plugins/event_listener.py for tasks to queue
[2025-07-18T09:29:26.532+0700] {logging_mixin.py:188} INFO - [2025-07-18T09:29:26.532+0700] {dagbag.py:545} INFO - Filling up the DagBag from /home/menglim/airflow_venv/lib/python3.12/site-packages/airflow/example_dags/plugins/event_listener.py
[2025-07-18T09:29:26.533+0700] {processor.py:842} WARNING - No viable dags retrieved from /home/menglim/airflow_venv/lib/python3.12/site-packages/airflow/example_dags/plugins/event_listener.py
[2025-07-18T09:29:26.539+0700] {processor.py:183} INFO - Processing /home/menglim/airflow_venv/lib/python3.12/site-packages/airflow/example_dags/plugins/event_listener.py took 0.012 seconds
[2025-07-18T09:30:28.177+0700] {processor.py:161} INFO - Started process (PID=7605) to work on /home/menglim/airflow_venv/lib/python3.12/site-packages/airflow/example_dags/plugins/event_listener.py
[2025-07-18T09:30:28.179+0700] {processor.py:830} INFO - Processing file /home/menglim/airflow_venv/lib/python3.12/site-packages/airflow/example_dags/plugins/event_listener.py for tasks to queue
[2025-07-18T09:30:28.180+0700] {logging_mixin.py:188} INFO - [2025-07-18T09:30:28.179+0700] {dagbag.py:545} INFO - Filling up the DagBag from /home/menglim/airflow_venv/lib/python3.12/site-packages/airflow/example_dags/plugins/event_listener.py
[2025-07-18T09:30:28.181+0700] {processor.py:842} WARNING - No viable dags retrieved from /home/menglim/airflow_venv/lib/python3.12/site-packages/airflow/example_dags/plugins/event_listener.py
[2025-07-18T09:30:28.187+0700] {processor.py:183} INFO - Processing /home/menglim/airflow_venv/lib/python3.12/site-packages/airflow/example_dags/plugins/event_listener.py took 0.013 seconds
[2025-07-18T09:31:22.324+0700] {processor.py:161} INFO - Started process (PID=7683) to work on /home/menglim/airflow_venv/lib/python3.12/site-packages/airflow/example_dags/plugins/event_listener.py
[2025-07-18T09:31:22.326+0700] {processor.py:830} INFO - Processing file /home/menglim/airflow_venv/lib/python3.12/site-packages/airflow/example_dags/plugins/event_listener.py for tasks to queue
[2025-07-18T09:31:22.327+0700] {logging_mixin.py:188} INFO - [2025-07-18T09:31:22.327+0700] {dagbag.py:545} INFO - Filling up the DagBag from /home/menglim/airflow_venv/lib/python3.12/site-packages/airflow/example_dags/plugins/event_listener.py
[2025-07-18T09:31:22.328+0700] {processor.py:842} WARNING - No viable dags retrieved from /home/menglim/airflow_venv/lib/python3.12/site-packages/airflow/example_dags/plugins/event_listener.py
[2025-07-18T09:31:22.334+0700] {processor.py:183} INFO - Processing /home/menglim/airflow_venv/lib/python3.12/site-packages/airflow/example_dags/plugins/event_listener.py took 0.014 seconds
[2025-07-18T09:32:11.267+0700] {processor.py:161} INFO - Started process (PID=7763) to work on /home/menglim/airflow_venv/lib/python3.12/site-packages/airflow/example_dags/plugins/event_listener.py
[2025-07-18T09:32:11.269+0700] {processor.py:830} INFO - Processing file /home/menglim/airflow_venv/lib/python3.12/site-packages/airflow/example_dags/plugins/event_listener.py for tasks to queue
[2025-07-18T09:32:11.269+0700] {logging_mixin.py:188} INFO - [2025-07-18T09:32:11.269+0700] {dagbag.py:545} INFO - Filling up the DagBag from /home/menglim/airflow_venv/lib/python3.12/site-packages/airflow/example_dags/plugins/event_listener.py
[2025-07-18T09:32:11.271+0700] {processor.py:842} WARNING - No viable dags retrieved from /home/menglim/airflow_venv/lib/python3.12/site-packages/airflow/example_dags/plugins/event_listener.py
[2025-07-18T09:32:11.279+0700] {processor.py:183} INFO - Processing /home/menglim/airflow_venv/lib/python3.12/site-packages/airflow/example_dags/plugins/event_listener.py took 0.017 seconds
[2025-07-18T09:33:04.368+0700] {processor.py:161} INFO - Started process (PID=7844) to work on /home/menglim/airflow_venv/lib/python3.12/site-packages/airflow/example_dags/plugins/event_listener.py
[2025-07-18T09:33:04.371+0700] {processor.py:830} INFO - Processing file /home/menglim/airflow_venv/lib/python3.12/site-packages/airflow/example_dags/plugins/event_listener.py for tasks to queue
[2025-07-18T09:33:04.371+0700] {logging_mixin.py:188} INFO - [2025-07-18T09:33:04.371+0700] {dagbag.py:545} INFO - Filling up the DagBag from /home/menglim/airflow_venv/lib/python3.12/site-packages/airflow/example_dags/plugins/event_listener.py
[2025-07-18T09:33:04.372+0700] {processor.py:842} WARNING - No viable dags retrieved from /home/menglim/airflow_venv/lib/python3.12/site-packages/airflow/example_dags/plugins/event_listener.py
[2025-07-18T09:33:04.378+0700] {processor.py:183} INFO - Processing /home/menglim/airflow_venv/lib/python3.12/site-packages/airflow/example_dags/plugins/event_listener.py took 0.013 seconds
[2025-07-18T09:33:52.391+0700] {processor.py:161} INFO - Started process (PID=7921) to work on /home/menglim/airflow_venv/lib/python3.12/site-packages/airflow/example_dags/plugins/event_listener.py
[2025-07-18T09:33:52.394+0700] {processor.py:830} INFO - Processing file /home/menglim/airflow_venv/lib/python3.12/site-packages/airflow/example_dags/plugins/event_listener.py for tasks to queue
[2025-07-18T09:33:52.394+0700] {logging_mixin.py:188} INFO - [2025-07-18T09:33:52.394+0700] {dagbag.py:545} INFO - Filling up the DagBag from /home/menglim/airflow_venv/lib/python3.12/site-packages/airflow/example_dags/plugins/event_listener.py
[2025-07-18T09:33:52.396+0700] {processor.py:842} WARNING - No viable dags retrieved from /home/menglim/airflow_venv/lib/python3.12/site-packages/airflow/example_dags/plugins/event_listener.py
[2025-07-18T09:33:52.402+0700] {processor.py:183} INFO - Processing /home/menglim/airflow_venv/lib/python3.12/site-packages/airflow/example_dags/plugins/event_listener.py took 0.014 seconds
[2025-07-18T09:34:47.221+0700] {processor.py:161} INFO - Started process (PID=8077) to work on /home/menglim/airflow_venv/lib/python3.12/site-packages/airflow/example_dags/plugins/event_listener.py
[2025-07-18T09:34:47.222+0700] {processor.py:830} INFO - Processing file /home/menglim/airflow_venv/lib/python3.12/site-packages/airflow/example_dags/plugins/event_listener.py for tasks to queue
[2025-07-18T09:34:47.223+0700] {logging_mixin.py:188} INFO - [2025-07-18T09:34:47.223+0700] {dagbag.py:545} INFO - Filling up the DagBag from /home/menglim/airflow_venv/lib/python3.12/site-packages/airflow/example_dags/plugins/event_listener.py
[2025-07-18T09:34:47.224+0700] {processor.py:842} WARNING - No viable dags retrieved from /home/menglim/airflow_venv/lib/python3.12/site-packages/airflow/example_dags/plugins/event_listener.py
[2025-07-18T09:34:47.232+0700] {processor.py:183} INFO - Processing /home/menglim/airflow_venv/lib/python3.12/site-packages/airflow/example_dags/plugins/event_listener.py took 0.014 seconds
[2025-07-18T09:35:35.287+0700] {processor.py:161} INFO - Started process (PID=8168) to work on /home/menglim/airflow_venv/lib/python3.12/site-packages/airflow/example_dags/plugins/event_listener.py
[2025-07-18T09:35:35.289+0700] {processor.py:830} INFO - Processing file /home/menglim/airflow_venv/lib/python3.12/site-packages/airflow/example_dags/plugins/event_listener.py for tasks to queue
[2025-07-18T09:35:35.290+0700] {logging_mixin.py:188} INFO - [2025-07-18T09:35:35.289+0700] {dagbag.py:545} INFO - Filling up the DagBag from /home/menglim/airflow_venv/lib/python3.12/site-packages/airflow/example_dags/plugins/event_listener.py
[2025-07-18T09:35:35.291+0700] {processor.py:842} WARNING - No viable dags retrieved from /home/menglim/airflow_venv/lib/python3.12/site-packages/airflow/example_dags/plugins/event_listener.py
[2025-07-18T09:35:35.307+0700] {processor.py:183} INFO - Processing /home/menglim/airflow_venv/lib/python3.12/site-packages/airflow/example_dags/plugins/event_listener.py took 0.029 seconds
[2025-07-18T09:36:28.844+0700] {processor.py:161} INFO - Started process (PID=8250) to work on /home/menglim/airflow_venv/lib/python3.12/site-packages/airflow/example_dags/plugins/event_listener.py
[2025-07-18T09:36:28.845+0700] {processor.py:830} INFO - Processing file /home/menglim/airflow_venv/lib/python3.12/site-packages/airflow/example_dags/plugins/event_listener.py for tasks to queue
[2025-07-18T09:36:28.845+0700] {logging_mixin.py:188} INFO - [2025-07-18T09:36:28.845+0700] {dagbag.py:545} INFO - Filling up the DagBag from /home/menglim/airflow_venv/lib/python3.12/site-packages/airflow/example_dags/plugins/event_listener.py
[2025-07-18T09:36:28.847+0700] {processor.py:842} WARNING - No viable dags retrieved from /home/menglim/airflow_venv/lib/python3.12/site-packages/airflow/example_dags/plugins/event_listener.py
[2025-07-18T09:36:28.853+0700] {processor.py:183} INFO - Processing /home/menglim/airflow_venv/lib/python3.12/site-packages/airflow/example_dags/plugins/event_listener.py took 0.013 seconds
[2025-07-18T09:37:35.722+0700] {processor.py:161} INFO - Started process (PID=8349) to work on /home/menglim/airflow_venv/lib/python3.12/site-packages/airflow/example_dags/plugins/event_listener.py
[2025-07-18T09:37:35.727+0700] {processor.py:830} INFO - Processing file /home/menglim/airflow_venv/lib/python3.12/site-packages/airflow/example_dags/plugins/event_listener.py for tasks to queue
[2025-07-18T09:37:35.729+0700] {logging_mixin.py:188} INFO - [2025-07-18T09:37:35.729+0700] {dagbag.py:545} INFO - Filling up the DagBag from /home/menglim/airflow_venv/lib/python3.12/site-packages/airflow/example_dags/plugins/event_listener.py
[2025-07-18T09:37:35.735+0700] {processor.py:842} WARNING - No viable dags retrieved from /home/menglim/airflow_venv/lib/python3.12/site-packages/airflow/example_dags/plugins/event_listener.py
[2025-07-18T09:37:35.760+0700] {processor.py:183} INFO - Processing /home/menglim/airflow_venv/lib/python3.12/site-packages/airflow/example_dags/plugins/event_listener.py took 0.050 seconds
