[2025-07-18T09:00:28.236+0700] {processor.py:161} INFO - Started process (PID=3012) to work on /home/menglim/airflow_venv/lib/python3.12/site-packages/airflow/example_dags/plugins/listener_plugin.py
[2025-07-18T09:00:28.236+0700] {processor.py:830} INFO - Processing file /home/menglim/airflow_venv/lib/python3.12/site-packages/airflow/example_dags/plugins/listener_plugin.py for tasks to queue
[2025-07-18T09:00:28.237+0700] {logging_mixin.py:188} INFO - [2025-07-18T09:00:28.237+0700] {dagbag.py:545} INFO - Filling up the DagBag from /home/menglim/airflow_venv/lib/python3.12/site-packages/airflow/example_dags/plugins/listener_plugin.py
[2025-07-18T09:00:28.238+0700] {processor.py:842} WARNING - No viable dags retrieved from /home/menglim/airflow_venv/lib/python3.12/site-packages/airflow/example_dags/plugins/listener_plugin.py
[2025-07-18T09:00:28.244+0700] {processor.py:183} INFO - Processing /home/menglim/airflow_venv/lib/python3.12/site-packages/airflow/example_dags/plugins/listener_plugin.py took 0.012 seconds
[2025-07-18T09:01:24.498+0700] {processor.py:161} INFO - Started process (PID=3348) to work on /home/menglim/airflow_venv/lib/python3.12/site-packages/airflow/example_dags/plugins/listener_plugin.py
[2025-07-18T09:01:24.500+0700] {processor.py:830} INFO - Processing file /home/menglim/airflow_venv/lib/python3.12/site-packages/airflow/example_dags/plugins/listener_plugin.py for tasks to queue
[2025-07-18T09:01:24.501+0700] {logging_mixin.py:188} INFO - [2025-07-18T09:01:24.501+0700] {dagbag.py:545} INFO - Filling up the DagBag from /home/menglim/airflow_venv/lib/python3.12/site-packages/airflow/example_dags/plugins/listener_plugin.py
[2025-07-18T09:01:24.503+0700] {processor.py:842} WARNING - No viable dags retrieved from /home/menglim/airflow_venv/lib/python3.12/site-packages/airflow/example_dags/plugins/listener_plugin.py
[2025-07-18T09:01:24.511+0700] {processor.py:183} INFO - Processing /home/menglim/airflow_venv/lib/python3.12/site-packages/airflow/example_dags/plugins/listener_plugin.py took 0.017 seconds
[2025-07-18T09:02:22.413+0700] {processor.py:161} INFO - Started process (PID=3494) to work on /home/menglim/airflow_venv/lib/python3.12/site-packages/airflow/example_dags/plugins/listener_plugin.py
[2025-07-18T09:02:22.415+0700] {processor.py:830} INFO - Processing file /home/menglim/airflow_venv/lib/python3.12/site-packages/airflow/example_dags/plugins/listener_plugin.py for tasks to queue
[2025-07-18T09:02:22.416+0700] {logging_mixin.py:188} INFO - [2025-07-18T09:02:22.416+0700] {dagbag.py:545} INFO - Filling up the DagBag from /home/menglim/airflow_venv/lib/python3.12/site-packages/airflow/example_dags/plugins/listener_plugin.py
[2025-07-18T09:02:22.418+0700] {processor.py:842} WARNING - No viable dags retrieved from /home/menglim/airflow_venv/lib/python3.12/site-packages/airflow/example_dags/plugins/listener_plugin.py
[2025-07-18T09:02:22.426+0700] {processor.py:183} INFO - Processing /home/menglim/airflow_venv/lib/python3.12/site-packages/airflow/example_dags/plugins/listener_plugin.py took 0.017 seconds
[2025-07-18T09:03:21.927+0700] {processor.py:161} INFO - Started process (PID=3632) to work on /home/menglim/airflow_venv/lib/python3.12/site-packages/airflow/example_dags/plugins/listener_plugin.py
[2025-07-18T09:03:21.928+0700] {processor.py:830} INFO - Processing file /home/menglim/airflow_venv/lib/python3.12/site-packages/airflow/example_dags/plugins/listener_plugin.py for tasks to queue
[2025-07-18T09:03:21.930+0700] {logging_mixin.py:188} INFO - [2025-07-18T09:03:21.930+0700] {dagbag.py:545} INFO - Filling up the DagBag from /home/menglim/airflow_venv/lib/python3.12/site-packages/airflow/example_dags/plugins/listener_plugin.py
[2025-07-18T09:03:21.933+0700] {processor.py:842} WARNING - No viable dags retrieved from /home/menglim/airflow_venv/lib/python3.12/site-packages/airflow/example_dags/plugins/listener_plugin.py
[2025-07-18T09:03:21.942+0700] {processor.py:183} INFO - Processing /home/menglim/airflow_venv/lib/python3.12/site-packages/airflow/example_dags/plugins/listener_plugin.py took 0.019 seconds
[2025-07-18T09:04:15.214+0700] {processor.py:161} INFO - Started process (PID=3728) to work on /home/menglim/airflow_venv/lib/python3.12/site-packages/airflow/example_dags/plugins/listener_plugin.py
[2025-07-18T09:04:15.215+0700] {processor.py:830} INFO - Processing file /home/menglim/airflow_venv/lib/python3.12/site-packages/airflow/example_dags/plugins/listener_plugin.py for tasks to queue
[2025-07-18T09:04:15.216+0700] {logging_mixin.py:188} INFO - [2025-07-18T09:04:15.216+0700] {dagbag.py:545} INFO - Filling up the DagBag from /home/menglim/airflow_venv/lib/python3.12/site-packages/airflow/example_dags/plugins/listener_plugin.py
[2025-07-18T09:04:15.218+0700] {processor.py:842} WARNING - No viable dags retrieved from /home/menglim/airflow_venv/lib/python3.12/site-packages/airflow/example_dags/plugins/listener_plugin.py
[2025-07-18T09:04:15.224+0700] {processor.py:183} INFO - Processing /home/menglim/airflow_venv/lib/python3.12/site-packages/airflow/example_dags/plugins/listener_plugin.py took 0.012 seconds
[2025-07-18T09:05:09.718+0700] {processor.py:161} INFO - Started process (PID=3848) to work on /home/menglim/airflow_venv/lib/python3.12/site-packages/airflow/example_dags/plugins/listener_plugin.py
[2025-07-18T09:05:09.720+0700] {processor.py:830} INFO - Processing file /home/menglim/airflow_venv/lib/python3.12/site-packages/airflow/example_dags/plugins/listener_plugin.py for tasks to queue
[2025-07-18T09:05:09.723+0700] {logging_mixin.py:188} INFO - [2025-07-18T09:05:09.723+0700] {dagbag.py:545} INFO - Filling up the DagBag from /home/menglim/airflow_venv/lib/python3.12/site-packages/airflow/example_dags/plugins/listener_plugin.py
[2025-07-18T09:05:09.726+0700] {processor.py:842} WARNING - No viable dags retrieved from /home/menglim/airflow_venv/lib/python3.12/site-packages/airflow/example_dags/plugins/listener_plugin.py
[2025-07-18T09:05:09.745+0700] {processor.py:183} INFO - Processing /home/menglim/airflow_venv/lib/python3.12/site-packages/airflow/example_dags/plugins/listener_plugin.py took 0.034 seconds
[2025-07-18T09:06:08.697+0700] {processor.py:161} INFO - Started process (PID=3928) to work on /home/menglim/airflow_venv/lib/python3.12/site-packages/airflow/example_dags/plugins/listener_plugin.py
[2025-07-18T09:06:08.700+0700] {processor.py:830} INFO - Processing file /home/menglim/airflow_venv/lib/python3.12/site-packages/airflow/example_dags/plugins/listener_plugin.py for tasks to queue
[2025-07-18T09:06:08.701+0700] {logging_mixin.py:188} INFO - [2025-07-18T09:06:08.700+0700] {dagbag.py:545} INFO - Filling up the DagBag from /home/menglim/airflow_venv/lib/python3.12/site-packages/airflow/example_dags/plugins/listener_plugin.py
[2025-07-18T09:06:08.703+0700] {processor.py:842} WARNING - No viable dags retrieved from /home/menglim/airflow_venv/lib/python3.12/site-packages/airflow/example_dags/plugins/listener_plugin.py
[2025-07-18T09:06:08.711+0700] {processor.py:183} INFO - Processing /home/menglim/airflow_venv/lib/python3.12/site-packages/airflow/example_dags/plugins/listener_plugin.py took 0.018 seconds
[2025-07-18T09:07:03.243+0700] {processor.py:161} INFO - Started process (PID=4043) to work on /home/menglim/airflow_venv/lib/python3.12/site-packages/airflow/example_dags/plugins/listener_plugin.py
[2025-07-18T09:07:03.244+0700] {processor.py:830} INFO - Processing file /home/menglim/airflow_venv/lib/python3.12/site-packages/airflow/example_dags/plugins/listener_plugin.py for tasks to queue
[2025-07-18T09:07:03.245+0700] {logging_mixin.py:188} INFO - [2025-07-18T09:07:03.245+0700] {dagbag.py:545} INFO - Filling up the DagBag from /home/menglim/airflow_venv/lib/python3.12/site-packages/airflow/example_dags/plugins/listener_plugin.py
[2025-07-18T09:07:03.246+0700] {processor.py:842} WARNING - No viable dags retrieved from /home/menglim/airflow_venv/lib/python3.12/site-packages/airflow/example_dags/plugins/listener_plugin.py
[2025-07-18T09:07:03.253+0700] {processor.py:183} INFO - Processing /home/menglim/airflow_venv/lib/python3.12/site-packages/airflow/example_dags/plugins/listener_plugin.py took 0.012 seconds
[2025-07-18T09:08:03.530+0700] {processor.py:161} INFO - Started process (PID=4149) to work on /home/menglim/airflow_venv/lib/python3.12/site-packages/airflow/example_dags/plugins/listener_plugin.py
[2025-07-18T09:08:03.533+0700] {processor.py:830} INFO - Processing file /home/menglim/airflow_venv/lib/python3.12/site-packages/airflow/example_dags/plugins/listener_plugin.py for tasks to queue
[2025-07-18T09:08:03.535+0700] {logging_mixin.py:188} INFO - [2025-07-18T09:08:03.534+0700] {dagbag.py:545} INFO - Filling up the DagBag from /home/menglim/airflow_venv/lib/python3.12/site-packages/airflow/example_dags/plugins/listener_plugin.py
[2025-07-18T09:08:03.540+0700] {processor.py:842} WARNING - No viable dags retrieved from /home/menglim/airflow_venv/lib/python3.12/site-packages/airflow/example_dags/plugins/listener_plugin.py
[2025-07-18T09:08:03.552+0700] {processor.py:183} INFO - Processing /home/menglim/airflow_venv/lib/python3.12/site-packages/airflow/example_dags/plugins/listener_plugin.py took 0.029 seconds
[2025-07-18T09:09:00.044+0700] {processor.py:161} INFO - Started process (PID=4254) to work on /home/menglim/airflow_venv/lib/python3.12/site-packages/airflow/example_dags/plugins/listener_plugin.py
[2025-07-18T09:09:00.045+0700] {processor.py:830} INFO - Processing file /home/menglim/airflow_venv/lib/python3.12/site-packages/airflow/example_dags/plugins/listener_plugin.py for tasks to queue
[2025-07-18T09:09:00.046+0700] {logging_mixin.py:188} INFO - [2025-07-18T09:09:00.045+0700] {dagbag.py:545} INFO - Filling up the DagBag from /home/menglim/airflow_venv/lib/python3.12/site-packages/airflow/example_dags/plugins/listener_plugin.py
[2025-07-18T09:09:00.047+0700] {processor.py:842} WARNING - No viable dags retrieved from /home/menglim/airflow_venv/lib/python3.12/site-packages/airflow/example_dags/plugins/listener_plugin.py
[2025-07-18T09:09:00.053+0700] {processor.py:183} INFO - Processing /home/menglim/airflow_venv/lib/python3.12/site-packages/airflow/example_dags/plugins/listener_plugin.py took 0.013 seconds
[2025-07-18T09:09:49.802+0700] {processor.py:161} INFO - Started process (PID=4348) to work on /home/menglim/airflow_venv/lib/python3.12/site-packages/airflow/example_dags/plugins/listener_plugin.py
[2025-07-18T09:09:49.804+0700] {processor.py:830} INFO - Processing file /home/menglim/airflow_venv/lib/python3.12/site-packages/airflow/example_dags/plugins/listener_plugin.py for tasks to queue
[2025-07-18T09:09:49.805+0700] {logging_mixin.py:188} INFO - [2025-07-18T09:09:49.805+0700] {dagbag.py:545} INFO - Filling up the DagBag from /home/menglim/airflow_venv/lib/python3.12/site-packages/airflow/example_dags/plugins/listener_plugin.py
[2025-07-18T09:09:49.806+0700] {processor.py:842} WARNING - No viable dags retrieved from /home/menglim/airflow_venv/lib/python3.12/site-packages/airflow/example_dags/plugins/listener_plugin.py
[2025-07-18T09:09:49.813+0700] {processor.py:183} INFO - Processing /home/menglim/airflow_venv/lib/python3.12/site-packages/airflow/example_dags/plugins/listener_plugin.py took 0.013 seconds
[2025-07-18T09:10:43.027+0700] {processor.py:161} INFO - Started process (PID=4437) to work on /home/menglim/airflow_venv/lib/python3.12/site-packages/airflow/example_dags/plugins/listener_plugin.py
[2025-07-18T09:10:43.028+0700] {processor.py:830} INFO - Processing file /home/menglim/airflow_venv/lib/python3.12/site-packages/airflow/example_dags/plugins/listener_plugin.py for tasks to queue
[2025-07-18T09:10:43.029+0700] {logging_mixin.py:188} INFO - [2025-07-18T09:10:43.029+0700] {dagbag.py:545} INFO - Filling up the DagBag from /home/menglim/airflow_venv/lib/python3.12/site-packages/airflow/example_dags/plugins/listener_plugin.py
[2025-07-18T09:10:43.031+0700] {processor.py:842} WARNING - No viable dags retrieved from /home/menglim/airflow_venv/lib/python3.12/site-packages/airflow/example_dags/plugins/listener_plugin.py
[2025-07-18T09:10:43.133+0700] {processor.py:183} INFO - Processing /home/menglim/airflow_venv/lib/python3.12/site-packages/airflow/example_dags/plugins/listener_plugin.py took 0.109 seconds
[2025-07-18T09:11:46.904+0700] {processor.py:161} INFO - Started process (PID=4594) to work on /home/menglim/airflow_venv/lib/python3.12/site-packages/airflow/example_dags/plugins/listener_plugin.py
[2025-07-18T09:11:46.905+0700] {processor.py:830} INFO - Processing file /home/menglim/airflow_venv/lib/python3.12/site-packages/airflow/example_dags/plugins/listener_plugin.py for tasks to queue
[2025-07-18T09:11:46.906+0700] {logging_mixin.py:188} INFO - [2025-07-18T09:11:46.906+0700] {dagbag.py:545} INFO - Filling up the DagBag from /home/menglim/airflow_venv/lib/python3.12/site-packages/airflow/example_dags/plugins/listener_plugin.py
[2025-07-18T09:11:46.908+0700] {processor.py:842} WARNING - No viable dags retrieved from /home/menglim/airflow_venv/lib/python3.12/site-packages/airflow/example_dags/plugins/listener_plugin.py
[2025-07-18T09:11:46.917+0700] {processor.py:183} INFO - Processing /home/menglim/airflow_venv/lib/python3.12/site-packages/airflow/example_dags/plugins/listener_plugin.py took 0.017 seconds
[2025-07-18T09:12:42.036+0700] {processor.py:161} INFO - Started process (PID=4677) to work on /home/menglim/airflow_venv/lib/python3.12/site-packages/airflow/example_dags/plugins/listener_plugin.py
[2025-07-18T09:12:42.039+0700] {processor.py:830} INFO - Processing file /home/menglim/airflow_venv/lib/python3.12/site-packages/airflow/example_dags/plugins/listener_plugin.py for tasks to queue
[2025-07-18T09:12:42.039+0700] {logging_mixin.py:188} INFO - [2025-07-18T09:12:42.039+0700] {dagbag.py:545} INFO - Filling up the DagBag from /home/menglim/airflow_venv/lib/python3.12/site-packages/airflow/example_dags/plugins/listener_plugin.py
[2025-07-18T09:12:42.041+0700] {processor.py:842} WARNING - No viable dags retrieved from /home/menglim/airflow_venv/lib/python3.12/site-packages/airflow/example_dags/plugins/listener_plugin.py
[2025-07-18T09:12:42.047+0700] {processor.py:183} INFO - Processing /home/menglim/airflow_venv/lib/python3.12/site-packages/airflow/example_dags/plugins/listener_plugin.py took 0.014 seconds
[2025-07-18T09:13:40.821+0700] {processor.py:161} INFO - Started process (PID=5247) to work on /home/menglim/airflow_venv/lib/python3.12/site-packages/airflow/example_dags/plugins/listener_plugin.py
[2025-07-18T09:13:40.822+0700] {processor.py:830} INFO - Processing file /home/menglim/airflow_venv/lib/python3.12/site-packages/airflow/example_dags/plugins/listener_plugin.py for tasks to queue
[2025-07-18T09:13:40.823+0700] {logging_mixin.py:188} INFO - [2025-07-18T09:13:40.822+0700] {dagbag.py:545} INFO - Filling up the DagBag from /home/menglim/airflow_venv/lib/python3.12/site-packages/airflow/example_dags/plugins/listener_plugin.py
[2025-07-18T09:13:40.825+0700] {processor.py:842} WARNING - No viable dags retrieved from /home/menglim/airflow_venv/lib/python3.12/site-packages/airflow/example_dags/plugins/listener_plugin.py
[2025-07-18T09:13:40.835+0700] {processor.py:183} INFO - Processing /home/menglim/airflow_venv/lib/python3.12/site-packages/airflow/example_dags/plugins/listener_plugin.py took 0.018 seconds
[2025-07-18T09:14:48.904+0700] {processor.py:161} INFO - Started process (PID=5406) to work on /home/menglim/airflow_venv/lib/python3.12/site-packages/airflow/example_dags/plugins/listener_plugin.py
[2025-07-18T09:14:48.904+0700] {processor.py:830} INFO - Processing file /home/menglim/airflow_venv/lib/python3.12/site-packages/airflow/example_dags/plugins/listener_plugin.py for tasks to queue
[2025-07-18T09:14:48.905+0700] {logging_mixin.py:188} INFO - [2025-07-18T09:14:48.905+0700] {dagbag.py:545} INFO - Filling up the DagBag from /home/menglim/airflow_venv/lib/python3.12/site-packages/airflow/example_dags/plugins/listener_plugin.py
[2025-07-18T09:14:48.906+0700] {processor.py:842} WARNING - No viable dags retrieved from /home/menglim/airflow_venv/lib/python3.12/site-packages/airflow/example_dags/plugins/listener_plugin.py
[2025-07-18T09:14:48.913+0700] {processor.py:183} INFO - Processing /home/menglim/airflow_venv/lib/python3.12/site-packages/airflow/example_dags/plugins/listener_plugin.py took 0.013 seconds
[2025-07-18T09:15:45.124+0700] {processor.py:161} INFO - Started process (PID=5519) to work on /home/menglim/airflow_venv/lib/python3.12/site-packages/airflow/example_dags/plugins/listener_plugin.py
[2025-07-18T09:15:45.125+0700] {processor.py:830} INFO - Processing file /home/menglim/airflow_venv/lib/python3.12/site-packages/airflow/example_dags/plugins/listener_plugin.py for tasks to queue
[2025-07-18T09:15:45.125+0700] {logging_mixin.py:188} INFO - [2025-07-18T09:15:45.125+0700] {dagbag.py:545} INFO - Filling up the DagBag from /home/menglim/airflow_venv/lib/python3.12/site-packages/airflow/example_dags/plugins/listener_plugin.py
[2025-07-18T09:15:45.127+0700] {processor.py:842} WARNING - No viable dags retrieved from /home/menglim/airflow_venv/lib/python3.12/site-packages/airflow/example_dags/plugins/listener_plugin.py
[2025-07-18T09:15:45.134+0700] {processor.py:183} INFO - Processing /home/menglim/airflow_venv/lib/python3.12/site-packages/airflow/example_dags/plugins/listener_plugin.py took 0.013 seconds
[2025-07-18T09:17:19.282+0700] {processor.py:161} INFO - Started process (PID=5811) to work on /home/menglim/airflow_venv/lib/python3.12/site-packages/airflow/example_dags/plugins/listener_plugin.py
[2025-07-18T09:17:19.283+0700] {processor.py:830} INFO - Processing file /home/menglim/airflow_venv/lib/python3.12/site-packages/airflow/example_dags/plugins/listener_plugin.py for tasks to queue
[2025-07-18T09:17:19.283+0700] {logging_mixin.py:188} INFO - [2025-07-18T09:17:19.283+0700] {dagbag.py:545} INFO - Filling up the DagBag from /home/menglim/airflow_venv/lib/python3.12/site-packages/airflow/example_dags/plugins/listener_plugin.py
[2025-07-18T09:17:19.285+0700] {processor.py:842} WARNING - No viable dags retrieved from /home/menglim/airflow_venv/lib/python3.12/site-packages/airflow/example_dags/plugins/listener_plugin.py
[2025-07-18T09:17:19.292+0700] {processor.py:183} INFO - Processing /home/menglim/airflow_venv/lib/python3.12/site-packages/airflow/example_dags/plugins/listener_plugin.py took 0.013 seconds
[2025-07-18T09:18:20.671+0700] {processor.py:161} INFO - Started process (PID=5928) to work on /home/menglim/airflow_venv/lib/python3.12/site-packages/airflow/example_dags/plugins/listener_plugin.py
[2025-07-18T09:18:20.674+0700] {processor.py:830} INFO - Processing file /home/menglim/airflow_venv/lib/python3.12/site-packages/airflow/example_dags/plugins/listener_plugin.py for tasks to queue
[2025-07-18T09:18:20.676+0700] {logging_mixin.py:188} INFO - [2025-07-18T09:18:20.675+0700] {dagbag.py:545} INFO - Filling up the DagBag from /home/menglim/airflow_venv/lib/python3.12/site-packages/airflow/example_dags/plugins/listener_plugin.py
[2025-07-18T09:18:20.682+0700] {processor.py:842} WARNING - No viable dags retrieved from /home/menglim/airflow_venv/lib/python3.12/site-packages/airflow/example_dags/plugins/listener_plugin.py
[2025-07-18T09:18:20.701+0700] {processor.py:183} INFO - Processing /home/menglim/airflow_venv/lib/python3.12/site-packages/airflow/example_dags/plugins/listener_plugin.py took 0.039 seconds
[2025-07-18T09:19:37.831+0700] {processor.py:161} INFO - Started process (PID=6099) to work on /home/menglim/airflow_venv/lib/python3.12/site-packages/airflow/example_dags/plugins/listener_plugin.py
[2025-07-18T09:19:37.832+0700] {processor.py:830} INFO - Processing file /home/menglim/airflow_venv/lib/python3.12/site-packages/airflow/example_dags/plugins/listener_plugin.py for tasks to queue
[2025-07-18T09:19:37.833+0700] {logging_mixin.py:188} INFO - [2025-07-18T09:19:37.832+0700] {dagbag.py:545} INFO - Filling up the DagBag from /home/menglim/airflow_venv/lib/python3.12/site-packages/airflow/example_dags/plugins/listener_plugin.py
[2025-07-18T09:19:37.835+0700] {processor.py:842} WARNING - No viable dags retrieved from /home/menglim/airflow_venv/lib/python3.12/site-packages/airflow/example_dags/plugins/listener_plugin.py
[2025-07-18T09:19:37.843+0700] {processor.py:183} INFO - Processing /home/menglim/airflow_venv/lib/python3.12/site-packages/airflow/example_dags/plugins/listener_plugin.py took 0.017 seconds
[2025-07-18T09:20:32.928+0700] {processor.py:161} INFO - Started process (PID=6219) to work on /home/menglim/airflow_venv/lib/python3.12/site-packages/airflow/example_dags/plugins/listener_plugin.py
[2025-07-18T09:20:32.929+0700] {processor.py:830} INFO - Processing file /home/menglim/airflow_venv/lib/python3.12/site-packages/airflow/example_dags/plugins/listener_plugin.py for tasks to queue
[2025-07-18T09:20:32.930+0700] {logging_mixin.py:188} INFO - [2025-07-18T09:20:32.929+0700] {dagbag.py:545} INFO - Filling up the DagBag from /home/menglim/airflow_venv/lib/python3.12/site-packages/airflow/example_dags/plugins/listener_plugin.py
[2025-07-18T09:20:32.932+0700] {processor.py:842} WARNING - No viable dags retrieved from /home/menglim/airflow_venv/lib/python3.12/site-packages/airflow/example_dags/plugins/listener_plugin.py
[2025-07-18T09:20:32.942+0700] {processor.py:183} INFO - Processing /home/menglim/airflow_venv/lib/python3.12/site-packages/airflow/example_dags/plugins/listener_plugin.py took 0.020 seconds
[2025-07-18T09:21:52.895+0700] {processor.py:161} INFO - Started process (PID=6447) to work on /home/menglim/airflow_venv/lib/python3.12/site-packages/airflow/example_dags/plugins/listener_plugin.py
[2025-07-18T09:21:52.897+0700] {processor.py:830} INFO - Processing file /home/menglim/airflow_venv/lib/python3.12/site-packages/airflow/example_dags/plugins/listener_plugin.py for tasks to queue
[2025-07-18T09:21:52.898+0700] {logging_mixin.py:188} INFO - [2025-07-18T09:21:52.898+0700] {dagbag.py:545} INFO - Filling up the DagBag from /home/menglim/airflow_venv/lib/python3.12/site-packages/airflow/example_dags/plugins/listener_plugin.py
[2025-07-18T09:21:52.899+0700] {processor.py:842} WARNING - No viable dags retrieved from /home/menglim/airflow_venv/lib/python3.12/site-packages/airflow/example_dags/plugins/listener_plugin.py
[2025-07-18T09:21:52.906+0700] {processor.py:183} INFO - Processing /home/menglim/airflow_venv/lib/python3.12/site-packages/airflow/example_dags/plugins/listener_plugin.py took 0.015 seconds
[2025-07-18T09:23:02.788+0700] {processor.py:161} INFO - Started process (PID=6657) to work on /home/menglim/airflow_venv/lib/python3.12/site-packages/airflow/example_dags/plugins/listener_plugin.py
[2025-07-18T09:23:02.791+0700] {processor.py:830} INFO - Processing file /home/menglim/airflow_venv/lib/python3.12/site-packages/airflow/example_dags/plugins/listener_plugin.py for tasks to queue
[2025-07-18T09:23:02.791+0700] {logging_mixin.py:188} INFO - [2025-07-18T09:23:02.791+0700] {dagbag.py:545} INFO - Filling up the DagBag from /home/menglim/airflow_venv/lib/python3.12/site-packages/airflow/example_dags/plugins/listener_plugin.py
[2025-07-18T09:23:02.793+0700] {processor.py:842} WARNING - No viable dags retrieved from /home/menglim/airflow_venv/lib/python3.12/site-packages/airflow/example_dags/plugins/listener_plugin.py
[2025-07-18T09:23:02.799+0700] {processor.py:183} INFO - Processing /home/menglim/airflow_venv/lib/python3.12/site-packages/airflow/example_dags/plugins/listener_plugin.py took 0.015 seconds
[2025-07-18T09:24:22.874+0700] {processor.py:161} INFO - Started process (PID=6897) to work on /home/menglim/airflow_venv/lib/python3.12/site-packages/airflow/example_dags/plugins/listener_plugin.py
[2025-07-18T09:24:22.876+0700] {processor.py:830} INFO - Processing file /home/menglim/airflow_venv/lib/python3.12/site-packages/airflow/example_dags/plugins/listener_plugin.py for tasks to queue
[2025-07-18T09:24:22.876+0700] {logging_mixin.py:188} INFO - [2025-07-18T09:24:22.876+0700] {dagbag.py:545} INFO - Filling up the DagBag from /home/menglim/airflow_venv/lib/python3.12/site-packages/airflow/example_dags/plugins/listener_plugin.py
[2025-07-18T09:24:22.878+0700] {processor.py:842} WARNING - No viable dags retrieved from /home/menglim/airflow_venv/lib/python3.12/site-packages/airflow/example_dags/plugins/listener_plugin.py
[2025-07-18T09:24:22.884+0700] {processor.py:183} INFO - Processing /home/menglim/airflow_venv/lib/python3.12/site-packages/airflow/example_dags/plugins/listener_plugin.py took 0.014 seconds
[2025-07-18T09:25:23.158+0700] {processor.py:161} INFO - Started process (PID=7017) to work on /home/menglim/airflow_venv/lib/python3.12/site-packages/airflow/example_dags/plugins/listener_plugin.py
[2025-07-18T09:25:23.160+0700] {processor.py:830} INFO - Processing file /home/menglim/airflow_venv/lib/python3.12/site-packages/airflow/example_dags/plugins/listener_plugin.py for tasks to queue
[2025-07-18T09:25:23.160+0700] {logging_mixin.py:188} INFO - [2025-07-18T09:25:23.160+0700] {dagbag.py:545} INFO - Filling up the DagBag from /home/menglim/airflow_venv/lib/python3.12/site-packages/airflow/example_dags/plugins/listener_plugin.py
[2025-07-18T09:25:23.162+0700] {processor.py:842} WARNING - No viable dags retrieved from /home/menglim/airflow_venv/lib/python3.12/site-packages/airflow/example_dags/plugins/listener_plugin.py
[2025-07-18T09:25:23.170+0700] {processor.py:183} INFO - Processing /home/menglim/airflow_venv/lib/python3.12/site-packages/airflow/example_dags/plugins/listener_plugin.py took 0.016 seconds
[2025-07-18T09:26:25.762+0700] {processor.py:161} INFO - Started process (PID=7189) to work on /home/menglim/airflow_venv/lib/python3.12/site-packages/airflow/example_dags/plugins/listener_plugin.py
[2025-07-18T09:26:25.763+0700] {processor.py:830} INFO - Processing file /home/menglim/airflow_venv/lib/python3.12/site-packages/airflow/example_dags/plugins/listener_plugin.py for tasks to queue
[2025-07-18T09:26:25.764+0700] {logging_mixin.py:188} INFO - [2025-07-18T09:26:25.764+0700] {dagbag.py:545} INFO - Filling up the DagBag from /home/menglim/airflow_venv/lib/python3.12/site-packages/airflow/example_dags/plugins/listener_plugin.py
[2025-07-18T09:26:25.765+0700] {processor.py:842} WARNING - No viable dags retrieved from /home/menglim/airflow_venv/lib/python3.12/site-packages/airflow/example_dags/plugins/listener_plugin.py
[2025-07-18T09:26:25.771+0700] {processor.py:183} INFO - Processing /home/menglim/airflow_venv/lib/python3.12/site-packages/airflow/example_dags/plugins/listener_plugin.py took 0.013 seconds
[2025-07-18T09:27:26.350+0700] {processor.py:161} INFO - Started process (PID=7324) to work on /home/menglim/airflow_venv/lib/python3.12/site-packages/airflow/example_dags/plugins/listener_plugin.py
[2025-07-18T09:27:26.352+0700] {processor.py:830} INFO - Processing file /home/menglim/airflow_venv/lib/python3.12/site-packages/airflow/example_dags/plugins/listener_plugin.py for tasks to queue
[2025-07-18T09:27:26.353+0700] {logging_mixin.py:188} INFO - [2025-07-18T09:27:26.353+0700] {dagbag.py:545} INFO - Filling up the DagBag from /home/menglim/airflow_venv/lib/python3.12/site-packages/airflow/example_dags/plugins/listener_plugin.py
[2025-07-18T09:27:26.354+0700] {processor.py:842} WARNING - No viable dags retrieved from /home/menglim/airflow_venv/lib/python3.12/site-packages/airflow/example_dags/plugins/listener_plugin.py
[2025-07-18T09:27:26.360+0700] {processor.py:183} INFO - Processing /home/menglim/airflow_venv/lib/python3.12/site-packages/airflow/example_dags/plugins/listener_plugin.py took 0.015 seconds
[2025-07-18T09:28:33.605+0700] {processor.py:161} INFO - Started process (PID=7410) to work on /home/menglim/airflow_venv/lib/python3.12/site-packages/airflow/example_dags/plugins/listener_plugin.py
[2025-07-18T09:28:33.608+0700] {processor.py:830} INFO - Processing file /home/menglim/airflow_venv/lib/python3.12/site-packages/airflow/example_dags/plugins/listener_plugin.py for tasks to queue
[2025-07-18T09:28:33.609+0700] {logging_mixin.py:188} INFO - [2025-07-18T09:28:33.608+0700] {dagbag.py:545} INFO - Filling up the DagBag from /home/menglim/airflow_venv/lib/python3.12/site-packages/airflow/example_dags/plugins/listener_plugin.py
[2025-07-18T09:28:33.610+0700] {processor.py:842} WARNING - No viable dags retrieved from /home/menglim/airflow_venv/lib/python3.12/site-packages/airflow/example_dags/plugins/listener_plugin.py
[2025-07-18T09:28:33.618+0700] {processor.py:183} INFO - Processing /home/menglim/airflow_venv/lib/python3.12/site-packages/airflow/example_dags/plugins/listener_plugin.py took 0.016 seconds
[2025-07-18T09:29:28.999+0700] {processor.py:161} INFO - Started process (PID=7516) to work on /home/menglim/airflow_venv/lib/python3.12/site-packages/airflow/example_dags/plugins/listener_plugin.py
[2025-07-18T09:29:29.000+0700] {processor.py:830} INFO - Processing file /home/menglim/airflow_venv/lib/python3.12/site-packages/airflow/example_dags/plugins/listener_plugin.py for tasks to queue
[2025-07-18T09:29:29.001+0700] {logging_mixin.py:188} INFO - [2025-07-18T09:29:29.001+0700] {dagbag.py:545} INFO - Filling up the DagBag from /home/menglim/airflow_venv/lib/python3.12/site-packages/airflow/example_dags/plugins/listener_plugin.py
[2025-07-18T09:29:29.002+0700] {processor.py:842} WARNING - No viable dags retrieved from /home/menglim/airflow_venv/lib/python3.12/site-packages/airflow/example_dags/plugins/listener_plugin.py
[2025-07-18T09:29:29.009+0700] {processor.py:183} INFO - Processing /home/menglim/airflow_venv/lib/python3.12/site-packages/airflow/example_dags/plugins/listener_plugin.py took 0.013 seconds
[2025-07-18T09:30:29.599+0700] {processor.py:161} INFO - Started process (PID=7622) to work on /home/menglim/airflow_venv/lib/python3.12/site-packages/airflow/example_dags/plugins/listener_plugin.py
[2025-07-18T09:30:29.602+0700] {processor.py:830} INFO - Processing file /home/menglim/airflow_venv/lib/python3.12/site-packages/airflow/example_dags/plugins/listener_plugin.py for tasks to queue
[2025-07-18T09:30:29.603+0700] {logging_mixin.py:188} INFO - [2025-07-18T09:30:29.602+0700] {dagbag.py:545} INFO - Filling up the DagBag from /home/menglim/airflow_venv/lib/python3.12/site-packages/airflow/example_dags/plugins/listener_plugin.py
[2025-07-18T09:30:29.605+0700] {processor.py:842} WARNING - No viable dags retrieved from /home/menglim/airflow_venv/lib/python3.12/site-packages/airflow/example_dags/plugins/listener_plugin.py
[2025-07-18T09:30:29.611+0700] {processor.py:183} INFO - Processing /home/menglim/airflow_venv/lib/python3.12/site-packages/airflow/example_dags/plugins/listener_plugin.py took 0.016 seconds
[2025-07-18T09:31:24.172+0700] {processor.py:161} INFO - Started process (PID=7700) to work on /home/menglim/airflow_venv/lib/python3.12/site-packages/airflow/example_dags/plugins/listener_plugin.py
[2025-07-18T09:31:24.175+0700] {processor.py:830} INFO - Processing file /home/menglim/airflow_venv/lib/python3.12/site-packages/airflow/example_dags/plugins/listener_plugin.py for tasks to queue
[2025-07-18T09:31:24.175+0700] {logging_mixin.py:188} INFO - [2025-07-18T09:31:24.175+0700] {dagbag.py:545} INFO - Filling up the DagBag from /home/menglim/airflow_venv/lib/python3.12/site-packages/airflow/example_dags/plugins/listener_plugin.py
[2025-07-18T09:31:24.177+0700] {processor.py:842} WARNING - No viable dags retrieved from /home/menglim/airflow_venv/lib/python3.12/site-packages/airflow/example_dags/plugins/listener_plugin.py
[2025-07-18T09:31:24.183+0700] {processor.py:183} INFO - Processing /home/menglim/airflow_venv/lib/python3.12/site-packages/airflow/example_dags/plugins/listener_plugin.py took 0.014 seconds
[2025-07-18T09:32:13.440+0700] {processor.py:161} INFO - Started process (PID=7780) to work on /home/menglim/airflow_venv/lib/python3.12/site-packages/airflow/example_dags/plugins/listener_plugin.py
[2025-07-18T09:32:13.441+0700] {processor.py:830} INFO - Processing file /home/menglim/airflow_venv/lib/python3.12/site-packages/airflow/example_dags/plugins/listener_plugin.py for tasks to queue
[2025-07-18T09:32:13.442+0700] {logging_mixin.py:188} INFO - [2025-07-18T09:32:13.441+0700] {dagbag.py:545} INFO - Filling up the DagBag from /home/menglim/airflow_venv/lib/python3.12/site-packages/airflow/example_dags/plugins/listener_plugin.py
[2025-07-18T09:32:13.444+0700] {processor.py:842} WARNING - No viable dags retrieved from /home/menglim/airflow_venv/lib/python3.12/site-packages/airflow/example_dags/plugins/listener_plugin.py
[2025-07-18T09:32:13.451+0700] {processor.py:183} INFO - Processing /home/menglim/airflow_venv/lib/python3.12/site-packages/airflow/example_dags/plugins/listener_plugin.py took 0.016 seconds
[2025-07-18T09:33:06.744+0700] {processor.py:161} INFO - Started process (PID=7861) to work on /home/menglim/airflow_venv/lib/python3.12/site-packages/airflow/example_dags/plugins/listener_plugin.py
[2025-07-18T09:33:06.746+0700] {processor.py:830} INFO - Processing file /home/menglim/airflow_venv/lib/python3.12/site-packages/airflow/example_dags/plugins/listener_plugin.py for tasks to queue
[2025-07-18T09:33:06.747+0700] {logging_mixin.py:188} INFO - [2025-07-18T09:33:06.747+0700] {dagbag.py:545} INFO - Filling up the DagBag from /home/menglim/airflow_venv/lib/python3.12/site-packages/airflow/example_dags/plugins/listener_plugin.py
[2025-07-18T09:33:06.748+0700] {processor.py:842} WARNING - No viable dags retrieved from /home/menglim/airflow_venv/lib/python3.12/site-packages/airflow/example_dags/plugins/listener_plugin.py
[2025-07-18T09:33:06.754+0700] {processor.py:183} INFO - Processing /home/menglim/airflow_venv/lib/python3.12/site-packages/airflow/example_dags/plugins/listener_plugin.py took 0.014 seconds
[2025-07-18T09:33:54.758+0700] {processor.py:161} INFO - Started process (PID=7938) to work on /home/menglim/airflow_venv/lib/python3.12/site-packages/airflow/example_dags/plugins/listener_plugin.py
[2025-07-18T09:33:54.758+0700] {processor.py:830} INFO - Processing file /home/menglim/airflow_venv/lib/python3.12/site-packages/airflow/example_dags/plugins/listener_plugin.py for tasks to queue
[2025-07-18T09:33:54.759+0700] {logging_mixin.py:188} INFO - [2025-07-18T09:33:54.759+0700] {dagbag.py:545} INFO - Filling up the DagBag from /home/menglim/airflow_venv/lib/python3.12/site-packages/airflow/example_dags/plugins/listener_plugin.py
[2025-07-18T09:33:54.760+0700] {processor.py:842} WARNING - No viable dags retrieved from /home/menglim/airflow_venv/lib/python3.12/site-packages/airflow/example_dags/plugins/listener_plugin.py
[2025-07-18T09:33:54.767+0700] {processor.py:183} INFO - Processing /home/menglim/airflow_venv/lib/python3.12/site-packages/airflow/example_dags/plugins/listener_plugin.py took 0.013 seconds
[2025-07-18T09:34:48.721+0700] {processor.py:161} INFO - Started process (PID=8094) to work on /home/menglim/airflow_venv/lib/python3.12/site-packages/airflow/example_dags/plugins/listener_plugin.py
[2025-07-18T09:34:48.722+0700] {processor.py:830} INFO - Processing file /home/menglim/airflow_venv/lib/python3.12/site-packages/airflow/example_dags/plugins/listener_plugin.py for tasks to queue
[2025-07-18T09:34:48.723+0700] {logging_mixin.py:188} INFO - [2025-07-18T09:34:48.723+0700] {dagbag.py:545} INFO - Filling up the DagBag from /home/menglim/airflow_venv/lib/python3.12/site-packages/airflow/example_dags/plugins/listener_plugin.py
[2025-07-18T09:34:48.724+0700] {processor.py:842} WARNING - No viable dags retrieved from /home/menglim/airflow_venv/lib/python3.12/site-packages/airflow/example_dags/plugins/listener_plugin.py
[2025-07-18T09:34:48.731+0700] {processor.py:183} INFO - Processing /home/menglim/airflow_venv/lib/python3.12/site-packages/airflow/example_dags/plugins/listener_plugin.py took 0.014 seconds
[2025-07-18T09:35:37.024+0700] {processor.py:161} INFO - Started process (PID=8185) to work on /home/menglim/airflow_venv/lib/python3.12/site-packages/airflow/example_dags/plugins/listener_plugin.py
[2025-07-18T09:35:37.025+0700] {processor.py:830} INFO - Processing file /home/menglim/airflow_venv/lib/python3.12/site-packages/airflow/example_dags/plugins/listener_plugin.py for tasks to queue
[2025-07-18T09:35:37.026+0700] {logging_mixin.py:188} INFO - [2025-07-18T09:35:37.026+0700] {dagbag.py:545} INFO - Filling up the DagBag from /home/menglim/airflow_venv/lib/python3.12/site-packages/airflow/example_dags/plugins/listener_plugin.py
[2025-07-18T09:35:37.028+0700] {processor.py:842} WARNING - No viable dags retrieved from /home/menglim/airflow_venv/lib/python3.12/site-packages/airflow/example_dags/plugins/listener_plugin.py
[2025-07-18T09:35:37.039+0700] {processor.py:183} INFO - Processing /home/menglim/airflow_venv/lib/python3.12/site-packages/airflow/example_dags/plugins/listener_plugin.py took 0.022 seconds
[2025-07-18T09:36:30.930+0700] {processor.py:161} INFO - Started process (PID=8267) to work on /home/menglim/airflow_venv/lib/python3.12/site-packages/airflow/example_dags/plugins/listener_plugin.py
[2025-07-18T09:36:30.932+0700] {processor.py:830} INFO - Processing file /home/menglim/airflow_venv/lib/python3.12/site-packages/airflow/example_dags/plugins/listener_plugin.py for tasks to queue
[2025-07-18T09:36:30.932+0700] {logging_mixin.py:188} INFO - [2025-07-18T09:36:30.932+0700] {dagbag.py:545} INFO - Filling up the DagBag from /home/menglim/airflow_venv/lib/python3.12/site-packages/airflow/example_dags/plugins/listener_plugin.py
[2025-07-18T09:36:30.934+0700] {processor.py:842} WARNING - No viable dags retrieved from /home/menglim/airflow_venv/lib/python3.12/site-packages/airflow/example_dags/plugins/listener_plugin.py
[2025-07-18T09:36:30.940+0700] {processor.py:183} INFO - Processing /home/menglim/airflow_venv/lib/python3.12/site-packages/airflow/example_dags/plugins/listener_plugin.py took 0.014 seconds
[2025-07-18T09:37:38.460+0700] {processor.py:161} INFO - Started process (PID=8366) to work on /home/menglim/airflow_venv/lib/python3.12/site-packages/airflow/example_dags/plugins/listener_plugin.py
[2025-07-18T09:37:38.464+0700] {processor.py:830} INFO - Processing file /home/menglim/airflow_venv/lib/python3.12/site-packages/airflow/example_dags/plugins/listener_plugin.py for tasks to queue
[2025-07-18T09:37:38.467+0700] {logging_mixin.py:188} INFO - [2025-07-18T09:37:38.466+0700] {dagbag.py:545} INFO - Filling up the DagBag from /home/menglim/airflow_venv/lib/python3.12/site-packages/airflow/example_dags/plugins/listener_plugin.py
[2025-07-18T09:37:38.471+0700] {processor.py:842} WARNING - No viable dags retrieved from /home/menglim/airflow_venv/lib/python3.12/site-packages/airflow/example_dags/plugins/listener_plugin.py
[2025-07-18T09:37:38.491+0700] {processor.py:183} INFO - Processing /home/menglim/airflow_venv/lib/python3.12/site-packages/airflow/example_dags/plugins/listener_plugin.py took 0.041 seconds
