[2025-07-17T14:50:11.346+0700] {local_task_job_runner.py:120} INFO - ::group::Pre task execution logs
[2025-07-17T14:50:11.353+0700] {taskinstance.py:2076} INFO - Dependencies all met for dep_context=non-requeueable deps ti=<TaskInstance: weather_dag.extract_weather_data manual__2025-07-17T07:50:05.639195+00:00 [queued]>
[2025-07-17T14:50:11.356+0700] {taskinstance.py:2076} INFO - Dependencies all met for dep_context=requeueable deps ti=<TaskInstance: weather_dag.extract_weather_data manual__2025-07-17T07:50:05.639195+00:00 [queued]>
[2025-07-17T14:50:11.356+0700] {taskinstance.py:2306} INFO - Starting attempt 1 of 3
[2025-07-17T14:50:11.380+0700] {taskinstance.py:2330} INFO - Executing <Task(SimpleHttpOperator): extract_weather_data> on 2025-07-17 07:50:05.639195+00:00
[2025-07-17T14:50:11.384+0700] {standard_task_runner.py:63} INFO - Started process 9561 to run task
[2025-07-17T14:50:11.394+0700] {standard_task_runner.py:90} INFO - Running: ['airflow', 'tasks', 'run', 'weather_dag', 'extract_weather_data', 'manual__2025-07-17T07:50:05.639195+00:00', '--job-id', '26', '--raw', '--subdir', 'DAGS_FOLDER/weather_dag.py', '--cfg-path', '/tmp/tmp_hjtr76h']
[2025-07-17T14:50:11.395+0700] {standard_task_runner.py:91} INFO - Job 26: Subtask extract_weather_data
[2025-07-17T14:50:11.438+0700] {task_command.py:426} INFO - Running <TaskInstance: weather_dag.extract_weather_data manual__2025-07-17T07:50:05.639195+00:00 [running]> on host MSI.
[2025-07-17T14:50:11.508+0700] {taskinstance.py:2648} INFO - Exporting env vars: AIRFLOW_CTX_DAG_EMAIL='menglimchea@gmail.com' AIRFLOW_CTX_DAG_OWNER='airflow' AIRFLOW_CTX_DAG_ID='weather_dag' AIRFLOW_CTX_TASK_ID='extract_weather_data' AIRFLOW_CTX_EXECUTION_DATE='2025-07-17T07:50:05.639195+00:00' AIRFLOW_CTX_TRY_NUMBER='1' AIRFLOW_CTX_DAG_RUN_ID='manual__2025-07-17T07:50:05.639195+00:00'
[2025-07-17T14:50:11.509+0700] {taskinstance.py:430} INFO - ::endgroup::
[2025-07-17T14:50:11.509+0700] {http.py:169} INFO - Calling HTTP method
[2025-07-17T14:50:11.511+0700] {base.py:84} INFO - Using connection ID 'weathermap_api' for task execution.
[2025-07-17T14:50:11.513+0700] {base.py:84} INFO - Using connection ID 'weathermap_api' for task execution.
[2025-07-17T14:50:11.723+0700] {http.py:208} INFO - {"coord":{"lon":104.916,"lat":11.5625},"weather":[{"id":803,"main":"Clouds","description":"broken clouds","icon":"04d"}],"base":"stations","main":{"temp":306.93,"feels_like":313.93,"temp_min":306.93,"temp_max":306.93,"pressure":1004,"humidity":62,"sea_level":1004,"grnd_level":1003},"visibility":10000,"wind":{"speed":6.48,"deg":227,"gust":7.12},"clouds":{"all":65},"dt":1752738322,"sys":{"country":"KH","sunrise":1752705863,"sunset":1752751688},"timezone":25200,"id":1821306,"name":"Phnom Penh","cod":200}
[2025-07-17T14:50:11.724+0700] {taskinstance.py:441} INFO - ::group::Post task execution logs
[2025-07-17T14:50:11.747+0700] {taskinstance.py:1206} INFO - Marking task as SUCCESS. dag_id=weather_dag, task_id=extract_weather_data, run_id=manual__2025-07-17T07:50:05.639195+00:00, execution_date=20250717T075005, start_date=20250717T075011, end_date=20250717T075011
[2025-07-17T14:50:11.799+0700] {local_task_job_runner.py:240} INFO - Task exited with return code 0
[2025-07-17T14:50:11.805+0700] {logging_mixin.py:188} WARNING - /home/menglim/airflow_venv/lib/python3.12/site-packages/airflow/models/baseoperator.py:1296 AirflowProviderDeprecationWarning: Call to deprecated class SimpleHttpOperator. (Class `SimpleHttpOperator` is deprecated and will be removed in a future release. Please use `HttpOperator` instead.)
[2025-07-17T14:50:11.809+0700] {taskinstance.py:3498} INFO - 1 downstream tasks scheduled from follow-on schedule check
[2025-07-17T14:50:11.826+0700] {local_task_job_runner.py:222} INFO - ::endgroup::
