[2025-07-17T15:35:31.367+0700] {local_task_job_runner.py:120} INFO - ::group::Pre task execution logs
[2025-07-17T15:35:31.371+0700] {taskinstance.py:2076} INFO - Dependencies all met for dep_context=non-requeueable deps ti=<TaskInstance: weather_dag.is_weather_api_ready manual__2025-07-17T08:35:28.304420+00:00 [queued]>
[2025-07-17T15:35:31.374+0700] {taskinstance.py:2076} INFO - Dependencies all met for dep_context=requeueable deps ti=<TaskInstance: weather_dag.is_weather_api_ready manual__2025-07-17T08:35:28.304420+00:00 [queued]>
[2025-07-17T15:35:31.374+0700] {taskinstance.py:2306} INFO - Starting attempt 1 of 3
[2025-07-17T15:35:31.398+0700] {taskinstance.py:2330} INFO - Executing <Task(HttpSensor): is_weather_api_ready> on 2025-07-17 08:35:28.304420+00:00
[2025-07-17T15:35:31.402+0700] {standard_task_runner.py:63} INFO - Started process 16228 to run task
[2025-07-17T15:35:31.404+0700] {standard_task_runner.py:90} INFO - Running: ['airflow', 'tasks', 'run', 'weather_dag', 'is_weather_api_ready', 'manual__2025-07-17T08:35:28.304420+00:00', '--job-id', '43', '--raw', '--subdir', 'DAGS_FOLDER/weather_dag.py', '--cfg-path', '/tmp/tmpt8w37x6u']
[2025-07-17T15:35:31.404+0700] {standard_task_runner.py:91} INFO - Job 43: Subtask is_weather_api_ready
[2025-07-17T15:35:31.447+0700] {task_command.py:426} INFO - Running <TaskInstance: weather_dag.is_weather_api_ready manual__2025-07-17T08:35:28.304420+00:00 [running]> on host MSI.
[2025-07-17T15:35:31.570+0700] {taskinstance.py:2648} INFO - Exporting env vars: AIRFLOW_CTX_DAG_EMAIL='menglimchea@gmail.com' AIRFLOW_CTX_DAG_OWNER='airflow' AIRFLOW_CTX_DAG_ID='weather_dag' AIRFLOW_CTX_TASK_ID='is_weather_api_ready' AIRFLOW_CTX_EXECUTION_DATE='2025-07-17T08:35:28.304420+00:00' AIRFLOW_CTX_TRY_NUMBER='1' AIRFLOW_CTX_DAG_RUN_ID='manual__2025-07-17T08:35:28.304420+00:00'
[2025-07-17T15:35:31.571+0700] {taskinstance.py:430} INFO - ::endgroup::
[2025-07-17T15:35:31.571+0700] {baseoperator.py:399} WARNING - HttpSensor.execute cannot be called outside TaskInstance!
[2025-07-17T15:35:31.571+0700] {http.py:137} INFO - Poking: /data/2.5/weather?q=Phnom Penh&APPID=331b4390d72d5999ba7289139aed5211
[2025-07-17T15:35:31.576+0700] {base.py:84} INFO - Using connection ID 'weathermap_api' for task execution.
[2025-07-17T15:35:31.788+0700] {base.py:294} INFO - Success criteria met. Exiting.
[2025-07-17T15:35:31.788+0700] {taskinstance.py:441} INFO - ::group::Post task execution logs
[2025-07-17T15:35:31.791+0700] {taskinstance.py:1206} INFO - Marking task as SUCCESS. dag_id=weather_dag, task_id=is_weather_api_ready, run_id=manual__2025-07-17T08:35:28.304420+00:00, execution_date=20250717T083528, start_date=20250717T083531, end_date=20250717T083531
[2025-07-17T15:35:31.818+0700] {local_task_job_runner.py:240} INFO - Task exited with return code 0
[2025-07-17T15:35:31.823+0700] {logging_mixin.py:188} WARNING - /home/menglim/airflow_venv/lib/python3.12/site-packages/airflow/models/baseoperator.py:1296 AirflowProviderDeprecationWarning: Call to deprecated class SimpleHttpOperator. (Class `SimpleHttpOperator` is deprecated and will be removed in a future release. Please use `HttpOperator` instead.)
[2025-07-17T15:35:31.831+0700] {taskinstance.py:3498} INFO - 1 downstream tasks scheduled from follow-on schedule check
[2025-07-17T15:35:31.849+0700] {local_task_job_runner.py:222} INFO - ::endgroup::
