[2025-07-17T14:50:09.043+0700] {local_task_job_runner.py:120} INFO - ::group::Pre task execution logs
[2025-07-17T14:50:09.048+0700] {taskinstance.py:2076} INFO - Dependencies all met for dep_context=non-requeueable deps ti=<TaskInstance: weather_dag.is_weather_api_ready manual__2025-07-17T07:50:05.639195+00:00 [queued]>
[2025-07-17T14:50:09.051+0700] {taskinstance.py:2076} INFO - Dependencies all met for dep_context=requeueable deps ti=<TaskInstance: weather_dag.is_weather_api_ready manual__2025-07-17T07:50:05.639195+00:00 [queued]>
[2025-07-17T14:50:09.051+0700] {taskinstance.py:2306} INFO - Starting attempt 1 of 3
[2025-07-17T14:50:09.075+0700] {taskinstance.py:2330} INFO - Executing <Task(HttpSensor): is_weather_api_ready> on 2025-07-17 07:50:05.639195+00:00
[2025-07-17T14:50:09.079+0700] {standard_task_runner.py:63} INFO - Started process 9543 to run task
[2025-07-17T14:50:09.082+0700] {standard_task_runner.py:90} INFO - Running: ['airflow', 'tasks', 'run', 'weather_dag', 'is_weather_api_ready', 'manual__2025-07-17T07:50:05.639195+00:00', '--job-id', '25', '--raw', '--subdir', 'DAGS_FOLDER/weather_dag.py', '--cfg-path', '/tmp/tmpx98cc7gz']
[2025-07-17T14:50:09.082+0700] {standard_task_runner.py:91} INFO - Job 25: Subtask is_weather_api_ready
[2025-07-17T14:50:09.124+0700] {task_command.py:426} INFO - Running <TaskInstance: weather_dag.is_weather_api_ready manual__2025-07-17T07:50:05.639195+00:00 [running]> on host MSI.
[2025-07-17T14:50:09.196+0700] {taskinstance.py:2648} INFO - Exporting env vars: AIRFLOW_CTX_DAG_EMAIL='menglimchea@gmail.com' AIRFLOW_CTX_DAG_OWNER='airflow' AIRFLOW_CTX_DAG_ID='weather_dag' AIRFLOW_CTX_TASK_ID='is_weather_api_ready' AIRFLOW_CTX_EXECUTION_DATE='2025-07-17T07:50:05.639195+00:00' AIRFLOW_CTX_TRY_NUMBER='1' AIRFLOW_CTX_DAG_RUN_ID='manual__2025-07-17T07:50:05.639195+00:00'
[2025-07-17T14:50:09.197+0700] {taskinstance.py:430} INFO - ::endgroup::
[2025-07-17T14:50:09.197+0700] {baseoperator.py:399} WARNING - HttpSensor.execute cannot be called outside TaskInstance!
[2025-07-17T14:50:09.198+0700] {http.py:137} INFO - Poking: /data/2.5/weather?q=Phnom Penh&APPID=331b4390d72d5999ba7289139aed5211
[2025-07-17T14:50:09.200+0700] {base.py:84} INFO - Using connection ID 'weathermap_api' for task execution.
[2025-07-17T14:50:09.458+0700] {base.py:294} INFO - Success criteria met. Exiting.
[2025-07-17T14:50:09.458+0700] {taskinstance.py:441} INFO - ::group::Post task execution logs
[2025-07-17T14:50:09.461+0700] {taskinstance.py:1206} INFO - Marking task as SUCCESS. dag_id=weather_dag, task_id=is_weather_api_ready, run_id=manual__2025-07-17T07:50:05.639195+00:00, execution_date=20250717T075005, start_date=20250717T075009, end_date=20250717T075009
[2025-07-17T14:50:09.496+0700] {local_task_job_runner.py:240} INFO - Task exited with return code 0
[2025-07-17T14:50:09.501+0700] {logging_mixin.py:188} WARNING - /home/menglim/airflow_venv/lib/python3.12/site-packages/airflow/models/baseoperator.py:1296 AirflowProviderDeprecationWarning: Call to deprecated class SimpleHttpOperator. (Class `SimpleHttpOperator` is deprecated and will be removed in a future release. Please use `HttpOperator` instead.)
[2025-07-17T14:50:09.509+0700] {taskinstance.py:3498} INFO - 1 downstream tasks scheduled from follow-on schedule check
[2025-07-17T14:50:09.526+0700] {local_task_job_runner.py:222} INFO - ::endgroup::
