[2025-07-18T09:26:54.038+0700] {local_task_job_runner.py:120} INFO - ::group::Pre task execution logs
[2025-07-18T09:26:54.044+0700] {taskinstance.py:2076} INFO - Dependencies all met for dep_context=non-requeueable deps ti=<TaskInstance: weather_dag.extract_weather_data manual__2025-07-18T02:26:49.765808+00:00 [queued]>
[2025-07-18T09:26:54.047+0700] {taskinstance.py:2076} INFO - Dependencies all met for dep_context=requeueable deps ti=<TaskInstance: weather_dag.extract_weather_data manual__2025-07-18T02:26:49.765808+00:00 [queued]>
[2025-07-18T09:26:54.047+0700] {taskinstance.py:2306} INFO - Starting attempt 1 of 3
[2025-07-18T09:26:54.068+0700] {taskinstance.py:2330} INFO - Executing <Task(SimpleHttpOperator): extract_weather_data> on 2025-07-18 02:26:49.765808+00:00
[2025-07-18T09:26:54.071+0700] {standard_task_runner.py:63} INFO - Started process 7247 to run task
[2025-07-18T09:26:54.072+0700] {standard_task_runner.py:90} INFO - Running: ['airflow', 'tasks', 'run', 'weather_dag', 'extract_weather_data', 'manual__2025-07-18T02:26:49.765808+00:00', '--job-id', '105', '--raw', '--subdir', 'DAGS_FOLDER/weather_dag.py', '--cfg-path', '/tmp/tmpgbcrk5zd']
[2025-07-18T09:26:54.073+0700] {standard_task_runner.py:91} INFO - Job 105: Subtask extract_weather_data
[2025-07-18T09:26:54.107+0700] {task_command.py:426} INFO - Running <TaskInstance: weather_dag.extract_weather_data manual__2025-07-18T02:26:49.765808+00:00 [running]> on host MSI.
[2025-07-18T09:26:54.165+0700] {taskinstance.py:2648} INFO - Exporting env vars: AIRFLOW_CTX_DAG_EMAIL='menglimchea@gmail.com' AIRFLOW_CTX_DAG_OWNER='airflow' AIRFLOW_CTX_DAG_ID='weather_dag' AIRFLOW_CTX_TASK_ID='extract_weather_data' AIRFLOW_CTX_EXECUTION_DATE='2025-07-18T02:26:49.765808+00:00' AIRFLOW_CTX_TRY_NUMBER='1' AIRFLOW_CTX_DAG_RUN_ID='manual__2025-07-18T02:26:49.765808+00:00'
[2025-07-18T09:26:54.165+0700] {taskinstance.py:430} INFO - ::endgroup::
[2025-07-18T09:26:54.165+0700] {http.py:169} INFO - Calling HTTP method
[2025-07-18T09:26:54.168+0700] {base.py:84} INFO - Using connection ID 'weathermap_api' for task execution.
[2025-07-18T09:26:54.170+0700] {base.py:84} INFO - Using connection ID 'weathermap_api' for task execution.
[2025-07-18T09:26:54.365+0700] {http.py:208} INFO - {"coord":{"lon":104.916,"lat":11.5625},"weather":[{"id":804,"main":"Clouds","description":"overcast clouds","icon":"04d"}],"base":"stations","main":{"temp":303.23,"feels_like":310.23,"temp_min":303.23,"temp_max":303.23,"pressure":1007,"humidity":86,"sea_level":1007,"grnd_level":1007},"visibility":10000,"wind":{"speed":6.43,"deg":259,"gust":8.73},"clouds":{"all":99},"dt":1752805203,"sys":{"country":"KH","sunrise":1752792278,"sunset":1752838083},"timezone":25200,"id":1821306,"name":"Phnom Penh","cod":200}
[2025-07-18T09:26:54.366+0700] {taskinstance.py:441} INFO - ::group::Post task execution logs
[2025-07-18T09:26:54.385+0700] {taskinstance.py:1206} INFO - Marking task as SUCCESS. dag_id=weather_dag, task_id=extract_weather_data, run_id=manual__2025-07-18T02:26:49.765808+00:00, execution_date=20250718T022649, start_date=20250718T022654, end_date=20250718T022654
[2025-07-18T09:26:54.405+0700] {local_task_job_runner.py:240} INFO - Task exited with return code 0
[2025-07-18T09:26:54.412+0700] {logging_mixin.py:188} WARNING - /home/menglim/airflow_venv/lib/python3.12/site-packages/airflow/models/baseoperator.py:1296 AirflowProviderDeprecationWarning: Call to deprecated class SimpleHttpOperator. (Class `SimpleHttpOperator` is deprecated and will be removed in a future release. Please use `HttpOperator` instead.)
[2025-07-18T09:26:54.416+0700] {taskinstance.py:3498} INFO - 1 downstream tasks scheduled from follow-on schedule check
[2025-07-18T09:26:54.432+0700] {local_task_job_runner.py:222} INFO - ::endgroup::
