[2025-07-18T09:00:39.758+0700] {processor.py:161} INFO - Started process (PID=3278) to work on /home/menglim/airflow_venv/lib/python3.12/site-packages/airflow/example_dags/example_external_task_marker_dag.py
[2025-07-18T09:00:39.759+0700] {processor.py:830} INFO - Processing file /home/menglim/airflow_venv/lib/python3.12/site-packages/airflow/example_dags/example_external_task_marker_dag.py for tasks to queue
[2025-07-18T09:00:39.760+0700] {logging_mixin.py:188} INFO - [2025-07-18T09:00:39.759+0700] {dagbag.py:545} INFO - Filling up the DagBag from /home/menglim/airflow_venv/lib/python3.12/site-packages/airflow/example_dags/example_external_task_marker_dag.py
[2025-07-18T09:00:39.763+0700] {processor.py:840} INFO - DAG(s) 'example_external_task_marker_child', 'example_external_task_marker_parent' retrieved from /home/menglim/airflow_venv/lib/python3.12/site-packages/airflow/example_dags/example_external_task_marker_dag.py
[2025-07-18T09:00:39.812+0700] {logging_mixin.py:188} INFO - [2025-07-18T09:00:39.812+0700] {dag.py:3096} INFO - Sync 2 DAGs
[2025-07-18T09:00:39.817+0700] {logging_mixin.py:188} INFO - [2025-07-18T09:00:39.816+0700] {dag.py:3954} INFO - Setting next_dagrun for example_external_task_marker_child to None, run_after=None
[2025-07-18T09:00:39.818+0700] {logging_mixin.py:188} INFO - [2025-07-18T09:00:39.818+0700] {dag.py:3954} INFO - Setting next_dagrun for example_external_task_marker_parent to None, run_after=None
[2025-07-18T09:00:42.771+0700] {processor.py:183} INFO - Processing /home/menglim/airflow_venv/lib/python3.12/site-packages/airflow/example_dags/example_external_task_marker_dag.py took 0.084 seconds
[2025-07-18T09:01:36.789+0700] {processor.py:161} INFO - Started process (PID=3360) to work on /home/menglim/airflow_venv/lib/python3.12/site-packages/airflow/example_dags/example_external_task_marker_dag.py
[2025-07-18T09:01:36.792+0700] {processor.py:830} INFO - Processing file /home/menglim/airflow_venv/lib/python3.12/site-packages/airflow/example_dags/example_external_task_marker_dag.py for tasks to queue
[2025-07-18T09:01:36.792+0700] {logging_mixin.py:188} INFO - [2025-07-18T09:01:36.792+0700] {dagbag.py:545} INFO - Filling up the DagBag from /home/menglim/airflow_venv/lib/python3.12/site-packages/airflow/example_dags/example_external_task_marker_dag.py
[2025-07-18T09:01:36.796+0700] {processor.py:840} INFO - DAG(s) 'example_external_task_marker_parent', 'example_external_task_marker_child' retrieved from /home/menglim/airflow_venv/lib/python3.12/site-packages/airflow/example_dags/example_external_task_marker_dag.py
[2025-07-18T09:01:36.807+0700] {logging_mixin.py:188} INFO - [2025-07-18T09:01:36.807+0700] {dag.py:3096} INFO - Sync 2 DAGs
[2025-07-18T09:01:36.815+0700] {logging_mixin.py:188} INFO - [2025-07-18T09:01:36.814+0700] {dag.py:3954} INFO - Setting next_dagrun for example_external_task_marker_child to None, run_after=None
[2025-07-18T09:01:36.816+0700] {logging_mixin.py:188} INFO - [2025-07-18T09:01:36.816+0700] {dag.py:3954} INFO - Setting next_dagrun for example_external_task_marker_parent to None, run_after=None
[2025-07-18T09:01:36.837+0700] {processor.py:183} INFO - Processing /home/menglim/airflow_venv/lib/python3.12/site-packages/airflow/example_dags/example_external_task_marker_dag.py took 0.052 seconds
[2025-07-18T09:02:41.628+0700] {processor.py:161} INFO - Started process (PID=3559) to work on /home/menglim/airflow_venv/lib/python3.12/site-packages/airflow/example_dags/example_external_task_marker_dag.py
[2025-07-18T09:02:41.630+0700] {processor.py:830} INFO - Processing file /home/menglim/airflow_venv/lib/python3.12/site-packages/airflow/example_dags/example_external_task_marker_dag.py for tasks to queue
[2025-07-18T09:02:41.632+0700] {logging_mixin.py:188} INFO - [2025-07-18T09:02:41.631+0700] {dagbag.py:545} INFO - Filling up the DagBag from /home/menglim/airflow_venv/lib/python3.12/site-packages/airflow/example_dags/example_external_task_marker_dag.py
[2025-07-18T09:02:41.640+0700] {processor.py:840} INFO - DAG(s) 'example_external_task_marker_child', 'example_external_task_marker_parent' retrieved from /home/menglim/airflow_venv/lib/python3.12/site-packages/airflow/example_dags/example_external_task_marker_dag.py
[2025-07-18T09:02:41.659+0700] {logging_mixin.py:188} INFO - [2025-07-18T09:02:41.659+0700] {dag.py:3096} INFO - Sync 2 DAGs
[2025-07-18T09:02:41.671+0700] {logging_mixin.py:188} INFO - [2025-07-18T09:02:41.670+0700] {dag.py:3954} INFO - Setting next_dagrun for example_external_task_marker_child to None, run_after=None
[2025-07-18T09:02:41.672+0700] {logging_mixin.py:188} INFO - [2025-07-18T09:02:41.672+0700] {dag.py:3954} INFO - Setting next_dagrun for example_external_task_marker_parent to None, run_after=None
[2025-07-18T09:02:41.691+0700] {processor.py:183} INFO - Processing /home/menglim/airflow_venv/lib/python3.12/site-packages/airflow/example_dags/example_external_task_marker_dag.py took 0.075 seconds
[2025-07-18T09:03:34.335+0700] {processor.py:161} INFO - Started process (PID=3644) to work on /home/menglim/airflow_venv/lib/python3.12/site-packages/airflow/example_dags/example_external_task_marker_dag.py
[2025-07-18T09:03:34.337+0700] {processor.py:830} INFO - Processing file /home/menglim/airflow_venv/lib/python3.12/site-packages/airflow/example_dags/example_external_task_marker_dag.py for tasks to queue
[2025-07-18T09:03:34.338+0700] {logging_mixin.py:188} INFO - [2025-07-18T09:03:34.338+0700] {dagbag.py:545} INFO - Filling up the DagBag from /home/menglim/airflow_venv/lib/python3.12/site-packages/airflow/example_dags/example_external_task_marker_dag.py
[2025-07-18T09:03:34.342+0700] {processor.py:840} INFO - DAG(s) 'example_external_task_marker_parent', 'example_external_task_marker_child' retrieved from /home/menglim/airflow_venv/lib/python3.12/site-packages/airflow/example_dags/example_external_task_marker_dag.py
[2025-07-18T09:03:34.352+0700] {logging_mixin.py:188} INFO - [2025-07-18T09:03:34.352+0700] {dag.py:3096} INFO - Sync 2 DAGs
[2025-07-18T09:03:34.358+0700] {logging_mixin.py:188} INFO - [2025-07-18T09:03:34.358+0700] {dag.py:3954} INFO - Setting next_dagrun for example_external_task_marker_child to None, run_after=None
[2025-07-18T09:03:34.360+0700] {logging_mixin.py:188} INFO - [2025-07-18T09:03:34.359+0700] {dag.py:3954} INFO - Setting next_dagrun for example_external_task_marker_parent to None, run_after=None
[2025-07-18T09:03:34.378+0700] {processor.py:183} INFO - Processing /home/menglim/airflow_venv/lib/python3.12/site-packages/airflow/example_dags/example_external_task_marker_dag.py took 0.046 seconds
[2025-07-18T09:04:57.532+0700] {processor.py:161} INFO - Started process (PID=3805) to work on /home/menglim/airflow_venv/lib/python3.12/site-packages/airflow/example_dags/example_external_task_marker_dag.py
[2025-07-18T09:04:57.534+0700] {processor.py:830} INFO - Processing file /home/menglim/airflow_venv/lib/python3.12/site-packages/airflow/example_dags/example_external_task_marker_dag.py for tasks to queue
[2025-07-18T09:04:57.535+0700] {logging_mixin.py:188} INFO - [2025-07-18T09:04:57.535+0700] {dagbag.py:545} INFO - Filling up the DagBag from /home/menglim/airflow_venv/lib/python3.12/site-packages/airflow/example_dags/example_external_task_marker_dag.py
[2025-07-18T09:04:57.539+0700] {processor.py:840} INFO - DAG(s) 'example_external_task_marker_parent', 'example_external_task_marker_child' retrieved from /home/menglim/airflow_venv/lib/python3.12/site-packages/airflow/example_dags/example_external_task_marker_dag.py
[2025-07-18T09:04:57.549+0700] {logging_mixin.py:188} INFO - [2025-07-18T09:04:57.549+0700] {dag.py:3096} INFO - Sync 2 DAGs
[2025-07-18T09:04:57.555+0700] {logging_mixin.py:188} INFO - [2025-07-18T09:04:57.555+0700] {dag.py:3954} INFO - Setting next_dagrun for example_external_task_marker_child to None, run_after=None
[2025-07-18T09:04:57.556+0700] {logging_mixin.py:188} INFO - [2025-07-18T09:04:57.556+0700] {dag.py:3954} INFO - Setting next_dagrun for example_external_task_marker_parent to None, run_after=None
[2025-07-18T09:04:57.576+0700] {processor.py:183} INFO - Processing /home/menglim/airflow_venv/lib/python3.12/site-packages/airflow/example_dags/example_external_task_marker_dag.py took 0.048 seconds
[2025-07-18T09:05:54.074+0700] {processor.py:161} INFO - Started process (PID=3900) to work on /home/menglim/airflow_venv/lib/python3.12/site-packages/airflow/example_dags/example_external_task_marker_dag.py
[2025-07-18T09:05:54.077+0700] {processor.py:830} INFO - Processing file /home/menglim/airflow_venv/lib/python3.12/site-packages/airflow/example_dags/example_external_task_marker_dag.py for tasks to queue
[2025-07-18T09:05:54.078+0700] {logging_mixin.py:188} INFO - [2025-07-18T09:05:54.078+0700] {dagbag.py:545} INFO - Filling up the DagBag from /home/menglim/airflow_venv/lib/python3.12/site-packages/airflow/example_dags/example_external_task_marker_dag.py
[2025-07-18T09:05:54.082+0700] {processor.py:840} INFO - DAG(s) 'example_external_task_marker_child', 'example_external_task_marker_parent' retrieved from /home/menglim/airflow_venv/lib/python3.12/site-packages/airflow/example_dags/example_external_task_marker_dag.py
[2025-07-18T09:05:54.092+0700] {logging_mixin.py:188} INFO - [2025-07-18T09:05:54.092+0700] {dag.py:3096} INFO - Sync 2 DAGs
[2025-07-18T09:05:54.099+0700] {logging_mixin.py:188} INFO - [2025-07-18T09:05:54.099+0700] {dag.py:3954} INFO - Setting next_dagrun for example_external_task_marker_child to None, run_after=None
[2025-07-18T09:05:54.100+0700] {logging_mixin.py:188} INFO - [2025-07-18T09:05:54.100+0700] {dag.py:3954} INFO - Setting next_dagrun for example_external_task_marker_parent to None, run_after=None
[2025-07-18T09:05:54.121+0700] {processor.py:183} INFO - Processing /home/menglim/airflow_venv/lib/python3.12/site-packages/airflow/example_dags/example_external_task_marker_dag.py took 0.050 seconds
[2025-07-18T09:06:49.786+0700] {processor.py:161} INFO - Started process (PID=3974) to work on /home/menglim/airflow_venv/lib/python3.12/site-packages/airflow/example_dags/example_external_task_marker_dag.py
[2025-07-18T09:06:49.791+0700] {processor.py:830} INFO - Processing file /home/menglim/airflow_venv/lib/python3.12/site-packages/airflow/example_dags/example_external_task_marker_dag.py for tasks to queue
[2025-07-18T09:06:49.792+0700] {logging_mixin.py:188} INFO - [2025-07-18T09:06:49.791+0700] {dagbag.py:545} INFO - Filling up the DagBag from /home/menglim/airflow_venv/lib/python3.12/site-packages/airflow/example_dags/example_external_task_marker_dag.py
[2025-07-18T09:06:49.801+0700] {processor.py:840} INFO - DAG(s) 'example_external_task_marker_child', 'example_external_task_marker_parent' retrieved from /home/menglim/airflow_venv/lib/python3.12/site-packages/airflow/example_dags/example_external_task_marker_dag.py
[2025-07-18T09:06:49.826+0700] {logging_mixin.py:188} INFO - [2025-07-18T09:06:49.825+0700] {dag.py:3096} INFO - Sync 2 DAGs
[2025-07-18T09:06:49.839+0700] {logging_mixin.py:188} INFO - [2025-07-18T09:06:49.838+0700] {dag.py:3954} INFO - Setting next_dagrun for example_external_task_marker_child to None, run_after=None
[2025-07-18T09:06:49.843+0700] {logging_mixin.py:188} INFO - [2025-07-18T09:06:49.843+0700] {dag.py:3954} INFO - Setting next_dagrun for example_external_task_marker_parent to None, run_after=None
[2025-07-18T09:06:49.877+0700] {processor.py:183} INFO - Processing /home/menglim/airflow_venv/lib/python3.12/site-packages/airflow/example_dags/example_external_task_marker_dag.py took 0.098 seconds
[2025-07-18T09:07:50.177+0700] {processor.py:161} INFO - Started process (PID=4104) to work on /home/menglim/airflow_venv/lib/python3.12/site-packages/airflow/example_dags/example_external_task_marker_dag.py
[2025-07-18T09:07:50.178+0700] {processor.py:830} INFO - Processing file /home/menglim/airflow_venv/lib/python3.12/site-packages/airflow/example_dags/example_external_task_marker_dag.py for tasks to queue
[2025-07-18T09:07:50.179+0700] {logging_mixin.py:188} INFO - [2025-07-18T09:07:50.179+0700] {dagbag.py:545} INFO - Filling up the DagBag from /home/menglim/airflow_venv/lib/python3.12/site-packages/airflow/example_dags/example_external_task_marker_dag.py
[2025-07-18T09:07:50.183+0700] {processor.py:840} INFO - DAG(s) 'example_external_task_marker_parent', 'example_external_task_marker_child' retrieved from /home/menglim/airflow_venv/lib/python3.12/site-packages/airflow/example_dags/example_external_task_marker_dag.py
[2025-07-18T09:07:50.208+0700] {logging_mixin.py:188} INFO - [2025-07-18T09:07:50.208+0700] {dag.py:3096} INFO - Sync 2 DAGs
[2025-07-18T09:07:50.219+0700] {logging_mixin.py:188} INFO - [2025-07-18T09:07:50.219+0700] {dag.py:3954} INFO - Setting next_dagrun for example_external_task_marker_child to None, run_after=None
[2025-07-18T09:07:50.225+0700] {logging_mixin.py:188} INFO - [2025-07-18T09:07:50.225+0700] {dag.py:3954} INFO - Setting next_dagrun for example_external_task_marker_parent to None, run_after=None
[2025-07-18T09:07:50.261+0700] {processor.py:183} INFO - Processing /home/menglim/airflow_venv/lib/python3.12/site-packages/airflow/example_dags/example_external_task_marker_dag.py took 0.088 seconds
[2025-07-18T09:08:45.407+0700] {processor.py:161} INFO - Started process (PID=4205) to work on /home/menglim/airflow_venv/lib/python3.12/site-packages/airflow/example_dags/example_external_task_marker_dag.py
[2025-07-18T09:08:45.410+0700] {processor.py:830} INFO - Processing file /home/menglim/airflow_venv/lib/python3.12/site-packages/airflow/example_dags/example_external_task_marker_dag.py for tasks to queue
[2025-07-18T09:08:45.410+0700] {logging_mixin.py:188} INFO - [2025-07-18T09:08:45.410+0700] {dagbag.py:545} INFO - Filling up the DagBag from /home/menglim/airflow_venv/lib/python3.12/site-packages/airflow/example_dags/example_external_task_marker_dag.py
[2025-07-18T09:08:45.414+0700] {processor.py:840} INFO - DAG(s) 'example_external_task_marker_child', 'example_external_task_marker_parent' retrieved from /home/menglim/airflow_venv/lib/python3.12/site-packages/airflow/example_dags/example_external_task_marker_dag.py
[2025-07-18T09:08:45.424+0700] {logging_mixin.py:188} INFO - [2025-07-18T09:08:45.424+0700] {dag.py:3096} INFO - Sync 2 DAGs
[2025-07-18T09:08:45.431+0700] {logging_mixin.py:188} INFO - [2025-07-18T09:08:45.430+0700] {dag.py:3954} INFO - Setting next_dagrun for example_external_task_marker_child to None, run_after=None
[2025-07-18T09:08:45.432+0700] {logging_mixin.py:188} INFO - [2025-07-18T09:08:45.432+0700] {dag.py:3954} INFO - Setting next_dagrun for example_external_task_marker_parent to None, run_after=None
[2025-07-18T09:08:45.454+0700] {processor.py:183} INFO - Processing /home/menglim/airflow_venv/lib/python3.12/site-packages/airflow/example_dags/example_external_task_marker_dag.py took 0.050 seconds
[2025-07-18T09:09:59.144+0700] {processor.py:161} INFO - Started process (PID=4358) to work on /home/menglim/airflow_venv/lib/python3.12/site-packages/airflow/example_dags/example_external_task_marker_dag.py
[2025-07-18T09:09:59.145+0700] {processor.py:830} INFO - Processing file /home/menglim/airflow_venv/lib/python3.12/site-packages/airflow/example_dags/example_external_task_marker_dag.py for tasks to queue
[2025-07-18T09:09:59.146+0700] {logging_mixin.py:188} INFO - [2025-07-18T09:09:59.145+0700] {dagbag.py:545} INFO - Filling up the DagBag from /home/menglim/airflow_venv/lib/python3.12/site-packages/airflow/example_dags/example_external_task_marker_dag.py
[2025-07-18T09:09:59.149+0700] {processor.py:840} INFO - DAG(s) 'example_external_task_marker_child', 'example_external_task_marker_parent' retrieved from /home/menglim/airflow_venv/lib/python3.12/site-packages/airflow/example_dags/example_external_task_marker_dag.py
[2025-07-18T09:09:59.159+0700] {logging_mixin.py:188} INFO - [2025-07-18T09:09:59.159+0700] {dag.py:3096} INFO - Sync 2 DAGs
[2025-07-18T09:09:59.166+0700] {logging_mixin.py:188} INFO - [2025-07-18T09:09:59.165+0700] {dag.py:3954} INFO - Setting next_dagrun for example_external_task_marker_child to None, run_after=None
[2025-07-18T09:09:59.167+0700] {logging_mixin.py:188} INFO - [2025-07-18T09:09:59.167+0700] {dag.py:3954} INFO - Setting next_dagrun for example_external_task_marker_parent to None, run_after=None
[2025-07-18T09:09:59.186+0700] {processor.py:183} INFO - Processing /home/menglim/airflow_venv/lib/python3.12/site-packages/airflow/example_dags/example_external_task_marker_dag.py took 0.045 seconds
[2025-07-18T09:10:58.690+0700] {processor.py:161} INFO - Started process (PID=4500) to work on /home/menglim/airflow_venv/lib/python3.12/site-packages/airflow/example_dags/example_external_task_marker_dag.py
[2025-07-18T09:10:58.691+0700] {processor.py:830} INFO - Processing file /home/menglim/airflow_venv/lib/python3.12/site-packages/airflow/example_dags/example_external_task_marker_dag.py for tasks to queue
[2025-07-18T09:10:58.691+0700] {logging_mixin.py:188} INFO - [2025-07-18T09:10:58.691+0700] {dagbag.py:545} INFO - Filling up the DagBag from /home/menglim/airflow_venv/lib/python3.12/site-packages/airflow/example_dags/example_external_task_marker_dag.py
[2025-07-18T09:10:58.694+0700] {processor.py:840} INFO - DAG(s) 'example_external_task_marker_parent', 'example_external_task_marker_child' retrieved from /home/menglim/airflow_venv/lib/python3.12/site-packages/airflow/example_dags/example_external_task_marker_dag.py
[2025-07-18T09:10:58.705+0700] {logging_mixin.py:188} INFO - [2025-07-18T09:10:58.705+0700] {dag.py:3096} INFO - Sync 2 DAGs
[2025-07-18T09:10:58.711+0700] {logging_mixin.py:188} INFO - [2025-07-18T09:10:58.711+0700] {dag.py:3954} INFO - Setting next_dagrun for example_external_task_marker_child to None, run_after=None
[2025-07-18T09:10:58.713+0700] {logging_mixin.py:188} INFO - [2025-07-18T09:10:58.713+0700] {dag.py:3954} INFO - Setting next_dagrun for example_external_task_marker_parent to None, run_after=None
[2025-07-18T09:10:58.732+0700] {processor.py:183} INFO - Processing /home/menglim/airflow_venv/lib/python3.12/site-packages/airflow/example_dags/example_external_task_marker_dag.py took 0.046 seconds
[2025-07-18T09:11:58.743+0700] {processor.py:161} INFO - Started process (PID=4606) to work on /home/menglim/airflow_venv/lib/python3.12/site-packages/airflow/example_dags/example_external_task_marker_dag.py
[2025-07-18T09:11:58.743+0700] {processor.py:830} INFO - Processing file /home/menglim/airflow_venv/lib/python3.12/site-packages/airflow/example_dags/example_external_task_marker_dag.py for tasks to queue
[2025-07-18T09:11:58.744+0700] {logging_mixin.py:188} INFO - [2025-07-18T09:11:58.744+0700] {dagbag.py:545} INFO - Filling up the DagBag from /home/menglim/airflow_venv/lib/python3.12/site-packages/airflow/example_dags/example_external_task_marker_dag.py
[2025-07-18T09:11:58.748+0700] {processor.py:840} INFO - DAG(s) 'example_external_task_marker_child', 'example_external_task_marker_parent' retrieved from /home/menglim/airflow_venv/lib/python3.12/site-packages/airflow/example_dags/example_external_task_marker_dag.py
[2025-07-18T09:11:58.762+0700] {logging_mixin.py:188} INFO - [2025-07-18T09:11:58.762+0700] {dag.py:3096} INFO - Sync 2 DAGs
[2025-07-18T09:11:58.769+0700] {logging_mixin.py:188} INFO - [2025-07-18T09:11:58.769+0700] {dag.py:3954} INFO - Setting next_dagrun for example_external_task_marker_child to None, run_after=None
[2025-07-18T09:11:58.770+0700] {logging_mixin.py:188} INFO - [2025-07-18T09:11:58.770+0700] {dag.py:3954} INFO - Setting next_dagrun for example_external_task_marker_parent to None, run_after=None
[2025-07-18T09:11:58.800+0700] {processor.py:183} INFO - Processing /home/menglim/airflow_venv/lib/python3.12/site-packages/airflow/example_dags/example_external_task_marker_dag.py took 0.060 seconds
[2025-07-18T09:12:52.324+0700] {processor.py:161} INFO - Started process (PID=4687) to work on /home/menglim/airflow_venv/lib/python3.12/site-packages/airflow/example_dags/example_external_task_marker_dag.py
[2025-07-18T09:12:52.327+0700] {processor.py:830} INFO - Processing file /home/menglim/airflow_venv/lib/python3.12/site-packages/airflow/example_dags/example_external_task_marker_dag.py for tasks to queue
[2025-07-18T09:12:52.327+0700] {logging_mixin.py:188} INFO - [2025-07-18T09:12:52.327+0700] {dagbag.py:545} INFO - Filling up the DagBag from /home/menglim/airflow_venv/lib/python3.12/site-packages/airflow/example_dags/example_external_task_marker_dag.py
[2025-07-18T09:12:52.331+0700] {processor.py:840} INFO - DAG(s) 'example_external_task_marker_child', 'example_external_task_marker_parent' retrieved from /home/menglim/airflow_venv/lib/python3.12/site-packages/airflow/example_dags/example_external_task_marker_dag.py
[2025-07-18T09:12:52.341+0700] {logging_mixin.py:188} INFO - [2025-07-18T09:12:52.341+0700] {dag.py:3096} INFO - Sync 2 DAGs
[2025-07-18T09:12:52.348+0700] {logging_mixin.py:188} INFO - [2025-07-18T09:12:52.348+0700] {dag.py:3954} INFO - Setting next_dagrun for example_external_task_marker_child to None, run_after=None
[2025-07-18T09:12:52.349+0700] {logging_mixin.py:188} INFO - [2025-07-18T09:12:52.349+0700] {dag.py:3954} INFO - Setting next_dagrun for example_external_task_marker_parent to None, run_after=None
[2025-07-18T09:12:52.368+0700] {processor.py:183} INFO - Processing /home/menglim/airflow_venv/lib/python3.12/site-packages/airflow/example_dags/example_external_task_marker_dag.py took 0.046 seconds
[2025-07-18T09:13:52.110+0700] {processor.py:161} INFO - Started process (PID=5258) to work on /home/menglim/airflow_venv/lib/python3.12/site-packages/airflow/example_dags/example_external_task_marker_dag.py
[2025-07-18T09:13:52.111+0700] {processor.py:830} INFO - Processing file /home/menglim/airflow_venv/lib/python3.12/site-packages/airflow/example_dags/example_external_task_marker_dag.py for tasks to queue
[2025-07-18T09:13:52.111+0700] {logging_mixin.py:188} INFO - [2025-07-18T09:13:52.111+0700] {dagbag.py:545} INFO - Filling up the DagBag from /home/menglim/airflow_venv/lib/python3.12/site-packages/airflow/example_dags/example_external_task_marker_dag.py
[2025-07-18T09:13:52.115+0700] {processor.py:840} INFO - DAG(s) 'example_external_task_marker_parent', 'example_external_task_marker_child' retrieved from /home/menglim/airflow_venv/lib/python3.12/site-packages/airflow/example_dags/example_external_task_marker_dag.py
[2025-07-18T09:13:52.128+0700] {logging_mixin.py:188} INFO - [2025-07-18T09:13:52.128+0700] {dag.py:3096} INFO - Sync 2 DAGs
[2025-07-18T09:13:52.135+0700] {logging_mixin.py:188} INFO - [2025-07-18T09:13:52.135+0700] {dag.py:3954} INFO - Setting next_dagrun for example_external_task_marker_child to None, run_after=None
[2025-07-18T09:13:52.137+0700] {logging_mixin.py:188} INFO - [2025-07-18T09:13:52.137+0700] {dag.py:3954} INFO - Setting next_dagrun for example_external_task_marker_parent to None, run_after=None
[2025-07-18T09:13:52.175+0700] {processor.py:183} INFO - Processing /home/menglim/airflow_venv/lib/python3.12/site-packages/airflow/example_dags/example_external_task_marker_dag.py took 0.068 seconds
[2025-07-18T09:14:59.418+0700] {processor.py:161} INFO - Started process (PID=5418) to work on /home/menglim/airflow_venv/lib/python3.12/site-packages/airflow/example_dags/example_external_task_marker_dag.py
[2025-07-18T09:14:59.421+0700] {processor.py:830} INFO - Processing file /home/menglim/airflow_venv/lib/python3.12/site-packages/airflow/example_dags/example_external_task_marker_dag.py for tasks to queue
[2025-07-18T09:14:59.422+0700] {logging_mixin.py:188} INFO - [2025-07-18T09:14:59.422+0700] {dagbag.py:545} INFO - Filling up the DagBag from /home/menglim/airflow_venv/lib/python3.12/site-packages/airflow/example_dags/example_external_task_marker_dag.py
[2025-07-18T09:14:59.429+0700] {processor.py:840} INFO - DAG(s) 'example_external_task_marker_parent', 'example_external_task_marker_child' retrieved from /home/menglim/airflow_venv/lib/python3.12/site-packages/airflow/example_dags/example_external_task_marker_dag.py
[2025-07-18T09:14:59.453+0700] {logging_mixin.py:188} INFO - [2025-07-18T09:14:59.452+0700] {dag.py:3096} INFO - Sync 2 DAGs
[2025-07-18T09:14:59.465+0700] {logging_mixin.py:188} INFO - [2025-07-18T09:14:59.465+0700] {dag.py:3954} INFO - Setting next_dagrun for example_external_task_marker_child to None, run_after=None
[2025-07-18T09:14:59.470+0700] {logging_mixin.py:188} INFO - [2025-07-18T09:14:59.470+0700] {dag.py:3954} INFO - Setting next_dagrun for example_external_task_marker_parent to None, run_after=None
[2025-07-18T09:14:59.502+0700] {processor.py:183} INFO - Processing /home/menglim/airflow_venv/lib/python3.12/site-packages/airflow/example_dags/example_external_task_marker_dag.py took 0.089 seconds
[2025-07-18T09:15:59.524+0700] {processor.py:161} INFO - Started process (PID=5531) to work on /home/menglim/airflow_venv/lib/python3.12/site-packages/airflow/example_dags/example_external_task_marker_dag.py
[2025-07-18T09:15:59.526+0700] {processor.py:830} INFO - Processing file /home/menglim/airflow_venv/lib/python3.12/site-packages/airflow/example_dags/example_external_task_marker_dag.py for tasks to queue
[2025-07-18T09:15:59.526+0700] {logging_mixin.py:188} INFO - [2025-07-18T09:15:59.526+0700] {dagbag.py:545} INFO - Filling up the DagBag from /home/menglim/airflow_venv/lib/python3.12/site-packages/airflow/example_dags/example_external_task_marker_dag.py
[2025-07-18T09:15:59.530+0700] {processor.py:840} INFO - DAG(s) 'example_external_task_marker_child', 'example_external_task_marker_parent' retrieved from /home/menglim/airflow_venv/lib/python3.12/site-packages/airflow/example_dags/example_external_task_marker_dag.py
[2025-07-18T09:15:59.541+0700] {logging_mixin.py:188} INFO - [2025-07-18T09:15:59.541+0700] {dag.py:3096} INFO - Sync 2 DAGs
[2025-07-18T09:15:59.548+0700] {logging_mixin.py:188} INFO - [2025-07-18T09:15:59.548+0700] {dag.py:3954} INFO - Setting next_dagrun for example_external_task_marker_child to None, run_after=None
[2025-07-18T09:15:59.550+0700] {logging_mixin.py:188} INFO - [2025-07-18T09:15:59.549+0700] {dag.py:3954} INFO - Setting next_dagrun for example_external_task_marker_parent to None, run_after=None
[2025-07-18T09:15:59.568+0700] {processor.py:183} INFO - Processing /home/menglim/airflow_venv/lib/python3.12/site-packages/airflow/example_dags/example_external_task_marker_dag.py took 0.047 seconds
[2025-07-18T09:17:29.341+0700] {processor.py:161} INFO - Started process (PID=5825) to work on /home/menglim/airflow_venv/lib/python3.12/site-packages/airflow/example_dags/example_external_task_marker_dag.py
[2025-07-18T09:17:29.344+0700] {processor.py:830} INFO - Processing file /home/menglim/airflow_venv/lib/python3.12/site-packages/airflow/example_dags/example_external_task_marker_dag.py for tasks to queue
[2025-07-18T09:17:29.344+0700] {logging_mixin.py:188} INFO - [2025-07-18T09:17:29.344+0700] {dagbag.py:545} INFO - Filling up the DagBag from /home/menglim/airflow_venv/lib/python3.12/site-packages/airflow/example_dags/example_external_task_marker_dag.py
[2025-07-18T09:17:29.348+0700] {processor.py:840} INFO - DAG(s) 'example_external_task_marker_parent', 'example_external_task_marker_child' retrieved from /home/menglim/airflow_venv/lib/python3.12/site-packages/airflow/example_dags/example_external_task_marker_dag.py
[2025-07-18T09:17:29.358+0700] {logging_mixin.py:188} INFO - [2025-07-18T09:17:29.358+0700] {dag.py:3096} INFO - Sync 2 DAGs
[2025-07-18T09:17:29.364+0700] {logging_mixin.py:188} INFO - [2025-07-18T09:17:29.364+0700] {dag.py:3954} INFO - Setting next_dagrun for example_external_task_marker_child to None, run_after=None
[2025-07-18T09:17:29.366+0700] {logging_mixin.py:188} INFO - [2025-07-18T09:17:29.366+0700] {dag.py:3954} INFO - Setting next_dagrun for example_external_task_marker_parent to None, run_after=None
[2025-07-18T09:17:29.390+0700] {processor.py:183} INFO - Processing /home/menglim/airflow_venv/lib/python3.12/site-packages/airflow/example_dags/example_external_task_marker_dag.py took 0.053 seconds
[2025-07-18T09:18:32.315+0700] {processor.py:161} INFO - Started process (PID=5943) to work on /home/menglim/airflow_venv/lib/python3.12/site-packages/airflow/example_dags/example_external_task_marker_dag.py
[2025-07-18T09:18:32.316+0700] {processor.py:830} INFO - Processing file /home/menglim/airflow_venv/lib/python3.12/site-packages/airflow/example_dags/example_external_task_marker_dag.py for tasks to queue
[2025-07-18T09:18:32.316+0700] {logging_mixin.py:188} INFO - [2025-07-18T09:18:32.316+0700] {dagbag.py:545} INFO - Filling up the DagBag from /home/menglim/airflow_venv/lib/python3.12/site-packages/airflow/example_dags/example_external_task_marker_dag.py
[2025-07-18T09:18:32.323+0700] {processor.py:840} INFO - DAG(s) 'example_external_task_marker_parent', 'example_external_task_marker_child' retrieved from /home/menglim/airflow_venv/lib/python3.12/site-packages/airflow/example_dags/example_external_task_marker_dag.py
[2025-07-18T09:18:32.346+0700] {logging_mixin.py:188} INFO - [2025-07-18T09:18:32.346+0700] {dag.py:3096} INFO - Sync 2 DAGs
[2025-07-18T09:18:32.358+0700] {logging_mixin.py:188} INFO - [2025-07-18T09:18:32.358+0700] {dag.py:3954} INFO - Setting next_dagrun for example_external_task_marker_child to None, run_after=None
[2025-07-18T09:18:32.361+0700] {logging_mixin.py:188} INFO - [2025-07-18T09:18:32.361+0700] {dag.py:3954} INFO - Setting next_dagrun for example_external_task_marker_parent to None, run_after=None
[2025-07-18T09:18:32.392+0700] {processor.py:183} INFO - Processing /home/menglim/airflow_venv/lib/python3.12/site-packages/airflow/example_dags/example_external_task_marker_dag.py took 0.082 seconds
[2025-07-18T09:19:47.952+0700] {processor.py:161} INFO - Started process (PID=6110) to work on /home/menglim/airflow_venv/lib/python3.12/site-packages/airflow/example_dags/example_external_task_marker_dag.py
[2025-07-18T09:19:47.955+0700] {processor.py:830} INFO - Processing file /home/menglim/airflow_venv/lib/python3.12/site-packages/airflow/example_dags/example_external_task_marker_dag.py for tasks to queue
[2025-07-18T09:19:47.956+0700] {logging_mixin.py:188} INFO - [2025-07-18T09:19:47.955+0700] {dagbag.py:545} INFO - Filling up the DagBag from /home/menglim/airflow_venv/lib/python3.12/site-packages/airflow/example_dags/example_external_task_marker_dag.py
[2025-07-18T09:19:47.960+0700] {processor.py:840} INFO - DAG(s) 'example_external_task_marker_child', 'example_external_task_marker_parent' retrieved from /home/menglim/airflow_venv/lib/python3.12/site-packages/airflow/example_dags/example_external_task_marker_dag.py
[2025-07-18T09:19:47.972+0700] {logging_mixin.py:188} INFO - [2025-07-18T09:19:47.972+0700] {dag.py:3096} INFO - Sync 2 DAGs
[2025-07-18T09:19:47.979+0700] {logging_mixin.py:188} INFO - [2025-07-18T09:19:47.979+0700] {dag.py:3954} INFO - Setting next_dagrun for example_external_task_marker_child to None, run_after=None
[2025-07-18T09:19:47.981+0700] {logging_mixin.py:188} INFO - [2025-07-18T09:19:47.981+0700] {dag.py:3954} INFO - Setting next_dagrun for example_external_task_marker_parent to None, run_after=None
[2025-07-18T09:19:48.000+0700] {processor.py:183} INFO - Processing /home/menglim/airflow_venv/lib/python3.12/site-packages/airflow/example_dags/example_external_task_marker_dag.py took 0.051 seconds
[2025-07-18T09:20:46.208+0700] {processor.py:161} INFO - Started process (PID=6234) to work on /home/menglim/airflow_venv/lib/python3.12/site-packages/airflow/example_dags/example_external_task_marker_dag.py
[2025-07-18T09:20:46.211+0700] {processor.py:830} INFO - Processing file /home/menglim/airflow_venv/lib/python3.12/site-packages/airflow/example_dags/example_external_task_marker_dag.py for tasks to queue
[2025-07-18T09:20:46.211+0700] {logging_mixin.py:188} INFO - [2025-07-18T09:20:46.211+0700] {dagbag.py:545} INFO - Filling up the DagBag from /home/menglim/airflow_venv/lib/python3.12/site-packages/airflow/example_dags/example_external_task_marker_dag.py
[2025-07-18T09:20:46.215+0700] {processor.py:840} INFO - DAG(s) 'example_external_task_marker_parent', 'example_external_task_marker_child' retrieved from /home/menglim/airflow_venv/lib/python3.12/site-packages/airflow/example_dags/example_external_task_marker_dag.py
[2025-07-18T09:20:46.226+0700] {logging_mixin.py:188} INFO - [2025-07-18T09:20:46.226+0700] {dag.py:3096} INFO - Sync 2 DAGs
[2025-07-18T09:20:46.233+0700] {logging_mixin.py:188} INFO - [2025-07-18T09:20:46.232+0700] {dag.py:3954} INFO - Setting next_dagrun for example_external_task_marker_child to None, run_after=None
[2025-07-18T09:20:46.234+0700] {logging_mixin.py:188} INFO - [2025-07-18T09:20:46.234+0700] {dag.py:3954} INFO - Setting next_dagrun for example_external_task_marker_parent to None, run_after=None
[2025-07-18T09:20:46.258+0700] {processor.py:183} INFO - Processing /home/menglim/airflow_venv/lib/python3.12/site-packages/airflow/example_dags/example_external_task_marker_dag.py took 0.053 seconds
[2025-07-18T09:22:03.424+0700] {processor.py:161} INFO - Started process (PID=6462) to work on /home/menglim/airflow_venv/lib/python3.12/site-packages/airflow/example_dags/example_external_task_marker_dag.py
[2025-07-18T09:22:03.425+0700] {processor.py:830} INFO - Processing file /home/menglim/airflow_venv/lib/python3.12/site-packages/airflow/example_dags/example_external_task_marker_dag.py for tasks to queue
[2025-07-18T09:22:03.425+0700] {logging_mixin.py:188} INFO - [2025-07-18T09:22:03.425+0700] {dagbag.py:545} INFO - Filling up the DagBag from /home/menglim/airflow_venv/lib/python3.12/site-packages/airflow/example_dags/example_external_task_marker_dag.py
[2025-07-18T09:22:03.430+0700] {processor.py:840} INFO - DAG(s) 'example_external_task_marker_child', 'example_external_task_marker_parent' retrieved from /home/menglim/airflow_venv/lib/python3.12/site-packages/airflow/example_dags/example_external_task_marker_dag.py
[2025-07-18T09:22:03.442+0700] {logging_mixin.py:188} INFO - [2025-07-18T09:22:03.442+0700] {dag.py:3096} INFO - Sync 2 DAGs
[2025-07-18T09:22:03.450+0700] {logging_mixin.py:188} INFO - [2025-07-18T09:22:03.449+0700] {dag.py:3954} INFO - Setting next_dagrun for example_external_task_marker_child to None, run_after=None
[2025-07-18T09:22:03.452+0700] {logging_mixin.py:188} INFO - [2025-07-18T09:22:03.452+0700] {dag.py:3954} INFO - Setting next_dagrun for example_external_task_marker_parent to None, run_after=None
[2025-07-18T09:22:03.472+0700] {processor.py:183} INFO - Processing /home/menglim/airflow_venv/lib/python3.12/site-packages/airflow/example_dags/example_external_task_marker_dag.py took 0.055 seconds
[2025-07-18T09:23:16.181+0700] {processor.py:161} INFO - Started process (PID=6691) to work on /home/menglim/airflow_venv/lib/python3.12/site-packages/airflow/example_dags/example_external_task_marker_dag.py
[2025-07-18T09:23:16.183+0700] {processor.py:830} INFO - Processing file /home/menglim/airflow_venv/lib/python3.12/site-packages/airflow/example_dags/example_external_task_marker_dag.py for tasks to queue
[2025-07-18T09:23:16.183+0700] {logging_mixin.py:188} INFO - [2025-07-18T09:23:16.183+0700] {dagbag.py:545} INFO - Filling up the DagBag from /home/menglim/airflow_venv/lib/python3.12/site-packages/airflow/example_dags/example_external_task_marker_dag.py
[2025-07-18T09:23:16.188+0700] {processor.py:840} INFO - DAG(s) 'example_external_task_marker_parent', 'example_external_task_marker_child' retrieved from /home/menglim/airflow_venv/lib/python3.12/site-packages/airflow/example_dags/example_external_task_marker_dag.py
[2025-07-18T09:23:16.217+0700] {logging_mixin.py:188} INFO - [2025-07-18T09:23:16.217+0700] {dag.py:3096} INFO - Sync 2 DAGs
[2025-07-18T09:23:16.235+0700] {logging_mixin.py:188} INFO - [2025-07-18T09:23:16.235+0700] {dag.py:3954} INFO - Setting next_dagrun for example_external_task_marker_child to None, run_after=None
[2025-07-18T09:23:16.242+0700] {logging_mixin.py:188} INFO - [2025-07-18T09:23:16.242+0700] {dag.py:3954} INFO - Setting next_dagrun for example_external_task_marker_parent to None, run_after=None
[2025-07-18T09:23:16.283+0700] {processor.py:183} INFO - Processing /home/menglim/airflow_venv/lib/python3.12/site-packages/airflow/example_dags/example_external_task_marker_dag.py took 0.111 seconds
[2025-07-18T09:24:36.763+0700] {processor.py:161} INFO - Started process (PID=6927) to work on /home/menglim/airflow_venv/lib/python3.12/site-packages/airflow/example_dags/example_external_task_marker_dag.py
[2025-07-18T09:24:36.764+0700] {processor.py:830} INFO - Processing file /home/menglim/airflow_venv/lib/python3.12/site-packages/airflow/example_dags/example_external_task_marker_dag.py for tasks to queue
[2025-07-18T09:24:36.764+0700] {logging_mixin.py:188} INFO - [2025-07-18T09:24:36.764+0700] {dagbag.py:545} INFO - Filling up the DagBag from /home/menglim/airflow_venv/lib/python3.12/site-packages/airflow/example_dags/example_external_task_marker_dag.py
[2025-07-18T09:24:36.769+0700] {processor.py:840} INFO - DAG(s) 'example_external_task_marker_parent', 'example_external_task_marker_child' retrieved from /home/menglim/airflow_venv/lib/python3.12/site-packages/airflow/example_dags/example_external_task_marker_dag.py
[2025-07-18T09:24:36.782+0700] {logging_mixin.py:188} INFO - [2025-07-18T09:24:36.781+0700] {dag.py:3096} INFO - Sync 2 DAGs
[2025-07-18T09:24:36.789+0700] {logging_mixin.py:188} INFO - [2025-07-18T09:24:36.789+0700] {dag.py:3954} INFO - Setting next_dagrun for example_external_task_marker_child to None, run_after=None
[2025-07-18T09:24:36.791+0700] {logging_mixin.py:188} INFO - [2025-07-18T09:24:36.791+0700] {dag.py:3954} INFO - Setting next_dagrun for example_external_task_marker_parent to None, run_after=None
[2025-07-18T09:24:36.811+0700] {processor.py:183} INFO - Processing /home/menglim/airflow_venv/lib/python3.12/site-packages/airflow/example_dags/example_external_task_marker_dag.py took 0.052 seconds
[2025-07-18T09:25:41.796+0700] {processor.py:161} INFO - Started process (PID=7100) to work on /home/menglim/airflow_venv/lib/python3.12/site-packages/airflow/example_dags/example_external_task_marker_dag.py
[2025-07-18T09:25:41.797+0700] {processor.py:830} INFO - Processing file /home/menglim/airflow_venv/lib/python3.12/site-packages/airflow/example_dags/example_external_task_marker_dag.py for tasks to queue
[2025-07-18T09:25:41.797+0700] {logging_mixin.py:188} INFO - [2025-07-18T09:25:41.797+0700] {dagbag.py:545} INFO - Filling up the DagBag from /home/menglim/airflow_venv/lib/python3.12/site-packages/airflow/example_dags/example_external_task_marker_dag.py
[2025-07-18T09:25:41.802+0700] {processor.py:840} INFO - DAG(s) 'example_external_task_marker_child', 'example_external_task_marker_parent' retrieved from /home/menglim/airflow_venv/lib/python3.12/site-packages/airflow/example_dags/example_external_task_marker_dag.py
[2025-07-18T09:25:41.824+0700] {logging_mixin.py:188} INFO - [2025-07-18T09:25:41.824+0700] {dag.py:3096} INFO - Sync 2 DAGs
[2025-07-18T09:25:41.831+0700] {logging_mixin.py:188} INFO - [2025-07-18T09:25:41.831+0700] {dag.py:3954} INFO - Setting next_dagrun for example_external_task_marker_child to None, run_after=None
[2025-07-18T09:25:41.834+0700] {logging_mixin.py:188} INFO - [2025-07-18T09:25:41.834+0700] {dag.py:3954} INFO - Setting next_dagrun for example_external_task_marker_parent to None, run_after=None
[2025-07-18T09:25:41.854+0700] {processor.py:183} INFO - Processing /home/menglim/airflow_venv/lib/python3.12/site-packages/airflow/example_dags/example_external_task_marker_dag.py took 0.062 seconds
[2025-07-18T09:26:39.990+0700] {processor.py:161} INFO - Started process (PID=7200) to work on /home/menglim/airflow_venv/lib/python3.12/site-packages/airflow/example_dags/example_external_task_marker_dag.py
[2025-07-18T09:26:39.993+0700] {processor.py:830} INFO - Processing file /home/menglim/airflow_venv/lib/python3.12/site-packages/airflow/example_dags/example_external_task_marker_dag.py for tasks to queue
[2025-07-18T09:26:39.993+0700] {logging_mixin.py:188} INFO - [2025-07-18T09:26:39.993+0700] {dagbag.py:545} INFO - Filling up the DagBag from /home/menglim/airflow_venv/lib/python3.12/site-packages/airflow/example_dags/example_external_task_marker_dag.py
[2025-07-18T09:26:39.999+0700] {processor.py:840} INFO - DAG(s) 'example_external_task_marker_child', 'example_external_task_marker_parent' retrieved from /home/menglim/airflow_venv/lib/python3.12/site-packages/airflow/example_dags/example_external_task_marker_dag.py
[2025-07-18T09:26:40.018+0700] {logging_mixin.py:188} INFO - [2025-07-18T09:26:40.017+0700] {dag.py:3096} INFO - Sync 2 DAGs
[2025-07-18T09:26:40.027+0700] {logging_mixin.py:188} INFO - [2025-07-18T09:26:40.027+0700] {dag.py:3954} INFO - Setting next_dagrun for example_external_task_marker_child to None, run_after=None
[2025-07-18T09:26:40.032+0700] {logging_mixin.py:188} INFO - [2025-07-18T09:26:40.032+0700] {dag.py:3954} INFO - Setting next_dagrun for example_external_task_marker_parent to None, run_after=None
[2025-07-18T09:26:40.059+0700] {processor.py:183} INFO - Processing /home/menglim/airflow_venv/lib/python3.12/site-packages/airflow/example_dags/example_external_task_marker_dag.py took 0.074 seconds
[2025-07-18T09:27:36.756+0700] {processor.py:161} INFO - Started process (PID=7335) to work on /home/menglim/airflow_venv/lib/python3.12/site-packages/airflow/example_dags/example_external_task_marker_dag.py
[2025-07-18T09:27:36.757+0700] {processor.py:830} INFO - Processing file /home/menglim/airflow_venv/lib/python3.12/site-packages/airflow/example_dags/example_external_task_marker_dag.py for tasks to queue
[2025-07-18T09:27:36.758+0700] {logging_mixin.py:188} INFO - [2025-07-18T09:27:36.757+0700] {dagbag.py:545} INFO - Filling up the DagBag from /home/menglim/airflow_venv/lib/python3.12/site-packages/airflow/example_dags/example_external_task_marker_dag.py
[2025-07-18T09:27:36.763+0700] {processor.py:840} INFO - DAG(s) 'example_external_task_marker_child', 'example_external_task_marker_parent' retrieved from /home/menglim/airflow_venv/lib/python3.12/site-packages/airflow/example_dags/example_external_task_marker_dag.py
[2025-07-18T09:27:36.775+0700] {logging_mixin.py:188} INFO - [2025-07-18T09:27:36.775+0700] {dag.py:3096} INFO - Sync 2 DAGs
[2025-07-18T09:27:36.783+0700] {logging_mixin.py:188} INFO - [2025-07-18T09:27:36.783+0700] {dag.py:3954} INFO - Setting next_dagrun for example_external_task_marker_child to None, run_after=None
[2025-07-18T09:27:36.785+0700] {logging_mixin.py:188} INFO - [2025-07-18T09:27:36.785+0700] {dag.py:3954} INFO - Setting next_dagrun for example_external_task_marker_parent to None, run_after=None
[2025-07-18T09:27:36.808+0700] {processor.py:183} INFO - Processing /home/menglim/airflow_venv/lib/python3.12/site-packages/airflow/example_dags/example_external_task_marker_dag.py took 0.056 seconds
[2025-07-18T09:28:56.955+0700] {processor.py:161} INFO - Started process (PID=7446) to work on /home/menglim/airflow_venv/lib/python3.12/site-packages/airflow/example_dags/example_external_task_marker_dag.py
[2025-07-18T09:28:56.957+0700] {processor.py:830} INFO - Processing file /home/menglim/airflow_venv/lib/python3.12/site-packages/airflow/example_dags/example_external_task_marker_dag.py for tasks to queue
[2025-07-18T09:28:56.958+0700] {logging_mixin.py:188} INFO - [2025-07-18T09:28:56.957+0700] {dagbag.py:545} INFO - Filling up the DagBag from /home/menglim/airflow_venv/lib/python3.12/site-packages/airflow/example_dags/example_external_task_marker_dag.py
[2025-07-18T09:28:56.962+0700] {processor.py:840} INFO - DAG(s) 'example_external_task_marker_parent', 'example_external_task_marker_child' retrieved from /home/menglim/airflow_venv/lib/python3.12/site-packages/airflow/example_dags/example_external_task_marker_dag.py
[2025-07-18T09:28:56.972+0700] {logging_mixin.py:188} INFO - [2025-07-18T09:28:56.972+0700] {dag.py:3096} INFO - Sync 2 DAGs
[2025-07-18T09:28:56.978+0700] {logging_mixin.py:188} INFO - [2025-07-18T09:28:56.978+0700] {dag.py:3954} INFO - Setting next_dagrun for example_external_task_marker_child to None, run_after=None
[2025-07-18T09:28:56.979+0700] {logging_mixin.py:188} INFO - [2025-07-18T09:28:56.979+0700] {dag.py:3954} INFO - Setting next_dagrun for example_external_task_marker_parent to None, run_after=None
[2025-07-18T09:28:57.002+0700] {processor.py:183} INFO - Processing /home/menglim/airflow_venv/lib/python3.12/site-packages/airflow/example_dags/example_external_task_marker_dag.py took 0.052 seconds
[2025-07-18T09:29:49.987+0700] {processor.py:161} INFO - Started process (PID=7552) to work on /home/menglim/airflow_venv/lib/python3.12/site-packages/airflow/example_dags/example_external_task_marker_dag.py
[2025-07-18T09:29:49.989+0700] {processor.py:830} INFO - Processing file /home/menglim/airflow_venv/lib/python3.12/site-packages/airflow/example_dags/example_external_task_marker_dag.py for tasks to queue
[2025-07-18T09:29:49.990+0700] {logging_mixin.py:188} INFO - [2025-07-18T09:29:49.990+0700] {dagbag.py:545} INFO - Filling up the DagBag from /home/menglim/airflow_venv/lib/python3.12/site-packages/airflow/example_dags/example_external_task_marker_dag.py
[2025-07-18T09:29:49.994+0700] {processor.py:840} INFO - DAG(s) 'example_external_task_marker_parent', 'example_external_task_marker_child' retrieved from /home/menglim/airflow_venv/lib/python3.12/site-packages/airflow/example_dags/example_external_task_marker_dag.py
[2025-07-18T09:29:50.005+0700] {logging_mixin.py:188} INFO - [2025-07-18T09:29:50.004+0700] {dag.py:3096} INFO - Sync 2 DAGs
[2025-07-18T09:29:50.011+0700] {logging_mixin.py:188} INFO - [2025-07-18T09:29:50.011+0700] {dag.py:3954} INFO - Setting next_dagrun for example_external_task_marker_child to None, run_after=None
[2025-07-18T09:29:50.013+0700] {logging_mixin.py:188} INFO - [2025-07-18T09:29:50.012+0700] {dag.py:3954} INFO - Setting next_dagrun for example_external_task_marker_parent to None, run_after=None
[2025-07-18T09:29:50.034+0700] {processor.py:183} INFO - Processing /home/menglim/airflow_venv/lib/python3.12/site-packages/airflow/example_dags/example_external_task_marker_dag.py took 0.050 seconds
[2025-07-18T09:31:02.436+0700] {processor.py:161} INFO - Started process (PID=7652) to work on /home/menglim/airflow_venv/lib/python3.12/site-packages/airflow/example_dags/example_external_task_marker_dag.py
[2025-07-18T09:31:02.438+0700] {processor.py:830} INFO - Processing file /home/menglim/airflow_venv/lib/python3.12/site-packages/airflow/example_dags/example_external_task_marker_dag.py for tasks to queue
[2025-07-18T09:31:02.439+0700] {logging_mixin.py:188} INFO - [2025-07-18T09:31:02.438+0700] {dagbag.py:545} INFO - Filling up the DagBag from /home/menglim/airflow_venv/lib/python3.12/site-packages/airflow/example_dags/example_external_task_marker_dag.py
[2025-07-18T09:31:02.442+0700] {processor.py:840} INFO - DAG(s) 'example_external_task_marker_parent', 'example_external_task_marker_child' retrieved from /home/menglim/airflow_venv/lib/python3.12/site-packages/airflow/example_dags/example_external_task_marker_dag.py
[2025-07-18T09:31:02.453+0700] {logging_mixin.py:188} INFO - [2025-07-18T09:31:02.453+0700] {dag.py:3096} INFO - Sync 2 DAGs
[2025-07-18T09:31:02.459+0700] {logging_mixin.py:188} INFO - [2025-07-18T09:31:02.459+0700] {dag.py:3954} INFO - Setting next_dagrun for example_external_task_marker_child to None, run_after=None
[2025-07-18T09:31:02.461+0700] {logging_mixin.py:188} INFO - [2025-07-18T09:31:02.461+0700] {dag.py:3954} INFO - Setting next_dagrun for example_external_task_marker_parent to None, run_after=None
[2025-07-18T09:31:02.479+0700] {processor.py:183} INFO - Processing /home/menglim/airflow_venv/lib/python3.12/site-packages/airflow/example_dags/example_external_task_marker_dag.py took 0.047 seconds
[2025-07-18T09:31:58.876+0700] {processor.py:161} INFO - Started process (PID=7736) to work on /home/menglim/airflow_venv/lib/python3.12/site-packages/airflow/example_dags/example_external_task_marker_dag.py
[2025-07-18T09:31:58.879+0700] {processor.py:830} INFO - Processing file /home/menglim/airflow_venv/lib/python3.12/site-packages/airflow/example_dags/example_external_task_marker_dag.py for tasks to queue
[2025-07-18T09:31:58.879+0700] {logging_mixin.py:188} INFO - [2025-07-18T09:31:58.879+0700] {dagbag.py:545} INFO - Filling up the DagBag from /home/menglim/airflow_venv/lib/python3.12/site-packages/airflow/example_dags/example_external_task_marker_dag.py
[2025-07-18T09:31:58.883+0700] {processor.py:840} INFO - DAG(s) 'example_external_task_marker_parent', 'example_external_task_marker_child' retrieved from /home/menglim/airflow_venv/lib/python3.12/site-packages/airflow/example_dags/example_external_task_marker_dag.py
[2025-07-18T09:31:58.893+0700] {logging_mixin.py:188} INFO - [2025-07-18T09:31:58.893+0700] {dag.py:3096} INFO - Sync 2 DAGs
[2025-07-18T09:31:58.899+0700] {logging_mixin.py:188} INFO - [2025-07-18T09:31:58.899+0700] {dag.py:3954} INFO - Setting next_dagrun for example_external_task_marker_child to None, run_after=None
[2025-07-18T09:31:58.901+0700] {logging_mixin.py:188} INFO - [2025-07-18T09:31:58.901+0700] {dag.py:3954} INFO - Setting next_dagrun for example_external_task_marker_parent to None, run_after=None
[2025-07-18T09:31:58.921+0700] {processor.py:183} INFO - Processing /home/menglim/airflow_venv/lib/python3.12/site-packages/airflow/example_dags/example_external_task_marker_dag.py took 0.048 seconds
[2025-07-18T09:33:12.886+0700] {processor.py:161} INFO - Started process (PID=7869) to work on /home/menglim/airflow_venv/lib/python3.12/site-packages/airflow/example_dags/example_external_task_marker_dag.py
[2025-07-18T09:33:12.887+0700] {processor.py:830} INFO - Processing file /home/menglim/airflow_venv/lib/python3.12/site-packages/airflow/example_dags/example_external_task_marker_dag.py for tasks to queue
[2025-07-18T09:33:12.888+0700] {logging_mixin.py:188} INFO - [2025-07-18T09:33:12.887+0700] {dagbag.py:545} INFO - Filling up the DagBag from /home/menglim/airflow_venv/lib/python3.12/site-packages/airflow/example_dags/example_external_task_marker_dag.py
[2025-07-18T09:33:12.892+0700] {processor.py:840} INFO - DAG(s) 'example_external_task_marker_child', 'example_external_task_marker_parent' retrieved from /home/menglim/airflow_venv/lib/python3.12/site-packages/airflow/example_dags/example_external_task_marker_dag.py
[2025-07-18T09:33:12.904+0700] {logging_mixin.py:188} INFO - [2025-07-18T09:33:12.904+0700] {dag.py:3096} INFO - Sync 2 DAGs
[2025-07-18T09:33:12.911+0700] {logging_mixin.py:188} INFO - [2025-07-18T09:33:12.911+0700] {dag.py:3954} INFO - Setting next_dagrun for example_external_task_marker_child to None, run_after=None
[2025-07-18T09:33:12.913+0700] {logging_mixin.py:188} INFO - [2025-07-18T09:33:12.913+0700] {dag.py:3954} INFO - Setting next_dagrun for example_external_task_marker_parent to None, run_after=None
[2025-07-18T09:33:12.934+0700] {processor.py:183} INFO - Processing /home/menglim/airflow_venv/lib/python3.12/site-packages/airflow/example_dags/example_external_task_marker_dag.py took 0.051 seconds
[2025-07-18T09:34:27.472+0700] {processor.py:161} INFO - Started process (PID=8044) to work on /home/menglim/airflow_venv/lib/python3.12/site-packages/airflow/example_dags/example_external_task_marker_dag.py
[2025-07-18T09:34:27.474+0700] {processor.py:830} INFO - Processing file /home/menglim/airflow_venv/lib/python3.12/site-packages/airflow/example_dags/example_external_task_marker_dag.py for tasks to queue
[2025-07-18T09:34:27.475+0700] {logging_mixin.py:188} INFO - [2025-07-18T09:34:27.474+0700] {dagbag.py:545} INFO - Filling up the DagBag from /home/menglim/airflow_venv/lib/python3.12/site-packages/airflow/example_dags/example_external_task_marker_dag.py
[2025-07-18T09:34:27.479+0700] {processor.py:840} INFO - DAG(s) 'example_external_task_marker_child', 'example_external_task_marker_parent' retrieved from /home/menglim/airflow_venv/lib/python3.12/site-packages/airflow/example_dags/example_external_task_marker_dag.py
[2025-07-18T09:34:27.490+0700] {logging_mixin.py:188} INFO - [2025-07-18T09:34:27.490+0700] {dag.py:3096} INFO - Sync 2 DAGs
[2025-07-18T09:34:27.497+0700] {logging_mixin.py:188} INFO - [2025-07-18T09:34:27.497+0700] {dag.py:3954} INFO - Setting next_dagrun for example_external_task_marker_child to None, run_after=None
[2025-07-18T09:34:27.499+0700] {logging_mixin.py:188} INFO - [2025-07-18T09:34:27.499+0700] {dag.py:3954} INFO - Setting next_dagrun for example_external_task_marker_parent to None, run_after=None
[2025-07-18T09:34:27.517+0700] {processor.py:183} INFO - Processing /home/menglim/airflow_venv/lib/python3.12/site-packages/airflow/example_dags/example_external_task_marker_dag.py took 0.048 seconds
[2025-07-18T09:35:44.904+0700] {processor.py:161} INFO - Started process (PID=8192) to work on /home/menglim/airflow_venv/lib/python3.12/site-packages/airflow/example_dags/example_external_task_marker_dag.py
[2025-07-18T09:35:44.906+0700] {processor.py:830} INFO - Processing file /home/menglim/airflow_venv/lib/python3.12/site-packages/airflow/example_dags/example_external_task_marker_dag.py for tasks to queue
[2025-07-18T09:35:44.907+0700] {logging_mixin.py:188} INFO - [2025-07-18T09:35:44.907+0700] {dagbag.py:545} INFO - Filling up the DagBag from /home/menglim/airflow_venv/lib/python3.12/site-packages/airflow/example_dags/example_external_task_marker_dag.py
[2025-07-18T09:35:44.911+0700] {processor.py:840} INFO - DAG(s) 'example_external_task_marker_child', 'example_external_task_marker_parent' retrieved from /home/menglim/airflow_venv/lib/python3.12/site-packages/airflow/example_dags/example_external_task_marker_dag.py
[2025-07-18T09:35:44.922+0700] {logging_mixin.py:188} INFO - [2025-07-18T09:35:44.922+0700] {dag.py:3096} INFO - Sync 2 DAGs
[2025-07-18T09:35:44.928+0700] {logging_mixin.py:188} INFO - [2025-07-18T09:35:44.928+0700] {dag.py:3954} INFO - Setting next_dagrun for example_external_task_marker_child to None, run_after=None
[2025-07-18T09:35:44.930+0700] {logging_mixin.py:188} INFO - [2025-07-18T09:35:44.930+0700] {dag.py:3954} INFO - Setting next_dagrun for example_external_task_marker_parent to None, run_after=None
[2025-07-18T09:35:44.971+0700] {processor.py:183} INFO - Processing /home/menglim/airflow_venv/lib/python3.12/site-packages/airflow/example_dags/example_external_task_marker_dag.py took 0.071 seconds
[2025-07-18T09:36:38.713+0700] {processor.py:161} INFO - Started process (PID=8283) to work on /home/menglim/airflow_venv/lib/python3.12/site-packages/airflow/example_dags/example_external_task_marker_dag.py
[2025-07-18T09:36:38.718+0700] {processor.py:830} INFO - Processing file /home/menglim/airflow_venv/lib/python3.12/site-packages/airflow/example_dags/example_external_task_marker_dag.py for tasks to queue
[2025-07-18T09:36:38.721+0700] {logging_mixin.py:188} INFO - [2025-07-18T09:36:38.720+0700] {dagbag.py:545} INFO - Filling up the DagBag from /home/menglim/airflow_venv/lib/python3.12/site-packages/airflow/example_dags/example_external_task_marker_dag.py
[2025-07-18T09:36:38.732+0700] {processor.py:840} INFO - DAG(s) 'example_external_task_marker_child', 'example_external_task_marker_parent' retrieved from /home/menglim/airflow_venv/lib/python3.12/site-packages/airflow/example_dags/example_external_task_marker_dag.py
[2025-07-18T09:36:38.767+0700] {logging_mixin.py:188} INFO - [2025-07-18T09:36:38.767+0700] {dag.py:3096} INFO - Sync 2 DAGs
[2025-07-18T09:36:38.781+0700] {logging_mixin.py:188} INFO - [2025-07-18T09:36:38.781+0700] {dag.py:3954} INFO - Setting next_dagrun for example_external_task_marker_child to None, run_after=None
[2025-07-18T09:36:38.787+0700] {logging_mixin.py:188} INFO - [2025-07-18T09:36:38.787+0700] {dag.py:3954} INFO - Setting next_dagrun for example_external_task_marker_parent to None, run_after=None
[2025-07-18T09:36:38.994+0700] {processor.py:183} INFO - Processing /home/menglim/airflow_venv/lib/python3.12/site-packages/airflow/example_dags/example_external_task_marker_dag.py took 0.286 seconds
