[2025-07-18T09:00:12.807+0700] {processor.py:161} INFO - Started process (PID=2982) to work on /home/menglim/airflow_venv/lib/python3.12/site-packages/airflow/example_dags/example_python_operator.py
[2025-07-18T09:00:12.808+0700] {processor.py:830} INFO - Processing file /home/menglim/airflow_venv/lib/python3.12/site-packages/airflow/example_dags/example_python_operator.py for tasks to queue
[2025-07-18T09:00:12.809+0700] {logging_mixin.py:188} INFO - [2025-07-18T09:00:12.808+0700] {dagbag.py:545} INFO - Filling up the DagBag from /home/menglim/airflow_venv/lib/python3.12/site-packages/airflow/example_dags/example_python_operator.py
[2025-07-18T09:00:12.843+0700] {logging_mixin.py:188} INFO - [2025-07-18T09:00:12.843+0700] {example_python_operator.py:93} WARNING - The virtalenv_python example task requires virtualenv, please install it.
[2025-07-18T09:00:12.845+0700] {processor.py:840} INFO - DAG(s) 'example_python_operator' retrieved from /home/menglim/airflow_venv/lib/python3.12/site-packages/airflow/example_dags/example_python_operator.py
[2025-07-18T09:00:12.849+0700] {logging_mixin.py:188} INFO - [2025-07-18T09:00:12.849+0700] {dag.py:3096} INFO - Sync 1 DAGs
[2025-07-18T09:00:12.856+0700] {logging_mixin.py:188} INFO - [2025-07-18T09:00:12.856+0700] {dag.py:3954} INFO - Setting next_dagrun for example_python_operator to None, run_after=None
[2025-07-18T09:00:12.879+0700] {processor.py:183} INFO - Processing /home/menglim/airflow_venv/lib/python3.12/site-packages/airflow/example_dags/example_python_operator.py took 0.075 seconds
[2025-07-18T09:01:05.828+0700] {processor.py:161} INFO - Started process (PID=3318) to work on /home/menglim/airflow_venv/lib/python3.12/site-packages/airflow/example_dags/example_python_operator.py
[2025-07-18T09:01:05.829+0700] {processor.py:830} INFO - Processing file /home/menglim/airflow_venv/lib/python3.12/site-packages/airflow/example_dags/example_python_operator.py for tasks to queue
[2025-07-18T09:01:05.830+0700] {logging_mixin.py:188} INFO - [2025-07-18T09:01:05.830+0700] {dagbag.py:545} INFO - Filling up the DagBag from /home/menglim/airflow_venv/lib/python3.12/site-packages/airflow/example_dags/example_python_operator.py
[2025-07-18T09:01:05.863+0700] {logging_mixin.py:188} INFO - [2025-07-18T09:01:05.863+0700] {example_python_operator.py:93} WARNING - The virtalenv_python example task requires virtualenv, please install it.
[2025-07-18T09:01:05.863+0700] {processor.py:840} INFO - DAG(s) 'example_python_operator' retrieved from /home/menglim/airflow_venv/lib/python3.12/site-packages/airflow/example_dags/example_python_operator.py
[2025-07-18T09:01:05.918+0700] {logging_mixin.py:188} INFO - [2025-07-18T09:01:05.918+0700] {dag.py:3096} INFO - Sync 1 DAGs
[2025-07-18T09:01:05.923+0700] {logging_mixin.py:188} INFO - [2025-07-18T09:01:05.922+0700] {dag.py:3954} INFO - Setting next_dagrun for example_python_operator to None, run_after=None
[2025-07-18T09:01:05.946+0700] {processor.py:183} INFO - Processing /home/menglim/airflow_venv/lib/python3.12/site-packages/airflow/example_dags/example_python_operator.py took 0.121 seconds
[2025-07-18T09:01:58.853+0700] {processor.py:161} INFO - Started process (PID=3439) to work on /home/menglim/airflow_venv/lib/python3.12/site-packages/airflow/example_dags/example_python_operator.py
[2025-07-18T09:01:58.854+0700] {processor.py:830} INFO - Processing file /home/menglim/airflow_venv/lib/python3.12/site-packages/airflow/example_dags/example_python_operator.py for tasks to queue
[2025-07-18T09:01:58.855+0700] {logging_mixin.py:188} INFO - [2025-07-18T09:01:58.855+0700] {dagbag.py:545} INFO - Filling up the DagBag from /home/menglim/airflow_venv/lib/python3.12/site-packages/airflow/example_dags/example_python_operator.py
[2025-07-18T09:01:58.890+0700] {logging_mixin.py:188} INFO - [2025-07-18T09:01:58.890+0700] {example_python_operator.py:93} WARNING - The virtalenv_python example task requires virtualenv, please install it.
[2025-07-18T09:01:58.891+0700] {processor.py:840} INFO - DAG(s) 'example_python_operator' retrieved from /home/menglim/airflow_venv/lib/python3.12/site-packages/airflow/example_dags/example_python_operator.py
[2025-07-18T09:01:58.910+0700] {logging_mixin.py:188} INFO - [2025-07-18T09:01:58.910+0700] {dag.py:3096} INFO - Sync 1 DAGs
[2025-07-18T09:01:58.917+0700] {logging_mixin.py:188} INFO - [2025-07-18T09:01:58.917+0700] {dag.py:3954} INFO - Setting next_dagrun for example_python_operator to None, run_after=None
[2025-07-18T09:01:58.944+0700] {processor.py:183} INFO - Processing /home/menglim/airflow_venv/lib/python3.12/site-packages/airflow/example_dags/example_python_operator.py took 0.095 seconds
[2025-07-18T09:02:58.595+0700] {processor.py:161} INFO - Started process (PID=3594) to work on /home/menglim/airflow_venv/lib/python3.12/site-packages/airflow/example_dags/example_python_operator.py
[2025-07-18T09:02:58.597+0700] {processor.py:830} INFO - Processing file /home/menglim/airflow_venv/lib/python3.12/site-packages/airflow/example_dags/example_python_operator.py for tasks to queue
[2025-07-18T09:02:58.598+0700] {logging_mixin.py:188} INFO - [2025-07-18T09:02:58.598+0700] {dagbag.py:545} INFO - Filling up the DagBag from /home/menglim/airflow_venv/lib/python3.12/site-packages/airflow/example_dags/example_python_operator.py
[2025-07-18T09:02:58.626+0700] {logging_mixin.py:188} INFO - [2025-07-18T09:02:58.626+0700] {example_python_operator.py:93} WARNING - The virtalenv_python example task requires virtualenv, please install it.
[2025-07-18T09:02:58.626+0700] {processor.py:840} INFO - DAG(s) 'example_python_operator' retrieved from /home/menglim/airflow_venv/lib/python3.12/site-packages/airflow/example_dags/example_python_operator.py
[2025-07-18T09:02:58.636+0700] {logging_mixin.py:188} INFO - [2025-07-18T09:02:58.635+0700] {dag.py:3096} INFO - Sync 1 DAGs
[2025-07-18T09:02:58.642+0700] {logging_mixin.py:188} INFO - [2025-07-18T09:02:58.642+0700] {dag.py:3954} INFO - Setting next_dagrun for example_python_operator to None, run_after=None
[2025-07-18T09:02:58.667+0700] {processor.py:183} INFO - Processing /home/menglim/airflow_venv/lib/python3.12/site-packages/airflow/example_dags/example_python_operator.py took 0.078 seconds
[2025-07-18T09:03:54.123+0700] {processor.py:161} INFO - Started process (PID=3677) to work on /home/menglim/airflow_venv/lib/python3.12/site-packages/airflow/example_dags/example_python_operator.py
[2025-07-18T09:03:54.125+0700] {processor.py:830} INFO - Processing file /home/menglim/airflow_venv/lib/python3.12/site-packages/airflow/example_dags/example_python_operator.py for tasks to queue
[2025-07-18T09:03:54.126+0700] {logging_mixin.py:188} INFO - [2025-07-18T09:03:54.126+0700] {dagbag.py:545} INFO - Filling up the DagBag from /home/menglim/airflow_venv/lib/python3.12/site-packages/airflow/example_dags/example_python_operator.py
[2025-07-18T09:03:54.158+0700] {logging_mixin.py:188} INFO - [2025-07-18T09:03:54.158+0700] {example_python_operator.py:93} WARNING - The virtalenv_python example task requires virtualenv, please install it.
[2025-07-18T09:03:54.158+0700] {processor.py:840} INFO - DAG(s) 'example_python_operator' retrieved from /home/menglim/airflow_venv/lib/python3.12/site-packages/airflow/example_dags/example_python_operator.py
[2025-07-18T09:03:54.168+0700] {logging_mixin.py:188} INFO - [2025-07-18T09:03:54.168+0700] {dag.py:3096} INFO - Sync 1 DAGs
[2025-07-18T09:03:54.175+0700] {logging_mixin.py:188} INFO - [2025-07-18T09:03:54.175+0700] {dag.py:3954} INFO - Setting next_dagrun for example_python_operator to None, run_after=None
[2025-07-18T09:03:54.199+0700] {processor.py:183} INFO - Processing /home/menglim/airflow_venv/lib/python3.12/site-packages/airflow/example_dags/example_python_operator.py took 0.080 seconds
[2025-07-18T09:04:51.521+0700] {processor.py:161} INFO - Started process (PID=3797) to work on /home/menglim/airflow_venv/lib/python3.12/site-packages/airflow/example_dags/example_python_operator.py
[2025-07-18T09:04:51.523+0700] {processor.py:830} INFO - Processing file /home/menglim/airflow_venv/lib/python3.12/site-packages/airflow/example_dags/example_python_operator.py for tasks to queue
[2025-07-18T09:04:51.524+0700] {logging_mixin.py:188} INFO - [2025-07-18T09:04:51.524+0700] {dagbag.py:545} INFO - Filling up the DagBag from /home/menglim/airflow_venv/lib/python3.12/site-packages/airflow/example_dags/example_python_operator.py
[2025-07-18T09:04:51.561+0700] {logging_mixin.py:188} INFO - [2025-07-18T09:04:51.561+0700] {example_python_operator.py:93} WARNING - The virtalenv_python example task requires virtualenv, please install it.
[2025-07-18T09:04:51.562+0700] {processor.py:840} INFO - DAG(s) 'example_python_operator' retrieved from /home/menglim/airflow_venv/lib/python3.12/site-packages/airflow/example_dags/example_python_operator.py
[2025-07-18T09:04:51.572+0700] {logging_mixin.py:188} INFO - [2025-07-18T09:04:51.572+0700] {dag.py:3096} INFO - Sync 1 DAGs
[2025-07-18T09:04:51.578+0700] {logging_mixin.py:188} INFO - [2025-07-18T09:04:51.578+0700] {dag.py:3954} INFO - Setting next_dagrun for example_python_operator to None, run_after=None
[2025-07-18T09:04:51.599+0700] {processor.py:183} INFO - Processing /home/menglim/airflow_venv/lib/python3.12/site-packages/airflow/example_dags/example_python_operator.py took 0.081 seconds
[2025-07-18T09:05:47.407+0700] {processor.py:161} INFO - Started process (PID=3893) to work on /home/menglim/airflow_venv/lib/python3.12/site-packages/airflow/example_dags/example_python_operator.py
[2025-07-18T09:05:47.409+0700] {processor.py:830} INFO - Processing file /home/menglim/airflow_venv/lib/python3.12/site-packages/airflow/example_dags/example_python_operator.py for tasks to queue
[2025-07-18T09:05:47.410+0700] {logging_mixin.py:188} INFO - [2025-07-18T09:05:47.410+0700] {dagbag.py:545} INFO - Filling up the DagBag from /home/menglim/airflow_venv/lib/python3.12/site-packages/airflow/example_dags/example_python_operator.py
[2025-07-18T09:05:47.442+0700] {logging_mixin.py:188} INFO - [2025-07-18T09:05:47.441+0700] {example_python_operator.py:93} WARNING - The virtalenv_python example task requires virtualenv, please install it.
[2025-07-18T09:05:47.442+0700] {processor.py:840} INFO - DAG(s) 'example_python_operator' retrieved from /home/menglim/airflow_venv/lib/python3.12/site-packages/airflow/example_dags/example_python_operator.py
[2025-07-18T09:05:47.454+0700] {logging_mixin.py:188} INFO - [2025-07-18T09:05:47.454+0700] {dag.py:3096} INFO - Sync 1 DAGs
[2025-07-18T09:05:47.462+0700] {logging_mixin.py:188} INFO - [2025-07-18T09:05:47.461+0700] {dag.py:3954} INFO - Setting next_dagrun for example_python_operator to None, run_after=None
[2025-07-18T09:05:47.487+0700] {processor.py:183} INFO - Processing /home/menglim/airflow_venv/lib/python3.12/site-packages/airflow/example_dags/example_python_operator.py took 0.084 seconds
[2025-07-18T09:06:42.232+0700] {processor.py:161} INFO - Started process (PID=3964) to work on /home/menglim/airflow_venv/lib/python3.12/site-packages/airflow/example_dags/example_python_operator.py
[2025-07-18T09:06:42.233+0700] {processor.py:830} INFO - Processing file /home/menglim/airflow_venv/lib/python3.12/site-packages/airflow/example_dags/example_python_operator.py for tasks to queue
[2025-07-18T09:06:42.234+0700] {logging_mixin.py:188} INFO - [2025-07-18T09:06:42.234+0700] {dagbag.py:545} INFO - Filling up the DagBag from /home/menglim/airflow_venv/lib/python3.12/site-packages/airflow/example_dags/example_python_operator.py
[2025-07-18T09:06:42.277+0700] {logging_mixin.py:188} INFO - [2025-07-18T09:06:42.277+0700] {example_python_operator.py:93} WARNING - The virtalenv_python example task requires virtualenv, please install it.
[2025-07-18T09:06:42.277+0700] {processor.py:840} INFO - DAG(s) 'example_python_operator' retrieved from /home/menglim/airflow_venv/lib/python3.12/site-packages/airflow/example_dags/example_python_operator.py
[2025-07-18T09:06:42.290+0700] {logging_mixin.py:188} INFO - [2025-07-18T09:06:42.289+0700] {dag.py:3096} INFO - Sync 1 DAGs
[2025-07-18T09:06:42.296+0700] {logging_mixin.py:188} INFO - [2025-07-18T09:06:42.296+0700] {dag.py:3954} INFO - Setting next_dagrun for example_python_operator to None, run_after=None
[2025-07-18T09:06:42.320+0700] {processor.py:183} INFO - Processing /home/menglim/airflow_venv/lib/python3.12/site-packages/airflow/example_dags/example_python_operator.py took 0.091 seconds
[2025-07-18T09:07:39.635+0700] {processor.py:161} INFO - Started process (PID=4092) to work on /home/menglim/airflow_venv/lib/python3.12/site-packages/airflow/example_dags/example_python_operator.py
[2025-07-18T09:07:39.640+0700] {processor.py:830} INFO - Processing file /home/menglim/airflow_venv/lib/python3.12/site-packages/airflow/example_dags/example_python_operator.py for tasks to queue
[2025-07-18T09:07:39.641+0700] {logging_mixin.py:188} INFO - [2025-07-18T09:07:39.641+0700] {dagbag.py:545} INFO - Filling up the DagBag from /home/menglim/airflow_venv/lib/python3.12/site-packages/airflow/example_dags/example_python_operator.py
[2025-07-18T09:07:39.685+0700] {logging_mixin.py:188} INFO - [2025-07-18T09:07:39.685+0700] {example_python_operator.py:93} WARNING - The virtalenv_python example task requires virtualenv, please install it.
[2025-07-18T09:07:39.686+0700] {processor.py:840} INFO - DAG(s) 'example_python_operator' retrieved from /home/menglim/airflow_venv/lib/python3.12/site-packages/airflow/example_dags/example_python_operator.py
[2025-07-18T09:07:39.706+0700] {logging_mixin.py:188} INFO - [2025-07-18T09:07:39.706+0700] {dag.py:3096} INFO - Sync 1 DAGs
[2025-07-18T09:07:39.719+0700] {logging_mixin.py:188} INFO - [2025-07-18T09:07:39.719+0700] {dag.py:3954} INFO - Setting next_dagrun for example_python_operator to None, run_after=None
[2025-07-18T09:07:39.755+0700] {processor.py:183} INFO - Processing /home/menglim/airflow_venv/lib/python3.12/site-packages/airflow/example_dags/example_python_operator.py took 0.126 seconds
[2025-07-18T09:08:38.830+0700] {processor.py:161} INFO - Started process (PID=4197) to work on /home/menglim/airflow_venv/lib/python3.12/site-packages/airflow/example_dags/example_python_operator.py
[2025-07-18T09:08:38.833+0700] {processor.py:830} INFO - Processing file /home/menglim/airflow_venv/lib/python3.12/site-packages/airflow/example_dags/example_python_operator.py for tasks to queue
[2025-07-18T09:08:38.834+0700] {logging_mixin.py:188} INFO - [2025-07-18T09:08:38.833+0700] {dagbag.py:545} INFO - Filling up the DagBag from /home/menglim/airflow_venv/lib/python3.12/site-packages/airflow/example_dags/example_python_operator.py
[2025-07-18T09:08:38.862+0700] {logging_mixin.py:188} INFO - [2025-07-18T09:08:38.862+0700] {example_python_operator.py:93} WARNING - The virtalenv_python example task requires virtualenv, please install it.
[2025-07-18T09:08:38.862+0700] {processor.py:840} INFO - DAG(s) 'example_python_operator' retrieved from /home/menglim/airflow_venv/lib/python3.12/site-packages/airflow/example_dags/example_python_operator.py
[2025-07-18T09:08:38.872+0700] {logging_mixin.py:188} INFO - [2025-07-18T09:08:38.872+0700] {dag.py:3096} INFO - Sync 1 DAGs
[2025-07-18T09:08:38.878+0700] {logging_mixin.py:188} INFO - [2025-07-18T09:08:38.878+0700] {dag.py:3954} INFO - Setting next_dagrun for example_python_operator to None, run_after=None
[2025-07-18T09:08:38.900+0700] {processor.py:183} INFO - Processing /home/menglim/airflow_venv/lib/python3.12/site-packages/airflow/example_dags/example_python_operator.py took 0.073 seconds
[2025-07-18T09:09:31.751+0700] {processor.py:161} INFO - Started process (PID=4299) to work on /home/menglim/airflow_venv/lib/python3.12/site-packages/airflow/example_dags/example_python_operator.py
[2025-07-18T09:09:31.752+0700] {processor.py:830} INFO - Processing file /home/menglim/airflow_venv/lib/python3.12/site-packages/airflow/example_dags/example_python_operator.py for tasks to queue
[2025-07-18T09:09:31.753+0700] {logging_mixin.py:188} INFO - [2025-07-18T09:09:31.753+0700] {dagbag.py:545} INFO - Filling up the DagBag from /home/menglim/airflow_venv/lib/python3.12/site-packages/airflow/example_dags/example_python_operator.py
[2025-07-18T09:09:31.790+0700] {logging_mixin.py:188} INFO - [2025-07-18T09:09:31.790+0700] {example_python_operator.py:93} WARNING - The virtalenv_python example task requires virtualenv, please install it.
[2025-07-18T09:09:31.790+0700] {processor.py:840} INFO - DAG(s) 'example_python_operator' retrieved from /home/menglim/airflow_venv/lib/python3.12/site-packages/airflow/example_dags/example_python_operator.py
[2025-07-18T09:09:31.802+0700] {logging_mixin.py:188} INFO - [2025-07-18T09:09:31.802+0700] {dag.py:3096} INFO - Sync 1 DAGs
[2025-07-18T09:09:31.809+0700] {logging_mixin.py:188} INFO - [2025-07-18T09:09:31.809+0700] {dag.py:3954} INFO - Setting next_dagrun for example_python_operator to None, run_after=None
[2025-07-18T09:09:31.837+0700] {processor.py:183} INFO - Processing /home/menglim/airflow_venv/lib/python3.12/site-packages/airflow/example_dags/example_python_operator.py took 0.089 seconds
[2025-07-18T09:10:21.447+0700] {processor.py:161} INFO - Started process (PID=4379) to work on /home/menglim/airflow_venv/lib/python3.12/site-packages/airflow/example_dags/example_python_operator.py
[2025-07-18T09:10:21.449+0700] {processor.py:830} INFO - Processing file /home/menglim/airflow_venv/lib/python3.12/site-packages/airflow/example_dags/example_python_operator.py for tasks to queue
[2025-07-18T09:10:21.450+0700] {logging_mixin.py:188} INFO - [2025-07-18T09:10:21.449+0700] {dagbag.py:545} INFO - Filling up the DagBag from /home/menglim/airflow_venv/lib/python3.12/site-packages/airflow/example_dags/example_python_operator.py
[2025-07-18T09:10:21.483+0700] {logging_mixin.py:188} INFO - [2025-07-18T09:10:21.483+0700] {example_python_operator.py:93} WARNING - The virtalenv_python example task requires virtualenv, please install it.
[2025-07-18T09:10:21.483+0700] {processor.py:840} INFO - DAG(s) 'example_python_operator' retrieved from /home/menglim/airflow_venv/lib/python3.12/site-packages/airflow/example_dags/example_python_operator.py
[2025-07-18T09:10:21.494+0700] {logging_mixin.py:188} INFO - [2025-07-18T09:10:21.494+0700] {dag.py:3096} INFO - Sync 1 DAGs
[2025-07-18T09:10:21.500+0700] {logging_mixin.py:188} INFO - [2025-07-18T09:10:21.500+0700] {dag.py:3954} INFO - Setting next_dagrun for example_python_operator to None, run_after=None
[2025-07-18T09:10:21.522+0700] {processor.py:183} INFO - Processing /home/menglim/airflow_venv/lib/python3.12/site-packages/airflow/example_dags/example_python_operator.py took 0.078 seconds
[2025-07-18T09:11:21.761+0700] {processor.py:161} INFO - Started process (PID=4539) to work on /home/menglim/airflow_venv/lib/python3.12/site-packages/airflow/example_dags/example_python_operator.py
[2025-07-18T09:11:21.763+0700] {processor.py:830} INFO - Processing file /home/menglim/airflow_venv/lib/python3.12/site-packages/airflow/example_dags/example_python_operator.py for tasks to queue
[2025-07-18T09:11:21.764+0700] {logging_mixin.py:188} INFO - [2025-07-18T09:11:21.763+0700] {dagbag.py:545} INFO - Filling up the DagBag from /home/menglim/airflow_venv/lib/python3.12/site-packages/airflow/example_dags/example_python_operator.py
[2025-07-18T09:11:21.796+0700] {logging_mixin.py:188} INFO - [2025-07-18T09:11:21.796+0700] {example_python_operator.py:93} WARNING - The virtalenv_python example task requires virtualenv, please install it.
[2025-07-18T09:11:21.797+0700] {processor.py:840} INFO - DAG(s) 'example_python_operator' retrieved from /home/menglim/airflow_venv/lib/python3.12/site-packages/airflow/example_dags/example_python_operator.py
[2025-07-18T09:11:21.807+0700] {logging_mixin.py:188} INFO - [2025-07-18T09:11:21.807+0700] {dag.py:3096} INFO - Sync 1 DAGs
[2025-07-18T09:11:21.813+0700] {logging_mixin.py:188} INFO - [2025-07-18T09:11:21.813+0700] {dag.py:3954} INFO - Setting next_dagrun for example_python_operator to None, run_after=None
[2025-07-18T09:11:21.833+0700] {processor.py:183} INFO - Processing /home/menglim/airflow_venv/lib/python3.12/site-packages/airflow/example_dags/example_python_operator.py took 0.075 seconds
[2025-07-18T09:12:16.219+0700] {processor.py:161} INFO - Started process (PID=4625) to work on /home/menglim/airflow_venv/lib/python3.12/site-packages/airflow/example_dags/example_python_operator.py
[2025-07-18T09:12:16.222+0700] {processor.py:830} INFO - Processing file /home/menglim/airflow_venv/lib/python3.12/site-packages/airflow/example_dags/example_python_operator.py for tasks to queue
[2025-07-18T09:12:16.222+0700] {logging_mixin.py:188} INFO - [2025-07-18T09:12:16.222+0700] {dagbag.py:545} INFO - Filling up the DagBag from /home/menglim/airflow_venv/lib/python3.12/site-packages/airflow/example_dags/example_python_operator.py
[2025-07-18T09:12:16.254+0700] {logging_mixin.py:188} INFO - [2025-07-18T09:12:16.254+0700] {example_python_operator.py:93} WARNING - The virtalenv_python example task requires virtualenv, please install it.
[2025-07-18T09:12:16.255+0700] {processor.py:840} INFO - DAG(s) 'example_python_operator' retrieved from /home/menglim/airflow_venv/lib/python3.12/site-packages/airflow/example_dags/example_python_operator.py
[2025-07-18T09:12:16.264+0700] {logging_mixin.py:188} INFO - [2025-07-18T09:12:16.264+0700] {dag.py:3096} INFO - Sync 1 DAGs
[2025-07-18T09:12:16.271+0700] {logging_mixin.py:188} INFO - [2025-07-18T09:12:16.270+0700] {dag.py:3954} INFO - Setting next_dagrun for example_python_operator to None, run_after=None
[2025-07-18T09:12:16.290+0700] {processor.py:183} INFO - Processing /home/menglim/airflow_venv/lib/python3.12/site-packages/airflow/example_dags/example_python_operator.py took 0.074 seconds
[2025-07-18T09:13:16.020+0700] {processor.py:161} INFO - Started process (PID=5187) to work on /home/menglim/airflow_venv/lib/python3.12/site-packages/airflow/example_dags/example_python_operator.py
[2025-07-18T09:13:16.022+0700] {processor.py:830} INFO - Processing file /home/menglim/airflow_venv/lib/python3.12/site-packages/airflow/example_dags/example_python_operator.py for tasks to queue
[2025-07-18T09:13:16.023+0700] {logging_mixin.py:188} INFO - [2025-07-18T09:13:16.023+0700] {dagbag.py:545} INFO - Filling up the DagBag from /home/menglim/airflow_venv/lib/python3.12/site-packages/airflow/example_dags/example_python_operator.py
[2025-07-18T09:13:16.055+0700] {logging_mixin.py:188} INFO - [2025-07-18T09:13:16.055+0700] {example_python_operator.py:93} WARNING - The virtalenv_python example task requires virtualenv, please install it.
[2025-07-18T09:13:16.055+0700] {processor.py:840} INFO - DAG(s) 'example_python_operator' retrieved from /home/menglim/airflow_venv/lib/python3.12/site-packages/airflow/example_dags/example_python_operator.py
[2025-07-18T09:13:16.067+0700] {logging_mixin.py:188} INFO - [2025-07-18T09:13:16.067+0700] {dag.py:3096} INFO - Sync 1 DAGs
[2025-07-18T09:13:16.075+0700] {logging_mixin.py:188} INFO - [2025-07-18T09:13:16.075+0700] {dag.py:3954} INFO - Setting next_dagrun for example_python_operator to None, run_after=None
[2025-07-18T09:13:16.097+0700] {processor.py:183} INFO - Processing /home/menglim/airflow_venv/lib/python3.12/site-packages/airflow/example_dags/example_python_operator.py took 0.080 seconds
[2025-07-18T09:14:24.075+0700] {processor.py:161} INFO - Started process (PID=5350) to work on /home/menglim/airflow_venv/lib/python3.12/site-packages/airflow/example_dags/example_python_operator.py
[2025-07-18T09:14:24.078+0700] {processor.py:830} INFO - Processing file /home/menglim/airflow_venv/lib/python3.12/site-packages/airflow/example_dags/example_python_operator.py for tasks to queue
[2025-07-18T09:14:24.079+0700] {logging_mixin.py:188} INFO - [2025-07-18T09:14:24.078+0700] {dagbag.py:545} INFO - Filling up the DagBag from /home/menglim/airflow_venv/lib/python3.12/site-packages/airflow/example_dags/example_python_operator.py
[2025-07-18T09:14:24.128+0700] {logging_mixin.py:188} INFO - [2025-07-18T09:14:24.128+0700] {example_python_operator.py:93} WARNING - The virtalenv_python example task requires virtualenv, please install it.
[2025-07-18T09:14:24.129+0700] {processor.py:840} INFO - DAG(s) 'example_python_operator' retrieved from /home/menglim/airflow_venv/lib/python3.12/site-packages/airflow/example_dags/example_python_operator.py
[2025-07-18T09:14:24.139+0700] {logging_mixin.py:188} INFO - [2025-07-18T09:14:24.139+0700] {dag.py:3096} INFO - Sync 1 DAGs
[2025-07-18T09:14:24.145+0700] {logging_mixin.py:188} INFO - [2025-07-18T09:14:24.145+0700] {dag.py:3954} INFO - Setting next_dagrun for example_python_operator to None, run_after=None
[2025-07-18T09:14:24.172+0700] {processor.py:183} INFO - Processing /home/menglim/airflow_venv/lib/python3.12/site-packages/airflow/example_dags/example_python_operator.py took 0.099 seconds
[2025-07-18T09:15:25.687+0700] {processor.py:161} INFO - Started process (PID=5467) to work on /home/menglim/airflow_venv/lib/python3.12/site-packages/airflow/example_dags/example_python_operator.py
[2025-07-18T09:15:25.688+0700] {processor.py:830} INFO - Processing file /home/menglim/airflow_venv/lib/python3.12/site-packages/airflow/example_dags/example_python_operator.py for tasks to queue
[2025-07-18T09:15:25.689+0700] {logging_mixin.py:188} INFO - [2025-07-18T09:15:25.689+0700] {dagbag.py:545} INFO - Filling up the DagBag from /home/menglim/airflow_venv/lib/python3.12/site-packages/airflow/example_dags/example_python_operator.py
[2025-07-18T09:15:25.721+0700] {logging_mixin.py:188} INFO - [2025-07-18T09:15:25.721+0700] {example_python_operator.py:93} WARNING - The virtalenv_python example task requires virtualenv, please install it.
[2025-07-18T09:15:25.722+0700] {processor.py:840} INFO - DAG(s) 'example_python_operator' retrieved from /home/menglim/airflow_venv/lib/python3.12/site-packages/airflow/example_dags/example_python_operator.py
[2025-07-18T09:15:25.732+0700] {logging_mixin.py:188} INFO - [2025-07-18T09:15:25.732+0700] {dag.py:3096} INFO - Sync 1 DAGs
[2025-07-18T09:15:25.739+0700] {logging_mixin.py:188} INFO - [2025-07-18T09:15:25.739+0700] {dag.py:3954} INFO - Setting next_dagrun for example_python_operator to None, run_after=None
[2025-07-18T09:15:25.760+0700] {processor.py:183} INFO - Processing /home/menglim/airflow_venv/lib/python3.12/site-packages/airflow/example_dags/example_python_operator.py took 0.076 seconds
[2025-07-18T09:16:28.128+0700] {processor.py:161} INFO - Started process (PID=5591) to work on /home/menglim/airflow_venv/lib/python3.12/site-packages/airflow/example_dags/example_python_operator.py
[2025-07-18T09:16:28.129+0700] {processor.py:830} INFO - Processing file /home/menglim/airflow_venv/lib/python3.12/site-packages/airflow/example_dags/example_python_operator.py for tasks to queue
[2025-07-18T09:16:28.130+0700] {logging_mixin.py:188} INFO - [2025-07-18T09:16:28.129+0700] {dagbag.py:545} INFO - Filling up the DagBag from /home/menglim/airflow_venv/lib/python3.12/site-packages/airflow/example_dags/example_python_operator.py
[2025-07-18T09:16:28.164+0700] {logging_mixin.py:188} INFO - [2025-07-18T09:16:28.163+0700] {example_python_operator.py:93} WARNING - The virtalenv_python example task requires virtualenv, please install it.
[2025-07-18T09:16:28.164+0700] {processor.py:840} INFO - DAG(s) 'example_python_operator' retrieved from /home/menglim/airflow_venv/lib/python3.12/site-packages/airflow/example_dags/example_python_operator.py
[2025-07-18T09:16:28.174+0700] {logging_mixin.py:188} INFO - [2025-07-18T09:16:28.174+0700] {dag.py:3096} INFO - Sync 1 DAGs
[2025-07-18T09:16:28.180+0700] {logging_mixin.py:188} INFO - [2025-07-18T09:16:28.180+0700] {dag.py:3954} INFO - Setting next_dagrun for example_python_operator to None, run_after=None
[2025-07-18T09:16:28.201+0700] {processor.py:183} INFO - Processing /home/menglim/airflow_venv/lib/python3.12/site-packages/airflow/example_dags/example_python_operator.py took 0.076 seconds
[2025-07-18T09:17:53.720+0700] {processor.py:161} INFO - Started process (PID=5863) to work on /home/menglim/airflow_venv/lib/python3.12/site-packages/airflow/example_dags/example_python_operator.py
[2025-07-18T09:17:53.722+0700] {processor.py:830} INFO - Processing file /home/menglim/airflow_venv/lib/python3.12/site-packages/airflow/example_dags/example_python_operator.py for tasks to queue
[2025-07-18T09:17:53.723+0700] {logging_mixin.py:188} INFO - [2025-07-18T09:17:53.722+0700] {dagbag.py:545} INFO - Filling up the DagBag from /home/menglim/airflow_venv/lib/python3.12/site-packages/airflow/example_dags/example_python_operator.py
[2025-07-18T09:17:53.755+0700] {logging_mixin.py:188} INFO - [2025-07-18T09:17:53.755+0700] {example_python_operator.py:93} WARNING - The virtalenv_python example task requires virtualenv, please install it.
[2025-07-18T09:17:53.756+0700] {processor.py:840} INFO - DAG(s) 'example_python_operator' retrieved from /home/menglim/airflow_venv/lib/python3.12/site-packages/airflow/example_dags/example_python_operator.py
[2025-07-18T09:17:53.766+0700] {logging_mixin.py:188} INFO - [2025-07-18T09:17:53.766+0700] {dag.py:3096} INFO - Sync 1 DAGs
[2025-07-18T09:17:53.772+0700] {logging_mixin.py:188} INFO - [2025-07-18T09:17:53.772+0700] {dag.py:3954} INFO - Setting next_dagrun for example_python_operator to None, run_after=None
[2025-07-18T09:17:53.795+0700] {processor.py:183} INFO - Processing /home/menglim/airflow_venv/lib/python3.12/site-packages/airflow/example_dags/example_python_operator.py took 0.078 seconds
[2025-07-18T09:18:59.193+0700] {processor.py:161} INFO - Started process (PID=5982) to work on /home/menglim/airflow_venv/lib/python3.12/site-packages/airflow/example_dags/example_python_operator.py
[2025-07-18T09:18:59.195+0700] {processor.py:830} INFO - Processing file /home/menglim/airflow_venv/lib/python3.12/site-packages/airflow/example_dags/example_python_operator.py for tasks to queue
[2025-07-18T09:18:59.196+0700] {logging_mixin.py:188} INFO - [2025-07-18T09:18:59.196+0700] {dagbag.py:545} INFO - Filling up the DagBag from /home/menglim/airflow_venv/lib/python3.12/site-packages/airflow/example_dags/example_python_operator.py
[2025-07-18T09:18:59.260+0700] {logging_mixin.py:188} INFO - [2025-07-18T09:18:59.259+0700] {example_python_operator.py:93} WARNING - The virtalenv_python example task requires virtualenv, please install it.
[2025-07-18T09:18:59.260+0700] {processor.py:840} INFO - DAG(s) 'example_python_operator' retrieved from /home/menglim/airflow_venv/lib/python3.12/site-packages/airflow/example_dags/example_python_operator.py
[2025-07-18T09:18:59.286+0700] {logging_mixin.py:188} INFO - [2025-07-18T09:18:59.285+0700] {dag.py:3096} INFO - Sync 1 DAGs
[2025-07-18T09:18:59.308+0700] {logging_mixin.py:188} INFO - [2025-07-18T09:18:59.308+0700] {dag.py:3954} INFO - Setting next_dagrun for example_python_operator to None, run_after=None
[2025-07-18T09:18:59.452+0700] {processor.py:183} INFO - Processing /home/menglim/airflow_venv/lib/python3.12/site-packages/airflow/example_dags/example_python_operator.py took 0.265 seconds
[2025-07-18T09:20:07.979+0700] {processor.py:161} INFO - Started process (PID=6159) to work on /home/menglim/airflow_venv/lib/python3.12/site-packages/airflow/example_dags/example_python_operator.py
[2025-07-18T09:20:07.981+0700] {processor.py:830} INFO - Processing file /home/menglim/airflow_venv/lib/python3.12/site-packages/airflow/example_dags/example_python_operator.py for tasks to queue
[2025-07-18T09:20:07.981+0700] {logging_mixin.py:188} INFO - [2025-07-18T09:20:07.981+0700] {dagbag.py:545} INFO - Filling up the DagBag from /home/menglim/airflow_venv/lib/python3.12/site-packages/airflow/example_dags/example_python_operator.py
[2025-07-18T09:20:08.022+0700] {logging_mixin.py:188} INFO - [2025-07-18T09:20:08.022+0700] {example_python_operator.py:93} WARNING - The virtalenv_python example task requires virtualenv, please install it.
[2025-07-18T09:20:08.023+0700] {processor.py:840} INFO - DAG(s) 'example_python_operator' retrieved from /home/menglim/airflow_venv/lib/python3.12/site-packages/airflow/example_dags/example_python_operator.py
[2025-07-18T09:20:08.035+0700] {logging_mixin.py:188} INFO - [2025-07-18T09:20:08.035+0700] {dag.py:3096} INFO - Sync 1 DAGs
[2025-07-18T09:20:08.107+0700] {logging_mixin.py:188} INFO - [2025-07-18T09:20:08.107+0700] {dag.py:3954} INFO - Setting next_dagrun for example_python_operator to None, run_after=None
[2025-07-18T09:20:08.133+0700] {processor.py:183} INFO - Processing /home/menglim/airflow_venv/lib/python3.12/site-packages/airflow/example_dags/example_python_operator.py took 0.159 seconds
[2025-07-18T09:21:01.118+0700] {processor.py:161} INFO - Started process (PID=6271) to work on /home/menglim/airflow_venv/lib/python3.12/site-packages/airflow/example_dags/example_python_operator.py
[2025-07-18T09:21:01.119+0700] {processor.py:830} INFO - Processing file /home/menglim/airflow_venv/lib/python3.12/site-packages/airflow/example_dags/example_python_operator.py for tasks to queue
[2025-07-18T09:21:01.120+0700] {logging_mixin.py:188} INFO - [2025-07-18T09:21:01.120+0700] {dagbag.py:545} INFO - Filling up the DagBag from /home/menglim/airflow_venv/lib/python3.12/site-packages/airflow/example_dags/example_python_operator.py
[2025-07-18T09:21:01.154+0700] {logging_mixin.py:188} INFO - [2025-07-18T09:21:01.153+0700] {example_python_operator.py:93} WARNING - The virtalenv_python example task requires virtualenv, please install it.
[2025-07-18T09:21:01.154+0700] {processor.py:840} INFO - DAG(s) 'example_python_operator' retrieved from /home/menglim/airflow_venv/lib/python3.12/site-packages/airflow/example_dags/example_python_operator.py
[2025-07-18T09:21:01.228+0700] {logging_mixin.py:188} INFO - [2025-07-18T09:21:01.228+0700] {dag.py:3096} INFO - Sync 1 DAGs
[2025-07-18T09:21:01.291+0700] {logging_mixin.py:188} INFO - [2025-07-18T09:21:01.291+0700] {dag.py:3954} INFO - Setting next_dagrun for example_python_operator to None, run_after=None
[2025-07-18T09:21:01.361+0700] {processor.py:183} INFO - Processing /home/menglim/airflow_venv/lib/python3.12/site-packages/airflow/example_dags/example_python_operator.py took 0.246 seconds
[2025-07-18T09:21:49.460+0700] {processor.py:161} INFO - Started process (PID=6428) to work on /home/menglim/airflow_venv/lib/python3.12/site-packages/airflow/example_dags/example_python_operator.py
[2025-07-18T09:21:49.461+0700] {processor.py:830} INFO - Processing file /home/menglim/airflow_venv/lib/python3.12/site-packages/airflow/example_dags/example_python_operator.py for tasks to queue
[2025-07-18T09:21:49.462+0700] {logging_mixin.py:188} INFO - [2025-07-18T09:21:49.462+0700] {dagbag.py:545} INFO - Filling up the DagBag from /home/menglim/airflow_venv/lib/python3.12/site-packages/airflow/example_dags/example_python_operator.py
[2025-07-18T09:21:49.502+0700] {logging_mixin.py:188} INFO - [2025-07-18T09:21:49.502+0700] {example_python_operator.py:93} WARNING - The virtalenv_python example task requires virtualenv, please install it.
[2025-07-18T09:21:49.502+0700] {processor.py:840} INFO - DAG(s) 'example_python_operator' retrieved from /home/menglim/airflow_venv/lib/python3.12/site-packages/airflow/example_dags/example_python_operator.py
[2025-07-18T09:21:49.512+0700] {logging_mixin.py:188} INFO - [2025-07-18T09:21:49.512+0700] {dag.py:3096} INFO - Sync 1 DAGs
[2025-07-18T09:21:49.518+0700] {logging_mixin.py:188} INFO - [2025-07-18T09:21:49.518+0700] {dag.py:3954} INFO - Setting next_dagrun for example_python_operator to None, run_after=None
[2025-07-18T09:21:49.543+0700] {processor.py:183} INFO - Processing /home/menglim/airflow_venv/lib/python3.12/site-packages/airflow/example_dags/example_python_operator.py took 0.086 seconds
[2025-07-18T09:22:59.220+0700] {processor.py:161} INFO - Started process (PID=6639) to work on /home/menglim/airflow_venv/lib/python3.12/site-packages/airflow/example_dags/example_python_operator.py
[2025-07-18T09:22:59.222+0700] {processor.py:830} INFO - Processing file /home/menglim/airflow_venv/lib/python3.12/site-packages/airflow/example_dags/example_python_operator.py for tasks to queue
[2025-07-18T09:22:59.223+0700] {logging_mixin.py:188} INFO - [2025-07-18T09:22:59.222+0700] {dagbag.py:545} INFO - Filling up the DagBag from /home/menglim/airflow_venv/lib/python3.12/site-packages/airflow/example_dags/example_python_operator.py
[2025-07-18T09:22:59.256+0700] {logging_mixin.py:188} INFO - [2025-07-18T09:22:59.255+0700] {example_python_operator.py:93} WARNING - The virtalenv_python example task requires virtualenv, please install it.
[2025-07-18T09:22:59.256+0700] {processor.py:840} INFO - DAG(s) 'example_python_operator' retrieved from /home/menglim/airflow_venv/lib/python3.12/site-packages/airflow/example_dags/example_python_operator.py
[2025-07-18T09:22:59.267+0700] {logging_mixin.py:188} INFO - [2025-07-18T09:22:59.267+0700] {dag.py:3096} INFO - Sync 1 DAGs
[2025-07-18T09:22:59.274+0700] {logging_mixin.py:188} INFO - [2025-07-18T09:22:59.274+0700] {dag.py:3954} INFO - Setting next_dagrun for example_python_operator to None, run_after=None
[2025-07-18T09:22:59.299+0700] {processor.py:183} INFO - Processing /home/menglim/airflow_venv/lib/python3.12/site-packages/airflow/example_dags/example_python_operator.py took 0.082 seconds
[2025-07-18T09:23:48.824+0700] {processor.py:161} INFO - Started process (PID=6766) to work on /home/menglim/airflow_venv/lib/python3.12/site-packages/airflow/example_dags/example_python_operator.py
[2025-07-18T09:23:48.826+0700] {processor.py:830} INFO - Processing file /home/menglim/airflow_venv/lib/python3.12/site-packages/airflow/example_dags/example_python_operator.py for tasks to queue
[2025-07-18T09:23:48.827+0700] {logging_mixin.py:188} INFO - [2025-07-18T09:23:48.826+0700] {dagbag.py:545} INFO - Filling up the DagBag from /home/menglim/airflow_venv/lib/python3.12/site-packages/airflow/example_dags/example_python_operator.py
[2025-07-18T09:23:48.856+0700] {logging_mixin.py:188} INFO - [2025-07-18T09:23:48.856+0700] {example_python_operator.py:93} WARNING - The virtalenv_python example task requires virtualenv, please install it.
[2025-07-18T09:23:48.856+0700] {processor.py:840} INFO - DAG(s) 'example_python_operator' retrieved from /home/menglim/airflow_venv/lib/python3.12/site-packages/airflow/example_dags/example_python_operator.py
[2025-07-18T09:23:48.866+0700] {logging_mixin.py:188} INFO - [2025-07-18T09:23:48.866+0700] {dag.py:3096} INFO - Sync 1 DAGs
[2025-07-18T09:23:48.872+0700] {logging_mixin.py:188} INFO - [2025-07-18T09:23:48.872+0700] {dag.py:3954} INFO - Setting next_dagrun for example_python_operator to None, run_after=None
[2025-07-18T09:23:48.895+0700] {processor.py:183} INFO - Processing /home/menglim/airflow_venv/lib/python3.12/site-packages/airflow/example_dags/example_python_operator.py took 0.075 seconds
[2025-07-18T09:24:58.298+0700] {processor.py:161} INFO - Started process (PID=6962) to work on /home/menglim/airflow_venv/lib/python3.12/site-packages/airflow/example_dags/example_python_operator.py
[2025-07-18T09:24:58.299+0700] {processor.py:830} INFO - Processing file /home/menglim/airflow_venv/lib/python3.12/site-packages/airflow/example_dags/example_python_operator.py for tasks to queue
[2025-07-18T09:24:58.300+0700] {logging_mixin.py:188} INFO - [2025-07-18T09:24:58.300+0700] {dagbag.py:545} INFO - Filling up the DagBag from /home/menglim/airflow_venv/lib/python3.12/site-packages/airflow/example_dags/example_python_operator.py
[2025-07-18T09:24:58.340+0700] {logging_mixin.py:188} INFO - [2025-07-18T09:24:58.340+0700] {example_python_operator.py:93} WARNING - The virtalenv_python example task requires virtualenv, please install it.
[2025-07-18T09:24:58.340+0700] {processor.py:840} INFO - DAG(s) 'example_python_operator' retrieved from /home/menglim/airflow_venv/lib/python3.12/site-packages/airflow/example_dags/example_python_operator.py
[2025-07-18T09:24:58.352+0700] {logging_mixin.py:188} INFO - [2025-07-18T09:24:58.352+0700] {dag.py:3096} INFO - Sync 1 DAGs
[2025-07-18T09:24:58.359+0700] {logging_mixin.py:188} INFO - [2025-07-18T09:24:58.359+0700] {dag.py:3954} INFO - Setting next_dagrun for example_python_operator to None, run_after=None
[2025-07-18T09:24:58.386+0700] {processor.py:183} INFO - Processing /home/menglim/airflow_venv/lib/python3.12/site-packages/airflow/example_dags/example_python_operator.py took 0.091 seconds
[2025-07-18T09:26:02.858+0700] {processor.py:161} INFO - Started process (PID=7136) to work on /home/menglim/airflow_venv/lib/python3.12/site-packages/airflow/example_dags/example_python_operator.py
[2025-07-18T09:26:02.860+0700] {processor.py:830} INFO - Processing file /home/menglim/airflow_venv/lib/python3.12/site-packages/airflow/example_dags/example_python_operator.py for tasks to queue
[2025-07-18T09:26:02.861+0700] {logging_mixin.py:188} INFO - [2025-07-18T09:26:02.861+0700] {dagbag.py:545} INFO - Filling up the DagBag from /home/menglim/airflow_venv/lib/python3.12/site-packages/airflow/example_dags/example_python_operator.py
[2025-07-18T09:26:02.892+0700] {logging_mixin.py:188} INFO - [2025-07-18T09:26:02.892+0700] {example_python_operator.py:93} WARNING - The virtalenv_python example task requires virtualenv, please install it.
[2025-07-18T09:26:02.893+0700] {processor.py:840} INFO - DAG(s) 'example_python_operator' retrieved from /home/menglim/airflow_venv/lib/python3.12/site-packages/airflow/example_dags/example_python_operator.py
[2025-07-18T09:26:02.903+0700] {logging_mixin.py:188} INFO - [2025-07-18T09:26:02.903+0700] {dag.py:3096} INFO - Sync 1 DAGs
[2025-07-18T09:26:02.909+0700] {logging_mixin.py:188} INFO - [2025-07-18T09:26:02.909+0700] {dag.py:3954} INFO - Setting next_dagrun for example_python_operator to None, run_after=None
[2025-07-18T09:26:02.935+0700] {processor.py:183} INFO - Processing /home/menglim/airflow_venv/lib/python3.12/site-packages/airflow/example_dags/example_python_operator.py took 0.081 seconds
[2025-07-18T09:27:05.591+0700] {processor.py:161} INFO - Started process (PID=7272) to work on /home/menglim/airflow_venv/lib/python3.12/site-packages/airflow/example_dags/example_python_operator.py
[2025-07-18T09:27:05.593+0700] {processor.py:830} INFO - Processing file /home/menglim/airflow_venv/lib/python3.12/site-packages/airflow/example_dags/example_python_operator.py for tasks to queue
[2025-07-18T09:27:05.594+0700] {logging_mixin.py:188} INFO - [2025-07-18T09:27:05.593+0700] {dagbag.py:545} INFO - Filling up the DagBag from /home/menglim/airflow_venv/lib/python3.12/site-packages/airflow/example_dags/example_python_operator.py
[2025-07-18T09:27:05.628+0700] {logging_mixin.py:188} INFO - [2025-07-18T09:27:05.628+0700] {example_python_operator.py:93} WARNING - The virtalenv_python example task requires virtualenv, please install it.
[2025-07-18T09:27:05.628+0700] {processor.py:840} INFO - DAG(s) 'example_python_operator' retrieved from /home/menglim/airflow_venv/lib/python3.12/site-packages/airflow/example_dags/example_python_operator.py
[2025-07-18T09:27:05.638+0700] {logging_mixin.py:188} INFO - [2025-07-18T09:27:05.638+0700] {dag.py:3096} INFO - Sync 1 DAGs
[2025-07-18T09:27:05.645+0700] {logging_mixin.py:188} INFO - [2025-07-18T09:27:05.644+0700] {dag.py:3954} INFO - Setting next_dagrun for example_python_operator to None, run_after=None
[2025-07-18T09:27:05.665+0700] {processor.py:183} INFO - Processing /home/menglim/airflow_venv/lib/python3.12/site-packages/airflow/example_dags/example_python_operator.py took 0.078 seconds
[2025-07-18T09:28:20.396+0700] {processor.py:161} INFO - Started process (PID=7380) to work on /home/menglim/airflow_venv/lib/python3.12/site-packages/airflow/example_dags/example_python_operator.py
[2025-07-18T09:28:20.398+0700] {processor.py:830} INFO - Processing file /home/menglim/airflow_venv/lib/python3.12/site-packages/airflow/example_dags/example_python_operator.py for tasks to queue
[2025-07-18T09:28:20.399+0700] {logging_mixin.py:188} INFO - [2025-07-18T09:28:20.399+0700] {dagbag.py:545} INFO - Filling up the DagBag from /home/menglim/airflow_venv/lib/python3.12/site-packages/airflow/example_dags/example_python_operator.py
[2025-07-18T09:28:20.427+0700] {logging_mixin.py:188} INFO - [2025-07-18T09:28:20.427+0700] {example_python_operator.py:93} WARNING - The virtalenv_python example task requires virtualenv, please install it.
[2025-07-18T09:28:20.427+0700] {processor.py:840} INFO - DAG(s) 'example_python_operator' retrieved from /home/menglim/airflow_venv/lib/python3.12/site-packages/airflow/example_dags/example_python_operator.py
[2025-07-18T09:28:20.437+0700] {logging_mixin.py:188} INFO - [2025-07-18T09:28:20.437+0700] {dag.py:3096} INFO - Sync 1 DAGs
[2025-07-18T09:28:20.443+0700] {logging_mixin.py:188} INFO - [2025-07-18T09:28:20.443+0700] {dag.py:3954} INFO - Setting next_dagrun for example_python_operator to None, run_after=None
[2025-07-18T09:28:20.465+0700] {processor.py:183} INFO - Processing /home/menglim/airflow_venv/lib/python3.12/site-packages/airflow/example_dags/example_python_operator.py took 0.074 seconds
[2025-07-18T09:29:12.124+0700] {processor.py:161} INFO - Started process (PID=7467) to work on /home/menglim/airflow_venv/lib/python3.12/site-packages/airflow/example_dags/example_python_operator.py
[2025-07-18T09:29:12.128+0700] {processor.py:830} INFO - Processing file /home/menglim/airflow_venv/lib/python3.12/site-packages/airflow/example_dags/example_python_operator.py for tasks to queue
[2025-07-18T09:29:12.129+0700] {logging_mixin.py:188} INFO - [2025-07-18T09:29:12.129+0700] {dagbag.py:545} INFO - Filling up the DagBag from /home/menglim/airflow_venv/lib/python3.12/site-packages/airflow/example_dags/example_python_operator.py
[2025-07-18T09:29:12.167+0700] {logging_mixin.py:188} INFO - [2025-07-18T09:29:12.167+0700] {example_python_operator.py:93} WARNING - The virtalenv_python example task requires virtualenv, please install it.
[2025-07-18T09:29:12.168+0700] {processor.py:840} INFO - DAG(s) 'example_python_operator' retrieved from /home/menglim/airflow_venv/lib/python3.12/site-packages/airflow/example_dags/example_python_operator.py
[2025-07-18T09:29:12.183+0700] {logging_mixin.py:188} INFO - [2025-07-18T09:29:12.183+0700] {dag.py:3096} INFO - Sync 1 DAGs
[2025-07-18T09:29:12.193+0700] {logging_mixin.py:188} INFO - [2025-07-18T09:29:12.193+0700] {dag.py:3954} INFO - Setting next_dagrun for example_python_operator to None, run_after=None
[2025-07-18T09:29:12.224+0700] {processor.py:183} INFO - Processing /home/menglim/airflow_venv/lib/python3.12/site-packages/airflow/example_dags/example_python_operator.py took 0.105 seconds
[2025-07-18T09:30:04.609+0700] {processor.py:161} INFO - Started process (PID=7564) to work on /home/menglim/airflow_venv/lib/python3.12/site-packages/airflow/example_dags/example_python_operator.py
[2025-07-18T09:30:04.610+0700] {processor.py:830} INFO - Processing file /home/menglim/airflow_venv/lib/python3.12/site-packages/airflow/example_dags/example_python_operator.py for tasks to queue
[2025-07-18T09:30:04.611+0700] {logging_mixin.py:188} INFO - [2025-07-18T09:30:04.610+0700] {dagbag.py:545} INFO - Filling up the DagBag from /home/menglim/airflow_venv/lib/python3.12/site-packages/airflow/example_dags/example_python_operator.py
[2025-07-18T09:30:04.651+0700] {logging_mixin.py:188} INFO - [2025-07-18T09:30:04.651+0700] {example_python_operator.py:93} WARNING - The virtalenv_python example task requires virtualenv, please install it.
[2025-07-18T09:30:04.652+0700] {processor.py:840} INFO - DAG(s) 'example_python_operator' retrieved from /home/menglim/airflow_venv/lib/python3.12/site-packages/airflow/example_dags/example_python_operator.py
[2025-07-18T09:30:04.661+0700] {logging_mixin.py:188} INFO - [2025-07-18T09:30:04.661+0700] {dag.py:3096} INFO - Sync 1 DAGs
[2025-07-18T09:30:04.668+0700] {logging_mixin.py:188} INFO - [2025-07-18T09:30:04.668+0700] {dag.py:3954} INFO - Setting next_dagrun for example_python_operator to None, run_after=None
[2025-07-18T09:30:04.691+0700] {processor.py:183} INFO - Processing /home/menglim/airflow_venv/lib/python3.12/site-packages/airflow/example_dags/example_python_operator.py took 0.085 seconds
[2025-07-18T09:30:51.450+0700] {processor.py:161} INFO - Started process (PID=7641) to work on /home/menglim/airflow_venv/lib/python3.12/site-packages/airflow/example_dags/example_python_operator.py
[2025-07-18T09:30:51.452+0700] {processor.py:830} INFO - Processing file /home/menglim/airflow_venv/lib/python3.12/site-packages/airflow/example_dags/example_python_operator.py for tasks to queue
[2025-07-18T09:30:51.453+0700] {logging_mixin.py:188} INFO - [2025-07-18T09:30:51.452+0700] {dagbag.py:545} INFO - Filling up the DagBag from /home/menglim/airflow_venv/lib/python3.12/site-packages/airflow/example_dags/example_python_operator.py
[2025-07-18T09:30:51.489+0700] {logging_mixin.py:188} INFO - [2025-07-18T09:30:51.489+0700] {example_python_operator.py:93} WARNING - The virtalenv_python example task requires virtualenv, please install it.
[2025-07-18T09:30:51.489+0700] {processor.py:840} INFO - DAG(s) 'example_python_operator' retrieved from /home/menglim/airflow_venv/lib/python3.12/site-packages/airflow/example_dags/example_python_operator.py
[2025-07-18T09:30:51.499+0700] {logging_mixin.py:188} INFO - [2025-07-18T09:30:51.499+0700] {dag.py:3096} INFO - Sync 1 DAGs
[2025-07-18T09:30:51.505+0700] {logging_mixin.py:188} INFO - [2025-07-18T09:30:51.505+0700] {dag.py:3954} INFO - Setting next_dagrun for example_python_operator to None, run_after=None
[2025-07-18T09:30:51.528+0700] {processor.py:183} INFO - Processing /home/menglim/airflow_venv/lib/python3.12/site-packages/airflow/example_dags/example_python_operator.py took 0.082 seconds
[2025-07-18T09:31:38.473+0700] {processor.py:161} INFO - Started process (PID=7717) to work on /home/menglim/airflow_venv/lib/python3.12/site-packages/airflow/example_dags/example_python_operator.py
[2025-07-18T09:31:38.475+0700] {processor.py:830} INFO - Processing file /home/menglim/airflow_venv/lib/python3.12/site-packages/airflow/example_dags/example_python_operator.py for tasks to queue
[2025-07-18T09:31:38.476+0700] {logging_mixin.py:188} INFO - [2025-07-18T09:31:38.476+0700] {dagbag.py:545} INFO - Filling up the DagBag from /home/menglim/airflow_venv/lib/python3.12/site-packages/airflow/example_dags/example_python_operator.py
[2025-07-18T09:31:38.508+0700] {logging_mixin.py:188} INFO - [2025-07-18T09:31:38.508+0700] {example_python_operator.py:93} WARNING - The virtalenv_python example task requires virtualenv, please install it.
[2025-07-18T09:31:38.508+0700] {processor.py:840} INFO - DAG(s) 'example_python_operator' retrieved from /home/menglim/airflow_venv/lib/python3.12/site-packages/airflow/example_dags/example_python_operator.py
[2025-07-18T09:31:38.519+0700] {logging_mixin.py:188} INFO - [2025-07-18T09:31:38.519+0700] {dag.py:3096} INFO - Sync 1 DAGs
[2025-07-18T09:31:38.525+0700] {logging_mixin.py:188} INFO - [2025-07-18T09:31:38.525+0700] {dag.py:3954} INFO - Setting next_dagrun for example_python_operator to None, run_after=None
[2025-07-18T09:31:38.551+0700] {processor.py:183} INFO - Processing /home/menglim/airflow_venv/lib/python3.12/site-packages/airflow/example_dags/example_python_operator.py took 0.081 seconds
[2025-07-18T09:32:34.484+0700] {processor.py:161} INFO - Started process (PID=7800) to work on /home/menglim/airflow_venv/lib/python3.12/site-packages/airflow/example_dags/example_python_operator.py
[2025-07-18T09:32:34.486+0700] {processor.py:830} INFO - Processing file /home/menglim/airflow_venv/lib/python3.12/site-packages/airflow/example_dags/example_python_operator.py for tasks to queue
[2025-07-18T09:32:34.486+0700] {logging_mixin.py:188} INFO - [2025-07-18T09:32:34.486+0700] {dagbag.py:545} INFO - Filling up the DagBag from /home/menglim/airflow_venv/lib/python3.12/site-packages/airflow/example_dags/example_python_operator.py
[2025-07-18T09:32:34.523+0700] {logging_mixin.py:188} INFO - [2025-07-18T09:32:34.523+0700] {example_python_operator.py:93} WARNING - The virtalenv_python example task requires virtualenv, please install it.
[2025-07-18T09:32:34.523+0700] {processor.py:840} INFO - DAG(s) 'example_python_operator' retrieved from /home/menglim/airflow_venv/lib/python3.12/site-packages/airflow/example_dags/example_python_operator.py
[2025-07-18T09:32:34.533+0700] {logging_mixin.py:188} INFO - [2025-07-18T09:32:34.533+0700] {dag.py:3096} INFO - Sync 1 DAGs
[2025-07-18T09:32:34.540+0700] {logging_mixin.py:188} INFO - [2025-07-18T09:32:34.540+0700] {dag.py:3954} INFO - Setting next_dagrun for example_python_operator to None, run_after=None
[2025-07-18T09:32:34.565+0700] {processor.py:183} INFO - Processing /home/menglim/airflow_venv/lib/python3.12/site-packages/airflow/example_dags/example_python_operator.py took 0.085 seconds
[2025-07-18T09:33:22.048+0700] {processor.py:161} INFO - Started process (PID=7879) to work on /home/menglim/airflow_venv/lib/python3.12/site-packages/airflow/example_dags/example_python_operator.py
[2025-07-18T09:33:22.049+0700] {processor.py:830} INFO - Processing file /home/menglim/airflow_venv/lib/python3.12/site-packages/airflow/example_dags/example_python_operator.py for tasks to queue
[2025-07-18T09:33:22.050+0700] {logging_mixin.py:188} INFO - [2025-07-18T09:33:22.049+0700] {dagbag.py:545} INFO - Filling up the DagBag from /home/menglim/airflow_venv/lib/python3.12/site-packages/airflow/example_dags/example_python_operator.py
[2025-07-18T09:33:22.079+0700] {logging_mixin.py:188} INFO - [2025-07-18T09:33:22.078+0700] {example_python_operator.py:93} WARNING - The virtalenv_python example task requires virtualenv, please install it.
[2025-07-18T09:33:22.079+0700] {processor.py:840} INFO - DAG(s) 'example_python_operator' retrieved from /home/menglim/airflow_venv/lib/python3.12/site-packages/airflow/example_dags/example_python_operator.py
[2025-07-18T09:33:22.089+0700] {logging_mixin.py:188} INFO - [2025-07-18T09:33:22.089+0700] {dag.py:3096} INFO - Sync 1 DAGs
[2025-07-18T09:33:22.096+0700] {logging_mixin.py:188} INFO - [2025-07-18T09:33:22.096+0700] {dag.py:3954} INFO - Setting next_dagrun for example_python_operator to None, run_after=None
[2025-07-18T09:33:22.117+0700] {processor.py:183} INFO - Processing /home/menglim/airflow_venv/lib/python3.12/site-packages/airflow/example_dags/example_python_operator.py took 0.073 seconds
[2025-07-18T09:34:15.526+0700] {processor.py:161} INFO - Started process (PID=8026) to work on /home/menglim/airflow_venv/lib/python3.12/site-packages/airflow/example_dags/example_python_operator.py
[2025-07-18T09:34:15.529+0700] {processor.py:830} INFO - Processing file /home/menglim/airflow_venv/lib/python3.12/site-packages/airflow/example_dags/example_python_operator.py for tasks to queue
[2025-07-18T09:34:15.529+0700] {logging_mixin.py:188} INFO - [2025-07-18T09:34:15.529+0700] {dagbag.py:545} INFO - Filling up the DagBag from /home/menglim/airflow_venv/lib/python3.12/site-packages/airflow/example_dags/example_python_operator.py
[2025-07-18T09:34:15.567+0700] {logging_mixin.py:188} INFO - [2025-07-18T09:34:15.567+0700] {example_python_operator.py:93} WARNING - The virtalenv_python example task requires virtualenv, please install it.
[2025-07-18T09:34:15.568+0700] {processor.py:840} INFO - DAG(s) 'example_python_operator' retrieved from /home/menglim/airflow_venv/lib/python3.12/site-packages/airflow/example_dags/example_python_operator.py
[2025-07-18T09:34:15.577+0700] {logging_mixin.py:188} INFO - [2025-07-18T09:34:15.577+0700] {dag.py:3096} INFO - Sync 1 DAGs
[2025-07-18T09:34:15.584+0700] {logging_mixin.py:188} INFO - [2025-07-18T09:34:15.584+0700] {dag.py:3954} INFO - Setting next_dagrun for example_python_operator to None, run_after=None
[2025-07-18T09:34:15.606+0700] {processor.py:183} INFO - Processing /home/menglim/airflow_venv/lib/python3.12/site-packages/airflow/example_dags/example_python_operator.py took 0.083 seconds
[2025-07-18T09:35:04.866+0700] {processor.py:161} INFO - Started process (PID=8114) to work on /home/menglim/airflow_venv/lib/python3.12/site-packages/airflow/example_dags/example_python_operator.py
[2025-07-18T09:35:04.868+0700] {processor.py:830} INFO - Processing file /home/menglim/airflow_venv/lib/python3.12/site-packages/airflow/example_dags/example_python_operator.py for tasks to queue
[2025-07-18T09:35:04.868+0700] {logging_mixin.py:188} INFO - [2025-07-18T09:35:04.868+0700] {dagbag.py:545} INFO - Filling up the DagBag from /home/menglim/airflow_venv/lib/python3.12/site-packages/airflow/example_dags/example_python_operator.py
[2025-07-18T09:35:04.915+0700] {logging_mixin.py:188} INFO - [2025-07-18T09:35:04.914+0700] {example_python_operator.py:93} WARNING - The virtalenv_python example task requires virtualenv, please install it.
[2025-07-18T09:35:04.915+0700] {processor.py:840} INFO - DAG(s) 'example_python_operator' retrieved from /home/menglim/airflow_venv/lib/python3.12/site-packages/airflow/example_dags/example_python_operator.py
[2025-07-18T09:35:04.926+0700] {logging_mixin.py:188} INFO - [2025-07-18T09:35:04.926+0700] {dag.py:3096} INFO - Sync 1 DAGs
[2025-07-18T09:35:04.936+0700] {logging_mixin.py:188} INFO - [2025-07-18T09:35:04.936+0700] {dag.py:3954} INFO - Setting next_dagrun for example_python_operator to None, run_after=None
[2025-07-18T09:35:04.962+0700] {processor.py:183} INFO - Processing /home/menglim/airflow_venv/lib/python3.12/site-packages/airflow/example_dags/example_python_operator.py took 0.100 seconds
[2025-07-18T09:35:59.512+0700] {processor.py:161} INFO - Started process (PID=8205) to work on /home/menglim/airflow_venv/lib/python3.12/site-packages/airflow/example_dags/example_python_operator.py
[2025-07-18T09:35:59.514+0700] {processor.py:830} INFO - Processing file /home/menglim/airflow_venv/lib/python3.12/site-packages/airflow/example_dags/example_python_operator.py for tasks to queue
[2025-07-18T09:35:59.515+0700] {logging_mixin.py:188} INFO - [2025-07-18T09:35:59.514+0700] {dagbag.py:545} INFO - Filling up the DagBag from /home/menglim/airflow_venv/lib/python3.12/site-packages/airflow/example_dags/example_python_operator.py
[2025-07-18T09:35:59.551+0700] {logging_mixin.py:188} INFO - [2025-07-18T09:35:59.551+0700] {example_python_operator.py:93} WARNING - The virtalenv_python example task requires virtualenv, please install it.
[2025-07-18T09:35:59.551+0700] {processor.py:840} INFO - DAG(s) 'example_python_operator' retrieved from /home/menglim/airflow_venv/lib/python3.12/site-packages/airflow/example_dags/example_python_operator.py
[2025-07-18T09:35:59.563+0700] {logging_mixin.py:188} INFO - [2025-07-18T09:35:59.563+0700] {dag.py:3096} INFO - Sync 1 DAGs
[2025-07-18T09:35:59.570+0700] {logging_mixin.py:188} INFO - [2025-07-18T09:35:59.570+0700] {dag.py:3954} INFO - Setting next_dagrun for example_python_operator to None, run_after=None
[2025-07-18T09:35:59.590+0700] {processor.py:183} INFO - Processing /home/menglim/airflow_venv/lib/python3.12/site-packages/airflow/example_dags/example_python_operator.py took 0.081 seconds
[2025-07-18T09:36:54.807+0700] {processor.py:161} INFO - Started process (PID=8294) to work on /home/menglim/airflow_venv/lib/python3.12/site-packages/airflow/example_dags/example_python_operator.py
[2025-07-18T09:36:54.812+0700] {processor.py:830} INFO - Processing file /home/menglim/airflow_venv/lib/python3.12/site-packages/airflow/example_dags/example_python_operator.py for tasks to queue
[2025-07-18T09:36:54.814+0700] {logging_mixin.py:188} INFO - [2025-07-18T09:36:54.814+0700] {dagbag.py:545} INFO - Filling up the DagBag from /home/menglim/airflow_venv/lib/python3.12/site-packages/airflow/example_dags/example_python_operator.py
[2025-07-18T09:36:54.912+0700] {logging_mixin.py:188} INFO - [2025-07-18T09:36:54.910+0700] {example_python_operator.py:93} WARNING - The virtalenv_python example task requires virtualenv, please install it.
[2025-07-18T09:36:54.914+0700] {processor.py:840} INFO - DAG(s) 'example_python_operator' retrieved from /home/menglim/airflow_venv/lib/python3.12/site-packages/airflow/example_dags/example_python_operator.py
[2025-07-18T09:36:54.954+0700] {logging_mixin.py:188} INFO - [2025-07-18T09:36:54.953+0700] {dag.py:3096} INFO - Sync 1 DAGs
[2025-07-18T09:36:54.982+0700] {logging_mixin.py:188} INFO - [2025-07-18T09:36:54.980+0700] {dag.py:3954} INFO - Setting next_dagrun for example_python_operator to None, run_after=None
[2025-07-18T09:36:55.064+0700] {processor.py:183} INFO - Processing /home/menglim/airflow_venv/lib/python3.12/site-packages/airflow/example_dags/example_python_operator.py took 0.269 seconds
