[2025-07-18T09:00:19.063+0700] {processor.py:161} INFO - Started process (PID=2988) to work on /home/menglim/airflow_venv/lib/python3.12/site-packages/airflow/example_dags/example_time_delta_sensor_async.py
[2025-07-18T09:00:19.064+0700] {processor.py:830} INFO - Processing file /home/menglim/airflow_venv/lib/python3.12/site-packages/airflow/example_dags/example_time_delta_sensor_async.py for tasks to queue
[2025-07-18T09:00:19.064+0700] {logging_mixin.py:188} INFO - [2025-07-18T09:00:19.064+0700] {dagbag.py:545} INFO - Filling up the DagBag from /home/menglim/airflow_venv/lib/python3.12/site-packages/airflow/example_dags/example_time_delta_sensor_async.py
[2025-07-18T09:00:19.067+0700] {processor.py:840} INFO - DAG(s) 'example_time_delta_sensor_async' retrieved from /home/menglim/airflow_venv/lib/python3.12/site-packages/airflow/example_dags/example_time_delta_sensor_async.py
[2025-07-18T09:00:19.123+0700] {logging_mixin.py:188} INFO - [2025-07-18T09:00:19.123+0700] {dag.py:3096} INFO - Sync 1 DAGs
[2025-07-18T09:00:19.128+0700] {logging_mixin.py:188} INFO - [2025-07-18T09:00:19.128+0700] {dag.py:3954} INFO - Setting next_dagrun for example_time_delta_sensor_async to None, run_after=None
[2025-07-18T09:00:19.150+0700] {processor.py:183} INFO - Processing /home/menglim/airflow_venv/lib/python3.12/site-packages/airflow/example_dags/example_time_delta_sensor_async.py took 0.090 seconds
[2025-07-18T09:01:11.940+0700] {processor.py:161} INFO - Started process (PID=3324) to work on /home/menglim/airflow_venv/lib/python3.12/site-packages/airflow/example_dags/example_time_delta_sensor_async.py
[2025-07-18T09:01:11.942+0700] {processor.py:830} INFO - Processing file /home/menglim/airflow_venv/lib/python3.12/site-packages/airflow/example_dags/example_time_delta_sensor_async.py for tasks to queue
[2025-07-18T09:01:11.943+0700] {logging_mixin.py:188} INFO - [2025-07-18T09:01:11.943+0700] {dagbag.py:545} INFO - Filling up the DagBag from /home/menglim/airflow_venv/lib/python3.12/site-packages/airflow/example_dags/example_time_delta_sensor_async.py
[2025-07-18T09:01:11.946+0700] {processor.py:840} INFO - DAG(s) 'example_time_delta_sensor_async' retrieved from /home/menglim/airflow_venv/lib/python3.12/site-packages/airflow/example_dags/example_time_delta_sensor_async.py
[2025-07-18T09:01:11.955+0700] {logging_mixin.py:188} INFO - [2025-07-18T09:01:11.955+0700] {dag.py:3096} INFO - Sync 1 DAGs
[2025-07-18T09:01:11.961+0700] {logging_mixin.py:188} INFO - [2025-07-18T09:01:11.961+0700] {dag.py:3954} INFO - Setting next_dagrun for example_time_delta_sensor_async to None, run_after=None
[2025-07-18T09:01:11.982+0700] {processor.py:183} INFO - Processing /home/menglim/airflow_venv/lib/python3.12/site-packages/airflow/example_dags/example_time_delta_sensor_async.py took 0.045 seconds
[2025-07-18T09:02:13.202+0700] {processor.py:161} INFO - Started process (PID=3470) to work on /home/menglim/airflow_venv/lib/python3.12/site-packages/airflow/example_dags/example_time_delta_sensor_async.py
[2025-07-18T09:02:13.204+0700] {processor.py:830} INFO - Processing file /home/menglim/airflow_venv/lib/python3.12/site-packages/airflow/example_dags/example_time_delta_sensor_async.py for tasks to queue
[2025-07-18T09:02:13.205+0700] {logging_mixin.py:188} INFO - [2025-07-18T09:02:13.205+0700] {dagbag.py:545} INFO - Filling up the DagBag from /home/menglim/airflow_venv/lib/python3.12/site-packages/airflow/example_dags/example_time_delta_sensor_async.py
[2025-07-18T09:02:13.208+0700] {processor.py:840} INFO - DAG(s) 'example_time_delta_sensor_async' retrieved from /home/menglim/airflow_venv/lib/python3.12/site-packages/airflow/example_dags/example_time_delta_sensor_async.py
[2025-07-18T09:02:13.219+0700] {logging_mixin.py:188} INFO - [2025-07-18T09:02:13.219+0700] {dag.py:3096} INFO - Sync 1 DAGs
[2025-07-18T09:02:13.228+0700] {logging_mixin.py:188} INFO - [2025-07-18T09:02:13.228+0700] {dag.py:3954} INFO - Setting next_dagrun for example_time_delta_sensor_async to None, run_after=None
[2025-07-18T09:02:13.253+0700] {processor.py:183} INFO - Processing /home/menglim/airflow_venv/lib/python3.12/site-packages/airflow/example_dags/example_time_delta_sensor_async.py took 0.055 seconds
[2025-07-18T09:03:07.451+0700] {processor.py:161} INFO - Started process (PID=3601) to work on /home/menglim/airflow_venv/lib/python3.12/site-packages/airflow/example_dags/example_time_delta_sensor_async.py
[2025-07-18T09:03:07.455+0700] {processor.py:830} INFO - Processing file /home/menglim/airflow_venv/lib/python3.12/site-packages/airflow/example_dags/example_time_delta_sensor_async.py for tasks to queue
[2025-07-18T09:03:07.460+0700] {logging_mixin.py:188} INFO - [2025-07-18T09:03:07.458+0700] {dagbag.py:545} INFO - Filling up the DagBag from /home/menglim/airflow_venv/lib/python3.12/site-packages/airflow/example_dags/example_time_delta_sensor_async.py
[2025-07-18T09:03:07.469+0700] {processor.py:840} INFO - DAG(s) 'example_time_delta_sensor_async' retrieved from /home/menglim/airflow_venv/lib/python3.12/site-packages/airflow/example_dags/example_time_delta_sensor_async.py
[2025-07-18T09:03:07.490+0700] {logging_mixin.py:188} INFO - [2025-07-18T09:03:07.490+0700] {dag.py:3096} INFO - Sync 1 DAGs
[2025-07-18T09:03:07.497+0700] {logging_mixin.py:188} INFO - [2025-07-18T09:03:07.497+0700] {dag.py:3954} INFO - Setting next_dagrun for example_time_delta_sensor_async to None, run_after=None
[2025-07-18T09:03:07.517+0700] {processor.py:183} INFO - Processing /home/menglim/airflow_venv/lib/python3.12/site-packages/airflow/example_dags/example_time_delta_sensor_async.py took 0.079 seconds
[2025-07-18T09:04:01.509+0700] {processor.py:161} INFO - Started process (PID=3700) to work on /home/menglim/airflow_venv/lib/python3.12/site-packages/airflow/example_dags/example_time_delta_sensor_async.py
[2025-07-18T09:04:01.511+0700] {processor.py:830} INFO - Processing file /home/menglim/airflow_venv/lib/python3.12/site-packages/airflow/example_dags/example_time_delta_sensor_async.py for tasks to queue
[2025-07-18T09:04:01.513+0700] {logging_mixin.py:188} INFO - [2025-07-18T09:04:01.512+0700] {dagbag.py:545} INFO - Filling up the DagBag from /home/menglim/airflow_venv/lib/python3.12/site-packages/airflow/example_dags/example_time_delta_sensor_async.py
[2025-07-18T09:04:01.516+0700] {processor.py:840} INFO - DAG(s) 'example_time_delta_sensor_async' retrieved from /home/menglim/airflow_venv/lib/python3.12/site-packages/airflow/example_dags/example_time_delta_sensor_async.py
[2025-07-18T09:04:01.526+0700] {logging_mixin.py:188} INFO - [2025-07-18T09:04:01.525+0700] {dag.py:3096} INFO - Sync 1 DAGs
[2025-07-18T09:04:01.533+0700] {logging_mixin.py:188} INFO - [2025-07-18T09:04:01.533+0700] {dag.py:3954} INFO - Setting next_dagrun for example_time_delta_sensor_async to None, run_after=None
[2025-07-18T09:04:01.559+0700] {processor.py:183} INFO - Processing /home/menglim/airflow_venv/lib/python3.12/site-packages/airflow/example_dags/example_time_delta_sensor_async.py took 0.053 seconds
[2025-07-18T09:04:59.824+0700] {processor.py:161} INFO - Started process (PID=3808) to work on /home/menglim/airflow_venv/lib/python3.12/site-packages/airflow/example_dags/example_time_delta_sensor_async.py
[2025-07-18T09:04:59.825+0700] {processor.py:830} INFO - Processing file /home/menglim/airflow_venv/lib/python3.12/site-packages/airflow/example_dags/example_time_delta_sensor_async.py for tasks to queue
[2025-07-18T09:04:59.826+0700] {logging_mixin.py:188} INFO - [2025-07-18T09:04:59.826+0700] {dagbag.py:545} INFO - Filling up the DagBag from /home/menglim/airflow_venv/lib/python3.12/site-packages/airflow/example_dags/example_time_delta_sensor_async.py
[2025-07-18T09:04:59.829+0700] {processor.py:840} INFO - DAG(s) 'example_time_delta_sensor_async' retrieved from /home/menglim/airflow_venv/lib/python3.12/site-packages/airflow/example_dags/example_time_delta_sensor_async.py
[2025-07-18T09:04:59.846+0700] {logging_mixin.py:188} INFO - [2025-07-18T09:04:59.846+0700] {dag.py:3096} INFO - Sync 1 DAGs
[2025-07-18T09:04:59.854+0700] {logging_mixin.py:188} INFO - [2025-07-18T09:04:59.854+0700] {dag.py:3954} INFO - Setting next_dagrun for example_time_delta_sensor_async to None, run_after=None
[2025-07-18T09:04:59.884+0700] {processor.py:183} INFO - Processing /home/menglim/airflow_venv/lib/python3.12/site-packages/airflow/example_dags/example_time_delta_sensor_async.py took 0.065 seconds
[2025-07-18T09:05:52.921+0700] {processor.py:161} INFO - Started process (PID=3899) to work on /home/menglim/airflow_venv/lib/python3.12/site-packages/airflow/example_dags/example_time_delta_sensor_async.py
[2025-07-18T09:05:52.924+0700] {processor.py:830} INFO - Processing file /home/menglim/airflow_venv/lib/python3.12/site-packages/airflow/example_dags/example_time_delta_sensor_async.py for tasks to queue
[2025-07-18T09:05:52.925+0700] {logging_mixin.py:188} INFO - [2025-07-18T09:05:52.925+0700] {dagbag.py:545} INFO - Filling up the DagBag from /home/menglim/airflow_venv/lib/python3.12/site-packages/airflow/example_dags/example_time_delta_sensor_async.py
[2025-07-18T09:05:52.928+0700] {processor.py:840} INFO - DAG(s) 'example_time_delta_sensor_async' retrieved from /home/menglim/airflow_venv/lib/python3.12/site-packages/airflow/example_dags/example_time_delta_sensor_async.py
[2025-07-18T09:05:52.937+0700] {logging_mixin.py:188} INFO - [2025-07-18T09:05:52.937+0700] {dag.py:3096} INFO - Sync 1 DAGs
[2025-07-18T09:05:52.944+0700] {logging_mixin.py:188} INFO - [2025-07-18T09:05:52.944+0700] {dag.py:3954} INFO - Setting next_dagrun for example_time_delta_sensor_async to None, run_after=None
[2025-07-18T09:05:52.964+0700] {processor.py:183} INFO - Processing /home/menglim/airflow_venv/lib/python3.12/site-packages/airflow/example_dags/example_time_delta_sensor_async.py took 0.047 seconds
[2025-07-18T09:06:48.648+0700] {processor.py:161} INFO - Started process (PID=3972) to work on /home/menglim/airflow_venv/lib/python3.12/site-packages/airflow/example_dags/example_time_delta_sensor_async.py
[2025-07-18T09:06:48.650+0700] {processor.py:830} INFO - Processing file /home/menglim/airflow_venv/lib/python3.12/site-packages/airflow/example_dags/example_time_delta_sensor_async.py for tasks to queue
[2025-07-18T09:06:48.651+0700] {logging_mixin.py:188} INFO - [2025-07-18T09:06:48.650+0700] {dagbag.py:545} INFO - Filling up the DagBag from /home/menglim/airflow_venv/lib/python3.12/site-packages/airflow/example_dags/example_time_delta_sensor_async.py
[2025-07-18T09:06:48.654+0700] {processor.py:840} INFO - DAG(s) 'example_time_delta_sensor_async' retrieved from /home/menglim/airflow_venv/lib/python3.12/site-packages/airflow/example_dags/example_time_delta_sensor_async.py
[2025-07-18T09:06:48.673+0700] {logging_mixin.py:188} INFO - [2025-07-18T09:06:48.672+0700] {dag.py:3096} INFO - Sync 1 DAGs
[2025-07-18T09:06:48.684+0700] {logging_mixin.py:188} INFO - [2025-07-18T09:06:48.684+0700] {dag.py:3954} INFO - Setting next_dagrun for example_time_delta_sensor_async to None, run_after=None
[2025-07-18T09:06:48.724+0700] {processor.py:183} INFO - Processing /home/menglim/airflow_venv/lib/python3.12/site-packages/airflow/example_dags/example_time_delta_sensor_async.py took 0.082 seconds
[2025-07-18T09:07:49.048+0700] {processor.py:161} INFO - Started process (PID=4098) to work on /home/menglim/airflow_venv/lib/python3.12/site-packages/airflow/example_dags/example_time_delta_sensor_async.py
[2025-07-18T09:07:49.051+0700] {processor.py:830} INFO - Processing file /home/menglim/airflow_venv/lib/python3.12/site-packages/airflow/example_dags/example_time_delta_sensor_async.py for tasks to queue
[2025-07-18T09:07:49.053+0700] {logging_mixin.py:188} INFO - [2025-07-18T09:07:49.052+0700] {dagbag.py:545} INFO - Filling up the DagBag from /home/menglim/airflow_venv/lib/python3.12/site-packages/airflow/example_dags/example_time_delta_sensor_async.py
[2025-07-18T09:07:49.059+0700] {processor.py:840} INFO - DAG(s) 'example_time_delta_sensor_async' retrieved from /home/menglim/airflow_venv/lib/python3.12/site-packages/airflow/example_dags/example_time_delta_sensor_async.py
[2025-07-18T09:07:49.080+0700] {logging_mixin.py:188} INFO - [2025-07-18T09:07:49.080+0700] {dag.py:3096} INFO - Sync 1 DAGs
[2025-07-18T09:07:49.093+0700] {logging_mixin.py:188} INFO - [2025-07-18T09:07:49.093+0700] {dag.py:3954} INFO - Setting next_dagrun for example_time_delta_sensor_async to None, run_after=None
[2025-07-18T09:07:49.131+0700] {processor.py:183} INFO - Processing /home/menglim/airflow_venv/lib/python3.12/site-packages/airflow/example_dags/example_time_delta_sensor_async.py took 0.090 seconds
[2025-07-18T09:08:45.089+0700] {processor.py:161} INFO - Started process (PID=4204) to work on /home/menglim/airflow_venv/lib/python3.12/site-packages/airflow/example_dags/example_time_delta_sensor_async.py
[2025-07-18T09:08:45.091+0700] {processor.py:830} INFO - Processing file /home/menglim/airflow_venv/lib/python3.12/site-packages/airflow/example_dags/example_time_delta_sensor_async.py for tasks to queue
[2025-07-18T09:08:45.092+0700] {logging_mixin.py:188} INFO - [2025-07-18T09:08:45.092+0700] {dagbag.py:545} INFO - Filling up the DagBag from /home/menglim/airflow_venv/lib/python3.12/site-packages/airflow/example_dags/example_time_delta_sensor_async.py
[2025-07-18T09:08:45.094+0700] {processor.py:840} INFO - DAG(s) 'example_time_delta_sensor_async' retrieved from /home/menglim/airflow_venv/lib/python3.12/site-packages/airflow/example_dags/example_time_delta_sensor_async.py
[2025-07-18T09:08:45.104+0700] {logging_mixin.py:188} INFO - [2025-07-18T09:08:45.104+0700] {dag.py:3096} INFO - Sync 1 DAGs
[2025-07-18T09:08:45.110+0700] {logging_mixin.py:188} INFO - [2025-07-18T09:08:45.110+0700] {dag.py:3954} INFO - Setting next_dagrun for example_time_delta_sensor_async to None, run_after=None
[2025-07-18T09:08:45.133+0700] {processor.py:183} INFO - Processing /home/menglim/airflow_venv/lib/python3.12/site-packages/airflow/example_dags/example_time_delta_sensor_async.py took 0.048 seconds
[2025-07-18T09:09:41.271+0700] {processor.py:161} INFO - Started process (PID=4324) to work on /home/menglim/airflow_venv/lib/python3.12/site-packages/airflow/example_dags/example_time_delta_sensor_async.py
[2025-07-18T09:09:41.272+0700] {processor.py:830} INFO - Processing file /home/menglim/airflow_venv/lib/python3.12/site-packages/airflow/example_dags/example_time_delta_sensor_async.py for tasks to queue
[2025-07-18T09:09:41.272+0700] {logging_mixin.py:188} INFO - [2025-07-18T09:09:41.272+0700] {dagbag.py:545} INFO - Filling up the DagBag from /home/menglim/airflow_venv/lib/python3.12/site-packages/airflow/example_dags/example_time_delta_sensor_async.py
[2025-07-18T09:09:41.275+0700] {processor.py:840} INFO - DAG(s) 'example_time_delta_sensor_async' retrieved from /home/menglim/airflow_venv/lib/python3.12/site-packages/airflow/example_dags/example_time_delta_sensor_async.py
[2025-07-18T09:09:41.285+0700] {logging_mixin.py:188} INFO - [2025-07-18T09:09:41.285+0700] {dag.py:3096} INFO - Sync 1 DAGs
[2025-07-18T09:09:41.291+0700] {logging_mixin.py:188} INFO - [2025-07-18T09:09:41.291+0700] {dag.py:3954} INFO - Setting next_dagrun for example_time_delta_sensor_async to None, run_after=None
[2025-07-18T09:09:41.311+0700] {processor.py:183} INFO - Processing /home/menglim/airflow_venv/lib/python3.12/site-packages/airflow/example_dags/example_time_delta_sensor_async.py took 0.043 seconds
[2025-07-18T09:10:32.018+0700] {processor.py:161} INFO - Started process (PID=4409) to work on /home/menglim/airflow_venv/lib/python3.12/site-packages/airflow/example_dags/example_time_delta_sensor_async.py
[2025-07-18T09:10:32.021+0700] {processor.py:830} INFO - Processing file /home/menglim/airflow_venv/lib/python3.12/site-packages/airflow/example_dags/example_time_delta_sensor_async.py for tasks to queue
[2025-07-18T09:10:32.022+0700] {logging_mixin.py:188} INFO - [2025-07-18T09:10:32.021+0700] {dagbag.py:545} INFO - Filling up the DagBag from /home/menglim/airflow_venv/lib/python3.12/site-packages/airflow/example_dags/example_time_delta_sensor_async.py
[2025-07-18T09:10:32.028+0700] {processor.py:840} INFO - DAG(s) 'example_time_delta_sensor_async' retrieved from /home/menglim/airflow_venv/lib/python3.12/site-packages/airflow/example_dags/example_time_delta_sensor_async.py
[2025-07-18T09:10:32.043+0700] {logging_mixin.py:188} INFO - [2025-07-18T09:10:32.043+0700] {dag.py:3096} INFO - Sync 1 DAGs
[2025-07-18T09:10:32.055+0700] {logging_mixin.py:188} INFO - [2025-07-18T09:10:32.055+0700] {dag.py:3954} INFO - Setting next_dagrun for example_time_delta_sensor_async to None, run_after=None
[2025-07-18T09:10:32.083+0700] {processor.py:183} INFO - Processing /home/menglim/airflow_venv/lib/python3.12/site-packages/airflow/example_dags/example_time_delta_sensor_async.py took 0.071 seconds
[2025-07-18T09:11:27.976+0700] {processor.py:161} INFO - Started process (PID=4545) to work on /home/menglim/airflow_venv/lib/python3.12/site-packages/airflow/example_dags/example_time_delta_sensor_async.py
[2025-07-18T09:11:27.978+0700] {processor.py:830} INFO - Processing file /home/menglim/airflow_venv/lib/python3.12/site-packages/airflow/example_dags/example_time_delta_sensor_async.py for tasks to queue
[2025-07-18T09:11:27.978+0700] {logging_mixin.py:188} INFO - [2025-07-18T09:11:27.978+0700] {dagbag.py:545} INFO - Filling up the DagBag from /home/menglim/airflow_venv/lib/python3.12/site-packages/airflow/example_dags/example_time_delta_sensor_async.py
[2025-07-18T09:11:27.981+0700] {processor.py:840} INFO - DAG(s) 'example_time_delta_sensor_async' retrieved from /home/menglim/airflow_venv/lib/python3.12/site-packages/airflow/example_dags/example_time_delta_sensor_async.py
[2025-07-18T09:11:27.990+0700] {logging_mixin.py:188} INFO - [2025-07-18T09:11:27.990+0700] {dag.py:3096} INFO - Sync 1 DAGs
[2025-07-18T09:11:27.996+0700] {logging_mixin.py:188} INFO - [2025-07-18T09:11:27.996+0700] {dag.py:3954} INFO - Setting next_dagrun for example_time_delta_sensor_async to None, run_after=None
[2025-07-18T09:11:28.017+0700] {processor.py:183} INFO - Processing /home/menglim/airflow_venv/lib/python3.12/site-packages/airflow/example_dags/example_time_delta_sensor_async.py took 0.043 seconds
[2025-07-18T09:12:22.210+0700] {processor.py:161} INFO - Started process (PID=4631) to work on /home/menglim/airflow_venv/lib/python3.12/site-packages/airflow/example_dags/example_time_delta_sensor_async.py
[2025-07-18T09:12:22.212+0700] {processor.py:830} INFO - Processing file /home/menglim/airflow_venv/lib/python3.12/site-packages/airflow/example_dags/example_time_delta_sensor_async.py for tasks to queue
[2025-07-18T09:12:22.212+0700] {logging_mixin.py:188} INFO - [2025-07-18T09:12:22.212+0700] {dagbag.py:545} INFO - Filling up the DagBag from /home/menglim/airflow_venv/lib/python3.12/site-packages/airflow/example_dags/example_time_delta_sensor_async.py
[2025-07-18T09:12:22.215+0700] {processor.py:840} INFO - DAG(s) 'example_time_delta_sensor_async' retrieved from /home/menglim/airflow_venv/lib/python3.12/site-packages/airflow/example_dags/example_time_delta_sensor_async.py
[2025-07-18T09:12:22.225+0700] {logging_mixin.py:188} INFO - [2025-07-18T09:12:22.225+0700] {dag.py:3096} INFO - Sync 1 DAGs
[2025-07-18T09:12:22.231+0700] {logging_mixin.py:188} INFO - [2025-07-18T09:12:22.231+0700] {dag.py:3954} INFO - Setting next_dagrun for example_time_delta_sensor_async to None, run_after=None
[2025-07-18T09:12:22.251+0700] {processor.py:183} INFO - Processing /home/menglim/airflow_venv/lib/python3.12/site-packages/airflow/example_dags/example_time_delta_sensor_async.py took 0.044 seconds
[2025-07-18T09:13:22.328+0700] {processor.py:161} INFO - Started process (PID=5193) to work on /home/menglim/airflow_venv/lib/python3.12/site-packages/airflow/example_dags/example_time_delta_sensor_async.py
[2025-07-18T09:13:22.330+0700] {processor.py:830} INFO - Processing file /home/menglim/airflow_venv/lib/python3.12/site-packages/airflow/example_dags/example_time_delta_sensor_async.py for tasks to queue
[2025-07-18T09:13:22.330+0700] {logging_mixin.py:188} INFO - [2025-07-18T09:13:22.330+0700] {dagbag.py:545} INFO - Filling up the DagBag from /home/menglim/airflow_venv/lib/python3.12/site-packages/airflow/example_dags/example_time_delta_sensor_async.py
[2025-07-18T09:13:22.333+0700] {processor.py:840} INFO - DAG(s) 'example_time_delta_sensor_async' retrieved from /home/menglim/airflow_venv/lib/python3.12/site-packages/airflow/example_dags/example_time_delta_sensor_async.py
[2025-07-18T09:13:22.343+0700] {logging_mixin.py:188} INFO - [2025-07-18T09:13:22.343+0700] {dag.py:3096} INFO - Sync 1 DAGs
[2025-07-18T09:13:22.349+0700] {logging_mixin.py:188} INFO - [2025-07-18T09:13:22.349+0700] {dag.py:3954} INFO - Setting next_dagrun for example_time_delta_sensor_async to None, run_after=None
[2025-07-18T09:13:22.371+0700] {processor.py:183} INFO - Processing /home/menglim/airflow_venv/lib/python3.12/site-packages/airflow/example_dags/example_time_delta_sensor_async.py took 0.047 seconds
[2025-07-18T09:14:30.228+0700] {processor.py:161} INFO - Started process (PID=5356) to work on /home/menglim/airflow_venv/lib/python3.12/site-packages/airflow/example_dags/example_time_delta_sensor_async.py
[2025-07-18T09:14:30.231+0700] {processor.py:830} INFO - Processing file /home/menglim/airflow_venv/lib/python3.12/site-packages/airflow/example_dags/example_time_delta_sensor_async.py for tasks to queue
[2025-07-18T09:14:30.231+0700] {logging_mixin.py:188} INFO - [2025-07-18T09:14:30.231+0700] {dagbag.py:545} INFO - Filling up the DagBag from /home/menglim/airflow_venv/lib/python3.12/site-packages/airflow/example_dags/example_time_delta_sensor_async.py
[2025-07-18T09:14:30.234+0700] {processor.py:840} INFO - DAG(s) 'example_time_delta_sensor_async' retrieved from /home/menglim/airflow_venv/lib/python3.12/site-packages/airflow/example_dags/example_time_delta_sensor_async.py
[2025-07-18T09:14:30.244+0700] {logging_mixin.py:188} INFO - [2025-07-18T09:14:30.244+0700] {dag.py:3096} INFO - Sync 1 DAGs
[2025-07-18T09:14:30.250+0700] {logging_mixin.py:188} INFO - [2025-07-18T09:14:30.250+0700] {dag.py:3954} INFO - Setting next_dagrun for example_time_delta_sensor_async to None, run_after=None
[2025-07-18T09:14:30.270+0700] {processor.py:183} INFO - Processing /home/menglim/airflow_venv/lib/python3.12/site-packages/airflow/example_dags/example_time_delta_sensor_async.py took 0.045 seconds
[2025-07-18T09:15:30.837+0700] {processor.py:161} INFO - Started process (PID=5473) to work on /home/menglim/airflow_venv/lib/python3.12/site-packages/airflow/example_dags/example_time_delta_sensor_async.py
[2025-07-18T09:15:30.837+0700] {processor.py:830} INFO - Processing file /home/menglim/airflow_venv/lib/python3.12/site-packages/airflow/example_dags/example_time_delta_sensor_async.py for tasks to queue
[2025-07-18T09:15:30.838+0700] {logging_mixin.py:188} INFO - [2025-07-18T09:15:30.838+0700] {dagbag.py:545} INFO - Filling up the DagBag from /home/menglim/airflow_venv/lib/python3.12/site-packages/airflow/example_dags/example_time_delta_sensor_async.py
[2025-07-18T09:15:30.841+0700] {processor.py:840} INFO - DAG(s) 'example_time_delta_sensor_async' retrieved from /home/menglim/airflow_venv/lib/python3.12/site-packages/airflow/example_dags/example_time_delta_sensor_async.py
[2025-07-18T09:15:30.851+0700] {logging_mixin.py:188} INFO - [2025-07-18T09:15:30.850+0700] {dag.py:3096} INFO - Sync 1 DAGs
[2025-07-18T09:15:30.857+0700] {logging_mixin.py:188} INFO - [2025-07-18T09:15:30.857+0700] {dag.py:3954} INFO - Setting next_dagrun for example_time_delta_sensor_async to None, run_after=None
[2025-07-18T09:15:30.877+0700] {processor.py:183} INFO - Processing /home/menglim/airflow_venv/lib/python3.12/site-packages/airflow/example_dags/example_time_delta_sensor_async.py took 0.044 seconds
[2025-07-18T09:16:37.370+0700] {processor.py:161} INFO - Started process (PID=5600) to work on /home/menglim/airflow_venv/lib/python3.12/site-packages/airflow/example_dags/example_time_delta_sensor_async.py
[2025-07-18T09:16:37.371+0700] {processor.py:830} INFO - Processing file /home/menglim/airflow_venv/lib/python3.12/site-packages/airflow/example_dags/example_time_delta_sensor_async.py for tasks to queue
[2025-07-18T09:16:37.372+0700] {logging_mixin.py:188} INFO - [2025-07-18T09:16:37.372+0700] {dagbag.py:545} INFO - Filling up the DagBag from /home/menglim/airflow_venv/lib/python3.12/site-packages/airflow/example_dags/example_time_delta_sensor_async.py
[2025-07-18T09:16:37.376+0700] {processor.py:840} INFO - DAG(s) 'example_time_delta_sensor_async' retrieved from /home/menglim/airflow_venv/lib/python3.12/site-packages/airflow/example_dags/example_time_delta_sensor_async.py
[2025-07-18T09:16:37.389+0700] {logging_mixin.py:188} INFO - [2025-07-18T09:16:37.389+0700] {dag.py:3096} INFO - Sync 1 DAGs
[2025-07-18T09:16:37.397+0700] {logging_mixin.py:188} INFO - [2025-07-18T09:16:37.396+0700] {dag.py:3954} INFO - Setting next_dagrun for example_time_delta_sensor_async to None, run_after=None
[2025-07-18T09:16:37.418+0700] {processor.py:183} INFO - Processing /home/menglim/airflow_venv/lib/python3.12/site-packages/airflow/example_dags/example_time_delta_sensor_async.py took 0.052 seconds
[2025-07-18T09:18:00.026+0700] {processor.py:161} INFO - Started process (PID=5869) to work on /home/menglim/airflow_venv/lib/python3.12/site-packages/airflow/example_dags/example_time_delta_sensor_async.py
[2025-07-18T09:18:00.027+0700] {processor.py:830} INFO - Processing file /home/menglim/airflow_venv/lib/python3.12/site-packages/airflow/example_dags/example_time_delta_sensor_async.py for tasks to queue
[2025-07-18T09:18:00.028+0700] {logging_mixin.py:188} INFO - [2025-07-18T09:18:00.027+0700] {dagbag.py:545} INFO - Filling up the DagBag from /home/menglim/airflow_venv/lib/python3.12/site-packages/airflow/example_dags/example_time_delta_sensor_async.py
[2025-07-18T09:18:00.030+0700] {processor.py:840} INFO - DAG(s) 'example_time_delta_sensor_async' retrieved from /home/menglim/airflow_venv/lib/python3.12/site-packages/airflow/example_dags/example_time_delta_sensor_async.py
[2025-07-18T09:18:00.040+0700] {logging_mixin.py:188} INFO - [2025-07-18T09:18:00.040+0700] {dag.py:3096} INFO - Sync 1 DAGs
[2025-07-18T09:18:00.046+0700] {logging_mixin.py:188} INFO - [2025-07-18T09:18:00.046+0700] {dag.py:3954} INFO - Setting next_dagrun for example_time_delta_sensor_async to None, run_after=None
[2025-07-18T09:18:00.068+0700] {processor.py:183} INFO - Processing /home/menglim/airflow_venv/lib/python3.12/site-packages/airflow/example_dags/example_time_delta_sensor_async.py took 0.045 seconds
[2025-07-18T09:19:08.617+0700] {processor.py:161} INFO - Started process (PID=6007) to work on /home/menglim/airflow_venv/lib/python3.12/site-packages/airflow/example_dags/example_time_delta_sensor_async.py
[2025-07-18T09:19:08.620+0700] {processor.py:830} INFO - Processing file /home/menglim/airflow_venv/lib/python3.12/site-packages/airflow/example_dags/example_time_delta_sensor_async.py for tasks to queue
[2025-07-18T09:19:08.620+0700] {logging_mixin.py:188} INFO - [2025-07-18T09:19:08.620+0700] {dagbag.py:545} INFO - Filling up the DagBag from /home/menglim/airflow_venv/lib/python3.12/site-packages/airflow/example_dags/example_time_delta_sensor_async.py
[2025-07-18T09:19:08.623+0700] {processor.py:840} INFO - DAG(s) 'example_time_delta_sensor_async' retrieved from /home/menglim/airflow_venv/lib/python3.12/site-packages/airflow/example_dags/example_time_delta_sensor_async.py
[2025-07-18T09:19:08.633+0700] {logging_mixin.py:188} INFO - [2025-07-18T09:19:08.633+0700] {dag.py:3096} INFO - Sync 1 DAGs
[2025-07-18T09:19:08.640+0700] {logging_mixin.py:188} INFO - [2025-07-18T09:19:08.640+0700] {dag.py:3954} INFO - Setting next_dagrun for example_time_delta_sensor_async to None, run_after=None
[2025-07-18T09:19:08.721+0700] {processor.py:183} INFO - Processing /home/menglim/airflow_venv/lib/python3.12/site-packages/airflow/example_dags/example_time_delta_sensor_async.py took 0.107 seconds
[2025-07-18T09:20:14.457+0700] {processor.py:161} INFO - Started process (PID=6166) to work on /home/menglim/airflow_venv/lib/python3.12/site-packages/airflow/example_dags/example_time_delta_sensor_async.py
[2025-07-18T09:20:14.459+0700] {processor.py:830} INFO - Processing file /home/menglim/airflow_venv/lib/python3.12/site-packages/airflow/example_dags/example_time_delta_sensor_async.py for tasks to queue
[2025-07-18T09:20:14.459+0700] {logging_mixin.py:188} INFO - [2025-07-18T09:20:14.459+0700] {dagbag.py:545} INFO - Filling up the DagBag from /home/menglim/airflow_venv/lib/python3.12/site-packages/airflow/example_dags/example_time_delta_sensor_async.py
[2025-07-18T09:20:14.462+0700] {processor.py:840} INFO - DAG(s) 'example_time_delta_sensor_async' retrieved from /home/menglim/airflow_venv/lib/python3.12/site-packages/airflow/example_dags/example_time_delta_sensor_async.py
[2025-07-18T09:20:14.471+0700] {logging_mixin.py:188} INFO - [2025-07-18T09:20:14.471+0700] {dag.py:3096} INFO - Sync 1 DAGs
[2025-07-18T09:20:14.544+0700] {logging_mixin.py:188} INFO - [2025-07-18T09:20:14.543+0700] {dag.py:3954} INFO - Setting next_dagrun for example_time_delta_sensor_async to None, run_after=None
[2025-07-18T09:20:14.571+0700] {processor.py:183} INFO - Processing /home/menglim/airflow_venv/lib/python3.12/site-packages/airflow/example_dags/example_time_delta_sensor_async.py took 0.117 seconds
[2025-07-18T09:21:21.940+0700] {processor.py:161} INFO - Started process (PID=6383) to work on /home/menglim/airflow_venv/lib/python3.12/site-packages/airflow/example_dags/example_time_delta_sensor_async.py
[2025-07-18T09:21:21.942+0700] {processor.py:830} INFO - Processing file /home/menglim/airflow_venv/lib/python3.12/site-packages/airflow/example_dags/example_time_delta_sensor_async.py for tasks to queue
[2025-07-18T09:21:21.943+0700] {logging_mixin.py:188} INFO - [2025-07-18T09:21:21.942+0700] {dagbag.py:545} INFO - Filling up the DagBag from /home/menglim/airflow_venv/lib/python3.12/site-packages/airflow/example_dags/example_time_delta_sensor_async.py
[2025-07-18T09:21:21.946+0700] {processor.py:840} INFO - DAG(s) 'example_time_delta_sensor_async' retrieved from /home/menglim/airflow_venv/lib/python3.12/site-packages/airflow/example_dags/example_time_delta_sensor_async.py
[2025-07-18T09:21:21.956+0700] {logging_mixin.py:188} INFO - [2025-07-18T09:21:21.956+0700] {dag.py:3096} INFO - Sync 1 DAGs
[2025-07-18T09:21:21.963+0700] {logging_mixin.py:188} INFO - [2025-07-18T09:21:21.963+0700] {dag.py:3954} INFO - Setting next_dagrun for example_time_delta_sensor_async to None, run_after=None
[2025-07-18T09:21:21.986+0700] {processor.py:183} INFO - Processing /home/menglim/airflow_venv/lib/python3.12/site-packages/airflow/example_dags/example_time_delta_sensor_async.py took 0.049 seconds
[2025-07-18T09:22:45.053+0700] {processor.py:161} INFO - Started process (PID=6611) to work on /home/menglim/airflow_venv/lib/python3.12/site-packages/airflow/example_dags/example_time_delta_sensor_async.py
[2025-07-18T09:22:45.055+0700] {processor.py:830} INFO - Processing file /home/menglim/airflow_venv/lib/python3.12/site-packages/airflow/example_dags/example_time_delta_sensor_async.py for tasks to queue
[2025-07-18T09:22:45.056+0700] {logging_mixin.py:188} INFO - [2025-07-18T09:22:45.056+0700] {dagbag.py:545} INFO - Filling up the DagBag from /home/menglim/airflow_venv/lib/python3.12/site-packages/airflow/example_dags/example_time_delta_sensor_async.py
[2025-07-18T09:22:45.059+0700] {processor.py:840} INFO - DAG(s) 'example_time_delta_sensor_async' retrieved from /home/menglim/airflow_venv/lib/python3.12/site-packages/airflow/example_dags/example_time_delta_sensor_async.py
[2025-07-18T09:22:45.068+0700] {logging_mixin.py:188} INFO - [2025-07-18T09:22:45.068+0700] {dag.py:3096} INFO - Sync 1 DAGs
[2025-07-18T09:22:45.074+0700] {logging_mixin.py:188} INFO - [2025-07-18T09:22:45.074+0700] {dag.py:3954} INFO - Setting next_dagrun for example_time_delta_sensor_async to None, run_after=None
[2025-07-18T09:22:45.095+0700] {processor.py:183} INFO - Processing /home/menglim/airflow_venv/lib/python3.12/site-packages/airflow/example_dags/example_time_delta_sensor_async.py took 0.046 seconds
[2025-07-18T09:23:53.971+0700] {processor.py:161} INFO - Started process (PID=6776) to work on /home/menglim/airflow_venv/lib/python3.12/site-packages/airflow/example_dags/example_time_delta_sensor_async.py
[2025-07-18T09:23:53.972+0700] {processor.py:830} INFO - Processing file /home/menglim/airflow_venv/lib/python3.12/site-packages/airflow/example_dags/example_time_delta_sensor_async.py for tasks to queue
[2025-07-18T09:23:53.972+0700] {logging_mixin.py:188} INFO - [2025-07-18T09:23:53.972+0700] {dagbag.py:545} INFO - Filling up the DagBag from /home/menglim/airflow_venv/lib/python3.12/site-packages/airflow/example_dags/example_time_delta_sensor_async.py
[2025-07-18T09:23:53.975+0700] {processor.py:840} INFO - DAG(s) 'example_time_delta_sensor_async' retrieved from /home/menglim/airflow_venv/lib/python3.12/site-packages/airflow/example_dags/example_time_delta_sensor_async.py
[2025-07-18T09:23:53.986+0700] {logging_mixin.py:188} INFO - [2025-07-18T09:23:53.986+0700] {dag.py:3096} INFO - Sync 1 DAGs
[2025-07-18T09:23:53.992+0700] {logging_mixin.py:188} INFO - [2025-07-18T09:23:53.992+0700] {dag.py:3954} INFO - Setting next_dagrun for example_time_delta_sensor_async to None, run_after=None
[2025-07-18T09:23:54.012+0700] {processor.py:183} INFO - Processing /home/menglim/airflow_venv/lib/python3.12/site-packages/airflow/example_dags/example_time_delta_sensor_async.py took 0.045 seconds
[2025-07-18T09:25:03.819+0700] {processor.py:161} INFO - Started process (PID=6968) to work on /home/menglim/airflow_venv/lib/python3.12/site-packages/airflow/example_dags/example_time_delta_sensor_async.py
[2025-07-18T09:25:03.821+0700] {processor.py:830} INFO - Processing file /home/menglim/airflow_venv/lib/python3.12/site-packages/airflow/example_dags/example_time_delta_sensor_async.py for tasks to queue
[2025-07-18T09:25:03.821+0700] {logging_mixin.py:188} INFO - [2025-07-18T09:25:03.821+0700] {dagbag.py:545} INFO - Filling up the DagBag from /home/menglim/airflow_venv/lib/python3.12/site-packages/airflow/example_dags/example_time_delta_sensor_async.py
[2025-07-18T09:25:03.824+0700] {processor.py:840} INFO - DAG(s) 'example_time_delta_sensor_async' retrieved from /home/menglim/airflow_venv/lib/python3.12/site-packages/airflow/example_dags/example_time_delta_sensor_async.py
[2025-07-18T09:25:03.840+0700] {logging_mixin.py:188} INFO - [2025-07-18T09:25:03.839+0700] {dag.py:3096} INFO - Sync 1 DAGs
[2025-07-18T09:25:03.850+0700] {logging_mixin.py:188} INFO - [2025-07-18T09:25:03.850+0700] {dag.py:3954} INFO - Setting next_dagrun for example_time_delta_sensor_async to None, run_after=None
[2025-07-18T09:25:03.874+0700] {processor.py:183} INFO - Processing /home/menglim/airflow_venv/lib/python3.12/site-packages/airflow/example_dags/example_time_delta_sensor_async.py took 0.060 seconds
[2025-07-18T09:26:08.668+0700] {processor.py:161} INFO - Started process (PID=7142) to work on /home/menglim/airflow_venv/lib/python3.12/site-packages/airflow/example_dags/example_time_delta_sensor_async.py
[2025-07-18T09:26:08.669+0700] {processor.py:830} INFO - Processing file /home/menglim/airflow_venv/lib/python3.12/site-packages/airflow/example_dags/example_time_delta_sensor_async.py for tasks to queue
[2025-07-18T09:26:08.670+0700] {logging_mixin.py:188} INFO - [2025-07-18T09:26:08.669+0700] {dagbag.py:545} INFO - Filling up the DagBag from /home/menglim/airflow_venv/lib/python3.12/site-packages/airflow/example_dags/example_time_delta_sensor_async.py
[2025-07-18T09:26:08.673+0700] {processor.py:840} INFO - DAG(s) 'example_time_delta_sensor_async' retrieved from /home/menglim/airflow_venv/lib/python3.12/site-packages/airflow/example_dags/example_time_delta_sensor_async.py
[2025-07-18T09:26:08.683+0700] {logging_mixin.py:188} INFO - [2025-07-18T09:26:08.683+0700] {dag.py:3096} INFO - Sync 1 DAGs
[2025-07-18T09:26:08.690+0700] {logging_mixin.py:188} INFO - [2025-07-18T09:26:08.690+0700] {dag.py:3954} INFO - Setting next_dagrun for example_time_delta_sensor_async to None, run_after=None
[2025-07-18T09:26:08.710+0700] {processor.py:183} INFO - Processing /home/menglim/airflow_venv/lib/python3.12/site-packages/airflow/example_dags/example_time_delta_sensor_async.py took 0.045 seconds
[2025-07-18T09:27:10.794+0700] {processor.py:161} INFO - Started process (PID=7278) to work on /home/menglim/airflow_venv/lib/python3.12/site-packages/airflow/example_dags/example_time_delta_sensor_async.py
[2025-07-18T09:27:10.797+0700] {processor.py:830} INFO - Processing file /home/menglim/airflow_venv/lib/python3.12/site-packages/airflow/example_dags/example_time_delta_sensor_async.py for tasks to queue
[2025-07-18T09:27:10.797+0700] {logging_mixin.py:188} INFO - [2025-07-18T09:27:10.797+0700] {dagbag.py:545} INFO - Filling up the DagBag from /home/menglim/airflow_venv/lib/python3.12/site-packages/airflow/example_dags/example_time_delta_sensor_async.py
[2025-07-18T09:27:10.800+0700] {processor.py:840} INFO - DAG(s) 'example_time_delta_sensor_async' retrieved from /home/menglim/airflow_venv/lib/python3.12/site-packages/airflow/example_dags/example_time_delta_sensor_async.py
[2025-07-18T09:27:10.809+0700] {logging_mixin.py:188} INFO - [2025-07-18T09:27:10.809+0700] {dag.py:3096} INFO - Sync 1 DAGs
[2025-07-18T09:27:10.815+0700] {logging_mixin.py:188} INFO - [2025-07-18T09:27:10.815+0700] {dag.py:3954} INFO - Setting next_dagrun for example_time_delta_sensor_async to None, run_after=None
[2025-07-18T09:27:10.835+0700] {processor.py:183} INFO - Processing /home/menglim/airflow_venv/lib/python3.12/site-packages/airflow/example_dags/example_time_delta_sensor_async.py took 0.044 seconds
[2025-07-18T09:28:26.102+0700] {processor.py:161} INFO - Started process (PID=7386) to work on /home/menglim/airflow_venv/lib/python3.12/site-packages/airflow/example_dags/example_time_delta_sensor_async.py
[2025-07-18T09:28:26.104+0700] {processor.py:830} INFO - Processing file /home/menglim/airflow_venv/lib/python3.12/site-packages/airflow/example_dags/example_time_delta_sensor_async.py for tasks to queue
[2025-07-18T09:28:26.105+0700] {logging_mixin.py:188} INFO - [2025-07-18T09:28:26.105+0700] {dagbag.py:545} INFO - Filling up the DagBag from /home/menglim/airflow_venv/lib/python3.12/site-packages/airflow/example_dags/example_time_delta_sensor_async.py
[2025-07-18T09:28:26.108+0700] {processor.py:840} INFO - DAG(s) 'example_time_delta_sensor_async' retrieved from /home/menglim/airflow_venv/lib/python3.12/site-packages/airflow/example_dags/example_time_delta_sensor_async.py
[2025-07-18T09:28:26.117+0700] {logging_mixin.py:188} INFO - [2025-07-18T09:28:26.117+0700] {dag.py:3096} INFO - Sync 1 DAGs
[2025-07-18T09:28:26.123+0700] {logging_mixin.py:188} INFO - [2025-07-18T09:28:26.123+0700] {dag.py:3954} INFO - Setting next_dagrun for example_time_delta_sensor_async to None, run_after=None
[2025-07-18T09:28:26.145+0700] {processor.py:183} INFO - Processing /home/menglim/airflow_venv/lib/python3.12/site-packages/airflow/example_dags/example_time_delta_sensor_async.py took 0.047 seconds
[2025-07-18T09:29:18.004+0700] {processor.py:161} INFO - Started process (PID=7473) to work on /home/menglim/airflow_venv/lib/python3.12/site-packages/airflow/example_dags/example_time_delta_sensor_async.py
[2025-07-18T09:29:18.006+0700] {processor.py:830} INFO - Processing file /home/menglim/airflow_venv/lib/python3.12/site-packages/airflow/example_dags/example_time_delta_sensor_async.py for tasks to queue
[2025-07-18T09:29:18.007+0700] {logging_mixin.py:188} INFO - [2025-07-18T09:29:18.006+0700] {dagbag.py:545} INFO - Filling up the DagBag from /home/menglim/airflow_venv/lib/python3.12/site-packages/airflow/example_dags/example_time_delta_sensor_async.py
[2025-07-18T09:29:18.009+0700] {processor.py:840} INFO - DAG(s) 'example_time_delta_sensor_async' retrieved from /home/menglim/airflow_venv/lib/python3.12/site-packages/airflow/example_dags/example_time_delta_sensor_async.py
[2025-07-18T09:29:18.019+0700] {logging_mixin.py:188} INFO - [2025-07-18T09:29:18.019+0700] {dag.py:3096} INFO - Sync 1 DAGs
[2025-07-18T09:29:18.025+0700] {logging_mixin.py:188} INFO - [2025-07-18T09:29:18.025+0700] {dag.py:3954} INFO - Setting next_dagrun for example_time_delta_sensor_async to None, run_after=None
[2025-07-18T09:29:18.046+0700] {processor.py:183} INFO - Processing /home/menglim/airflow_venv/lib/python3.12/site-packages/airflow/example_dags/example_time_delta_sensor_async.py took 0.046 seconds
[2025-07-18T09:30:09.865+0700] {processor.py:161} INFO - Started process (PID=7570) to work on /home/menglim/airflow_venv/lib/python3.12/site-packages/airflow/example_dags/example_time_delta_sensor_async.py
[2025-07-18T09:30:09.868+0700] {processor.py:830} INFO - Processing file /home/menglim/airflow_venv/lib/python3.12/site-packages/airflow/example_dags/example_time_delta_sensor_async.py for tasks to queue
[2025-07-18T09:30:09.868+0700] {logging_mixin.py:188} INFO - [2025-07-18T09:30:09.868+0700] {dagbag.py:545} INFO - Filling up the DagBag from /home/menglim/airflow_venv/lib/python3.12/site-packages/airflow/example_dags/example_time_delta_sensor_async.py
[2025-07-18T09:30:09.871+0700] {processor.py:840} INFO - DAG(s) 'example_time_delta_sensor_async' retrieved from /home/menglim/airflow_venv/lib/python3.12/site-packages/airflow/example_dags/example_time_delta_sensor_async.py
[2025-07-18T09:30:09.880+0700] {logging_mixin.py:188} INFO - [2025-07-18T09:30:09.880+0700] {dag.py:3096} INFO - Sync 1 DAGs
[2025-07-18T09:30:09.887+0700] {logging_mixin.py:188} INFO - [2025-07-18T09:30:09.887+0700] {dag.py:3954} INFO - Setting next_dagrun for example_time_delta_sensor_async to None, run_after=None
[2025-07-18T09:30:09.908+0700] {processor.py:183} INFO - Processing /home/menglim/airflow_venv/lib/python3.12/site-packages/airflow/example_dags/example_time_delta_sensor_async.py took 0.046 seconds
[2025-07-18T09:30:57.447+0700] {processor.py:161} INFO - Started process (PID=7647) to work on /home/menglim/airflow_venv/lib/python3.12/site-packages/airflow/example_dags/example_time_delta_sensor_async.py
[2025-07-18T09:30:57.450+0700] {processor.py:830} INFO - Processing file /home/menglim/airflow_venv/lib/python3.12/site-packages/airflow/example_dags/example_time_delta_sensor_async.py for tasks to queue
[2025-07-18T09:30:57.450+0700] {logging_mixin.py:188} INFO - [2025-07-18T09:30:57.450+0700] {dagbag.py:545} INFO - Filling up the DagBag from /home/menglim/airflow_venv/lib/python3.12/site-packages/airflow/example_dags/example_time_delta_sensor_async.py
[2025-07-18T09:30:57.453+0700] {processor.py:840} INFO - DAG(s) 'example_time_delta_sensor_async' retrieved from /home/menglim/airflow_venv/lib/python3.12/site-packages/airflow/example_dags/example_time_delta_sensor_async.py
[2025-07-18T09:30:57.462+0700] {logging_mixin.py:188} INFO - [2025-07-18T09:30:57.462+0700] {dag.py:3096} INFO - Sync 1 DAGs
[2025-07-18T09:30:57.468+0700] {logging_mixin.py:188} INFO - [2025-07-18T09:30:57.468+0700] {dag.py:3954} INFO - Setting next_dagrun for example_time_delta_sensor_async to None, run_after=None
[2025-07-18T09:30:57.490+0700] {processor.py:183} INFO - Processing /home/menglim/airflow_venv/lib/python3.12/site-packages/airflow/example_dags/example_time_delta_sensor_async.py took 0.047 seconds
[2025-07-18T09:31:47.593+0700] {processor.py:161} INFO - Started process (PID=7723) to work on /home/menglim/airflow_venv/lib/python3.12/site-packages/airflow/example_dags/example_time_delta_sensor_async.py
[2025-07-18T09:31:47.595+0700] {processor.py:830} INFO - Processing file /home/menglim/airflow_venv/lib/python3.12/site-packages/airflow/example_dags/example_time_delta_sensor_async.py for tasks to queue
[2025-07-18T09:31:47.596+0700] {logging_mixin.py:188} INFO - [2025-07-18T09:31:47.596+0700] {dagbag.py:545} INFO - Filling up the DagBag from /home/menglim/airflow_venv/lib/python3.12/site-packages/airflow/example_dags/example_time_delta_sensor_async.py
[2025-07-18T09:31:47.599+0700] {processor.py:840} INFO - DAG(s) 'example_time_delta_sensor_async' retrieved from /home/menglim/airflow_venv/lib/python3.12/site-packages/airflow/example_dags/example_time_delta_sensor_async.py
[2025-07-18T09:31:47.608+0700] {logging_mixin.py:188} INFO - [2025-07-18T09:31:47.608+0700] {dag.py:3096} INFO - Sync 1 DAGs
[2025-07-18T09:31:47.614+0700] {logging_mixin.py:188} INFO - [2025-07-18T09:31:47.614+0700] {dag.py:3954} INFO - Setting next_dagrun for example_time_delta_sensor_async to None, run_after=None
[2025-07-18T09:31:47.634+0700] {processor.py:183} INFO - Processing /home/menglim/airflow_venv/lib/python3.12/site-packages/airflow/example_dags/example_time_delta_sensor_async.py took 0.045 seconds
[2025-07-18T09:32:40.041+0700] {processor.py:161} INFO - Started process (PID=7806) to work on /home/menglim/airflow_venv/lib/python3.12/site-packages/airflow/example_dags/example_time_delta_sensor_async.py
[2025-07-18T09:32:40.043+0700] {processor.py:830} INFO - Processing file /home/menglim/airflow_venv/lib/python3.12/site-packages/airflow/example_dags/example_time_delta_sensor_async.py for tasks to queue
[2025-07-18T09:32:40.044+0700] {logging_mixin.py:188} INFO - [2025-07-18T09:32:40.044+0700] {dagbag.py:545} INFO - Filling up the DagBag from /home/menglim/airflow_venv/lib/python3.12/site-packages/airflow/example_dags/example_time_delta_sensor_async.py
[2025-07-18T09:32:40.047+0700] {processor.py:840} INFO - DAG(s) 'example_time_delta_sensor_async' retrieved from /home/menglim/airflow_venv/lib/python3.12/site-packages/airflow/example_dags/example_time_delta_sensor_async.py
[2025-07-18T09:32:40.056+0700] {logging_mixin.py:188} INFO - [2025-07-18T09:32:40.056+0700] {dag.py:3096} INFO - Sync 1 DAGs
[2025-07-18T09:32:40.062+0700] {logging_mixin.py:188} INFO - [2025-07-18T09:32:40.062+0700] {dag.py:3954} INFO - Setting next_dagrun for example_time_delta_sensor_async to None, run_after=None
[2025-07-18T09:32:40.083+0700] {processor.py:183} INFO - Processing /home/menglim/airflow_venv/lib/python3.12/site-packages/airflow/example_dags/example_time_delta_sensor_async.py took 0.045 seconds
[2025-07-18T09:33:28.127+0700] {processor.py:161} INFO - Started process (PID=7885) to work on /home/menglim/airflow_venv/lib/python3.12/site-packages/airflow/example_dags/example_time_delta_sensor_async.py
[2025-07-18T09:33:28.129+0700] {processor.py:830} INFO - Processing file /home/menglim/airflow_venv/lib/python3.12/site-packages/airflow/example_dags/example_time_delta_sensor_async.py for tasks to queue
[2025-07-18T09:33:28.130+0700] {logging_mixin.py:188} INFO - [2025-07-18T09:33:28.130+0700] {dagbag.py:545} INFO - Filling up the DagBag from /home/menglim/airflow_venv/lib/python3.12/site-packages/airflow/example_dags/example_time_delta_sensor_async.py
[2025-07-18T09:33:28.133+0700] {processor.py:840} INFO - DAG(s) 'example_time_delta_sensor_async' retrieved from /home/menglim/airflow_venv/lib/python3.12/site-packages/airflow/example_dags/example_time_delta_sensor_async.py
[2025-07-18T09:33:28.143+0700] {logging_mixin.py:188} INFO - [2025-07-18T09:33:28.143+0700] {dag.py:3096} INFO - Sync 1 DAGs
[2025-07-18T09:33:28.149+0700] {logging_mixin.py:188} INFO - [2025-07-18T09:33:28.149+0700] {dag.py:3954} INFO - Setting next_dagrun for example_time_delta_sensor_async to None, run_after=None
[2025-07-18T09:33:28.170+0700] {processor.py:183} INFO - Processing /home/menglim/airflow_venv/lib/python3.12/site-packages/airflow/example_dags/example_time_delta_sensor_async.py took 0.046 seconds
[2025-07-18T09:34:21.754+0700] {processor.py:161} INFO - Started process (PID=8038) to work on /home/menglim/airflow_venv/lib/python3.12/site-packages/airflow/example_dags/example_time_delta_sensor_async.py
[2025-07-18T09:34:21.756+0700] {processor.py:830} INFO - Processing file /home/menglim/airflow_venv/lib/python3.12/site-packages/airflow/example_dags/example_time_delta_sensor_async.py for tasks to queue
[2025-07-18T09:34:21.757+0700] {logging_mixin.py:188} INFO - [2025-07-18T09:34:21.757+0700] {dagbag.py:545} INFO - Filling up the DagBag from /home/menglim/airflow_venv/lib/python3.12/site-packages/airflow/example_dags/example_time_delta_sensor_async.py
[2025-07-18T09:34:21.760+0700] {processor.py:840} INFO - DAG(s) 'example_time_delta_sensor_async' retrieved from /home/menglim/airflow_venv/lib/python3.12/site-packages/airflow/example_dags/example_time_delta_sensor_async.py
[2025-07-18T09:34:21.769+0700] {logging_mixin.py:188} INFO - [2025-07-18T09:34:21.769+0700] {dag.py:3096} INFO - Sync 1 DAGs
[2025-07-18T09:34:21.775+0700] {logging_mixin.py:188} INFO - [2025-07-18T09:34:21.775+0700] {dag.py:3954} INFO - Setting next_dagrun for example_time_delta_sensor_async to None, run_after=None
[2025-07-18T09:34:21.796+0700] {processor.py:183} INFO - Processing /home/menglim/airflow_venv/lib/python3.12/site-packages/airflow/example_dags/example_time_delta_sensor_async.py took 0.046 seconds
[2025-07-18T09:35:11.239+0700] {processor.py:161} INFO - Started process (PID=8120) to work on /home/menglim/airflow_venv/lib/python3.12/site-packages/airflow/example_dags/example_time_delta_sensor_async.py
[2025-07-18T09:35:11.240+0700] {processor.py:830} INFO - Processing file /home/menglim/airflow_venv/lib/python3.12/site-packages/airflow/example_dags/example_time_delta_sensor_async.py for tasks to queue
[2025-07-18T09:35:11.240+0700] {logging_mixin.py:188} INFO - [2025-07-18T09:35:11.240+0700] {dagbag.py:545} INFO - Filling up the DagBag from /home/menglim/airflow_venv/lib/python3.12/site-packages/airflow/example_dags/example_time_delta_sensor_async.py
[2025-07-18T09:35:11.243+0700] {processor.py:840} INFO - DAG(s) 'example_time_delta_sensor_async' retrieved from /home/menglim/airflow_venv/lib/python3.12/site-packages/airflow/example_dags/example_time_delta_sensor_async.py
[2025-07-18T09:35:11.254+0700] {logging_mixin.py:188} INFO - [2025-07-18T09:35:11.254+0700] {dag.py:3096} INFO - Sync 1 DAGs
[2025-07-18T09:35:11.262+0700] {logging_mixin.py:188} INFO - [2025-07-18T09:35:11.261+0700] {dag.py:3954} INFO - Setting next_dagrun for example_time_delta_sensor_async to None, run_after=None
[2025-07-18T09:35:11.283+0700] {processor.py:183} INFO - Processing /home/menglim/airflow_venv/lib/python3.12/site-packages/airflow/example_dags/example_time_delta_sensor_async.py took 0.048 seconds
[2025-07-18T09:36:05.033+0700] {processor.py:161} INFO - Started process (PID=8211) to work on /home/menglim/airflow_venv/lib/python3.12/site-packages/airflow/example_dags/example_time_delta_sensor_async.py
[2025-07-18T09:36:05.039+0700] {processor.py:830} INFO - Processing file /home/menglim/airflow_venv/lib/python3.12/site-packages/airflow/example_dags/example_time_delta_sensor_async.py for tasks to queue
[2025-07-18T09:36:05.040+0700] {logging_mixin.py:188} INFO - [2025-07-18T09:36:05.040+0700] {dagbag.py:545} INFO - Filling up the DagBag from /home/menglim/airflow_venv/lib/python3.12/site-packages/airflow/example_dags/example_time_delta_sensor_async.py
[2025-07-18T09:36:05.045+0700] {processor.py:840} INFO - DAG(s) 'example_time_delta_sensor_async' retrieved from /home/menglim/airflow_venv/lib/python3.12/site-packages/airflow/example_dags/example_time_delta_sensor_async.py
[2025-07-18T09:36:05.070+0700] {logging_mixin.py:188} INFO - [2025-07-18T09:36:05.069+0700] {dag.py:3096} INFO - Sync 1 DAGs
[2025-07-18T09:36:05.091+0700] {logging_mixin.py:188} INFO - [2025-07-18T09:36:05.090+0700] {dag.py:3954} INFO - Setting next_dagrun for example_time_delta_sensor_async to None, run_after=None
[2025-07-18T09:36:05.124+0700] {processor.py:183} INFO - Processing /home/menglim/airflow_venv/lib/python3.12/site-packages/airflow/example_dags/example_time_delta_sensor_async.py took 0.102 seconds
[2025-07-18T09:37:02.079+0700] {processor.py:161} INFO - Started process (PID=8300) to work on /home/menglim/airflow_venv/lib/python3.12/site-packages/airflow/example_dags/example_time_delta_sensor_async.py
[2025-07-18T09:37:02.082+0700] {processor.py:830} INFO - Processing file /home/menglim/airflow_venv/lib/python3.12/site-packages/airflow/example_dags/example_time_delta_sensor_async.py for tasks to queue
[2025-07-18T09:37:02.085+0700] {logging_mixin.py:188} INFO - [2025-07-18T09:37:02.084+0700] {dagbag.py:545} INFO - Filling up the DagBag from /home/menglim/airflow_venv/lib/python3.12/site-packages/airflow/example_dags/example_time_delta_sensor_async.py
[2025-07-18T09:37:02.097+0700] {processor.py:840} INFO - DAG(s) 'example_time_delta_sensor_async' retrieved from /home/menglim/airflow_venv/lib/python3.12/site-packages/airflow/example_dags/example_time_delta_sensor_async.py
[2025-07-18T09:37:02.135+0700] {logging_mixin.py:188} INFO - [2025-07-18T09:37:02.134+0700] {dag.py:3096} INFO - Sync 1 DAGs
[2025-07-18T09:37:02.156+0700] {logging_mixin.py:188} INFO - [2025-07-18T09:37:02.155+0700] {dag.py:3954} INFO - Setting next_dagrun for example_time_delta_sensor_async to None, run_after=None
[2025-07-18T09:37:02.223+0700] {processor.py:183} INFO - Processing /home/menglim/airflow_venv/lib/python3.12/site-packages/airflow/example_dags/example_time_delta_sensor_async.py took 0.157 seconds
