[2025-07-18T09:00:15.595+0700] {processor.py:161} INFO - Started process (PID=2985) to work on /home/menglim/airflow_venv/lib/python3.12/site-packages/airflow/example_dags/example_subdag_operator.py
[2025-07-18T09:00:15.596+0700] {processor.py:830} INFO - Processing file /home/menglim/airflow_venv/lib/python3.12/site-packages/airflow/example_dags/example_subdag_operator.py for tasks to queue
[2025-07-18T09:00:15.596+0700] {logging_mixin.py:188} INFO - [2025-07-18T09:00:15.596+0700] {dagbag.py:545} INFO - Filling up the DagBag from /home/menglim/airflow_venv/lib/python3.12/site-packages/airflow/example_dags/example_subdag_operator.py
[2025-07-18T09:00:15.612+0700] {processor.py:840} INFO - DAG(s) 'example_subdag_operator.section-1', 'example_subdag_operator.section-2', 'example_subdag_operator' retrieved from /home/menglim/airflow_venv/lib/python3.12/site-packages/airflow/example_dags/example_subdag_operator.py
[2025-07-18T09:00:15.614+0700] {logging_mixin.py:188} INFO - [2025-07-18T09:00:15.614+0700] {dag.py:3096} INFO - Sync 3 DAGs
[2025-07-18T09:00:15.625+0700] {logging_mixin.py:188} INFO - [2025-07-18T09:00:15.625+0700] {dag.py:3954} INFO - Setting next_dagrun for example_subdag_operator to 2022-01-01 00:00:00+00:00, run_after=2022-01-01 00:00:00+00:00
[2025-07-18T09:00:15.626+0700] {logging_mixin.py:188} INFO - [2025-07-18T09:00:15.626+0700] {dag.py:3954} INFO - Setting next_dagrun for example_subdag_operator.section-1 to None, run_after=None
[2025-07-18T09:00:15.627+0700] {logging_mixin.py:188} INFO - [2025-07-18T09:00:15.627+0700] {dag.py:3954} INFO - Setting next_dagrun for example_subdag_operator.section-2 to None, run_after=None
[2025-07-18T09:00:15.631+0700] {logging_mixin.py:188} INFO - [2025-07-18T09:00:15.630+0700] {dag.py:3096} INFO - Sync 2 DAGs
[2025-07-18T09:00:15.632+0700] {logging_mixin.py:188} INFO - [2025-07-18T09:00:15.632+0700] {dag.py:3954} INFO - Setting next_dagrun for example_subdag_operator.section-1 to None, run_after=None
[2025-07-18T09:00:15.633+0700] {logging_mixin.py:188} INFO - [2025-07-18T09:00:15.633+0700] {dag.py:3954} INFO - Setting next_dagrun for example_subdag_operator.section-2 to None, run_after=None
[2025-07-18T09:00:15.649+0700] {processor.py:183} INFO - Processing /home/menglim/airflow_venv/lib/python3.12/site-packages/airflow/example_dags/example_subdag_operator.py took 0.057 seconds
[2025-07-18T09:01:08.685+0700] {processor.py:161} INFO - Started process (PID=3321) to work on /home/menglim/airflow_venv/lib/python3.12/site-packages/airflow/example_dags/example_subdag_operator.py
[2025-07-18T09:01:08.688+0700] {processor.py:830} INFO - Processing file /home/menglim/airflow_venv/lib/python3.12/site-packages/airflow/example_dags/example_subdag_operator.py for tasks to queue
[2025-07-18T09:01:08.689+0700] {logging_mixin.py:188} INFO - [2025-07-18T09:01:08.688+0700] {dagbag.py:545} INFO - Filling up the DagBag from /home/menglim/airflow_venv/lib/python3.12/site-packages/airflow/example_dags/example_subdag_operator.py
[2025-07-18T09:01:08.700+0700] {processor.py:840} INFO - DAG(s) 'example_subdag_operator.section-1', 'example_subdag_operator.section-2', 'example_subdag_operator' retrieved from /home/menglim/airflow_venv/lib/python3.12/site-packages/airflow/example_dags/example_subdag_operator.py
[2025-07-18T09:01:08.745+0700] {logging_mixin.py:188} INFO - [2025-07-18T09:01:08.745+0700] {dag.py:3096} INFO - Sync 3 DAGs
[2025-07-18T09:01:08.753+0700] {logging_mixin.py:188} INFO - [2025-07-18T09:01:08.753+0700] {dag.py:3954} INFO - Setting next_dagrun for example_subdag_operator to 2022-01-01 00:00:00+00:00, run_after=2022-01-01 00:00:00+00:00
[2025-07-18T09:01:08.754+0700] {logging_mixin.py:188} INFO - [2025-07-18T09:01:08.754+0700] {dag.py:3954} INFO - Setting next_dagrun for example_subdag_operator.section-1 to None, run_after=None
[2025-07-18T09:01:08.755+0700] {logging_mixin.py:188} INFO - [2025-07-18T09:01:08.755+0700] {dag.py:3954} INFO - Setting next_dagrun for example_subdag_operator.section-2 to None, run_after=None
[2025-07-18T09:01:08.758+0700] {logging_mixin.py:188} INFO - [2025-07-18T09:01:08.758+0700] {dag.py:3096} INFO - Sync 2 DAGs
[2025-07-18T09:01:08.760+0700] {logging_mixin.py:188} INFO - [2025-07-18T09:01:08.760+0700] {dag.py:3954} INFO - Setting next_dagrun for example_subdag_operator.section-1 to None, run_after=None
[2025-07-18T09:01:08.760+0700] {logging_mixin.py:188} INFO - [2025-07-18T09:01:08.760+0700] {dag.py:3954} INFO - Setting next_dagrun for example_subdag_operator.section-2 to None, run_after=None
[2025-07-18T09:01:08.778+0700] {processor.py:183} INFO - Processing /home/menglim/airflow_venv/lib/python3.12/site-packages/airflow/example_dags/example_subdag_operator.py took 0.097 seconds
[2025-07-18T09:02:09.742+0700] {processor.py:161} INFO - Started process (PID=3467) to work on /home/menglim/airflow_venv/lib/python3.12/site-packages/airflow/example_dags/example_subdag_operator.py
[2025-07-18T09:02:09.743+0700] {processor.py:830} INFO - Processing file /home/menglim/airflow_venv/lib/python3.12/site-packages/airflow/example_dags/example_subdag_operator.py for tasks to queue
[2025-07-18T09:02:09.745+0700] {logging_mixin.py:188} INFO - [2025-07-18T09:02:09.745+0700] {dagbag.py:545} INFO - Filling up the DagBag from /home/menglim/airflow_venv/lib/python3.12/site-packages/airflow/example_dags/example_subdag_operator.py
[2025-07-18T09:02:09.766+0700] {processor.py:840} INFO - DAG(s) 'example_subdag_operator.section-1', 'example_subdag_operator.section-2', 'example_subdag_operator' retrieved from /home/menglim/airflow_venv/lib/python3.12/site-packages/airflow/example_dags/example_subdag_operator.py
[2025-07-18T09:02:09.778+0700] {logging_mixin.py:188} INFO - [2025-07-18T09:02:09.778+0700] {dag.py:3096} INFO - Sync 3 DAGs
[2025-07-18T09:02:09.791+0700] {logging_mixin.py:188} INFO - [2025-07-18T09:02:09.791+0700] {dag.py:3954} INFO - Setting next_dagrun for example_subdag_operator to 2022-01-01 00:00:00+00:00, run_after=2022-01-01 00:00:00+00:00
[2025-07-18T09:02:09.795+0700] {logging_mixin.py:188} INFO - [2025-07-18T09:02:09.795+0700] {dag.py:3954} INFO - Setting next_dagrun for example_subdag_operator.section-1 to None, run_after=None
[2025-07-18T09:02:09.796+0700] {logging_mixin.py:188} INFO - [2025-07-18T09:02:09.795+0700] {dag.py:3954} INFO - Setting next_dagrun for example_subdag_operator.section-2 to None, run_after=None
[2025-07-18T09:02:09.799+0700] {logging_mixin.py:188} INFO - [2025-07-18T09:02:09.799+0700] {dag.py:3096} INFO - Sync 2 DAGs
[2025-07-18T09:02:09.801+0700] {logging_mixin.py:188} INFO - [2025-07-18T09:02:09.801+0700] {dag.py:3954} INFO - Setting next_dagrun for example_subdag_operator.section-1 to None, run_after=None
[2025-07-18T09:02:09.801+0700] {logging_mixin.py:188} INFO - [2025-07-18T09:02:09.801+0700] {dag.py:3954} INFO - Setting next_dagrun for example_subdag_operator.section-2 to None, run_after=None
[2025-07-18T09:02:09.820+0700] {processor.py:183} INFO - Processing /home/menglim/airflow_venv/lib/python3.12/site-packages/airflow/example_dags/example_subdag_operator.py took 0.086 seconds
[2025-07-18T09:03:03.990+0700] {processor.py:161} INFO - Started process (PID=3597) to work on /home/menglim/airflow_venv/lib/python3.12/site-packages/airflow/example_dags/example_subdag_operator.py
[2025-07-18T09:03:03.991+0700] {processor.py:830} INFO - Processing file /home/menglim/airflow_venv/lib/python3.12/site-packages/airflow/example_dags/example_subdag_operator.py for tasks to queue
[2025-07-18T09:03:03.992+0700] {logging_mixin.py:188} INFO - [2025-07-18T09:03:03.992+0700] {dagbag.py:545} INFO - Filling up the DagBag from /home/menglim/airflow_venv/lib/python3.12/site-packages/airflow/example_dags/example_subdag_operator.py
[2025-07-18T09:03:04.004+0700] {processor.py:840} INFO - DAG(s) 'example_subdag_operator.section-1', 'example_subdag_operator.section-2', 'example_subdag_operator' retrieved from /home/menglim/airflow_venv/lib/python3.12/site-packages/airflow/example_dags/example_subdag_operator.py
[2025-07-18T09:03:04.011+0700] {logging_mixin.py:188} INFO - [2025-07-18T09:03:04.011+0700] {dag.py:3096} INFO - Sync 3 DAGs
[2025-07-18T09:03:04.021+0700] {logging_mixin.py:188} INFO - [2025-07-18T09:03:04.021+0700] {dag.py:3954} INFO - Setting next_dagrun for example_subdag_operator to 2022-01-01 00:00:00+00:00, run_after=2022-01-01 00:00:00+00:00
[2025-07-18T09:03:04.023+0700] {logging_mixin.py:188} INFO - [2025-07-18T09:03:04.023+0700] {dag.py:3954} INFO - Setting next_dagrun for example_subdag_operator.section-1 to None, run_after=None
[2025-07-18T09:03:04.023+0700] {logging_mixin.py:188} INFO - [2025-07-18T09:03:04.023+0700] {dag.py:3954} INFO - Setting next_dagrun for example_subdag_operator.section-2 to None, run_after=None
[2025-07-18T09:03:04.026+0700] {logging_mixin.py:188} INFO - [2025-07-18T09:03:04.026+0700] {dag.py:3096} INFO - Sync 2 DAGs
[2025-07-18T09:03:04.028+0700] {logging_mixin.py:188} INFO - [2025-07-18T09:03:04.028+0700] {dag.py:3954} INFO - Setting next_dagrun for example_subdag_operator.section-1 to None, run_after=None
[2025-07-18T09:03:04.029+0700] {logging_mixin.py:188} INFO - [2025-07-18T09:03:04.029+0700] {dag.py:3954} INFO - Setting next_dagrun for example_subdag_operator.section-2 to None, run_after=None
[2025-07-18T09:03:04.045+0700] {processor.py:183} INFO - Processing /home/menglim/airflow_venv/lib/python3.12/site-packages/airflow/example_dags/example_subdag_operator.py took 0.058 seconds
[2025-07-18T09:03:57.579+0700] {processor.py:161} INFO - Started process (PID=3680) to work on /home/menglim/airflow_venv/lib/python3.12/site-packages/airflow/example_dags/example_subdag_operator.py
[2025-07-18T09:03:57.582+0700] {processor.py:830} INFO - Processing file /home/menglim/airflow_venv/lib/python3.12/site-packages/airflow/example_dags/example_subdag_operator.py for tasks to queue
[2025-07-18T09:03:57.583+0700] {logging_mixin.py:188} INFO - [2025-07-18T09:03:57.583+0700] {dagbag.py:545} INFO - Filling up the DagBag from /home/menglim/airflow_venv/lib/python3.12/site-packages/airflow/example_dags/example_subdag_operator.py
[2025-07-18T09:03:57.594+0700] {processor.py:840} INFO - DAG(s) 'example_subdag_operator.section-1', 'example_subdag_operator.section-2', 'example_subdag_operator' retrieved from /home/menglim/airflow_venv/lib/python3.12/site-packages/airflow/example_dags/example_subdag_operator.py
[2025-07-18T09:03:57.602+0700] {logging_mixin.py:188} INFO - [2025-07-18T09:03:57.602+0700] {dag.py:3096} INFO - Sync 3 DAGs
[2025-07-18T09:03:57.611+0700] {logging_mixin.py:188} INFO - [2025-07-18T09:03:57.611+0700] {dag.py:3954} INFO - Setting next_dagrun for example_subdag_operator to 2022-01-01 00:00:00+00:00, run_after=2022-01-01 00:00:00+00:00
[2025-07-18T09:03:57.613+0700] {logging_mixin.py:188} INFO - [2025-07-18T09:03:57.613+0700] {dag.py:3954} INFO - Setting next_dagrun for example_subdag_operator.section-1 to None, run_after=None
[2025-07-18T09:03:57.613+0700] {logging_mixin.py:188} INFO - [2025-07-18T09:03:57.613+0700] {dag.py:3954} INFO - Setting next_dagrun for example_subdag_operator.section-2 to None, run_after=None
[2025-07-18T09:03:57.616+0700] {logging_mixin.py:188} INFO - [2025-07-18T09:03:57.616+0700] {dag.py:3096} INFO - Sync 2 DAGs
[2025-07-18T09:03:57.618+0700] {logging_mixin.py:188} INFO - [2025-07-18T09:03:57.618+0700] {dag.py:3954} INFO - Setting next_dagrun for example_subdag_operator.section-1 to None, run_after=None
[2025-07-18T09:03:57.618+0700] {logging_mixin.py:188} INFO - [2025-07-18T09:03:57.618+0700] {dag.py:3954} INFO - Setting next_dagrun for example_subdag_operator.section-2 to None, run_after=None
[2025-07-18T09:03:57.635+0700] {processor.py:183} INFO - Processing /home/menglim/airflow_venv/lib/python3.12/site-packages/airflow/example_dags/example_subdag_operator.py took 0.059 seconds
[2025-07-18T09:04:54.679+0700] {processor.py:161} INFO - Started process (PID=3800) to work on /home/menglim/airflow_venv/lib/python3.12/site-packages/airflow/example_dags/example_subdag_operator.py
[2025-07-18T09:04:54.682+0700] {processor.py:830} INFO - Processing file /home/menglim/airflow_venv/lib/python3.12/site-packages/airflow/example_dags/example_subdag_operator.py for tasks to queue
[2025-07-18T09:04:54.683+0700] {logging_mixin.py:188} INFO - [2025-07-18T09:04:54.683+0700] {dagbag.py:545} INFO - Filling up the DagBag from /home/menglim/airflow_venv/lib/python3.12/site-packages/airflow/example_dags/example_subdag_operator.py
[2025-07-18T09:04:54.696+0700] {processor.py:840} INFO - DAG(s) 'example_subdag_operator.section-1', 'example_subdag_operator.section-2', 'example_subdag_operator' retrieved from /home/menglim/airflow_venv/lib/python3.12/site-packages/airflow/example_dags/example_subdag_operator.py
[2025-07-18T09:04:54.704+0700] {logging_mixin.py:188} INFO - [2025-07-18T09:04:54.704+0700] {dag.py:3096} INFO - Sync 3 DAGs
[2025-07-18T09:04:54.715+0700] {logging_mixin.py:188} INFO - [2025-07-18T09:04:54.715+0700] {dag.py:3954} INFO - Setting next_dagrun for example_subdag_operator to 2022-01-01 00:00:00+00:00, run_after=2022-01-01 00:00:00+00:00
[2025-07-18T09:04:54.717+0700] {logging_mixin.py:188} INFO - [2025-07-18T09:04:54.717+0700] {dag.py:3954} INFO - Setting next_dagrun for example_subdag_operator.section-1 to None, run_after=None
[2025-07-18T09:04:54.717+0700] {logging_mixin.py:188} INFO - [2025-07-18T09:04:54.717+0700] {dag.py:3954} INFO - Setting next_dagrun for example_subdag_operator.section-2 to None, run_after=None
[2025-07-18T09:04:54.721+0700] {logging_mixin.py:188} INFO - [2025-07-18T09:04:54.721+0700] {dag.py:3096} INFO - Sync 2 DAGs
[2025-07-18T09:04:54.723+0700] {logging_mixin.py:188} INFO - [2025-07-18T09:04:54.723+0700] {dag.py:3954} INFO - Setting next_dagrun for example_subdag_operator.section-1 to None, run_after=None
[2025-07-18T09:04:54.723+0700] {logging_mixin.py:188} INFO - [2025-07-18T09:04:54.723+0700] {dag.py:3954} INFO - Setting next_dagrun for example_subdag_operator.section-2 to None, run_after=None
[2025-07-18T09:04:54.745+0700] {processor.py:183} INFO - Processing /home/menglim/airflow_venv/lib/python3.12/site-packages/airflow/example_dags/example_subdag_operator.py took 0.072 seconds
[2025-07-18T09:05:50.058+0700] {processor.py:161} INFO - Started process (PID=3896) to work on /home/menglim/airflow_venv/lib/python3.12/site-packages/airflow/example_dags/example_subdag_operator.py
[2025-07-18T09:05:50.060+0700] {processor.py:830} INFO - Processing file /home/menglim/airflow_venv/lib/python3.12/site-packages/airflow/example_dags/example_subdag_operator.py for tasks to queue
[2025-07-18T09:05:50.061+0700] {logging_mixin.py:188} INFO - [2025-07-18T09:05:50.060+0700] {dagbag.py:545} INFO - Filling up the DagBag from /home/menglim/airflow_venv/lib/python3.12/site-packages/airflow/example_dags/example_subdag_operator.py
[2025-07-18T09:05:50.073+0700] {processor.py:840} INFO - DAG(s) 'example_subdag_operator.section-1', 'example_subdag_operator.section-2', 'example_subdag_operator' retrieved from /home/menglim/airflow_venv/lib/python3.12/site-packages/airflow/example_dags/example_subdag_operator.py
[2025-07-18T09:05:50.081+0700] {logging_mixin.py:188} INFO - [2025-07-18T09:05:50.081+0700] {dag.py:3096} INFO - Sync 3 DAGs
[2025-07-18T09:05:50.091+0700] {logging_mixin.py:188} INFO - [2025-07-18T09:05:50.091+0700] {dag.py:3954} INFO - Setting next_dagrun for example_subdag_operator to 2022-01-01 00:00:00+00:00, run_after=2022-01-01 00:00:00+00:00
[2025-07-18T09:05:50.093+0700] {logging_mixin.py:188} INFO - [2025-07-18T09:05:50.093+0700] {dag.py:3954} INFO - Setting next_dagrun for example_subdag_operator.section-1 to None, run_after=None
[2025-07-18T09:05:50.093+0700] {logging_mixin.py:188} INFO - [2025-07-18T09:05:50.093+0700] {dag.py:3954} INFO - Setting next_dagrun for example_subdag_operator.section-2 to None, run_after=None
[2025-07-18T09:05:50.096+0700] {logging_mixin.py:188} INFO - [2025-07-18T09:05:50.096+0700] {dag.py:3096} INFO - Sync 2 DAGs
[2025-07-18T09:05:50.098+0700] {logging_mixin.py:188} INFO - [2025-07-18T09:05:50.098+0700] {dag.py:3954} INFO - Setting next_dagrun for example_subdag_operator.section-1 to None, run_after=None
[2025-07-18T09:05:50.099+0700] {logging_mixin.py:188} INFO - [2025-07-18T09:05:50.099+0700] {dag.py:3954} INFO - Setting next_dagrun for example_subdag_operator.section-2 to None, run_after=None
[2025-07-18T09:05:50.116+0700] {processor.py:183} INFO - Processing /home/menglim/airflow_venv/lib/python3.12/site-packages/airflow/example_dags/example_subdag_operator.py took 0.061 seconds
[2025-07-18T09:06:45.101+0700] {processor.py:161} INFO - Started process (PID=3968) to work on /home/menglim/airflow_venv/lib/python3.12/site-packages/airflow/example_dags/example_subdag_operator.py
[2025-07-18T09:06:45.103+0700] {processor.py:830} INFO - Processing file /home/menglim/airflow_venv/lib/python3.12/site-packages/airflow/example_dags/example_subdag_operator.py for tasks to queue
[2025-07-18T09:06:45.103+0700] {logging_mixin.py:188} INFO - [2025-07-18T09:06:45.103+0700] {dagbag.py:545} INFO - Filling up the DagBag from /home/menglim/airflow_venv/lib/python3.12/site-packages/airflow/example_dags/example_subdag_operator.py
[2025-07-18T09:06:45.114+0700] {processor.py:840} INFO - DAG(s) 'example_subdag_operator.section-1', 'example_subdag_operator.section-2', 'example_subdag_operator' retrieved from /home/menglim/airflow_venv/lib/python3.12/site-packages/airflow/example_dags/example_subdag_operator.py
[2025-07-18T09:06:45.121+0700] {logging_mixin.py:188} INFO - [2025-07-18T09:06:45.121+0700] {dag.py:3096} INFO - Sync 3 DAGs
[2025-07-18T09:06:45.131+0700] {logging_mixin.py:188} INFO - [2025-07-18T09:06:45.131+0700] {dag.py:3954} INFO - Setting next_dagrun for example_subdag_operator to 2022-01-01 00:00:00+00:00, run_after=2022-01-01 00:00:00+00:00
[2025-07-18T09:06:45.133+0700] {logging_mixin.py:188} INFO - [2025-07-18T09:06:45.133+0700] {dag.py:3954} INFO - Setting next_dagrun for example_subdag_operator.section-1 to None, run_after=None
[2025-07-18T09:06:45.133+0700] {logging_mixin.py:188} INFO - [2025-07-18T09:06:45.133+0700] {dag.py:3954} INFO - Setting next_dagrun for example_subdag_operator.section-2 to None, run_after=None
[2025-07-18T09:06:45.136+0700] {logging_mixin.py:188} INFO - [2025-07-18T09:06:45.136+0700] {dag.py:3096} INFO - Sync 2 DAGs
[2025-07-18T09:06:45.138+0700] {logging_mixin.py:188} INFO - [2025-07-18T09:06:45.138+0700] {dag.py:3954} INFO - Setting next_dagrun for example_subdag_operator.section-1 to None, run_after=None
[2025-07-18T09:06:45.138+0700] {logging_mixin.py:188} INFO - [2025-07-18T09:06:45.138+0700] {dag.py:3954} INFO - Setting next_dagrun for example_subdag_operator.section-2 to None, run_after=None
[2025-07-18T09:06:45.155+0700] {processor.py:183} INFO - Processing /home/menglim/airflow_venv/lib/python3.12/site-packages/airflow/example_dags/example_subdag_operator.py took 0.058 seconds
[2025-07-18T09:07:46.304+0700] {processor.py:161} INFO - Started process (PID=4095) to work on /home/menglim/airflow_venv/lib/python3.12/site-packages/airflow/example_dags/example_subdag_operator.py
[2025-07-18T09:07:46.308+0700] {processor.py:830} INFO - Processing file /home/menglim/airflow_venv/lib/python3.12/site-packages/airflow/example_dags/example_subdag_operator.py for tasks to queue
[2025-07-18T09:07:46.310+0700] {logging_mixin.py:188} INFO - [2025-07-18T09:07:46.309+0700] {dagbag.py:545} INFO - Filling up the DagBag from /home/menglim/airflow_venv/lib/python3.12/site-packages/airflow/example_dags/example_subdag_operator.py
[2025-07-18T09:07:46.339+0700] {processor.py:840} INFO - DAG(s) 'example_subdag_operator.section-1', 'example_subdag_operator.section-2', 'example_subdag_operator' retrieved from /home/menglim/airflow_venv/lib/python3.12/site-packages/airflow/example_dags/example_subdag_operator.py
[2025-07-18T09:07:46.355+0700] {logging_mixin.py:188} INFO - [2025-07-18T09:07:46.354+0700] {dag.py:3096} INFO - Sync 3 DAGs
[2025-07-18T09:07:46.376+0700] {logging_mixin.py:188} INFO - [2025-07-18T09:07:46.376+0700] {dag.py:3954} INFO - Setting next_dagrun for example_subdag_operator to 2022-01-01 00:00:00+00:00, run_after=2022-01-01 00:00:00+00:00
[2025-07-18T09:07:46.379+0700] {logging_mixin.py:188} INFO - [2025-07-18T09:07:46.379+0700] {dag.py:3954} INFO - Setting next_dagrun for example_subdag_operator.section-1 to None, run_after=None
[2025-07-18T09:07:46.383+0700] {logging_mixin.py:188} INFO - [2025-07-18T09:07:46.383+0700] {dag.py:3954} INFO - Setting next_dagrun for example_subdag_operator.section-2 to None, run_after=None
[2025-07-18T09:07:46.390+0700] {logging_mixin.py:188} INFO - [2025-07-18T09:07:46.390+0700] {dag.py:3096} INFO - Sync 2 DAGs
[2025-07-18T09:07:46.395+0700] {logging_mixin.py:188} INFO - [2025-07-18T09:07:46.395+0700] {dag.py:3954} INFO - Setting next_dagrun for example_subdag_operator.section-1 to None, run_after=None
[2025-07-18T09:07:46.395+0700] {logging_mixin.py:188} INFO - [2025-07-18T09:07:46.395+0700] {dag.py:3954} INFO - Setting next_dagrun for example_subdag_operator.section-2 to None, run_after=None
[2025-07-18T09:07:46.423+0700] {processor.py:183} INFO - Processing /home/menglim/airflow_venv/lib/python3.12/site-packages/airflow/example_dags/example_subdag_operator.py took 0.127 seconds
[2025-07-18T09:08:41.985+0700] {processor.py:161} INFO - Started process (PID=4200) to work on /home/menglim/airflow_venv/lib/python3.12/site-packages/airflow/example_dags/example_subdag_operator.py
[2025-07-18T09:08:41.988+0700] {processor.py:830} INFO - Processing file /home/menglim/airflow_venv/lib/python3.12/site-packages/airflow/example_dags/example_subdag_operator.py for tasks to queue
[2025-07-18T09:08:41.990+0700] {logging_mixin.py:188} INFO - [2025-07-18T09:08:41.989+0700] {dagbag.py:545} INFO - Filling up the DagBag from /home/menglim/airflow_venv/lib/python3.12/site-packages/airflow/example_dags/example_subdag_operator.py
[2025-07-18T09:08:42.016+0700] {processor.py:840} INFO - DAG(s) 'example_subdag_operator.section-1', 'example_subdag_operator.section-2', 'example_subdag_operator' retrieved from /home/menglim/airflow_venv/lib/python3.12/site-packages/airflow/example_dags/example_subdag_operator.py
[2025-07-18T09:08:42.029+0700] {logging_mixin.py:188} INFO - [2025-07-18T09:08:42.028+0700] {dag.py:3096} INFO - Sync 3 DAGs
[2025-07-18T09:08:42.042+0700] {logging_mixin.py:188} INFO - [2025-07-18T09:08:42.042+0700] {dag.py:3954} INFO - Setting next_dagrun for example_subdag_operator to 2022-01-01 00:00:00+00:00, run_after=2022-01-01 00:00:00+00:00
[2025-07-18T09:08:42.044+0700] {logging_mixin.py:188} INFO - [2025-07-18T09:08:42.044+0700] {dag.py:3954} INFO - Setting next_dagrun for example_subdag_operator.section-1 to None, run_after=None
[2025-07-18T09:08:42.044+0700] {logging_mixin.py:188} INFO - [2025-07-18T09:08:42.044+0700] {dag.py:3954} INFO - Setting next_dagrun for example_subdag_operator.section-2 to None, run_after=None
[2025-07-18T09:08:42.049+0700] {logging_mixin.py:188} INFO - [2025-07-18T09:08:42.048+0700] {dag.py:3096} INFO - Sync 2 DAGs
[2025-07-18T09:08:42.052+0700] {logging_mixin.py:188} INFO - [2025-07-18T09:08:42.052+0700] {dag.py:3954} INFO - Setting next_dagrun for example_subdag_operator.section-1 to None, run_after=None
[2025-07-18T09:08:42.053+0700] {logging_mixin.py:188} INFO - [2025-07-18T09:08:42.053+0700] {dag.py:3954} INFO - Setting next_dagrun for example_subdag_operator.section-2 to None, run_after=None
[2025-07-18T09:08:42.070+0700] {processor.py:183} INFO - Processing /home/menglim/airflow_venv/lib/python3.12/site-packages/airflow/example_dags/example_subdag_operator.py took 0.090 seconds
[2025-07-18T09:09:34.371+0700] {processor.py:161} INFO - Started process (PID=4302) to work on /home/menglim/airflow_venv/lib/python3.12/site-packages/airflow/example_dags/example_subdag_operator.py
[2025-07-18T09:09:34.372+0700] {processor.py:830} INFO - Processing file /home/menglim/airflow_venv/lib/python3.12/site-packages/airflow/example_dags/example_subdag_operator.py for tasks to queue
[2025-07-18T09:09:34.373+0700] {logging_mixin.py:188} INFO - [2025-07-18T09:09:34.373+0700] {dagbag.py:545} INFO - Filling up the DagBag from /home/menglim/airflow_venv/lib/python3.12/site-packages/airflow/example_dags/example_subdag_operator.py
[2025-07-18T09:09:34.386+0700] {processor.py:840} INFO - DAG(s) 'example_subdag_operator.section-1', 'example_subdag_operator.section-2', 'example_subdag_operator' retrieved from /home/menglim/airflow_venv/lib/python3.12/site-packages/airflow/example_dags/example_subdag_operator.py
[2025-07-18T09:09:34.395+0700] {logging_mixin.py:188} INFO - [2025-07-18T09:09:34.395+0700] {dag.py:3096} INFO - Sync 3 DAGs
[2025-07-18T09:09:34.410+0700] {logging_mixin.py:188} INFO - [2025-07-18T09:09:34.410+0700] {dag.py:3954} INFO - Setting next_dagrun for example_subdag_operator to 2022-01-01 00:00:00+00:00, run_after=2022-01-01 00:00:00+00:00
[2025-07-18T09:09:34.413+0700] {logging_mixin.py:188} INFO - [2025-07-18T09:09:34.412+0700] {dag.py:3954} INFO - Setting next_dagrun for example_subdag_operator.section-1 to None, run_after=None
[2025-07-18T09:09:34.416+0700] {logging_mixin.py:188} INFO - [2025-07-18T09:09:34.416+0700] {dag.py:3954} INFO - Setting next_dagrun for example_subdag_operator.section-2 to None, run_after=None
[2025-07-18T09:09:34.420+0700] {logging_mixin.py:188} INFO - [2025-07-18T09:09:34.420+0700] {dag.py:3096} INFO - Sync 2 DAGs
[2025-07-18T09:09:34.423+0700] {logging_mixin.py:188} INFO - [2025-07-18T09:09:34.422+0700] {dag.py:3954} INFO - Setting next_dagrun for example_subdag_operator.section-1 to None, run_after=None
[2025-07-18T09:09:34.423+0700] {logging_mixin.py:188} INFO - [2025-07-18T09:09:34.423+0700] {dag.py:3954} INFO - Setting next_dagrun for example_subdag_operator.section-2 to None, run_after=None
[2025-07-18T09:09:34.450+0700] {processor.py:183} INFO - Processing /home/menglim/airflow_venv/lib/python3.12/site-packages/airflow/example_dags/example_subdag_operator.py took 0.083 seconds
[2025-07-18T09:10:24.113+0700] {processor.py:161} INFO - Started process (PID=4385) to work on /home/menglim/airflow_venv/lib/python3.12/site-packages/airflow/example_dags/example_subdag_operator.py
[2025-07-18T09:10:24.114+0700] {processor.py:830} INFO - Processing file /home/menglim/airflow_venv/lib/python3.12/site-packages/airflow/example_dags/example_subdag_operator.py for tasks to queue
[2025-07-18T09:10:24.114+0700] {logging_mixin.py:188} INFO - [2025-07-18T09:10:24.114+0700] {dagbag.py:545} INFO - Filling up the DagBag from /home/menglim/airflow_venv/lib/python3.12/site-packages/airflow/example_dags/example_subdag_operator.py
[2025-07-18T09:10:24.126+0700] {processor.py:840} INFO - DAG(s) 'example_subdag_operator.section-1', 'example_subdag_operator.section-2', 'example_subdag_operator' retrieved from /home/menglim/airflow_venv/lib/python3.12/site-packages/airflow/example_dags/example_subdag_operator.py
[2025-07-18T09:10:24.134+0700] {logging_mixin.py:188} INFO - [2025-07-18T09:10:24.134+0700] {dag.py:3096} INFO - Sync 3 DAGs
[2025-07-18T09:10:24.145+0700] {logging_mixin.py:188} INFO - [2025-07-18T09:10:24.145+0700] {dag.py:3954} INFO - Setting next_dagrun for example_subdag_operator to 2022-01-01 00:00:00+00:00, run_after=2022-01-01 00:00:00+00:00
[2025-07-18T09:10:24.147+0700] {logging_mixin.py:188} INFO - [2025-07-18T09:10:24.147+0700] {dag.py:3954} INFO - Setting next_dagrun for example_subdag_operator.section-1 to None, run_after=None
[2025-07-18T09:10:24.147+0700] {logging_mixin.py:188} INFO - [2025-07-18T09:10:24.147+0700] {dag.py:3954} INFO - Setting next_dagrun for example_subdag_operator.section-2 to None, run_after=None
[2025-07-18T09:10:24.150+0700] {logging_mixin.py:188} INFO - [2025-07-18T09:10:24.150+0700] {dag.py:3096} INFO - Sync 2 DAGs
[2025-07-18T09:10:24.152+0700] {logging_mixin.py:188} INFO - [2025-07-18T09:10:24.152+0700] {dag.py:3954} INFO - Setting next_dagrun for example_subdag_operator.section-1 to None, run_after=None
[2025-07-18T09:10:24.152+0700] {logging_mixin.py:188} INFO - [2025-07-18T09:10:24.152+0700] {dag.py:3954} INFO - Setting next_dagrun for example_subdag_operator.section-2 to None, run_after=None
[2025-07-18T09:10:24.169+0700] {processor.py:183} INFO - Processing /home/menglim/airflow_venv/lib/python3.12/site-packages/airflow/example_dags/example_subdag_operator.py took 0.060 seconds
[2025-07-18T09:11:25.127+0700] {processor.py:161} INFO - Started process (PID=4542) to work on /home/menglim/airflow_venv/lib/python3.12/site-packages/airflow/example_dags/example_subdag_operator.py
[2025-07-18T09:11:25.130+0700] {processor.py:830} INFO - Processing file /home/menglim/airflow_venv/lib/python3.12/site-packages/airflow/example_dags/example_subdag_operator.py for tasks to queue
[2025-07-18T09:11:25.130+0700] {logging_mixin.py:188} INFO - [2025-07-18T09:11:25.130+0700] {dagbag.py:545} INFO - Filling up the DagBag from /home/menglim/airflow_venv/lib/python3.12/site-packages/airflow/example_dags/example_subdag_operator.py
[2025-07-18T09:11:25.141+0700] {processor.py:840} INFO - DAG(s) 'example_subdag_operator.section-1', 'example_subdag_operator.section-2', 'example_subdag_operator' retrieved from /home/menglim/airflow_venv/lib/python3.12/site-packages/airflow/example_dags/example_subdag_operator.py
[2025-07-18T09:11:25.149+0700] {logging_mixin.py:188} INFO - [2025-07-18T09:11:25.149+0700] {dag.py:3096} INFO - Sync 3 DAGs
[2025-07-18T09:11:25.159+0700] {logging_mixin.py:188} INFO - [2025-07-18T09:11:25.159+0700] {dag.py:3954} INFO - Setting next_dagrun for example_subdag_operator to 2022-01-01 00:00:00+00:00, run_after=2022-01-01 00:00:00+00:00
[2025-07-18T09:11:25.161+0700] {logging_mixin.py:188} INFO - [2025-07-18T09:11:25.161+0700] {dag.py:3954} INFO - Setting next_dagrun for example_subdag_operator.section-1 to None, run_after=None
[2025-07-18T09:11:25.161+0700] {logging_mixin.py:188} INFO - [2025-07-18T09:11:25.161+0700] {dag.py:3954} INFO - Setting next_dagrun for example_subdag_operator.section-2 to None, run_after=None
[2025-07-18T09:11:25.164+0700] {logging_mixin.py:188} INFO - [2025-07-18T09:11:25.164+0700] {dag.py:3096} INFO - Sync 2 DAGs
[2025-07-18T09:11:25.166+0700] {logging_mixin.py:188} INFO - [2025-07-18T09:11:25.166+0700] {dag.py:3954} INFO - Setting next_dagrun for example_subdag_operator.section-1 to None, run_after=None
[2025-07-18T09:11:25.166+0700] {logging_mixin.py:188} INFO - [2025-07-18T09:11:25.166+0700] {dag.py:3954} INFO - Setting next_dagrun for example_subdag_operator.section-2 to None, run_after=None
[2025-07-18T09:11:25.182+0700] {processor.py:183} INFO - Processing /home/menglim/airflow_venv/lib/python3.12/site-packages/airflow/example_dags/example_subdag_operator.py took 0.058 seconds
[2025-07-18T09:12:19.350+0700] {processor.py:161} INFO - Started process (PID=4628) to work on /home/menglim/airflow_venv/lib/python3.12/site-packages/airflow/example_dags/example_subdag_operator.py
[2025-07-18T09:12:19.351+0700] {processor.py:830} INFO - Processing file /home/menglim/airflow_venv/lib/python3.12/site-packages/airflow/example_dags/example_subdag_operator.py for tasks to queue
[2025-07-18T09:12:19.351+0700] {logging_mixin.py:188} INFO - [2025-07-18T09:12:19.351+0700] {dagbag.py:545} INFO - Filling up the DagBag from /home/menglim/airflow_venv/lib/python3.12/site-packages/airflow/example_dags/example_subdag_operator.py
[2025-07-18T09:12:19.363+0700] {processor.py:840} INFO - DAG(s) 'example_subdag_operator.section-1', 'example_subdag_operator.section-2', 'example_subdag_operator' retrieved from /home/menglim/airflow_venv/lib/python3.12/site-packages/airflow/example_dags/example_subdag_operator.py
[2025-07-18T09:12:19.371+0700] {logging_mixin.py:188} INFO - [2025-07-18T09:12:19.371+0700] {dag.py:3096} INFO - Sync 3 DAGs
[2025-07-18T09:12:19.384+0700] {logging_mixin.py:188} INFO - [2025-07-18T09:12:19.383+0700] {dag.py:3954} INFO - Setting next_dagrun for example_subdag_operator to 2022-01-01 00:00:00+00:00, run_after=2022-01-01 00:00:00+00:00
[2025-07-18T09:12:19.386+0700] {logging_mixin.py:188} INFO - [2025-07-18T09:12:19.385+0700] {dag.py:3954} INFO - Setting next_dagrun for example_subdag_operator.section-1 to None, run_after=None
[2025-07-18T09:12:19.386+0700] {logging_mixin.py:188} INFO - [2025-07-18T09:12:19.386+0700] {dag.py:3954} INFO - Setting next_dagrun for example_subdag_operator.section-2 to None, run_after=None
[2025-07-18T09:12:19.389+0700] {logging_mixin.py:188} INFO - [2025-07-18T09:12:19.389+0700] {dag.py:3096} INFO - Sync 2 DAGs
[2025-07-18T09:12:19.391+0700] {logging_mixin.py:188} INFO - [2025-07-18T09:12:19.391+0700] {dag.py:3954} INFO - Setting next_dagrun for example_subdag_operator.section-1 to None, run_after=None
[2025-07-18T09:12:19.391+0700] {logging_mixin.py:188} INFO - [2025-07-18T09:12:19.391+0700] {dag.py:3954} INFO - Setting next_dagrun for example_subdag_operator.section-2 to None, run_after=None
[2025-07-18T09:12:19.407+0700] {processor.py:183} INFO - Processing /home/menglim/airflow_venv/lib/python3.12/site-packages/airflow/example_dags/example_subdag_operator.py took 0.060 seconds
[2025-07-18T09:13:19.476+0700] {processor.py:161} INFO - Started process (PID=5190) to work on /home/menglim/airflow_venv/lib/python3.12/site-packages/airflow/example_dags/example_subdag_operator.py
[2025-07-18T09:13:19.477+0700] {processor.py:830} INFO - Processing file /home/menglim/airflow_venv/lib/python3.12/site-packages/airflow/example_dags/example_subdag_operator.py for tasks to queue
[2025-07-18T09:13:19.478+0700] {logging_mixin.py:188} INFO - [2025-07-18T09:13:19.478+0700] {dagbag.py:545} INFO - Filling up the DagBag from /home/menglim/airflow_venv/lib/python3.12/site-packages/airflow/example_dags/example_subdag_operator.py
[2025-07-18T09:13:19.492+0700] {processor.py:840} INFO - DAG(s) 'example_subdag_operator.section-1', 'example_subdag_operator.section-2', 'example_subdag_operator' retrieved from /home/menglim/airflow_venv/lib/python3.12/site-packages/airflow/example_dags/example_subdag_operator.py
[2025-07-18T09:13:19.502+0700] {logging_mixin.py:188} INFO - [2025-07-18T09:13:19.502+0700] {dag.py:3096} INFO - Sync 3 DAGs
[2025-07-18T09:13:19.513+0700] {logging_mixin.py:188} INFO - [2025-07-18T09:13:19.513+0700] {dag.py:3954} INFO - Setting next_dagrun for example_subdag_operator to 2022-01-01 00:00:00+00:00, run_after=2022-01-01 00:00:00+00:00
[2025-07-18T09:13:19.515+0700] {logging_mixin.py:188} INFO - [2025-07-18T09:13:19.514+0700] {dag.py:3954} INFO - Setting next_dagrun for example_subdag_operator.section-1 to None, run_after=None
[2025-07-18T09:13:19.515+0700] {logging_mixin.py:188} INFO - [2025-07-18T09:13:19.515+0700] {dag.py:3954} INFO - Setting next_dagrun for example_subdag_operator.section-2 to None, run_after=None
[2025-07-18T09:13:19.518+0700] {logging_mixin.py:188} INFO - [2025-07-18T09:13:19.518+0700] {dag.py:3096} INFO - Sync 2 DAGs
[2025-07-18T09:13:19.521+0700] {logging_mixin.py:188} INFO - [2025-07-18T09:13:19.521+0700] {dag.py:3954} INFO - Setting next_dagrun for example_subdag_operator.section-1 to None, run_after=None
[2025-07-18T09:13:19.521+0700] {logging_mixin.py:188} INFO - [2025-07-18T09:13:19.521+0700] {dag.py:3954} INFO - Setting next_dagrun for example_subdag_operator.section-2 to None, run_after=None
[2025-07-18T09:13:19.543+0700] {processor.py:183} INFO - Processing /home/menglim/airflow_venv/lib/python3.12/site-packages/airflow/example_dags/example_subdag_operator.py took 0.071 seconds
[2025-07-18T09:14:26.783+0700] {processor.py:161} INFO - Started process (PID=5353) to work on /home/menglim/airflow_venv/lib/python3.12/site-packages/airflow/example_dags/example_subdag_operator.py
[2025-07-18T09:14:26.786+0700] {processor.py:830} INFO - Processing file /home/menglim/airflow_venv/lib/python3.12/site-packages/airflow/example_dags/example_subdag_operator.py for tasks to queue
[2025-07-18T09:14:26.787+0700] {logging_mixin.py:188} INFO - [2025-07-18T09:14:26.787+0700] {dagbag.py:545} INFO - Filling up the DagBag from /home/menglim/airflow_venv/lib/python3.12/site-packages/airflow/example_dags/example_subdag_operator.py
[2025-07-18T09:14:26.805+0700] {processor.py:840} INFO - DAG(s) 'example_subdag_operator.section-1', 'example_subdag_operator.section-2', 'example_subdag_operator' retrieved from /home/menglim/airflow_venv/lib/python3.12/site-packages/airflow/example_dags/example_subdag_operator.py
[2025-07-18T09:14:26.815+0700] {logging_mixin.py:188} INFO - [2025-07-18T09:14:26.815+0700] {dag.py:3096} INFO - Sync 3 DAGs
[2025-07-18T09:14:26.828+0700] {logging_mixin.py:188} INFO - [2025-07-18T09:14:26.827+0700] {dag.py:3954} INFO - Setting next_dagrun for example_subdag_operator to 2022-01-01 00:00:00+00:00, run_after=2022-01-01 00:00:00+00:00
[2025-07-18T09:14:26.829+0700] {logging_mixin.py:188} INFO - [2025-07-18T09:14:26.829+0700] {dag.py:3954} INFO - Setting next_dagrun for example_subdag_operator.section-1 to None, run_after=None
[2025-07-18T09:14:26.830+0700] {logging_mixin.py:188} INFO - [2025-07-18T09:14:26.830+0700] {dag.py:3954} INFO - Setting next_dagrun for example_subdag_operator.section-2 to None, run_after=None
[2025-07-18T09:14:26.833+0700] {logging_mixin.py:188} INFO - [2025-07-18T09:14:26.833+0700] {dag.py:3096} INFO - Sync 2 DAGs
[2025-07-18T09:14:26.835+0700] {logging_mixin.py:188} INFO - [2025-07-18T09:14:26.835+0700] {dag.py:3954} INFO - Setting next_dagrun for example_subdag_operator.section-1 to None, run_after=None
[2025-07-18T09:14:26.835+0700] {logging_mixin.py:188} INFO - [2025-07-18T09:14:26.835+0700] {dag.py:3954} INFO - Setting next_dagrun for example_subdag_operator.section-2 to None, run_after=None
[2025-07-18T09:14:26.852+0700] {processor.py:183} INFO - Processing /home/menglim/airflow_venv/lib/python3.12/site-packages/airflow/example_dags/example_subdag_operator.py took 0.073 seconds
[2025-07-18T09:15:29.127+0700] {processor.py:161} INFO - Started process (PID=5470) to work on /home/menglim/airflow_venv/lib/python3.12/site-packages/airflow/example_dags/example_subdag_operator.py
[2025-07-18T09:15:29.130+0700] {processor.py:830} INFO - Processing file /home/menglim/airflow_venv/lib/python3.12/site-packages/airflow/example_dags/example_subdag_operator.py for tasks to queue
[2025-07-18T09:15:29.130+0700] {logging_mixin.py:188} INFO - [2025-07-18T09:15:29.130+0700] {dagbag.py:545} INFO - Filling up the DagBag from /home/menglim/airflow_venv/lib/python3.12/site-packages/airflow/example_dags/example_subdag_operator.py
[2025-07-18T09:15:29.142+0700] {processor.py:840} INFO - DAG(s) 'example_subdag_operator.section-1', 'example_subdag_operator.section-2', 'example_subdag_operator' retrieved from /home/menglim/airflow_venv/lib/python3.12/site-packages/airflow/example_dags/example_subdag_operator.py
[2025-07-18T09:15:29.149+0700] {logging_mixin.py:188} INFO - [2025-07-18T09:15:29.149+0700] {dag.py:3096} INFO - Sync 3 DAGs
[2025-07-18T09:15:29.159+0700] {logging_mixin.py:188} INFO - [2025-07-18T09:15:29.159+0700] {dag.py:3954} INFO - Setting next_dagrun for example_subdag_operator to 2022-01-01 00:00:00+00:00, run_after=2022-01-01 00:00:00+00:00
[2025-07-18T09:15:29.160+0700] {logging_mixin.py:188} INFO - [2025-07-18T09:15:29.160+0700] {dag.py:3954} INFO - Setting next_dagrun for example_subdag_operator.section-1 to None, run_after=None
[2025-07-18T09:15:29.161+0700] {logging_mixin.py:188} INFO - [2025-07-18T09:15:29.161+0700] {dag.py:3954} INFO - Setting next_dagrun for example_subdag_operator.section-2 to None, run_after=None
[2025-07-18T09:15:29.164+0700] {logging_mixin.py:188} INFO - [2025-07-18T09:15:29.164+0700] {dag.py:3096} INFO - Sync 2 DAGs
[2025-07-18T09:15:29.165+0700] {logging_mixin.py:188} INFO - [2025-07-18T09:15:29.165+0700] {dag.py:3954} INFO - Setting next_dagrun for example_subdag_operator.section-1 to None, run_after=None
[2025-07-18T09:15:29.165+0700] {logging_mixin.py:188} INFO - [2025-07-18T09:15:29.165+0700] {dag.py:3954} INFO - Setting next_dagrun for example_subdag_operator.section-2 to None, run_after=None
[2025-07-18T09:15:29.182+0700] {processor.py:183} INFO - Processing /home/menglim/airflow_venv/lib/python3.12/site-packages/airflow/example_dags/example_subdag_operator.py took 0.058 seconds
[2025-07-18T09:16:34.527+0700] {processor.py:161} INFO - Started process (PID=5597) to work on /home/menglim/airflow_venv/lib/python3.12/site-packages/airflow/example_dags/example_subdag_operator.py
[2025-07-18T09:16:34.528+0700] {processor.py:830} INFO - Processing file /home/menglim/airflow_venv/lib/python3.12/site-packages/airflow/example_dags/example_subdag_operator.py for tasks to queue
[2025-07-18T09:16:34.529+0700] {logging_mixin.py:188} INFO - [2025-07-18T09:16:34.528+0700] {dagbag.py:545} INFO - Filling up the DagBag from /home/menglim/airflow_venv/lib/python3.12/site-packages/airflow/example_dags/example_subdag_operator.py
[2025-07-18T09:16:34.540+0700] {processor.py:840} INFO - DAG(s) 'example_subdag_operator.section-1', 'example_subdag_operator.section-2', 'example_subdag_operator' retrieved from /home/menglim/airflow_venv/lib/python3.12/site-packages/airflow/example_dags/example_subdag_operator.py
[2025-07-18T09:16:34.551+0700] {logging_mixin.py:188} INFO - [2025-07-18T09:16:34.551+0700] {dag.py:3096} INFO - Sync 3 DAGs
[2025-07-18T09:16:34.561+0700] {logging_mixin.py:188} INFO - [2025-07-18T09:16:34.561+0700] {dag.py:3954} INFO - Setting next_dagrun for example_subdag_operator to 2022-01-01 00:00:00+00:00, run_after=2022-01-01 00:00:00+00:00
[2025-07-18T09:16:34.562+0700] {logging_mixin.py:188} INFO - [2025-07-18T09:16:34.562+0700] {dag.py:3954} INFO - Setting next_dagrun for example_subdag_operator.section-1 to None, run_after=None
[2025-07-18T09:16:34.563+0700] {logging_mixin.py:188} INFO - [2025-07-18T09:16:34.563+0700] {dag.py:3954} INFO - Setting next_dagrun for example_subdag_operator.section-2 to None, run_after=None
[2025-07-18T09:16:34.566+0700] {logging_mixin.py:188} INFO - [2025-07-18T09:16:34.566+0700] {dag.py:3096} INFO - Sync 2 DAGs
[2025-07-18T09:16:34.568+0700] {logging_mixin.py:188} INFO - [2025-07-18T09:16:34.567+0700] {dag.py:3954} INFO - Setting next_dagrun for example_subdag_operator.section-1 to None, run_after=None
[2025-07-18T09:16:34.568+0700] {logging_mixin.py:188} INFO - [2025-07-18T09:16:34.568+0700] {dag.py:3954} INFO - Setting next_dagrun for example_subdag_operator.section-2 to None, run_after=None
[2025-07-18T09:16:34.586+0700] {processor.py:183} INFO - Processing /home/menglim/airflow_venv/lib/python3.12/site-packages/airflow/example_dags/example_subdag_operator.py took 0.062 seconds
[2025-07-18T09:17:57.166+0700] {processor.py:161} INFO - Started process (PID=5866) to work on /home/menglim/airflow_venv/lib/python3.12/site-packages/airflow/example_dags/example_subdag_operator.py
[2025-07-18T09:17:57.169+0700] {processor.py:830} INFO - Processing file /home/menglim/airflow_venv/lib/python3.12/site-packages/airflow/example_dags/example_subdag_operator.py for tasks to queue
[2025-07-18T09:17:57.170+0700] {logging_mixin.py:188} INFO - [2025-07-18T09:17:57.169+0700] {dagbag.py:545} INFO - Filling up the DagBag from /home/menglim/airflow_venv/lib/python3.12/site-packages/airflow/example_dags/example_subdag_operator.py
[2025-07-18T09:17:57.184+0700] {processor.py:840} INFO - DAG(s) 'example_subdag_operator.section-1', 'example_subdag_operator.section-2', 'example_subdag_operator' retrieved from /home/menglim/airflow_venv/lib/python3.12/site-packages/airflow/example_dags/example_subdag_operator.py
[2025-07-18T09:17:57.193+0700] {logging_mixin.py:188} INFO - [2025-07-18T09:17:57.193+0700] {dag.py:3096} INFO - Sync 3 DAGs
[2025-07-18T09:17:57.204+0700] {logging_mixin.py:188} INFO - [2025-07-18T09:17:57.204+0700] {dag.py:3954} INFO - Setting next_dagrun for example_subdag_operator to 2022-01-01 00:00:00+00:00, run_after=2022-01-01 00:00:00+00:00
[2025-07-18T09:17:57.206+0700] {logging_mixin.py:188} INFO - [2025-07-18T09:17:57.206+0700] {dag.py:3954} INFO - Setting next_dagrun for example_subdag_operator.section-1 to None, run_after=None
[2025-07-18T09:17:57.206+0700] {logging_mixin.py:188} INFO - [2025-07-18T09:17:57.206+0700] {dag.py:3954} INFO - Setting next_dagrun for example_subdag_operator.section-2 to None, run_after=None
[2025-07-18T09:17:57.209+0700] {logging_mixin.py:188} INFO - [2025-07-18T09:17:57.209+0700] {dag.py:3096} INFO - Sync 2 DAGs
[2025-07-18T09:17:57.212+0700] {logging_mixin.py:188} INFO - [2025-07-18T09:17:57.212+0700] {dag.py:3954} INFO - Setting next_dagrun for example_subdag_operator.section-1 to None, run_after=None
[2025-07-18T09:17:57.212+0700] {logging_mixin.py:188} INFO - [2025-07-18T09:17:57.212+0700] {dag.py:3954} INFO - Setting next_dagrun for example_subdag_operator.section-2 to None, run_after=None
[2025-07-18T09:17:57.229+0700] {processor.py:183} INFO - Processing /home/menglim/airflow_venv/lib/python3.12/site-packages/airflow/example_dags/example_subdag_operator.py took 0.066 seconds
[2025-07-18T09:19:04.879+0700] {processor.py:161} INFO - Started process (PID=6004) to work on /home/menglim/airflow_venv/lib/python3.12/site-packages/airflow/example_dags/example_subdag_operator.py
[2025-07-18T09:19:04.881+0700] {processor.py:830} INFO - Processing file /home/menglim/airflow_venv/lib/python3.12/site-packages/airflow/example_dags/example_subdag_operator.py for tasks to queue
[2025-07-18T09:19:04.884+0700] {logging_mixin.py:188} INFO - [2025-07-18T09:19:04.883+0700] {dagbag.py:545} INFO - Filling up the DagBag from /home/menglim/airflow_venv/lib/python3.12/site-packages/airflow/example_dags/example_subdag_operator.py
[2025-07-18T09:19:04.906+0700] {processor.py:840} INFO - DAG(s) 'example_subdag_operator.section-1', 'example_subdag_operator.section-2', 'example_subdag_operator' retrieved from /home/menglim/airflow_venv/lib/python3.12/site-packages/airflow/example_dags/example_subdag_operator.py
[2025-07-18T09:19:04.922+0700] {logging_mixin.py:188} INFO - [2025-07-18T09:19:04.922+0700] {dag.py:3096} INFO - Sync 3 DAGs
[2025-07-18T09:19:04.992+0700] {logging_mixin.py:188} INFO - [2025-07-18T09:19:04.992+0700] {dag.py:3954} INFO - Setting next_dagrun for example_subdag_operator to 2022-01-01 00:00:00+00:00, run_after=2022-01-01 00:00:00+00:00
[2025-07-18T09:19:04.994+0700] {logging_mixin.py:188} INFO - [2025-07-18T09:19:04.994+0700] {dag.py:3954} INFO - Setting next_dagrun for example_subdag_operator.section-1 to None, run_after=None
[2025-07-18T09:19:04.994+0700] {logging_mixin.py:188} INFO - [2025-07-18T09:19:04.994+0700] {dag.py:3954} INFO - Setting next_dagrun for example_subdag_operator.section-2 to None, run_after=None
[2025-07-18T09:19:04.997+0700] {logging_mixin.py:188} INFO - [2025-07-18T09:19:04.997+0700] {dag.py:3096} INFO - Sync 2 DAGs
[2025-07-18T09:19:04.999+0700] {logging_mixin.py:188} INFO - [2025-07-18T09:19:04.999+0700] {dag.py:3954} INFO - Setting next_dagrun for example_subdag_operator.section-1 to None, run_after=None
[2025-07-18T09:19:04.999+0700] {logging_mixin.py:188} INFO - [2025-07-18T09:19:04.999+0700] {dag.py:3954} INFO - Setting next_dagrun for example_subdag_operator.section-2 to None, run_after=None
[2025-07-18T09:19:05.015+0700] {processor.py:183} INFO - Processing /home/menglim/airflow_venv/lib/python3.12/site-packages/airflow/example_dags/example_subdag_operator.py took 0.143 seconds
[2025-07-18T09:20:11.340+0700] {processor.py:161} INFO - Started process (PID=6162) to work on /home/menglim/airflow_venv/lib/python3.12/site-packages/airflow/example_dags/example_subdag_operator.py
[2025-07-18T09:20:11.342+0700] {processor.py:830} INFO - Processing file /home/menglim/airflow_venv/lib/python3.12/site-packages/airflow/example_dags/example_subdag_operator.py for tasks to queue
[2025-07-18T09:20:11.343+0700] {logging_mixin.py:188} INFO - [2025-07-18T09:20:11.343+0700] {dagbag.py:545} INFO - Filling up the DagBag from /home/menglim/airflow_venv/lib/python3.12/site-packages/airflow/example_dags/example_subdag_operator.py
[2025-07-18T09:20:11.360+0700] {processor.py:840} INFO - DAG(s) 'example_subdag_operator.section-1', 'example_subdag_operator.section-2', 'example_subdag_operator' retrieved from /home/menglim/airflow_venv/lib/python3.12/site-packages/airflow/example_dags/example_subdag_operator.py
[2025-07-18T09:20:11.370+0700] {logging_mixin.py:188} INFO - [2025-07-18T09:20:11.370+0700] {dag.py:3096} INFO - Sync 3 DAGs
[2025-07-18T09:20:11.459+0700] {logging_mixin.py:188} INFO - [2025-07-18T09:20:11.459+0700] {dag.py:3954} INFO - Setting next_dagrun for example_subdag_operator to 2022-01-01 00:00:00+00:00, run_after=2022-01-01 00:00:00+00:00
[2025-07-18T09:20:11.461+0700] {logging_mixin.py:188} INFO - [2025-07-18T09:20:11.461+0700] {dag.py:3954} INFO - Setting next_dagrun for example_subdag_operator.section-1 to None, run_after=None
[2025-07-18T09:20:11.461+0700] {logging_mixin.py:188} INFO - [2025-07-18T09:20:11.461+0700] {dag.py:3954} INFO - Setting next_dagrun for example_subdag_operator.section-2 to None, run_after=None
[2025-07-18T09:20:11.465+0700] {logging_mixin.py:188} INFO - [2025-07-18T09:20:11.465+0700] {dag.py:3096} INFO - Sync 2 DAGs
[2025-07-18T09:20:11.467+0700] {logging_mixin.py:188} INFO - [2025-07-18T09:20:11.467+0700] {dag.py:3954} INFO - Setting next_dagrun for example_subdag_operator.section-1 to None, run_after=None
[2025-07-18T09:20:11.467+0700] {logging_mixin.py:188} INFO - [2025-07-18T09:20:11.467+0700] {dag.py:3954} INFO - Setting next_dagrun for example_subdag_operator.section-2 to None, run_after=None
[2025-07-18T09:20:11.484+0700] {processor.py:183} INFO - Processing /home/menglim/airflow_venv/lib/python3.12/site-packages/airflow/example_dags/example_subdag_operator.py took 0.149 seconds
[2025-07-18T09:21:10.003+0700] {processor.py:161} INFO - Started process (PID=6327) to work on /home/menglim/airflow_venv/lib/python3.12/site-packages/airflow/example_dags/example_subdag_operator.py
[2025-07-18T09:21:10.004+0700] {processor.py:830} INFO - Processing file /home/menglim/airflow_venv/lib/python3.12/site-packages/airflow/example_dags/example_subdag_operator.py for tasks to queue
[2025-07-18T09:21:10.004+0700] {logging_mixin.py:188} INFO - [2025-07-18T09:21:10.004+0700] {dagbag.py:545} INFO - Filling up the DagBag from /home/menglim/airflow_venv/lib/python3.12/site-packages/airflow/example_dags/example_subdag_operator.py
[2025-07-18T09:21:10.022+0700] {processor.py:840} INFO - DAG(s) 'example_subdag_operator.section-1', 'example_subdag_operator.section-2', 'example_subdag_operator' retrieved from /home/menglim/airflow_venv/lib/python3.12/site-packages/airflow/example_dags/example_subdag_operator.py
[2025-07-18T09:21:10.030+0700] {logging_mixin.py:188} INFO - [2025-07-18T09:21:10.030+0700] {dag.py:3096} INFO - Sync 3 DAGs
[2025-07-18T09:21:10.041+0700] {logging_mixin.py:188} INFO - [2025-07-18T09:21:10.041+0700] {dag.py:3954} INFO - Setting next_dagrun for example_subdag_operator to 2022-01-01 00:00:00+00:00, run_after=2022-01-01 00:00:00+00:00
[2025-07-18T09:21:10.043+0700] {logging_mixin.py:188} INFO - [2025-07-18T09:21:10.043+0700] {dag.py:3954} INFO - Setting next_dagrun for example_subdag_operator.section-1 to None, run_after=None
[2025-07-18T09:21:10.043+0700] {logging_mixin.py:188} INFO - [2025-07-18T09:21:10.043+0700] {dag.py:3954} INFO - Setting next_dagrun for example_subdag_operator.section-2 to None, run_after=None
[2025-07-18T09:21:10.046+0700] {logging_mixin.py:188} INFO - [2025-07-18T09:21:10.046+0700] {dag.py:3096} INFO - Sync 2 DAGs
[2025-07-18T09:21:10.048+0700] {logging_mixin.py:188} INFO - [2025-07-18T09:21:10.048+0700] {dag.py:3954} INFO - Setting next_dagrun for example_subdag_operator.section-1 to None, run_after=None
[2025-07-18T09:21:10.048+0700] {logging_mixin.py:188} INFO - [2025-07-18T09:21:10.048+0700] {dag.py:3954} INFO - Setting next_dagrun for example_subdag_operator.section-2 to None, run_after=None
[2025-07-18T09:21:10.063+0700] {processor.py:183} INFO - Processing /home/menglim/airflow_venv/lib/python3.12/site-packages/airflow/example_dags/example_subdag_operator.py took 0.065 seconds
[2025-07-18T09:22:41.594+0700] {processor.py:161} INFO - Started process (PID=6608) to work on /home/menglim/airflow_venv/lib/python3.12/site-packages/airflow/example_dags/example_subdag_operator.py
[2025-07-18T09:22:41.595+0700] {processor.py:830} INFO - Processing file /home/menglim/airflow_venv/lib/python3.12/site-packages/airflow/example_dags/example_subdag_operator.py for tasks to queue
[2025-07-18T09:22:41.596+0700] {logging_mixin.py:188} INFO - [2025-07-18T09:22:41.596+0700] {dagbag.py:545} INFO - Filling up the DagBag from /home/menglim/airflow_venv/lib/python3.12/site-packages/airflow/example_dags/example_subdag_operator.py
[2025-07-18T09:22:41.608+0700] {processor.py:840} INFO - DAG(s) 'example_subdag_operator.section-1', 'example_subdag_operator.section-2', 'example_subdag_operator' retrieved from /home/menglim/airflow_venv/lib/python3.12/site-packages/airflow/example_dags/example_subdag_operator.py
[2025-07-18T09:22:41.616+0700] {logging_mixin.py:188} INFO - [2025-07-18T09:22:41.616+0700] {dag.py:3096} INFO - Sync 3 DAGs
[2025-07-18T09:22:41.626+0700] {logging_mixin.py:188} INFO - [2025-07-18T09:22:41.626+0700] {dag.py:3954} INFO - Setting next_dagrun for example_subdag_operator to 2022-01-01 00:00:00+00:00, run_after=2022-01-01 00:00:00+00:00
[2025-07-18T09:22:41.628+0700] {logging_mixin.py:188} INFO - [2025-07-18T09:22:41.628+0700] {dag.py:3954} INFO - Setting next_dagrun for example_subdag_operator.section-1 to None, run_after=None
[2025-07-18T09:22:41.628+0700] {logging_mixin.py:188} INFO - [2025-07-18T09:22:41.628+0700] {dag.py:3954} INFO - Setting next_dagrun for example_subdag_operator.section-2 to None, run_after=None
[2025-07-18T09:22:41.631+0700] {logging_mixin.py:188} INFO - [2025-07-18T09:22:41.631+0700] {dag.py:3096} INFO - Sync 2 DAGs
[2025-07-18T09:22:41.633+0700] {logging_mixin.py:188} INFO - [2025-07-18T09:22:41.633+0700] {dag.py:3954} INFO - Setting next_dagrun for example_subdag_operator.section-1 to None, run_after=None
[2025-07-18T09:22:41.633+0700] {logging_mixin.py:188} INFO - [2025-07-18T09:22:41.633+0700] {dag.py:3954} INFO - Setting next_dagrun for example_subdag_operator.section-2 to None, run_after=None
[2025-07-18T09:22:41.651+0700] {processor.py:183} INFO - Processing /home/menglim/airflow_venv/lib/python3.12/site-packages/airflow/example_dags/example_subdag_operator.py took 0.060 seconds
[2025-07-18T09:23:51.518+0700] {processor.py:161} INFO - Started process (PID=6773) to work on /home/menglim/airflow_venv/lib/python3.12/site-packages/airflow/example_dags/example_subdag_operator.py
[2025-07-18T09:23:51.519+0700] {processor.py:830} INFO - Processing file /home/menglim/airflow_venv/lib/python3.12/site-packages/airflow/example_dags/example_subdag_operator.py for tasks to queue
[2025-07-18T09:23:51.520+0700] {logging_mixin.py:188} INFO - [2025-07-18T09:23:51.520+0700] {dagbag.py:545} INFO - Filling up the DagBag from /home/menglim/airflow_venv/lib/python3.12/site-packages/airflow/example_dags/example_subdag_operator.py
[2025-07-18T09:23:51.532+0700] {processor.py:840} INFO - DAG(s) 'example_subdag_operator.section-1', 'example_subdag_operator.section-2', 'example_subdag_operator' retrieved from /home/menglim/airflow_venv/lib/python3.12/site-packages/airflow/example_dags/example_subdag_operator.py
[2025-07-18T09:23:51.540+0700] {logging_mixin.py:188} INFO - [2025-07-18T09:23:51.540+0700] {dag.py:3096} INFO - Sync 3 DAGs
[2025-07-18T09:23:51.550+0700] {logging_mixin.py:188} INFO - [2025-07-18T09:23:51.550+0700] {dag.py:3954} INFO - Setting next_dagrun for example_subdag_operator to 2022-01-01 00:00:00+00:00, run_after=2022-01-01 00:00:00+00:00
[2025-07-18T09:23:51.552+0700] {logging_mixin.py:188} INFO - [2025-07-18T09:23:51.552+0700] {dag.py:3954} INFO - Setting next_dagrun for example_subdag_operator.section-1 to None, run_after=None
[2025-07-18T09:23:51.553+0700] {logging_mixin.py:188} INFO - [2025-07-18T09:23:51.553+0700] {dag.py:3954} INFO - Setting next_dagrun for example_subdag_operator.section-2 to None, run_after=None
[2025-07-18T09:23:51.556+0700] {logging_mixin.py:188} INFO - [2025-07-18T09:23:51.556+0700] {dag.py:3096} INFO - Sync 2 DAGs
[2025-07-18T09:23:51.558+0700] {logging_mixin.py:188} INFO - [2025-07-18T09:23:51.558+0700] {dag.py:3954} INFO - Setting next_dagrun for example_subdag_operator.section-1 to None, run_after=None
[2025-07-18T09:23:51.558+0700] {logging_mixin.py:188} INFO - [2025-07-18T09:23:51.558+0700] {dag.py:3954} INFO - Setting next_dagrun for example_subdag_operator.section-2 to None, run_after=None
[2025-07-18T09:23:51.575+0700] {processor.py:183} INFO - Processing /home/menglim/airflow_venv/lib/python3.12/site-packages/airflow/example_dags/example_subdag_operator.py took 0.061 seconds
[2025-07-18T09:25:01.731+0700] {processor.py:161} INFO - Started process (PID=6965) to work on /home/menglim/airflow_venv/lib/python3.12/site-packages/airflow/example_dags/example_subdag_operator.py
[2025-07-18T09:25:01.732+0700] {processor.py:830} INFO - Processing file /home/menglim/airflow_venv/lib/python3.12/site-packages/airflow/example_dags/example_subdag_operator.py for tasks to queue
[2025-07-18T09:25:01.733+0700] {logging_mixin.py:188} INFO - [2025-07-18T09:25:01.732+0700] {dagbag.py:545} INFO - Filling up the DagBag from /home/menglim/airflow_venv/lib/python3.12/site-packages/airflow/example_dags/example_subdag_operator.py
[2025-07-18T09:25:01.750+0700] {processor.py:840} INFO - DAG(s) 'example_subdag_operator.section-1', 'example_subdag_operator.section-2', 'example_subdag_operator' retrieved from /home/menglim/airflow_venv/lib/python3.12/site-packages/airflow/example_dags/example_subdag_operator.py
[2025-07-18T09:25:01.764+0700] {logging_mixin.py:188} INFO - [2025-07-18T09:25:01.763+0700] {dag.py:3096} INFO - Sync 3 DAGs
[2025-07-18T09:25:01.776+0700] {logging_mixin.py:188} INFO - [2025-07-18T09:25:01.776+0700] {dag.py:3954} INFO - Setting next_dagrun for example_subdag_operator to 2022-01-01 00:00:00+00:00, run_after=2022-01-01 00:00:00+00:00
[2025-07-18T09:25:01.778+0700] {logging_mixin.py:188} INFO - [2025-07-18T09:25:01.778+0700] {dag.py:3954} INFO - Setting next_dagrun for example_subdag_operator.section-1 to None, run_after=None
[2025-07-18T09:25:01.778+0700] {logging_mixin.py:188} INFO - [2025-07-18T09:25:01.778+0700] {dag.py:3954} INFO - Setting next_dagrun for example_subdag_operator.section-2 to None, run_after=None
[2025-07-18T09:25:01.782+0700] {logging_mixin.py:188} INFO - [2025-07-18T09:25:01.782+0700] {dag.py:3096} INFO - Sync 2 DAGs
[2025-07-18T09:25:01.784+0700] {logging_mixin.py:188} INFO - [2025-07-18T09:25:01.784+0700] {dag.py:3954} INFO - Setting next_dagrun for example_subdag_operator.section-1 to None, run_after=None
[2025-07-18T09:25:01.784+0700] {logging_mixin.py:188} INFO - [2025-07-18T09:25:01.784+0700] {dag.py:3954} INFO - Setting next_dagrun for example_subdag_operator.section-2 to None, run_after=None
[2025-07-18T09:25:01.807+0700] {processor.py:183} INFO - Processing /home/menglim/airflow_venv/lib/python3.12/site-packages/airflow/example_dags/example_subdag_operator.py took 0.081 seconds
[2025-07-18T09:26:06.243+0700] {processor.py:161} INFO - Started process (PID=7139) to work on /home/menglim/airflow_venv/lib/python3.12/site-packages/airflow/example_dags/example_subdag_operator.py
[2025-07-18T09:26:06.246+0700] {processor.py:830} INFO - Processing file /home/menglim/airflow_venv/lib/python3.12/site-packages/airflow/example_dags/example_subdag_operator.py for tasks to queue
[2025-07-18T09:26:06.247+0700] {logging_mixin.py:188} INFO - [2025-07-18T09:26:06.246+0700] {dagbag.py:545} INFO - Filling up the DagBag from /home/menglim/airflow_venv/lib/python3.12/site-packages/airflow/example_dags/example_subdag_operator.py
[2025-07-18T09:26:06.258+0700] {processor.py:840} INFO - DAG(s) 'example_subdag_operator.section-1', 'example_subdag_operator.section-2', 'example_subdag_operator' retrieved from /home/menglim/airflow_venv/lib/python3.12/site-packages/airflow/example_dags/example_subdag_operator.py
[2025-07-18T09:26:06.266+0700] {logging_mixin.py:188} INFO - [2025-07-18T09:26:06.266+0700] {dag.py:3096} INFO - Sync 3 DAGs
[2025-07-18T09:26:06.275+0700] {logging_mixin.py:188} INFO - [2025-07-18T09:26:06.275+0700] {dag.py:3954} INFO - Setting next_dagrun for example_subdag_operator to 2022-01-01 00:00:00+00:00, run_after=2022-01-01 00:00:00+00:00
[2025-07-18T09:26:06.277+0700] {logging_mixin.py:188} INFO - [2025-07-18T09:26:06.277+0700] {dag.py:3954} INFO - Setting next_dagrun for example_subdag_operator.section-1 to None, run_after=None
[2025-07-18T09:26:06.277+0700] {logging_mixin.py:188} INFO - [2025-07-18T09:26:06.277+0700] {dag.py:3954} INFO - Setting next_dagrun for example_subdag_operator.section-2 to None, run_after=None
[2025-07-18T09:26:06.280+0700] {logging_mixin.py:188} INFO - [2025-07-18T09:26:06.280+0700] {dag.py:3096} INFO - Sync 2 DAGs
[2025-07-18T09:26:06.282+0700] {logging_mixin.py:188} INFO - [2025-07-18T09:26:06.282+0700] {dag.py:3954} INFO - Setting next_dagrun for example_subdag_operator.section-1 to None, run_after=None
[2025-07-18T09:26:06.282+0700] {logging_mixin.py:188} INFO - [2025-07-18T09:26:06.282+0700] {dag.py:3954} INFO - Setting next_dagrun for example_subdag_operator.section-2 to None, run_after=None
[2025-07-18T09:26:06.299+0700] {processor.py:183} INFO - Processing /home/menglim/airflow_venv/lib/python3.12/site-packages/airflow/example_dags/example_subdag_operator.py took 0.061 seconds
[2025-07-18T09:27:07.623+0700] {processor.py:161} INFO - Started process (PID=7275) to work on /home/menglim/airflow_venv/lib/python3.12/site-packages/airflow/example_dags/example_subdag_operator.py
[2025-07-18T09:27:07.625+0700] {processor.py:830} INFO - Processing file /home/menglim/airflow_venv/lib/python3.12/site-packages/airflow/example_dags/example_subdag_operator.py for tasks to queue
[2025-07-18T09:27:07.626+0700] {logging_mixin.py:188} INFO - [2025-07-18T09:27:07.626+0700] {dagbag.py:545} INFO - Filling up the DagBag from /home/menglim/airflow_venv/lib/python3.12/site-packages/airflow/example_dags/example_subdag_operator.py
[2025-07-18T09:27:07.637+0700] {processor.py:840} INFO - DAG(s) 'example_subdag_operator.section-1', 'example_subdag_operator.section-2', 'example_subdag_operator' retrieved from /home/menglim/airflow_venv/lib/python3.12/site-packages/airflow/example_dags/example_subdag_operator.py
[2025-07-18T09:27:07.645+0700] {logging_mixin.py:188} INFO - [2025-07-18T09:27:07.645+0700] {dag.py:3096} INFO - Sync 3 DAGs
[2025-07-18T09:27:07.655+0700] {logging_mixin.py:188} INFO - [2025-07-18T09:27:07.655+0700] {dag.py:3954} INFO - Setting next_dagrun for example_subdag_operator to 2022-01-01 00:00:00+00:00, run_after=2022-01-01 00:00:00+00:00
[2025-07-18T09:27:07.657+0700] {logging_mixin.py:188} INFO - [2025-07-18T09:27:07.657+0700] {dag.py:3954} INFO - Setting next_dagrun for example_subdag_operator.section-1 to None, run_after=None
[2025-07-18T09:27:07.657+0700] {logging_mixin.py:188} INFO - [2025-07-18T09:27:07.657+0700] {dag.py:3954} INFO - Setting next_dagrun for example_subdag_operator.section-2 to None, run_after=None
[2025-07-18T09:27:07.660+0700] {logging_mixin.py:188} INFO - [2025-07-18T09:27:07.660+0700] {dag.py:3096} INFO - Sync 2 DAGs
[2025-07-18T09:27:07.662+0700] {logging_mixin.py:188} INFO - [2025-07-18T09:27:07.662+0700] {dag.py:3954} INFO - Setting next_dagrun for example_subdag_operator.section-1 to None, run_after=None
[2025-07-18T09:27:07.662+0700] {logging_mixin.py:188} INFO - [2025-07-18T09:27:07.662+0700] {dag.py:3954} INFO - Setting next_dagrun for example_subdag_operator.section-2 to None, run_after=None
[2025-07-18T09:27:07.680+0700] {processor.py:183} INFO - Processing /home/menglim/airflow_venv/lib/python3.12/site-packages/airflow/example_dags/example_subdag_operator.py took 0.060 seconds
[2025-07-18T09:28:22.826+0700] {processor.py:161} INFO - Started process (PID=7383) to work on /home/menglim/airflow_venv/lib/python3.12/site-packages/airflow/example_dags/example_subdag_operator.py
[2025-07-18T09:28:22.828+0700] {processor.py:830} INFO - Processing file /home/menglim/airflow_venv/lib/python3.12/site-packages/airflow/example_dags/example_subdag_operator.py for tasks to queue
[2025-07-18T09:28:22.829+0700] {logging_mixin.py:188} INFO - [2025-07-18T09:28:22.829+0700] {dagbag.py:545} INFO - Filling up the DagBag from /home/menglim/airflow_venv/lib/python3.12/site-packages/airflow/example_dags/example_subdag_operator.py
[2025-07-18T09:28:22.840+0700] {processor.py:840} INFO - DAG(s) 'example_subdag_operator.section-1', 'example_subdag_operator.section-2', 'example_subdag_operator' retrieved from /home/menglim/airflow_venv/lib/python3.12/site-packages/airflow/example_dags/example_subdag_operator.py
[2025-07-18T09:28:22.848+0700] {logging_mixin.py:188} INFO - [2025-07-18T09:28:22.847+0700] {dag.py:3096} INFO - Sync 3 DAGs
[2025-07-18T09:28:22.857+0700] {logging_mixin.py:188} INFO - [2025-07-18T09:28:22.857+0700] {dag.py:3954} INFO - Setting next_dagrun for example_subdag_operator to 2022-01-01 00:00:00+00:00, run_after=2022-01-01 00:00:00+00:00
[2025-07-18T09:28:22.859+0700] {logging_mixin.py:188} INFO - [2025-07-18T09:28:22.858+0700] {dag.py:3954} INFO - Setting next_dagrun for example_subdag_operator.section-1 to None, run_after=None
[2025-07-18T09:28:22.859+0700] {logging_mixin.py:188} INFO - [2025-07-18T09:28:22.859+0700] {dag.py:3954} INFO - Setting next_dagrun for example_subdag_operator.section-2 to None, run_after=None
[2025-07-18T09:28:22.862+0700] {logging_mixin.py:188} INFO - [2025-07-18T09:28:22.862+0700] {dag.py:3096} INFO - Sync 2 DAGs
[2025-07-18T09:28:22.864+0700] {logging_mixin.py:188} INFO - [2025-07-18T09:28:22.863+0700] {dag.py:3954} INFO - Setting next_dagrun for example_subdag_operator.section-1 to None, run_after=None
[2025-07-18T09:28:22.864+0700] {logging_mixin.py:188} INFO - [2025-07-18T09:28:22.864+0700] {dag.py:3954} INFO - Setting next_dagrun for example_subdag_operator.section-2 to None, run_after=None
[2025-07-18T09:28:22.881+0700] {processor.py:183} INFO - Processing /home/menglim/airflow_venv/lib/python3.12/site-packages/airflow/example_dags/example_subdag_operator.py took 0.058 seconds
[2025-07-18T09:29:15.390+0700] {processor.py:161} INFO - Started process (PID=7470) to work on /home/menglim/airflow_venv/lib/python3.12/site-packages/airflow/example_dags/example_subdag_operator.py
[2025-07-18T09:29:15.393+0700] {processor.py:830} INFO - Processing file /home/menglim/airflow_venv/lib/python3.12/site-packages/airflow/example_dags/example_subdag_operator.py for tasks to queue
[2025-07-18T09:29:15.393+0700] {logging_mixin.py:188} INFO - [2025-07-18T09:29:15.393+0700] {dagbag.py:545} INFO - Filling up the DagBag from /home/menglim/airflow_venv/lib/python3.12/site-packages/airflow/example_dags/example_subdag_operator.py
[2025-07-18T09:29:15.406+0700] {processor.py:840} INFO - DAG(s) 'example_subdag_operator.section-1', 'example_subdag_operator.section-2', 'example_subdag_operator' retrieved from /home/menglim/airflow_venv/lib/python3.12/site-packages/airflow/example_dags/example_subdag_operator.py
[2025-07-18T09:29:15.413+0700] {logging_mixin.py:188} INFO - [2025-07-18T09:29:15.413+0700] {dag.py:3096} INFO - Sync 3 DAGs
[2025-07-18T09:29:15.423+0700] {logging_mixin.py:188} INFO - [2025-07-18T09:29:15.423+0700] {dag.py:3954} INFO - Setting next_dagrun for example_subdag_operator to 2022-01-01 00:00:00+00:00, run_after=2022-01-01 00:00:00+00:00
[2025-07-18T09:29:15.424+0700] {logging_mixin.py:188} INFO - [2025-07-18T09:29:15.424+0700] {dag.py:3954} INFO - Setting next_dagrun for example_subdag_operator.section-1 to None, run_after=None
[2025-07-18T09:29:15.425+0700] {logging_mixin.py:188} INFO - [2025-07-18T09:29:15.425+0700] {dag.py:3954} INFO - Setting next_dagrun for example_subdag_operator.section-2 to None, run_after=None
[2025-07-18T09:29:15.427+0700] {logging_mixin.py:188} INFO - [2025-07-18T09:29:15.427+0700] {dag.py:3096} INFO - Sync 2 DAGs
[2025-07-18T09:29:15.430+0700] {logging_mixin.py:188} INFO - [2025-07-18T09:29:15.429+0700] {dag.py:3954} INFO - Setting next_dagrun for example_subdag_operator.section-1 to None, run_after=None
[2025-07-18T09:29:15.430+0700] {logging_mixin.py:188} INFO - [2025-07-18T09:29:15.430+0700] {dag.py:3954} INFO - Setting next_dagrun for example_subdag_operator.section-2 to None, run_after=None
[2025-07-18T09:29:15.447+0700] {processor.py:183} INFO - Processing /home/menglim/airflow_venv/lib/python3.12/site-packages/airflow/example_dags/example_subdag_operator.py took 0.061 seconds
[2025-07-18T09:30:07.474+0700] {processor.py:161} INFO - Started process (PID=7567) to work on /home/menglim/airflow_venv/lib/python3.12/site-packages/airflow/example_dags/example_subdag_operator.py
[2025-07-18T09:30:07.477+0700] {processor.py:830} INFO - Processing file /home/menglim/airflow_venv/lib/python3.12/site-packages/airflow/example_dags/example_subdag_operator.py for tasks to queue
[2025-07-18T09:30:07.477+0700] {logging_mixin.py:188} INFO - [2025-07-18T09:30:07.477+0700] {dagbag.py:545} INFO - Filling up the DagBag from /home/menglim/airflow_venv/lib/python3.12/site-packages/airflow/example_dags/example_subdag_operator.py
[2025-07-18T09:30:07.488+0700] {processor.py:840} INFO - DAG(s) 'example_subdag_operator.section-1', 'example_subdag_operator.section-2', 'example_subdag_operator' retrieved from /home/menglim/airflow_venv/lib/python3.12/site-packages/airflow/example_dags/example_subdag_operator.py
[2025-07-18T09:30:07.496+0700] {logging_mixin.py:188} INFO - [2025-07-18T09:30:07.496+0700] {dag.py:3096} INFO - Sync 3 DAGs
[2025-07-18T09:30:07.505+0700] {logging_mixin.py:188} INFO - [2025-07-18T09:30:07.505+0700] {dag.py:3954} INFO - Setting next_dagrun for example_subdag_operator to 2022-01-01 00:00:00+00:00, run_after=2022-01-01 00:00:00+00:00
[2025-07-18T09:30:07.507+0700] {logging_mixin.py:188} INFO - [2025-07-18T09:30:07.507+0700] {dag.py:3954} INFO - Setting next_dagrun for example_subdag_operator.section-1 to None, run_after=None
[2025-07-18T09:30:07.507+0700] {logging_mixin.py:188} INFO - [2025-07-18T09:30:07.507+0700] {dag.py:3954} INFO - Setting next_dagrun for example_subdag_operator.section-2 to None, run_after=None
[2025-07-18T09:30:07.510+0700] {logging_mixin.py:188} INFO - [2025-07-18T09:30:07.510+0700] {dag.py:3096} INFO - Sync 2 DAGs
[2025-07-18T09:30:07.512+0700] {logging_mixin.py:188} INFO - [2025-07-18T09:30:07.512+0700] {dag.py:3954} INFO - Setting next_dagrun for example_subdag_operator.section-1 to None, run_after=None
[2025-07-18T09:30:07.512+0700] {logging_mixin.py:188} INFO - [2025-07-18T09:30:07.512+0700] {dag.py:3954} INFO - Setting next_dagrun for example_subdag_operator.section-2 to None, run_after=None
[2025-07-18T09:30:07.530+0700] {processor.py:183} INFO - Processing /home/menglim/airflow_venv/lib/python3.12/site-packages/airflow/example_dags/example_subdag_operator.py took 0.059 seconds
[2025-07-18T09:30:54.320+0700] {processor.py:161} INFO - Started process (PID=7644) to work on /home/menglim/airflow_venv/lib/python3.12/site-packages/airflow/example_dags/example_subdag_operator.py
[2025-07-18T09:30:54.321+0700] {processor.py:830} INFO - Processing file /home/menglim/airflow_venv/lib/python3.12/site-packages/airflow/example_dags/example_subdag_operator.py for tasks to queue
[2025-07-18T09:30:54.322+0700] {logging_mixin.py:188} INFO - [2025-07-18T09:30:54.322+0700] {dagbag.py:545} INFO - Filling up the DagBag from /home/menglim/airflow_venv/lib/python3.12/site-packages/airflow/example_dags/example_subdag_operator.py
[2025-07-18T09:30:54.333+0700] {processor.py:840} INFO - DAG(s) 'example_subdag_operator.section-1', 'example_subdag_operator.section-2', 'example_subdag_operator' retrieved from /home/menglim/airflow_venv/lib/python3.12/site-packages/airflow/example_dags/example_subdag_operator.py
[2025-07-18T09:30:54.342+0700] {logging_mixin.py:188} INFO - [2025-07-18T09:30:54.341+0700] {dag.py:3096} INFO - Sync 3 DAGs
[2025-07-18T09:30:54.351+0700] {logging_mixin.py:188} INFO - [2025-07-18T09:30:54.351+0700] {dag.py:3954} INFO - Setting next_dagrun for example_subdag_operator to 2022-01-01 00:00:00+00:00, run_after=2022-01-01 00:00:00+00:00
[2025-07-18T09:30:54.353+0700] {logging_mixin.py:188} INFO - [2025-07-18T09:30:54.353+0700] {dag.py:3954} INFO - Setting next_dagrun for example_subdag_operator.section-1 to None, run_after=None
[2025-07-18T09:30:54.353+0700] {logging_mixin.py:188} INFO - [2025-07-18T09:30:54.353+0700] {dag.py:3954} INFO - Setting next_dagrun for example_subdag_operator.section-2 to None, run_after=None
[2025-07-18T09:30:54.356+0700] {logging_mixin.py:188} INFO - [2025-07-18T09:30:54.356+0700] {dag.py:3096} INFO - Sync 2 DAGs
[2025-07-18T09:30:54.358+0700] {logging_mixin.py:188} INFO - [2025-07-18T09:30:54.358+0700] {dag.py:3954} INFO - Setting next_dagrun for example_subdag_operator.section-1 to None, run_after=None
[2025-07-18T09:30:54.359+0700] {logging_mixin.py:188} INFO - [2025-07-18T09:30:54.358+0700] {dag.py:3954} INFO - Setting next_dagrun for example_subdag_operator.section-2 to None, run_after=None
[2025-07-18T09:30:54.376+0700] {processor.py:183} INFO - Processing /home/menglim/airflow_venv/lib/python3.12/site-packages/airflow/example_dags/example_subdag_operator.py took 0.059 seconds
[2025-07-18T09:31:41.883+0700] {processor.py:161} INFO - Started process (PID=7720) to work on /home/menglim/airflow_venv/lib/python3.12/site-packages/airflow/example_dags/example_subdag_operator.py
[2025-07-18T09:31:41.886+0700] {processor.py:830} INFO - Processing file /home/menglim/airflow_venv/lib/python3.12/site-packages/airflow/example_dags/example_subdag_operator.py for tasks to queue
[2025-07-18T09:31:41.886+0700] {logging_mixin.py:188} INFO - [2025-07-18T09:31:41.886+0700] {dagbag.py:545} INFO - Filling up the DagBag from /home/menglim/airflow_venv/lib/python3.12/site-packages/airflow/example_dags/example_subdag_operator.py
[2025-07-18T09:31:41.898+0700] {processor.py:840} INFO - DAG(s) 'example_subdag_operator.section-1', 'example_subdag_operator.section-2', 'example_subdag_operator' retrieved from /home/menglim/airflow_venv/lib/python3.12/site-packages/airflow/example_dags/example_subdag_operator.py
[2025-07-18T09:31:41.905+0700] {logging_mixin.py:188} INFO - [2025-07-18T09:31:41.905+0700] {dag.py:3096} INFO - Sync 3 DAGs
[2025-07-18T09:31:41.915+0700] {logging_mixin.py:188} INFO - [2025-07-18T09:31:41.914+0700] {dag.py:3954} INFO - Setting next_dagrun for example_subdag_operator to 2022-01-01 00:00:00+00:00, run_after=2022-01-01 00:00:00+00:00
[2025-07-18T09:31:41.916+0700] {logging_mixin.py:188} INFO - [2025-07-18T09:31:41.916+0700] {dag.py:3954} INFO - Setting next_dagrun for example_subdag_operator.section-1 to None, run_after=None
[2025-07-18T09:31:41.917+0700] {logging_mixin.py:188} INFO - [2025-07-18T09:31:41.916+0700] {dag.py:3954} INFO - Setting next_dagrun for example_subdag_operator.section-2 to None, run_after=None
[2025-07-18T09:31:41.919+0700] {logging_mixin.py:188} INFO - [2025-07-18T09:31:41.919+0700] {dag.py:3096} INFO - Sync 2 DAGs
[2025-07-18T09:31:41.921+0700] {logging_mixin.py:188} INFO - [2025-07-18T09:31:41.921+0700] {dag.py:3954} INFO - Setting next_dagrun for example_subdag_operator.section-1 to None, run_after=None
[2025-07-18T09:31:41.921+0700] {logging_mixin.py:188} INFO - [2025-07-18T09:31:41.921+0700] {dag.py:3954} INFO - Setting next_dagrun for example_subdag_operator.section-2 to None, run_after=None
[2025-07-18T09:31:41.938+0700] {processor.py:183} INFO - Processing /home/menglim/airflow_venv/lib/python3.12/site-packages/airflow/example_dags/example_subdag_operator.py took 0.058 seconds
[2025-07-18T09:32:36.953+0700] {processor.py:161} INFO - Started process (PID=7803) to work on /home/menglim/airflow_venv/lib/python3.12/site-packages/airflow/example_dags/example_subdag_operator.py
[2025-07-18T09:32:36.954+0700] {processor.py:830} INFO - Processing file /home/menglim/airflow_venv/lib/python3.12/site-packages/airflow/example_dags/example_subdag_operator.py for tasks to queue
[2025-07-18T09:32:36.955+0700] {logging_mixin.py:188} INFO - [2025-07-18T09:32:36.955+0700] {dagbag.py:545} INFO - Filling up the DagBag from /home/menglim/airflow_venv/lib/python3.12/site-packages/airflow/example_dags/example_subdag_operator.py
[2025-07-18T09:32:36.967+0700] {processor.py:840} INFO - DAG(s) 'example_subdag_operator.section-1', 'example_subdag_operator.section-2', 'example_subdag_operator' retrieved from /home/menglim/airflow_venv/lib/python3.12/site-packages/airflow/example_dags/example_subdag_operator.py
[2025-07-18T09:32:36.975+0700] {logging_mixin.py:188} INFO - [2025-07-18T09:32:36.975+0700] {dag.py:3096} INFO - Sync 3 DAGs
[2025-07-18T09:32:36.985+0700] {logging_mixin.py:188} INFO - [2025-07-18T09:32:36.984+0700] {dag.py:3954} INFO - Setting next_dagrun for example_subdag_operator to 2022-01-01 00:00:00+00:00, run_after=2022-01-01 00:00:00+00:00
[2025-07-18T09:32:36.986+0700] {logging_mixin.py:188} INFO - [2025-07-18T09:32:36.986+0700] {dag.py:3954} INFO - Setting next_dagrun for example_subdag_operator.section-1 to None, run_after=None
[2025-07-18T09:32:36.987+0700] {logging_mixin.py:188} INFO - [2025-07-18T09:32:36.986+0700] {dag.py:3954} INFO - Setting next_dagrun for example_subdag_operator.section-2 to None, run_after=None
[2025-07-18T09:32:36.989+0700] {logging_mixin.py:188} INFO - [2025-07-18T09:32:36.989+0700] {dag.py:3096} INFO - Sync 2 DAGs
[2025-07-18T09:32:36.991+0700] {logging_mixin.py:188} INFO - [2025-07-18T09:32:36.991+0700] {dag.py:3954} INFO - Setting next_dagrun for example_subdag_operator.section-1 to None, run_after=None
[2025-07-18T09:32:36.991+0700] {logging_mixin.py:188} INFO - [2025-07-18T09:32:36.991+0700] {dag.py:3954} INFO - Setting next_dagrun for example_subdag_operator.section-2 to None, run_after=None
[2025-07-18T09:32:37.006+0700] {processor.py:183} INFO - Processing /home/menglim/airflow_venv/lib/python3.12/site-packages/airflow/example_dags/example_subdag_operator.py took 0.056 seconds
[2025-07-18T09:33:24.927+0700] {processor.py:161} INFO - Started process (PID=7882) to work on /home/menglim/airflow_venv/lib/python3.12/site-packages/airflow/example_dags/example_subdag_operator.py
[2025-07-18T09:33:24.929+0700] {processor.py:830} INFO - Processing file /home/menglim/airflow_venv/lib/python3.12/site-packages/airflow/example_dags/example_subdag_operator.py for tasks to queue
[2025-07-18T09:33:24.930+0700] {logging_mixin.py:188} INFO - [2025-07-18T09:33:24.930+0700] {dagbag.py:545} INFO - Filling up the DagBag from /home/menglim/airflow_venv/lib/python3.12/site-packages/airflow/example_dags/example_subdag_operator.py
[2025-07-18T09:33:24.943+0700] {processor.py:840} INFO - DAG(s) 'example_subdag_operator.section-1', 'example_subdag_operator.section-2', 'example_subdag_operator' retrieved from /home/menglim/airflow_venv/lib/python3.12/site-packages/airflow/example_dags/example_subdag_operator.py
[2025-07-18T09:33:24.953+0700] {logging_mixin.py:188} INFO - [2025-07-18T09:33:24.953+0700] {dag.py:3096} INFO - Sync 3 DAGs
[2025-07-18T09:33:24.964+0700] {logging_mixin.py:188} INFO - [2025-07-18T09:33:24.964+0700] {dag.py:3954} INFO - Setting next_dagrun for example_subdag_operator to 2022-01-01 00:00:00+00:00, run_after=2022-01-01 00:00:00+00:00
[2025-07-18T09:33:24.965+0700] {logging_mixin.py:188} INFO - [2025-07-18T09:33:24.965+0700] {dag.py:3954} INFO - Setting next_dagrun for example_subdag_operator.section-1 to None, run_after=None
[2025-07-18T09:33:24.966+0700] {logging_mixin.py:188} INFO - [2025-07-18T09:33:24.966+0700] {dag.py:3954} INFO - Setting next_dagrun for example_subdag_operator.section-2 to None, run_after=None
[2025-07-18T09:33:24.969+0700] {logging_mixin.py:188} INFO - [2025-07-18T09:33:24.969+0700] {dag.py:3096} INFO - Sync 2 DAGs
[2025-07-18T09:33:24.970+0700] {logging_mixin.py:188} INFO - [2025-07-18T09:33:24.970+0700] {dag.py:3954} INFO - Setting next_dagrun for example_subdag_operator.section-1 to None, run_after=None
[2025-07-18T09:33:24.971+0700] {logging_mixin.py:188} INFO - [2025-07-18T09:33:24.971+0700] {dag.py:3954} INFO - Setting next_dagrun for example_subdag_operator.section-2 to None, run_after=None
[2025-07-18T09:33:24.987+0700] {processor.py:183} INFO - Processing /home/menglim/airflow_venv/lib/python3.12/site-packages/airflow/example_dags/example_subdag_operator.py took 0.064 seconds
[2025-07-18T09:34:18.349+0700] {processor.py:161} INFO - Started process (PID=8029) to work on /home/menglim/airflow_venv/lib/python3.12/site-packages/airflow/example_dags/example_subdag_operator.py
[2025-07-18T09:34:18.351+0700] {processor.py:830} INFO - Processing file /home/menglim/airflow_venv/lib/python3.12/site-packages/airflow/example_dags/example_subdag_operator.py for tasks to queue
[2025-07-18T09:34:18.352+0700] {logging_mixin.py:188} INFO - [2025-07-18T09:34:18.352+0700] {dagbag.py:545} INFO - Filling up the DagBag from /home/menglim/airflow_venv/lib/python3.12/site-packages/airflow/example_dags/example_subdag_operator.py
[2025-07-18T09:34:18.363+0700] {processor.py:840} INFO - DAG(s) 'example_subdag_operator.section-1', 'example_subdag_operator.section-2', 'example_subdag_operator' retrieved from /home/menglim/airflow_venv/lib/python3.12/site-packages/airflow/example_dags/example_subdag_operator.py
[2025-07-18T09:34:18.371+0700] {logging_mixin.py:188} INFO - [2025-07-18T09:34:18.371+0700] {dag.py:3096} INFO - Sync 3 DAGs
[2025-07-18T09:34:18.380+0700] {logging_mixin.py:188} INFO - [2025-07-18T09:34:18.380+0700] {dag.py:3954} INFO - Setting next_dagrun for example_subdag_operator to 2022-01-01 00:00:00+00:00, run_after=2022-01-01 00:00:00+00:00
[2025-07-18T09:34:18.382+0700] {logging_mixin.py:188} INFO - [2025-07-18T09:34:18.382+0700] {dag.py:3954} INFO - Setting next_dagrun for example_subdag_operator.section-1 to None, run_after=None
[2025-07-18T09:34:18.382+0700] {logging_mixin.py:188} INFO - [2025-07-18T09:34:18.382+0700] {dag.py:3954} INFO - Setting next_dagrun for example_subdag_operator.section-2 to None, run_after=None
[2025-07-18T09:34:18.385+0700] {logging_mixin.py:188} INFO - [2025-07-18T09:34:18.385+0700] {dag.py:3096} INFO - Sync 2 DAGs
[2025-07-18T09:34:18.387+0700] {logging_mixin.py:188} INFO - [2025-07-18T09:34:18.387+0700] {dag.py:3954} INFO - Setting next_dagrun for example_subdag_operator.section-1 to None, run_after=None
[2025-07-18T09:34:18.387+0700] {logging_mixin.py:188} INFO - [2025-07-18T09:34:18.387+0700] {dag.py:3954} INFO - Setting next_dagrun for example_subdag_operator.section-2 to None, run_after=None
[2025-07-18T09:34:18.405+0700] {processor.py:183} INFO - Processing /home/menglim/airflow_venv/lib/python3.12/site-packages/airflow/example_dags/example_subdag_operator.py took 0.060 seconds
[2025-07-18T09:35:07.738+0700] {processor.py:161} INFO - Started process (PID=8117) to work on /home/menglim/airflow_venv/lib/python3.12/site-packages/airflow/example_dags/example_subdag_operator.py
[2025-07-18T09:35:07.739+0700] {processor.py:830} INFO - Processing file /home/menglim/airflow_venv/lib/python3.12/site-packages/airflow/example_dags/example_subdag_operator.py for tasks to queue
[2025-07-18T09:35:07.739+0700] {logging_mixin.py:188} INFO - [2025-07-18T09:35:07.739+0700] {dagbag.py:545} INFO - Filling up the DagBag from /home/menglim/airflow_venv/lib/python3.12/site-packages/airflow/example_dags/example_subdag_operator.py
[2025-07-18T09:35:07.766+0700] {processor.py:840} INFO - DAG(s) 'example_subdag_operator.section-1', 'example_subdag_operator.section-2', 'example_subdag_operator' retrieved from /home/menglim/airflow_venv/lib/python3.12/site-packages/airflow/example_dags/example_subdag_operator.py
[2025-07-18T09:35:07.780+0700] {logging_mixin.py:188} INFO - [2025-07-18T09:35:07.780+0700] {dag.py:3096} INFO - Sync 3 DAGs
[2025-07-18T09:35:07.803+0700] {logging_mixin.py:188} INFO - [2025-07-18T09:35:07.802+0700] {dag.py:3954} INFO - Setting next_dagrun for example_subdag_operator to 2022-01-01 00:00:00+00:00, run_after=2022-01-01 00:00:00+00:00
[2025-07-18T09:35:07.805+0700] {logging_mixin.py:188} INFO - [2025-07-18T09:35:07.805+0700] {dag.py:3954} INFO - Setting next_dagrun for example_subdag_operator.section-1 to None, run_after=None
[2025-07-18T09:35:07.806+0700] {logging_mixin.py:188} INFO - [2025-07-18T09:35:07.806+0700] {dag.py:3954} INFO - Setting next_dagrun for example_subdag_operator.section-2 to None, run_after=None
[2025-07-18T09:35:07.814+0700] {logging_mixin.py:188} INFO - [2025-07-18T09:35:07.813+0700] {dag.py:3096} INFO - Sync 2 DAGs
[2025-07-18T09:35:07.821+0700] {logging_mixin.py:188} INFO - [2025-07-18T09:35:07.820+0700] {dag.py:3954} INFO - Setting next_dagrun for example_subdag_operator.section-1 to None, run_after=None
[2025-07-18T09:35:07.821+0700] {logging_mixin.py:188} INFO - [2025-07-18T09:35:07.821+0700] {dag.py:3954} INFO - Setting next_dagrun for example_subdag_operator.section-2 to None, run_after=None
[2025-07-18T09:35:07.848+0700] {processor.py:183} INFO - Processing /home/menglim/airflow_venv/lib/python3.12/site-packages/airflow/example_dags/example_subdag_operator.py took 0.114 seconds
[2025-07-18T09:36:02.296+0700] {processor.py:161} INFO - Started process (PID=8208) to work on /home/menglim/airflow_venv/lib/python3.12/site-packages/airflow/example_dags/example_subdag_operator.py
[2025-07-18T09:36:02.298+0700] {processor.py:830} INFO - Processing file /home/menglim/airflow_venv/lib/python3.12/site-packages/airflow/example_dags/example_subdag_operator.py for tasks to queue
[2025-07-18T09:36:02.299+0700] {logging_mixin.py:188} INFO - [2025-07-18T09:36:02.298+0700] {dagbag.py:545} INFO - Filling up the DagBag from /home/menglim/airflow_venv/lib/python3.12/site-packages/airflow/example_dags/example_subdag_operator.py
[2025-07-18T09:36:02.311+0700] {processor.py:840} INFO - DAG(s) 'example_subdag_operator.section-1', 'example_subdag_operator.section-2', 'example_subdag_operator' retrieved from /home/menglim/airflow_venv/lib/python3.12/site-packages/airflow/example_dags/example_subdag_operator.py
[2025-07-18T09:36:02.320+0700] {logging_mixin.py:188} INFO - [2025-07-18T09:36:02.319+0700] {dag.py:3096} INFO - Sync 3 DAGs
[2025-07-18T09:36:02.331+0700] {logging_mixin.py:188} INFO - [2025-07-18T09:36:02.331+0700] {dag.py:3954} INFO - Setting next_dagrun for example_subdag_operator to 2022-01-01 00:00:00+00:00, run_after=2022-01-01 00:00:00+00:00
[2025-07-18T09:36:02.333+0700] {logging_mixin.py:188} INFO - [2025-07-18T09:36:02.333+0700] {dag.py:3954} INFO - Setting next_dagrun for example_subdag_operator.section-1 to None, run_after=None
[2025-07-18T09:36:02.333+0700] {logging_mixin.py:188} INFO - [2025-07-18T09:36:02.333+0700] {dag.py:3954} INFO - Setting next_dagrun for example_subdag_operator.section-2 to None, run_after=None
[2025-07-18T09:36:02.337+0700] {logging_mixin.py:188} INFO - [2025-07-18T09:36:02.337+0700] {dag.py:3096} INFO - Sync 2 DAGs
[2025-07-18T09:36:02.339+0700] {logging_mixin.py:188} INFO - [2025-07-18T09:36:02.339+0700] {dag.py:3954} INFO - Setting next_dagrun for example_subdag_operator.section-1 to None, run_after=None
[2025-07-18T09:36:02.340+0700] {logging_mixin.py:188} INFO - [2025-07-18T09:36:02.339+0700] {dag.py:3954} INFO - Setting next_dagrun for example_subdag_operator.section-2 to None, run_after=None
[2025-07-18T09:36:02.354+0700] {processor.py:183} INFO - Processing /home/menglim/airflow_venv/lib/python3.12/site-packages/airflow/example_dags/example_subdag_operator.py took 0.062 seconds
[2025-07-18T09:36:58.788+0700] {processor.py:161} INFO - Started process (PID=8297) to work on /home/menglim/airflow_venv/lib/python3.12/site-packages/airflow/example_dags/example_subdag_operator.py
[2025-07-18T09:36:58.792+0700] {processor.py:830} INFO - Processing file /home/menglim/airflow_venv/lib/python3.12/site-packages/airflow/example_dags/example_subdag_operator.py for tasks to queue
[2025-07-18T09:36:58.794+0700] {logging_mixin.py:188} INFO - [2025-07-18T09:36:58.794+0700] {dagbag.py:545} INFO - Filling up the DagBag from /home/menglim/airflow_venv/lib/python3.12/site-packages/airflow/example_dags/example_subdag_operator.py
[2025-07-18T09:36:58.846+0700] {processor.py:840} INFO - DAG(s) 'example_subdag_operator.section-1', 'example_subdag_operator.section-2', 'example_subdag_operator' retrieved from /home/menglim/airflow_venv/lib/python3.12/site-packages/airflow/example_dags/example_subdag_operator.py
[2025-07-18T09:36:58.883+0700] {logging_mixin.py:188} INFO - [2025-07-18T09:36:58.882+0700] {dag.py:3096} INFO - Sync 3 DAGs
[2025-07-18T09:36:58.938+0700] {logging_mixin.py:188} INFO - [2025-07-18T09:36:58.937+0700] {dag.py:3954} INFO - Setting next_dagrun for example_subdag_operator to 2022-01-01 00:00:00+00:00, run_after=2022-01-01 00:00:00+00:00
[2025-07-18T09:36:58.947+0700] {logging_mixin.py:188} INFO - [2025-07-18T09:36:58.946+0700] {dag.py:3954} INFO - Setting next_dagrun for example_subdag_operator.section-1 to None, run_after=None
[2025-07-18T09:36:58.951+0700] {logging_mixin.py:188} INFO - [2025-07-18T09:36:58.949+0700] {dag.py:3954} INFO - Setting next_dagrun for example_subdag_operator.section-2 to None, run_after=None
[2025-07-18T09:36:58.971+0700] {logging_mixin.py:188} INFO - [2025-07-18T09:36:58.970+0700] {dag.py:3096} INFO - Sync 2 DAGs
[2025-07-18T09:36:58.986+0700] {logging_mixin.py:188} INFO - [2025-07-18T09:36:58.985+0700] {dag.py:3954} INFO - Setting next_dagrun for example_subdag_operator.section-1 to None, run_after=None
[2025-07-18T09:36:58.987+0700] {logging_mixin.py:188} INFO - [2025-07-18T09:36:58.987+0700] {dag.py:3954} INFO - Setting next_dagrun for example_subdag_operator.section-2 to None, run_after=None
[2025-07-18T09:36:59.043+0700] {processor.py:183} INFO - Processing /home/menglim/airflow_venv/lib/python3.12/site-packages/airflow/example_dags/example_subdag_operator.py took 0.269 seconds
