[2025-07-18T09:00:30.902+0700] {processor.py:161} INFO - Started process (PID=3269) to work on /home/menglim/airflow_venv/lib/python3.12/site-packages/airflow/example_dags/example_branch_python_dop_operator_3.py
[2025-07-18T09:00:30.902+0700] {processor.py:830} INFO - Processing file /home/menglim/airflow_venv/lib/python3.12/site-packages/airflow/example_dags/example_branch_python_dop_operator_3.py for tasks to queue
[2025-07-18T09:00:30.903+0700] {logging_mixin.py:188} INFO - [2025-07-18T09:00:30.903+0700] {dagbag.py:545} INFO - Filling up the DagBag from /home/menglim/airflow_venv/lib/python3.12/site-packages/airflow/example_dags/example_branch_python_dop_operator_3.py
[2025-07-18T09:00:30.908+0700] {processor.py:840} INFO - DAG(s) 'example_branch_dop_operator_v3' retrieved from /home/menglim/airflow_venv/lib/python3.12/site-packages/airflow/example_dags/example_branch_python_dop_operator_3.py
[2025-07-18T09:00:30.956+0700] {logging_mixin.py:188} INFO - [2025-07-18T09:00:30.955+0700] {dag.py:3096} INFO - Sync 1 DAGs
[2025-07-18T09:00:30.966+0700] {logging_mixin.py:188} INFO - [2025-07-18T09:00:30.965+0700] {dag.py:3954} INFO - Setting next_dagrun for example_branch_dop_operator_v3 to 2025-07-18 01:59:00+00:00, run_after=2025-07-18 02:00:00+00:00
[2025-07-18T09:00:30.994+0700] {processor.py:183} INFO - Processing /home/menglim/airflow_venv/lib/python3.12/site-packages/airflow/example_dags/example_branch_python_dop_operator_3.py took 0.095 seconds
[2025-07-18T09:01:27.058+0700] {processor.py:161} INFO - Started process (PID=3351) to work on /home/menglim/airflow_venv/lib/python3.12/site-packages/airflow/example_dags/example_branch_python_dop_operator_3.py
[2025-07-18T09:01:27.060+0700] {processor.py:830} INFO - Processing file /home/menglim/airflow_venv/lib/python3.12/site-packages/airflow/example_dags/example_branch_python_dop_operator_3.py for tasks to queue
[2025-07-18T09:01:27.061+0700] {logging_mixin.py:188} INFO - [2025-07-18T09:01:27.061+0700] {dagbag.py:545} INFO - Filling up the DagBag from /home/menglim/airflow_venv/lib/python3.12/site-packages/airflow/example_dags/example_branch_python_dop_operator_3.py
[2025-07-18T09:01:27.067+0700] {processor.py:840} INFO - DAG(s) 'example_branch_dop_operator_v3' retrieved from /home/menglim/airflow_venv/lib/python3.12/site-packages/airflow/example_dags/example_branch_python_dop_operator_3.py
[2025-07-18T09:01:27.077+0700] {logging_mixin.py:188} INFO - [2025-07-18T09:01:27.076+0700] {dag.py:3096} INFO - Sync 1 DAGs
[2025-07-18T09:01:27.089+0700] {logging_mixin.py:188} INFO - [2025-07-18T09:01:27.089+0700] {dag.py:3954} INFO - Setting next_dagrun for example_branch_dop_operator_v3 to 2025-07-18 02:00:00+00:00, run_after=2025-07-18 02:01:00+00:00
[2025-07-18T09:01:27.113+0700] {processor.py:183} INFO - Processing /home/menglim/airflow_venv/lib/python3.12/site-packages/airflow/example_dags/example_branch_python_dop_operator_3.py took 0.059 seconds
[2025-07-18T09:02:28.273+0700] {processor.py:161} INFO - Started process (PID=3497) to work on /home/menglim/airflow_venv/lib/python3.12/site-packages/airflow/example_dags/example_branch_python_dop_operator_3.py
[2025-07-18T09:02:28.276+0700] {processor.py:830} INFO - Processing file /home/menglim/airflow_venv/lib/python3.12/site-packages/airflow/example_dags/example_branch_python_dop_operator_3.py for tasks to queue
[2025-07-18T09:02:28.277+0700] {logging_mixin.py:188} INFO - [2025-07-18T09:02:28.277+0700] {dagbag.py:545} INFO - Filling up the DagBag from /home/menglim/airflow_venv/lib/python3.12/site-packages/airflow/example_dags/example_branch_python_dop_operator_3.py
[2025-07-18T09:02:28.283+0700] {processor.py:840} INFO - DAG(s) 'example_branch_dop_operator_v3' retrieved from /home/menglim/airflow_venv/lib/python3.12/site-packages/airflow/example_dags/example_branch_python_dop_operator_3.py
[2025-07-18T09:02:28.293+0700] {logging_mixin.py:188} INFO - [2025-07-18T09:02:28.293+0700] {dag.py:3096} INFO - Sync 1 DAGs
[2025-07-18T09:02:28.306+0700] {logging_mixin.py:188} INFO - [2025-07-18T09:02:28.306+0700] {dag.py:3954} INFO - Setting next_dagrun for example_branch_dop_operator_v3 to 2025-07-18 02:01:00+00:00, run_after=2025-07-18 02:02:00+00:00
[2025-07-18T09:02:28.327+0700] {processor.py:183} INFO - Processing /home/menglim/airflow_venv/lib/python3.12/site-packages/airflow/example_dags/example_branch_python_dop_operator_3.py took 0.057 seconds
[2025-07-18T09:03:24.578+0700] {processor.py:161} INFO - Started process (PID=3635) to work on /home/menglim/airflow_venv/lib/python3.12/site-packages/airflow/example_dags/example_branch_python_dop_operator_3.py
[2025-07-18T09:03:24.579+0700] {processor.py:830} INFO - Processing file /home/menglim/airflow_venv/lib/python3.12/site-packages/airflow/example_dags/example_branch_python_dop_operator_3.py for tasks to queue
[2025-07-18T09:03:24.580+0700] {logging_mixin.py:188} INFO - [2025-07-18T09:03:24.580+0700] {dagbag.py:545} INFO - Filling up the DagBag from /home/menglim/airflow_venv/lib/python3.12/site-packages/airflow/example_dags/example_branch_python_dop_operator_3.py
[2025-07-18T09:03:24.586+0700] {processor.py:840} INFO - DAG(s) 'example_branch_dop_operator_v3' retrieved from /home/menglim/airflow_venv/lib/python3.12/site-packages/airflow/example_dags/example_branch_python_dop_operator_3.py
[2025-07-18T09:03:24.600+0700] {logging_mixin.py:188} INFO - [2025-07-18T09:03:24.599+0700] {dag.py:3096} INFO - Sync 1 DAGs
[2025-07-18T09:03:24.614+0700] {logging_mixin.py:188} INFO - [2025-07-18T09:03:24.614+0700] {dag.py:3954} INFO - Setting next_dagrun for example_branch_dop_operator_v3 to 2025-07-18 02:02:00+00:00, run_after=2025-07-18 02:03:00+00:00
[2025-07-18T09:03:24.637+0700] {processor.py:183} INFO - Processing /home/menglim/airflow_venv/lib/python3.12/site-packages/airflow/example_dags/example_branch_python_dop_operator_3.py took 0.064 seconds
[2025-07-18T09:04:18.306+0700] {processor.py:161} INFO - Started process (PID=3731) to work on /home/menglim/airflow_venv/lib/python3.12/site-packages/airflow/example_dags/example_branch_python_dop_operator_3.py
[2025-07-18T09:04:18.309+0700] {processor.py:830} INFO - Processing file /home/menglim/airflow_venv/lib/python3.12/site-packages/airflow/example_dags/example_branch_python_dop_operator_3.py for tasks to queue
[2025-07-18T09:04:18.310+0700] {logging_mixin.py:188} INFO - [2025-07-18T09:04:18.310+0700] {dagbag.py:545} INFO - Filling up the DagBag from /home/menglim/airflow_venv/lib/python3.12/site-packages/airflow/example_dags/example_branch_python_dop_operator_3.py
[2025-07-18T09:04:18.315+0700] {processor.py:840} INFO - DAG(s) 'example_branch_dop_operator_v3' retrieved from /home/menglim/airflow_venv/lib/python3.12/site-packages/airflow/example_dags/example_branch_python_dop_operator_3.py
[2025-07-18T09:04:18.324+0700] {logging_mixin.py:188} INFO - [2025-07-18T09:04:18.324+0700] {dag.py:3096} INFO - Sync 1 DAGs
[2025-07-18T09:04:18.336+0700] {logging_mixin.py:188} INFO - [2025-07-18T09:04:18.336+0700] {dag.py:3954} INFO - Setting next_dagrun for example_branch_dop_operator_v3 to 2025-07-18 02:03:00+00:00, run_after=2025-07-18 02:04:00+00:00
[2025-07-18T09:04:18.356+0700] {processor.py:183} INFO - Processing /home/menglim/airflow_venv/lib/python3.12/site-packages/airflow/example_dags/example_branch_python_dop_operator_3.py took 0.053 seconds
[2025-07-18T09:05:12.693+0700] {processor.py:161} INFO - Started process (PID=3855) to work on /home/menglim/airflow_venv/lib/python3.12/site-packages/airflow/example_dags/example_branch_python_dop_operator_3.py
[2025-07-18T09:05:12.696+0700] {processor.py:830} INFO - Processing file /home/menglim/airflow_venv/lib/python3.12/site-packages/airflow/example_dags/example_branch_python_dop_operator_3.py for tasks to queue
[2025-07-18T09:05:12.697+0700] {logging_mixin.py:188} INFO - [2025-07-18T09:05:12.697+0700] {dagbag.py:545} INFO - Filling up the DagBag from /home/menglim/airflow_venv/lib/python3.12/site-packages/airflow/example_dags/example_branch_python_dop_operator_3.py
[2025-07-18T09:05:12.702+0700] {processor.py:840} INFO - DAG(s) 'example_branch_dop_operator_v3' retrieved from /home/menglim/airflow_venv/lib/python3.12/site-packages/airflow/example_dags/example_branch_python_dop_operator_3.py
[2025-07-18T09:05:12.710+0700] {logging_mixin.py:188} INFO - [2025-07-18T09:05:12.710+0700] {dag.py:3096} INFO - Sync 1 DAGs
[2025-07-18T09:05:12.722+0700] {logging_mixin.py:188} INFO - [2025-07-18T09:05:12.722+0700] {dag.py:3954} INFO - Setting next_dagrun for example_branch_dop_operator_v3 to 2025-07-18 02:04:00+00:00, run_after=2025-07-18 02:05:00+00:00
[2025-07-18T09:05:12.744+0700] {processor.py:183} INFO - Processing /home/menglim/airflow_venv/lib/python3.12/site-packages/airflow/example_dags/example_branch_python_dop_operator_3.py took 0.055 seconds
[2025-07-18T09:06:11.268+0700] {processor.py:161} INFO - Started process (PID=3931) to work on /home/menglim/airflow_venv/lib/python3.12/site-packages/airflow/example_dags/example_branch_python_dop_operator_3.py
[2025-07-18T09:06:11.272+0700] {processor.py:830} INFO - Processing file /home/menglim/airflow_venv/lib/python3.12/site-packages/airflow/example_dags/example_branch_python_dop_operator_3.py for tasks to queue
[2025-07-18T09:06:11.272+0700] {logging_mixin.py:188} INFO - [2025-07-18T09:06:11.272+0700] {dagbag.py:545} INFO - Filling up the DagBag from /home/menglim/airflow_venv/lib/python3.12/site-packages/airflow/example_dags/example_branch_python_dop_operator_3.py
[2025-07-18T09:06:11.279+0700] {processor.py:840} INFO - DAG(s) 'example_branch_dop_operator_v3' retrieved from /home/menglim/airflow_venv/lib/python3.12/site-packages/airflow/example_dags/example_branch_python_dop_operator_3.py
[2025-07-18T09:06:11.292+0700] {logging_mixin.py:188} INFO - [2025-07-18T09:06:11.292+0700] {dag.py:3096} INFO - Sync 1 DAGs
[2025-07-18T09:06:11.309+0700] {logging_mixin.py:188} INFO - [2025-07-18T09:06:11.309+0700] {dag.py:3954} INFO - Setting next_dagrun for example_branch_dop_operator_v3 to 2025-07-18 02:05:00+00:00, run_after=2025-07-18 02:06:00+00:00
[2025-07-18T09:06:11.370+0700] {processor.py:183} INFO - Processing /home/menglim/airflow_venv/lib/python3.12/site-packages/airflow/example_dags/example_branch_python_dop_operator_3.py took 0.105 seconds
[2025-07-18T09:07:05.708+0700] {processor.py:161} INFO - Started process (PID=4046) to work on /home/menglim/airflow_venv/lib/python3.12/site-packages/airflow/example_dags/example_branch_python_dop_operator_3.py
[2025-07-18T09:07:05.711+0700] {processor.py:830} INFO - Processing file /home/menglim/airflow_venv/lib/python3.12/site-packages/airflow/example_dags/example_branch_python_dop_operator_3.py for tasks to queue
[2025-07-18T09:07:05.711+0700] {logging_mixin.py:188} INFO - [2025-07-18T09:07:05.711+0700] {dagbag.py:545} INFO - Filling up the DagBag from /home/menglim/airflow_venv/lib/python3.12/site-packages/airflow/example_dags/example_branch_python_dop_operator_3.py
[2025-07-18T09:07:05.716+0700] {processor.py:840} INFO - DAG(s) 'example_branch_dop_operator_v3' retrieved from /home/menglim/airflow_venv/lib/python3.12/site-packages/airflow/example_dags/example_branch_python_dop_operator_3.py
[2025-07-18T09:07:05.725+0700] {logging_mixin.py:188} INFO - [2025-07-18T09:07:05.725+0700] {dag.py:3096} INFO - Sync 1 DAGs
[2025-07-18T09:07:05.741+0700] {logging_mixin.py:188} INFO - [2025-07-18T09:07:05.740+0700] {dag.py:3954} INFO - Setting next_dagrun for example_branch_dop_operator_v3 to 2025-07-18 02:06:00+00:00, run_after=2025-07-18 02:07:00+00:00
[2025-07-18T09:07:05.762+0700] {processor.py:183} INFO - Processing /home/menglim/airflow_venv/lib/python3.12/site-packages/airflow/example_dags/example_branch_python_dop_operator_3.py took 0.057 seconds
[2025-07-18T09:08:06.947+0700] {processor.py:161} INFO - Started process (PID=4156) to work on /home/menglim/airflow_venv/lib/python3.12/site-packages/airflow/example_dags/example_branch_python_dop_operator_3.py
[2025-07-18T09:08:06.953+0700] {processor.py:830} INFO - Processing file /home/menglim/airflow_venv/lib/python3.12/site-packages/airflow/example_dags/example_branch_python_dop_operator_3.py for tasks to queue
[2025-07-18T09:08:06.955+0700] {logging_mixin.py:188} INFO - [2025-07-18T09:08:06.953+0700] {dagbag.py:545} INFO - Filling up the DagBag from /home/menglim/airflow_venv/lib/python3.12/site-packages/airflow/example_dags/example_branch_python_dop_operator_3.py
[2025-07-18T09:08:06.966+0700] {processor.py:840} INFO - DAG(s) 'example_branch_dop_operator_v3' retrieved from /home/menglim/airflow_venv/lib/python3.12/site-packages/airflow/example_dags/example_branch_python_dop_operator_3.py
[2025-07-18T09:08:06.989+0700] {logging_mixin.py:188} INFO - [2025-07-18T09:08:06.989+0700] {dag.py:3096} INFO - Sync 1 DAGs
[2025-07-18T09:08:07.011+0700] {logging_mixin.py:188} INFO - [2025-07-18T09:08:07.010+0700] {dag.py:3954} INFO - Setting next_dagrun for example_branch_dop_operator_v3 to 2025-07-18 02:07:00+00:00, run_after=2025-07-18 02:08:00+00:00
[2025-07-18T09:08:07.049+0700] {processor.py:183} INFO - Processing /home/menglim/airflow_venv/lib/python3.12/site-packages/airflow/example_dags/example_branch_python_dop_operator_3.py took 0.110 seconds
[2025-07-18T09:09:03.434+0700] {processor.py:161} INFO - Started process (PID=4257) to work on /home/menglim/airflow_venv/lib/python3.12/site-packages/airflow/example_dags/example_branch_python_dop_operator_3.py
[2025-07-18T09:09:03.437+0700] {processor.py:830} INFO - Processing file /home/menglim/airflow_venv/lib/python3.12/site-packages/airflow/example_dags/example_branch_python_dop_operator_3.py for tasks to queue
[2025-07-18T09:09:03.438+0700] {logging_mixin.py:188} INFO - [2025-07-18T09:09:03.438+0700] {dagbag.py:545} INFO - Filling up the DagBag from /home/menglim/airflow_venv/lib/python3.12/site-packages/airflow/example_dags/example_branch_python_dop_operator_3.py
[2025-07-18T09:09:03.446+0700] {processor.py:840} INFO - DAG(s) 'example_branch_dop_operator_v3' retrieved from /home/menglim/airflow_venv/lib/python3.12/site-packages/airflow/example_dags/example_branch_python_dop_operator_3.py
[2025-07-18T09:09:03.458+0700] {logging_mixin.py:188} INFO - [2025-07-18T09:09:03.458+0700] {dag.py:3096} INFO - Sync 1 DAGs
[2025-07-18T09:09:03.470+0700] {logging_mixin.py:188} INFO - [2025-07-18T09:09:03.470+0700] {dag.py:3954} INFO - Setting next_dagrun for example_branch_dop_operator_v3 to 2025-07-18 02:08:00+00:00, run_after=2025-07-18 02:09:00+00:00
[2025-07-18T09:09:03.491+0700] {processor.py:183} INFO - Processing /home/menglim/airflow_venv/lib/python3.12/site-packages/airflow/example_dags/example_branch_python_dop_operator_3.py took 0.060 seconds
[2025-07-18T09:09:52.014+0700] {processor.py:161} INFO - Started process (PID=4351) to work on /home/menglim/airflow_venv/lib/python3.12/site-packages/airflow/example_dags/example_branch_python_dop_operator_3.py
[2025-07-18T09:09:52.016+0700] {processor.py:830} INFO - Processing file /home/menglim/airflow_venv/lib/python3.12/site-packages/airflow/example_dags/example_branch_python_dop_operator_3.py for tasks to queue
[2025-07-18T09:09:52.017+0700] {logging_mixin.py:188} INFO - [2025-07-18T09:09:52.017+0700] {dagbag.py:545} INFO - Filling up the DagBag from /home/menglim/airflow_venv/lib/python3.12/site-packages/airflow/example_dags/example_branch_python_dop_operator_3.py
[2025-07-18T09:09:52.022+0700] {processor.py:840} INFO - DAG(s) 'example_branch_dop_operator_v3' retrieved from /home/menglim/airflow_venv/lib/python3.12/site-packages/airflow/example_dags/example_branch_python_dop_operator_3.py
[2025-07-18T09:09:52.031+0700] {logging_mixin.py:188} INFO - [2025-07-18T09:09:52.031+0700] {dag.py:3096} INFO - Sync 1 DAGs
[2025-07-18T09:09:52.043+0700] {logging_mixin.py:188} INFO - [2025-07-18T09:09:52.043+0700] {dag.py:3954} INFO - Setting next_dagrun for example_branch_dop_operator_v3 to 2025-07-18 02:08:00+00:00, run_after=2025-07-18 02:09:00+00:00
[2025-07-18T09:09:52.063+0700] {processor.py:183} INFO - Processing /home/menglim/airflow_venv/lib/python3.12/site-packages/airflow/example_dags/example_branch_python_dop_operator_3.py took 0.052 seconds
[2025-07-18T09:10:45.968+0700] {processor.py:161} INFO - Started process (PID=4440) to work on /home/menglim/airflow_venv/lib/python3.12/site-packages/airflow/example_dags/example_branch_python_dop_operator_3.py
[2025-07-18T09:10:45.971+0700] {processor.py:830} INFO - Processing file /home/menglim/airflow_venv/lib/python3.12/site-packages/airflow/example_dags/example_branch_python_dop_operator_3.py for tasks to queue
[2025-07-18T09:10:45.971+0700] {logging_mixin.py:188} INFO - [2025-07-18T09:10:45.971+0700] {dagbag.py:545} INFO - Filling up the DagBag from /home/menglim/airflow_venv/lib/python3.12/site-packages/airflow/example_dags/example_branch_python_dop_operator_3.py
[2025-07-18T09:10:45.977+0700] {processor.py:840} INFO - DAG(s) 'example_branch_dop_operator_v3' retrieved from /home/menglim/airflow_venv/lib/python3.12/site-packages/airflow/example_dags/example_branch_python_dop_operator_3.py
[2025-07-18T09:10:45.987+0700] {logging_mixin.py:188} INFO - [2025-07-18T09:10:45.986+0700] {dag.py:3096} INFO - Sync 1 DAGs
[2025-07-18T09:10:45.998+0700] {logging_mixin.py:188} INFO - [2025-07-18T09:10:45.998+0700] {dag.py:3954} INFO - Setting next_dagrun for example_branch_dop_operator_v3 to 2025-07-18 02:09:00+00:00, run_after=2025-07-18 02:10:00+00:00
[2025-07-18T09:10:46.020+0700] {processor.py:183} INFO - Processing /home/menglim/airflow_venv/lib/python3.12/site-packages/airflow/example_dags/example_branch_python_dop_operator_3.py took 0.056 seconds
[2025-07-18T09:11:52.457+0700] {processor.py:161} INFO - Started process (PID=4597) to work on /home/menglim/airflow_venv/lib/python3.12/site-packages/airflow/example_dags/example_branch_python_dop_operator_3.py
[2025-07-18T09:11:52.458+0700] {processor.py:830} INFO - Processing file /home/menglim/airflow_venv/lib/python3.12/site-packages/airflow/example_dags/example_branch_python_dop_operator_3.py for tasks to queue
[2025-07-18T09:11:52.459+0700] {logging_mixin.py:188} INFO - [2025-07-18T09:11:52.458+0700] {dagbag.py:545} INFO - Filling up the DagBag from /home/menglim/airflow_venv/lib/python3.12/site-packages/airflow/example_dags/example_branch_python_dop_operator_3.py
[2025-07-18T09:11:52.463+0700] {processor.py:840} INFO - DAG(s) 'example_branch_dop_operator_v3' retrieved from /home/menglim/airflow_venv/lib/python3.12/site-packages/airflow/example_dags/example_branch_python_dop_operator_3.py
[2025-07-18T09:11:52.472+0700] {logging_mixin.py:188} INFO - [2025-07-18T09:11:52.472+0700] {dag.py:3096} INFO - Sync 1 DAGs
[2025-07-18T09:11:52.483+0700] {logging_mixin.py:188} INFO - [2025-07-18T09:11:52.483+0700] {dag.py:3954} INFO - Setting next_dagrun for example_branch_dop_operator_v3 to 2025-07-18 02:10:00+00:00, run_after=2025-07-18 02:11:00+00:00
[2025-07-18T09:11:52.505+0700] {processor.py:183} INFO - Processing /home/menglim/airflow_venv/lib/python3.12/site-packages/airflow/example_dags/example_branch_python_dop_operator_3.py took 0.051 seconds
[2025-07-18T09:12:45.483+0700] {processor.py:161} INFO - Started process (PID=4680) to work on /home/menglim/airflow_venv/lib/python3.12/site-packages/airflow/example_dags/example_branch_python_dop_operator_3.py
[2025-07-18T09:12:45.485+0700] {processor.py:830} INFO - Processing file /home/menglim/airflow_venv/lib/python3.12/site-packages/airflow/example_dags/example_branch_python_dop_operator_3.py for tasks to queue
[2025-07-18T09:12:45.485+0700] {logging_mixin.py:188} INFO - [2025-07-18T09:12:45.485+0700] {dagbag.py:545} INFO - Filling up the DagBag from /home/menglim/airflow_venv/lib/python3.12/site-packages/airflow/example_dags/example_branch_python_dop_operator_3.py
[2025-07-18T09:12:45.491+0700] {processor.py:840} INFO - DAG(s) 'example_branch_dop_operator_v3' retrieved from /home/menglim/airflow_venv/lib/python3.12/site-packages/airflow/example_dags/example_branch_python_dop_operator_3.py
[2025-07-18T09:12:45.500+0700] {logging_mixin.py:188} INFO - [2025-07-18T09:12:45.500+0700] {dag.py:3096} INFO - Sync 1 DAGs
[2025-07-18T09:12:45.512+0700] {logging_mixin.py:188} INFO - [2025-07-18T09:12:45.512+0700] {dag.py:3954} INFO - Setting next_dagrun for example_branch_dop_operator_v3 to 2025-07-18 02:11:00+00:00, run_after=2025-07-18 02:12:00+00:00
[2025-07-18T09:12:45.534+0700] {processor.py:183} INFO - Processing /home/menglim/airflow_venv/lib/python3.12/site-packages/airflow/example_dags/example_branch_python_dop_operator_3.py took 0.055 seconds
[2025-07-18T09:13:44.374+0700] {processor.py:161} INFO - Started process (PID=5250) to work on /home/menglim/airflow_venv/lib/python3.12/site-packages/airflow/example_dags/example_branch_python_dop_operator_3.py
[2025-07-18T09:13:44.376+0700] {processor.py:830} INFO - Processing file /home/menglim/airflow_venv/lib/python3.12/site-packages/airflow/example_dags/example_branch_python_dop_operator_3.py for tasks to queue
[2025-07-18T09:13:44.377+0700] {logging_mixin.py:188} INFO - [2025-07-18T09:13:44.377+0700] {dagbag.py:545} INFO - Filling up the DagBag from /home/menglim/airflow_venv/lib/python3.12/site-packages/airflow/example_dags/example_branch_python_dop_operator_3.py
[2025-07-18T09:13:44.384+0700] {processor.py:840} INFO - DAG(s) 'example_branch_dop_operator_v3' retrieved from /home/menglim/airflow_venv/lib/python3.12/site-packages/airflow/example_dags/example_branch_python_dop_operator_3.py
[2025-07-18T09:13:44.402+0700] {logging_mixin.py:188} INFO - [2025-07-18T09:13:44.402+0700] {dag.py:3096} INFO - Sync 1 DAGs
[2025-07-18T09:13:44.421+0700] {logging_mixin.py:188} INFO - [2025-07-18T09:13:44.421+0700] {dag.py:3954} INFO - Setting next_dagrun for example_branch_dop_operator_v3 to 2025-07-18 02:12:00+00:00, run_after=2025-07-18 02:13:00+00:00
[2025-07-18T09:13:44.448+0700] {processor.py:183} INFO - Processing /home/menglim/airflow_venv/lib/python3.12/site-packages/airflow/example_dags/example_branch_python_dop_operator_3.py took 0.078 seconds
[2025-07-18T09:14:51.411+0700] {processor.py:161} INFO - Started process (PID=5410) to work on /home/menglim/airflow_venv/lib/python3.12/site-packages/airflow/example_dags/example_branch_python_dop_operator_3.py
[2025-07-18T09:14:51.415+0700] {processor.py:830} INFO - Processing file /home/menglim/airflow_venv/lib/python3.12/site-packages/airflow/example_dags/example_branch_python_dop_operator_3.py for tasks to queue
[2025-07-18T09:14:51.416+0700] {logging_mixin.py:188} INFO - [2025-07-18T09:14:51.416+0700] {dagbag.py:545} INFO - Filling up the DagBag from /home/menglim/airflow_venv/lib/python3.12/site-packages/airflow/example_dags/example_branch_python_dop_operator_3.py
[2025-07-18T09:14:51.422+0700] {processor.py:840} INFO - DAG(s) 'example_branch_dop_operator_v3' retrieved from /home/menglim/airflow_venv/lib/python3.12/site-packages/airflow/example_dags/example_branch_python_dop_operator_3.py
[2025-07-18T09:14:51.431+0700] {logging_mixin.py:188} INFO - [2025-07-18T09:14:51.431+0700] {dag.py:3096} INFO - Sync 1 DAGs
[2025-07-18T09:14:51.443+0700] {logging_mixin.py:188} INFO - [2025-07-18T09:14:51.443+0700] {dag.py:3954} INFO - Setting next_dagrun for example_branch_dop_operator_v3 to 2025-07-18 02:13:00+00:00, run_after=2025-07-18 02:14:00+00:00
[2025-07-18T09:14:51.463+0700] {processor.py:183} INFO - Processing /home/menglim/airflow_venv/lib/python3.12/site-packages/airflow/example_dags/example_branch_python_dop_operator_3.py took 0.055 seconds
[2025-07-18T09:15:48.574+0700] {processor.py:161} INFO - Started process (PID=5522) to work on /home/menglim/airflow_venv/lib/python3.12/site-packages/airflow/example_dags/example_branch_python_dop_operator_3.py
[2025-07-18T09:15:48.575+0700] {processor.py:830} INFO - Processing file /home/menglim/airflow_venv/lib/python3.12/site-packages/airflow/example_dags/example_branch_python_dop_operator_3.py for tasks to queue
[2025-07-18T09:15:48.575+0700] {logging_mixin.py:188} INFO - [2025-07-18T09:15:48.575+0700] {dagbag.py:545} INFO - Filling up the DagBag from /home/menglim/airflow_venv/lib/python3.12/site-packages/airflow/example_dags/example_branch_python_dop_operator_3.py
[2025-07-18T09:15:48.583+0700] {processor.py:840} INFO - DAG(s) 'example_branch_dop_operator_v3' retrieved from /home/menglim/airflow_venv/lib/python3.12/site-packages/airflow/example_dags/example_branch_python_dop_operator_3.py
[2025-07-18T09:15:48.596+0700] {logging_mixin.py:188} INFO - [2025-07-18T09:15:48.596+0700] {dag.py:3096} INFO - Sync 1 DAGs
[2025-07-18T09:15:48.612+0700] {logging_mixin.py:188} INFO - [2025-07-18T09:15:48.612+0700] {dag.py:3954} INFO - Setting next_dagrun for example_branch_dop_operator_v3 to 2025-07-18 02:14:00+00:00, run_after=2025-07-18 02:15:00+00:00
[2025-07-18T09:15:48.638+0700] {processor.py:183} INFO - Processing /home/menglim/airflow_venv/lib/python3.12/site-packages/airflow/example_dags/example_branch_python_dop_operator_3.py took 0.070 seconds
[2025-07-18T09:17:21.860+0700] {processor.py:161} INFO - Started process (PID=5814) to work on /home/menglim/airflow_venv/lib/python3.12/site-packages/airflow/example_dags/example_branch_python_dop_operator_3.py
[2025-07-18T09:17:21.862+0700] {processor.py:830} INFO - Processing file /home/menglim/airflow_venv/lib/python3.12/site-packages/airflow/example_dags/example_branch_python_dop_operator_3.py for tasks to queue
[2025-07-18T09:17:21.862+0700] {logging_mixin.py:188} INFO - [2025-07-18T09:17:21.862+0700] {dagbag.py:545} INFO - Filling up the DagBag from /home/menglim/airflow_venv/lib/python3.12/site-packages/airflow/example_dags/example_branch_python_dop_operator_3.py
[2025-07-18T09:17:21.868+0700] {processor.py:840} INFO - DAG(s) 'example_branch_dop_operator_v3' retrieved from /home/menglim/airflow_venv/lib/python3.12/site-packages/airflow/example_dags/example_branch_python_dop_operator_3.py
[2025-07-18T09:17:21.878+0700] {logging_mixin.py:188} INFO - [2025-07-18T09:17:21.878+0700] {dag.py:3096} INFO - Sync 1 DAGs
[2025-07-18T09:17:21.891+0700] {logging_mixin.py:188} INFO - [2025-07-18T09:17:21.890+0700] {dag.py:3954} INFO - Setting next_dagrun for example_branch_dop_operator_v3 to 2025-07-18 02:16:00+00:00, run_after=2025-07-18 02:17:00+00:00
[2025-07-18T09:17:21.916+0700] {processor.py:183} INFO - Processing /home/menglim/airflow_venv/lib/python3.12/site-packages/airflow/example_dags/example_branch_python_dop_operator_3.py took 0.059 seconds
[2025-07-18T09:18:24.100+0700] {processor.py:161} INFO - Started process (PID=5931) to work on /home/menglim/airflow_venv/lib/python3.12/site-packages/airflow/example_dags/example_branch_python_dop_operator_3.py
[2025-07-18T09:18:24.102+0700] {processor.py:830} INFO - Processing file /home/menglim/airflow_venv/lib/python3.12/site-packages/airflow/example_dags/example_branch_python_dop_operator_3.py for tasks to queue
[2025-07-18T09:18:24.102+0700] {logging_mixin.py:188} INFO - [2025-07-18T09:18:24.102+0700] {dagbag.py:545} INFO - Filling up the DagBag from /home/menglim/airflow_venv/lib/python3.12/site-packages/airflow/example_dags/example_branch_python_dop_operator_3.py
[2025-07-18T09:18:24.107+0700] {processor.py:840} INFO - DAG(s) 'example_branch_dop_operator_v3' retrieved from /home/menglim/airflow_venv/lib/python3.12/site-packages/airflow/example_dags/example_branch_python_dop_operator_3.py
[2025-07-18T09:18:24.117+0700] {logging_mixin.py:188} INFO - [2025-07-18T09:18:24.117+0700] {dag.py:3096} INFO - Sync 1 DAGs
[2025-07-18T09:18:24.128+0700] {logging_mixin.py:188} INFO - [2025-07-18T09:18:24.128+0700] {dag.py:3954} INFO - Setting next_dagrun for example_branch_dop_operator_v3 to 2025-07-18 02:17:00+00:00, run_after=2025-07-18 02:18:00+00:00
[2025-07-18T09:18:24.150+0700] {processor.py:183} INFO - Processing /home/menglim/airflow_venv/lib/python3.12/site-packages/airflow/example_dags/example_branch_python_dop_operator_3.py took 0.054 seconds
[2025-07-18T09:19:40.376+0700] {processor.py:161} INFO - Started process (PID=6102) to work on /home/menglim/airflow_venv/lib/python3.12/site-packages/airflow/example_dags/example_branch_python_dop_operator_3.py
[2025-07-18T09:19:40.377+0700] {processor.py:830} INFO - Processing file /home/menglim/airflow_venv/lib/python3.12/site-packages/airflow/example_dags/example_branch_python_dop_operator_3.py for tasks to queue
[2025-07-18T09:19:40.377+0700] {logging_mixin.py:188} INFO - [2025-07-18T09:19:40.377+0700] {dagbag.py:545} INFO - Filling up the DagBag from /home/menglim/airflow_venv/lib/python3.12/site-packages/airflow/example_dags/example_branch_python_dop_operator_3.py
[2025-07-18T09:19:40.384+0700] {processor.py:840} INFO - DAG(s) 'example_branch_dop_operator_v3' retrieved from /home/menglim/airflow_venv/lib/python3.12/site-packages/airflow/example_dags/example_branch_python_dop_operator_3.py
[2025-07-18T09:19:40.395+0700] {logging_mixin.py:188} INFO - [2025-07-18T09:19:40.395+0700] {dag.py:3096} INFO - Sync 1 DAGs
[2025-07-18T09:19:40.427+0700] {logging_mixin.py:188} INFO - [2025-07-18T09:19:40.426+0700] {dag.py:3954} INFO - Setting next_dagrun for example_branch_dop_operator_v3 to 2025-07-18 02:18:00+00:00, run_after=2025-07-18 02:19:00+00:00
[2025-07-18T09:19:40.448+0700] {processor.py:183} INFO - Processing /home/menglim/airflow_venv/lib/python3.12/site-packages/airflow/example_dags/example_branch_python_dop_operator_3.py took 0.076 seconds
[2025-07-18T09:20:38.927+0700] {processor.py:161} INFO - Started process (PID=6222) to work on /home/menglim/airflow_venv/lib/python3.12/site-packages/airflow/example_dags/example_branch_python_dop_operator_3.py
[2025-07-18T09:20:38.930+0700] {processor.py:830} INFO - Processing file /home/menglim/airflow_venv/lib/python3.12/site-packages/airflow/example_dags/example_branch_python_dop_operator_3.py for tasks to queue
[2025-07-18T09:20:38.930+0700] {logging_mixin.py:188} INFO - [2025-07-18T09:20:38.930+0700] {dagbag.py:545} INFO - Filling up the DagBag from /home/menglim/airflow_venv/lib/python3.12/site-packages/airflow/example_dags/example_branch_python_dop_operator_3.py
[2025-07-18T09:20:38.936+0700] {processor.py:840} INFO - DAG(s) 'example_branch_dop_operator_v3' retrieved from /home/menglim/airflow_venv/lib/python3.12/site-packages/airflow/example_dags/example_branch_python_dop_operator_3.py
[2025-07-18T09:20:38.946+0700] {logging_mixin.py:188} INFO - [2025-07-18T09:20:38.946+0700] {dag.py:3096} INFO - Sync 1 DAGs
[2025-07-18T09:20:38.958+0700] {logging_mixin.py:188} INFO - [2025-07-18T09:20:38.958+0700] {dag.py:3954} INFO - Setting next_dagrun for example_branch_dop_operator_v3 to 2025-07-18 02:19:00+00:00, run_after=2025-07-18 02:20:00+00:00
[2025-07-18T09:20:38.978+0700] {processor.py:183} INFO - Processing /home/menglim/airflow_venv/lib/python3.12/site-packages/airflow/example_dags/example_branch_python_dop_operator_3.py took 0.054 seconds
[2025-07-18T09:21:55.521+0700] {processor.py:161} INFO - Started process (PID=6450) to work on /home/menglim/airflow_venv/lib/python3.12/site-packages/airflow/example_dags/example_branch_python_dop_operator_3.py
[2025-07-18T09:21:55.522+0700] {processor.py:830} INFO - Processing file /home/menglim/airflow_venv/lib/python3.12/site-packages/airflow/example_dags/example_branch_python_dop_operator_3.py for tasks to queue
[2025-07-18T09:21:55.522+0700] {logging_mixin.py:188} INFO - [2025-07-18T09:21:55.522+0700] {dagbag.py:545} INFO - Filling up the DagBag from /home/menglim/airflow_venv/lib/python3.12/site-packages/airflow/example_dags/example_branch_python_dop_operator_3.py
[2025-07-18T09:21:55.528+0700] {processor.py:840} INFO - DAG(s) 'example_branch_dop_operator_v3' retrieved from /home/menglim/airflow_venv/lib/python3.12/site-packages/airflow/example_dags/example_branch_python_dop_operator_3.py
[2025-07-18T09:21:55.538+0700] {logging_mixin.py:188} INFO - [2025-07-18T09:21:55.538+0700] {dag.py:3096} INFO - Sync 1 DAGs
[2025-07-18T09:21:55.554+0700] {logging_mixin.py:188} INFO - [2025-07-18T09:21:55.553+0700] {dag.py:3954} INFO - Setting next_dagrun for example_branch_dop_operator_v3 to 2025-07-18 02:20:00+00:00, run_after=2025-07-18 02:21:00+00:00
[2025-07-18T09:21:55.579+0700] {processor.py:183} INFO - Processing /home/menglim/airflow_venv/lib/python3.12/site-packages/airflow/example_dags/example_branch_python_dop_operator_3.py took 0.063 seconds
[2025-07-18T09:23:04.777+0700] {processor.py:161} INFO - Started process (PID=6660) to work on /home/menglim/airflow_venv/lib/python3.12/site-packages/airflow/example_dags/example_branch_python_dop_operator_3.py
[2025-07-18T09:23:04.780+0700] {processor.py:830} INFO - Processing file /home/menglim/airflow_venv/lib/python3.12/site-packages/airflow/example_dags/example_branch_python_dop_operator_3.py for tasks to queue
[2025-07-18T09:23:04.780+0700] {logging_mixin.py:188} INFO - [2025-07-18T09:23:04.780+0700] {dagbag.py:545} INFO - Filling up the DagBag from /home/menglim/airflow_venv/lib/python3.12/site-packages/airflow/example_dags/example_branch_python_dop_operator_3.py
[2025-07-18T09:23:04.786+0700] {processor.py:840} INFO - DAG(s) 'example_branch_dop_operator_v3' retrieved from /home/menglim/airflow_venv/lib/python3.12/site-packages/airflow/example_dags/example_branch_python_dop_operator_3.py
[2025-07-18T09:23:04.795+0700] {logging_mixin.py:188} INFO - [2025-07-18T09:23:04.795+0700] {dag.py:3096} INFO - Sync 1 DAGs
[2025-07-18T09:23:04.806+0700] {logging_mixin.py:188} INFO - [2025-07-18T09:23:04.806+0700] {dag.py:3954} INFO - Setting next_dagrun for example_branch_dop_operator_v3 to 2025-07-18 02:22:00+00:00, run_after=2025-07-18 02:23:00+00:00
[2025-07-18T09:23:04.826+0700] {processor.py:183} INFO - Processing /home/menglim/airflow_venv/lib/python3.12/site-packages/airflow/example_dags/example_branch_python_dop_operator_3.py took 0.055 seconds
[2025-07-18T09:24:28.605+0700] {processor.py:161} INFO - Started process (PID=6919) to work on /home/menglim/airflow_venv/lib/python3.12/site-packages/airflow/example_dags/example_branch_python_dop_operator_3.py
[2025-07-18T09:24:28.607+0700] {processor.py:830} INFO - Processing file /home/menglim/airflow_venv/lib/python3.12/site-packages/airflow/example_dags/example_branch_python_dop_operator_3.py for tasks to queue
[2025-07-18T09:24:28.607+0700] {logging_mixin.py:188} INFO - [2025-07-18T09:24:28.607+0700] {dagbag.py:545} INFO - Filling up the DagBag from /home/menglim/airflow_venv/lib/python3.12/site-packages/airflow/example_dags/example_branch_python_dop_operator_3.py
[2025-07-18T09:24:28.613+0700] {processor.py:840} INFO - DAG(s) 'example_branch_dop_operator_v3' retrieved from /home/menglim/airflow_venv/lib/python3.12/site-packages/airflow/example_dags/example_branch_python_dop_operator_3.py
[2025-07-18T09:24:28.623+0700] {logging_mixin.py:188} INFO - [2025-07-18T09:24:28.623+0700] {dag.py:3096} INFO - Sync 1 DAGs
[2025-07-18T09:24:28.635+0700] {logging_mixin.py:188} INFO - [2025-07-18T09:24:28.635+0700] {dag.py:3954} INFO - Setting next_dagrun for example_branch_dop_operator_v3 to 2025-07-18 02:23:00+00:00, run_after=2025-07-18 02:24:00+00:00
[2025-07-18T09:24:28.655+0700] {processor.py:183} INFO - Processing /home/menglim/airflow_venv/lib/python3.12/site-packages/airflow/example_dags/example_branch_python_dop_operator_3.py took 0.053 seconds
[2025-07-18T09:25:25.817+0700] {processor.py:161} INFO - Started process (PID=7020) to work on /home/menglim/airflow_venv/lib/python3.12/site-packages/airflow/example_dags/example_branch_python_dop_operator_3.py
[2025-07-18T09:25:25.819+0700] {processor.py:830} INFO - Processing file /home/menglim/airflow_venv/lib/python3.12/site-packages/airflow/example_dags/example_branch_python_dop_operator_3.py for tasks to queue
[2025-07-18T09:25:25.819+0700] {logging_mixin.py:188} INFO - [2025-07-18T09:25:25.819+0700] {dagbag.py:545} INFO - Filling up the DagBag from /home/menglim/airflow_venv/lib/python3.12/site-packages/airflow/example_dags/example_branch_python_dop_operator_3.py
[2025-07-18T09:25:25.824+0700] {processor.py:840} INFO - DAG(s) 'example_branch_dop_operator_v3' retrieved from /home/menglim/airflow_venv/lib/python3.12/site-packages/airflow/example_dags/example_branch_python_dop_operator_3.py
[2025-07-18T09:25:25.834+0700] {logging_mixin.py:188} INFO - [2025-07-18T09:25:25.833+0700] {dag.py:3096} INFO - Sync 1 DAGs
[2025-07-18T09:25:25.845+0700] {logging_mixin.py:188} INFO - [2025-07-18T09:25:25.845+0700] {dag.py:3954} INFO - Setting next_dagrun for example_branch_dop_operator_v3 to 2025-07-18 02:24:00+00:00, run_after=2025-07-18 02:25:00+00:00
[2025-07-18T09:25:25.866+0700] {processor.py:183} INFO - Processing /home/menglim/airflow_venv/lib/python3.12/site-packages/airflow/example_dags/example_branch_python_dop_operator_3.py took 0.053 seconds
[2025-07-18T09:26:31.470+0700] {processor.py:161} INFO - Started process (PID=7192) to work on /home/menglim/airflow_venv/lib/python3.12/site-packages/airflow/example_dags/example_branch_python_dop_operator_3.py
[2025-07-18T09:26:31.472+0700] {processor.py:830} INFO - Processing file /home/menglim/airflow_venv/lib/python3.12/site-packages/airflow/example_dags/example_branch_python_dop_operator_3.py for tasks to queue
[2025-07-18T09:26:31.473+0700] {logging_mixin.py:188} INFO - [2025-07-18T09:26:31.473+0700] {dagbag.py:545} INFO - Filling up the DagBag from /home/menglim/airflow_venv/lib/python3.12/site-packages/airflow/example_dags/example_branch_python_dop_operator_3.py
[2025-07-18T09:26:31.478+0700] {processor.py:840} INFO - DAG(s) 'example_branch_dop_operator_v3' retrieved from /home/menglim/airflow_venv/lib/python3.12/site-packages/airflow/example_dags/example_branch_python_dop_operator_3.py
[2025-07-18T09:26:31.487+0700] {logging_mixin.py:188} INFO - [2025-07-18T09:26:31.486+0700] {dag.py:3096} INFO - Sync 1 DAGs
[2025-07-18T09:26:31.498+0700] {logging_mixin.py:188} INFO - [2025-07-18T09:26:31.498+0700] {dag.py:3954} INFO - Setting next_dagrun for example_branch_dop_operator_v3 to 2025-07-18 02:25:00+00:00, run_after=2025-07-18 02:26:00+00:00
[2025-07-18T09:26:31.521+0700] {processor.py:183} INFO - Processing /home/menglim/airflow_venv/lib/python3.12/site-packages/airflow/example_dags/example_branch_python_dop_operator_3.py took 0.054 seconds
[2025-07-18T09:27:29.206+0700] {processor.py:161} INFO - Started process (PID=7327) to work on /home/menglim/airflow_venv/lib/python3.12/site-packages/airflow/example_dags/example_branch_python_dop_operator_3.py
[2025-07-18T09:27:29.208+0700] {processor.py:830} INFO - Processing file /home/menglim/airflow_venv/lib/python3.12/site-packages/airflow/example_dags/example_branch_python_dop_operator_3.py for tasks to queue
[2025-07-18T09:27:29.209+0700] {logging_mixin.py:188} INFO - [2025-07-18T09:27:29.209+0700] {dagbag.py:545} INFO - Filling up the DagBag from /home/menglim/airflow_venv/lib/python3.12/site-packages/airflow/example_dags/example_branch_python_dop_operator_3.py
[2025-07-18T09:27:29.214+0700] {processor.py:840} INFO - DAG(s) 'example_branch_dop_operator_v3' retrieved from /home/menglim/airflow_venv/lib/python3.12/site-packages/airflow/example_dags/example_branch_python_dop_operator_3.py
[2025-07-18T09:27:29.224+0700] {logging_mixin.py:188} INFO - [2025-07-18T09:27:29.224+0700] {dag.py:3096} INFO - Sync 1 DAGs
[2025-07-18T09:27:29.237+0700] {logging_mixin.py:188} INFO - [2025-07-18T09:27:29.237+0700] {dag.py:3954} INFO - Setting next_dagrun for example_branch_dop_operator_v3 to 2025-07-18 02:26:00+00:00, run_after=2025-07-18 02:27:00+00:00
[2025-07-18T09:27:29.257+0700] {processor.py:183} INFO - Processing /home/menglim/airflow_venv/lib/python3.12/site-packages/airflow/example_dags/example_branch_python_dop_operator_3.py took 0.055 seconds
[2025-07-18T09:28:36.371+0700] {processor.py:161} INFO - Started process (PID=7413) to work on /home/menglim/airflow_venv/lib/python3.12/site-packages/airflow/example_dags/example_branch_python_dop_operator_3.py
[2025-07-18T09:28:36.372+0700] {processor.py:830} INFO - Processing file /home/menglim/airflow_venv/lib/python3.12/site-packages/airflow/example_dags/example_branch_python_dop_operator_3.py for tasks to queue
[2025-07-18T09:28:36.372+0700] {logging_mixin.py:188} INFO - [2025-07-18T09:28:36.372+0700] {dagbag.py:545} INFO - Filling up the DagBag from /home/menglim/airflow_venv/lib/python3.12/site-packages/airflow/example_dags/example_branch_python_dop_operator_3.py
[2025-07-18T09:28:36.377+0700] {processor.py:840} INFO - DAG(s) 'example_branch_dop_operator_v3' retrieved from /home/menglim/airflow_venv/lib/python3.12/site-packages/airflow/example_dags/example_branch_python_dop_operator_3.py
[2025-07-18T09:28:36.386+0700] {logging_mixin.py:188} INFO - [2025-07-18T09:28:36.386+0700] {dag.py:3096} INFO - Sync 1 DAGs
[2025-07-18T09:28:36.397+0700] {logging_mixin.py:188} INFO - [2025-07-18T09:28:36.397+0700] {dag.py:3954} INFO - Setting next_dagrun for example_branch_dop_operator_v3 to 2025-07-18 02:27:00+00:00, run_after=2025-07-18 02:28:00+00:00
[2025-07-18T09:28:36.419+0700] {processor.py:183} INFO - Processing /home/menglim/airflow_venv/lib/python3.12/site-packages/airflow/example_dags/example_branch_python_dop_operator_3.py took 0.052 seconds
[2025-07-18T09:29:41.688+0700] {processor.py:161} INFO - Started process (PID=7543) to work on /home/menglim/airflow_venv/lib/python3.12/site-packages/airflow/example_dags/example_branch_python_dop_operator_3.py
[2025-07-18T09:29:41.691+0700] {processor.py:830} INFO - Processing file /home/menglim/airflow_venv/lib/python3.12/site-packages/airflow/example_dags/example_branch_python_dop_operator_3.py for tasks to queue
[2025-07-18T09:29:41.691+0700] {logging_mixin.py:188} INFO - [2025-07-18T09:29:41.691+0700] {dagbag.py:545} INFO - Filling up the DagBag from /home/menglim/airflow_venv/lib/python3.12/site-packages/airflow/example_dags/example_branch_python_dop_operator_3.py
[2025-07-18T09:29:41.696+0700] {processor.py:840} INFO - DAG(s) 'example_branch_dop_operator_v3' retrieved from /home/menglim/airflow_venv/lib/python3.12/site-packages/airflow/example_dags/example_branch_python_dop_operator_3.py
[2025-07-18T09:29:41.705+0700] {logging_mixin.py:188} INFO - [2025-07-18T09:29:41.704+0700] {dag.py:3096} INFO - Sync 1 DAGs
[2025-07-18T09:29:41.716+0700] {logging_mixin.py:188} INFO - [2025-07-18T09:29:41.715+0700] {dag.py:3954} INFO - Setting next_dagrun for example_branch_dop_operator_v3 to 2025-07-18 02:28:00+00:00, run_after=2025-07-18 02:29:00+00:00
[2025-07-18T09:29:41.736+0700] {processor.py:183} INFO - Processing /home/menglim/airflow_venv/lib/python3.12/site-packages/airflow/example_dags/example_branch_python_dop_operator_3.py took 0.051 seconds
[2025-07-18T09:30:31.990+0700] {processor.py:161} INFO - Started process (PID=7625) to work on /home/menglim/airflow_venv/lib/python3.12/site-packages/airflow/example_dags/example_branch_python_dop_operator_3.py
[2025-07-18T09:30:31.991+0700] {processor.py:830} INFO - Processing file /home/menglim/airflow_venv/lib/python3.12/site-packages/airflow/example_dags/example_branch_python_dop_operator_3.py for tasks to queue
[2025-07-18T09:30:31.992+0700] {logging_mixin.py:188} INFO - [2025-07-18T09:30:31.991+0700] {dagbag.py:545} INFO - Filling up the DagBag from /home/menglim/airflow_venv/lib/python3.12/site-packages/airflow/example_dags/example_branch_python_dop_operator_3.py
[2025-07-18T09:30:31.998+0700] {processor.py:840} INFO - DAG(s) 'example_branch_dop_operator_v3' retrieved from /home/menglim/airflow_venv/lib/python3.12/site-packages/airflow/example_dags/example_branch_python_dop_operator_3.py
[2025-07-18T09:30:32.009+0700] {logging_mixin.py:188} INFO - [2025-07-18T09:30:32.009+0700] {dag.py:3096} INFO - Sync 1 DAGs
[2025-07-18T09:30:32.021+0700] {logging_mixin.py:188} INFO - [2025-07-18T09:30:32.021+0700] {dag.py:3954} INFO - Setting next_dagrun for example_branch_dop_operator_v3 to 2025-07-18 02:29:00+00:00, run_after=2025-07-18 02:30:00+00:00
[2025-07-18T09:30:32.043+0700] {processor.py:183} INFO - Processing /home/menglim/airflow_venv/lib/python3.12/site-packages/airflow/example_dags/example_branch_python_dop_operator_3.py took 0.057 seconds
[2025-07-18T09:31:26.768+0700] {processor.py:161} INFO - Started process (PID=7703) to work on /home/menglim/airflow_venv/lib/python3.12/site-packages/airflow/example_dags/example_branch_python_dop_operator_3.py
[2025-07-18T09:31:26.770+0700] {processor.py:830} INFO - Processing file /home/menglim/airflow_venv/lib/python3.12/site-packages/airflow/example_dags/example_branch_python_dop_operator_3.py for tasks to queue
[2025-07-18T09:31:26.771+0700] {logging_mixin.py:188} INFO - [2025-07-18T09:31:26.771+0700] {dagbag.py:545} INFO - Filling up the DagBag from /home/menglim/airflow_venv/lib/python3.12/site-packages/airflow/example_dags/example_branch_python_dop_operator_3.py
[2025-07-18T09:31:26.775+0700] {processor.py:840} INFO - DAG(s) 'example_branch_dop_operator_v3' retrieved from /home/menglim/airflow_venv/lib/python3.12/site-packages/airflow/example_dags/example_branch_python_dop_operator_3.py
[2025-07-18T09:31:26.785+0700] {logging_mixin.py:188} INFO - [2025-07-18T09:31:26.784+0700] {dag.py:3096} INFO - Sync 1 DAGs
[2025-07-18T09:31:26.796+0700] {logging_mixin.py:188} INFO - [2025-07-18T09:31:26.796+0700] {dag.py:3954} INFO - Setting next_dagrun for example_branch_dop_operator_v3 to 2025-07-18 02:30:00+00:00, run_after=2025-07-18 02:31:00+00:00
[2025-07-18T09:31:26.816+0700] {processor.py:183} INFO - Processing /home/menglim/airflow_venv/lib/python3.12/site-packages/airflow/example_dags/example_branch_python_dop_operator_3.py took 0.051 seconds
[2025-07-18T09:32:16.824+0700] {processor.py:161} INFO - Started process (PID=7784) to work on /home/menglim/airflow_venv/lib/python3.12/site-packages/airflow/example_dags/example_branch_python_dop_operator_3.py
[2025-07-18T09:32:16.827+0700] {processor.py:830} INFO - Processing file /home/menglim/airflow_venv/lib/python3.12/site-packages/airflow/example_dags/example_branch_python_dop_operator_3.py for tasks to queue
[2025-07-18T09:32:16.827+0700] {logging_mixin.py:188} INFO - [2025-07-18T09:32:16.827+0700] {dagbag.py:545} INFO - Filling up the DagBag from /home/menglim/airflow_venv/lib/python3.12/site-packages/airflow/example_dags/example_branch_python_dop_operator_3.py
[2025-07-18T09:32:16.833+0700] {processor.py:840} INFO - DAG(s) 'example_branch_dop_operator_v3' retrieved from /home/menglim/airflow_venv/lib/python3.12/site-packages/airflow/example_dags/example_branch_python_dop_operator_3.py
[2025-07-18T09:32:16.842+0700] {logging_mixin.py:188} INFO - [2025-07-18T09:32:16.842+0700] {dag.py:3096} INFO - Sync 1 DAGs
[2025-07-18T09:32:16.853+0700] {logging_mixin.py:188} INFO - [2025-07-18T09:32:16.853+0700] {dag.py:3954} INFO - Setting next_dagrun for example_branch_dop_operator_v3 to 2025-07-18 02:31:00+00:00, run_after=2025-07-18 02:32:00+00:00
[2025-07-18T09:32:16.874+0700] {processor.py:183} INFO - Processing /home/menglim/airflow_venv/lib/python3.12/site-packages/airflow/example_dags/example_branch_python_dop_operator_3.py took 0.053 seconds
[2025-07-18T09:33:09.233+0700] {processor.py:161} INFO - Started process (PID=7864) to work on /home/menglim/airflow_venv/lib/python3.12/site-packages/airflow/example_dags/example_branch_python_dop_operator_3.py
[2025-07-18T09:33:09.235+0700] {processor.py:830} INFO - Processing file /home/menglim/airflow_venv/lib/python3.12/site-packages/airflow/example_dags/example_branch_python_dop_operator_3.py for tasks to queue
[2025-07-18T09:33:09.236+0700] {logging_mixin.py:188} INFO - [2025-07-18T09:33:09.235+0700] {dagbag.py:545} INFO - Filling up the DagBag from /home/menglim/airflow_venv/lib/python3.12/site-packages/airflow/example_dags/example_branch_python_dop_operator_3.py
[2025-07-18T09:33:09.241+0700] {processor.py:840} INFO - DAG(s) 'example_branch_dop_operator_v3' retrieved from /home/menglim/airflow_venv/lib/python3.12/site-packages/airflow/example_dags/example_branch_python_dop_operator_3.py
[2025-07-18T09:33:09.250+0700] {logging_mixin.py:188} INFO - [2025-07-18T09:33:09.250+0700] {dag.py:3096} INFO - Sync 1 DAGs
[2025-07-18T09:33:09.262+0700] {logging_mixin.py:188} INFO - [2025-07-18T09:33:09.262+0700] {dag.py:3954} INFO - Setting next_dagrun for example_branch_dop_operator_v3 to 2025-07-18 02:32:00+00:00, run_after=2025-07-18 02:33:00+00:00
[2025-07-18T09:33:09.283+0700] {processor.py:183} INFO - Processing /home/menglim/airflow_venv/lib/python3.12/site-packages/airflow/example_dags/example_branch_python_dop_operator_3.py took 0.053 seconds
[2025-07-18T09:33:57.463+0700] {processor.py:161} INFO - Started process (PID=7943) to work on /home/menglim/airflow_venv/lib/python3.12/site-packages/airflow/example_dags/example_branch_python_dop_operator_3.py
[2025-07-18T09:33:57.466+0700] {processor.py:830} INFO - Processing file /home/menglim/airflow_venv/lib/python3.12/site-packages/airflow/example_dags/example_branch_python_dop_operator_3.py for tasks to queue
[2025-07-18T09:33:57.466+0700] {logging_mixin.py:188} INFO - [2025-07-18T09:33:57.466+0700] {dagbag.py:545} INFO - Filling up the DagBag from /home/menglim/airflow_venv/lib/python3.12/site-packages/airflow/example_dags/example_branch_python_dop_operator_3.py
[2025-07-18T09:33:57.471+0700] {processor.py:840} INFO - DAG(s) 'example_branch_dop_operator_v3' retrieved from /home/menglim/airflow_venv/lib/python3.12/site-packages/airflow/example_dags/example_branch_python_dop_operator_3.py
[2025-07-18T09:33:57.480+0700] {logging_mixin.py:188} INFO - [2025-07-18T09:33:57.480+0700] {dag.py:3096} INFO - Sync 1 DAGs
[2025-07-18T09:33:57.492+0700] {logging_mixin.py:188} INFO - [2025-07-18T09:33:57.492+0700] {dag.py:3954} INFO - Setting next_dagrun for example_branch_dop_operator_v3 to 2025-07-18 02:32:00+00:00, run_after=2025-07-18 02:33:00+00:00
[2025-07-18T09:33:57.513+0700] {processor.py:183} INFO - Processing /home/menglim/airflow_venv/lib/python3.12/site-packages/airflow/example_dags/example_branch_python_dop_operator_3.py took 0.054 seconds
[2025-07-18T09:34:51.219+0700] {processor.py:161} INFO - Started process (PID=8097) to work on /home/menglim/airflow_venv/lib/python3.12/site-packages/airflow/example_dags/example_branch_python_dop_operator_3.py
[2025-07-18T09:34:51.221+0700] {processor.py:830} INFO - Processing file /home/menglim/airflow_venv/lib/python3.12/site-packages/airflow/example_dags/example_branch_python_dop_operator_3.py for tasks to queue
[2025-07-18T09:34:51.221+0700] {logging_mixin.py:188} INFO - [2025-07-18T09:34:51.221+0700] {dagbag.py:545} INFO - Filling up the DagBag from /home/menglim/airflow_venv/lib/python3.12/site-packages/airflow/example_dags/example_branch_python_dop_operator_3.py
[2025-07-18T09:34:51.226+0700] {processor.py:840} INFO - DAG(s) 'example_branch_dop_operator_v3' retrieved from /home/menglim/airflow_venv/lib/python3.12/site-packages/airflow/example_dags/example_branch_python_dop_operator_3.py
[2025-07-18T09:34:51.235+0700] {logging_mixin.py:188} INFO - [2025-07-18T09:34:51.235+0700] {dag.py:3096} INFO - Sync 1 DAGs
[2025-07-18T09:34:51.247+0700] {logging_mixin.py:188} INFO - [2025-07-18T09:34:51.246+0700] {dag.py:3954} INFO - Setting next_dagrun for example_branch_dop_operator_v3 to 2025-07-18 02:33:00+00:00, run_after=2025-07-18 02:34:00+00:00
[2025-07-18T09:34:51.267+0700] {processor.py:183} INFO - Processing /home/menglim/airflow_venv/lib/python3.12/site-packages/airflow/example_dags/example_branch_python_dop_operator_3.py took 0.052 seconds
[2025-07-18T09:35:40.264+0700] {processor.py:161} INFO - Started process (PID=8188) to work on /home/menglim/airflow_venv/lib/python3.12/site-packages/airflow/example_dags/example_branch_python_dop_operator_3.py
[2025-07-18T09:35:40.267+0700] {processor.py:830} INFO - Processing file /home/menglim/airflow_venv/lib/python3.12/site-packages/airflow/example_dags/example_branch_python_dop_operator_3.py for tasks to queue
[2025-07-18T09:35:40.268+0700] {logging_mixin.py:188} INFO - [2025-07-18T09:35:40.268+0700] {dagbag.py:545} INFO - Filling up the DagBag from /home/menglim/airflow_venv/lib/python3.12/site-packages/airflow/example_dags/example_branch_python_dop_operator_3.py
[2025-07-18T09:35:40.278+0700] {processor.py:840} INFO - DAG(s) 'example_branch_dop_operator_v3' retrieved from /home/menglim/airflow_venv/lib/python3.12/site-packages/airflow/example_dags/example_branch_python_dop_operator_3.py
[2025-07-18T09:35:40.301+0700] {logging_mixin.py:188} INFO - [2025-07-18T09:35:40.301+0700] {dag.py:3096} INFO - Sync 1 DAGs
[2025-07-18T09:35:40.328+0700] {logging_mixin.py:188} INFO - [2025-07-18T09:35:40.328+0700] {dag.py:3954} INFO - Setting next_dagrun for example_branch_dop_operator_v3 to 2025-07-18 02:34:00+00:00, run_after=2025-07-18 02:35:00+00:00
[2025-07-18T09:35:40.362+0700] {processor.py:183} INFO - Processing /home/menglim/airflow_venv/lib/python3.12/site-packages/airflow/example_dags/example_branch_python_dop_operator_3.py took 0.107 seconds
[2025-07-18T09:36:33.870+0700] {processor.py:161} INFO - Started process (PID=8272) to work on /home/menglim/airflow_venv/lib/python3.12/site-packages/airflow/example_dags/example_branch_python_dop_operator_3.py
[2025-07-18T09:36:33.873+0700] {processor.py:830} INFO - Processing file /home/menglim/airflow_venv/lib/python3.12/site-packages/airflow/example_dags/example_branch_python_dop_operator_3.py for tasks to queue
[2025-07-18T09:36:33.875+0700] {logging_mixin.py:188} INFO - [2025-07-18T09:36:33.874+0700] {dagbag.py:545} INFO - Filling up the DagBag from /home/menglim/airflow_venv/lib/python3.12/site-packages/airflow/example_dags/example_branch_python_dop_operator_3.py
[2025-07-18T09:36:33.891+0700] {processor.py:840} INFO - DAG(s) 'example_branch_dop_operator_v3' retrieved from /home/menglim/airflow_venv/lib/python3.12/site-packages/airflow/example_dags/example_branch_python_dop_operator_3.py
[2025-07-18T09:36:33.911+0700] {logging_mixin.py:188} INFO - [2025-07-18T09:36:33.911+0700] {dag.py:3096} INFO - Sync 1 DAGs
[2025-07-18T09:36:33.944+0700] {logging_mixin.py:188} INFO - [2025-07-18T09:36:33.943+0700] {dag.py:3954} INFO - Setting next_dagrun for example_branch_dop_operator_v3 to 2025-07-18 02:35:00+00:00, run_after=2025-07-18 02:36:00+00:00
[2025-07-18T09:36:33.984+0700] {processor.py:183} INFO - Processing /home/menglim/airflow_venv/lib/python3.12/site-packages/airflow/example_dags/example_branch_python_dop_operator_3.py took 0.118 seconds
[2025-07-18T09:37:41.728+0700] {processor.py:161} INFO - Started process (PID=8477) to work on /home/menglim/airflow_venv/lib/python3.12/site-packages/airflow/example_dags/example_branch_python_dop_operator_3.py
[2025-07-18T09:37:41.736+0700] {processor.py:830} INFO - Processing file /home/menglim/airflow_venv/lib/python3.12/site-packages/airflow/example_dags/example_branch_python_dop_operator_3.py for tasks to queue
[2025-07-18T09:37:41.739+0700] {logging_mixin.py:188} INFO - [2025-07-18T09:37:41.738+0700] {dagbag.py:545} INFO - Filling up the DagBag from /home/menglim/airflow_venv/lib/python3.12/site-packages/airflow/example_dags/example_branch_python_dop_operator_3.py
[2025-07-18T09:37:41.759+0700] {processor.py:840} INFO - DAG(s) 'example_branch_dop_operator_v3' retrieved from /home/menglim/airflow_venv/lib/python3.12/site-packages/airflow/example_dags/example_branch_python_dop_operator_3.py
[2025-07-18T09:37:41.799+0700] {logging_mixin.py:188} INFO - [2025-07-18T09:37:41.798+0700] {dag.py:3096} INFO - Sync 1 DAGs
[2025-07-18T09:37:41.845+0700] {logging_mixin.py:188} INFO - [2025-07-18T09:37:41.844+0700] {dag.py:3954} INFO - Setting next_dagrun for example_branch_dop_operator_v3 to 2025-07-18 02:36:00+00:00, run_after=2025-07-18 02:37:00+00:00
[2025-07-18T09:37:41.952+0700] {processor.py:183} INFO - Processing /home/menglim/airflow_venv/lib/python3.12/site-packages/airflow/example_dags/example_branch_python_dop_operator_3.py took 0.239 seconds
