[2025-07-18T09:00:37.063+0700] {processor.py:161} INFO - Started process (PID=3275) to work on /home/menglim/airflow_venv/lib/python3.12/site-packages/airflow/example_dags/example_dynamic_task_mapping_with_no_taskflow_operators.py
[2025-07-18T09:00:37.063+0700] {processor.py:830} INFO - Processing file /home/menglim/airflow_venv/lib/python3.12/site-packages/airflow/example_dags/example_dynamic_task_mapping_with_no_taskflow_operators.py for tasks to queue
[2025-07-18T09:00:37.064+0700] {logging_mixin.py:188} INFO - [2025-07-18T09:00:37.064+0700] {dagbag.py:545} INFO - Filling up the DagBag from /home/menglim/airflow_venv/lib/python3.12/site-packages/airflow/example_dags/example_dynamic_task_mapping_with_no_taskflow_operators.py
[2025-07-18T09:00:37.068+0700] {processor.py:840} INFO - DAG(s) 'example_dynamic_task_mapping_with_no_taskflow_operators' retrieved from /home/menglim/airflow_venv/lib/python3.12/site-packages/airflow/example_dags/example_dynamic_task_mapping_with_no_taskflow_operators.py
[2025-07-18T09:00:37.115+0700] {logging_mixin.py:188} INFO - [2025-07-18T09:00:37.115+0700] {dag.py:3096} INFO - Sync 1 DAGs
[2025-07-18T09:00:37.124+0700] {logging_mixin.py:188} INFO - [2025-07-18T09:00:37.124+0700] {dag.py:3954} INFO - Setting next_dagrun for example_dynamic_task_mapping_with_no_taskflow_operators to 2025-07-17 00:00:00+00:00, run_after=2025-07-18 00:00:00+00:00
[2025-07-18T09:00:37.146+0700] {processor.py:183} INFO - Processing /home/menglim/airflow_venv/lib/python3.12/site-packages/airflow/example_dags/example_dynamic_task_mapping_with_no_taskflow_operators.py took 0.086 seconds
[2025-07-18T09:01:33.344+0700] {processor.py:161} INFO - Started process (PID=3357) to work on /home/menglim/airflow_venv/lib/python3.12/site-packages/airflow/example_dags/example_dynamic_task_mapping_with_no_taskflow_operators.py
[2025-07-18T09:01:33.346+0700] {processor.py:830} INFO - Processing file /home/menglim/airflow_venv/lib/python3.12/site-packages/airflow/example_dags/example_dynamic_task_mapping_with_no_taskflow_operators.py for tasks to queue
[2025-07-18T09:01:33.347+0700] {logging_mixin.py:188} INFO - [2025-07-18T09:01:33.347+0700] {dagbag.py:545} INFO - Filling up the DagBag from /home/menglim/airflow_venv/lib/python3.12/site-packages/airflow/example_dags/example_dynamic_task_mapping_with_no_taskflow_operators.py
[2025-07-18T09:01:33.351+0700] {processor.py:840} INFO - DAG(s) 'example_dynamic_task_mapping_with_no_taskflow_operators' retrieved from /home/menglim/airflow_venv/lib/python3.12/site-packages/airflow/example_dags/example_dynamic_task_mapping_with_no_taskflow_operators.py
[2025-07-18T09:01:33.359+0700] {logging_mixin.py:188} INFO - [2025-07-18T09:01:33.359+0700] {dag.py:3096} INFO - Sync 1 DAGs
[2025-07-18T09:01:33.369+0700] {logging_mixin.py:188} INFO - [2025-07-18T09:01:33.369+0700] {dag.py:3954} INFO - Setting next_dagrun for example_dynamic_task_mapping_with_no_taskflow_operators to 2025-07-17 00:00:00+00:00, run_after=2025-07-18 00:00:00+00:00
[2025-07-18T09:01:33.391+0700] {processor.py:183} INFO - Processing /home/menglim/airflow_venv/lib/python3.12/site-packages/airflow/example_dags/example_dynamic_task_mapping_with_no_taskflow_operators.py took 0.050 seconds
[2025-07-18T09:02:38.433+0700] {processor.py:161} INFO - Started process (PID=3554) to work on /home/menglim/airflow_venv/lib/python3.12/site-packages/airflow/example_dags/example_dynamic_task_mapping_with_no_taskflow_operators.py
[2025-07-18T09:02:38.434+0700] {processor.py:830} INFO - Processing file /home/menglim/airflow_venv/lib/python3.12/site-packages/airflow/example_dags/example_dynamic_task_mapping_with_no_taskflow_operators.py for tasks to queue
[2025-07-18T09:02:38.435+0700] {logging_mixin.py:188} INFO - [2025-07-18T09:02:38.435+0700] {dagbag.py:545} INFO - Filling up the DagBag from /home/menglim/airflow_venv/lib/python3.12/site-packages/airflow/example_dags/example_dynamic_task_mapping_with_no_taskflow_operators.py
[2025-07-18T09:02:38.440+0700] {processor.py:840} INFO - DAG(s) 'example_dynamic_task_mapping_with_no_taskflow_operators' retrieved from /home/menglim/airflow_venv/lib/python3.12/site-packages/airflow/example_dags/example_dynamic_task_mapping_with_no_taskflow_operators.py
[2025-07-18T09:02:38.449+0700] {logging_mixin.py:188} INFO - [2025-07-18T09:02:38.449+0700] {dag.py:3096} INFO - Sync 1 DAGs
[2025-07-18T09:02:38.459+0700] {logging_mixin.py:188} INFO - [2025-07-18T09:02:38.459+0700] {dag.py:3954} INFO - Setting next_dagrun for example_dynamic_task_mapping_with_no_taskflow_operators to 2025-07-17 00:00:00+00:00, run_after=2025-07-18 00:00:00+00:00
[2025-07-18T09:02:38.480+0700] {processor.py:183} INFO - Processing /home/menglim/airflow_venv/lib/python3.12/site-packages/airflow/example_dags/example_dynamic_task_mapping_with_no_taskflow_operators.py took 0.050 seconds
[2025-07-18T09:03:30.904+0700] {processor.py:161} INFO - Started process (PID=3641) to work on /home/menglim/airflow_venv/lib/python3.12/site-packages/airflow/example_dags/example_dynamic_task_mapping_with_no_taskflow_operators.py
[2025-07-18T09:03:30.906+0700] {processor.py:830} INFO - Processing file /home/menglim/airflow_venv/lib/python3.12/site-packages/airflow/example_dags/example_dynamic_task_mapping_with_no_taskflow_operators.py for tasks to queue
[2025-07-18T09:03:30.907+0700] {logging_mixin.py:188} INFO - [2025-07-18T09:03:30.907+0700] {dagbag.py:545} INFO - Filling up the DagBag from /home/menglim/airflow_venv/lib/python3.12/site-packages/airflow/example_dags/example_dynamic_task_mapping_with_no_taskflow_operators.py
[2025-07-18T09:03:30.912+0700] {processor.py:840} INFO - DAG(s) 'example_dynamic_task_mapping_with_no_taskflow_operators' retrieved from /home/menglim/airflow_venv/lib/python3.12/site-packages/airflow/example_dags/example_dynamic_task_mapping_with_no_taskflow_operators.py
[2025-07-18T09:03:30.923+0700] {logging_mixin.py:188} INFO - [2025-07-18T09:03:30.923+0700] {dag.py:3096} INFO - Sync 1 DAGs
[2025-07-18T09:03:30.934+0700] {logging_mixin.py:188} INFO - [2025-07-18T09:03:30.934+0700] {dag.py:3954} INFO - Setting next_dagrun for example_dynamic_task_mapping_with_no_taskflow_operators to 2025-07-17 00:00:00+00:00, run_after=2025-07-18 00:00:00+00:00
[2025-07-18T09:03:30.960+0700] {processor.py:183} INFO - Processing /home/menglim/airflow_venv/lib/python3.12/site-packages/airflow/example_dags/example_dynamic_task_mapping_with_no_taskflow_operators.py took 0.059 seconds
[2025-07-18T09:04:23.762+0700] {processor.py:161} INFO - Started process (PID=3737) to work on /home/menglim/airflow_venv/lib/python3.12/site-packages/airflow/example_dags/example_dynamic_task_mapping_with_no_taskflow_operators.py
[2025-07-18T09:04:23.765+0700] {processor.py:830} INFO - Processing file /home/menglim/airflow_venv/lib/python3.12/site-packages/airflow/example_dags/example_dynamic_task_mapping_with_no_taskflow_operators.py for tasks to queue
[2025-07-18T09:04:23.766+0700] {logging_mixin.py:188} INFO - [2025-07-18T09:04:23.766+0700] {dagbag.py:545} INFO - Filling up the DagBag from /home/menglim/airflow_venv/lib/python3.12/site-packages/airflow/example_dags/example_dynamic_task_mapping_with_no_taskflow_operators.py
[2025-07-18T09:04:23.770+0700] {processor.py:840} INFO - DAG(s) 'example_dynamic_task_mapping_with_no_taskflow_operators' retrieved from /home/menglim/airflow_venv/lib/python3.12/site-packages/airflow/example_dags/example_dynamic_task_mapping_with_no_taskflow_operators.py
[2025-07-18T09:04:23.778+0700] {logging_mixin.py:188} INFO - [2025-07-18T09:04:23.778+0700] {dag.py:3096} INFO - Sync 1 DAGs
[2025-07-18T09:04:23.788+0700] {logging_mixin.py:188} INFO - [2025-07-18T09:04:23.787+0700] {dag.py:3954} INFO - Setting next_dagrun for example_dynamic_task_mapping_with_no_taskflow_operators to 2025-07-17 00:00:00+00:00, run_after=2025-07-18 00:00:00+00:00
[2025-07-18T09:04:23.809+0700] {processor.py:183} INFO - Processing /home/menglim/airflow_venv/lib/python3.12/site-packages/airflow/example_dags/example_dynamic_task_mapping_with_no_taskflow_operators.py took 0.050 seconds
[2025-07-18T09:05:18.321+0700] {processor.py:161} INFO - Started process (PID=3861) to work on /home/menglim/airflow_venv/lib/python3.12/site-packages/airflow/example_dags/example_dynamic_task_mapping_with_no_taskflow_operators.py
[2025-07-18T09:05:18.325+0700] {processor.py:830} INFO - Processing file /home/menglim/airflow_venv/lib/python3.12/site-packages/airflow/example_dags/example_dynamic_task_mapping_with_no_taskflow_operators.py for tasks to queue
[2025-07-18T09:05:18.327+0700] {logging_mixin.py:188} INFO - [2025-07-18T09:05:18.327+0700] {dagbag.py:545} INFO - Filling up the DagBag from /home/menglim/airflow_venv/lib/python3.12/site-packages/airflow/example_dags/example_dynamic_task_mapping_with_no_taskflow_operators.py
[2025-07-18T09:05:18.335+0700] {processor.py:840} INFO - DAG(s) 'example_dynamic_task_mapping_with_no_taskflow_operators' retrieved from /home/menglim/airflow_venv/lib/python3.12/site-packages/airflow/example_dags/example_dynamic_task_mapping_with_no_taskflow_operators.py
[2025-07-18T09:05:18.359+0700] {logging_mixin.py:188} INFO - [2025-07-18T09:05:18.358+0700] {dag.py:3096} INFO - Sync 1 DAGs
[2025-07-18T09:05:18.380+0700] {logging_mixin.py:188} INFO - [2025-07-18T09:05:18.379+0700] {dag.py:3954} INFO - Setting next_dagrun for example_dynamic_task_mapping_with_no_taskflow_operators to 2025-07-17 00:00:00+00:00, run_after=2025-07-18 00:00:00+00:00
[2025-07-18T09:05:18.415+0700] {processor.py:183} INFO - Processing /home/menglim/airflow_venv/lib/python3.12/site-packages/airflow/example_dags/example_dynamic_task_mapping_with_no_taskflow_operators.py took 0.101 seconds
[2025-07-18T09:06:17.616+0700] {processor.py:161} INFO - Started process (PID=3939) to work on /home/menglim/airflow_venv/lib/python3.12/site-packages/airflow/example_dags/example_dynamic_task_mapping_with_no_taskflow_operators.py
[2025-07-18T09:06:17.619+0700] {processor.py:830} INFO - Processing file /home/menglim/airflow_venv/lib/python3.12/site-packages/airflow/example_dags/example_dynamic_task_mapping_with_no_taskflow_operators.py for tasks to queue
[2025-07-18T09:06:17.619+0700] {logging_mixin.py:188} INFO - [2025-07-18T09:06:17.619+0700] {dagbag.py:545} INFO - Filling up the DagBag from /home/menglim/airflow_venv/lib/python3.12/site-packages/airflow/example_dags/example_dynamic_task_mapping_with_no_taskflow_operators.py
[2025-07-18T09:06:17.625+0700] {processor.py:840} INFO - DAG(s) 'example_dynamic_task_mapping_with_no_taskflow_operators' retrieved from /home/menglim/airflow_venv/lib/python3.12/site-packages/airflow/example_dags/example_dynamic_task_mapping_with_no_taskflow_operators.py
[2025-07-18T09:06:17.634+0700] {logging_mixin.py:188} INFO - [2025-07-18T09:06:17.634+0700] {dag.py:3096} INFO - Sync 1 DAGs
[2025-07-18T09:06:17.644+0700] {logging_mixin.py:188} INFO - [2025-07-18T09:06:17.644+0700] {dag.py:3954} INFO - Setting next_dagrun for example_dynamic_task_mapping_with_no_taskflow_operators to 2025-07-17 00:00:00+00:00, run_after=2025-07-18 00:00:00+00:00
[2025-07-18T09:06:17.706+0700] {processor.py:183} INFO - Processing /home/menglim/airflow_venv/lib/python3.12/site-packages/airflow/example_dags/example_dynamic_task_mapping_with_no_taskflow_operators.py took 0.094 seconds
[2025-07-18T09:07:14.931+0700] {processor.py:161} INFO - Started process (PID=4052) to work on /home/menglim/airflow_venv/lib/python3.12/site-packages/airflow/example_dags/example_dynamic_task_mapping_with_no_taskflow_operators.py
[2025-07-18T09:07:14.934+0700] {processor.py:830} INFO - Processing file /home/menglim/airflow_venv/lib/python3.12/site-packages/airflow/example_dags/example_dynamic_task_mapping_with_no_taskflow_operators.py for tasks to queue
[2025-07-18T09:07:14.934+0700] {logging_mixin.py:188} INFO - [2025-07-18T09:07:14.934+0700] {dagbag.py:545} INFO - Filling up the DagBag from /home/menglim/airflow_venv/lib/python3.12/site-packages/airflow/example_dags/example_dynamic_task_mapping_with_no_taskflow_operators.py
[2025-07-18T09:07:14.939+0700] {processor.py:840} INFO - DAG(s) 'example_dynamic_task_mapping_with_no_taskflow_operators' retrieved from /home/menglim/airflow_venv/lib/python3.12/site-packages/airflow/example_dags/example_dynamic_task_mapping_with_no_taskflow_operators.py
[2025-07-18T09:07:14.947+0700] {logging_mixin.py:188} INFO - [2025-07-18T09:07:14.947+0700] {dag.py:3096} INFO - Sync 1 DAGs
[2025-07-18T09:07:14.957+0700] {logging_mixin.py:188} INFO - [2025-07-18T09:07:14.956+0700] {dag.py:3954} INFO - Setting next_dagrun for example_dynamic_task_mapping_with_no_taskflow_operators to 2025-07-17 00:00:00+00:00, run_after=2025-07-18 00:00:00+00:00
[2025-07-18T09:07:14.980+0700] {processor.py:183} INFO - Processing /home/menglim/airflow_venv/lib/python3.12/site-packages/airflow/example_dags/example_dynamic_task_mapping_with_no_taskflow_operators.py took 0.055 seconds
[2025-07-18T09:08:13.006+0700] {processor.py:161} INFO - Started process (PID=4162) to work on /home/menglim/airflow_venv/lib/python3.12/site-packages/airflow/example_dags/example_dynamic_task_mapping_with_no_taskflow_operators.py
[2025-07-18T09:08:13.010+0700] {processor.py:830} INFO - Processing file /home/menglim/airflow_venv/lib/python3.12/site-packages/airflow/example_dags/example_dynamic_task_mapping_with_no_taskflow_operators.py for tasks to queue
[2025-07-18T09:08:13.011+0700] {logging_mixin.py:188} INFO - [2025-07-18T09:08:13.011+0700] {dagbag.py:545} INFO - Filling up the DagBag from /home/menglim/airflow_venv/lib/python3.12/site-packages/airflow/example_dags/example_dynamic_task_mapping_with_no_taskflow_operators.py
[2025-07-18T09:08:13.020+0700] {processor.py:840} INFO - DAG(s) 'example_dynamic_task_mapping_with_no_taskflow_operators' retrieved from /home/menglim/airflow_venv/lib/python3.12/site-packages/airflow/example_dags/example_dynamic_task_mapping_with_no_taskflow_operators.py
[2025-07-18T09:08:13.038+0700] {logging_mixin.py:188} INFO - [2025-07-18T09:08:13.038+0700] {dag.py:3096} INFO - Sync 1 DAGs
[2025-07-18T09:08:13.064+0700] {logging_mixin.py:188} INFO - [2025-07-18T09:08:13.063+0700] {dag.py:3954} INFO - Setting next_dagrun for example_dynamic_task_mapping_with_no_taskflow_operators to 2025-07-17 00:00:00+00:00, run_after=2025-07-18 00:00:00+00:00
[2025-07-18T09:08:13.099+0700] {processor.py:183} INFO - Processing /home/menglim/airflow_venv/lib/python3.12/site-packages/airflow/example_dags/example_dynamic_task_mapping_with_no_taskflow_operators.py took 0.101 seconds
[2025-07-18T09:09:09.699+0700] {processor.py:161} INFO - Started process (PID=4279) to work on /home/menglim/airflow_venv/lib/python3.12/site-packages/airflow/example_dags/example_dynamic_task_mapping_with_no_taskflow_operators.py
[2025-07-18T09:09:09.700+0700] {processor.py:830} INFO - Processing file /home/menglim/airflow_venv/lib/python3.12/site-packages/airflow/example_dags/example_dynamic_task_mapping_with_no_taskflow_operators.py for tasks to queue
[2025-07-18T09:09:09.701+0700] {logging_mixin.py:188} INFO - [2025-07-18T09:09:09.701+0700] {dagbag.py:545} INFO - Filling up the DagBag from /home/menglim/airflow_venv/lib/python3.12/site-packages/airflow/example_dags/example_dynamic_task_mapping_with_no_taskflow_operators.py
[2025-07-18T09:09:09.705+0700] {processor.py:840} INFO - DAG(s) 'example_dynamic_task_mapping_with_no_taskflow_operators' retrieved from /home/menglim/airflow_venv/lib/python3.12/site-packages/airflow/example_dags/example_dynamic_task_mapping_with_no_taskflow_operators.py
[2025-07-18T09:09:09.720+0700] {logging_mixin.py:188} INFO - [2025-07-18T09:09:09.720+0700] {dag.py:3096} INFO - Sync 1 DAGs
[2025-07-18T09:09:09.739+0700] {logging_mixin.py:188} INFO - [2025-07-18T09:09:09.739+0700] {dag.py:3954} INFO - Setting next_dagrun for example_dynamic_task_mapping_with_no_taskflow_operators to 2025-07-17 00:00:00+00:00, run_after=2025-07-18 00:00:00+00:00
[2025-07-18T09:09:09.770+0700] {processor.py:183} INFO - Processing /home/menglim/airflow_venv/lib/python3.12/site-packages/airflow/example_dags/example_dynamic_task_mapping_with_no_taskflow_operators.py took 0.074 seconds
[2025-07-18T09:09:58.012+0700] {processor.py:161} INFO - Started process (PID=4357) to work on /home/menglim/airflow_venv/lib/python3.12/site-packages/airflow/example_dags/example_dynamic_task_mapping_with_no_taskflow_operators.py
[2025-07-18T09:09:58.015+0700] {processor.py:830} INFO - Processing file /home/menglim/airflow_venv/lib/python3.12/site-packages/airflow/example_dags/example_dynamic_task_mapping_with_no_taskflow_operators.py for tasks to queue
[2025-07-18T09:09:58.015+0700] {logging_mixin.py:188} INFO - [2025-07-18T09:09:58.015+0700] {dagbag.py:545} INFO - Filling up the DagBag from /home/menglim/airflow_venv/lib/python3.12/site-packages/airflow/example_dags/example_dynamic_task_mapping_with_no_taskflow_operators.py
[2025-07-18T09:09:58.019+0700] {processor.py:840} INFO - DAG(s) 'example_dynamic_task_mapping_with_no_taskflow_operators' retrieved from /home/menglim/airflow_venv/lib/python3.12/site-packages/airflow/example_dags/example_dynamic_task_mapping_with_no_taskflow_operators.py
[2025-07-18T09:09:58.027+0700] {logging_mixin.py:188} INFO - [2025-07-18T09:09:58.027+0700] {dag.py:3096} INFO - Sync 1 DAGs
[2025-07-18T09:09:58.037+0700] {logging_mixin.py:188} INFO - [2025-07-18T09:09:58.037+0700] {dag.py:3954} INFO - Setting next_dagrun for example_dynamic_task_mapping_with_no_taskflow_operators to 2025-07-17 00:00:00+00:00, run_after=2025-07-18 00:00:00+00:00
[2025-07-18T09:09:58.057+0700] {processor.py:183} INFO - Processing /home/menglim/airflow_venv/lib/python3.12/site-packages/airflow/example_dags/example_dynamic_task_mapping_with_no_taskflow_operators.py took 0.049 seconds
[2025-07-18T09:10:54.195+0700] {processor.py:161} INFO - Started process (PID=4480) to work on /home/menglim/airflow_venv/lib/python3.12/site-packages/airflow/example_dags/example_dynamic_task_mapping_with_no_taskflow_operators.py
[2025-07-18T09:10:54.196+0700] {processor.py:830} INFO - Processing file /home/menglim/airflow_venv/lib/python3.12/site-packages/airflow/example_dags/example_dynamic_task_mapping_with_no_taskflow_operators.py for tasks to queue
[2025-07-18T09:10:54.197+0700] {logging_mixin.py:188} INFO - [2025-07-18T09:10:54.196+0700] {dagbag.py:545} INFO - Filling up the DagBag from /home/menglim/airflow_venv/lib/python3.12/site-packages/airflow/example_dags/example_dynamic_task_mapping_with_no_taskflow_operators.py
[2025-07-18T09:10:54.202+0700] {processor.py:840} INFO - DAG(s) 'example_dynamic_task_mapping_with_no_taskflow_operators' retrieved from /home/menglim/airflow_venv/lib/python3.12/site-packages/airflow/example_dags/example_dynamic_task_mapping_with_no_taskflow_operators.py
[2025-07-18T09:10:54.213+0700] {logging_mixin.py:188} INFO - [2025-07-18T09:10:54.213+0700] {dag.py:3096} INFO - Sync 1 DAGs
[2025-07-18T09:10:54.226+0700] {logging_mixin.py:188} INFO - [2025-07-18T09:10:54.226+0700] {dag.py:3954} INFO - Setting next_dagrun for example_dynamic_task_mapping_with_no_taskflow_operators to 2025-07-17 00:00:00+00:00, run_after=2025-07-18 00:00:00+00:00
[2025-07-18T09:10:54.247+0700] {processor.py:183} INFO - Processing /home/menglim/airflow_venv/lib/python3.12/site-packages/airflow/example_dags/example_dynamic_task_mapping_with_no_taskflow_operators.py took 0.055 seconds
[2025-07-18T09:11:57.600+0700] {processor.py:161} INFO - Started process (PID=4605) to work on /home/menglim/airflow_venv/lib/python3.12/site-packages/airflow/example_dags/example_dynamic_task_mapping_with_no_taskflow_operators.py
[2025-07-18T09:11:57.602+0700] {processor.py:830} INFO - Processing file /home/menglim/airflow_venv/lib/python3.12/site-packages/airflow/example_dags/example_dynamic_task_mapping_with_no_taskflow_operators.py for tasks to queue
[2025-07-18T09:11:57.602+0700] {logging_mixin.py:188} INFO - [2025-07-18T09:11:57.602+0700] {dagbag.py:545} INFO - Filling up the DagBag from /home/menglim/airflow_venv/lib/python3.12/site-packages/airflow/example_dags/example_dynamic_task_mapping_with_no_taskflow_operators.py
[2025-07-18T09:11:57.607+0700] {processor.py:840} INFO - DAG(s) 'example_dynamic_task_mapping_with_no_taskflow_operators' retrieved from /home/menglim/airflow_venv/lib/python3.12/site-packages/airflow/example_dags/example_dynamic_task_mapping_with_no_taskflow_operators.py
[2025-07-18T09:11:57.616+0700] {logging_mixin.py:188} INFO - [2025-07-18T09:11:57.616+0700] {dag.py:3096} INFO - Sync 1 DAGs
[2025-07-18T09:11:57.626+0700] {logging_mixin.py:188} INFO - [2025-07-18T09:11:57.626+0700] {dag.py:3954} INFO - Setting next_dagrun for example_dynamic_task_mapping_with_no_taskflow_operators to 2025-07-17 00:00:00+00:00, run_after=2025-07-18 00:00:00+00:00
[2025-07-18T09:11:57.646+0700] {processor.py:183} INFO - Processing /home/menglim/airflow_venv/lib/python3.12/site-packages/airflow/example_dags/example_dynamic_task_mapping_with_no_taskflow_operators.py took 0.050 seconds
[2025-07-18T09:12:51.180+0700] {processor.py:161} INFO - Started process (PID=4686) to work on /home/menglim/airflow_venv/lib/python3.12/site-packages/airflow/example_dags/example_dynamic_task_mapping_with_no_taskflow_operators.py
[2025-07-18T09:12:51.182+0700] {processor.py:830} INFO - Processing file /home/menglim/airflow_venv/lib/python3.12/site-packages/airflow/example_dags/example_dynamic_task_mapping_with_no_taskflow_operators.py for tasks to queue
[2025-07-18T09:12:51.182+0700] {logging_mixin.py:188} INFO - [2025-07-18T09:12:51.182+0700] {dagbag.py:545} INFO - Filling up the DagBag from /home/menglim/airflow_venv/lib/python3.12/site-packages/airflow/example_dags/example_dynamic_task_mapping_with_no_taskflow_operators.py
[2025-07-18T09:12:51.186+0700] {processor.py:840} INFO - DAG(s) 'example_dynamic_task_mapping_with_no_taskflow_operators' retrieved from /home/menglim/airflow_venv/lib/python3.12/site-packages/airflow/example_dags/example_dynamic_task_mapping_with_no_taskflow_operators.py
[2025-07-18T09:12:51.195+0700] {logging_mixin.py:188} INFO - [2025-07-18T09:12:51.195+0700] {dag.py:3096} INFO - Sync 1 DAGs
[2025-07-18T09:12:51.206+0700] {logging_mixin.py:188} INFO - [2025-07-18T09:12:51.205+0700] {dag.py:3954} INFO - Setting next_dagrun for example_dynamic_task_mapping_with_no_taskflow_operators to 2025-07-17 00:00:00+00:00, run_after=2025-07-18 00:00:00+00:00
[2025-07-18T09:12:51.226+0700] {processor.py:183} INFO - Processing /home/menglim/airflow_venv/lib/python3.12/site-packages/airflow/example_dags/example_dynamic_task_mapping_with_no_taskflow_operators.py took 0.049 seconds
[2025-07-18T09:13:49.815+0700] {processor.py:161} INFO - Started process (PID=5256) to work on /home/menglim/airflow_venv/lib/python3.12/site-packages/airflow/example_dags/example_dynamic_task_mapping_with_no_taskflow_operators.py
[2025-07-18T09:13:49.817+0700] {processor.py:830} INFO - Processing file /home/menglim/airflow_venv/lib/python3.12/site-packages/airflow/example_dags/example_dynamic_task_mapping_with_no_taskflow_operators.py for tasks to queue
[2025-07-18T09:13:49.818+0700] {logging_mixin.py:188} INFO - [2025-07-18T09:13:49.817+0700] {dagbag.py:545} INFO - Filling up the DagBag from /home/menglim/airflow_venv/lib/python3.12/site-packages/airflow/example_dags/example_dynamic_task_mapping_with_no_taskflow_operators.py
[2025-07-18T09:13:49.822+0700] {processor.py:840} INFO - DAG(s) 'example_dynamic_task_mapping_with_no_taskflow_operators' retrieved from /home/menglim/airflow_venv/lib/python3.12/site-packages/airflow/example_dags/example_dynamic_task_mapping_with_no_taskflow_operators.py
[2025-07-18T09:13:49.831+0700] {logging_mixin.py:188} INFO - [2025-07-18T09:13:49.831+0700] {dag.py:3096} INFO - Sync 1 DAGs
[2025-07-18T09:13:49.842+0700] {logging_mixin.py:188} INFO - [2025-07-18T09:13:49.841+0700] {dag.py:3954} INFO - Setting next_dagrun for example_dynamic_task_mapping_with_no_taskflow_operators to 2025-07-17 00:00:00+00:00, run_after=2025-07-18 00:00:00+00:00
[2025-07-18T09:13:49.864+0700] {processor.py:183} INFO - Processing /home/menglim/airflow_venv/lib/python3.12/site-packages/airflow/example_dags/example_dynamic_task_mapping_with_no_taskflow_operators.py took 0.052 seconds
[2025-07-18T09:14:57.871+0700] {processor.py:161} INFO - Started process (PID=5416) to work on /home/menglim/airflow_venv/lib/python3.12/site-packages/airflow/example_dags/example_dynamic_task_mapping_with_no_taskflow_operators.py
[2025-07-18T09:14:57.874+0700] {processor.py:830} INFO - Processing file /home/menglim/airflow_venv/lib/python3.12/site-packages/airflow/example_dags/example_dynamic_task_mapping_with_no_taskflow_operators.py for tasks to queue
[2025-07-18T09:14:57.875+0700] {logging_mixin.py:188} INFO - [2025-07-18T09:14:57.875+0700] {dagbag.py:545} INFO - Filling up the DagBag from /home/menglim/airflow_venv/lib/python3.12/site-packages/airflow/example_dags/example_dynamic_task_mapping_with_no_taskflow_operators.py
[2025-07-18T09:14:57.884+0700] {processor.py:840} INFO - DAG(s) 'example_dynamic_task_mapping_with_no_taskflow_operators' retrieved from /home/menglim/airflow_venv/lib/python3.12/site-packages/airflow/example_dags/example_dynamic_task_mapping_with_no_taskflow_operators.py
[2025-07-18T09:14:57.904+0700] {logging_mixin.py:188} INFO - [2025-07-18T09:14:57.903+0700] {dag.py:3096} INFO - Sync 1 DAGs
[2025-07-18T09:14:57.941+0700] {logging_mixin.py:188} INFO - [2025-07-18T09:14:57.941+0700] {dag.py:3954} INFO - Setting next_dagrun for example_dynamic_task_mapping_with_no_taskflow_operators to 2025-07-17 00:00:00+00:00, run_after=2025-07-18 00:00:00+00:00
[2025-07-18T09:14:57.974+0700] {processor.py:183} INFO - Processing /home/menglim/airflow_venv/lib/python3.12/site-packages/airflow/example_dags/example_dynamic_task_mapping_with_no_taskflow_operators.py took 0.114 seconds
[2025-07-18T09:15:57.837+0700] {processor.py:161} INFO - Started process (PID=5529) to work on /home/menglim/airflow_venv/lib/python3.12/site-packages/airflow/example_dags/example_dynamic_task_mapping_with_no_taskflow_operators.py
[2025-07-18T09:15:57.838+0700] {processor.py:830} INFO - Processing file /home/menglim/airflow_venv/lib/python3.12/site-packages/airflow/example_dags/example_dynamic_task_mapping_with_no_taskflow_operators.py for tasks to queue
[2025-07-18T09:15:57.839+0700] {logging_mixin.py:188} INFO - [2025-07-18T09:15:57.839+0700] {dagbag.py:545} INFO - Filling up the DagBag from /home/menglim/airflow_venv/lib/python3.12/site-packages/airflow/example_dags/example_dynamic_task_mapping_with_no_taskflow_operators.py
[2025-07-18T09:15:57.843+0700] {processor.py:840} INFO - DAG(s) 'example_dynamic_task_mapping_with_no_taskflow_operators' retrieved from /home/menglim/airflow_venv/lib/python3.12/site-packages/airflow/example_dags/example_dynamic_task_mapping_with_no_taskflow_operators.py
[2025-07-18T09:15:57.853+0700] {logging_mixin.py:188} INFO - [2025-07-18T09:15:57.852+0700] {dag.py:3096} INFO - Sync 1 DAGs
[2025-07-18T09:15:57.863+0700] {logging_mixin.py:188} INFO - [2025-07-18T09:15:57.863+0700] {dag.py:3954} INFO - Setting next_dagrun for example_dynamic_task_mapping_with_no_taskflow_operators to 2025-07-17 00:00:00+00:00, run_after=2025-07-18 00:00:00+00:00
[2025-07-18T09:15:57.884+0700] {processor.py:183} INFO - Processing /home/menglim/airflow_venv/lib/python3.12/site-packages/airflow/example_dags/example_dynamic_task_mapping_with_no_taskflow_operators.py took 0.050 seconds
[2025-07-18T09:17:27.027+0700] {processor.py:161} INFO - Started process (PID=5823) to work on /home/menglim/airflow_venv/lib/python3.12/site-packages/airflow/example_dags/example_dynamic_task_mapping_with_no_taskflow_operators.py
[2025-07-18T09:17:27.029+0700] {processor.py:830} INFO - Processing file /home/menglim/airflow_venv/lib/python3.12/site-packages/airflow/example_dags/example_dynamic_task_mapping_with_no_taskflow_operators.py for tasks to queue
[2025-07-18T09:17:27.030+0700] {logging_mixin.py:188} INFO - [2025-07-18T09:17:27.030+0700] {dagbag.py:545} INFO - Filling up the DagBag from /home/menglim/airflow_venv/lib/python3.12/site-packages/airflow/example_dags/example_dynamic_task_mapping_with_no_taskflow_operators.py
[2025-07-18T09:17:27.034+0700] {processor.py:840} INFO - DAG(s) 'example_dynamic_task_mapping_with_no_taskflow_operators' retrieved from /home/menglim/airflow_venv/lib/python3.12/site-packages/airflow/example_dags/example_dynamic_task_mapping_with_no_taskflow_operators.py
[2025-07-18T09:17:27.043+0700] {logging_mixin.py:188} INFO - [2025-07-18T09:17:27.043+0700] {dag.py:3096} INFO - Sync 1 DAGs
[2025-07-18T09:17:27.054+0700] {logging_mixin.py:188} INFO - [2025-07-18T09:17:27.053+0700] {dag.py:3954} INFO - Setting next_dagrun for example_dynamic_task_mapping_with_no_taskflow_operators to 2025-07-17 00:00:00+00:00, run_after=2025-07-18 00:00:00+00:00
[2025-07-18T09:17:27.080+0700] {processor.py:183} INFO - Processing /home/menglim/airflow_venv/lib/python3.12/site-packages/airflow/example_dags/example_dynamic_task_mapping_with_no_taskflow_operators.py took 0.056 seconds
[2025-07-18T09:18:30.402+0700] {processor.py:161} INFO - Started process (PID=5937) to work on /home/menglim/airflow_venv/lib/python3.12/site-packages/airflow/example_dags/example_dynamic_task_mapping_with_no_taskflow_operators.py
[2025-07-18T09:18:30.404+0700] {processor.py:830} INFO - Processing file /home/menglim/airflow_venv/lib/python3.12/site-packages/airflow/example_dags/example_dynamic_task_mapping_with_no_taskflow_operators.py for tasks to queue
[2025-07-18T09:18:30.406+0700] {logging_mixin.py:188} INFO - [2025-07-18T09:18:30.405+0700] {dagbag.py:545} INFO - Filling up the DagBag from /home/menglim/airflow_venv/lib/python3.12/site-packages/airflow/example_dags/example_dynamic_task_mapping_with_no_taskflow_operators.py
[2025-07-18T09:18:30.420+0700] {processor.py:840} INFO - DAG(s) 'example_dynamic_task_mapping_with_no_taskflow_operators' retrieved from /home/menglim/airflow_venv/lib/python3.12/site-packages/airflow/example_dags/example_dynamic_task_mapping_with_no_taskflow_operators.py
[2025-07-18T09:18:30.443+0700] {logging_mixin.py:188} INFO - [2025-07-18T09:18:30.442+0700] {dag.py:3096} INFO - Sync 1 DAGs
[2025-07-18T09:18:30.471+0700] {logging_mixin.py:188} INFO - [2025-07-18T09:18:30.471+0700] {dag.py:3954} INFO - Setting next_dagrun for example_dynamic_task_mapping_with_no_taskflow_operators to 2025-07-17 00:00:00+00:00, run_after=2025-07-18 00:00:00+00:00
[2025-07-18T09:18:30.515+0700] {processor.py:183} INFO - Processing /home/menglim/airflow_venv/lib/python3.12/site-packages/airflow/example_dags/example_dynamic_task_mapping_with_no_taskflow_operators.py took 0.122 seconds
[2025-07-18T09:19:46.348+0700] {processor.py:161} INFO - Started process (PID=6108) to work on /home/menglim/airflow_venv/lib/python3.12/site-packages/airflow/example_dags/example_dynamic_task_mapping_with_no_taskflow_operators.py
[2025-07-18T09:19:46.349+0700] {processor.py:830} INFO - Processing file /home/menglim/airflow_venv/lib/python3.12/site-packages/airflow/example_dags/example_dynamic_task_mapping_with_no_taskflow_operators.py for tasks to queue
[2025-07-18T09:19:46.349+0700] {logging_mixin.py:188} INFO - [2025-07-18T09:19:46.349+0700] {dagbag.py:545} INFO - Filling up the DagBag from /home/menglim/airflow_venv/lib/python3.12/site-packages/airflow/example_dags/example_dynamic_task_mapping_with_no_taskflow_operators.py
[2025-07-18T09:19:46.353+0700] {processor.py:840} INFO - DAG(s) 'example_dynamic_task_mapping_with_no_taskflow_operators' retrieved from /home/menglim/airflow_venv/lib/python3.12/site-packages/airflow/example_dags/example_dynamic_task_mapping_with_no_taskflow_operators.py
[2025-07-18T09:19:46.362+0700] {logging_mixin.py:188} INFO - [2025-07-18T09:19:46.362+0700] {dag.py:3096} INFO - Sync 1 DAGs
[2025-07-18T09:19:46.372+0700] {logging_mixin.py:188} INFO - [2025-07-18T09:19:46.372+0700] {dag.py:3954} INFO - Setting next_dagrun for example_dynamic_task_mapping_with_no_taskflow_operators to 2025-07-17 00:00:00+00:00, run_after=2025-07-18 00:00:00+00:00
[2025-07-18T09:19:46.393+0700] {processor.py:183} INFO - Processing /home/menglim/airflow_venv/lib/python3.12/site-packages/airflow/example_dags/example_dynamic_task_mapping_with_no_taskflow_operators.py took 0.049 seconds
[2025-07-18T09:20:44.697+0700] {processor.py:161} INFO - Started process (PID=6232) to work on /home/menglim/airflow_venv/lib/python3.12/site-packages/airflow/example_dags/example_dynamic_task_mapping_with_no_taskflow_operators.py
[2025-07-18T09:20:44.698+0700] {processor.py:830} INFO - Processing file /home/menglim/airflow_venv/lib/python3.12/site-packages/airflow/example_dags/example_dynamic_task_mapping_with_no_taskflow_operators.py for tasks to queue
[2025-07-18T09:20:44.699+0700] {logging_mixin.py:188} INFO - [2025-07-18T09:20:44.699+0700] {dagbag.py:545} INFO - Filling up the DagBag from /home/menglim/airflow_venv/lib/python3.12/site-packages/airflow/example_dags/example_dynamic_task_mapping_with_no_taskflow_operators.py
[2025-07-18T09:20:44.703+0700] {processor.py:840} INFO - DAG(s) 'example_dynamic_task_mapping_with_no_taskflow_operators' retrieved from /home/menglim/airflow_venv/lib/python3.12/site-packages/airflow/example_dags/example_dynamic_task_mapping_with_no_taskflow_operators.py
[2025-07-18T09:20:44.711+0700] {logging_mixin.py:188} INFO - [2025-07-18T09:20:44.711+0700] {dag.py:3096} INFO - Sync 1 DAGs
[2025-07-18T09:20:44.721+0700] {logging_mixin.py:188} INFO - [2025-07-18T09:20:44.721+0700] {dag.py:3954} INFO - Setting next_dagrun for example_dynamic_task_mapping_with_no_taskflow_operators to 2025-07-17 00:00:00+00:00, run_after=2025-07-18 00:00:00+00:00
[2025-07-18T09:20:44.743+0700] {processor.py:183} INFO - Processing /home/menglim/airflow_venv/lib/python3.12/site-packages/airflow/example_dags/example_dynamic_task_mapping_with_no_taskflow_operators.py took 0.050 seconds
[2025-07-18T09:22:01.026+0700] {processor.py:161} INFO - Started process (PID=6460) to work on /home/menglim/airflow_venv/lib/python3.12/site-packages/airflow/example_dags/example_dynamic_task_mapping_with_no_taskflow_operators.py
[2025-07-18T09:22:01.028+0700] {processor.py:830} INFO - Processing file /home/menglim/airflow_venv/lib/python3.12/site-packages/airflow/example_dags/example_dynamic_task_mapping_with_no_taskflow_operators.py for tasks to queue
[2025-07-18T09:22:01.029+0700] {logging_mixin.py:188} INFO - [2025-07-18T09:22:01.029+0700] {dagbag.py:545} INFO - Filling up the DagBag from /home/menglim/airflow_venv/lib/python3.12/site-packages/airflow/example_dags/example_dynamic_task_mapping_with_no_taskflow_operators.py
[2025-07-18T09:22:01.037+0700] {processor.py:840} INFO - DAG(s) 'example_dynamic_task_mapping_with_no_taskflow_operators' retrieved from /home/menglim/airflow_venv/lib/python3.12/site-packages/airflow/example_dags/example_dynamic_task_mapping_with_no_taskflow_operators.py
[2025-07-18T09:22:01.055+0700] {logging_mixin.py:188} INFO - [2025-07-18T09:22:01.055+0700] {dag.py:3096} INFO - Sync 1 DAGs
[2025-07-18T09:22:01.071+0700] {logging_mixin.py:188} INFO - [2025-07-18T09:22:01.070+0700] {dag.py:3954} INFO - Setting next_dagrun for example_dynamic_task_mapping_with_no_taskflow_operators to 2025-07-17 00:00:00+00:00, run_after=2025-07-18 00:00:00+00:00
[2025-07-18T09:22:01.090+0700] {processor.py:183} INFO - Processing /home/menglim/airflow_venv/lib/python3.12/site-packages/airflow/example_dags/example_dynamic_task_mapping_with_no_taskflow_operators.py took 0.071 seconds
[2025-07-18T09:23:13.754+0700] {processor.py:161} INFO - Started process (PID=6689) to work on /home/menglim/airflow_venv/lib/python3.12/site-packages/airflow/example_dags/example_dynamic_task_mapping_with_no_taskflow_operators.py
[2025-07-18T09:23:13.755+0700] {processor.py:830} INFO - Processing file /home/menglim/airflow_venv/lib/python3.12/site-packages/airflow/example_dags/example_dynamic_task_mapping_with_no_taskflow_operators.py for tasks to queue
[2025-07-18T09:23:13.756+0700] {logging_mixin.py:188} INFO - [2025-07-18T09:23:13.756+0700] {dagbag.py:545} INFO - Filling up the DagBag from /home/menglim/airflow_venv/lib/python3.12/site-packages/airflow/example_dags/example_dynamic_task_mapping_with_no_taskflow_operators.py
[2025-07-18T09:23:13.762+0700] {processor.py:840} INFO - DAG(s) 'example_dynamic_task_mapping_with_no_taskflow_operators' retrieved from /home/menglim/airflow_venv/lib/python3.12/site-packages/airflow/example_dags/example_dynamic_task_mapping_with_no_taskflow_operators.py
[2025-07-18T09:23:13.773+0700] {logging_mixin.py:188} INFO - [2025-07-18T09:23:13.772+0700] {dag.py:3096} INFO - Sync 1 DAGs
[2025-07-18T09:23:13.787+0700] {logging_mixin.py:188} INFO - [2025-07-18T09:23:13.786+0700] {dag.py:3954} INFO - Setting next_dagrun for example_dynamic_task_mapping_with_no_taskflow_operators to 2025-07-17 00:00:00+00:00, run_after=2025-07-18 00:00:00+00:00
[2025-07-18T09:23:13.830+0700] {processor.py:183} INFO - Processing /home/menglim/airflow_venv/lib/python3.12/site-packages/airflow/example_dags/example_dynamic_task_mapping_with_no_taskflow_operators.py took 0.083 seconds
[2025-07-18T09:24:34.772+0700] {processor.py:161} INFO - Started process (PID=6925) to work on /home/menglim/airflow_venv/lib/python3.12/site-packages/airflow/example_dags/example_dynamic_task_mapping_with_no_taskflow_operators.py
[2025-07-18T09:24:34.774+0700] {processor.py:830} INFO - Processing file /home/menglim/airflow_venv/lib/python3.12/site-packages/airflow/example_dags/example_dynamic_task_mapping_with_no_taskflow_operators.py for tasks to queue
[2025-07-18T09:24:34.775+0700] {logging_mixin.py:188} INFO - [2025-07-18T09:24:34.775+0700] {dagbag.py:545} INFO - Filling up the DagBag from /home/menglim/airflow_venv/lib/python3.12/site-packages/airflow/example_dags/example_dynamic_task_mapping_with_no_taskflow_operators.py
[2025-07-18T09:24:34.780+0700] {processor.py:840} INFO - DAG(s) 'example_dynamic_task_mapping_with_no_taskflow_operators' retrieved from /home/menglim/airflow_venv/lib/python3.12/site-packages/airflow/example_dags/example_dynamic_task_mapping_with_no_taskflow_operators.py
[2025-07-18T09:24:34.789+0700] {logging_mixin.py:188} INFO - [2025-07-18T09:24:34.789+0700] {dag.py:3096} INFO - Sync 1 DAGs
[2025-07-18T09:24:34.799+0700] {logging_mixin.py:188} INFO - [2025-07-18T09:24:34.799+0700] {dag.py:3954} INFO - Setting next_dagrun for example_dynamic_task_mapping_with_no_taskflow_operators to 2025-07-17 00:00:00+00:00, run_after=2025-07-18 00:00:00+00:00
[2025-07-18T09:24:34.819+0700] {processor.py:183} INFO - Processing /home/menglim/airflow_venv/lib/python3.12/site-packages/airflow/example_dags/example_dynamic_task_mapping_with_no_taskflow_operators.py took 0.050 seconds
[2025-07-18T09:25:39.525+0700] {processor.py:161} INFO - Started process (PID=7098) to work on /home/menglim/airflow_venv/lib/python3.12/site-packages/airflow/example_dags/example_dynamic_task_mapping_with_no_taskflow_operators.py
[2025-07-18T09:25:39.527+0700] {processor.py:830} INFO - Processing file /home/menglim/airflow_venv/lib/python3.12/site-packages/airflow/example_dags/example_dynamic_task_mapping_with_no_taskflow_operators.py for tasks to queue
[2025-07-18T09:25:39.528+0700] {logging_mixin.py:188} INFO - [2025-07-18T09:25:39.527+0700] {dagbag.py:545} INFO - Filling up the DagBag from /home/menglim/airflow_venv/lib/python3.12/site-packages/airflow/example_dags/example_dynamic_task_mapping_with_no_taskflow_operators.py
[2025-07-18T09:25:39.534+0700] {processor.py:840} INFO - DAG(s) 'example_dynamic_task_mapping_with_no_taskflow_operators' retrieved from /home/menglim/airflow_venv/lib/python3.12/site-packages/airflow/example_dags/example_dynamic_task_mapping_with_no_taskflow_operators.py
[2025-07-18T09:25:39.547+0700] {logging_mixin.py:188} INFO - [2025-07-18T09:25:39.547+0700] {dag.py:3096} INFO - Sync 1 DAGs
[2025-07-18T09:25:39.560+0700] {logging_mixin.py:188} INFO - [2025-07-18T09:25:39.559+0700] {dag.py:3954} INFO - Setting next_dagrun for example_dynamic_task_mapping_with_no_taskflow_operators to 2025-07-17 00:00:00+00:00, run_after=2025-07-18 00:00:00+00:00
[2025-07-18T09:25:39.583+0700] {processor.py:183} INFO - Processing /home/menglim/airflow_venv/lib/python3.12/site-packages/airflow/example_dags/example_dynamic_task_mapping_with_no_taskflow_operators.py took 0.061 seconds
[2025-07-18T09:26:37.738+0700] {processor.py:161} INFO - Started process (PID=7198) to work on /home/menglim/airflow_venv/lib/python3.12/site-packages/airflow/example_dags/example_dynamic_task_mapping_with_no_taskflow_operators.py
[2025-07-18T09:26:37.740+0700] {processor.py:830} INFO - Processing file /home/menglim/airflow_venv/lib/python3.12/site-packages/airflow/example_dags/example_dynamic_task_mapping_with_no_taskflow_operators.py for tasks to queue
[2025-07-18T09:26:37.740+0700] {logging_mixin.py:188} INFO - [2025-07-18T09:26:37.740+0700] {dagbag.py:545} INFO - Filling up the DagBag from /home/menglim/airflow_venv/lib/python3.12/site-packages/airflow/example_dags/example_dynamic_task_mapping_with_no_taskflow_operators.py
[2025-07-18T09:26:37.745+0700] {processor.py:840} INFO - DAG(s) 'example_dynamic_task_mapping_with_no_taskflow_operators' retrieved from /home/menglim/airflow_venv/lib/python3.12/site-packages/airflow/example_dags/example_dynamic_task_mapping_with_no_taskflow_operators.py
[2025-07-18T09:26:37.754+0700] {logging_mixin.py:188} INFO - [2025-07-18T09:26:37.754+0700] {dag.py:3096} INFO - Sync 1 DAGs
[2025-07-18T09:26:37.765+0700] {logging_mixin.py:188} INFO - [2025-07-18T09:26:37.765+0700] {dag.py:3954} INFO - Setting next_dagrun for example_dynamic_task_mapping_with_no_taskflow_operators to 2025-07-17 00:00:00+00:00, run_after=2025-07-18 00:00:00+00:00
[2025-07-18T09:26:37.785+0700] {processor.py:183} INFO - Processing /home/menglim/airflow_venv/lib/python3.12/site-packages/airflow/example_dags/example_dynamic_task_mapping_with_no_taskflow_operators.py took 0.051 seconds
[2025-07-18T09:27:35.972+0700] {processor.py:161} INFO - Started process (PID=7333) to work on /home/menglim/airflow_venv/lib/python3.12/site-packages/airflow/example_dags/example_dynamic_task_mapping_with_no_taskflow_operators.py
[2025-07-18T09:27:35.973+0700] {processor.py:830} INFO - Processing file /home/menglim/airflow_venv/lib/python3.12/site-packages/airflow/example_dags/example_dynamic_task_mapping_with_no_taskflow_operators.py for tasks to queue
[2025-07-18T09:27:35.974+0700] {logging_mixin.py:188} INFO - [2025-07-18T09:27:35.974+0700] {dagbag.py:545} INFO - Filling up the DagBag from /home/menglim/airflow_venv/lib/python3.12/site-packages/airflow/example_dags/example_dynamic_task_mapping_with_no_taskflow_operators.py
[2025-07-18T09:27:35.979+0700] {processor.py:840} INFO - DAG(s) 'example_dynamic_task_mapping_with_no_taskflow_operators' retrieved from /home/menglim/airflow_venv/lib/python3.12/site-packages/airflow/example_dags/example_dynamic_task_mapping_with_no_taskflow_operators.py
[2025-07-18T09:27:35.990+0700] {logging_mixin.py:188} INFO - [2025-07-18T09:27:35.990+0700] {dag.py:3096} INFO - Sync 1 DAGs
[2025-07-18T09:27:36.006+0700] {logging_mixin.py:188} INFO - [2025-07-18T09:27:36.006+0700] {dag.py:3954} INFO - Setting next_dagrun for example_dynamic_task_mapping_with_no_taskflow_operators to 2025-07-17 00:00:00+00:00, run_after=2025-07-18 00:00:00+00:00
[2025-07-18T09:27:36.029+0700] {processor.py:183} INFO - Processing /home/menglim/airflow_venv/lib/python3.12/site-packages/airflow/example_dags/example_dynamic_task_mapping_with_no_taskflow_operators.py took 0.062 seconds
[2025-07-18T09:28:54.706+0700] {processor.py:161} INFO - Started process (PID=7444) to work on /home/menglim/airflow_venv/lib/python3.12/site-packages/airflow/example_dags/example_dynamic_task_mapping_with_no_taskflow_operators.py
[2025-07-18T09:28:54.708+0700] {processor.py:830} INFO - Processing file /home/menglim/airflow_venv/lib/python3.12/site-packages/airflow/example_dags/example_dynamic_task_mapping_with_no_taskflow_operators.py for tasks to queue
[2025-07-18T09:28:54.709+0700] {logging_mixin.py:188} INFO - [2025-07-18T09:28:54.709+0700] {dagbag.py:545} INFO - Filling up the DagBag from /home/menglim/airflow_venv/lib/python3.12/site-packages/airflow/example_dags/example_dynamic_task_mapping_with_no_taskflow_operators.py
[2025-07-18T09:28:54.713+0700] {processor.py:840} INFO - DAG(s) 'example_dynamic_task_mapping_with_no_taskflow_operators' retrieved from /home/menglim/airflow_venv/lib/python3.12/site-packages/airflow/example_dags/example_dynamic_task_mapping_with_no_taskflow_operators.py
[2025-07-18T09:28:54.721+0700] {logging_mixin.py:188} INFO - [2025-07-18T09:28:54.721+0700] {dag.py:3096} INFO - Sync 1 DAGs
[2025-07-18T09:28:54.731+0700] {logging_mixin.py:188} INFO - [2025-07-18T09:28:54.731+0700] {dag.py:3954} INFO - Setting next_dagrun for example_dynamic_task_mapping_with_no_taskflow_operators to 2025-07-17 00:00:00+00:00, run_after=2025-07-18 00:00:00+00:00
[2025-07-18T09:28:54.752+0700] {processor.py:183} INFO - Processing /home/menglim/airflow_venv/lib/python3.12/site-packages/airflow/example_dags/example_dynamic_task_mapping_with_no_taskflow_operators.py took 0.050 seconds
[2025-07-18T09:29:46.841+0700] {processor.py:161} INFO - Started process (PID=7549) to work on /home/menglim/airflow_venv/lib/python3.12/site-packages/airflow/example_dags/example_dynamic_task_mapping_with_no_taskflow_operators.py
[2025-07-18T09:29:46.842+0700] {processor.py:830} INFO - Processing file /home/menglim/airflow_venv/lib/python3.12/site-packages/airflow/example_dags/example_dynamic_task_mapping_with_no_taskflow_operators.py for tasks to queue
[2025-07-18T09:29:46.842+0700] {logging_mixin.py:188} INFO - [2025-07-18T09:29:46.842+0700] {dagbag.py:545} INFO - Filling up the DagBag from /home/menglim/airflow_venv/lib/python3.12/site-packages/airflow/example_dags/example_dynamic_task_mapping_with_no_taskflow_operators.py
[2025-07-18T09:29:46.847+0700] {processor.py:840} INFO - DAG(s) 'example_dynamic_task_mapping_with_no_taskflow_operators' retrieved from /home/menglim/airflow_venv/lib/python3.12/site-packages/airflow/example_dags/example_dynamic_task_mapping_with_no_taskflow_operators.py
[2025-07-18T09:29:46.856+0700] {logging_mixin.py:188} INFO - [2025-07-18T09:29:46.856+0700] {dag.py:3096} INFO - Sync 1 DAGs
[2025-07-18T09:29:46.867+0700] {logging_mixin.py:188} INFO - [2025-07-18T09:29:46.867+0700] {dag.py:3954} INFO - Setting next_dagrun for example_dynamic_task_mapping_with_no_taskflow_operators to 2025-07-17 00:00:00+00:00, run_after=2025-07-18 00:00:00+00:00
[2025-07-18T09:29:46.893+0700] {processor.py:183} INFO - Processing /home/menglim/airflow_venv/lib/python3.12/site-packages/airflow/example_dags/example_dynamic_task_mapping_with_no_taskflow_operators.py took 0.055 seconds
[2025-07-18T09:30:41.187+0700] {processor.py:161} INFO - Started process (PID=7631) to work on /home/menglim/airflow_venv/lib/python3.12/site-packages/airflow/example_dags/example_dynamic_task_mapping_with_no_taskflow_operators.py
[2025-07-18T09:30:41.189+0700] {processor.py:830} INFO - Processing file /home/menglim/airflow_venv/lib/python3.12/site-packages/airflow/example_dags/example_dynamic_task_mapping_with_no_taskflow_operators.py for tasks to queue
[2025-07-18T09:30:41.190+0700] {logging_mixin.py:188} INFO - [2025-07-18T09:30:41.190+0700] {dagbag.py:545} INFO - Filling up the DagBag from /home/menglim/airflow_venv/lib/python3.12/site-packages/airflow/example_dags/example_dynamic_task_mapping_with_no_taskflow_operators.py
[2025-07-18T09:30:41.194+0700] {processor.py:840} INFO - DAG(s) 'example_dynamic_task_mapping_with_no_taskflow_operators' retrieved from /home/menglim/airflow_venv/lib/python3.12/site-packages/airflow/example_dags/example_dynamic_task_mapping_with_no_taskflow_operators.py
[2025-07-18T09:30:41.203+0700] {logging_mixin.py:188} INFO - [2025-07-18T09:30:41.203+0700] {dag.py:3096} INFO - Sync 1 DAGs
[2025-07-18T09:30:41.215+0700] {logging_mixin.py:188} INFO - [2025-07-18T09:30:41.215+0700] {dag.py:3954} INFO - Setting next_dagrun for example_dynamic_task_mapping_with_no_taskflow_operators to 2025-07-17 00:00:00+00:00, run_after=2025-07-18 00:00:00+00:00
[2025-07-18T09:30:41.239+0700] {processor.py:183} INFO - Processing /home/menglim/airflow_venv/lib/python3.12/site-packages/airflow/example_dags/example_dynamic_task_mapping_with_no_taskflow_operators.py took 0.055 seconds
[2025-07-18T09:31:56.230+0700] {processor.py:161} INFO - Started process (PID=7733) to work on /home/menglim/airflow_venv/lib/python3.12/site-packages/airflow/example_dags/example_dynamic_task_mapping_with_no_taskflow_operators.py
[2025-07-18T09:31:56.232+0700] {processor.py:830} INFO - Processing file /home/menglim/airflow_venv/lib/python3.12/site-packages/airflow/example_dags/example_dynamic_task_mapping_with_no_taskflow_operators.py for tasks to queue
[2025-07-18T09:31:56.232+0700] {logging_mixin.py:188} INFO - [2025-07-18T09:31:56.232+0700] {dagbag.py:545} INFO - Filling up the DagBag from /home/menglim/airflow_venv/lib/python3.12/site-packages/airflow/example_dags/example_dynamic_task_mapping_with_no_taskflow_operators.py
[2025-07-18T09:31:56.237+0700] {processor.py:840} INFO - DAG(s) 'example_dynamic_task_mapping_with_no_taskflow_operators' retrieved from /home/menglim/airflow_venv/lib/python3.12/site-packages/airflow/example_dags/example_dynamic_task_mapping_with_no_taskflow_operators.py
[2025-07-18T09:31:56.246+0700] {logging_mixin.py:188} INFO - [2025-07-18T09:31:56.246+0700] {dag.py:3096} INFO - Sync 1 DAGs
[2025-07-18T09:31:56.258+0700] {logging_mixin.py:188} INFO - [2025-07-18T09:31:56.258+0700] {dag.py:3954} INFO - Setting next_dagrun for example_dynamic_task_mapping_with_no_taskflow_operators to 2025-07-17 00:00:00+00:00, run_after=2025-07-18 00:00:00+00:00
[2025-07-18T09:31:56.277+0700] {processor.py:183} INFO - Processing /home/menglim/airflow_venv/lib/python3.12/site-packages/airflow/example_dags/example_dynamic_task_mapping_with_no_taskflow_operators.py took 0.051 seconds
[2025-07-18T09:32:47.229+0700] {processor.py:161} INFO - Started process (PID=7814) to work on /home/menglim/airflow_venv/lib/python3.12/site-packages/airflow/example_dags/example_dynamic_task_mapping_with_no_taskflow_operators.py
[2025-07-18T09:32:47.231+0700] {processor.py:830} INFO - Processing file /home/menglim/airflow_venv/lib/python3.12/site-packages/airflow/example_dags/example_dynamic_task_mapping_with_no_taskflow_operators.py for tasks to queue
[2025-07-18T09:32:47.232+0700] {logging_mixin.py:188} INFO - [2025-07-18T09:32:47.232+0700] {dagbag.py:545} INFO - Filling up the DagBag from /home/menglim/airflow_venv/lib/python3.12/site-packages/airflow/example_dags/example_dynamic_task_mapping_with_no_taskflow_operators.py
[2025-07-18T09:32:47.236+0700] {processor.py:840} INFO - DAG(s) 'example_dynamic_task_mapping_with_no_taskflow_operators' retrieved from /home/menglim/airflow_venv/lib/python3.12/site-packages/airflow/example_dags/example_dynamic_task_mapping_with_no_taskflow_operators.py
[2025-07-18T09:32:47.245+0700] {logging_mixin.py:188} INFO - [2025-07-18T09:32:47.245+0700] {dag.py:3096} INFO - Sync 1 DAGs
[2025-07-18T09:32:47.255+0700] {logging_mixin.py:188} INFO - [2025-07-18T09:32:47.255+0700] {dag.py:3954} INFO - Setting next_dagrun for example_dynamic_task_mapping_with_no_taskflow_operators to 2025-07-17 00:00:00+00:00, run_after=2025-07-18 00:00:00+00:00
[2025-07-18T09:32:47.274+0700] {processor.py:183} INFO - Processing /home/menglim/airflow_venv/lib/python3.12/site-packages/airflow/example_dags/example_dynamic_task_mapping_with_no_taskflow_operators.py took 0.049 seconds
[2025-07-18T09:34:02.553+0700] {processor.py:161} INFO - Started process (PID=7950) to work on /home/menglim/airflow_venv/lib/python3.12/site-packages/airflow/example_dags/example_dynamic_task_mapping_with_no_taskflow_operators.py
[2025-07-18T09:34:02.553+0700] {processor.py:830} INFO - Processing file /home/menglim/airflow_venv/lib/python3.12/site-packages/airflow/example_dags/example_dynamic_task_mapping_with_no_taskflow_operators.py for tasks to queue
[2025-07-18T09:34:02.554+0700] {logging_mixin.py:188} INFO - [2025-07-18T09:34:02.554+0700] {dagbag.py:545} INFO - Filling up the DagBag from /home/menglim/airflow_venv/lib/python3.12/site-packages/airflow/example_dags/example_dynamic_task_mapping_with_no_taskflow_operators.py
[2025-07-18T09:34:02.561+0700] {processor.py:840} INFO - DAG(s) 'example_dynamic_task_mapping_with_no_taskflow_operators' retrieved from /home/menglim/airflow_venv/lib/python3.12/site-packages/airflow/example_dags/example_dynamic_task_mapping_with_no_taskflow_operators.py
[2025-07-18T09:34:02.571+0700] {logging_mixin.py:188} INFO - [2025-07-18T09:34:02.571+0700] {dag.py:3096} INFO - Sync 1 DAGs
[2025-07-18T09:34:02.582+0700] {logging_mixin.py:188} INFO - [2025-07-18T09:34:02.582+0700] {dag.py:3954} INFO - Setting next_dagrun for example_dynamic_task_mapping_with_no_taskflow_operators to 2025-07-17 00:00:00+00:00, run_after=2025-07-18 00:00:00+00:00
[2025-07-18T09:34:02.607+0700] {processor.py:183} INFO - Processing /home/menglim/airflow_venv/lib/python3.12/site-packages/airflow/example_dags/example_dynamic_task_mapping_with_no_taskflow_operators.py took 0.063 seconds
[2025-07-18T09:35:18.861+0700] {processor.py:161} INFO - Started process (PID=8125) to work on /home/menglim/airflow_venv/lib/python3.12/site-packages/airflow/example_dags/example_dynamic_task_mapping_with_no_taskflow_operators.py
[2025-07-18T09:35:18.862+0700] {processor.py:830} INFO - Processing file /home/menglim/airflow_venv/lib/python3.12/site-packages/airflow/example_dags/example_dynamic_task_mapping_with_no_taskflow_operators.py for tasks to queue
[2025-07-18T09:35:18.863+0700] {logging_mixin.py:188} INFO - [2025-07-18T09:35:18.863+0700] {dagbag.py:545} INFO - Filling up the DagBag from /home/menglim/airflow_venv/lib/python3.12/site-packages/airflow/example_dags/example_dynamic_task_mapping_with_no_taskflow_operators.py
[2025-07-18T09:35:18.868+0700] {processor.py:840} INFO - DAG(s) 'example_dynamic_task_mapping_with_no_taskflow_operators' retrieved from /home/menglim/airflow_venv/lib/python3.12/site-packages/airflow/example_dags/example_dynamic_task_mapping_with_no_taskflow_operators.py
[2025-07-18T09:35:18.877+0700] {logging_mixin.py:188} INFO - [2025-07-18T09:35:18.877+0700] {dag.py:3096} INFO - Sync 1 DAGs
[2025-07-18T09:35:18.888+0700] {logging_mixin.py:188} INFO - [2025-07-18T09:35:18.888+0700] {dag.py:3954} INFO - Setting next_dagrun for example_dynamic_task_mapping_with_no_taskflow_operators to 2025-07-17 00:00:00+00:00, run_after=2025-07-18 00:00:00+00:00
[2025-07-18T09:35:18.909+0700] {processor.py:183} INFO - Processing /home/menglim/airflow_venv/lib/python3.12/site-packages/airflow/example_dags/example_dynamic_task_mapping_with_no_taskflow_operators.py took 0.051 seconds
[2025-07-18T09:36:11.467+0700] {processor.py:161} INFO - Started process (PID=8218) to work on /home/menglim/airflow_venv/lib/python3.12/site-packages/airflow/example_dags/example_dynamic_task_mapping_with_no_taskflow_operators.py
[2025-07-18T09:36:11.469+0700] {processor.py:830} INFO - Processing file /home/menglim/airflow_venv/lib/python3.12/site-packages/airflow/example_dags/example_dynamic_task_mapping_with_no_taskflow_operators.py for tasks to queue
[2025-07-18T09:36:11.470+0700] {logging_mixin.py:188} INFO - [2025-07-18T09:36:11.469+0700] {dagbag.py:545} INFO - Filling up the DagBag from /home/menglim/airflow_venv/lib/python3.12/site-packages/airflow/example_dags/example_dynamic_task_mapping_with_no_taskflow_operators.py
[2025-07-18T09:36:11.474+0700] {processor.py:840} INFO - DAG(s) 'example_dynamic_task_mapping_with_no_taskflow_operators' retrieved from /home/menglim/airflow_venv/lib/python3.12/site-packages/airflow/example_dags/example_dynamic_task_mapping_with_no_taskflow_operators.py
[2025-07-18T09:36:11.483+0700] {logging_mixin.py:188} INFO - [2025-07-18T09:36:11.483+0700] {dag.py:3096} INFO - Sync 1 DAGs
[2025-07-18T09:36:11.494+0700] {logging_mixin.py:188} INFO - [2025-07-18T09:36:11.494+0700] {dag.py:3954} INFO - Setting next_dagrun for example_dynamic_task_mapping_with_no_taskflow_operators to 2025-07-17 00:00:00+00:00, run_after=2025-07-18 00:00:00+00:00
[2025-07-18T09:36:11.515+0700] {processor.py:183} INFO - Processing /home/menglim/airflow_venv/lib/python3.12/site-packages/airflow/example_dags/example_dynamic_task_mapping_with_no_taskflow_operators.py took 0.052 seconds
[2025-07-18T09:37:08.943+0700] {processor.py:161} INFO - Started process (PID=8311) to work on /home/menglim/airflow_venv/lib/python3.12/site-packages/airflow/example_dags/example_dynamic_task_mapping_with_no_taskflow_operators.py
[2025-07-18T09:37:08.947+0700] {processor.py:830} INFO - Processing file /home/menglim/airflow_venv/lib/python3.12/site-packages/airflow/example_dags/example_dynamic_task_mapping_with_no_taskflow_operators.py for tasks to queue
[2025-07-18T09:37:08.948+0700] {logging_mixin.py:188} INFO - [2025-07-18T09:37:08.948+0700] {dagbag.py:545} INFO - Filling up the DagBag from /home/menglim/airflow_venv/lib/python3.12/site-packages/airflow/example_dags/example_dynamic_task_mapping_with_no_taskflow_operators.py
[2025-07-18T09:37:08.961+0700] {processor.py:840} INFO - DAG(s) 'example_dynamic_task_mapping_with_no_taskflow_operators' retrieved from /home/menglim/airflow_venv/lib/python3.12/site-packages/airflow/example_dags/example_dynamic_task_mapping_with_no_taskflow_operators.py
[2025-07-18T09:37:08.990+0700] {logging_mixin.py:188} INFO - [2025-07-18T09:37:08.989+0700] {dag.py:3096} INFO - Sync 1 DAGs
[2025-07-18T09:37:09.015+0700] {logging_mixin.py:188} INFO - [2025-07-18T09:37:09.015+0700] {dag.py:3954} INFO - Setting next_dagrun for example_dynamic_task_mapping_with_no_taskflow_operators to 2025-07-17 00:00:00+00:00, run_after=2025-07-18 00:00:00+00:00
[2025-07-18T09:37:09.062+0700] {processor.py:183} INFO - Processing /home/menglim/airflow_venv/lib/python3.12/site-packages/airflow/example_dags/example_dynamic_task_mapping_with_no_taskflow_operators.py took 0.127 seconds
