[2025-07-18T09:00:23.013+0700] {processor.py:161} INFO - Started process (PID=2992) to work on /home/menglim/airflow_venv/lib/python3.12/site-packages/airflow/example_dags/example_setup_teardown_taskflow.py
[2025-07-18T09:00:23.014+0700] {processor.py:830} INFO - Processing file /home/menglim/airflow_venv/lib/python3.12/site-packages/airflow/example_dags/example_setup_teardown_taskflow.py for tasks to queue
[2025-07-18T09:00:23.015+0700] {logging_mixin.py:188} INFO - [2025-07-18T09:00:23.015+0700] {dagbag.py:545} INFO - Filling up the DagBag from /home/menglim/airflow_venv/lib/python3.12/site-packages/airflow/example_dags/example_setup_teardown_taskflow.py
[2025-07-18T09:00:23.021+0700] {processor.py:840} INFO - DAG(s) 'example_setup_teardown_taskflow' retrieved from /home/menglim/airflow_venv/lib/python3.12/site-packages/airflow/example_dags/example_setup_teardown_taskflow.py
[2025-07-18T09:00:23.078+0700] {logging_mixin.py:188} INFO - [2025-07-18T09:00:23.077+0700] {dag.py:3096} INFO - Sync 1 DAGs
[2025-07-18T09:00:23.086+0700] {logging_mixin.py:188} INFO - [2025-07-18T09:00:23.086+0700] {dag.py:3954} INFO - Setting next_dagrun for example_setup_teardown_taskflow to 2025-07-17 00:00:00+00:00, run_after=2025-07-18 00:00:00+00:00
[2025-07-18T09:00:23.110+0700] {processor.py:183} INFO - Processing /home/menglim/airflow_venv/lib/python3.12/site-packages/airflow/example_dags/example_setup_teardown_taskflow.py took 0.101 seconds
[2025-07-18T09:01:19.057+0700] {processor.py:161} INFO - Started process (PID=3328) to work on /home/menglim/airflow_venv/lib/python3.12/site-packages/airflow/example_dags/example_setup_teardown_taskflow.py
[2025-07-18T09:01:19.058+0700] {processor.py:830} INFO - Processing file /home/menglim/airflow_venv/lib/python3.12/site-packages/airflow/example_dags/example_setup_teardown_taskflow.py for tasks to queue
[2025-07-18T09:01:19.059+0700] {logging_mixin.py:188} INFO - [2025-07-18T09:01:19.059+0700] {dagbag.py:545} INFO - Filling up the DagBag from /home/menglim/airflow_venv/lib/python3.12/site-packages/airflow/example_dags/example_setup_teardown_taskflow.py
[2025-07-18T09:01:19.064+0700] {processor.py:840} INFO - DAG(s) 'example_setup_teardown_taskflow' retrieved from /home/menglim/airflow_venv/lib/python3.12/site-packages/airflow/example_dags/example_setup_teardown_taskflow.py
[2025-07-18T09:01:19.074+0700] {logging_mixin.py:188} INFO - [2025-07-18T09:01:19.074+0700] {dag.py:3096} INFO - Sync 1 DAGs
[2025-07-18T09:01:19.083+0700] {logging_mixin.py:188} INFO - [2025-07-18T09:01:19.083+0700] {dag.py:3954} INFO - Setting next_dagrun for example_setup_teardown_taskflow to 2025-07-17 00:00:00+00:00, run_after=2025-07-18 00:00:00+00:00
[2025-07-18T09:01:19.105+0700] {processor.py:183} INFO - Processing /home/menglim/airflow_venv/lib/python3.12/site-packages/airflow/example_dags/example_setup_teardown_taskflow.py took 0.051 seconds
[2025-07-18T09:02:17.204+0700] {processor.py:161} INFO - Started process (PID=3474) to work on /home/menglim/airflow_venv/lib/python3.12/site-packages/airflow/example_dags/example_setup_teardown_taskflow.py
[2025-07-18T09:02:17.206+0700] {processor.py:830} INFO - Processing file /home/menglim/airflow_venv/lib/python3.12/site-packages/airflow/example_dags/example_setup_teardown_taskflow.py for tasks to queue
[2025-07-18T09:02:17.208+0700] {logging_mixin.py:188} INFO - [2025-07-18T09:02:17.208+0700] {dagbag.py:545} INFO - Filling up the DagBag from /home/menglim/airflow_venv/lib/python3.12/site-packages/airflow/example_dags/example_setup_teardown_taskflow.py
[2025-07-18T09:02:17.215+0700] {processor.py:840} INFO - DAG(s) 'example_setup_teardown_taskflow' retrieved from /home/menglim/airflow_venv/lib/python3.12/site-packages/airflow/example_dags/example_setup_teardown_taskflow.py
[2025-07-18T09:02:17.226+0700] {logging_mixin.py:188} INFO - [2025-07-18T09:02:17.225+0700] {dag.py:3096} INFO - Sync 1 DAGs
[2025-07-18T09:02:17.236+0700] {logging_mixin.py:188} INFO - [2025-07-18T09:02:17.236+0700] {dag.py:3954} INFO - Setting next_dagrun for example_setup_teardown_taskflow to 2025-07-17 00:00:00+00:00, run_after=2025-07-18 00:00:00+00:00
[2025-07-18T09:02:17.257+0700] {processor.py:183} INFO - Processing /home/menglim/airflow_venv/lib/python3.12/site-packages/airflow/example_dags/example_setup_teardown_taskflow.py took 0.056 seconds
[2025-07-18T09:03:16.555+0700] {processor.py:161} INFO - Started process (PID=3612) to work on /home/menglim/airflow_venv/lib/python3.12/site-packages/airflow/example_dags/example_setup_teardown_taskflow.py
[2025-07-18T09:03:16.558+0700] {processor.py:830} INFO - Processing file /home/menglim/airflow_venv/lib/python3.12/site-packages/airflow/example_dags/example_setup_teardown_taskflow.py for tasks to queue
[2025-07-18T09:03:16.559+0700] {logging_mixin.py:188} INFO - [2025-07-18T09:03:16.559+0700] {dagbag.py:545} INFO - Filling up the DagBag from /home/menglim/airflow_venv/lib/python3.12/site-packages/airflow/example_dags/example_setup_teardown_taskflow.py
[2025-07-18T09:03:16.565+0700] {processor.py:840} INFO - DAG(s) 'example_setup_teardown_taskflow' retrieved from /home/menglim/airflow_venv/lib/python3.12/site-packages/airflow/example_dags/example_setup_teardown_taskflow.py
[2025-07-18T09:03:16.575+0700] {logging_mixin.py:188} INFO - [2025-07-18T09:03:16.575+0700] {dag.py:3096} INFO - Sync 1 DAGs
[2025-07-18T09:03:16.585+0700] {logging_mixin.py:188} INFO - [2025-07-18T09:03:16.585+0700] {dag.py:3954} INFO - Setting next_dagrun for example_setup_teardown_taskflow to 2025-07-17 00:00:00+00:00, run_after=2025-07-18 00:00:00+00:00
[2025-07-18T09:03:16.605+0700] {processor.py:183} INFO - Processing /home/menglim/airflow_venv/lib/python3.12/site-packages/airflow/example_dags/example_setup_teardown_taskflow.py took 0.053 seconds
[2025-07-18T09:04:07.661+0700] {processor.py:161} INFO - Started process (PID=3708) to work on /home/menglim/airflow_venv/lib/python3.12/site-packages/airflow/example_dags/example_setup_teardown_taskflow.py
[2025-07-18T09:04:07.663+0700] {processor.py:830} INFO - Processing file /home/menglim/airflow_venv/lib/python3.12/site-packages/airflow/example_dags/example_setup_teardown_taskflow.py for tasks to queue
[2025-07-18T09:04:07.664+0700] {logging_mixin.py:188} INFO - [2025-07-18T09:04:07.664+0700] {dagbag.py:545} INFO - Filling up the DagBag from /home/menglim/airflow_venv/lib/python3.12/site-packages/airflow/example_dags/example_setup_teardown_taskflow.py
[2025-07-18T09:04:07.669+0700] {processor.py:840} INFO - DAG(s) 'example_setup_teardown_taskflow' retrieved from /home/menglim/airflow_venv/lib/python3.12/site-packages/airflow/example_dags/example_setup_teardown_taskflow.py
[2025-07-18T09:04:07.678+0700] {logging_mixin.py:188} INFO - [2025-07-18T09:04:07.678+0700] {dag.py:3096} INFO - Sync 1 DAGs
[2025-07-18T09:04:07.691+0700] {logging_mixin.py:188} INFO - [2025-07-18T09:04:07.691+0700] {dag.py:3954} INFO - Setting next_dagrun for example_setup_teardown_taskflow to 2025-07-17 00:00:00+00:00, run_after=2025-07-18 00:00:00+00:00
[2025-07-18T09:04:07.712+0700] {processor.py:183} INFO - Processing /home/menglim/airflow_venv/lib/python3.12/site-packages/airflow/example_dags/example_setup_teardown_taskflow.py took 0.055 seconds
[2025-07-18T09:05:03.690+0700] {processor.py:161} INFO - Started process (PID=3812) to work on /home/menglim/airflow_venv/lib/python3.12/site-packages/airflow/example_dags/example_setup_teardown_taskflow.py
[2025-07-18T09:05:03.693+0700] {processor.py:830} INFO - Processing file /home/menglim/airflow_venv/lib/python3.12/site-packages/airflow/example_dags/example_setup_teardown_taskflow.py for tasks to queue
[2025-07-18T09:05:03.694+0700] {logging_mixin.py:188} INFO - [2025-07-18T09:05:03.694+0700] {dagbag.py:545} INFO - Filling up the DagBag from /home/menglim/airflow_venv/lib/python3.12/site-packages/airflow/example_dags/example_setup_teardown_taskflow.py
[2025-07-18T09:05:03.700+0700] {processor.py:840} INFO - DAG(s) 'example_setup_teardown_taskflow' retrieved from /home/menglim/airflow_venv/lib/python3.12/site-packages/airflow/example_dags/example_setup_teardown_taskflow.py
[2025-07-18T09:05:03.709+0700] {logging_mixin.py:188} INFO - [2025-07-18T09:05:03.709+0700] {dag.py:3096} INFO - Sync 1 DAGs
[2025-07-18T09:05:03.719+0700] {logging_mixin.py:188} INFO - [2025-07-18T09:05:03.719+0700] {dag.py:3954} INFO - Setting next_dagrun for example_setup_teardown_taskflow to 2025-07-17 00:00:00+00:00, run_after=2025-07-18 00:00:00+00:00
[2025-07-18T09:05:03.741+0700] {processor.py:183} INFO - Processing /home/menglim/airflow_venv/lib/python3.12/site-packages/airflow/example_dags/example_setup_teardown_taskflow.py took 0.055 seconds
[2025-07-18T09:06:03.271+0700] {processor.py:161} INFO - Started process (PID=3907) to work on /home/menglim/airflow_venv/lib/python3.12/site-packages/airflow/example_dags/example_setup_teardown_taskflow.py
[2025-07-18T09:06:03.274+0700] {processor.py:830} INFO - Processing file /home/menglim/airflow_venv/lib/python3.12/site-packages/airflow/example_dags/example_setup_teardown_taskflow.py for tasks to queue
[2025-07-18T09:06:03.274+0700] {logging_mixin.py:188} INFO - [2025-07-18T09:06:03.274+0700] {dagbag.py:545} INFO - Filling up the DagBag from /home/menglim/airflow_venv/lib/python3.12/site-packages/airflow/example_dags/example_setup_teardown_taskflow.py
[2025-07-18T09:06:03.279+0700] {processor.py:840} INFO - DAG(s) 'example_setup_teardown_taskflow' retrieved from /home/menglim/airflow_venv/lib/python3.12/site-packages/airflow/example_dags/example_setup_teardown_taskflow.py
[2025-07-18T09:06:03.289+0700] {logging_mixin.py:188} INFO - [2025-07-18T09:06:03.289+0700] {dag.py:3096} INFO - Sync 1 DAGs
[2025-07-18T09:06:03.298+0700] {logging_mixin.py:188} INFO - [2025-07-18T09:06:03.298+0700] {dag.py:3954} INFO - Setting next_dagrun for example_setup_teardown_taskflow to 2025-07-17 00:00:00+00:00, run_after=2025-07-18 00:00:00+00:00
[2025-07-18T09:06:03.319+0700] {processor.py:183} INFO - Processing /home/menglim/airflow_venv/lib/python3.12/site-packages/airflow/example_dags/example_setup_teardown_taskflow.py took 0.051 seconds
[2025-07-18T09:06:57.692+0700] {processor.py:161} INFO - Started process (PID=4019) to work on /home/menglim/airflow_venv/lib/python3.12/site-packages/airflow/example_dags/example_setup_teardown_taskflow.py
[2025-07-18T09:06:57.695+0700] {processor.py:830} INFO - Processing file /home/menglim/airflow_venv/lib/python3.12/site-packages/airflow/example_dags/example_setup_teardown_taskflow.py for tasks to queue
[2025-07-18T09:06:57.695+0700] {logging_mixin.py:188} INFO - [2025-07-18T09:06:57.695+0700] {dagbag.py:545} INFO - Filling up the DagBag from /home/menglim/airflow_venv/lib/python3.12/site-packages/airflow/example_dags/example_setup_teardown_taskflow.py
[2025-07-18T09:06:57.702+0700] {processor.py:840} INFO - DAG(s) 'example_setup_teardown_taskflow' retrieved from /home/menglim/airflow_venv/lib/python3.12/site-packages/airflow/example_dags/example_setup_teardown_taskflow.py
[2025-07-18T09:06:57.717+0700] {logging_mixin.py:188} INFO - [2025-07-18T09:06:57.717+0700] {dag.py:3096} INFO - Sync 1 DAGs
[2025-07-18T09:06:57.732+0700] {logging_mixin.py:188} INFO - [2025-07-18T09:06:57.731+0700] {dag.py:3954} INFO - Setting next_dagrun for example_setup_teardown_taskflow to 2025-07-17 00:00:00+00:00, run_after=2025-07-18 00:00:00+00:00
[2025-07-18T09:06:57.754+0700] {processor.py:183} INFO - Processing /home/menglim/airflow_venv/lib/python3.12/site-packages/airflow/example_dags/example_setup_teardown_taskflow.py took 0.064 seconds
[2025-07-18T09:07:58.278+0700] {processor.py:161} INFO - Started process (PID=4129) to work on /home/menglim/airflow_venv/lib/python3.12/site-packages/airflow/example_dags/example_setup_teardown_taskflow.py
[2025-07-18T09:07:58.280+0700] {processor.py:830} INFO - Processing file /home/menglim/airflow_venv/lib/python3.12/site-packages/airflow/example_dags/example_setup_teardown_taskflow.py for tasks to queue
[2025-07-18T09:07:58.280+0700] {logging_mixin.py:188} INFO - [2025-07-18T09:07:58.280+0700] {dagbag.py:545} INFO - Filling up the DagBag from /home/menglim/airflow_venv/lib/python3.12/site-packages/airflow/example_dags/example_setup_teardown_taskflow.py
[2025-07-18T09:07:58.287+0700] {processor.py:840} INFO - DAG(s) 'example_setup_teardown_taskflow' retrieved from /home/menglim/airflow_venv/lib/python3.12/site-packages/airflow/example_dags/example_setup_teardown_taskflow.py
[2025-07-18T09:07:58.310+0700] {logging_mixin.py:188} INFO - [2025-07-18T09:07:58.308+0700] {dag.py:3096} INFO - Sync 1 DAGs
[2025-07-18T09:07:58.340+0700] {logging_mixin.py:188} INFO - [2025-07-18T09:07:58.339+0700] {dag.py:3954} INFO - Setting next_dagrun for example_setup_teardown_taskflow to 2025-07-17 00:00:00+00:00, run_after=2025-07-18 00:00:00+00:00
[2025-07-18T09:07:58.383+0700] {processor.py:183} INFO - Processing /home/menglim/airflow_venv/lib/python3.12/site-packages/airflow/example_dags/example_setup_teardown_taskflow.py took 0.109 seconds
[2025-07-18T09:08:56.041+0700] {processor.py:161} INFO - Started process (PID=4234) to work on /home/menglim/airflow_venv/lib/python3.12/site-packages/airflow/example_dags/example_setup_teardown_taskflow.py
[2025-07-18T09:08:56.044+0700] {processor.py:830} INFO - Processing file /home/menglim/airflow_venv/lib/python3.12/site-packages/airflow/example_dags/example_setup_teardown_taskflow.py for tasks to queue
[2025-07-18T09:08:56.044+0700] {logging_mixin.py:188} INFO - [2025-07-18T09:08:56.044+0700] {dagbag.py:545} INFO - Filling up the DagBag from /home/menglim/airflow_venv/lib/python3.12/site-packages/airflow/example_dags/example_setup_teardown_taskflow.py
[2025-07-18T09:08:56.049+0700] {processor.py:840} INFO - DAG(s) 'example_setup_teardown_taskflow' retrieved from /home/menglim/airflow_venv/lib/python3.12/site-packages/airflow/example_dags/example_setup_teardown_taskflow.py
[2025-07-18T09:08:56.058+0700] {logging_mixin.py:188} INFO - [2025-07-18T09:08:56.058+0700] {dag.py:3096} INFO - Sync 1 DAGs
[2025-07-18T09:08:56.068+0700] {logging_mixin.py:188} INFO - [2025-07-18T09:08:56.068+0700] {dag.py:3954} INFO - Setting next_dagrun for example_setup_teardown_taskflow to 2025-07-17 00:00:00+00:00, run_after=2025-07-18 00:00:00+00:00
[2025-07-18T09:08:56.089+0700] {processor.py:183} INFO - Processing /home/menglim/airflow_venv/lib/python3.12/site-packages/airflow/example_dags/example_setup_teardown_taskflow.py took 0.052 seconds
[2025-07-18T09:09:45.313+0700] {processor.py:161} INFO - Started process (PID=4328) to work on /home/menglim/airflow_venv/lib/python3.12/site-packages/airflow/example_dags/example_setup_teardown_taskflow.py
[2025-07-18T09:09:45.315+0700] {processor.py:830} INFO - Processing file /home/menglim/airflow_venv/lib/python3.12/site-packages/airflow/example_dags/example_setup_teardown_taskflow.py for tasks to queue
[2025-07-18T09:09:45.316+0700] {logging_mixin.py:188} INFO - [2025-07-18T09:09:45.315+0700] {dagbag.py:545} INFO - Filling up the DagBag from /home/menglim/airflow_venv/lib/python3.12/site-packages/airflow/example_dags/example_setup_teardown_taskflow.py
[2025-07-18T09:09:45.321+0700] {processor.py:840} INFO - DAG(s) 'example_setup_teardown_taskflow' retrieved from /home/menglim/airflow_venv/lib/python3.12/site-packages/airflow/example_dags/example_setup_teardown_taskflow.py
[2025-07-18T09:09:45.331+0700] {logging_mixin.py:188} INFO - [2025-07-18T09:09:45.331+0700] {dag.py:3096} INFO - Sync 1 DAGs
[2025-07-18T09:09:45.343+0700] {logging_mixin.py:188} INFO - [2025-07-18T09:09:45.343+0700] {dag.py:3954} INFO - Setting next_dagrun for example_setup_teardown_taskflow to 2025-07-17 00:00:00+00:00, run_after=2025-07-18 00:00:00+00:00
[2025-07-18T09:09:45.365+0700] {processor.py:183} INFO - Processing /home/menglim/airflow_venv/lib/python3.12/site-packages/airflow/example_dags/example_setup_teardown_taskflow.py took 0.056 seconds
[2025-07-18T09:10:35.321+0700] {processor.py:161} INFO - Started process (PID=4414) to work on /home/menglim/airflow_venv/lib/python3.12/site-packages/airflow/example_dags/example_setup_teardown_taskflow.py
[2025-07-18T09:10:35.322+0700] {processor.py:830} INFO - Processing file /home/menglim/airflow_venv/lib/python3.12/site-packages/airflow/example_dags/example_setup_teardown_taskflow.py for tasks to queue
[2025-07-18T09:10:35.323+0700] {logging_mixin.py:188} INFO - [2025-07-18T09:10:35.323+0700] {dagbag.py:545} INFO - Filling up the DagBag from /home/menglim/airflow_venv/lib/python3.12/site-packages/airflow/example_dags/example_setup_teardown_taskflow.py
[2025-07-18T09:10:35.329+0700] {processor.py:840} INFO - DAG(s) 'example_setup_teardown_taskflow' retrieved from /home/menglim/airflow_venv/lib/python3.12/site-packages/airflow/example_dags/example_setup_teardown_taskflow.py
[2025-07-18T09:10:35.340+0700] {logging_mixin.py:188} INFO - [2025-07-18T09:10:35.340+0700] {dag.py:3096} INFO - Sync 1 DAGs
[2025-07-18T09:10:35.351+0700] {logging_mixin.py:188} INFO - [2025-07-18T09:10:35.351+0700] {dag.py:3954} INFO - Setting next_dagrun for example_setup_teardown_taskflow to 2025-07-17 00:00:00+00:00, run_after=2025-07-18 00:00:00+00:00
[2025-07-18T09:10:35.370+0700] {processor.py:183} INFO - Processing /home/menglim/airflow_venv/lib/python3.12/site-packages/airflow/example_dags/example_setup_teardown_taskflow.py took 0.053 seconds
[2025-07-18T09:11:41.905+0700] {processor.py:161} INFO - Started process (PID=4574) to work on /home/menglim/airflow_venv/lib/python3.12/site-packages/airflow/example_dags/example_setup_teardown_taskflow.py
[2025-07-18T09:11:41.907+0700] {processor.py:830} INFO - Processing file /home/menglim/airflow_venv/lib/python3.12/site-packages/airflow/example_dags/example_setup_teardown_taskflow.py for tasks to queue
[2025-07-18T09:11:41.908+0700] {logging_mixin.py:188} INFO - [2025-07-18T09:11:41.908+0700] {dagbag.py:545} INFO - Filling up the DagBag from /home/menglim/airflow_venv/lib/python3.12/site-packages/airflow/example_dags/example_setup_teardown_taskflow.py
[2025-07-18T09:11:41.914+0700] {processor.py:840} INFO - DAG(s) 'example_setup_teardown_taskflow' retrieved from /home/menglim/airflow_venv/lib/python3.12/site-packages/airflow/example_dags/example_setup_teardown_taskflow.py
[2025-07-18T09:11:41.925+0700] {logging_mixin.py:188} INFO - [2025-07-18T09:11:41.925+0700] {dag.py:3096} INFO - Sync 1 DAGs
[2025-07-18T09:11:41.936+0700] {logging_mixin.py:188} INFO - [2025-07-18T09:11:41.936+0700] {dag.py:3954} INFO - Setting next_dagrun for example_setup_teardown_taskflow to 2025-07-17 00:00:00+00:00, run_after=2025-07-18 00:00:00+00:00
[2025-07-18T09:11:41.955+0700] {processor.py:183} INFO - Processing /home/menglim/airflow_venv/lib/python3.12/site-packages/airflow/example_dags/example_setup_teardown_taskflow.py took 0.054 seconds
[2025-07-18T09:12:36.876+0700] {processor.py:161} INFO - Started process (PID=4657) to work on /home/menglim/airflow_venv/lib/python3.12/site-packages/airflow/example_dags/example_setup_teardown_taskflow.py
[2025-07-18T09:12:36.879+0700] {processor.py:830} INFO - Processing file /home/menglim/airflow_venv/lib/python3.12/site-packages/airflow/example_dags/example_setup_teardown_taskflow.py for tasks to queue
[2025-07-18T09:12:36.879+0700] {logging_mixin.py:188} INFO - [2025-07-18T09:12:36.879+0700] {dagbag.py:545} INFO - Filling up the DagBag from /home/menglim/airflow_venv/lib/python3.12/site-packages/airflow/example_dags/example_setup_teardown_taskflow.py
[2025-07-18T09:12:36.885+0700] {processor.py:840} INFO - DAG(s) 'example_setup_teardown_taskflow' retrieved from /home/menglim/airflow_venv/lib/python3.12/site-packages/airflow/example_dags/example_setup_teardown_taskflow.py
[2025-07-18T09:12:36.894+0700] {logging_mixin.py:188} INFO - [2025-07-18T09:12:36.894+0700] {dag.py:3096} INFO - Sync 1 DAGs
[2025-07-18T09:12:36.904+0700] {logging_mixin.py:188} INFO - [2025-07-18T09:12:36.904+0700] {dag.py:3954} INFO - Setting next_dagrun for example_setup_teardown_taskflow to 2025-07-17 00:00:00+00:00, run_after=2025-07-18 00:00:00+00:00
[2025-07-18T09:12:36.924+0700] {processor.py:183} INFO - Processing /home/menglim/airflow_venv/lib/python3.12/site-packages/airflow/example_dags/example_setup_teardown_taskflow.py took 0.051 seconds
[2025-07-18T09:13:32.605+0700] {processor.py:161} INFO - Started process (PID=5224) to work on /home/menglim/airflow_venv/lib/python3.12/site-packages/airflow/example_dags/example_setup_teardown_taskflow.py
[2025-07-18T09:13:32.606+0700] {processor.py:830} INFO - Processing file /home/menglim/airflow_venv/lib/python3.12/site-packages/airflow/example_dags/example_setup_teardown_taskflow.py for tasks to queue
[2025-07-18T09:13:32.606+0700] {logging_mixin.py:188} INFO - [2025-07-18T09:13:32.606+0700] {dagbag.py:545} INFO - Filling up the DagBag from /home/menglim/airflow_venv/lib/python3.12/site-packages/airflow/example_dags/example_setup_teardown_taskflow.py
[2025-07-18T09:13:32.612+0700] {processor.py:840} INFO - DAG(s) 'example_setup_teardown_taskflow' retrieved from /home/menglim/airflow_venv/lib/python3.12/site-packages/airflow/example_dags/example_setup_teardown_taskflow.py
[2025-07-18T09:13:32.622+0700] {logging_mixin.py:188} INFO - [2025-07-18T09:13:32.622+0700] {dag.py:3096} INFO - Sync 1 DAGs
[2025-07-18T09:13:32.632+0700] {logging_mixin.py:188} INFO - [2025-07-18T09:13:32.632+0700] {dag.py:3954} INFO - Setting next_dagrun for example_setup_teardown_taskflow to 2025-07-17 00:00:00+00:00, run_after=2025-07-18 00:00:00+00:00
[2025-07-18T09:13:32.654+0700] {processor.py:183} INFO - Processing /home/menglim/airflow_venv/lib/python3.12/site-packages/airflow/example_dags/example_setup_teardown_taskflow.py took 0.053 seconds
[2025-07-18T09:14:34.272+0700] {processor.py:161} INFO - Started process (PID=5362) to work on /home/menglim/airflow_venv/lib/python3.12/site-packages/airflow/example_dags/example_setup_teardown_taskflow.py
[2025-07-18T09:14:34.275+0700] {processor.py:830} INFO - Processing file /home/menglim/airflow_venv/lib/python3.12/site-packages/airflow/example_dags/example_setup_teardown_taskflow.py for tasks to queue
[2025-07-18T09:14:34.275+0700] {logging_mixin.py:188} INFO - [2025-07-18T09:14:34.275+0700] {dagbag.py:545} INFO - Filling up the DagBag from /home/menglim/airflow_venv/lib/python3.12/site-packages/airflow/example_dags/example_setup_teardown_taskflow.py
[2025-07-18T09:14:34.281+0700] {processor.py:840} INFO - DAG(s) 'example_setup_teardown_taskflow' retrieved from /home/menglim/airflow_venv/lib/python3.12/site-packages/airflow/example_dags/example_setup_teardown_taskflow.py
[2025-07-18T09:14:34.290+0700] {logging_mixin.py:188} INFO - [2025-07-18T09:14:34.290+0700] {dag.py:3096} INFO - Sync 1 DAGs
[2025-07-18T09:14:34.299+0700] {logging_mixin.py:188} INFO - [2025-07-18T09:14:34.299+0700] {dag.py:3954} INFO - Setting next_dagrun for example_setup_teardown_taskflow to 2025-07-17 00:00:00+00:00, run_after=2025-07-18 00:00:00+00:00
[2025-07-18T09:14:34.318+0700] {processor.py:183} INFO - Processing /home/menglim/airflow_venv/lib/python3.12/site-packages/airflow/example_dags/example_setup_teardown_taskflow.py took 0.050 seconds
[2025-07-18T09:15:34.542+0700] {processor.py:161} INFO - Started process (PID=5478) to work on /home/menglim/airflow_venv/lib/python3.12/site-packages/airflow/example_dags/example_setup_teardown_taskflow.py
[2025-07-18T09:15:34.544+0700] {processor.py:830} INFO - Processing file /home/menglim/airflow_venv/lib/python3.12/site-packages/airflow/example_dags/example_setup_teardown_taskflow.py for tasks to queue
[2025-07-18T09:15:34.544+0700] {logging_mixin.py:188} INFO - [2025-07-18T09:15:34.544+0700] {dagbag.py:545} INFO - Filling up the DagBag from /home/menglim/airflow_venv/lib/python3.12/site-packages/airflow/example_dags/example_setup_teardown_taskflow.py
[2025-07-18T09:15:34.553+0700] {processor.py:840} INFO - DAG(s) 'example_setup_teardown_taskflow' retrieved from /home/menglim/airflow_venv/lib/python3.12/site-packages/airflow/example_dags/example_setup_teardown_taskflow.py
[2025-07-18T09:15:34.568+0700] {logging_mixin.py:188} INFO - [2025-07-18T09:15:34.567+0700] {dag.py:3096} INFO - Sync 1 DAGs
[2025-07-18T09:15:34.584+0700] {logging_mixin.py:188} INFO - [2025-07-18T09:15:34.584+0700] {dag.py:3954} INFO - Setting next_dagrun for example_setup_teardown_taskflow to 2025-07-17 00:00:00+00:00, run_after=2025-07-18 00:00:00+00:00
[2025-07-18T09:15:34.611+0700] {processor.py:183} INFO - Processing /home/menglim/airflow_venv/lib/python3.12/site-packages/airflow/example_dags/example_setup_teardown_taskflow.py took 0.073 seconds
[2025-07-18T09:16:41.230+0700] {processor.py:161} INFO - Started process (PID=5604) to work on /home/menglim/airflow_venv/lib/python3.12/site-packages/airflow/example_dags/example_setup_teardown_taskflow.py
[2025-07-18T09:16:41.231+0700] {processor.py:830} INFO - Processing file /home/menglim/airflow_venv/lib/python3.12/site-packages/airflow/example_dags/example_setup_teardown_taskflow.py for tasks to queue
[2025-07-18T09:16:41.232+0700] {logging_mixin.py:188} INFO - [2025-07-18T09:16:41.231+0700] {dagbag.py:545} INFO - Filling up the DagBag from /home/menglim/airflow_venv/lib/python3.12/site-packages/airflow/example_dags/example_setup_teardown_taskflow.py
[2025-07-18T09:16:41.240+0700] {processor.py:840} INFO - DAG(s) 'example_setup_teardown_taskflow' retrieved from /home/menglim/airflow_venv/lib/python3.12/site-packages/airflow/example_dags/example_setup_teardown_taskflow.py
[2025-07-18T09:16:41.256+0700] {logging_mixin.py:188} INFO - [2025-07-18T09:16:41.255+0700] {dag.py:3096} INFO - Sync 1 DAGs
[2025-07-18T09:16:41.271+0700] {logging_mixin.py:188} INFO - [2025-07-18T09:16:41.271+0700] {dag.py:3954} INFO - Setting next_dagrun for example_setup_teardown_taskflow to 2025-07-17 00:00:00+00:00, run_after=2025-07-18 00:00:00+00:00
[2025-07-18T09:16:41.297+0700] {processor.py:183} INFO - Processing /home/menglim/airflow_venv/lib/python3.12/site-packages/airflow/example_dags/example_setup_teardown_taskflow.py took 0.072 seconds
[2025-07-18T09:18:03.864+0700] {processor.py:161} INFO - Started process (PID=5875) to work on /home/menglim/airflow_venv/lib/python3.12/site-packages/airflow/example_dags/example_setup_teardown_taskflow.py
[2025-07-18T09:18:03.867+0700] {processor.py:830} INFO - Processing file /home/menglim/airflow_venv/lib/python3.12/site-packages/airflow/example_dags/example_setup_teardown_taskflow.py for tasks to queue
[2025-07-18T09:18:03.867+0700] {logging_mixin.py:188} INFO - [2025-07-18T09:18:03.867+0700] {dagbag.py:545} INFO - Filling up the DagBag from /home/menglim/airflow_venv/lib/python3.12/site-packages/airflow/example_dags/example_setup_teardown_taskflow.py
[2025-07-18T09:18:03.873+0700] {processor.py:840} INFO - DAG(s) 'example_setup_teardown_taskflow' retrieved from /home/menglim/airflow_venv/lib/python3.12/site-packages/airflow/example_dags/example_setup_teardown_taskflow.py
[2025-07-18T09:18:03.882+0700] {logging_mixin.py:188} INFO - [2025-07-18T09:18:03.882+0700] {dag.py:3096} INFO - Sync 1 DAGs
[2025-07-18T09:18:03.892+0700] {logging_mixin.py:188} INFO - [2025-07-18T09:18:03.892+0700] {dag.py:3954} INFO - Setting next_dagrun for example_setup_teardown_taskflow to 2025-07-17 00:00:00+00:00, run_after=2025-07-18 00:00:00+00:00
[2025-07-18T09:18:03.913+0700] {processor.py:183} INFO - Processing /home/menglim/airflow_venv/lib/python3.12/site-packages/airflow/example_dags/example_setup_teardown_taskflow.py took 0.052 seconds
[2025-07-18T09:19:15.123+0700] {processor.py:161} INFO - Started process (PID=6033) to work on /home/menglim/airflow_venv/lib/python3.12/site-packages/airflow/example_dags/example_setup_teardown_taskflow.py
[2025-07-18T09:19:15.125+0700] {processor.py:830} INFO - Processing file /home/menglim/airflow_venv/lib/python3.12/site-packages/airflow/example_dags/example_setup_teardown_taskflow.py for tasks to queue
[2025-07-18T09:19:15.126+0700] {logging_mixin.py:188} INFO - [2025-07-18T09:19:15.126+0700] {dagbag.py:545} INFO - Filling up the DagBag from /home/menglim/airflow_venv/lib/python3.12/site-packages/airflow/example_dags/example_setup_teardown_taskflow.py
[2025-07-18T09:19:15.131+0700] {processor.py:840} INFO - DAG(s) 'example_setup_teardown_taskflow' retrieved from /home/menglim/airflow_venv/lib/python3.12/site-packages/airflow/example_dags/example_setup_teardown_taskflow.py
[2025-07-18T09:19:15.140+0700] {logging_mixin.py:188} INFO - [2025-07-18T09:19:15.140+0700] {dag.py:3096} INFO - Sync 1 DAGs
[2025-07-18T09:19:15.237+0700] {logging_mixin.py:188} INFO - [2025-07-18T09:19:15.237+0700] {dag.py:3954} INFO - Setting next_dagrun for example_setup_teardown_taskflow to 2025-07-17 00:00:00+00:00, run_after=2025-07-18 00:00:00+00:00
[2025-07-18T09:19:15.256+0700] {processor.py:183} INFO - Processing /home/menglim/airflow_venv/lib/python3.12/site-packages/airflow/example_dags/example_setup_teardown_taskflow.py took 0.137 seconds
[2025-07-18T09:20:18.459+0700] {processor.py:161} INFO - Started process (PID=6188) to work on /home/menglim/airflow_venv/lib/python3.12/site-packages/airflow/example_dags/example_setup_teardown_taskflow.py
[2025-07-18T09:20:18.461+0700] {processor.py:830} INFO - Processing file /home/menglim/airflow_venv/lib/python3.12/site-packages/airflow/example_dags/example_setup_teardown_taskflow.py for tasks to queue
[2025-07-18T09:20:18.462+0700] {logging_mixin.py:188} INFO - [2025-07-18T09:20:18.461+0700] {dagbag.py:545} INFO - Filling up the DagBag from /home/menglim/airflow_venv/lib/python3.12/site-packages/airflow/example_dags/example_setup_teardown_taskflow.py
[2025-07-18T09:20:18.467+0700] {processor.py:840} INFO - DAG(s) 'example_setup_teardown_taskflow' retrieved from /home/menglim/airflow_venv/lib/python3.12/site-packages/airflow/example_dags/example_setup_teardown_taskflow.py
[2025-07-18T09:20:18.477+0700] {logging_mixin.py:188} INFO - [2025-07-18T09:20:18.477+0700] {dag.py:3096} INFO - Sync 1 DAGs
[2025-07-18T09:20:18.543+0700] {logging_mixin.py:188} INFO - [2025-07-18T09:20:18.543+0700] {dag.py:3954} INFO - Setting next_dagrun for example_setup_teardown_taskflow to 2025-07-17 00:00:00+00:00, run_after=2025-07-18 00:00:00+00:00
[2025-07-18T09:20:18.568+0700] {processor.py:183} INFO - Processing /home/menglim/airflow_venv/lib/python3.12/site-packages/airflow/example_dags/example_setup_teardown_taskflow.py took 0.112 seconds
[2025-07-18T09:21:26.537+0700] {processor.py:161} INFO - Started process (PID=6388) to work on /home/menglim/airflow_venv/lib/python3.12/site-packages/airflow/example_dags/example_setup_teardown_taskflow.py
[2025-07-18T09:21:26.539+0700] {processor.py:830} INFO - Processing file /home/menglim/airflow_venv/lib/python3.12/site-packages/airflow/example_dags/example_setup_teardown_taskflow.py for tasks to queue
[2025-07-18T09:21:26.539+0700] {logging_mixin.py:188} INFO - [2025-07-18T09:21:26.539+0700] {dagbag.py:545} INFO - Filling up the DagBag from /home/menglim/airflow_venv/lib/python3.12/site-packages/airflow/example_dags/example_setup_teardown_taskflow.py
[2025-07-18T09:21:26.545+0700] {processor.py:840} INFO - DAG(s) 'example_setup_teardown_taskflow' retrieved from /home/menglim/airflow_venv/lib/python3.12/site-packages/airflow/example_dags/example_setup_teardown_taskflow.py
[2025-07-18T09:21:26.555+0700] {logging_mixin.py:188} INFO - [2025-07-18T09:21:26.555+0700] {dag.py:3096} INFO - Sync 1 DAGs
[2025-07-18T09:21:26.565+0700] {logging_mixin.py:188} INFO - [2025-07-18T09:21:26.565+0700] {dag.py:3954} INFO - Setting next_dagrun for example_setup_teardown_taskflow to 2025-07-17 00:00:00+00:00, run_after=2025-07-18 00:00:00+00:00
[2025-07-18T09:21:26.586+0700] {processor.py:183} INFO - Processing /home/menglim/airflow_venv/lib/python3.12/site-packages/airflow/example_dags/example_setup_teardown_taskflow.py took 0.053 seconds
[2025-07-18T09:22:49.263+0700] {processor.py:161} INFO - Started process (PID=6615) to work on /home/menglim/airflow_venv/lib/python3.12/site-packages/airflow/example_dags/example_setup_teardown_taskflow.py
[2025-07-18T09:22:49.266+0700] {processor.py:830} INFO - Processing file /home/menglim/airflow_venv/lib/python3.12/site-packages/airflow/example_dags/example_setup_teardown_taskflow.py for tasks to queue
[2025-07-18T09:22:49.267+0700] {logging_mixin.py:188} INFO - [2025-07-18T09:22:49.266+0700] {dagbag.py:545} INFO - Filling up the DagBag from /home/menglim/airflow_venv/lib/python3.12/site-packages/airflow/example_dags/example_setup_teardown_taskflow.py
[2025-07-18T09:22:49.273+0700] {processor.py:840} INFO - DAG(s) 'example_setup_teardown_taskflow' retrieved from /home/menglim/airflow_venv/lib/python3.12/site-packages/airflow/example_dags/example_setup_teardown_taskflow.py
[2025-07-18T09:22:49.282+0700] {logging_mixin.py:188} INFO - [2025-07-18T09:22:49.282+0700] {dag.py:3096} INFO - Sync 1 DAGs
[2025-07-18T09:22:49.292+0700] {logging_mixin.py:188} INFO - [2025-07-18T09:22:49.292+0700] {dag.py:3954} INFO - Setting next_dagrun for example_setup_teardown_taskflow to 2025-07-17 00:00:00+00:00, run_after=2025-07-18 00:00:00+00:00
[2025-07-18T09:22:49.313+0700] {processor.py:183} INFO - Processing /home/menglim/airflow_venv/lib/python3.12/site-packages/airflow/example_dags/example_setup_teardown_taskflow.py took 0.053 seconds
[2025-07-18T09:23:56.826+0700] {processor.py:161} INFO - Started process (PID=6780) to work on /home/menglim/airflow_venv/lib/python3.12/site-packages/airflow/example_dags/example_setup_teardown_taskflow.py
[2025-07-18T09:23:56.828+0700] {processor.py:830} INFO - Processing file /home/menglim/airflow_venv/lib/python3.12/site-packages/airflow/example_dags/example_setup_teardown_taskflow.py for tasks to queue
[2025-07-18T09:23:56.829+0700] {logging_mixin.py:188} INFO - [2025-07-18T09:23:56.829+0700] {dagbag.py:545} INFO - Filling up the DagBag from /home/menglim/airflow_venv/lib/python3.12/site-packages/airflow/example_dags/example_setup_teardown_taskflow.py
[2025-07-18T09:23:56.837+0700] {processor.py:840} INFO - DAG(s) 'example_setup_teardown_taskflow' retrieved from /home/menglim/airflow_venv/lib/python3.12/site-packages/airflow/example_dags/example_setup_teardown_taskflow.py
[2025-07-18T09:23:56.851+0700] {logging_mixin.py:188} INFO - [2025-07-18T09:23:56.851+0700] {dag.py:3096} INFO - Sync 1 DAGs
[2025-07-18T09:23:56.864+0700] {logging_mixin.py:188} INFO - [2025-07-18T09:23:56.864+0700] {dag.py:3954} INFO - Setting next_dagrun for example_setup_teardown_taskflow to 2025-07-17 00:00:00+00:00, run_after=2025-07-18 00:00:00+00:00
[2025-07-18T09:23:56.886+0700] {processor.py:183} INFO - Processing /home/menglim/airflow_venv/lib/python3.12/site-packages/airflow/example_dags/example_setup_teardown_taskflow.py took 0.066 seconds
[2025-07-18T09:25:07.444+0700] {processor.py:161} INFO - Started process (PID=6972) to work on /home/menglim/airflow_venv/lib/python3.12/site-packages/airflow/example_dags/example_setup_teardown_taskflow.py
[2025-07-18T09:25:07.446+0700] {processor.py:830} INFO - Processing file /home/menglim/airflow_venv/lib/python3.12/site-packages/airflow/example_dags/example_setup_teardown_taskflow.py for tasks to queue
[2025-07-18T09:25:07.447+0700] {logging_mixin.py:188} INFO - [2025-07-18T09:25:07.447+0700] {dagbag.py:545} INFO - Filling up the DagBag from /home/menglim/airflow_venv/lib/python3.12/site-packages/airflow/example_dags/example_setup_teardown_taskflow.py
[2025-07-18T09:25:07.453+0700] {processor.py:840} INFO - DAG(s) 'example_setup_teardown_taskflow' retrieved from /home/menglim/airflow_venv/lib/python3.12/site-packages/airflow/example_dags/example_setup_teardown_taskflow.py
[2025-07-18T09:25:07.464+0700] {logging_mixin.py:188} INFO - [2025-07-18T09:25:07.464+0700] {dag.py:3096} INFO - Sync 1 DAGs
[2025-07-18T09:25:07.474+0700] {logging_mixin.py:188} INFO - [2025-07-18T09:25:07.474+0700] {dag.py:3954} INFO - Setting next_dagrun for example_setup_teardown_taskflow to 2025-07-17 00:00:00+00:00, run_after=2025-07-18 00:00:00+00:00
[2025-07-18T09:25:07.495+0700] {processor.py:183} INFO - Processing /home/menglim/airflow_venv/lib/python3.12/site-packages/airflow/example_dags/example_setup_teardown_taskflow.py took 0.054 seconds
[2025-07-18T09:26:12.657+0700] {processor.py:161} INFO - Started process (PID=7146) to work on /home/menglim/airflow_venv/lib/python3.12/site-packages/airflow/example_dags/example_setup_teardown_taskflow.py
[2025-07-18T09:26:12.658+0700] {processor.py:830} INFO - Processing file /home/menglim/airflow_venv/lib/python3.12/site-packages/airflow/example_dags/example_setup_teardown_taskflow.py for tasks to queue
[2025-07-18T09:26:12.659+0700] {logging_mixin.py:188} INFO - [2025-07-18T09:26:12.658+0700] {dagbag.py:545} INFO - Filling up the DagBag from /home/menglim/airflow_venv/lib/python3.12/site-packages/airflow/example_dags/example_setup_teardown_taskflow.py
[2025-07-18T09:26:12.664+0700] {processor.py:840} INFO - DAG(s) 'example_setup_teardown_taskflow' retrieved from /home/menglim/airflow_venv/lib/python3.12/site-packages/airflow/example_dags/example_setup_teardown_taskflow.py
[2025-07-18T09:26:12.674+0700] {logging_mixin.py:188} INFO - [2025-07-18T09:26:12.674+0700] {dag.py:3096} INFO - Sync 1 DAGs
[2025-07-18T09:26:12.684+0700] {logging_mixin.py:188} INFO - [2025-07-18T09:26:12.684+0700] {dag.py:3954} INFO - Setting next_dagrun for example_setup_teardown_taskflow to 2025-07-17 00:00:00+00:00, run_after=2025-07-18 00:00:00+00:00
[2025-07-18T09:26:12.704+0700] {processor.py:183} INFO - Processing /home/menglim/airflow_venv/lib/python3.12/site-packages/airflow/example_dags/example_setup_teardown_taskflow.py took 0.050 seconds
[2025-07-18T09:27:14.551+0700] {processor.py:161} INFO - Started process (PID=7282) to work on /home/menglim/airflow_venv/lib/python3.12/site-packages/airflow/example_dags/example_setup_teardown_taskflow.py
[2025-07-18T09:27:14.552+0700] {processor.py:830} INFO - Processing file /home/menglim/airflow_venv/lib/python3.12/site-packages/airflow/example_dags/example_setup_teardown_taskflow.py for tasks to queue
[2025-07-18T09:27:14.553+0700] {logging_mixin.py:188} INFO - [2025-07-18T09:27:14.552+0700] {dagbag.py:545} INFO - Filling up the DagBag from /home/menglim/airflow_venv/lib/python3.12/site-packages/airflow/example_dags/example_setup_teardown_taskflow.py
[2025-07-18T09:27:14.560+0700] {processor.py:840} INFO - DAG(s) 'example_setup_teardown_taskflow' retrieved from /home/menglim/airflow_venv/lib/python3.12/site-packages/airflow/example_dags/example_setup_teardown_taskflow.py
[2025-07-18T09:27:14.572+0700] {logging_mixin.py:188} INFO - [2025-07-18T09:27:14.572+0700] {dag.py:3096} INFO - Sync 1 DAGs
[2025-07-18T09:27:14.586+0700] {logging_mixin.py:188} INFO - [2025-07-18T09:27:14.586+0700] {dag.py:3954} INFO - Setting next_dagrun for example_setup_teardown_taskflow to 2025-07-17 00:00:00+00:00, run_after=2025-07-18 00:00:00+00:00
[2025-07-18T09:27:14.607+0700] {processor.py:183} INFO - Processing /home/menglim/airflow_venv/lib/python3.12/site-packages/airflow/example_dags/example_setup_teardown_taskflow.py took 0.061 seconds
[2025-07-18T09:28:28.699+0700] {processor.py:161} INFO - Started process (PID=7390) to work on /home/menglim/airflow_venv/lib/python3.12/site-packages/airflow/example_dags/example_setup_teardown_taskflow.py
[2025-07-18T09:28:28.700+0700] {processor.py:830} INFO - Processing file /home/menglim/airflow_venv/lib/python3.12/site-packages/airflow/example_dags/example_setup_teardown_taskflow.py for tasks to queue
[2025-07-18T09:28:28.700+0700] {logging_mixin.py:188} INFO - [2025-07-18T09:28:28.700+0700] {dagbag.py:545} INFO - Filling up the DagBag from /home/menglim/airflow_venv/lib/python3.12/site-packages/airflow/example_dags/example_setup_teardown_taskflow.py
[2025-07-18T09:28:28.706+0700] {processor.py:840} INFO - DAG(s) 'example_setup_teardown_taskflow' retrieved from /home/menglim/airflow_venv/lib/python3.12/site-packages/airflow/example_dags/example_setup_teardown_taskflow.py
[2025-07-18T09:28:28.716+0700] {logging_mixin.py:188} INFO - [2025-07-18T09:28:28.715+0700] {dag.py:3096} INFO - Sync 1 DAGs
[2025-07-18T09:28:28.725+0700] {logging_mixin.py:188} INFO - [2025-07-18T09:28:28.725+0700] {dag.py:3954} INFO - Setting next_dagrun for example_setup_teardown_taskflow to 2025-07-17 00:00:00+00:00, run_after=2025-07-18 00:00:00+00:00
[2025-07-18T09:28:28.745+0700] {processor.py:183} INFO - Processing /home/menglim/airflow_venv/lib/python3.12/site-packages/airflow/example_dags/example_setup_teardown_taskflow.py took 0.049 seconds
[2025-07-18T09:29:21.658+0700] {processor.py:161} INFO - Started process (PID=7477) to work on /home/menglim/airflow_venv/lib/python3.12/site-packages/airflow/example_dags/example_setup_teardown_taskflow.py
[2025-07-18T09:29:21.659+0700] {processor.py:830} INFO - Processing file /home/menglim/airflow_venv/lib/python3.12/site-packages/airflow/example_dags/example_setup_teardown_taskflow.py for tasks to queue
[2025-07-18T09:29:21.660+0700] {logging_mixin.py:188} INFO - [2025-07-18T09:29:21.659+0700] {dagbag.py:545} INFO - Filling up the DagBag from /home/menglim/airflow_venv/lib/python3.12/site-packages/airflow/example_dags/example_setup_teardown_taskflow.py
[2025-07-18T09:29:21.666+0700] {processor.py:840} INFO - DAG(s) 'example_setup_teardown_taskflow' retrieved from /home/menglim/airflow_venv/lib/python3.12/site-packages/airflow/example_dags/example_setup_teardown_taskflow.py
[2025-07-18T09:29:21.676+0700] {logging_mixin.py:188} INFO - [2025-07-18T09:29:21.675+0700] {dag.py:3096} INFO - Sync 1 DAGs
[2025-07-18T09:29:21.686+0700] {logging_mixin.py:188} INFO - [2025-07-18T09:29:21.686+0700] {dag.py:3954} INFO - Setting next_dagrun for example_setup_teardown_taskflow to 2025-07-17 00:00:00+00:00, run_after=2025-07-18 00:00:00+00:00
[2025-07-18T09:29:21.706+0700] {processor.py:183} INFO - Processing /home/menglim/airflow_venv/lib/python3.12/site-packages/airflow/example_dags/example_setup_teardown_taskflow.py took 0.052 seconds
[2025-07-18T09:30:13.737+0700] {processor.py:161} INFO - Started process (PID=7574) to work on /home/menglim/airflow_venv/lib/python3.12/site-packages/airflow/example_dags/example_setup_teardown_taskflow.py
[2025-07-18T09:30:13.738+0700] {processor.py:830} INFO - Processing file /home/menglim/airflow_venv/lib/python3.12/site-packages/airflow/example_dags/example_setup_teardown_taskflow.py for tasks to queue
[2025-07-18T09:30:13.739+0700] {logging_mixin.py:188} INFO - [2025-07-18T09:30:13.739+0700] {dagbag.py:545} INFO - Filling up the DagBag from /home/menglim/airflow_venv/lib/python3.12/site-packages/airflow/example_dags/example_setup_teardown_taskflow.py
[2025-07-18T09:30:13.745+0700] {processor.py:840} INFO - DAG(s) 'example_setup_teardown_taskflow' retrieved from /home/menglim/airflow_venv/lib/python3.12/site-packages/airflow/example_dags/example_setup_teardown_taskflow.py
[2025-07-18T09:30:13.755+0700] {logging_mixin.py:188} INFO - [2025-07-18T09:30:13.755+0700] {dag.py:3096} INFO - Sync 1 DAGs
[2025-07-18T09:30:13.767+0700] {logging_mixin.py:188} INFO - [2025-07-18T09:30:13.766+0700] {dag.py:3954} INFO - Setting next_dagrun for example_setup_teardown_taskflow to 2025-07-17 00:00:00+00:00, run_after=2025-07-18 00:00:00+00:00
[2025-07-18T09:30:13.799+0700] {processor.py:183} INFO - Processing /home/menglim/airflow_venv/lib/python3.12/site-packages/airflow/example_dags/example_setup_teardown_taskflow.py took 0.066 seconds
[2025-07-18T09:31:01.751+0700] {processor.py:161} INFO - Started process (PID=7651) to work on /home/menglim/airflow_venv/lib/python3.12/site-packages/airflow/example_dags/example_setup_teardown_taskflow.py
[2025-07-18T09:31:01.753+0700] {processor.py:830} INFO - Processing file /home/menglim/airflow_venv/lib/python3.12/site-packages/airflow/example_dags/example_setup_teardown_taskflow.py for tasks to queue
[2025-07-18T09:31:01.754+0700] {logging_mixin.py:188} INFO - [2025-07-18T09:31:01.754+0700] {dagbag.py:545} INFO - Filling up the DagBag from /home/menglim/airflow_venv/lib/python3.12/site-packages/airflow/example_dags/example_setup_teardown_taskflow.py
[2025-07-18T09:31:01.759+0700] {processor.py:840} INFO - DAG(s) 'example_setup_teardown_taskflow' retrieved from /home/menglim/airflow_venv/lib/python3.12/site-packages/airflow/example_dags/example_setup_teardown_taskflow.py
[2025-07-18T09:31:01.769+0700] {logging_mixin.py:188} INFO - [2025-07-18T09:31:01.769+0700] {dag.py:3096} INFO - Sync 1 DAGs
[2025-07-18T09:31:01.778+0700] {logging_mixin.py:188} INFO - [2025-07-18T09:31:01.778+0700] {dag.py:3954} INFO - Setting next_dagrun for example_setup_teardown_taskflow to 2025-07-17 00:00:00+00:00, run_after=2025-07-18 00:00:00+00:00
[2025-07-18T09:31:01.799+0700] {processor.py:183} INFO - Processing /home/menglim/airflow_venv/lib/python3.12/site-packages/airflow/example_dags/example_setup_teardown_taskflow.py took 0.052 seconds
[2025-07-18T09:31:51.702+0700] {processor.py:161} INFO - Started process (PID=7729) to work on /home/menglim/airflow_venv/lib/python3.12/site-packages/airflow/example_dags/example_setup_teardown_taskflow.py
[2025-07-18T09:31:51.704+0700] {processor.py:830} INFO - Processing file /home/menglim/airflow_venv/lib/python3.12/site-packages/airflow/example_dags/example_setup_teardown_taskflow.py for tasks to queue
[2025-07-18T09:31:51.705+0700] {logging_mixin.py:188} INFO - [2025-07-18T09:31:51.705+0700] {dagbag.py:545} INFO - Filling up the DagBag from /home/menglim/airflow_venv/lib/python3.12/site-packages/airflow/example_dags/example_setup_teardown_taskflow.py
[2025-07-18T09:31:51.711+0700] {processor.py:840} INFO - DAG(s) 'example_setup_teardown_taskflow' retrieved from /home/menglim/airflow_venv/lib/python3.12/site-packages/airflow/example_dags/example_setup_teardown_taskflow.py
[2025-07-18T09:31:51.722+0700] {logging_mixin.py:188} INFO - [2025-07-18T09:31:51.722+0700] {dag.py:3096} INFO - Sync 1 DAGs
[2025-07-18T09:31:51.733+0700] {logging_mixin.py:188} INFO - [2025-07-18T09:31:51.733+0700] {dag.py:3954} INFO - Setting next_dagrun for example_setup_teardown_taskflow to 2025-07-17 00:00:00+00:00, run_after=2025-07-18 00:00:00+00:00
[2025-07-18T09:31:51.754+0700] {processor.py:183} INFO - Processing /home/menglim/airflow_venv/lib/python3.12/site-packages/airflow/example_dags/example_setup_teardown_taskflow.py took 0.055 seconds
[2025-07-18T09:32:43.485+0700] {processor.py:161} INFO - Started process (PID=7810) to work on /home/menglim/airflow_venv/lib/python3.12/site-packages/airflow/example_dags/example_setup_teardown_taskflow.py
[2025-07-18T09:32:43.488+0700] {processor.py:830} INFO - Processing file /home/menglim/airflow_venv/lib/python3.12/site-packages/airflow/example_dags/example_setup_teardown_taskflow.py for tasks to queue
[2025-07-18T09:32:43.488+0700] {logging_mixin.py:188} INFO - [2025-07-18T09:32:43.488+0700] {dagbag.py:545} INFO - Filling up the DagBag from /home/menglim/airflow_venv/lib/python3.12/site-packages/airflow/example_dags/example_setup_teardown_taskflow.py
[2025-07-18T09:32:43.495+0700] {processor.py:840} INFO - DAG(s) 'example_setup_teardown_taskflow' retrieved from /home/menglim/airflow_venv/lib/python3.12/site-packages/airflow/example_dags/example_setup_teardown_taskflow.py
[2025-07-18T09:32:43.507+0700] {logging_mixin.py:188} INFO - [2025-07-18T09:32:43.507+0700] {dag.py:3096} INFO - Sync 1 DAGs
[2025-07-18T09:32:43.520+0700] {logging_mixin.py:188} INFO - [2025-07-18T09:32:43.520+0700] {dag.py:3954} INFO - Setting next_dagrun for example_setup_teardown_taskflow to 2025-07-17 00:00:00+00:00, run_after=2025-07-18 00:00:00+00:00
[2025-07-18T09:32:43.541+0700] {processor.py:183} INFO - Processing /home/menglim/airflow_venv/lib/python3.12/site-packages/airflow/example_dags/example_setup_teardown_taskflow.py took 0.061 seconds
[2025-07-18T09:33:35.222+0700] {processor.py:161} INFO - Started process (PID=7889) to work on /home/menglim/airflow_venv/lib/python3.12/site-packages/airflow/example_dags/example_setup_teardown_taskflow.py
[2025-07-18T09:33:35.222+0700] {processor.py:830} INFO - Processing file /home/menglim/airflow_venv/lib/python3.12/site-packages/airflow/example_dags/example_setup_teardown_taskflow.py for tasks to queue
[2025-07-18T09:33:35.223+0700] {logging_mixin.py:188} INFO - [2025-07-18T09:33:35.223+0700] {dagbag.py:545} INFO - Filling up the DagBag from /home/menglim/airflow_venv/lib/python3.12/site-packages/airflow/example_dags/example_setup_teardown_taskflow.py
[2025-07-18T09:33:35.229+0700] {processor.py:840} INFO - DAG(s) 'example_setup_teardown_taskflow' retrieved from /home/menglim/airflow_venv/lib/python3.12/site-packages/airflow/example_dags/example_setup_teardown_taskflow.py
[2025-07-18T09:33:35.239+0700] {logging_mixin.py:188} INFO - [2025-07-18T09:33:35.239+0700] {dag.py:3096} INFO - Sync 1 DAGs
[2025-07-18T09:33:35.250+0700] {logging_mixin.py:188} INFO - [2025-07-18T09:33:35.250+0700] {dag.py:3954} INFO - Setting next_dagrun for example_setup_teardown_taskflow to 2025-07-17 00:00:00+00:00, run_after=2025-07-18 00:00:00+00:00
[2025-07-18T09:33:35.274+0700] {processor.py:183} INFO - Processing /home/menglim/airflow_venv/lib/python3.12/site-packages/airflow/example_dags/example_setup_teardown_taskflow.py took 0.056 seconds
[2025-07-18T09:34:25.763+0700] {processor.py:161} INFO - Started process (PID=8042) to work on /home/menglim/airflow_venv/lib/python3.12/site-packages/airflow/example_dags/example_setup_teardown_taskflow.py
[2025-07-18T09:34:25.765+0700] {processor.py:830} INFO - Processing file /home/menglim/airflow_venv/lib/python3.12/site-packages/airflow/example_dags/example_setup_teardown_taskflow.py for tasks to queue
[2025-07-18T09:34:25.766+0700] {logging_mixin.py:188} INFO - [2025-07-18T09:34:25.765+0700] {dagbag.py:545} INFO - Filling up the DagBag from /home/menglim/airflow_venv/lib/python3.12/site-packages/airflow/example_dags/example_setup_teardown_taskflow.py
[2025-07-18T09:34:25.772+0700] {processor.py:840} INFO - DAG(s) 'example_setup_teardown_taskflow' retrieved from /home/menglim/airflow_venv/lib/python3.12/site-packages/airflow/example_dags/example_setup_teardown_taskflow.py
[2025-07-18T09:34:25.781+0700] {logging_mixin.py:188} INFO - [2025-07-18T09:34:25.781+0700] {dag.py:3096} INFO - Sync 1 DAGs
[2025-07-18T09:34:25.790+0700] {logging_mixin.py:188} INFO - [2025-07-18T09:34:25.790+0700] {dag.py:3954} INFO - Setting next_dagrun for example_setup_teardown_taskflow to 2025-07-17 00:00:00+00:00, run_after=2025-07-18 00:00:00+00:00
[2025-07-18T09:34:25.811+0700] {processor.py:183} INFO - Processing /home/menglim/airflow_venv/lib/python3.12/site-packages/airflow/example_dags/example_setup_teardown_taskflow.py took 0.052 seconds
[2025-07-18T09:35:18.057+0700] {processor.py:161} INFO - Started process (PID=8124) to work on /home/menglim/airflow_venv/lib/python3.12/site-packages/airflow/example_dags/example_setup_teardown_taskflow.py
[2025-07-18T09:35:18.058+0700] {processor.py:830} INFO - Processing file /home/menglim/airflow_venv/lib/python3.12/site-packages/airflow/example_dags/example_setup_teardown_taskflow.py for tasks to queue
[2025-07-18T09:35:18.058+0700] {logging_mixin.py:188} INFO - [2025-07-18T09:35:18.058+0700] {dagbag.py:545} INFO - Filling up the DagBag from /home/menglim/airflow_venv/lib/python3.12/site-packages/airflow/example_dags/example_setup_teardown_taskflow.py
[2025-07-18T09:35:18.065+0700] {processor.py:840} INFO - DAG(s) 'example_setup_teardown_taskflow' retrieved from /home/menglim/airflow_venv/lib/python3.12/site-packages/airflow/example_dags/example_setup_teardown_taskflow.py
[2025-07-18T09:35:18.075+0700] {logging_mixin.py:188} INFO - [2025-07-18T09:35:18.075+0700] {dag.py:3096} INFO - Sync 1 DAGs
[2025-07-18T09:35:18.086+0700] {logging_mixin.py:188} INFO - [2025-07-18T09:35:18.086+0700] {dag.py:3954} INFO - Setting next_dagrun for example_setup_teardown_taskflow to 2025-07-17 00:00:00+00:00, run_after=2025-07-18 00:00:00+00:00
[2025-07-18T09:35:18.107+0700] {processor.py:183} INFO - Processing /home/menglim/airflow_venv/lib/python3.12/site-packages/airflow/example_dags/example_setup_teardown_taskflow.py took 0.053 seconds
[2025-07-18T09:36:09.017+0700] {processor.py:161} INFO - Started process (PID=8215) to work on /home/menglim/airflow_venv/lib/python3.12/site-packages/airflow/example_dags/example_setup_teardown_taskflow.py
[2025-07-18T09:36:09.019+0700] {processor.py:830} INFO - Processing file /home/menglim/airflow_venv/lib/python3.12/site-packages/airflow/example_dags/example_setup_teardown_taskflow.py for tasks to queue
[2025-07-18T09:36:09.020+0700] {logging_mixin.py:188} INFO - [2025-07-18T09:36:09.020+0700] {dagbag.py:545} INFO - Filling up the DagBag from /home/menglim/airflow_venv/lib/python3.12/site-packages/airflow/example_dags/example_setup_teardown_taskflow.py
[2025-07-18T09:36:09.026+0700] {processor.py:840} INFO - DAG(s) 'example_setup_teardown_taskflow' retrieved from /home/menglim/airflow_venv/lib/python3.12/site-packages/airflow/example_dags/example_setup_teardown_taskflow.py
[2025-07-18T09:36:09.036+0700] {logging_mixin.py:188} INFO - [2025-07-18T09:36:09.036+0700] {dag.py:3096} INFO - Sync 1 DAGs
[2025-07-18T09:36:09.047+0700] {logging_mixin.py:188} INFO - [2025-07-18T09:36:09.047+0700] {dag.py:3954} INFO - Setting next_dagrun for example_setup_teardown_taskflow to 2025-07-17 00:00:00+00:00, run_after=2025-07-18 00:00:00+00:00
[2025-07-18T09:36:09.069+0700] {processor.py:183} INFO - Processing /home/menglim/airflow_venv/lib/python3.12/site-packages/airflow/example_dags/example_setup_teardown_taskflow.py took 0.055 seconds
[2025-07-18T09:37:05.449+0700] {processor.py:161} INFO - Started process (PID=8308) to work on /home/menglim/airflow_venv/lib/python3.12/site-packages/airflow/example_dags/example_setup_teardown_taskflow.py
[2025-07-18T09:37:05.453+0700] {processor.py:830} INFO - Processing file /home/menglim/airflow_venv/lib/python3.12/site-packages/airflow/example_dags/example_setup_teardown_taskflow.py for tasks to queue
[2025-07-18T09:37:05.455+0700] {logging_mixin.py:188} INFO - [2025-07-18T09:37:05.453+0700] {dagbag.py:545} INFO - Filling up the DagBag from /home/menglim/airflow_venv/lib/python3.12/site-packages/airflow/example_dags/example_setup_teardown_taskflow.py
[2025-07-18T09:37:05.472+0700] {processor.py:840} INFO - DAG(s) 'example_setup_teardown_taskflow' retrieved from /home/menglim/airflow_venv/lib/python3.12/site-packages/airflow/example_dags/example_setup_teardown_taskflow.py
[2025-07-18T09:37:05.500+0700] {logging_mixin.py:188} INFO - [2025-07-18T09:37:05.500+0700] {dag.py:3096} INFO - Sync 1 DAGs
[2025-07-18T09:37:05.533+0700] {logging_mixin.py:188} INFO - [2025-07-18T09:37:05.532+0700] {dag.py:3954} INFO - Setting next_dagrun for example_setup_teardown_taskflow to 2025-07-17 00:00:00+00:00, run_after=2025-07-18 00:00:00+00:00
[2025-07-18T09:37:05.585+0700] {processor.py:183} INFO - Processing /home/menglim/airflow_venv/lib/python3.12/site-packages/airflow/example_dags/example_setup_teardown_taskflow.py took 0.148 seconds
