[2025-07-18T09:00:38.202+0700] {processor.py:161} INFO - Started process (PID=3276) to work on /home/menglim/airflow_venv/lib/python3.12/site-packages/airflow/example_dags/example_dynamic_task_mapping.py
[2025-07-18T09:00:38.202+0700] {processor.py:830} INFO - Processing file /home/menglim/airflow_venv/lib/python3.12/site-packages/airflow/example_dags/example_dynamic_task_mapping.py for tasks to queue
[2025-07-18T09:00:38.203+0700] {logging_mixin.py:188} INFO - [2025-07-18T09:00:38.203+0700] {dagbag.py:545} INFO - Filling up the DagBag from /home/menglim/airflow_venv/lib/python3.12/site-packages/airflow/example_dags/example_dynamic_task_mapping.py
[2025-07-18T09:00:38.207+0700] {processor.py:840} INFO - DAG(s) 'example_dynamic_task_mapping' retrieved from /home/menglim/airflow_venv/lib/python3.12/site-packages/airflow/example_dags/example_dynamic_task_mapping.py
[2025-07-18T09:00:38.256+0700] {logging_mixin.py:188} INFO - [2025-07-18T09:00:38.255+0700] {dag.py:3096} INFO - Sync 1 DAGs
[2025-07-18T09:00:38.264+0700] {logging_mixin.py:188} INFO - [2025-07-18T09:00:38.264+0700] {dag.py:3954} INFO - Setting next_dagrun for example_dynamic_task_mapping to 2022-03-04 00:00:00+00:00, run_after=2022-03-05 00:00:00+00:00
[2025-07-18T09:00:38.285+0700] {processor.py:183} INFO - Processing /home/menglim/airflow_venv/lib/python3.12/site-packages/airflow/example_dags/example_dynamic_task_mapping.py took 0.086 seconds
[2025-07-18T09:01:34.483+0700] {processor.py:161} INFO - Started process (PID=3358) to work on /home/menglim/airflow_venv/lib/python3.12/site-packages/airflow/example_dags/example_dynamic_task_mapping.py
[2025-07-18T09:01:34.486+0700] {processor.py:830} INFO - Processing file /home/menglim/airflow_venv/lib/python3.12/site-packages/airflow/example_dags/example_dynamic_task_mapping.py for tasks to queue
[2025-07-18T09:01:34.487+0700] {logging_mixin.py:188} INFO - [2025-07-18T09:01:34.487+0700] {dagbag.py:545} INFO - Filling up the DagBag from /home/menglim/airflow_venv/lib/python3.12/site-packages/airflow/example_dags/example_dynamic_task_mapping.py
[2025-07-18T09:01:34.493+0700] {processor.py:840} INFO - DAG(s) 'example_dynamic_task_mapping' retrieved from /home/menglim/airflow_venv/lib/python3.12/site-packages/airflow/example_dags/example_dynamic_task_mapping.py
[2025-07-18T09:01:34.509+0700] {logging_mixin.py:188} INFO - [2025-07-18T09:01:34.508+0700] {dag.py:3096} INFO - Sync 1 DAGs
[2025-07-18T09:01:34.525+0700] {logging_mixin.py:188} INFO - [2025-07-18T09:01:34.525+0700] {dag.py:3954} INFO - Setting next_dagrun for example_dynamic_task_mapping to 2022-03-04 00:00:00+00:00, run_after=2022-03-05 00:00:00+00:00
[2025-07-18T09:01:34.553+0700] {processor.py:183} INFO - Processing /home/menglim/airflow_venv/lib/python3.12/site-packages/airflow/example_dags/example_dynamic_task_mapping.py took 0.074 seconds
[2025-07-18T09:02:39.589+0700] {processor.py:161} INFO - Started process (PID=3555) to work on /home/menglim/airflow_venv/lib/python3.12/site-packages/airflow/example_dags/example_dynamic_task_mapping.py
[2025-07-18T09:02:39.592+0700] {processor.py:830} INFO - Processing file /home/menglim/airflow_venv/lib/python3.12/site-packages/airflow/example_dags/example_dynamic_task_mapping.py for tasks to queue
[2025-07-18T09:02:39.593+0700] {logging_mixin.py:188} INFO - [2025-07-18T09:02:39.593+0700] {dagbag.py:545} INFO - Filling up the DagBag from /home/menglim/airflow_venv/lib/python3.12/site-packages/airflow/example_dags/example_dynamic_task_mapping.py
[2025-07-18T09:02:39.597+0700] {processor.py:840} INFO - DAG(s) 'example_dynamic_task_mapping' retrieved from /home/menglim/airflow_venv/lib/python3.12/site-packages/airflow/example_dags/example_dynamic_task_mapping.py
[2025-07-18T09:02:39.606+0700] {logging_mixin.py:188} INFO - [2025-07-18T09:02:39.606+0700] {dag.py:3096} INFO - Sync 1 DAGs
[2025-07-18T09:02:39.618+0700] {logging_mixin.py:188} INFO - [2025-07-18T09:02:39.618+0700] {dag.py:3954} INFO - Setting next_dagrun for example_dynamic_task_mapping to 2022-03-04 00:00:00+00:00, run_after=2022-03-05 00:00:00+00:00
[2025-07-18T09:02:39.641+0700] {processor.py:183} INFO - Processing /home/menglim/airflow_venv/lib/python3.12/site-packages/airflow/example_dags/example_dynamic_task_mapping.py took 0.054 seconds
[2025-07-18T09:03:32.045+0700] {processor.py:161} INFO - Started process (PID=3642) to work on /home/menglim/airflow_venv/lib/python3.12/site-packages/airflow/example_dags/example_dynamic_task_mapping.py
[2025-07-18T09:03:32.047+0700] {processor.py:830} INFO - Processing file /home/menglim/airflow_venv/lib/python3.12/site-packages/airflow/example_dags/example_dynamic_task_mapping.py for tasks to queue
[2025-07-18T09:03:32.048+0700] {logging_mixin.py:188} INFO - [2025-07-18T09:03:32.048+0700] {dagbag.py:545} INFO - Filling up the DagBag from /home/menglim/airflow_venv/lib/python3.12/site-packages/airflow/example_dags/example_dynamic_task_mapping.py
[2025-07-18T09:03:32.052+0700] {processor.py:840} INFO - DAG(s) 'example_dynamic_task_mapping' retrieved from /home/menglim/airflow_venv/lib/python3.12/site-packages/airflow/example_dags/example_dynamic_task_mapping.py
[2025-07-18T09:03:32.061+0700] {logging_mixin.py:188} INFO - [2025-07-18T09:03:32.061+0700] {dag.py:3096} INFO - Sync 1 DAGs
[2025-07-18T09:03:32.070+0700] {logging_mixin.py:188} INFO - [2025-07-18T09:03:32.070+0700] {dag.py:3954} INFO - Setting next_dagrun for example_dynamic_task_mapping to 2022-03-04 00:00:00+00:00, run_after=2022-03-05 00:00:00+00:00
[2025-07-18T09:03:32.090+0700] {processor.py:183} INFO - Processing /home/menglim/airflow_venv/lib/python3.12/site-packages/airflow/example_dags/example_dynamic_task_mapping.py took 0.048 seconds
[2025-07-18T09:04:24.907+0700] {processor.py:161} INFO - Started process (PID=3741) to work on /home/menglim/airflow_venv/lib/python3.12/site-packages/airflow/example_dags/example_dynamic_task_mapping.py
[2025-07-18T09:04:24.908+0700] {processor.py:830} INFO - Processing file /home/menglim/airflow_venv/lib/python3.12/site-packages/airflow/example_dags/example_dynamic_task_mapping.py for tasks to queue
[2025-07-18T09:04:24.910+0700] {logging_mixin.py:188} INFO - [2025-07-18T09:04:24.909+0700] {dagbag.py:545} INFO - Filling up the DagBag from /home/menglim/airflow_venv/lib/python3.12/site-packages/airflow/example_dags/example_dynamic_task_mapping.py
[2025-07-18T09:04:24.914+0700] {processor.py:840} INFO - DAG(s) 'example_dynamic_task_mapping' retrieved from /home/menglim/airflow_venv/lib/python3.12/site-packages/airflow/example_dags/example_dynamic_task_mapping.py
[2025-07-18T09:04:24.923+0700] {logging_mixin.py:188} INFO - [2025-07-18T09:04:24.923+0700] {dag.py:3096} INFO - Sync 1 DAGs
[2025-07-18T09:04:24.934+0700] {logging_mixin.py:188} INFO - [2025-07-18T09:04:24.933+0700] {dag.py:3954} INFO - Setting next_dagrun for example_dynamic_task_mapping to 2022-03-04 00:00:00+00:00, run_after=2022-03-05 00:00:00+00:00
[2025-07-18T09:04:24.957+0700] {processor.py:183} INFO - Processing /home/menglim/airflow_venv/lib/python3.12/site-packages/airflow/example_dags/example_dynamic_task_mapping.py took 0.053 seconds
[2025-07-18T09:05:18.868+0700] {processor.py:161} INFO - Started process (PID=3862) to work on /home/menglim/airflow_venv/lib/python3.12/site-packages/airflow/example_dags/example_dynamic_task_mapping.py
[2025-07-18T09:05:18.872+0700] {processor.py:830} INFO - Processing file /home/menglim/airflow_venv/lib/python3.12/site-packages/airflow/example_dags/example_dynamic_task_mapping.py for tasks to queue
[2025-07-18T09:05:18.874+0700] {logging_mixin.py:188} INFO - [2025-07-18T09:05:18.874+0700] {dagbag.py:545} INFO - Filling up the DagBag from /home/menglim/airflow_venv/lib/python3.12/site-packages/airflow/example_dags/example_dynamic_task_mapping.py
[2025-07-18T09:05:18.883+0700] {processor.py:840} INFO - DAG(s) 'example_dynamic_task_mapping' retrieved from /home/menglim/airflow_venv/lib/python3.12/site-packages/airflow/example_dags/example_dynamic_task_mapping.py
[2025-07-18T09:05:18.902+0700] {logging_mixin.py:188} INFO - [2025-07-18T09:05:18.901+0700] {dag.py:3096} INFO - Sync 1 DAGs
[2025-07-18T09:05:18.924+0700] {logging_mixin.py:188} INFO - [2025-07-18T09:05:18.924+0700] {dag.py:3954} INFO - Setting next_dagrun for example_dynamic_task_mapping to 2022-03-04 00:00:00+00:00, run_after=2022-03-05 00:00:00+00:00
[2025-07-18T09:05:18.962+0700] {processor.py:183} INFO - Processing /home/menglim/airflow_venv/lib/python3.12/site-packages/airflow/example_dags/example_dynamic_task_mapping.py took 0.102 seconds
[2025-07-18T09:06:18.742+0700] {processor.py:161} INFO - Started process (PID=3940) to work on /home/menglim/airflow_venv/lib/python3.12/site-packages/airflow/example_dags/example_dynamic_task_mapping.py
[2025-07-18T09:06:18.744+0700] {processor.py:830} INFO - Processing file /home/menglim/airflow_venv/lib/python3.12/site-packages/airflow/example_dags/example_dynamic_task_mapping.py for tasks to queue
[2025-07-18T09:06:18.744+0700] {logging_mixin.py:188} INFO - [2025-07-18T09:06:18.744+0700] {dagbag.py:545} INFO - Filling up the DagBag from /home/menglim/airflow_venv/lib/python3.12/site-packages/airflow/example_dags/example_dynamic_task_mapping.py
[2025-07-18T09:06:18.750+0700] {processor.py:840} INFO - DAG(s) 'example_dynamic_task_mapping' retrieved from /home/menglim/airflow_venv/lib/python3.12/site-packages/airflow/example_dags/example_dynamic_task_mapping.py
[2025-07-18T09:06:18.763+0700] {logging_mixin.py:188} INFO - [2025-07-18T09:06:18.762+0700] {dag.py:3096} INFO - Sync 1 DAGs
[2025-07-18T09:06:18.774+0700] {logging_mixin.py:188} INFO - [2025-07-18T09:06:18.774+0700] {dag.py:3954} INFO - Setting next_dagrun for example_dynamic_task_mapping to 2022-03-04 00:00:00+00:00, run_after=2022-03-05 00:00:00+00:00
[2025-07-18T09:06:18.826+0700] {processor.py:183} INFO - Processing /home/menglim/airflow_venv/lib/python3.12/site-packages/airflow/example_dags/example_dynamic_task_mapping.py took 0.087 seconds
[2025-07-18T09:07:16.062+0700] {processor.py:161} INFO - Started process (PID=4053) to work on /home/menglim/airflow_venv/lib/python3.12/site-packages/airflow/example_dags/example_dynamic_task_mapping.py
[2025-07-18T09:07:16.063+0700] {processor.py:830} INFO - Processing file /home/menglim/airflow_venv/lib/python3.12/site-packages/airflow/example_dags/example_dynamic_task_mapping.py for tasks to queue
[2025-07-18T09:07:16.063+0700] {logging_mixin.py:188} INFO - [2025-07-18T09:07:16.063+0700] {dagbag.py:545} INFO - Filling up the DagBag from /home/menglim/airflow_venv/lib/python3.12/site-packages/airflow/example_dags/example_dynamic_task_mapping.py
[2025-07-18T09:07:16.068+0700] {processor.py:840} INFO - DAG(s) 'example_dynamic_task_mapping' retrieved from /home/menglim/airflow_venv/lib/python3.12/site-packages/airflow/example_dags/example_dynamic_task_mapping.py
[2025-07-18T09:07:16.078+0700] {logging_mixin.py:188} INFO - [2025-07-18T09:07:16.077+0700] {dag.py:3096} INFO - Sync 1 DAGs
[2025-07-18T09:07:16.088+0700] {logging_mixin.py:188} INFO - [2025-07-18T09:07:16.088+0700] {dag.py:3954} INFO - Setting next_dagrun for example_dynamic_task_mapping to 2022-03-04 00:00:00+00:00, run_after=2022-03-05 00:00:00+00:00
[2025-07-18T09:07:16.107+0700] {processor.py:183} INFO - Processing /home/menglim/airflow_venv/lib/python3.12/site-packages/airflow/example_dags/example_dynamic_task_mapping.py took 0.050 seconds
[2025-07-18T09:08:13.927+0700] {processor.py:161} INFO - Started process (PID=4163) to work on /home/menglim/airflow_venv/lib/python3.12/site-packages/airflow/example_dags/example_dynamic_task_mapping.py
[2025-07-18T09:08:13.931+0700] {processor.py:830} INFO - Processing file /home/menglim/airflow_venv/lib/python3.12/site-packages/airflow/example_dags/example_dynamic_task_mapping.py for tasks to queue
[2025-07-18T09:08:13.933+0700] {logging_mixin.py:188} INFO - [2025-07-18T09:08:13.933+0700] {dagbag.py:545} INFO - Filling up the DagBag from /home/menglim/airflow_venv/lib/python3.12/site-packages/airflow/example_dags/example_dynamic_task_mapping.py
[2025-07-18T09:08:13.942+0700] {processor.py:840} INFO - DAG(s) 'example_dynamic_task_mapping' retrieved from /home/menglim/airflow_venv/lib/python3.12/site-packages/airflow/example_dags/example_dynamic_task_mapping.py
[2025-07-18T09:08:13.966+0700] {logging_mixin.py:188} INFO - [2025-07-18T09:08:13.965+0700] {dag.py:3096} INFO - Sync 1 DAGs
[2025-07-18T09:08:13.987+0700] {logging_mixin.py:188} INFO - [2025-07-18T09:08:13.987+0700] {dag.py:3954} INFO - Setting next_dagrun for example_dynamic_task_mapping to 2022-03-04 00:00:00+00:00, run_after=2022-03-05 00:00:00+00:00
[2025-07-18T09:08:14.044+0700] {processor.py:183} INFO - Processing /home/menglim/airflow_venv/lib/python3.12/site-packages/airflow/example_dags/example_dynamic_task_mapping.py took 0.122 seconds
[2025-07-18T09:09:10.822+0700] {processor.py:161} INFO - Started process (PID=4280) to work on /home/menglim/airflow_venv/lib/python3.12/site-packages/airflow/example_dags/example_dynamic_task_mapping.py
[2025-07-18T09:09:10.823+0700] {processor.py:830} INFO - Processing file /home/menglim/airflow_venv/lib/python3.12/site-packages/airflow/example_dags/example_dynamic_task_mapping.py for tasks to queue
[2025-07-18T09:09:10.823+0700] {logging_mixin.py:188} INFO - [2025-07-18T09:09:10.823+0700] {dagbag.py:545} INFO - Filling up the DagBag from /home/menglim/airflow_venv/lib/python3.12/site-packages/airflow/example_dags/example_dynamic_task_mapping.py
[2025-07-18T09:09:10.828+0700] {processor.py:840} INFO - DAG(s) 'example_dynamic_task_mapping' retrieved from /home/menglim/airflow_venv/lib/python3.12/site-packages/airflow/example_dags/example_dynamic_task_mapping.py
[2025-07-18T09:09:10.837+0700] {logging_mixin.py:188} INFO - [2025-07-18T09:09:10.837+0700] {dag.py:3096} INFO - Sync 1 DAGs
[2025-07-18T09:09:10.847+0700] {logging_mixin.py:188} INFO - [2025-07-18T09:09:10.847+0700] {dag.py:3954} INFO - Setting next_dagrun for example_dynamic_task_mapping to 2022-03-04 00:00:00+00:00, run_after=2022-03-05 00:00:00+00:00
[2025-07-18T09:09:10.869+0700] {processor.py:183} INFO - Processing /home/menglim/airflow_venv/lib/python3.12/site-packages/airflow/example_dags/example_dynamic_task_mapping.py took 0.051 seconds
[2025-07-18T09:10:25.200+0700] {processor.py:161} INFO - Started process (PID=4387) to work on /home/menglim/airflow_venv/lib/python3.12/site-packages/airflow/example_dags/example_dynamic_task_mapping.py
[2025-07-18T09:10:25.202+0700] {processor.py:830} INFO - Processing file /home/menglim/airflow_venv/lib/python3.12/site-packages/airflow/example_dags/example_dynamic_task_mapping.py for tasks to queue
[2025-07-18T09:10:25.202+0700] {logging_mixin.py:188} INFO - [2025-07-18T09:10:25.202+0700] {dagbag.py:545} INFO - Filling up the DagBag from /home/menglim/airflow_venv/lib/python3.12/site-packages/airflow/example_dags/example_dynamic_task_mapping.py
[2025-07-18T09:10:25.211+0700] {processor.py:840} INFO - DAG(s) 'example_dynamic_task_mapping' retrieved from /home/menglim/airflow_venv/lib/python3.12/site-packages/airflow/example_dags/example_dynamic_task_mapping.py
[2025-07-18T09:10:25.224+0700] {logging_mixin.py:188} INFO - [2025-07-18T09:10:25.224+0700] {dag.py:3096} INFO - Sync 1 DAGs
[2025-07-18T09:10:25.239+0700] {logging_mixin.py:188} INFO - [2025-07-18T09:10:25.238+0700] {dag.py:3954} INFO - Setting next_dagrun for example_dynamic_task_mapping to 2022-03-04 00:00:00+00:00, run_after=2022-03-05 00:00:00+00:00
[2025-07-18T09:10:25.262+0700] {processor.py:183} INFO - Processing /home/menglim/airflow_venv/lib/python3.12/site-packages/airflow/example_dags/example_dynamic_task_mapping.py took 0.070 seconds
[2025-07-18T09:11:29.125+0700] {processor.py:161} INFO - Started process (PID=4546) to work on /home/menglim/airflow_venv/lib/python3.12/site-packages/airflow/example_dags/example_dynamic_task_mapping.py
[2025-07-18T09:11:29.128+0700] {processor.py:830} INFO - Processing file /home/menglim/airflow_venv/lib/python3.12/site-packages/airflow/example_dags/example_dynamic_task_mapping.py for tasks to queue
[2025-07-18T09:11:29.129+0700] {logging_mixin.py:188} INFO - [2025-07-18T09:11:29.128+0700] {dagbag.py:545} INFO - Filling up the DagBag from /home/menglim/airflow_venv/lib/python3.12/site-packages/airflow/example_dags/example_dynamic_task_mapping.py
[2025-07-18T09:11:29.133+0700] {processor.py:840} INFO - DAG(s) 'example_dynamic_task_mapping' retrieved from /home/menglim/airflow_venv/lib/python3.12/site-packages/airflow/example_dags/example_dynamic_task_mapping.py
[2025-07-18T09:11:29.142+0700] {logging_mixin.py:188} INFO - [2025-07-18T09:11:29.142+0700] {dag.py:3096} INFO - Sync 1 DAGs
[2025-07-18T09:11:29.152+0700] {logging_mixin.py:188} INFO - [2025-07-18T09:11:29.152+0700] {dag.py:3954} INFO - Setting next_dagrun for example_dynamic_task_mapping to 2022-03-04 00:00:00+00:00, run_after=2022-03-05 00:00:00+00:00
[2025-07-18T09:11:29.172+0700] {processor.py:183} INFO - Processing /home/menglim/airflow_venv/lib/python3.12/site-packages/airflow/example_dags/example_dynamic_task_mapping.py took 0.050 seconds
[2025-07-18T09:12:26.292+0700] {processor.py:161} INFO - Started process (PID=4632) to work on /home/menglim/airflow_venv/lib/python3.12/site-packages/airflow/example_dags/example_dynamic_task_mapping.py
[2025-07-18T09:12:26.293+0700] {processor.py:830} INFO - Processing file /home/menglim/airflow_venv/lib/python3.12/site-packages/airflow/example_dags/example_dynamic_task_mapping.py for tasks to queue
[2025-07-18T09:12:26.293+0700] {logging_mixin.py:188} INFO - [2025-07-18T09:12:26.293+0700] {dagbag.py:545} INFO - Filling up the DagBag from /home/menglim/airflow_venv/lib/python3.12/site-packages/airflow/example_dags/example_dynamic_task_mapping.py
[2025-07-18T09:12:26.298+0700] {processor.py:840} INFO - DAG(s) 'example_dynamic_task_mapping' retrieved from /home/menglim/airflow_venv/lib/python3.12/site-packages/airflow/example_dags/example_dynamic_task_mapping.py
[2025-07-18T09:12:26.307+0700] {logging_mixin.py:188} INFO - [2025-07-18T09:12:26.307+0700] {dag.py:3096} INFO - Sync 1 DAGs
[2025-07-18T09:12:26.318+0700] {logging_mixin.py:188} INFO - [2025-07-18T09:12:26.317+0700] {dag.py:3954} INFO - Setting next_dagrun for example_dynamic_task_mapping to 2022-03-04 00:00:00+00:00, run_after=2022-03-05 00:00:00+00:00
[2025-07-18T09:12:26.338+0700] {processor.py:183} INFO - Processing /home/menglim/airflow_venv/lib/python3.12/site-packages/airflow/example_dags/example_dynamic_task_mapping.py took 0.049 seconds
[2025-07-18T09:13:23.466+0700] {processor.py:161} INFO - Started process (PID=5194) to work on /home/menglim/airflow_venv/lib/python3.12/site-packages/airflow/example_dags/example_dynamic_task_mapping.py
[2025-07-18T09:13:23.469+0700] {processor.py:830} INFO - Processing file /home/menglim/airflow_venv/lib/python3.12/site-packages/airflow/example_dags/example_dynamic_task_mapping.py for tasks to queue
[2025-07-18T09:13:23.469+0700] {logging_mixin.py:188} INFO - [2025-07-18T09:13:23.469+0700] {dagbag.py:545} INFO - Filling up the DagBag from /home/menglim/airflow_venv/lib/python3.12/site-packages/airflow/example_dags/example_dynamic_task_mapping.py
[2025-07-18T09:13:23.474+0700] {processor.py:840} INFO - DAG(s) 'example_dynamic_task_mapping' retrieved from /home/menglim/airflow_venv/lib/python3.12/site-packages/airflow/example_dags/example_dynamic_task_mapping.py
[2025-07-18T09:13:23.484+0700] {logging_mixin.py:188} INFO - [2025-07-18T09:13:23.484+0700] {dag.py:3096} INFO - Sync 1 DAGs
[2025-07-18T09:13:23.496+0700] {logging_mixin.py:188} INFO - [2025-07-18T09:13:23.496+0700] {dag.py:3954} INFO - Setting next_dagrun for example_dynamic_task_mapping to 2022-03-04 00:00:00+00:00, run_after=2022-03-05 00:00:00+00:00
[2025-07-18T09:13:23.516+0700] {processor.py:183} INFO - Processing /home/menglim/airflow_venv/lib/python3.12/site-packages/airflow/example_dags/example_dynamic_task_mapping.py took 0.053 seconds
[2025-07-18T09:14:35.425+0700] {processor.py:161} INFO - Started process (PID=5363) to work on /home/menglim/airflow_venv/lib/python3.12/site-packages/airflow/example_dags/example_dynamic_task_mapping.py
[2025-07-18T09:14:35.427+0700] {processor.py:830} INFO - Processing file /home/menglim/airflow_venv/lib/python3.12/site-packages/airflow/example_dags/example_dynamic_task_mapping.py for tasks to queue
[2025-07-18T09:14:35.428+0700] {logging_mixin.py:188} INFO - [2025-07-18T09:14:35.427+0700] {dagbag.py:545} INFO - Filling up the DagBag from /home/menglim/airflow_venv/lib/python3.12/site-packages/airflow/example_dags/example_dynamic_task_mapping.py
[2025-07-18T09:14:35.432+0700] {processor.py:840} INFO - DAG(s) 'example_dynamic_task_mapping' retrieved from /home/menglim/airflow_venv/lib/python3.12/site-packages/airflow/example_dags/example_dynamic_task_mapping.py
[2025-07-18T09:14:35.440+0700] {logging_mixin.py:188} INFO - [2025-07-18T09:14:35.440+0700] {dag.py:3096} INFO - Sync 1 DAGs
[2025-07-18T09:14:35.450+0700] {logging_mixin.py:188} INFO - [2025-07-18T09:14:35.450+0700] {dag.py:3954} INFO - Setting next_dagrun for example_dynamic_task_mapping to 2022-03-04 00:00:00+00:00, run_after=2022-03-05 00:00:00+00:00
[2025-07-18T09:14:35.470+0700] {processor.py:183} INFO - Processing /home/menglim/airflow_venv/lib/python3.12/site-packages/airflow/example_dags/example_dynamic_task_mapping.py took 0.048 seconds
[2025-07-18T09:15:34.839+0700] {processor.py:161} INFO - Started process (PID=5479) to work on /home/menglim/airflow_venv/lib/python3.12/site-packages/airflow/example_dags/example_dynamic_task_mapping.py
[2025-07-18T09:15:34.841+0700] {processor.py:830} INFO - Processing file /home/menglim/airflow_venv/lib/python3.12/site-packages/airflow/example_dags/example_dynamic_task_mapping.py for tasks to queue
[2025-07-18T09:15:34.842+0700] {logging_mixin.py:188} INFO - [2025-07-18T09:15:34.841+0700] {dagbag.py:545} INFO - Filling up the DagBag from /home/menglim/airflow_venv/lib/python3.12/site-packages/airflow/example_dags/example_dynamic_task_mapping.py
[2025-07-18T09:15:34.849+0700] {processor.py:840} INFO - DAG(s) 'example_dynamic_task_mapping' retrieved from /home/menglim/airflow_venv/lib/python3.12/site-packages/airflow/example_dags/example_dynamic_task_mapping.py
[2025-07-18T09:15:34.861+0700] {logging_mixin.py:188} INFO - [2025-07-18T09:15:34.861+0700] {dag.py:3096} INFO - Sync 1 DAGs
[2025-07-18T09:15:34.874+0700] {logging_mixin.py:188} INFO - [2025-07-18T09:15:34.874+0700] {dag.py:3954} INFO - Setting next_dagrun for example_dynamic_task_mapping to 2022-03-04 00:00:00+00:00, run_after=2022-03-05 00:00:00+00:00
[2025-07-18T09:15:34.902+0700] {processor.py:183} INFO - Processing /home/menglim/airflow_venv/lib/python3.12/site-packages/airflow/example_dags/example_dynamic_task_mapping.py took 0.066 seconds
[2025-07-18T09:16:44.677+0700] {processor.py:161} INFO - Started process (PID=5607) to work on /home/menglim/airflow_venv/lib/python3.12/site-packages/airflow/example_dags/example_dynamic_task_mapping.py
[2025-07-18T09:16:44.678+0700] {processor.py:830} INFO - Processing file /home/menglim/airflow_venv/lib/python3.12/site-packages/airflow/example_dags/example_dynamic_task_mapping.py for tasks to queue
[2025-07-18T09:16:44.679+0700] {logging_mixin.py:188} INFO - [2025-07-18T09:16:44.678+0700] {dagbag.py:545} INFO - Filling up the DagBag from /home/menglim/airflow_venv/lib/python3.12/site-packages/airflow/example_dags/example_dynamic_task_mapping.py
[2025-07-18T09:16:44.684+0700] {processor.py:840} INFO - DAG(s) 'example_dynamic_task_mapping' retrieved from /home/menglim/airflow_venv/lib/python3.12/site-packages/airflow/example_dags/example_dynamic_task_mapping.py
[2025-07-18T09:16:44.693+0700] {logging_mixin.py:188} INFO - [2025-07-18T09:16:44.693+0700] {dag.py:3096} INFO - Sync 1 DAGs
[2025-07-18T09:16:44.704+0700] {logging_mixin.py:188} INFO - [2025-07-18T09:16:44.704+0700] {dag.py:3954} INFO - Setting next_dagrun for example_dynamic_task_mapping to 2022-03-04 00:00:00+00:00, run_after=2022-03-05 00:00:00+00:00
[2025-07-18T09:16:44.782+0700] {processor.py:183} INFO - Processing /home/menglim/airflow_venv/lib/python3.12/site-packages/airflow/example_dags/example_dynamic_task_mapping.py took 0.109 seconds
[2025-07-18T09:18:06.345+0700] {processor.py:161} INFO - Started process (PID=5878) to work on /home/menglim/airflow_venv/lib/python3.12/site-packages/airflow/example_dags/example_dynamic_task_mapping.py
[2025-07-18T09:18:06.346+0700] {processor.py:830} INFO - Processing file /home/menglim/airflow_venv/lib/python3.12/site-packages/airflow/example_dags/example_dynamic_task_mapping.py for tasks to queue
[2025-07-18T09:18:06.347+0700] {logging_mixin.py:188} INFO - [2025-07-18T09:18:06.346+0700] {dagbag.py:545} INFO - Filling up the DagBag from /home/menglim/airflow_venv/lib/python3.12/site-packages/airflow/example_dags/example_dynamic_task_mapping.py
[2025-07-18T09:18:06.352+0700] {processor.py:840} INFO - DAG(s) 'example_dynamic_task_mapping' retrieved from /home/menglim/airflow_venv/lib/python3.12/site-packages/airflow/example_dags/example_dynamic_task_mapping.py
[2025-07-18T09:18:06.364+0700] {logging_mixin.py:188} INFO - [2025-07-18T09:18:06.364+0700] {dag.py:3096} INFO - Sync 1 DAGs
[2025-07-18T09:18:06.375+0700] {logging_mixin.py:188} INFO - [2025-07-18T09:18:06.375+0700] {dag.py:3954} INFO - Setting next_dagrun for example_dynamic_task_mapping to 2022-03-04 00:00:00+00:00, run_after=2022-03-05 00:00:00+00:00
[2025-07-18T09:18:06.401+0700] {processor.py:183} INFO - Processing /home/menglim/airflow_venv/lib/python3.12/site-packages/airflow/example_dags/example_dynamic_task_mapping.py took 0.060 seconds
[2025-07-18T09:19:21.193+0700] {processor.py:161} INFO - Started process (PID=6055) to work on /home/menglim/airflow_venv/lib/python3.12/site-packages/airflow/example_dags/example_dynamic_task_mapping.py
[2025-07-18T09:19:21.194+0700] {processor.py:830} INFO - Processing file /home/menglim/airflow_venv/lib/python3.12/site-packages/airflow/example_dags/example_dynamic_task_mapping.py for tasks to queue
[2025-07-18T09:19:21.195+0700] {logging_mixin.py:188} INFO - [2025-07-18T09:19:21.194+0700] {dagbag.py:545} INFO - Filling up the DagBag from /home/menglim/airflow_venv/lib/python3.12/site-packages/airflow/example_dags/example_dynamic_task_mapping.py
[2025-07-18T09:19:21.199+0700] {processor.py:840} INFO - DAG(s) 'example_dynamic_task_mapping' retrieved from /home/menglim/airflow_venv/lib/python3.12/site-packages/airflow/example_dags/example_dynamic_task_mapping.py
[2025-07-18T09:19:21.207+0700] {logging_mixin.py:188} INFO - [2025-07-18T09:19:21.207+0700] {dag.py:3096} INFO - Sync 1 DAGs
[2025-07-18T09:19:21.271+0700] {logging_mixin.py:188} INFO - [2025-07-18T09:19:21.271+0700] {dag.py:3954} INFO - Setting next_dagrun for example_dynamic_task_mapping to 2022-03-04 00:00:00+00:00, run_after=2022-03-05 00:00:00+00:00
[2025-07-18T09:19:21.293+0700] {processor.py:183} INFO - Processing /home/menglim/airflow_venv/lib/python3.12/site-packages/airflow/example_dags/example_dynamic_task_mapping.py took 0.104 seconds
[2025-07-18T09:20:21.557+0700] {processor.py:161} INFO - Started process (PID=6191) to work on /home/menglim/airflow_venv/lib/python3.12/site-packages/airflow/example_dags/example_dynamic_task_mapping.py
[2025-07-18T09:20:21.560+0700] {processor.py:830} INFO - Processing file /home/menglim/airflow_venv/lib/python3.12/site-packages/airflow/example_dags/example_dynamic_task_mapping.py for tasks to queue
[2025-07-18T09:20:21.560+0700] {logging_mixin.py:188} INFO - [2025-07-18T09:20:21.560+0700] {dagbag.py:545} INFO - Filling up the DagBag from /home/menglim/airflow_venv/lib/python3.12/site-packages/airflow/example_dags/example_dynamic_task_mapping.py
[2025-07-18T09:20:21.565+0700] {processor.py:840} INFO - DAG(s) 'example_dynamic_task_mapping' retrieved from /home/menglim/airflow_venv/lib/python3.12/site-packages/airflow/example_dags/example_dynamic_task_mapping.py
[2025-07-18T09:20:21.574+0700] {logging_mixin.py:188} INFO - [2025-07-18T09:20:21.574+0700] {dag.py:3096} INFO - Sync 1 DAGs
[2025-07-18T09:20:21.645+0700] {logging_mixin.py:188} INFO - [2025-07-18T09:20:21.645+0700] {dag.py:3954} INFO - Setting next_dagrun for example_dynamic_task_mapping to 2022-03-04 00:00:00+00:00, run_after=2022-03-05 00:00:00+00:00
[2025-07-18T09:20:21.664+0700] {processor.py:183} INFO - Processing /home/menglim/airflow_venv/lib/python3.12/site-packages/airflow/example_dags/example_dynamic_task_mapping.py took 0.110 seconds
[2025-07-18T09:21:29.075+0700] {processor.py:161} INFO - Started process (PID=6391) to work on /home/menglim/airflow_venv/lib/python3.12/site-packages/airflow/example_dags/example_dynamic_task_mapping.py
[2025-07-18T09:21:29.077+0700] {processor.py:830} INFO - Processing file /home/menglim/airflow_venv/lib/python3.12/site-packages/airflow/example_dags/example_dynamic_task_mapping.py for tasks to queue
[2025-07-18T09:21:29.078+0700] {logging_mixin.py:188} INFO - [2025-07-18T09:21:29.077+0700] {dagbag.py:545} INFO - Filling up the DagBag from /home/menglim/airflow_venv/lib/python3.12/site-packages/airflow/example_dags/example_dynamic_task_mapping.py
[2025-07-18T09:21:29.083+0700] {processor.py:840} INFO - DAG(s) 'example_dynamic_task_mapping' retrieved from /home/menglim/airflow_venv/lib/python3.12/site-packages/airflow/example_dags/example_dynamic_task_mapping.py
[2025-07-18T09:21:29.093+0700] {logging_mixin.py:188} INFO - [2025-07-18T09:21:29.092+0700] {dag.py:3096} INFO - Sync 1 DAGs
[2025-07-18T09:21:29.104+0700] {logging_mixin.py:188} INFO - [2025-07-18T09:21:29.104+0700] {dag.py:3954} INFO - Setting next_dagrun for example_dynamic_task_mapping to 2022-03-04 00:00:00+00:00, run_after=2022-03-05 00:00:00+00:00
[2025-07-18T09:21:29.123+0700] {processor.py:183} INFO - Processing /home/menglim/airflow_venv/lib/python3.12/site-packages/airflow/example_dags/example_dynamic_task_mapping.py took 0.051 seconds
[2025-07-18T09:22:51.751+0700] {processor.py:161} INFO - Started process (PID=6620) to work on /home/menglim/airflow_venv/lib/python3.12/site-packages/airflow/example_dags/example_dynamic_task_mapping.py
[2025-07-18T09:22:51.753+0700] {processor.py:830} INFO - Processing file /home/menglim/airflow_venv/lib/python3.12/site-packages/airflow/example_dags/example_dynamic_task_mapping.py for tasks to queue
[2025-07-18T09:22:51.754+0700] {logging_mixin.py:188} INFO - [2025-07-18T09:22:51.754+0700] {dagbag.py:545} INFO - Filling up the DagBag from /home/menglim/airflow_venv/lib/python3.12/site-packages/airflow/example_dags/example_dynamic_task_mapping.py
[2025-07-18T09:22:51.759+0700] {processor.py:840} INFO - DAG(s) 'example_dynamic_task_mapping' retrieved from /home/menglim/airflow_venv/lib/python3.12/site-packages/airflow/example_dags/example_dynamic_task_mapping.py
[2025-07-18T09:22:51.769+0700] {logging_mixin.py:188} INFO - [2025-07-18T09:22:51.769+0700] {dag.py:3096} INFO - Sync 1 DAGs
[2025-07-18T09:22:51.779+0700] {logging_mixin.py:188} INFO - [2025-07-18T09:22:51.779+0700] {dag.py:3954} INFO - Setting next_dagrun for example_dynamic_task_mapping to 2022-03-04 00:00:00+00:00, run_after=2022-03-05 00:00:00+00:00
[2025-07-18T09:22:51.800+0700] {processor.py:183} INFO - Processing /home/menglim/airflow_venv/lib/python3.12/site-packages/airflow/example_dags/example_dynamic_task_mapping.py took 0.052 seconds
[2025-07-18T09:24:02.551+0700] {processor.py:161} INFO - Started process (PID=6817) to work on /home/menglim/airflow_venv/lib/python3.12/site-packages/airflow/example_dags/example_dynamic_task_mapping.py
[2025-07-18T09:24:02.552+0700] {processor.py:830} INFO - Processing file /home/menglim/airflow_venv/lib/python3.12/site-packages/airflow/example_dags/example_dynamic_task_mapping.py for tasks to queue
[2025-07-18T09:24:02.553+0700] {logging_mixin.py:188} INFO - [2025-07-18T09:24:02.553+0700] {dagbag.py:545} INFO - Filling up the DagBag from /home/menglim/airflow_venv/lib/python3.12/site-packages/airflow/example_dags/example_dynamic_task_mapping.py
[2025-07-18T09:24:02.558+0700] {processor.py:840} INFO - DAG(s) 'example_dynamic_task_mapping' retrieved from /home/menglim/airflow_venv/lib/python3.12/site-packages/airflow/example_dags/example_dynamic_task_mapping.py
[2025-07-18T09:24:02.568+0700] {logging_mixin.py:188} INFO - [2025-07-18T09:24:02.568+0700] {dag.py:3096} INFO - Sync 1 DAGs
[2025-07-18T09:24:02.579+0700] {logging_mixin.py:188} INFO - [2025-07-18T09:24:02.579+0700] {dag.py:3954} INFO - Setting next_dagrun for example_dynamic_task_mapping to 2022-03-04 00:00:00+00:00, run_after=2022-03-05 00:00:00+00:00
[2025-07-18T09:24:02.599+0700] {processor.py:183} INFO - Processing /home/menglim/airflow_venv/lib/python3.12/site-packages/airflow/example_dags/example_dynamic_task_mapping.py took 0.051 seconds
[2025-07-18T09:25:09.986+0700] {processor.py:161} INFO - Started process (PID=6975) to work on /home/menglim/airflow_venv/lib/python3.12/site-packages/airflow/example_dags/example_dynamic_task_mapping.py
[2025-07-18T09:25:09.987+0700] {processor.py:830} INFO - Processing file /home/menglim/airflow_venv/lib/python3.12/site-packages/airflow/example_dags/example_dynamic_task_mapping.py for tasks to queue
[2025-07-18T09:25:09.987+0700] {logging_mixin.py:188} INFO - [2025-07-18T09:25:09.987+0700] {dagbag.py:545} INFO - Filling up the DagBag from /home/menglim/airflow_venv/lib/python3.12/site-packages/airflow/example_dags/example_dynamic_task_mapping.py
[2025-07-18T09:25:09.992+0700] {processor.py:840} INFO - DAG(s) 'example_dynamic_task_mapping' retrieved from /home/menglim/airflow_venv/lib/python3.12/site-packages/airflow/example_dags/example_dynamic_task_mapping.py
[2025-07-18T09:25:10.002+0700] {logging_mixin.py:188} INFO - [2025-07-18T09:25:10.002+0700] {dag.py:3096} INFO - Sync 1 DAGs
[2025-07-18T09:25:10.014+0700] {logging_mixin.py:188} INFO - [2025-07-18T09:25:10.014+0700] {dag.py:3954} INFO - Setting next_dagrun for example_dynamic_task_mapping to 2022-03-04 00:00:00+00:00, run_after=2022-03-05 00:00:00+00:00
[2025-07-18T09:25:10.034+0700] {processor.py:183} INFO - Processing /home/menglim/airflow_venv/lib/python3.12/site-packages/airflow/example_dags/example_dynamic_task_mapping.py took 0.052 seconds
[2025-07-18T09:26:15.247+0700] {processor.py:161} INFO - Started process (PID=7149) to work on /home/menglim/airflow_venv/lib/python3.12/site-packages/airflow/example_dags/example_dynamic_task_mapping.py
[2025-07-18T09:26:15.250+0700] {processor.py:830} INFO - Processing file /home/menglim/airflow_venv/lib/python3.12/site-packages/airflow/example_dags/example_dynamic_task_mapping.py for tasks to queue
[2025-07-18T09:26:15.251+0700] {logging_mixin.py:188} INFO - [2025-07-18T09:26:15.250+0700] {dagbag.py:545} INFO - Filling up the DagBag from /home/menglim/airflow_venv/lib/python3.12/site-packages/airflow/example_dags/example_dynamic_task_mapping.py
[2025-07-18T09:26:15.256+0700] {processor.py:840} INFO - DAG(s) 'example_dynamic_task_mapping' retrieved from /home/menglim/airflow_venv/lib/python3.12/site-packages/airflow/example_dags/example_dynamic_task_mapping.py
[2025-07-18T09:26:15.266+0700] {logging_mixin.py:188} INFO - [2025-07-18T09:26:15.266+0700] {dag.py:3096} INFO - Sync 1 DAGs
[2025-07-18T09:26:15.277+0700] {logging_mixin.py:188} INFO - [2025-07-18T09:26:15.277+0700] {dag.py:3954} INFO - Setting next_dagrun for example_dynamic_task_mapping to 2022-03-04 00:00:00+00:00, run_after=2022-03-05 00:00:00+00:00
[2025-07-18T09:26:15.298+0700] {processor.py:183} INFO - Processing /home/menglim/airflow_venv/lib/python3.12/site-packages/airflow/example_dags/example_dynamic_task_mapping.py took 0.056 seconds
[2025-07-18T09:27:17.438+0700] {processor.py:161} INFO - Started process (PID=7285) to work on /home/menglim/airflow_venv/lib/python3.12/site-packages/airflow/example_dags/example_dynamic_task_mapping.py
[2025-07-18T09:27:17.440+0700] {processor.py:830} INFO - Processing file /home/menglim/airflow_venv/lib/python3.12/site-packages/airflow/example_dags/example_dynamic_task_mapping.py for tasks to queue
[2025-07-18T09:27:17.441+0700] {logging_mixin.py:188} INFO - [2025-07-18T09:27:17.441+0700] {dagbag.py:545} INFO - Filling up the DagBag from /home/menglim/airflow_venv/lib/python3.12/site-packages/airflow/example_dags/example_dynamic_task_mapping.py
[2025-07-18T09:27:17.446+0700] {processor.py:840} INFO - DAG(s) 'example_dynamic_task_mapping' retrieved from /home/menglim/airflow_venv/lib/python3.12/site-packages/airflow/example_dags/example_dynamic_task_mapping.py
[2025-07-18T09:27:17.455+0700] {logging_mixin.py:188} INFO - [2025-07-18T09:27:17.455+0700] {dag.py:3096} INFO - Sync 1 DAGs
[2025-07-18T09:27:17.465+0700] {logging_mixin.py:188} INFO - [2025-07-18T09:27:17.465+0700] {dag.py:3954} INFO - Setting next_dagrun for example_dynamic_task_mapping to 2022-03-04 00:00:00+00:00, run_after=2022-03-05 00:00:00+00:00
[2025-07-18T09:27:17.485+0700] {processor.py:183} INFO - Processing /home/menglim/airflow_venv/lib/python3.12/site-packages/airflow/example_dags/example_dynamic_task_mapping.py took 0.051 seconds
[2025-07-18T09:28:40.371+0700] {processor.py:161} INFO - Started process (PID=7418) to work on /home/menglim/airflow_venv/lib/python3.12/site-packages/airflow/example_dags/example_dynamic_task_mapping.py
[2025-07-18T09:28:40.373+0700] {processor.py:830} INFO - Processing file /home/menglim/airflow_venv/lib/python3.12/site-packages/airflow/example_dags/example_dynamic_task_mapping.py for tasks to queue
[2025-07-18T09:28:40.374+0700] {logging_mixin.py:188} INFO - [2025-07-18T09:28:40.374+0700] {dagbag.py:545} INFO - Filling up the DagBag from /home/menglim/airflow_venv/lib/python3.12/site-packages/airflow/example_dags/example_dynamic_task_mapping.py
[2025-07-18T09:28:40.378+0700] {processor.py:840} INFO - DAG(s) 'example_dynamic_task_mapping' retrieved from /home/menglim/airflow_venv/lib/python3.12/site-packages/airflow/example_dags/example_dynamic_task_mapping.py
[2025-07-18T09:28:40.387+0700] {logging_mixin.py:188} INFO - [2025-07-18T09:28:40.387+0700] {dag.py:3096} INFO - Sync 1 DAGs
[2025-07-18T09:28:40.396+0700] {logging_mixin.py:188} INFO - [2025-07-18T09:28:40.396+0700] {dag.py:3954} INFO - Setting next_dagrun for example_dynamic_task_mapping to 2022-03-04 00:00:00+00:00, run_after=2022-03-05 00:00:00+00:00
[2025-07-18T09:28:40.418+0700] {processor.py:183} INFO - Processing /home/menglim/airflow_venv/lib/python3.12/site-packages/airflow/example_dags/example_dynamic_task_mapping.py took 0.050 seconds
[2025-07-18T09:29:48.015+0700] {processor.py:161} INFO - Started process (PID=7550) to work on /home/menglim/airflow_venv/lib/python3.12/site-packages/airflow/example_dags/example_dynamic_task_mapping.py
[2025-07-18T09:29:48.019+0700] {processor.py:830} INFO - Processing file /home/menglim/airflow_venv/lib/python3.12/site-packages/airflow/example_dags/example_dynamic_task_mapping.py for tasks to queue
[2025-07-18T09:29:48.021+0700] {logging_mixin.py:188} INFO - [2025-07-18T09:29:48.021+0700] {dagbag.py:545} INFO - Filling up the DagBag from /home/menglim/airflow_venv/lib/python3.12/site-packages/airflow/example_dags/example_dynamic_task_mapping.py
[2025-07-18T09:29:48.035+0700] {processor.py:840} INFO - DAG(s) 'example_dynamic_task_mapping' retrieved from /home/menglim/airflow_venv/lib/python3.12/site-packages/airflow/example_dags/example_dynamic_task_mapping.py
[2025-07-18T09:29:48.059+0700] {logging_mixin.py:188} INFO - [2025-07-18T09:29:48.059+0700] {dag.py:3096} INFO - Sync 1 DAGs
[2025-07-18T09:29:48.096+0700] {logging_mixin.py:188} INFO - [2025-07-18T09:29:48.096+0700] {dag.py:3954} INFO - Setting next_dagrun for example_dynamic_task_mapping to 2022-03-04 00:00:00+00:00, run_after=2022-03-05 00:00:00+00:00
[2025-07-18T09:29:48.158+0700] {processor.py:183} INFO - Processing /home/menglim/airflow_venv/lib/python3.12/site-packages/airflow/example_dags/example_dynamic_task_mapping.py took 0.160 seconds
[2025-07-18T09:30:42.167+0700] {processor.py:161} INFO - Started process (PID=7632) to work on /home/menglim/airflow_venv/lib/python3.12/site-packages/airflow/example_dags/example_dynamic_task_mapping.py
[2025-07-18T09:30:42.170+0700] {processor.py:830} INFO - Processing file /home/menglim/airflow_venv/lib/python3.12/site-packages/airflow/example_dags/example_dynamic_task_mapping.py for tasks to queue
[2025-07-18T09:30:42.170+0700] {logging_mixin.py:188} INFO - [2025-07-18T09:30:42.170+0700] {dagbag.py:545} INFO - Filling up the DagBag from /home/menglim/airflow_venv/lib/python3.12/site-packages/airflow/example_dags/example_dynamic_task_mapping.py
[2025-07-18T09:30:42.175+0700] {processor.py:840} INFO - DAG(s) 'example_dynamic_task_mapping' retrieved from /home/menglim/airflow_venv/lib/python3.12/site-packages/airflow/example_dags/example_dynamic_task_mapping.py
[2025-07-18T09:30:42.183+0700] {logging_mixin.py:188} INFO - [2025-07-18T09:30:42.183+0700] {dag.py:3096} INFO - Sync 1 DAGs
[2025-07-18T09:30:42.194+0700] {logging_mixin.py:188} INFO - [2025-07-18T09:30:42.193+0700] {dag.py:3954} INFO - Setting next_dagrun for example_dynamic_task_mapping to 2022-03-04 00:00:00+00:00, run_after=2022-03-05 00:00:00+00:00
[2025-07-18T09:30:42.214+0700] {processor.py:183} INFO - Processing /home/menglim/airflow_venv/lib/python3.12/site-packages/airflow/example_dags/example_dynamic_task_mapping.py took 0.050 seconds
[2025-07-18T09:31:56.830+0700] {processor.py:161} INFO - Started process (PID=7734) to work on /home/menglim/airflow_venv/lib/python3.12/site-packages/airflow/example_dags/example_dynamic_task_mapping.py
[2025-07-18T09:31:56.833+0700] {processor.py:830} INFO - Processing file /home/menglim/airflow_venv/lib/python3.12/site-packages/airflow/example_dags/example_dynamic_task_mapping.py for tasks to queue
[2025-07-18T09:31:56.834+0700] {logging_mixin.py:188} INFO - [2025-07-18T09:31:56.833+0700] {dagbag.py:545} INFO - Filling up the DagBag from /home/menglim/airflow_venv/lib/python3.12/site-packages/airflow/example_dags/example_dynamic_task_mapping.py
[2025-07-18T09:31:56.838+0700] {processor.py:840} INFO - DAG(s) 'example_dynamic_task_mapping' retrieved from /home/menglim/airflow_venv/lib/python3.12/site-packages/airflow/example_dags/example_dynamic_task_mapping.py
[2025-07-18T09:31:56.846+0700] {logging_mixin.py:188} INFO - [2025-07-18T09:31:56.846+0700] {dag.py:3096} INFO - Sync 1 DAGs
[2025-07-18T09:31:56.856+0700] {logging_mixin.py:188} INFO - [2025-07-18T09:31:56.856+0700] {dag.py:3954} INFO - Setting next_dagrun for example_dynamic_task_mapping to 2022-03-04 00:00:00+00:00, run_after=2022-03-05 00:00:00+00:00
[2025-07-18T09:31:56.882+0700] {processor.py:183} INFO - Processing /home/menglim/airflow_venv/lib/python3.12/site-packages/airflow/example_dags/example_dynamic_task_mapping.py took 0.054 seconds
[2025-07-18T09:32:48.364+0700] {processor.py:161} INFO - Started process (PID=7815) to work on /home/menglim/airflow_venv/lib/python3.12/site-packages/airflow/example_dags/example_dynamic_task_mapping.py
[2025-07-18T09:32:48.367+0700] {processor.py:830} INFO - Processing file /home/menglim/airflow_venv/lib/python3.12/site-packages/airflow/example_dags/example_dynamic_task_mapping.py for tasks to queue
[2025-07-18T09:32:48.367+0700] {logging_mixin.py:188} INFO - [2025-07-18T09:32:48.367+0700] {dagbag.py:545} INFO - Filling up the DagBag from /home/menglim/airflow_venv/lib/python3.12/site-packages/airflow/example_dags/example_dynamic_task_mapping.py
[2025-07-18T09:32:48.372+0700] {processor.py:840} INFO - DAG(s) 'example_dynamic_task_mapping' retrieved from /home/menglim/airflow_venv/lib/python3.12/site-packages/airflow/example_dags/example_dynamic_task_mapping.py
[2025-07-18T09:32:48.380+0700] {logging_mixin.py:188} INFO - [2025-07-18T09:32:48.380+0700] {dag.py:3096} INFO - Sync 1 DAGs
[2025-07-18T09:32:48.389+0700] {logging_mixin.py:188} INFO - [2025-07-18T09:32:48.389+0700] {dag.py:3954} INFO - Setting next_dagrun for example_dynamic_task_mapping to 2022-03-04 00:00:00+00:00, run_after=2022-03-05 00:00:00+00:00
[2025-07-18T09:32:48.410+0700] {processor.py:183} INFO - Processing /home/menglim/airflow_venv/lib/python3.12/site-packages/airflow/example_dags/example_dynamic_task_mapping.py took 0.049 seconds
[2025-07-18T09:34:03.674+0700] {processor.py:161} INFO - Started process (PID=8016) to work on /home/menglim/airflow_venv/lib/python3.12/site-packages/airflow/example_dags/example_dynamic_task_mapping.py
[2025-07-18T09:34:03.675+0700] {processor.py:830} INFO - Processing file /home/menglim/airflow_venv/lib/python3.12/site-packages/airflow/example_dags/example_dynamic_task_mapping.py for tasks to queue
[2025-07-18T09:34:03.676+0700] {logging_mixin.py:188} INFO - [2025-07-18T09:34:03.675+0700] {dagbag.py:545} INFO - Filling up the DagBag from /home/menglim/airflow_venv/lib/python3.12/site-packages/airflow/example_dags/example_dynamic_task_mapping.py
[2025-07-18T09:34:03.680+0700] {processor.py:840} INFO - DAG(s) 'example_dynamic_task_mapping' retrieved from /home/menglim/airflow_venv/lib/python3.12/site-packages/airflow/example_dags/example_dynamic_task_mapping.py
[2025-07-18T09:34:03.689+0700] {logging_mixin.py:188} INFO - [2025-07-18T09:34:03.689+0700] {dag.py:3096} INFO - Sync 1 DAGs
[2025-07-18T09:34:03.698+0700] {logging_mixin.py:188} INFO - [2025-07-18T09:34:03.698+0700] {dag.py:3954} INFO - Setting next_dagrun for example_dynamic_task_mapping to 2022-03-04 00:00:00+00:00, run_after=2022-03-05 00:00:00+00:00
[2025-07-18T09:34:03.718+0700] {processor.py:183} INFO - Processing /home/menglim/airflow_venv/lib/python3.12/site-packages/airflow/example_dags/example_dynamic_task_mapping.py took 0.048 seconds
[2025-07-18T09:35:19.809+0700] {processor.py:161} INFO - Started process (PID=8126) to work on /home/menglim/airflow_venv/lib/python3.12/site-packages/airflow/example_dags/example_dynamic_task_mapping.py
[2025-07-18T09:35:19.810+0700] {processor.py:830} INFO - Processing file /home/menglim/airflow_venv/lib/python3.12/site-packages/airflow/example_dags/example_dynamic_task_mapping.py for tasks to queue
[2025-07-18T09:35:19.811+0700] {logging_mixin.py:188} INFO - [2025-07-18T09:35:19.811+0700] {dagbag.py:545} INFO - Filling up the DagBag from /home/menglim/airflow_venv/lib/python3.12/site-packages/airflow/example_dags/example_dynamic_task_mapping.py
[2025-07-18T09:35:19.820+0700] {processor.py:840} INFO - DAG(s) 'example_dynamic_task_mapping' retrieved from /home/menglim/airflow_venv/lib/python3.12/site-packages/airflow/example_dags/example_dynamic_task_mapping.py
[2025-07-18T09:35:19.833+0700] {logging_mixin.py:188} INFO - [2025-07-18T09:35:19.833+0700] {dag.py:3096} INFO - Sync 1 DAGs
[2025-07-18T09:35:19.857+0700] {logging_mixin.py:188} INFO - [2025-07-18T09:35:19.857+0700] {dag.py:3954} INFO - Setting next_dagrun for example_dynamic_task_mapping to 2022-03-04 00:00:00+00:00, run_after=2022-03-05 00:00:00+00:00
[2025-07-18T09:35:19.894+0700] {processor.py:183} INFO - Processing /home/menglim/airflow_venv/lib/python3.12/site-packages/airflow/example_dags/example_dynamic_task_mapping.py took 0.091 seconds
[2025-07-18T09:36:12.422+0700] {processor.py:161} INFO - Started process (PID=8219) to work on /home/menglim/airflow_venv/lib/python3.12/site-packages/airflow/example_dags/example_dynamic_task_mapping.py
[2025-07-18T09:36:12.423+0700] {processor.py:830} INFO - Processing file /home/menglim/airflow_venv/lib/python3.12/site-packages/airflow/example_dags/example_dynamic_task_mapping.py for tasks to queue
[2025-07-18T09:36:12.423+0700] {logging_mixin.py:188} INFO - [2025-07-18T09:36:12.423+0700] {dagbag.py:545} INFO - Filling up the DagBag from /home/menglim/airflow_venv/lib/python3.12/site-packages/airflow/example_dags/example_dynamic_task_mapping.py
[2025-07-18T09:36:12.428+0700] {processor.py:840} INFO - DAG(s) 'example_dynamic_task_mapping' retrieved from /home/menglim/airflow_venv/lib/python3.12/site-packages/airflow/example_dags/example_dynamic_task_mapping.py
[2025-07-18T09:36:12.438+0700] {logging_mixin.py:188} INFO - [2025-07-18T09:36:12.438+0700] {dag.py:3096} INFO - Sync 1 DAGs
[2025-07-18T09:36:12.454+0700] {logging_mixin.py:188} INFO - [2025-07-18T09:36:12.454+0700] {dag.py:3954} INFO - Setting next_dagrun for example_dynamic_task_mapping to 2022-03-04 00:00:00+00:00, run_after=2022-03-05 00:00:00+00:00
[2025-07-18T09:36:12.501+0700] {processor.py:183} INFO - Processing /home/menglim/airflow_venv/lib/python3.12/site-packages/airflow/example_dags/example_dynamic_task_mapping.py took 0.083 seconds
[2025-07-18T09:37:10.224+0700] {processor.py:161} INFO - Started process (PID=8312) to work on /home/menglim/airflow_venv/lib/python3.12/site-packages/airflow/example_dags/example_dynamic_task_mapping.py
[2025-07-18T09:37:10.227+0700] {processor.py:830} INFO - Processing file /home/menglim/airflow_venv/lib/python3.12/site-packages/airflow/example_dags/example_dynamic_task_mapping.py for tasks to queue
[2025-07-18T09:37:10.228+0700] {logging_mixin.py:188} INFO - [2025-07-18T09:37:10.227+0700] {dagbag.py:545} INFO - Filling up the DagBag from /home/menglim/airflow_venv/lib/python3.12/site-packages/airflow/example_dags/example_dynamic_task_mapping.py
[2025-07-18T09:37:10.244+0700] {processor.py:840} INFO - DAG(s) 'example_dynamic_task_mapping' retrieved from /home/menglim/airflow_venv/lib/python3.12/site-packages/airflow/example_dags/example_dynamic_task_mapping.py
[2025-07-18T09:37:10.272+0700] {logging_mixin.py:188} INFO - [2025-07-18T09:37:10.271+0700] {dag.py:3096} INFO - Sync 1 DAGs
[2025-07-18T09:37:10.299+0700] {logging_mixin.py:188} INFO - [2025-07-18T09:37:10.299+0700] {dag.py:3954} INFO - Setting next_dagrun for example_dynamic_task_mapping to 2022-03-04 00:00:00+00:00, run_after=2022-03-05 00:00:00+00:00
[2025-07-18T09:37:10.343+0700] {processor.py:183} INFO - Processing /home/menglim/airflow_venv/lib/python3.12/site-packages/airflow/example_dags/example_dynamic_task_mapping.py took 0.128 seconds
