[2025-07-18T09:00:42.845+0700] {processor.py:161} INFO - Started process (PID=3279) to work on /home/menglim/airflow_venv/lib/python3.12/site-packages/airflow/example_dags/example_branch_operator.py
[2025-07-18T09:00:42.845+0700] {processor.py:830} INFO - Processing file /home/menglim/airflow_venv/lib/python3.12/site-packages/airflow/example_dags/example_branch_operator.py for tasks to queue
[2025-07-18T09:00:42.846+0700] {logging_mixin.py:188} INFO - [2025-07-18T09:00:42.846+0700] {dagbag.py:545} INFO - Filling up the DagBag from /home/menglim/airflow_venv/lib/python3.12/site-packages/airflow/example_dags/example_branch_operator.py
[2025-07-18T09:00:42.877+0700] {processor.py:842} WARNING - No viable dags retrieved from /home/menglim/airflow_venv/lib/python3.12/site-packages/airflow/example_dags/example_branch_operator.py
[2025-07-18T09:00:42.884+0700] {processor.py:183} INFO - Processing /home/menglim/airflow_venv/lib/python3.12/site-packages/airflow/example_dags/example_branch_operator.py took 0.042 seconds
[2025-07-18T09:01:37.344+0700] {processor.py:161} INFO - Started process (PID=3361) to work on /home/menglim/airflow_venv/lib/python3.12/site-packages/airflow/example_dags/example_branch_operator.py
[2025-07-18T09:01:37.347+0700] {processor.py:830} INFO - Processing file /home/menglim/airflow_venv/lib/python3.12/site-packages/airflow/example_dags/example_branch_operator.py for tasks to queue
[2025-07-18T09:01:37.348+0700] {logging_mixin.py:188} INFO - [2025-07-18T09:01:37.347+0700] {dagbag.py:545} INFO - Filling up the DagBag from /home/menglim/airflow_venv/lib/python3.12/site-packages/airflow/example_dags/example_branch_operator.py
[2025-07-18T09:01:37.380+0700] {processor.py:842} WARNING - No viable dags retrieved from /home/menglim/airflow_venv/lib/python3.12/site-packages/airflow/example_dags/example_branch_operator.py
[2025-07-18T09:01:37.387+0700] {processor.py:183} INFO - Processing /home/menglim/airflow_venv/lib/python3.12/site-packages/airflow/example_dags/example_branch_operator.py took 0.046 seconds
[2025-07-18T09:02:42.755+0700] {processor.py:161} INFO - Started process (PID=3560) to work on /home/menglim/airflow_venv/lib/python3.12/site-packages/airflow/example_dags/example_branch_operator.py
[2025-07-18T09:02:42.757+0700] {processor.py:830} INFO - Processing file /home/menglim/airflow_venv/lib/python3.12/site-packages/airflow/example_dags/example_branch_operator.py for tasks to queue
[2025-07-18T09:02:42.758+0700] {logging_mixin.py:188} INFO - [2025-07-18T09:02:42.758+0700] {dagbag.py:545} INFO - Filling up the DagBag from /home/menglim/airflow_venv/lib/python3.12/site-packages/airflow/example_dags/example_branch_operator.py
[2025-07-18T09:02:42.781+0700] {processor.py:842} WARNING - No viable dags retrieved from /home/menglim/airflow_venv/lib/python3.12/site-packages/airflow/example_dags/example_branch_operator.py
[2025-07-18T09:02:42.788+0700] {processor.py:183} INFO - Processing /home/menglim/airflow_venv/lib/python3.12/site-packages/airflow/example_dags/example_branch_operator.py took 0.036 seconds
[2025-07-18T09:03:34.906+0700] {processor.py:161} INFO - Started process (PID=3645) to work on /home/menglim/airflow_venv/lib/python3.12/site-packages/airflow/example_dags/example_branch_operator.py
[2025-07-18T09:03:34.909+0700] {processor.py:830} INFO - Processing file /home/menglim/airflow_venv/lib/python3.12/site-packages/airflow/example_dags/example_branch_operator.py for tasks to queue
[2025-07-18T09:03:34.910+0700] {logging_mixin.py:188} INFO - [2025-07-18T09:03:34.910+0700] {dagbag.py:545} INFO - Filling up the DagBag from /home/menglim/airflow_venv/lib/python3.12/site-packages/airflow/example_dags/example_branch_operator.py
[2025-07-18T09:03:34.936+0700] {processor.py:842} WARNING - No viable dags retrieved from /home/menglim/airflow_venv/lib/python3.12/site-packages/airflow/example_dags/example_branch_operator.py
[2025-07-18T09:03:34.943+0700] {processor.py:183} INFO - Processing /home/menglim/airflow_venv/lib/python3.12/site-packages/airflow/example_dags/example_branch_operator.py took 0.040 seconds
[2025-07-18T09:04:58.680+0700] {processor.py:161} INFO - Started process (PID=3806) to work on /home/menglim/airflow_venv/lib/python3.12/site-packages/airflow/example_dags/example_branch_operator.py
[2025-07-18T09:04:58.682+0700] {processor.py:830} INFO - Processing file /home/menglim/airflow_venv/lib/python3.12/site-packages/airflow/example_dags/example_branch_operator.py for tasks to queue
[2025-07-18T09:04:58.683+0700] {logging_mixin.py:188} INFO - [2025-07-18T09:04:58.682+0700] {dagbag.py:545} INFO - Filling up the DagBag from /home/menglim/airflow_venv/lib/python3.12/site-packages/airflow/example_dags/example_branch_operator.py
[2025-07-18T09:04:58.713+0700] {processor.py:842} WARNING - No viable dags retrieved from /home/menglim/airflow_venv/lib/python3.12/site-packages/airflow/example_dags/example_branch_operator.py
[2025-07-18T09:04:58.719+0700] {processor.py:183} INFO - Processing /home/menglim/airflow_venv/lib/python3.12/site-packages/airflow/example_dags/example_branch_operator.py took 0.043 seconds
[2025-07-18T09:05:55.044+0700] {processor.py:161} INFO - Started process (PID=3901) to work on /home/menglim/airflow_venv/lib/python3.12/site-packages/airflow/example_dags/example_branch_operator.py
[2025-07-18T09:05:55.047+0700] {processor.py:830} INFO - Processing file /home/menglim/airflow_venv/lib/python3.12/site-packages/airflow/example_dags/example_branch_operator.py for tasks to queue
[2025-07-18T09:05:55.048+0700] {logging_mixin.py:188} INFO - [2025-07-18T09:05:55.047+0700] {dagbag.py:545} INFO - Filling up the DagBag from /home/menglim/airflow_venv/lib/python3.12/site-packages/airflow/example_dags/example_branch_operator.py
[2025-07-18T09:05:55.083+0700] {processor.py:842} WARNING - No viable dags retrieved from /home/menglim/airflow_venv/lib/python3.12/site-packages/airflow/example_dags/example_branch_operator.py
[2025-07-18T09:05:55.091+0700] {processor.py:183} INFO - Processing /home/menglim/airflow_venv/lib/python3.12/site-packages/airflow/example_dags/example_branch_operator.py took 0.050 seconds
[2025-07-18T09:06:50.268+0700] {processor.py:161} INFO - Started process (PID=3975) to work on /home/menglim/airflow_venv/lib/python3.12/site-packages/airflow/example_dags/example_branch_operator.py
[2025-07-18T09:06:50.273+0700] {processor.py:830} INFO - Processing file /home/menglim/airflow_venv/lib/python3.12/site-packages/airflow/example_dags/example_branch_operator.py for tasks to queue
[2025-07-18T09:06:50.274+0700] {logging_mixin.py:188} INFO - [2025-07-18T09:06:50.274+0700] {dagbag.py:545} INFO - Filling up the DagBag from /home/menglim/airflow_venv/lib/python3.12/site-packages/airflow/example_dags/example_branch_operator.py
[2025-07-18T09:06:50.324+0700] {processor.py:842} WARNING - No viable dags retrieved from /home/menglim/airflow_venv/lib/python3.12/site-packages/airflow/example_dags/example_branch_operator.py
[2025-07-18T09:06:50.339+0700] {processor.py:183} INFO - Processing /home/menglim/airflow_venv/lib/python3.12/site-packages/airflow/example_dags/example_branch_operator.py took 0.081 seconds
[2025-07-18T09:07:51.345+0700] {processor.py:161} INFO - Started process (PID=4105) to work on /home/menglim/airflow_venv/lib/python3.12/site-packages/airflow/example_dags/example_branch_operator.py
[2025-07-18T09:07:51.346+0700] {processor.py:830} INFO - Processing file /home/menglim/airflow_venv/lib/python3.12/site-packages/airflow/example_dags/example_branch_operator.py for tasks to queue
[2025-07-18T09:07:51.347+0700] {logging_mixin.py:188} INFO - [2025-07-18T09:07:51.347+0700] {dagbag.py:545} INFO - Filling up the DagBag from /home/menglim/airflow_venv/lib/python3.12/site-packages/airflow/example_dags/example_branch_operator.py
[2025-07-18T09:07:51.390+0700] {processor.py:842} WARNING - No viable dags retrieved from /home/menglim/airflow_venv/lib/python3.12/site-packages/airflow/example_dags/example_branch_operator.py
[2025-07-18T09:07:51.397+0700] {processor.py:183} INFO - Processing /home/menglim/airflow_venv/lib/python3.12/site-packages/airflow/example_dags/example_branch_operator.py took 0.055 seconds
[2025-07-18T09:08:46.539+0700] {processor.py:161} INFO - Started process (PID=4206) to work on /home/menglim/airflow_venv/lib/python3.12/site-packages/airflow/example_dags/example_branch_operator.py
[2025-07-18T09:08:46.541+0700] {processor.py:830} INFO - Processing file /home/menglim/airflow_venv/lib/python3.12/site-packages/airflow/example_dags/example_branch_operator.py for tasks to queue
[2025-07-18T09:08:46.541+0700] {logging_mixin.py:188} INFO - [2025-07-18T09:08:46.541+0700] {dagbag.py:545} INFO - Filling up the DagBag from /home/menglim/airflow_venv/lib/python3.12/site-packages/airflow/example_dags/example_branch_operator.py
[2025-07-18T09:08:46.579+0700] {processor.py:842} WARNING - No viable dags retrieved from /home/menglim/airflow_venv/lib/python3.12/site-packages/airflow/example_dags/example_branch_operator.py
[2025-07-18T09:08:46.586+0700] {processor.py:183} INFO - Processing /home/menglim/airflow_venv/lib/python3.12/site-packages/airflow/example_dags/example_branch_operator.py took 0.053 seconds
[2025-07-18T09:10:00.267+0700] {processor.py:161} INFO - Started process (PID=4359) to work on /home/menglim/airflow_venv/lib/python3.12/site-packages/airflow/example_dags/example_branch_operator.py
[2025-07-18T09:10:00.269+0700] {processor.py:830} INFO - Processing file /home/menglim/airflow_venv/lib/python3.12/site-packages/airflow/example_dags/example_branch_operator.py for tasks to queue
[2025-07-18T09:10:00.269+0700] {logging_mixin.py:188} INFO - [2025-07-18T09:10:00.269+0700] {dagbag.py:545} INFO - Filling up the DagBag from /home/menglim/airflow_venv/lib/python3.12/site-packages/airflow/example_dags/example_branch_operator.py
[2025-07-18T09:10:00.299+0700] {processor.py:842} WARNING - No viable dags retrieved from /home/menglim/airflow_venv/lib/python3.12/site-packages/airflow/example_dags/example_branch_operator.py
[2025-07-18T09:10:00.306+0700] {processor.py:183} INFO - Processing /home/menglim/airflow_venv/lib/python3.12/site-packages/airflow/example_dags/example_branch_operator.py took 0.041 seconds
[2025-07-18T09:11:31.409+0700] {processor.py:161} INFO - Started process (PID=4548) to work on /home/menglim/airflow_venv/lib/python3.12/site-packages/airflow/example_dags/example_branch_operator.py
[2025-07-18T09:11:31.410+0700] {processor.py:830} INFO - Processing file /home/menglim/airflow_venv/lib/python3.12/site-packages/airflow/example_dags/example_branch_operator.py for tasks to queue
[2025-07-18T09:11:31.411+0700] {logging_mixin.py:188} INFO - [2025-07-18T09:11:31.411+0700] {dagbag.py:545} INFO - Filling up the DagBag from /home/menglim/airflow_venv/lib/python3.12/site-packages/airflow/example_dags/example_branch_operator.py
[2025-07-18T09:11:31.446+0700] {processor.py:842} WARNING - No viable dags retrieved from /home/menglim/airflow_venv/lib/python3.12/site-packages/airflow/example_dags/example_branch_operator.py
[2025-07-18T09:11:31.453+0700] {processor.py:183} INFO - Processing /home/menglim/airflow_venv/lib/python3.12/site-packages/airflow/example_dags/example_branch_operator.py took 0.047 seconds
[2025-07-18T09:12:28.156+0700] {processor.py:161} INFO - Started process (PID=4634) to work on /home/menglim/airflow_venv/lib/python3.12/site-packages/airflow/example_dags/example_branch_operator.py
[2025-07-18T09:12:28.158+0700] {processor.py:830} INFO - Processing file /home/menglim/airflow_venv/lib/python3.12/site-packages/airflow/example_dags/example_branch_operator.py for tasks to queue
[2025-07-18T09:12:28.158+0700] {logging_mixin.py:188} INFO - [2025-07-18T09:12:28.158+0700] {dagbag.py:545} INFO - Filling up the DagBag from /home/menglim/airflow_venv/lib/python3.12/site-packages/airflow/example_dags/example_branch_operator.py
[2025-07-18T09:12:28.190+0700] {processor.py:842} WARNING - No viable dags retrieved from /home/menglim/airflow_venv/lib/python3.12/site-packages/airflow/example_dags/example_branch_operator.py
[2025-07-18T09:12:28.197+0700] {processor.py:183} INFO - Processing /home/menglim/airflow_venv/lib/python3.12/site-packages/airflow/example_dags/example_branch_operator.py took 0.044 seconds
[2025-07-18T09:13:53.308+0700] {processor.py:161} INFO - Started process (PID=5259) to work on /home/menglim/airflow_venv/lib/python3.12/site-packages/airflow/example_dags/example_branch_operator.py
[2025-07-18T09:13:53.311+0700] {processor.py:830} INFO - Processing file /home/menglim/airflow_venv/lib/python3.12/site-packages/airflow/example_dags/example_branch_operator.py for tasks to queue
[2025-07-18T09:13:53.311+0700] {logging_mixin.py:188} INFO - [2025-07-18T09:13:53.311+0700] {dagbag.py:545} INFO - Filling up the DagBag from /home/menglim/airflow_venv/lib/python3.12/site-packages/airflow/example_dags/example_branch_operator.py
[2025-07-18T09:13:53.338+0700] {processor.py:842} WARNING - No viable dags retrieved from /home/menglim/airflow_venv/lib/python3.12/site-packages/airflow/example_dags/example_branch_operator.py
[2025-07-18T09:13:53.345+0700] {processor.py:183} INFO - Processing /home/menglim/airflow_venv/lib/python3.12/site-packages/airflow/example_dags/example_branch_operator.py took 0.040 seconds
[2025-07-18T09:15:00.586+0700] {processor.py:161} INFO - Started process (PID=5419) to work on /home/menglim/airflow_venv/lib/python3.12/site-packages/airflow/example_dags/example_branch_operator.py
[2025-07-18T09:15:00.590+0700] {processor.py:830} INFO - Processing file /home/menglim/airflow_venv/lib/python3.12/site-packages/airflow/example_dags/example_branch_operator.py for tasks to queue
[2025-07-18T09:15:00.591+0700] {logging_mixin.py:188} INFO - [2025-07-18T09:15:00.591+0700] {dagbag.py:545} INFO - Filling up the DagBag from /home/menglim/airflow_venv/lib/python3.12/site-packages/airflow/example_dags/example_branch_operator.py
[2025-07-18T09:15:00.639+0700] {processor.py:842} WARNING - No viable dags retrieved from /home/menglim/airflow_venv/lib/python3.12/site-packages/airflow/example_dags/example_branch_operator.py
[2025-07-18T09:15:00.654+0700] {processor.py:183} INFO - Processing /home/menglim/airflow_venv/lib/python3.12/site-packages/airflow/example_dags/example_branch_operator.py took 0.075 seconds
[2025-07-18T09:16:00.672+0700] {processor.py:161} INFO - Started process (PID=5532) to work on /home/menglim/airflow_venv/lib/python3.12/site-packages/airflow/example_dags/example_branch_operator.py
[2025-07-18T09:16:00.675+0700] {processor.py:830} INFO - Processing file /home/menglim/airflow_venv/lib/python3.12/site-packages/airflow/example_dags/example_branch_operator.py for tasks to queue
[2025-07-18T09:16:00.675+0700] {logging_mixin.py:188} INFO - [2025-07-18T09:16:00.675+0700] {dagbag.py:545} INFO - Filling up the DagBag from /home/menglim/airflow_venv/lib/python3.12/site-packages/airflow/example_dags/example_branch_operator.py
[2025-07-18T09:16:00.709+0700] {processor.py:842} WARNING - No viable dags retrieved from /home/menglim/airflow_venv/lib/python3.12/site-packages/airflow/example_dags/example_branch_operator.py
[2025-07-18T09:16:00.717+0700] {processor.py:183} INFO - Processing /home/menglim/airflow_venv/lib/python3.12/site-packages/airflow/example_dags/example_branch_operator.py took 0.048 seconds
[2025-07-18T09:17:30.491+0700] {processor.py:161} INFO - Started process (PID=5826) to work on /home/menglim/airflow_venv/lib/python3.12/site-packages/airflow/example_dags/example_branch_operator.py
[2025-07-18T09:17:30.493+0700] {processor.py:830} INFO - Processing file /home/menglim/airflow_venv/lib/python3.12/site-packages/airflow/example_dags/example_branch_operator.py for tasks to queue
[2025-07-18T09:17:30.494+0700] {logging_mixin.py:188} INFO - [2025-07-18T09:17:30.493+0700] {dagbag.py:545} INFO - Filling up the DagBag from /home/menglim/airflow_venv/lib/python3.12/site-packages/airflow/example_dags/example_branch_operator.py
[2025-07-18T09:17:30.523+0700] {processor.py:842} WARNING - No viable dags retrieved from /home/menglim/airflow_venv/lib/python3.12/site-packages/airflow/example_dags/example_branch_operator.py
[2025-07-18T09:17:30.529+0700] {processor.py:183} INFO - Processing /home/menglim/airflow_venv/lib/python3.12/site-packages/airflow/example_dags/example_branch_operator.py took 0.042 seconds
[2025-07-18T09:18:33.479+0700] {processor.py:161} INFO - Started process (PID=5944) to work on /home/menglim/airflow_venv/lib/python3.12/site-packages/airflow/example_dags/example_branch_operator.py
[2025-07-18T09:18:33.480+0700] {processor.py:830} INFO - Processing file /home/menglim/airflow_venv/lib/python3.12/site-packages/airflow/example_dags/example_branch_operator.py for tasks to queue
[2025-07-18T09:18:33.481+0700] {logging_mixin.py:188} INFO - [2025-07-18T09:18:33.481+0700] {dagbag.py:545} INFO - Filling up the DagBag from /home/menglim/airflow_venv/lib/python3.12/site-packages/airflow/example_dags/example_branch_operator.py
[2025-07-18T09:18:33.508+0700] {processor.py:842} WARNING - No viable dags retrieved from /home/menglim/airflow_venv/lib/python3.12/site-packages/airflow/example_dags/example_branch_operator.py
[2025-07-18T09:18:33.527+0700] {processor.py:183} INFO - Processing /home/menglim/airflow_venv/lib/python3.12/site-packages/airflow/example_dags/example_branch_operator.py took 0.051 seconds
[2025-07-18T09:19:48.385+0700] {processor.py:161} INFO - Started process (PID=6111) to work on /home/menglim/airflow_venv/lib/python3.12/site-packages/airflow/example_dags/example_branch_operator.py
[2025-07-18T09:19:48.385+0700] {processor.py:830} INFO - Processing file /home/menglim/airflow_venv/lib/python3.12/site-packages/airflow/example_dags/example_branch_operator.py for tasks to queue
[2025-07-18T09:19:48.386+0700] {logging_mixin.py:188} INFO - [2025-07-18T09:19:48.386+0700] {dagbag.py:545} INFO - Filling up the DagBag from /home/menglim/airflow_venv/lib/python3.12/site-packages/airflow/example_dags/example_branch_operator.py
[2025-07-18T09:19:48.417+0700] {processor.py:842} WARNING - No viable dags retrieved from /home/menglim/airflow_venv/lib/python3.12/site-packages/airflow/example_dags/example_branch_operator.py
[2025-07-18T09:19:48.423+0700] {processor.py:183} INFO - Processing /home/menglim/airflow_venv/lib/python3.12/site-packages/airflow/example_dags/example_branch_operator.py took 0.042 seconds
[2025-07-18T09:20:47.338+0700] {processor.py:161} INFO - Started process (PID=6235) to work on /home/menglim/airflow_venv/lib/python3.12/site-packages/airflow/example_dags/example_branch_operator.py
[2025-07-18T09:20:47.340+0700] {processor.py:830} INFO - Processing file /home/menglim/airflow_venv/lib/python3.12/site-packages/airflow/example_dags/example_branch_operator.py for tasks to queue
[2025-07-18T09:20:47.340+0700] {logging_mixin.py:188} INFO - [2025-07-18T09:20:47.340+0700] {dagbag.py:545} INFO - Filling up the DagBag from /home/menglim/airflow_venv/lib/python3.12/site-packages/airflow/example_dags/example_branch_operator.py
[2025-07-18T09:20:47.368+0700] {processor.py:842} WARNING - No viable dags retrieved from /home/menglim/airflow_venv/lib/python3.12/site-packages/airflow/example_dags/example_branch_operator.py
[2025-07-18T09:20:47.375+0700] {processor.py:183} INFO - Processing /home/menglim/airflow_venv/lib/python3.12/site-packages/airflow/example_dags/example_branch_operator.py took 0.040 seconds
[2025-07-18T09:22:04.610+0700] {processor.py:161} INFO - Started process (PID=6463) to work on /home/menglim/airflow_venv/lib/python3.12/site-packages/airflow/example_dags/example_branch_operator.py
[2025-07-18T09:22:04.611+0700] {processor.py:830} INFO - Processing file /home/menglim/airflow_venv/lib/python3.12/site-packages/airflow/example_dags/example_branch_operator.py for tasks to queue
[2025-07-18T09:22:04.612+0700] {logging_mixin.py:188} INFO - [2025-07-18T09:22:04.611+0700] {dagbag.py:545} INFO - Filling up the DagBag from /home/menglim/airflow_venv/lib/python3.12/site-packages/airflow/example_dags/example_branch_operator.py
[2025-07-18T09:22:04.637+0700] {processor.py:842} WARNING - No viable dags retrieved from /home/menglim/airflow_venv/lib/python3.12/site-packages/airflow/example_dags/example_branch_operator.py
[2025-07-18T09:22:04.645+0700] {processor.py:183} INFO - Processing /home/menglim/airflow_venv/lib/python3.12/site-packages/airflow/example_dags/example_branch_operator.py took 0.039 seconds
[2025-07-18T09:23:17.455+0700] {processor.py:161} INFO - Started process (PID=6695) to work on /home/menglim/airflow_venv/lib/python3.12/site-packages/airflow/example_dags/example_branch_operator.py
[2025-07-18T09:23:17.457+0700] {processor.py:830} INFO - Processing file /home/menglim/airflow_venv/lib/python3.12/site-packages/airflow/example_dags/example_branch_operator.py for tasks to queue
[2025-07-18T09:23:17.458+0700] {logging_mixin.py:188} INFO - [2025-07-18T09:23:17.458+0700] {dagbag.py:545} INFO - Filling up the DagBag from /home/menglim/airflow_venv/lib/python3.12/site-packages/airflow/example_dags/example_branch_operator.py
[2025-07-18T09:23:17.489+0700] {processor.py:842} WARNING - No viable dags retrieved from /home/menglim/airflow_venv/lib/python3.12/site-packages/airflow/example_dags/example_branch_operator.py
[2025-07-18T09:23:17.496+0700] {processor.py:183} INFO - Processing /home/menglim/airflow_venv/lib/python3.12/site-packages/airflow/example_dags/example_branch_operator.py took 0.045 seconds
[2025-07-18T09:24:37.905+0700] {processor.py:161} INFO - Started process (PID=6928) to work on /home/menglim/airflow_venv/lib/python3.12/site-packages/airflow/example_dags/example_branch_operator.py
[2025-07-18T09:24:37.907+0700] {processor.py:830} INFO - Processing file /home/menglim/airflow_venv/lib/python3.12/site-packages/airflow/example_dags/example_branch_operator.py for tasks to queue
[2025-07-18T09:24:37.908+0700] {logging_mixin.py:188} INFO - [2025-07-18T09:24:37.908+0700] {dagbag.py:545} INFO - Filling up the DagBag from /home/menglim/airflow_venv/lib/python3.12/site-packages/airflow/example_dags/example_branch_operator.py
[2025-07-18T09:24:37.938+0700] {processor.py:842} WARNING - No viable dags retrieved from /home/menglim/airflow_venv/lib/python3.12/site-packages/airflow/example_dags/example_branch_operator.py
[2025-07-18T09:24:37.945+0700] {processor.py:183} INFO - Processing /home/menglim/airflow_venv/lib/python3.12/site-packages/airflow/example_dags/example_branch_operator.py took 0.044 seconds
[2025-07-18T09:25:42.068+0700] {processor.py:161} INFO - Started process (PID=7101) to work on /home/menglim/airflow_venv/lib/python3.12/site-packages/airflow/example_dags/example_branch_operator.py
[2025-07-18T09:25:42.070+0700] {processor.py:830} INFO - Processing file /home/menglim/airflow_venv/lib/python3.12/site-packages/airflow/example_dags/example_branch_operator.py for tasks to queue
[2025-07-18T09:25:42.070+0700] {logging_mixin.py:188} INFO - [2025-07-18T09:25:42.070+0700] {dagbag.py:545} INFO - Filling up the DagBag from /home/menglim/airflow_venv/lib/python3.12/site-packages/airflow/example_dags/example_branch_operator.py
[2025-07-18T09:25:42.107+0700] {processor.py:842} WARNING - No viable dags retrieved from /home/menglim/airflow_venv/lib/python3.12/site-packages/airflow/example_dags/example_branch_operator.py
[2025-07-18T09:25:42.114+0700] {processor.py:183} INFO - Processing /home/menglim/airflow_venv/lib/python3.12/site-packages/airflow/example_dags/example_branch_operator.py took 0.051 seconds
[2025-07-18T09:26:41.115+0700] {processor.py:161} INFO - Started process (PID=7201) to work on /home/menglim/airflow_venv/lib/python3.12/site-packages/airflow/example_dags/example_branch_operator.py
[2025-07-18T09:26:41.118+0700] {processor.py:830} INFO - Processing file /home/menglim/airflow_venv/lib/python3.12/site-packages/airflow/example_dags/example_branch_operator.py for tasks to queue
[2025-07-18T09:26:41.118+0700] {logging_mixin.py:188} INFO - [2025-07-18T09:26:41.118+0700] {dagbag.py:545} INFO - Filling up the DagBag from /home/menglim/airflow_venv/lib/python3.12/site-packages/airflow/example_dags/example_branch_operator.py
[2025-07-18T09:26:41.154+0700] {processor.py:842} WARNING - No viable dags retrieved from /home/menglim/airflow_venv/lib/python3.12/site-packages/airflow/example_dags/example_branch_operator.py
[2025-07-18T09:26:41.161+0700] {processor.py:183} INFO - Processing /home/menglim/airflow_venv/lib/python3.12/site-packages/airflow/example_dags/example_branch_operator.py took 0.049 seconds
[2025-07-18T09:27:53.467+0700] {processor.py:161} INFO - Started process (PID=7339) to work on /home/menglim/airflow_venv/lib/python3.12/site-packages/airflow/example_dags/example_branch_operator.py
[2025-07-18T09:27:53.575+0700] {processor.py:830} INFO - Processing file /home/menglim/airflow_venv/lib/python3.12/site-packages/airflow/example_dags/example_branch_operator.py for tasks to queue
[2025-07-18T09:27:53.578+0700] {logging_mixin.py:188} INFO - [2025-07-18T09:27:53.577+0700] {dagbag.py:545} INFO - Filling up the DagBag from /home/menglim/airflow_venv/lib/python3.12/site-packages/airflow/example_dags/example_branch_operator.py
[2025-07-18T09:27:54.932+0700] {processor.py:842} WARNING - No viable dags retrieved from /home/menglim/airflow_venv/lib/python3.12/site-packages/airflow/example_dags/example_branch_operator.py
[2025-07-18T09:27:55.172+0700] {processor.py:183} INFO - Processing /home/menglim/airflow_venv/lib/python3.12/site-packages/airflow/example_dags/example_branch_operator.py took 1.709 seconds
[2025-07-18T09:28:57.569+0700] {processor.py:161} INFO - Started process (PID=7447) to work on /home/menglim/airflow_venv/lib/python3.12/site-packages/airflow/example_dags/example_branch_operator.py
[2025-07-18T09:28:57.570+0700] {processor.py:830} INFO - Processing file /home/menglim/airflow_venv/lib/python3.12/site-packages/airflow/example_dags/example_branch_operator.py for tasks to queue
[2025-07-18T09:28:57.571+0700] {logging_mixin.py:188} INFO - [2025-07-18T09:28:57.570+0700] {dagbag.py:545} INFO - Filling up the DagBag from /home/menglim/airflow_venv/lib/python3.12/site-packages/airflow/example_dags/example_branch_operator.py
[2025-07-18T09:28:57.595+0700] {processor.py:842} WARNING - No viable dags retrieved from /home/menglim/airflow_venv/lib/python3.12/site-packages/airflow/example_dags/example_branch_operator.py
[2025-07-18T09:28:57.602+0700] {processor.py:183} INFO - Processing /home/menglim/airflow_venv/lib/python3.12/site-packages/airflow/example_dags/example_branch_operator.py took 0.037 seconds
[2025-07-18T09:29:51.112+0700] {processor.py:161} INFO - Started process (PID=7553) to work on /home/menglim/airflow_venv/lib/python3.12/site-packages/airflow/example_dags/example_branch_operator.py
[2025-07-18T09:29:51.114+0700] {processor.py:830} INFO - Processing file /home/menglim/airflow_venv/lib/python3.12/site-packages/airflow/example_dags/example_branch_operator.py for tasks to queue
[2025-07-18T09:29:51.115+0700] {logging_mixin.py:188} INFO - [2025-07-18T09:29:51.114+0700] {dagbag.py:545} INFO - Filling up the DagBag from /home/menglim/airflow_venv/lib/python3.12/site-packages/airflow/example_dags/example_branch_operator.py
[2025-07-18T09:29:51.164+0700] {processor.py:842} WARNING - No viable dags retrieved from /home/menglim/airflow_venv/lib/python3.12/site-packages/airflow/example_dags/example_branch_operator.py
[2025-07-18T09:29:51.171+0700] {processor.py:183} INFO - Processing /home/menglim/airflow_venv/lib/python3.12/site-packages/airflow/example_dags/example_branch_operator.py took 0.062 seconds
[2025-07-18T09:31:03.566+0700] {processor.py:161} INFO - Started process (PID=7653) to work on /home/menglim/airflow_venv/lib/python3.12/site-packages/airflow/example_dags/example_branch_operator.py
[2025-07-18T09:31:03.568+0700] {processor.py:830} INFO - Processing file /home/menglim/airflow_venv/lib/python3.12/site-packages/airflow/example_dags/example_branch_operator.py for tasks to queue
[2025-07-18T09:31:03.569+0700] {logging_mixin.py:188} INFO - [2025-07-18T09:31:03.569+0700] {dagbag.py:545} INFO - Filling up the DagBag from /home/menglim/airflow_venv/lib/python3.12/site-packages/airflow/example_dags/example_branch_operator.py
[2025-07-18T09:31:03.597+0700] {processor.py:842} WARNING - No viable dags retrieved from /home/menglim/airflow_venv/lib/python3.12/site-packages/airflow/example_dags/example_branch_operator.py
[2025-07-18T09:31:03.605+0700] {processor.py:183} INFO - Processing /home/menglim/airflow_venv/lib/python3.12/site-packages/airflow/example_dags/example_branch_operator.py took 0.042 seconds
[2025-07-18T09:32:18.986+0700] {processor.py:161} INFO - Started process (PID=7787) to work on /home/menglim/airflow_venv/lib/python3.12/site-packages/airflow/example_dags/example_branch_operator.py
[2025-07-18T09:32:18.988+0700] {processor.py:830} INFO - Processing file /home/menglim/airflow_venv/lib/python3.12/site-packages/airflow/example_dags/example_branch_operator.py for tasks to queue
[2025-07-18T09:32:18.989+0700] {logging_mixin.py:188} INFO - [2025-07-18T09:32:18.989+0700] {dagbag.py:545} INFO - Filling up the DagBag from /home/menglim/airflow_venv/lib/python3.12/site-packages/airflow/example_dags/example_branch_operator.py
[2025-07-18T09:32:19.018+0700] {processor.py:842} WARNING - No viable dags retrieved from /home/menglim/airflow_venv/lib/python3.12/site-packages/airflow/example_dags/example_branch_operator.py
[2025-07-18T09:32:19.025+0700] {processor.py:183} INFO - Processing /home/menglim/airflow_venv/lib/python3.12/site-packages/airflow/example_dags/example_branch_operator.py took 0.043 seconds
[2025-07-18T09:33:14.011+0700] {processor.py:161} INFO - Started process (PID=7870) to work on /home/menglim/airflow_venv/lib/python3.12/site-packages/airflow/example_dags/example_branch_operator.py
[2025-07-18T09:33:14.013+0700] {processor.py:830} INFO - Processing file /home/menglim/airflow_venv/lib/python3.12/site-packages/airflow/example_dags/example_branch_operator.py for tasks to queue
[2025-07-18T09:33:14.014+0700] {logging_mixin.py:188} INFO - [2025-07-18T09:33:14.014+0700] {dagbag.py:545} INFO - Filling up the DagBag from /home/menglim/airflow_venv/lib/python3.12/site-packages/airflow/example_dags/example_branch_operator.py
[2025-07-18T09:33:14.046+0700] {processor.py:842} WARNING - No viable dags retrieved from /home/menglim/airflow_venv/lib/python3.12/site-packages/airflow/example_dags/example_branch_operator.py
[2025-07-18T09:33:14.054+0700] {processor.py:183} INFO - Processing /home/menglim/airflow_venv/lib/python3.12/site-packages/airflow/example_dags/example_branch_operator.py took 0.047 seconds
[2025-07-18T09:34:28.602+0700] {processor.py:161} INFO - Started process (PID=8045) to work on /home/menglim/airflow_venv/lib/python3.12/site-packages/airflow/example_dags/example_branch_operator.py
[2025-07-18T09:34:28.603+0700] {processor.py:830} INFO - Processing file /home/menglim/airflow_venv/lib/python3.12/site-packages/airflow/example_dags/example_branch_operator.py for tasks to queue
[2025-07-18T09:34:28.604+0700] {logging_mixin.py:188} INFO - [2025-07-18T09:34:28.603+0700] {dagbag.py:545} INFO - Filling up the DagBag from /home/menglim/airflow_venv/lib/python3.12/site-packages/airflow/example_dags/example_branch_operator.py
[2025-07-18T09:34:28.639+0700] {processor.py:842} WARNING - No viable dags retrieved from /home/menglim/airflow_venv/lib/python3.12/site-packages/airflow/example_dags/example_branch_operator.py
[2025-07-18T09:34:28.646+0700] {processor.py:183} INFO - Processing /home/menglim/airflow_venv/lib/python3.12/site-packages/airflow/example_dags/example_branch_operator.py took 0.047 seconds
[2025-07-18T09:35:45.510+0700] {processor.py:161} INFO - Started process (PID=8193) to work on /home/menglim/airflow_venv/lib/python3.12/site-packages/airflow/example_dags/example_branch_operator.py
[2025-07-18T09:35:45.511+0700] {processor.py:830} INFO - Processing file /home/menglim/airflow_venv/lib/python3.12/site-packages/airflow/example_dags/example_branch_operator.py for tasks to queue
[2025-07-18T09:35:45.512+0700] {logging_mixin.py:188} INFO - [2025-07-18T09:35:45.512+0700] {dagbag.py:545} INFO - Filling up the DagBag from /home/menglim/airflow_venv/lib/python3.12/site-packages/airflow/example_dags/example_branch_operator.py
[2025-07-18T09:35:45.543+0700] {processor.py:842} WARNING - No viable dags retrieved from /home/menglim/airflow_venv/lib/python3.12/site-packages/airflow/example_dags/example_branch_operator.py
[2025-07-18T09:35:45.549+0700] {processor.py:183} INFO - Processing /home/menglim/airflow_venv/lib/python3.12/site-packages/airflow/example_dags/example_branch_operator.py took 0.043 seconds
[2025-07-18T09:36:40.083+0700] {processor.py:161} INFO - Started process (PID=8284) to work on /home/menglim/airflow_venv/lib/python3.12/site-packages/airflow/example_dags/example_branch_operator.py
[2025-07-18T09:36:40.087+0700] {processor.py:830} INFO - Processing file /home/menglim/airflow_venv/lib/python3.12/site-packages/airflow/example_dags/example_branch_operator.py for tasks to queue
[2025-07-18T09:36:40.089+0700] {logging_mixin.py:188} INFO - [2025-07-18T09:36:40.088+0700] {dagbag.py:545} INFO - Filling up the DagBag from /home/menglim/airflow_venv/lib/python3.12/site-packages/airflow/example_dags/example_branch_operator.py
[2025-07-18T09:36:40.170+0700] {processor.py:842} WARNING - No viable dags retrieved from /home/menglim/airflow_venv/lib/python3.12/site-packages/airflow/example_dags/example_branch_operator.py
[2025-07-18T09:36:40.193+0700] {processor.py:183} INFO - Processing /home/menglim/airflow_venv/lib/python3.12/site-packages/airflow/example_dags/example_branch_operator.py took 0.120 seconds
