[2025-07-18T09:00:11.664+0700] {processor.py:161} INFO - Started process (PID=2981) to work on /home/menglim/airflow_venv/lib/python3.12/site-packages/airflow/example_dags/example_skip_dag.py
[2025-07-18T09:00:11.665+0700] {processor.py:830} INFO - Processing file /home/menglim/airflow_venv/lib/python3.12/site-packages/airflow/example_dags/example_skip_dag.py for tasks to queue
[2025-07-18T09:00:11.666+0700] {logging_mixin.py:188} INFO - [2025-07-18T09:00:11.665+0700] {dagbag.py:545} INFO - Filling up the DagBag from /home/menglim/airflow_venv/lib/python3.12/site-packages/airflow/example_dags/example_skip_dag.py
[2025-07-18T09:00:11.671+0700] {processor.py:840} INFO - DAG(s) 'example_skip_dag' retrieved from /home/menglim/airflow_venv/lib/python3.12/site-packages/airflow/example_dags/example_skip_dag.py
[2025-07-18T09:00:11.676+0700] {logging_mixin.py:188} INFO - [2025-07-18T09:00:11.675+0700] {dag.py:3096} INFO - Sync 1 DAGs
[2025-07-18T09:00:11.686+0700] {logging_mixin.py:188} INFO - [2025-07-18T09:00:11.686+0700] {dag.py:3954} INFO - Setting next_dagrun for example_skip_dag to 2025-07-17 00:00:00+00:00, run_after=2025-07-18 00:00:00+00:00
[2025-07-18T09:00:11.710+0700] {processor.py:183} INFO - Processing /home/menglim/airflow_venv/lib/python3.12/site-packages/airflow/example_dags/example_skip_dag.py took 0.049 seconds
[2025-07-18T09:01:04.689+0700] {processor.py:161} INFO - Started process (PID=3317) to work on /home/menglim/airflow_venv/lib/python3.12/site-packages/airflow/example_dags/example_skip_dag.py
[2025-07-18T09:01:04.691+0700] {processor.py:830} INFO - Processing file /home/menglim/airflow_venv/lib/python3.12/site-packages/airflow/example_dags/example_skip_dag.py for tasks to queue
[2025-07-18T09:01:04.692+0700] {logging_mixin.py:188} INFO - [2025-07-18T09:01:04.692+0700] {dagbag.py:545} INFO - Filling up the DagBag from /home/menglim/airflow_venv/lib/python3.12/site-packages/airflow/example_dags/example_skip_dag.py
[2025-07-18T09:01:04.696+0700] {processor.py:840} INFO - DAG(s) 'example_skip_dag' retrieved from /home/menglim/airflow_venv/lib/python3.12/site-packages/airflow/example_dags/example_skip_dag.py
[2025-07-18T09:01:04.751+0700] {logging_mixin.py:188} INFO - [2025-07-18T09:01:04.751+0700] {dag.py:3096} INFO - Sync 1 DAGs
[2025-07-18T09:01:04.759+0700] {logging_mixin.py:188} INFO - [2025-07-18T09:01:04.759+0700] {dag.py:3954} INFO - Setting next_dagrun for example_skip_dag to 2025-07-17 00:00:00+00:00, run_after=2025-07-18 00:00:00+00:00
[2025-07-18T09:01:04.782+0700] {processor.py:183} INFO - Processing /home/menglim/airflow_venv/lib/python3.12/site-packages/airflow/example_dags/example_skip_dag.py took 0.096 seconds
[2025-07-18T09:01:56.663+0700] {processor.py:161} INFO - Started process (PID=3421) to work on /home/menglim/airflow_venv/lib/python3.12/site-packages/airflow/example_dags/example_skip_dag.py
[2025-07-18T09:01:56.666+0700] {processor.py:830} INFO - Processing file /home/menglim/airflow_venv/lib/python3.12/site-packages/airflow/example_dags/example_skip_dag.py for tasks to queue
[2025-07-18T09:01:56.667+0700] {logging_mixin.py:188} INFO - [2025-07-18T09:01:56.666+0700] {dagbag.py:545} INFO - Filling up the DagBag from /home/menglim/airflow_venv/lib/python3.12/site-packages/airflow/example_dags/example_skip_dag.py
[2025-07-18T09:01:56.671+0700] {processor.py:840} INFO - DAG(s) 'example_skip_dag' retrieved from /home/menglim/airflow_venv/lib/python3.12/site-packages/airflow/example_dags/example_skip_dag.py
[2025-07-18T09:01:56.681+0700] {logging_mixin.py:188} INFO - [2025-07-18T09:01:56.681+0700] {dag.py:3096} INFO - Sync 1 DAGs
[2025-07-18T09:01:56.692+0700] {logging_mixin.py:188} INFO - [2025-07-18T09:01:56.692+0700] {dag.py:3954} INFO - Setting next_dagrun for example_skip_dag to 2025-07-17 00:00:00+00:00, run_after=2025-07-18 00:00:00+00:00
[2025-07-18T09:01:56.713+0700] {processor.py:183} INFO - Processing /home/menglim/airflow_venv/lib/python3.12/site-packages/airflow/example_dags/example_skip_dag.py took 0.053 seconds
[2025-07-18T09:02:57.435+0700] {processor.py:161} INFO - Started process (PID=3593) to work on /home/menglim/airflow_venv/lib/python3.12/site-packages/airflow/example_dags/example_skip_dag.py
[2025-07-18T09:02:57.437+0700] {processor.py:830} INFO - Processing file /home/menglim/airflow_venv/lib/python3.12/site-packages/airflow/example_dags/example_skip_dag.py for tasks to queue
[2025-07-18T09:02:57.439+0700] {logging_mixin.py:188} INFO - [2025-07-18T09:02:57.438+0700] {dagbag.py:545} INFO - Filling up the DagBag from /home/menglim/airflow_venv/lib/python3.12/site-packages/airflow/example_dags/example_skip_dag.py
[2025-07-18T09:02:57.445+0700] {processor.py:840} INFO - DAG(s) 'example_skip_dag' retrieved from /home/menglim/airflow_venv/lib/python3.12/site-packages/airflow/example_dags/example_skip_dag.py
[2025-07-18T09:02:57.455+0700] {logging_mixin.py:188} INFO - [2025-07-18T09:02:57.455+0700] {dag.py:3096} INFO - Sync 1 DAGs
[2025-07-18T09:02:57.469+0700] {logging_mixin.py:188} INFO - [2025-07-18T09:02:57.468+0700] {dag.py:3954} INFO - Setting next_dagrun for example_skip_dag to 2025-07-17 00:00:00+00:00, run_after=2025-07-18 00:00:00+00:00
[2025-07-18T09:02:57.491+0700] {processor.py:183} INFO - Processing /home/menglim/airflow_venv/lib/python3.12/site-packages/airflow/example_dags/example_skip_dag.py took 0.060 seconds
[2025-07-18T09:03:53.274+0700] {processor.py:161} INFO - Started process (PID=3676) to work on /home/menglim/airflow_venv/lib/python3.12/site-packages/airflow/example_dags/example_skip_dag.py
[2025-07-18T09:03:53.276+0700] {processor.py:830} INFO - Processing file /home/menglim/airflow_venv/lib/python3.12/site-packages/airflow/example_dags/example_skip_dag.py for tasks to queue
[2025-07-18T09:03:53.277+0700] {logging_mixin.py:188} INFO - [2025-07-18T09:03:53.277+0700] {dagbag.py:545} INFO - Filling up the DagBag from /home/menglim/airflow_venv/lib/python3.12/site-packages/airflow/example_dags/example_skip_dag.py
[2025-07-18T09:03:53.281+0700] {processor.py:840} INFO - DAG(s) 'example_skip_dag' retrieved from /home/menglim/airflow_venv/lib/python3.12/site-packages/airflow/example_dags/example_skip_dag.py
[2025-07-18T09:03:53.291+0700] {logging_mixin.py:188} INFO - [2025-07-18T09:03:53.291+0700] {dag.py:3096} INFO - Sync 1 DAGs
[2025-07-18T09:03:53.301+0700] {logging_mixin.py:188} INFO - [2025-07-18T09:03:53.300+0700] {dag.py:3954} INFO - Setting next_dagrun for example_skip_dag to 2025-07-17 00:00:00+00:00, run_after=2025-07-18 00:00:00+00:00
[2025-07-18T09:03:53.321+0700] {processor.py:183} INFO - Processing /home/menglim/airflow_venv/lib/python3.12/site-packages/airflow/example_dags/example_skip_dag.py took 0.050 seconds
[2025-07-18T09:04:50.829+0700] {processor.py:161} INFO - Started process (PID=3796) to work on /home/menglim/airflow_venv/lib/python3.12/site-packages/airflow/example_dags/example_skip_dag.py
[2025-07-18T09:04:50.832+0700] {processor.py:830} INFO - Processing file /home/menglim/airflow_venv/lib/python3.12/site-packages/airflow/example_dags/example_skip_dag.py for tasks to queue
[2025-07-18T09:04:50.833+0700] {logging_mixin.py:188} INFO - [2025-07-18T09:04:50.833+0700] {dagbag.py:545} INFO - Filling up the DagBag from /home/menglim/airflow_venv/lib/python3.12/site-packages/airflow/example_dags/example_skip_dag.py
[2025-07-18T09:04:50.837+0700] {processor.py:840} INFO - DAG(s) 'example_skip_dag' retrieved from /home/menglim/airflow_venv/lib/python3.12/site-packages/airflow/example_dags/example_skip_dag.py
[2025-07-18T09:04:50.846+0700] {logging_mixin.py:188} INFO - [2025-07-18T09:04:50.846+0700] {dag.py:3096} INFO - Sync 1 DAGs
[2025-07-18T09:04:50.856+0700] {logging_mixin.py:188} INFO - [2025-07-18T09:04:50.856+0700] {dag.py:3954} INFO - Setting next_dagrun for example_skip_dag to 2025-07-17 00:00:00+00:00, run_after=2025-07-18 00:00:00+00:00
[2025-07-18T09:04:50.876+0700] {processor.py:183} INFO - Processing /home/menglim/airflow_venv/lib/python3.12/site-packages/airflow/example_dags/example_skip_dag.py took 0.050 seconds
[2025-07-18T09:05:46.255+0700] {processor.py:161} INFO - Started process (PID=3892) to work on /home/menglim/airflow_venv/lib/python3.12/site-packages/airflow/example_dags/example_skip_dag.py
[2025-07-18T09:05:46.256+0700] {processor.py:830} INFO - Processing file /home/menglim/airflow_venv/lib/python3.12/site-packages/airflow/example_dags/example_skip_dag.py for tasks to queue
[2025-07-18T09:05:46.257+0700] {logging_mixin.py:188} INFO - [2025-07-18T09:05:46.257+0700] {dagbag.py:545} INFO - Filling up the DagBag from /home/menglim/airflow_venv/lib/python3.12/site-packages/airflow/example_dags/example_skip_dag.py
[2025-07-18T09:05:46.260+0700] {processor.py:840} INFO - DAG(s) 'example_skip_dag' retrieved from /home/menglim/airflow_venv/lib/python3.12/site-packages/airflow/example_dags/example_skip_dag.py
[2025-07-18T09:05:46.269+0700] {logging_mixin.py:188} INFO - [2025-07-18T09:05:46.269+0700] {dag.py:3096} INFO - Sync 1 DAGs
[2025-07-18T09:05:46.279+0700] {logging_mixin.py:188} INFO - [2025-07-18T09:05:46.279+0700] {dag.py:3954} INFO - Setting next_dagrun for example_skip_dag to 2025-07-17 00:00:00+00:00, run_after=2025-07-18 00:00:00+00:00
[2025-07-18T09:05:46.300+0700] {processor.py:183} INFO - Processing /home/menglim/airflow_venv/lib/python3.12/site-packages/airflow/example_dags/example_skip_dag.py took 0.049 seconds
[2025-07-18T09:06:41.101+0700] {processor.py:161} INFO - Started process (PID=3963) to work on /home/menglim/airflow_venv/lib/python3.12/site-packages/airflow/example_dags/example_skip_dag.py
[2025-07-18T09:06:41.104+0700] {processor.py:830} INFO - Processing file /home/menglim/airflow_venv/lib/python3.12/site-packages/airflow/example_dags/example_skip_dag.py for tasks to queue
[2025-07-18T09:06:41.104+0700] {logging_mixin.py:188} INFO - [2025-07-18T09:06:41.104+0700] {dagbag.py:545} INFO - Filling up the DagBag from /home/menglim/airflow_venv/lib/python3.12/site-packages/airflow/example_dags/example_skip_dag.py
[2025-07-18T09:06:41.108+0700] {processor.py:840} INFO - DAG(s) 'example_skip_dag' retrieved from /home/menglim/airflow_venv/lib/python3.12/site-packages/airflow/example_dags/example_skip_dag.py
[2025-07-18T09:06:41.119+0700] {logging_mixin.py:188} INFO - [2025-07-18T09:06:41.119+0700] {dag.py:3096} INFO - Sync 1 DAGs
[2025-07-18T09:06:41.129+0700] {logging_mixin.py:188} INFO - [2025-07-18T09:06:41.128+0700] {dag.py:3954} INFO - Setting next_dagrun for example_skip_dag to 2025-07-17 00:00:00+00:00, run_after=2025-07-18 00:00:00+00:00
[2025-07-18T09:06:41.150+0700] {processor.py:183} INFO - Processing /home/menglim/airflow_venv/lib/python3.12/site-packages/airflow/example_dags/example_skip_dag.py took 0.052 seconds
[2025-07-18T09:07:38.394+0700] {processor.py:161} INFO - Started process (PID=4091) to work on /home/menglim/airflow_venv/lib/python3.12/site-packages/airflow/example_dags/example_skip_dag.py
[2025-07-18T09:07:38.400+0700] {processor.py:830} INFO - Processing file /home/menglim/airflow_venv/lib/python3.12/site-packages/airflow/example_dags/example_skip_dag.py for tasks to queue
[2025-07-18T09:07:38.402+0700] {logging_mixin.py:188} INFO - [2025-07-18T09:07:38.402+0700] {dagbag.py:545} INFO - Filling up the DagBag from /home/menglim/airflow_venv/lib/python3.12/site-packages/airflow/example_dags/example_skip_dag.py
[2025-07-18T09:07:38.412+0700] {processor.py:840} INFO - DAG(s) 'example_skip_dag' retrieved from /home/menglim/airflow_venv/lib/python3.12/site-packages/airflow/example_dags/example_skip_dag.py
[2025-07-18T09:07:38.441+0700] {logging_mixin.py:188} INFO - [2025-07-18T09:07:38.440+0700] {dag.py:3096} INFO - Sync 1 DAGs
[2025-07-18T09:07:38.467+0700] {logging_mixin.py:188} INFO - [2025-07-18T09:07:38.466+0700] {dag.py:3954} INFO - Setting next_dagrun for example_skip_dag to 2025-07-17 00:00:00+00:00, run_after=2025-07-18 00:00:00+00:00
[2025-07-18T09:07:38.508+0700] {processor.py:183} INFO - Processing /home/menglim/airflow_venv/lib/python3.12/site-packages/airflow/example_dags/example_skip_dag.py took 0.123 seconds
[2025-07-18T09:08:37.564+0700] {processor.py:161} INFO - Started process (PID=4192) to work on /home/menglim/airflow_venv/lib/python3.12/site-packages/airflow/example_dags/example_skip_dag.py
[2025-07-18T09:08:37.568+0700] {processor.py:830} INFO - Processing file /home/menglim/airflow_venv/lib/python3.12/site-packages/airflow/example_dags/example_skip_dag.py for tasks to queue
[2025-07-18T09:08:37.571+0700] {logging_mixin.py:188} INFO - [2025-07-18T09:08:37.570+0700] {dagbag.py:545} INFO - Filling up the DagBag from /home/menglim/airflow_venv/lib/python3.12/site-packages/airflow/example_dags/example_skip_dag.py
[2025-07-18T09:08:37.578+0700] {processor.py:840} INFO - DAG(s) 'example_skip_dag' retrieved from /home/menglim/airflow_venv/lib/python3.12/site-packages/airflow/example_dags/example_skip_dag.py
[2025-07-18T09:08:37.602+0700] {logging_mixin.py:188} INFO - [2025-07-18T09:08:37.602+0700] {dag.py:3096} INFO - Sync 1 DAGs
[2025-07-18T09:08:37.629+0700] {logging_mixin.py:188} INFO - [2025-07-18T09:08:37.629+0700] {dag.py:3954} INFO - Setting next_dagrun for example_skip_dag to 2025-07-17 00:00:00+00:00, run_after=2025-07-18 00:00:00+00:00
[2025-07-18T09:08:37.672+0700] {processor.py:183} INFO - Processing /home/menglim/airflow_venv/lib/python3.12/site-packages/airflow/example_dags/example_skip_dag.py took 0.114 seconds
[2025-07-18T09:09:30.932+0700] {processor.py:161} INFO - Started process (PID=4298) to work on /home/menglim/airflow_venv/lib/python3.12/site-packages/airflow/example_dags/example_skip_dag.py
[2025-07-18T09:09:30.933+0700] {processor.py:830} INFO - Processing file /home/menglim/airflow_venv/lib/python3.12/site-packages/airflow/example_dags/example_skip_dag.py for tasks to queue
[2025-07-18T09:09:30.934+0700] {logging_mixin.py:188} INFO - [2025-07-18T09:09:30.933+0700] {dagbag.py:545} INFO - Filling up the DagBag from /home/menglim/airflow_venv/lib/python3.12/site-packages/airflow/example_dags/example_skip_dag.py
[2025-07-18T09:09:30.938+0700] {processor.py:840} INFO - DAG(s) 'example_skip_dag' retrieved from /home/menglim/airflow_venv/lib/python3.12/site-packages/airflow/example_dags/example_skip_dag.py
[2025-07-18T09:09:30.949+0700] {logging_mixin.py:188} INFO - [2025-07-18T09:09:30.948+0700] {dag.py:3096} INFO - Sync 1 DAGs
[2025-07-18T09:09:30.960+0700] {logging_mixin.py:188} INFO - [2025-07-18T09:09:30.960+0700] {dag.py:3954} INFO - Setting next_dagrun for example_skip_dag to 2025-07-17 00:00:00+00:00, run_after=2025-07-18 00:00:00+00:00
[2025-07-18T09:09:30.982+0700] {processor.py:183} INFO - Processing /home/menglim/airflow_venv/lib/python3.12/site-packages/airflow/example_dags/example_skip_dag.py took 0.053 seconds
[2025-07-18T09:10:20.324+0700] {processor.py:161} INFO - Started process (PID=4376) to work on /home/menglim/airflow_venv/lib/python3.12/site-packages/airflow/example_dags/example_skip_dag.py
[2025-07-18T09:10:20.325+0700] {processor.py:830} INFO - Processing file /home/menglim/airflow_venv/lib/python3.12/site-packages/airflow/example_dags/example_skip_dag.py for tasks to queue
[2025-07-18T09:10:20.325+0700] {logging_mixin.py:188} INFO - [2025-07-18T09:10:20.325+0700] {dagbag.py:545} INFO - Filling up the DagBag from /home/menglim/airflow_venv/lib/python3.12/site-packages/airflow/example_dags/example_skip_dag.py
[2025-07-18T09:10:20.329+0700] {processor.py:840} INFO - DAG(s) 'example_skip_dag' retrieved from /home/menglim/airflow_venv/lib/python3.12/site-packages/airflow/example_dags/example_skip_dag.py
[2025-07-18T09:10:20.339+0700] {logging_mixin.py:188} INFO - [2025-07-18T09:10:20.339+0700] {dag.py:3096} INFO - Sync 1 DAGs
[2025-07-18T09:10:20.349+0700] {logging_mixin.py:188} INFO - [2025-07-18T09:10:20.349+0700] {dag.py:3954} INFO - Setting next_dagrun for example_skip_dag to 2025-07-17 00:00:00+00:00, run_after=2025-07-18 00:00:00+00:00
[2025-07-18T09:10:20.373+0700] {processor.py:183} INFO - Processing /home/menglim/airflow_venv/lib/python3.12/site-packages/airflow/example_dags/example_skip_dag.py took 0.053 seconds
[2025-07-18T09:11:21.121+0700] {processor.py:161} INFO - Started process (PID=4538) to work on /home/menglim/airflow_venv/lib/python3.12/site-packages/airflow/example_dags/example_skip_dag.py
[2025-07-18T09:11:21.124+0700] {processor.py:830} INFO - Processing file /home/menglim/airflow_venv/lib/python3.12/site-packages/airflow/example_dags/example_skip_dag.py for tasks to queue
[2025-07-18T09:11:21.124+0700] {logging_mixin.py:188} INFO - [2025-07-18T09:11:21.124+0700] {dagbag.py:545} INFO - Filling up the DagBag from /home/menglim/airflow_venv/lib/python3.12/site-packages/airflow/example_dags/example_skip_dag.py
[2025-07-18T09:11:21.128+0700] {processor.py:840} INFO - DAG(s) 'example_skip_dag' retrieved from /home/menglim/airflow_venv/lib/python3.12/site-packages/airflow/example_dags/example_skip_dag.py
[2025-07-18T09:11:21.137+0700] {logging_mixin.py:188} INFO - [2025-07-18T09:11:21.137+0700] {dag.py:3096} INFO - Sync 1 DAGs
[2025-07-18T09:11:21.147+0700] {logging_mixin.py:188} INFO - [2025-07-18T09:11:21.147+0700] {dag.py:3954} INFO - Setting next_dagrun for example_skip_dag to 2025-07-17 00:00:00+00:00, run_after=2025-07-18 00:00:00+00:00
[2025-07-18T09:11:21.168+0700] {processor.py:183} INFO - Processing /home/menglim/airflow_venv/lib/python3.12/site-packages/airflow/example_dags/example_skip_dag.py took 0.050 seconds
[2025-07-18T09:12:15.081+0700] {processor.py:161} INFO - Started process (PID=4624) to work on /home/menglim/airflow_venv/lib/python3.12/site-packages/airflow/example_dags/example_skip_dag.py
[2025-07-18T09:12:15.083+0700] {processor.py:830} INFO - Processing file /home/menglim/airflow_venv/lib/python3.12/site-packages/airflow/example_dags/example_skip_dag.py for tasks to queue
[2025-07-18T09:12:15.084+0700] {logging_mixin.py:188} INFO - [2025-07-18T09:12:15.084+0700] {dagbag.py:545} INFO - Filling up the DagBag from /home/menglim/airflow_venv/lib/python3.12/site-packages/airflow/example_dags/example_skip_dag.py
[2025-07-18T09:12:15.088+0700] {processor.py:840} INFO - DAG(s) 'example_skip_dag' retrieved from /home/menglim/airflow_venv/lib/python3.12/site-packages/airflow/example_dags/example_skip_dag.py
[2025-07-18T09:12:15.098+0700] {logging_mixin.py:188} INFO - [2025-07-18T09:12:15.098+0700] {dag.py:3096} INFO - Sync 1 DAGs
[2025-07-18T09:12:15.110+0700] {logging_mixin.py:188} INFO - [2025-07-18T09:12:15.110+0700] {dag.py:3954} INFO - Setting next_dagrun for example_skip_dag to 2025-07-17 00:00:00+00:00, run_after=2025-07-18 00:00:00+00:00
[2025-07-18T09:12:15.134+0700] {processor.py:183} INFO - Processing /home/menglim/airflow_venv/lib/python3.12/site-packages/airflow/example_dags/example_skip_dag.py took 0.056 seconds
[2025-07-18T09:13:15.843+0700] {processor.py:161} INFO - Started process (PID=5186) to work on /home/menglim/airflow_venv/lib/python3.12/site-packages/airflow/example_dags/example_skip_dag.py
[2025-07-18T09:13:15.845+0700] {processor.py:830} INFO - Processing file /home/menglim/airflow_venv/lib/python3.12/site-packages/airflow/example_dags/example_skip_dag.py for tasks to queue
[2025-07-18T09:13:15.845+0700] {logging_mixin.py:188} INFO - [2025-07-18T09:13:15.845+0700] {dagbag.py:545} INFO - Filling up the DagBag from /home/menglim/airflow_venv/lib/python3.12/site-packages/airflow/example_dags/example_skip_dag.py
[2025-07-18T09:13:15.850+0700] {processor.py:840} INFO - DAG(s) 'example_skip_dag' retrieved from /home/menglim/airflow_venv/lib/python3.12/site-packages/airflow/example_dags/example_skip_dag.py
[2025-07-18T09:13:15.860+0700] {logging_mixin.py:188} INFO - [2025-07-18T09:13:15.860+0700] {dag.py:3096} INFO - Sync 1 DAGs
[2025-07-18T09:13:15.873+0700] {logging_mixin.py:188} INFO - [2025-07-18T09:13:15.873+0700] {dag.py:3954} INFO - Setting next_dagrun for example_skip_dag to 2025-07-17 00:00:00+00:00, run_after=2025-07-18 00:00:00+00:00
[2025-07-18T09:13:15.894+0700] {processor.py:183} INFO - Processing /home/menglim/airflow_venv/lib/python3.12/site-packages/airflow/example_dags/example_skip_dag.py took 0.054 seconds
[2025-07-18T09:14:22.913+0700] {processor.py:161} INFO - Started process (PID=5349) to work on /home/menglim/airflow_venv/lib/python3.12/site-packages/airflow/example_dags/example_skip_dag.py
[2025-07-18T09:14:22.916+0700] {processor.py:830} INFO - Processing file /home/menglim/airflow_venv/lib/python3.12/site-packages/airflow/example_dags/example_skip_dag.py for tasks to queue
[2025-07-18T09:14:22.916+0700] {logging_mixin.py:188} INFO - [2025-07-18T09:14:22.916+0700] {dagbag.py:545} INFO - Filling up the DagBag from /home/menglim/airflow_venv/lib/python3.12/site-packages/airflow/example_dags/example_skip_dag.py
[2025-07-18T09:14:22.920+0700] {processor.py:840} INFO - DAG(s) 'example_skip_dag' retrieved from /home/menglim/airflow_venv/lib/python3.12/site-packages/airflow/example_dags/example_skip_dag.py
[2025-07-18T09:14:22.930+0700] {logging_mixin.py:188} INFO - [2025-07-18T09:14:22.930+0700] {dag.py:3096} INFO - Sync 1 DAGs
[2025-07-18T09:14:22.940+0700] {logging_mixin.py:188} INFO - [2025-07-18T09:14:22.940+0700] {dag.py:3954} INFO - Setting next_dagrun for example_skip_dag to 2025-07-17 00:00:00+00:00, run_after=2025-07-18 00:00:00+00:00
[2025-07-18T09:14:22.960+0700] {processor.py:183} INFO - Processing /home/menglim/airflow_venv/lib/python3.12/site-packages/airflow/example_dags/example_skip_dag.py took 0.050 seconds
[2025-07-18T09:15:24.544+0700] {processor.py:161} INFO - Started process (PID=5466) to work on /home/menglim/airflow_venv/lib/python3.12/site-packages/airflow/example_dags/example_skip_dag.py
[2025-07-18T09:15:24.544+0700] {processor.py:830} INFO - Processing file /home/menglim/airflow_venv/lib/python3.12/site-packages/airflow/example_dags/example_skip_dag.py for tasks to queue
[2025-07-18T09:15:24.545+0700] {logging_mixin.py:188} INFO - [2025-07-18T09:15:24.545+0700] {dagbag.py:545} INFO - Filling up the DagBag from /home/menglim/airflow_venv/lib/python3.12/site-packages/airflow/example_dags/example_skip_dag.py
[2025-07-18T09:15:24.549+0700] {processor.py:840} INFO - DAG(s) 'example_skip_dag' retrieved from /home/menglim/airflow_venv/lib/python3.12/site-packages/airflow/example_dags/example_skip_dag.py
[2025-07-18T09:15:24.558+0700] {logging_mixin.py:188} INFO - [2025-07-18T09:15:24.558+0700] {dag.py:3096} INFO - Sync 1 DAGs
[2025-07-18T09:15:24.568+0700] {logging_mixin.py:188} INFO - [2025-07-18T09:15:24.568+0700] {dag.py:3954} INFO - Setting next_dagrun for example_skip_dag to 2025-07-17 00:00:00+00:00, run_after=2025-07-18 00:00:00+00:00
[2025-07-18T09:15:24.593+0700] {processor.py:183} INFO - Processing /home/menglim/airflow_venv/lib/python3.12/site-packages/airflow/example_dags/example_skip_dag.py took 0.052 seconds
[2025-07-18T09:16:27.707+0700] {processor.py:161} INFO - Started process (PID=5590) to work on /home/menglim/airflow_venv/lib/python3.12/site-packages/airflow/example_dags/example_skip_dag.py
[2025-07-18T09:16:27.708+0700] {processor.py:830} INFO - Processing file /home/menglim/airflow_venv/lib/python3.12/site-packages/airflow/example_dags/example_skip_dag.py for tasks to queue
[2025-07-18T09:16:27.709+0700] {logging_mixin.py:188} INFO - [2025-07-18T09:16:27.709+0700] {dagbag.py:545} INFO - Filling up the DagBag from /home/menglim/airflow_venv/lib/python3.12/site-packages/airflow/example_dags/example_skip_dag.py
[2025-07-18T09:16:27.713+0700] {processor.py:840} INFO - DAG(s) 'example_skip_dag' retrieved from /home/menglim/airflow_venv/lib/python3.12/site-packages/airflow/example_dags/example_skip_dag.py
[2025-07-18T09:16:27.723+0700] {logging_mixin.py:188} INFO - [2025-07-18T09:16:27.723+0700] {dag.py:3096} INFO - Sync 1 DAGs
[2025-07-18T09:16:27.733+0700] {logging_mixin.py:188} INFO - [2025-07-18T09:16:27.733+0700] {dag.py:3954} INFO - Setting next_dagrun for example_skip_dag to 2025-07-17 00:00:00+00:00, run_after=2025-07-18 00:00:00+00:00
[2025-07-18T09:16:27.755+0700] {processor.py:183} INFO - Processing /home/menglim/airflow_venv/lib/python3.12/site-packages/airflow/example_dags/example_skip_dag.py took 0.051 seconds
[2025-07-18T09:17:52.569+0700] {processor.py:161} INFO - Started process (PID=5862) to work on /home/menglim/airflow_venv/lib/python3.12/site-packages/airflow/example_dags/example_skip_dag.py
[2025-07-18T09:17:52.570+0700] {processor.py:830} INFO - Processing file /home/menglim/airflow_venv/lib/python3.12/site-packages/airflow/example_dags/example_skip_dag.py for tasks to queue
[2025-07-18T09:17:52.571+0700] {logging_mixin.py:188} INFO - [2025-07-18T09:17:52.571+0700] {dagbag.py:545} INFO - Filling up the DagBag from /home/menglim/airflow_venv/lib/python3.12/site-packages/airflow/example_dags/example_skip_dag.py
[2025-07-18T09:17:52.575+0700] {processor.py:840} INFO - DAG(s) 'example_skip_dag' retrieved from /home/menglim/airflow_venv/lib/python3.12/site-packages/airflow/example_dags/example_skip_dag.py
[2025-07-18T09:17:52.585+0700] {logging_mixin.py:188} INFO - [2025-07-18T09:17:52.584+0700] {dag.py:3096} INFO - Sync 1 DAGs
[2025-07-18T09:17:52.595+0700] {logging_mixin.py:188} INFO - [2025-07-18T09:17:52.595+0700] {dag.py:3954} INFO - Setting next_dagrun for example_skip_dag to 2025-07-17 00:00:00+00:00, run_after=2025-07-18 00:00:00+00:00
[2025-07-18T09:17:52.617+0700] {processor.py:183} INFO - Processing /home/menglim/airflow_venv/lib/python3.12/site-packages/airflow/example_dags/example_skip_dag.py took 0.051 seconds
[2025-07-18T09:18:57.942+0700] {processor.py:161} INFO - Started process (PID=5981) to work on /home/menglim/airflow_venv/lib/python3.12/site-packages/airflow/example_dags/example_skip_dag.py
[2025-07-18T09:18:57.943+0700] {processor.py:830} INFO - Processing file /home/menglim/airflow_venv/lib/python3.12/site-packages/airflow/example_dags/example_skip_dag.py for tasks to queue
[2025-07-18T09:18:57.944+0700] {logging_mixin.py:188} INFO - [2025-07-18T09:18:57.943+0700] {dagbag.py:545} INFO - Filling up the DagBag from /home/menglim/airflow_venv/lib/python3.12/site-packages/airflow/example_dags/example_skip_dag.py
[2025-07-18T09:18:57.947+0700] {processor.py:840} INFO - DAG(s) 'example_skip_dag' retrieved from /home/menglim/airflow_venv/lib/python3.12/site-packages/airflow/example_dags/example_skip_dag.py
[2025-07-18T09:18:57.957+0700] {logging_mixin.py:188} INFO - [2025-07-18T09:18:57.957+0700] {dag.py:3096} INFO - Sync 1 DAGs
[2025-07-18T09:18:57.968+0700] {logging_mixin.py:188} INFO - [2025-07-18T09:18:57.967+0700] {dag.py:3954} INFO - Setting next_dagrun for example_skip_dag to 2025-07-17 00:00:00+00:00, run_after=2025-07-18 00:00:00+00:00
[2025-07-18T09:18:58.067+0700] {processor.py:183} INFO - Processing /home/menglim/airflow_venv/lib/python3.12/site-packages/airflow/example_dags/example_skip_dag.py took 0.128 seconds
[2025-07-18T09:20:06.746+0700] {processor.py:161} INFO - Started process (PID=6158) to work on /home/menglim/airflow_venv/lib/python3.12/site-packages/airflow/example_dags/example_skip_dag.py
[2025-07-18T09:20:06.746+0700] {processor.py:830} INFO - Processing file /home/menglim/airflow_venv/lib/python3.12/site-packages/airflow/example_dags/example_skip_dag.py for tasks to queue
[2025-07-18T09:20:06.747+0700] {logging_mixin.py:188} INFO - [2025-07-18T09:20:06.747+0700] {dagbag.py:545} INFO - Filling up the DagBag from /home/menglim/airflow_venv/lib/python3.12/site-packages/airflow/example_dags/example_skip_dag.py
[2025-07-18T09:20:06.751+0700] {processor.py:840} INFO - DAG(s) 'example_skip_dag' retrieved from /home/menglim/airflow_venv/lib/python3.12/site-packages/airflow/example_dags/example_skip_dag.py
[2025-07-18T09:20:06.760+0700] {logging_mixin.py:188} INFO - [2025-07-18T09:20:06.760+0700] {dag.py:3096} INFO - Sync 1 DAGs
[2025-07-18T09:20:06.829+0700] {logging_mixin.py:188} INFO - [2025-07-18T09:20:06.828+0700] {dag.py:3954} INFO - Setting next_dagrun for example_skip_dag to 2025-07-17 00:00:00+00:00, run_after=2025-07-18 00:00:00+00:00
[2025-07-18T09:20:06.851+0700] {processor.py:183} INFO - Processing /home/menglim/airflow_venv/lib/python3.12/site-packages/airflow/example_dags/example_skip_dag.py took 0.108 seconds
[2025-07-18T09:20:59.956+0700] {processor.py:161} INFO - Started process (PID=6270) to work on /home/menglim/airflow_venv/lib/python3.12/site-packages/airflow/example_dags/example_skip_dag.py
[2025-07-18T09:20:59.958+0700] {processor.py:830} INFO - Processing file /home/menglim/airflow_venv/lib/python3.12/site-packages/airflow/example_dags/example_skip_dag.py for tasks to queue
[2025-07-18T09:20:59.959+0700] {logging_mixin.py:188} INFO - [2025-07-18T09:20:59.958+0700] {dagbag.py:545} INFO - Filling up the DagBag from /home/menglim/airflow_venv/lib/python3.12/site-packages/airflow/example_dags/example_skip_dag.py
[2025-07-18T09:20:59.963+0700] {processor.py:840} INFO - DAG(s) 'example_skip_dag' retrieved from /home/menglim/airflow_venv/lib/python3.12/site-packages/airflow/example_dags/example_skip_dag.py
[2025-07-18T09:20:59.974+0700] {logging_mixin.py:188} INFO - [2025-07-18T09:20:59.974+0700] {dag.py:3096} INFO - Sync 1 DAGs
[2025-07-18T09:20:59.985+0700] {logging_mixin.py:188} INFO - [2025-07-18T09:20:59.985+0700] {dag.py:3954} INFO - Setting next_dagrun for example_skip_dag to 2025-07-17 00:00:00+00:00, run_after=2025-07-18 00:00:00+00:00
[2025-07-18T09:21:00.006+0700] {processor.py:183} INFO - Processing /home/menglim/airflow_venv/lib/python3.12/site-packages/airflow/example_dags/example_skip_dag.py took 0.054 seconds
[2025-07-18T09:21:45.505+0700] {processor.py:161} INFO - Started process (PID=6427) to work on /home/menglim/airflow_venv/lib/python3.12/site-packages/airflow/example_dags/example_skip_dag.py
[2025-07-18T09:21:45.508+0700] {processor.py:830} INFO - Processing file /home/menglim/airflow_venv/lib/python3.12/site-packages/airflow/example_dags/example_skip_dag.py for tasks to queue
[2025-07-18T09:21:45.508+0700] {logging_mixin.py:188} INFO - [2025-07-18T09:21:45.508+0700] {dagbag.py:545} INFO - Filling up the DagBag from /home/menglim/airflow_venv/lib/python3.12/site-packages/airflow/example_dags/example_skip_dag.py
[2025-07-18T09:21:45.513+0700] {processor.py:840} INFO - DAG(s) 'example_skip_dag' retrieved from /home/menglim/airflow_venv/lib/python3.12/site-packages/airflow/example_dags/example_skip_dag.py
[2025-07-18T09:21:45.523+0700] {logging_mixin.py:188} INFO - [2025-07-18T09:21:45.523+0700] {dag.py:3096} INFO - Sync 1 DAGs
[2025-07-18T09:21:45.533+0700] {logging_mixin.py:188} INFO - [2025-07-18T09:21:45.533+0700] {dag.py:3954} INFO - Setting next_dagrun for example_skip_dag to 2025-07-17 00:00:00+00:00, run_after=2025-07-18 00:00:00+00:00
[2025-07-18T09:21:45.553+0700] {processor.py:183} INFO - Processing /home/menglim/airflow_venv/lib/python3.12/site-packages/airflow/example_dags/example_skip_dag.py took 0.051 seconds
[2025-07-18T09:22:39.153+0700] {processor.py:161} INFO - Started process (PID=6605) to work on /home/menglim/airflow_venv/lib/python3.12/site-packages/airflow/example_dags/example_skip_dag.py
[2025-07-18T09:22:39.156+0700] {processor.py:830} INFO - Processing file /home/menglim/airflow_venv/lib/python3.12/site-packages/airflow/example_dags/example_skip_dag.py for tasks to queue
[2025-07-18T09:22:39.156+0700] {logging_mixin.py:188} INFO - [2025-07-18T09:22:39.156+0700] {dagbag.py:545} INFO - Filling up the DagBag from /home/menglim/airflow_venv/lib/python3.12/site-packages/airflow/example_dags/example_skip_dag.py
[2025-07-18T09:22:39.161+0700] {processor.py:840} INFO - DAG(s) 'example_skip_dag' retrieved from /home/menglim/airflow_venv/lib/python3.12/site-packages/airflow/example_dags/example_skip_dag.py
[2025-07-18T09:22:39.170+0700] {logging_mixin.py:188} INFO - [2025-07-18T09:22:39.170+0700] {dag.py:3096} INFO - Sync 1 DAGs
[2025-07-18T09:22:39.181+0700] {logging_mixin.py:188} INFO - [2025-07-18T09:22:39.181+0700] {dag.py:3954} INFO - Setting next_dagrun for example_skip_dag to 2025-07-17 00:00:00+00:00, run_after=2025-07-18 00:00:00+00:00
[2025-07-18T09:22:39.205+0700] {processor.py:183} INFO - Processing /home/menglim/airflow_venv/lib/python3.12/site-packages/airflow/example_dags/example_skip_dag.py took 0.055 seconds
[2025-07-18T09:23:47.666+0700] {processor.py:161} INFO - Started process (PID=6765) to work on /home/menglim/airflow_venv/lib/python3.12/site-packages/airflow/example_dags/example_skip_dag.py
[2025-07-18T09:23:47.669+0700] {processor.py:830} INFO - Processing file /home/menglim/airflow_venv/lib/python3.12/site-packages/airflow/example_dags/example_skip_dag.py for tasks to queue
[2025-07-18T09:23:47.669+0700] {logging_mixin.py:188} INFO - [2025-07-18T09:23:47.669+0700] {dagbag.py:545} INFO - Filling up the DagBag from /home/menglim/airflow_venv/lib/python3.12/site-packages/airflow/example_dags/example_skip_dag.py
[2025-07-18T09:23:47.674+0700] {processor.py:840} INFO - DAG(s) 'example_skip_dag' retrieved from /home/menglim/airflow_venv/lib/python3.12/site-packages/airflow/example_dags/example_skip_dag.py
[2025-07-18T09:23:47.683+0700] {logging_mixin.py:188} INFO - [2025-07-18T09:23:47.683+0700] {dag.py:3096} INFO - Sync 1 DAGs
[2025-07-18T09:23:47.693+0700] {logging_mixin.py:188} INFO - [2025-07-18T09:23:47.693+0700] {dag.py:3954} INFO - Setting next_dagrun for example_skip_dag to 2025-07-17 00:00:00+00:00, run_after=2025-07-18 00:00:00+00:00
[2025-07-18T09:23:47.714+0700] {processor.py:183} INFO - Processing /home/menglim/airflow_venv/lib/python3.12/site-packages/airflow/example_dags/example_skip_dag.py took 0.052 seconds
[2025-07-18T09:24:57.146+0700] {processor.py:161} INFO - Started process (PID=6961) to work on /home/menglim/airflow_venv/lib/python3.12/site-packages/airflow/example_dags/example_skip_dag.py
[2025-07-18T09:24:57.148+0700] {processor.py:830} INFO - Processing file /home/menglim/airflow_venv/lib/python3.12/site-packages/airflow/example_dags/example_skip_dag.py for tasks to queue
[2025-07-18T09:24:57.149+0700] {logging_mixin.py:188} INFO - [2025-07-18T09:24:57.148+0700] {dagbag.py:545} INFO - Filling up the DagBag from /home/menglim/airflow_venv/lib/python3.12/site-packages/airflow/example_dags/example_skip_dag.py
[2025-07-18T09:24:57.153+0700] {processor.py:840} INFO - DAG(s) 'example_skip_dag' retrieved from /home/menglim/airflow_venv/lib/python3.12/site-packages/airflow/example_dags/example_skip_dag.py
[2025-07-18T09:24:57.162+0700] {logging_mixin.py:188} INFO - [2025-07-18T09:24:57.162+0700] {dag.py:3096} INFO - Sync 1 DAGs
[2025-07-18T09:24:57.172+0700] {logging_mixin.py:188} INFO - [2025-07-18T09:24:57.172+0700] {dag.py:3954} INFO - Setting next_dagrun for example_skip_dag to 2025-07-17 00:00:00+00:00, run_after=2025-07-18 00:00:00+00:00
[2025-07-18T09:24:57.193+0700] {processor.py:183} INFO - Processing /home/menglim/airflow_venv/lib/python3.12/site-packages/airflow/example_dags/example_skip_dag.py took 0.051 seconds
[2025-07-18T09:26:02.392+0700] {processor.py:161} INFO - Started process (PID=7135) to work on /home/menglim/airflow_venv/lib/python3.12/site-packages/airflow/example_dags/example_skip_dag.py
[2025-07-18T09:26:02.395+0700] {processor.py:830} INFO - Processing file /home/menglim/airflow_venv/lib/python3.12/site-packages/airflow/example_dags/example_skip_dag.py for tasks to queue
[2025-07-18T09:26:02.395+0700] {logging_mixin.py:188} INFO - [2025-07-18T09:26:02.395+0700] {dagbag.py:545} INFO - Filling up the DagBag from /home/menglim/airflow_venv/lib/python3.12/site-packages/airflow/example_dags/example_skip_dag.py
[2025-07-18T09:26:02.399+0700] {processor.py:840} INFO - DAG(s) 'example_skip_dag' retrieved from /home/menglim/airflow_venv/lib/python3.12/site-packages/airflow/example_dags/example_skip_dag.py
[2025-07-18T09:26:02.409+0700] {logging_mixin.py:188} INFO - [2025-07-18T09:26:02.409+0700] {dag.py:3096} INFO - Sync 1 DAGs
[2025-07-18T09:26:02.418+0700] {logging_mixin.py:188} INFO - [2025-07-18T09:26:02.418+0700] {dag.py:3954} INFO - Setting next_dagrun for example_skip_dag to 2025-07-17 00:00:00+00:00, run_after=2025-07-18 00:00:00+00:00
[2025-07-18T09:26:02.441+0700] {processor.py:183} INFO - Processing /home/menglim/airflow_venv/lib/python3.12/site-packages/airflow/example_dags/example_skip_dag.py took 0.052 seconds
[2025-07-18T09:27:01.523+0700] {processor.py:161} INFO - Started process (PID=7271) to work on /home/menglim/airflow_venv/lib/python3.12/site-packages/airflow/example_dags/example_skip_dag.py
[2025-07-18T09:27:01.526+0700] {processor.py:830} INFO - Processing file /home/menglim/airflow_venv/lib/python3.12/site-packages/airflow/example_dags/example_skip_dag.py for tasks to queue
[2025-07-18T09:27:01.526+0700] {logging_mixin.py:188} INFO - [2025-07-18T09:27:01.526+0700] {dagbag.py:545} INFO - Filling up the DagBag from /home/menglim/airflow_venv/lib/python3.12/site-packages/airflow/example_dags/example_skip_dag.py
[2025-07-18T09:27:01.531+0700] {processor.py:840} INFO - DAG(s) 'example_skip_dag' retrieved from /home/menglim/airflow_venv/lib/python3.12/site-packages/airflow/example_dags/example_skip_dag.py
[2025-07-18T09:27:01.540+0700] {logging_mixin.py:188} INFO - [2025-07-18T09:27:01.540+0700] {dag.py:3096} INFO - Sync 1 DAGs
[2025-07-18T09:27:01.550+0700] {logging_mixin.py:188} INFO - [2025-07-18T09:27:01.550+0700] {dag.py:3954} INFO - Setting next_dagrun for example_skip_dag to 2025-07-17 00:00:00+00:00, run_after=2025-07-18 00:00:00+00:00
[2025-07-18T09:27:01.571+0700] {processor.py:183} INFO - Processing /home/menglim/airflow_venv/lib/python3.12/site-packages/airflow/example_dags/example_skip_dag.py took 0.050 seconds
[2025-07-18T09:28:19.256+0700] {processor.py:161} INFO - Started process (PID=7379) to work on /home/menglim/airflow_venv/lib/python3.12/site-packages/airflow/example_dags/example_skip_dag.py
[2025-07-18T09:28:19.258+0700] {processor.py:830} INFO - Processing file /home/menglim/airflow_venv/lib/python3.12/site-packages/airflow/example_dags/example_skip_dag.py for tasks to queue
[2025-07-18T09:28:19.259+0700] {logging_mixin.py:188} INFO - [2025-07-18T09:28:19.258+0700] {dagbag.py:545} INFO - Filling up the DagBag from /home/menglim/airflow_venv/lib/python3.12/site-packages/airflow/example_dags/example_skip_dag.py
[2025-07-18T09:28:19.263+0700] {processor.py:840} INFO - DAG(s) 'example_skip_dag' retrieved from /home/menglim/airflow_venv/lib/python3.12/site-packages/airflow/example_dags/example_skip_dag.py
[2025-07-18T09:28:19.273+0700] {logging_mixin.py:188} INFO - [2025-07-18T09:28:19.273+0700] {dag.py:3096} INFO - Sync 1 DAGs
[2025-07-18T09:28:19.285+0700] {logging_mixin.py:188} INFO - [2025-07-18T09:28:19.284+0700] {dag.py:3954} INFO - Setting next_dagrun for example_skip_dag to 2025-07-17 00:00:00+00:00, run_after=2025-07-18 00:00:00+00:00
[2025-07-18T09:28:19.305+0700] {processor.py:183} INFO - Processing /home/menglim/airflow_venv/lib/python3.12/site-packages/airflow/example_dags/example_skip_dag.py took 0.053 seconds
[2025-07-18T09:29:11.364+0700] {processor.py:161} INFO - Started process (PID=7466) to work on /home/menglim/airflow_venv/lib/python3.12/site-packages/airflow/example_dags/example_skip_dag.py
[2025-07-18T09:29:11.367+0700] {processor.py:830} INFO - Processing file /home/menglim/airflow_venv/lib/python3.12/site-packages/airflow/example_dags/example_skip_dag.py for tasks to queue
[2025-07-18T09:29:11.367+0700] {logging_mixin.py:188} INFO - [2025-07-18T09:29:11.367+0700] {dagbag.py:545} INFO - Filling up the DagBag from /home/menglim/airflow_venv/lib/python3.12/site-packages/airflow/example_dags/example_skip_dag.py
[2025-07-18T09:29:11.371+0700] {processor.py:840} INFO - DAG(s) 'example_skip_dag' retrieved from /home/menglim/airflow_venv/lib/python3.12/site-packages/airflow/example_dags/example_skip_dag.py
[2025-07-18T09:29:11.380+0700] {logging_mixin.py:188} INFO - [2025-07-18T09:29:11.380+0700] {dag.py:3096} INFO - Sync 1 DAGs
[2025-07-18T09:29:11.390+0700] {logging_mixin.py:188} INFO - [2025-07-18T09:29:11.390+0700] {dag.py:3954} INFO - Setting next_dagrun for example_skip_dag to 2025-07-17 00:00:00+00:00, run_after=2025-07-18 00:00:00+00:00
[2025-07-18T09:29:11.412+0700] {processor.py:183} INFO - Processing /home/menglim/airflow_venv/lib/python3.12/site-packages/airflow/example_dags/example_skip_dag.py took 0.052 seconds
[2025-07-18T09:30:03.481+0700] {processor.py:161} INFO - Started process (PID=7563) to work on /home/menglim/airflow_venv/lib/python3.12/site-packages/airflow/example_dags/example_skip_dag.py
[2025-07-18T09:30:03.484+0700] {processor.py:830} INFO - Processing file /home/menglim/airflow_venv/lib/python3.12/site-packages/airflow/example_dags/example_skip_dag.py for tasks to queue
[2025-07-18T09:30:03.484+0700] {logging_mixin.py:188} INFO - [2025-07-18T09:30:03.484+0700] {dagbag.py:545} INFO - Filling up the DagBag from /home/menglim/airflow_venv/lib/python3.12/site-packages/airflow/example_dags/example_skip_dag.py
[2025-07-18T09:30:03.488+0700] {processor.py:840} INFO - DAG(s) 'example_skip_dag' retrieved from /home/menglim/airflow_venv/lib/python3.12/site-packages/airflow/example_dags/example_skip_dag.py
[2025-07-18T09:30:03.497+0700] {logging_mixin.py:188} INFO - [2025-07-18T09:30:03.497+0700] {dag.py:3096} INFO - Sync 1 DAGs
[2025-07-18T09:30:03.507+0700] {logging_mixin.py:188} INFO - [2025-07-18T09:30:03.507+0700] {dag.py:3954} INFO - Setting next_dagrun for example_skip_dag to 2025-07-17 00:00:00+00:00, run_after=2025-07-18 00:00:00+00:00
[2025-07-18T09:30:03.528+0700] {processor.py:183} INFO - Processing /home/menglim/airflow_venv/lib/python3.12/site-packages/airflow/example_dags/example_skip_dag.py took 0.050 seconds
[2025-07-18T09:30:50.322+0700] {processor.py:161} INFO - Started process (PID=7640) to work on /home/menglim/airflow_venv/lib/python3.12/site-packages/airflow/example_dags/example_skip_dag.py
[2025-07-18T09:30:50.323+0700] {processor.py:830} INFO - Processing file /home/menglim/airflow_venv/lib/python3.12/site-packages/airflow/example_dags/example_skip_dag.py for tasks to queue
[2025-07-18T09:30:50.323+0700] {logging_mixin.py:188} INFO - [2025-07-18T09:30:50.323+0700] {dagbag.py:545} INFO - Filling up the DagBag from /home/menglim/airflow_venv/lib/python3.12/site-packages/airflow/example_dags/example_skip_dag.py
[2025-07-18T09:30:50.328+0700] {processor.py:840} INFO - DAG(s) 'example_skip_dag' retrieved from /home/menglim/airflow_venv/lib/python3.12/site-packages/airflow/example_dags/example_skip_dag.py
[2025-07-18T09:30:50.339+0700] {logging_mixin.py:188} INFO - [2025-07-18T09:30:50.339+0700] {dag.py:3096} INFO - Sync 1 DAGs
[2025-07-18T09:30:50.350+0700] {logging_mixin.py:188} INFO - [2025-07-18T09:30:50.350+0700] {dag.py:3954} INFO - Setting next_dagrun for example_skip_dag to 2025-07-17 00:00:00+00:00, run_after=2025-07-18 00:00:00+00:00
[2025-07-18T09:30:50.371+0700] {processor.py:183} INFO - Processing /home/menglim/airflow_venv/lib/python3.12/site-packages/airflow/example_dags/example_skip_dag.py took 0.053 seconds
[2025-07-18T09:31:38.035+0700] {processor.py:161} INFO - Started process (PID=7716) to work on /home/menglim/airflow_venv/lib/python3.12/site-packages/airflow/example_dags/example_skip_dag.py
[2025-07-18T09:31:38.036+0700] {processor.py:830} INFO - Processing file /home/menglim/airflow_venv/lib/python3.12/site-packages/airflow/example_dags/example_skip_dag.py for tasks to queue
[2025-07-18T09:31:38.036+0700] {logging_mixin.py:188} INFO - [2025-07-18T09:31:38.036+0700] {dagbag.py:545} INFO - Filling up the DagBag from /home/menglim/airflow_venv/lib/python3.12/site-packages/airflow/example_dags/example_skip_dag.py
[2025-07-18T09:31:38.040+0700] {processor.py:840} INFO - DAG(s) 'example_skip_dag' retrieved from /home/menglim/airflow_venv/lib/python3.12/site-packages/airflow/example_dags/example_skip_dag.py
[2025-07-18T09:31:38.049+0700] {logging_mixin.py:188} INFO - [2025-07-18T09:31:38.049+0700] {dag.py:3096} INFO - Sync 1 DAGs
[2025-07-18T09:31:38.059+0700] {logging_mixin.py:188} INFO - [2025-07-18T09:31:38.059+0700] {dag.py:3954} INFO - Setting next_dagrun for example_skip_dag to 2025-07-17 00:00:00+00:00, run_after=2025-07-18 00:00:00+00:00
[2025-07-18T09:31:38.080+0700] {processor.py:183} INFO - Processing /home/menglim/airflow_venv/lib/python3.12/site-packages/airflow/example_dags/example_skip_dag.py took 0.049 seconds
[2025-07-18T09:32:33.342+0700] {processor.py:161} INFO - Started process (PID=7799) to work on /home/menglim/airflow_venv/lib/python3.12/site-packages/airflow/example_dags/example_skip_dag.py
[2025-07-18T09:32:33.344+0700] {processor.py:830} INFO - Processing file /home/menglim/airflow_venv/lib/python3.12/site-packages/airflow/example_dags/example_skip_dag.py for tasks to queue
[2025-07-18T09:32:33.345+0700] {logging_mixin.py:188} INFO - [2025-07-18T09:32:33.345+0700] {dagbag.py:545} INFO - Filling up the DagBag from /home/menglim/airflow_venv/lib/python3.12/site-packages/airflow/example_dags/example_skip_dag.py
[2025-07-18T09:32:33.349+0700] {processor.py:840} INFO - DAG(s) 'example_skip_dag' retrieved from /home/menglim/airflow_venv/lib/python3.12/site-packages/airflow/example_dags/example_skip_dag.py
[2025-07-18T09:32:33.358+0700] {logging_mixin.py:188} INFO - [2025-07-18T09:32:33.358+0700] {dag.py:3096} INFO - Sync 1 DAGs
[2025-07-18T09:32:33.368+0700] {logging_mixin.py:188} INFO - [2025-07-18T09:32:33.368+0700] {dag.py:3954} INFO - Setting next_dagrun for example_skip_dag to 2025-07-17 00:00:00+00:00, run_after=2025-07-18 00:00:00+00:00
[2025-07-18T09:32:33.388+0700] {processor.py:183} INFO - Processing /home/menglim/airflow_venv/lib/python3.12/site-packages/airflow/example_dags/example_skip_dag.py took 0.050 seconds
[2025-07-18T09:33:20.924+0700] {processor.py:161} INFO - Started process (PID=7878) to work on /home/menglim/airflow_venv/lib/python3.12/site-packages/airflow/example_dags/example_skip_dag.py
[2025-07-18T09:33:20.926+0700] {processor.py:830} INFO - Processing file /home/menglim/airflow_venv/lib/python3.12/site-packages/airflow/example_dags/example_skip_dag.py for tasks to queue
[2025-07-18T09:33:20.927+0700] {logging_mixin.py:188} INFO - [2025-07-18T09:33:20.926+0700] {dagbag.py:545} INFO - Filling up the DagBag from /home/menglim/airflow_venv/lib/python3.12/site-packages/airflow/example_dags/example_skip_dag.py
[2025-07-18T09:33:20.931+0700] {processor.py:840} INFO - DAG(s) 'example_skip_dag' retrieved from /home/menglim/airflow_venv/lib/python3.12/site-packages/airflow/example_dags/example_skip_dag.py
[2025-07-18T09:33:20.942+0700] {logging_mixin.py:188} INFO - [2025-07-18T09:33:20.941+0700] {dag.py:3096} INFO - Sync 1 DAGs
[2025-07-18T09:33:20.952+0700] {logging_mixin.py:188} INFO - [2025-07-18T09:33:20.952+0700] {dag.py:3954} INFO - Setting next_dagrun for example_skip_dag to 2025-07-17 00:00:00+00:00, run_after=2025-07-18 00:00:00+00:00
[2025-07-18T09:33:20.973+0700] {processor.py:183} INFO - Processing /home/menglim/airflow_venv/lib/python3.12/site-packages/airflow/example_dags/example_skip_dag.py took 0.053 seconds
[2025-07-18T09:34:14.465+0700] {processor.py:161} INFO - Started process (PID=8025) to work on /home/menglim/airflow_venv/lib/python3.12/site-packages/airflow/example_dags/example_skip_dag.py
[2025-07-18T09:34:14.468+0700] {processor.py:830} INFO - Processing file /home/menglim/airflow_venv/lib/python3.12/site-packages/airflow/example_dags/example_skip_dag.py for tasks to queue
[2025-07-18T09:34:14.469+0700] {logging_mixin.py:188} INFO - [2025-07-18T09:34:14.468+0700] {dagbag.py:545} INFO - Filling up the DagBag from /home/menglim/airflow_venv/lib/python3.12/site-packages/airflow/example_dags/example_skip_dag.py
[2025-07-18T09:34:14.473+0700] {processor.py:840} INFO - DAG(s) 'example_skip_dag' retrieved from /home/menglim/airflow_venv/lib/python3.12/site-packages/airflow/example_dags/example_skip_dag.py
[2025-07-18T09:34:14.484+0700] {logging_mixin.py:188} INFO - [2025-07-18T09:34:14.484+0700] {dag.py:3096} INFO - Sync 1 DAGs
[2025-07-18T09:34:14.499+0700] {logging_mixin.py:188} INFO - [2025-07-18T09:34:14.499+0700] {dag.py:3954} INFO - Setting next_dagrun for example_skip_dag to 2025-07-17 00:00:00+00:00, run_after=2025-07-18 00:00:00+00:00
[2025-07-18T09:34:14.541+0700] {processor.py:183} INFO - Processing /home/menglim/airflow_venv/lib/python3.12/site-packages/airflow/example_dags/example_skip_dag.py took 0.079 seconds
[2025-07-18T09:35:03.731+0700] {processor.py:161} INFO - Started process (PID=8113) to work on /home/menglim/airflow_venv/lib/python3.12/site-packages/airflow/example_dags/example_skip_dag.py
[2025-07-18T09:35:03.734+0700] {processor.py:830} INFO - Processing file /home/menglim/airflow_venv/lib/python3.12/site-packages/airflow/example_dags/example_skip_dag.py for tasks to queue
[2025-07-18T09:35:03.734+0700] {logging_mixin.py:188} INFO - [2025-07-18T09:35:03.734+0700] {dagbag.py:545} INFO - Filling up the DagBag from /home/menglim/airflow_venv/lib/python3.12/site-packages/airflow/example_dags/example_skip_dag.py
[2025-07-18T09:35:03.738+0700] {processor.py:840} INFO - DAG(s) 'example_skip_dag' retrieved from /home/menglim/airflow_venv/lib/python3.12/site-packages/airflow/example_dags/example_skip_dag.py
[2025-07-18T09:35:03.747+0700] {logging_mixin.py:188} INFO - [2025-07-18T09:35:03.747+0700] {dag.py:3096} INFO - Sync 1 DAGs
[2025-07-18T09:35:03.758+0700] {logging_mixin.py:188} INFO - [2025-07-18T09:35:03.757+0700] {dag.py:3954} INFO - Setting next_dagrun for example_skip_dag to 2025-07-17 00:00:00+00:00, run_after=2025-07-18 00:00:00+00:00
[2025-07-18T09:35:03.779+0700] {processor.py:183} INFO - Processing /home/menglim/airflow_venv/lib/python3.12/site-packages/airflow/example_dags/example_skip_dag.py took 0.051 seconds
[2025-07-18T09:35:58.752+0700] {processor.py:161} INFO - Started process (PID=8204) to work on /home/menglim/airflow_venv/lib/python3.12/site-packages/airflow/example_dags/example_skip_dag.py
[2025-07-18T09:35:58.756+0700] {processor.py:830} INFO - Processing file /home/menglim/airflow_venv/lib/python3.12/site-packages/airflow/example_dags/example_skip_dag.py for tasks to queue
[2025-07-18T09:35:58.757+0700] {logging_mixin.py:188} INFO - [2025-07-18T09:35:58.757+0700] {dagbag.py:545} INFO - Filling up the DagBag from /home/menglim/airflow_venv/lib/python3.12/site-packages/airflow/example_dags/example_skip_dag.py
[2025-07-18T09:35:58.766+0700] {processor.py:840} INFO - DAG(s) 'example_skip_dag' retrieved from /home/menglim/airflow_venv/lib/python3.12/site-packages/airflow/example_dags/example_skip_dag.py
[2025-07-18T09:35:58.786+0700] {logging_mixin.py:188} INFO - [2025-07-18T09:35:58.786+0700] {dag.py:3096} INFO - Sync 1 DAGs
[2025-07-18T09:35:58.807+0700] {logging_mixin.py:188} INFO - [2025-07-18T09:35:58.807+0700] {dag.py:3954} INFO - Setting next_dagrun for example_skip_dag to 2025-07-17 00:00:00+00:00, run_after=2025-07-18 00:00:00+00:00
[2025-07-18T09:35:58.828+0700] {processor.py:183} INFO - Processing /home/menglim/airflow_venv/lib/python3.12/site-packages/airflow/example_dags/example_skip_dag.py took 0.090 seconds
[2025-07-18T09:36:53.542+0700] {processor.py:161} INFO - Started process (PID=8293) to work on /home/menglim/airflow_venv/lib/python3.12/site-packages/airflow/example_dags/example_skip_dag.py
[2025-07-18T09:36:53.543+0700] {processor.py:830} INFO - Processing file /home/menglim/airflow_venv/lib/python3.12/site-packages/airflow/example_dags/example_skip_dag.py for tasks to queue
[2025-07-18T09:36:53.544+0700] {logging_mixin.py:188} INFO - [2025-07-18T09:36:53.543+0700] {dagbag.py:545} INFO - Filling up the DagBag from /home/menglim/airflow_venv/lib/python3.12/site-packages/airflow/example_dags/example_skip_dag.py
[2025-07-18T09:36:53.560+0700] {processor.py:840} INFO - DAG(s) 'example_skip_dag' retrieved from /home/menglim/airflow_venv/lib/python3.12/site-packages/airflow/example_dags/example_skip_dag.py
[2025-07-18T09:36:53.598+0700] {logging_mixin.py:188} INFO - [2025-07-18T09:36:53.598+0700] {dag.py:3096} INFO - Sync 1 DAGs
[2025-07-18T09:36:53.635+0700] {logging_mixin.py:188} INFO - [2025-07-18T09:36:53.633+0700] {dag.py:3954} INFO - Setting next_dagrun for example_skip_dag to 2025-07-17 00:00:00+00:00, run_after=2025-07-18 00:00:00+00:00
[2025-07-18T09:36:53.698+0700] {processor.py:183} INFO - Processing /home/menglim/airflow_venv/lib/python3.12/site-packages/airflow/example_dags/example_skip_dag.py took 0.160 seconds
