[2025-07-18T09:00:07.754+0700] {processor.py:161} INFO - Started process (PID=2977) to work on /home/menglim/airflow_venv/lib/python3.12/site-packages/airflow/example_dags/example_short_circuit_decorator.py
[2025-07-18T09:00:07.755+0700] {processor.py:830} INFO - Processing file /home/menglim/airflow_venv/lib/python3.12/site-packages/airflow/example_dags/example_short_circuit_decorator.py for tasks to queue
[2025-07-18T09:00:07.756+0700] {logging_mixin.py:188} INFO - [2025-07-18T09:00:07.756+0700] {dagbag.py:545} INFO - Filling up the DagBag from /home/menglim/airflow_venv/lib/python3.12/site-packages/airflow/example_dags/example_short_circuit_decorator.py
[2025-07-18T09:00:07.762+0700] {processor.py:840} INFO - DAG(s) 'example_short_circuit_decorator' retrieved from /home/menglim/airflow_venv/lib/python3.12/site-packages/airflow/example_dags/example_short_circuit_decorator.py
[2025-07-18T09:00:07.766+0700] {logging_mixin.py:188} INFO - [2025-07-18T09:00:07.766+0700] {dag.py:3096} INFO - Sync 1 DAGs
[2025-07-18T09:00:07.777+0700] {logging_mixin.py:188} INFO - [2025-07-18T09:00:07.777+0700] {dag.py:3954} INFO - Setting next_dagrun for example_short_circuit_decorator to 2025-07-17 00:00:00+00:00, run_after=2025-07-18 00:00:00+00:00
[2025-07-18T09:00:07.796+0700] {processor.py:183} INFO - Processing /home/menglim/airflow_venv/lib/python3.12/site-packages/airflow/example_dags/example_short_circuit_decorator.py took 0.045 seconds
[2025-07-18T09:01:00.785+0700] {processor.py:161} INFO - Started process (PID=3313) to work on /home/menglim/airflow_venv/lib/python3.12/site-packages/airflow/example_dags/example_short_circuit_decorator.py
[2025-07-18T09:01:00.787+0700] {processor.py:830} INFO - Processing file /home/menglim/airflow_venv/lib/python3.12/site-packages/airflow/example_dags/example_short_circuit_decorator.py for tasks to queue
[2025-07-18T09:01:00.788+0700] {logging_mixin.py:188} INFO - [2025-07-18T09:01:00.788+0700] {dagbag.py:545} INFO - Filling up the DagBag from /home/menglim/airflow_venv/lib/python3.12/site-packages/airflow/example_dags/example_short_circuit_decorator.py
[2025-07-18T09:01:00.794+0700] {processor.py:840} INFO - DAG(s) 'example_short_circuit_decorator' retrieved from /home/menglim/airflow_venv/lib/python3.12/site-packages/airflow/example_dags/example_short_circuit_decorator.py
[2025-07-18T09:01:00.842+0700] {logging_mixin.py:188} INFO - [2025-07-18T09:01:00.842+0700] {dag.py:3096} INFO - Sync 1 DAGs
[2025-07-18T09:01:00.851+0700] {logging_mixin.py:188} INFO - [2025-07-18T09:01:00.850+0700] {dag.py:3954} INFO - Setting next_dagrun for example_short_circuit_decorator to 2025-07-17 00:00:00+00:00, run_after=2025-07-18 00:00:00+00:00
[2025-07-18T09:01:00.875+0700] {processor.py:183} INFO - Processing /home/menglim/airflow_venv/lib/python3.12/site-packages/airflow/example_dags/example_short_circuit_decorator.py took 0.093 seconds
[2025-07-18T09:01:49.915+0700] {processor.py:161} INFO - Started process (PID=3396) to work on /home/menglim/airflow_venv/lib/python3.12/site-packages/airflow/example_dags/example_short_circuit_decorator.py
[2025-07-18T09:01:49.918+0700] {processor.py:830} INFO - Processing file /home/menglim/airflow_venv/lib/python3.12/site-packages/airflow/example_dags/example_short_circuit_decorator.py for tasks to queue
[2025-07-18T09:01:49.919+0700] {logging_mixin.py:188} INFO - [2025-07-18T09:01:49.919+0700] {dagbag.py:545} INFO - Filling up the DagBag from /home/menglim/airflow_venv/lib/python3.12/site-packages/airflow/example_dags/example_short_circuit_decorator.py
[2025-07-18T09:01:49.925+0700] {processor.py:840} INFO - DAG(s) 'example_short_circuit_decorator' retrieved from /home/menglim/airflow_venv/lib/python3.12/site-packages/airflow/example_dags/example_short_circuit_decorator.py
[2025-07-18T09:01:49.936+0700] {logging_mixin.py:188} INFO - [2025-07-18T09:01:49.936+0700] {dag.py:3096} INFO - Sync 1 DAGs
[2025-07-18T09:01:49.947+0700] {logging_mixin.py:188} INFO - [2025-07-18T09:01:49.947+0700] {dag.py:3954} INFO - Setting next_dagrun for example_short_circuit_decorator to 2025-07-17 00:00:00+00:00, run_after=2025-07-18 00:00:00+00:00
[2025-07-18T09:01:49.969+0700] {processor.py:183} INFO - Processing /home/menglim/airflow_venv/lib/python3.12/site-packages/airflow/example_dags/example_short_circuit_decorator.py took 0.057 seconds
[2025-07-18T09:02:54.585+0700] {processor.py:161} INFO - Started process (PID=3589) to work on /home/menglim/airflow_venv/lib/python3.12/site-packages/airflow/example_dags/example_short_circuit_decorator.py
[2025-07-18T09:02:54.586+0700] {processor.py:830} INFO - Processing file /home/menglim/airflow_venv/lib/python3.12/site-packages/airflow/example_dags/example_short_circuit_decorator.py for tasks to queue
[2025-07-18T09:02:54.587+0700] {logging_mixin.py:188} INFO - [2025-07-18T09:02:54.587+0700] {dagbag.py:545} INFO - Filling up the DagBag from /home/menglim/airflow_venv/lib/python3.12/site-packages/airflow/example_dags/example_short_circuit_decorator.py
[2025-07-18T09:02:54.592+0700] {processor.py:840} INFO - DAG(s) 'example_short_circuit_decorator' retrieved from /home/menglim/airflow_venv/lib/python3.12/site-packages/airflow/example_dags/example_short_circuit_decorator.py
[2025-07-18T09:02:54.602+0700] {logging_mixin.py:188} INFO - [2025-07-18T09:02:54.602+0700] {dag.py:3096} INFO - Sync 1 DAGs
[2025-07-18T09:02:54.613+0700] {logging_mixin.py:188} INFO - [2025-07-18T09:02:54.612+0700] {dag.py:3954} INFO - Setting next_dagrun for example_short_circuit_decorator to 2025-07-17 00:00:00+00:00, run_after=2025-07-18 00:00:00+00:00
[2025-07-18T09:02:54.633+0700] {processor.py:183} INFO - Processing /home/menglim/airflow_venv/lib/python3.12/site-packages/airflow/example_dags/example_short_circuit_decorator.py took 0.051 seconds
[2025-07-18T09:03:49.278+0700] {processor.py:161} INFO - Started process (PID=3672) to work on /home/menglim/airflow_venv/lib/python3.12/site-packages/airflow/example_dags/example_short_circuit_decorator.py
[2025-07-18T09:03:49.282+0700] {processor.py:830} INFO - Processing file /home/menglim/airflow_venv/lib/python3.12/site-packages/airflow/example_dags/example_short_circuit_decorator.py for tasks to queue
[2025-07-18T09:03:49.283+0700] {logging_mixin.py:188} INFO - [2025-07-18T09:03:49.283+0700] {dagbag.py:545} INFO - Filling up the DagBag from /home/menglim/airflow_venv/lib/python3.12/site-packages/airflow/example_dags/example_short_circuit_decorator.py
[2025-07-18T09:03:49.289+0700] {processor.py:840} INFO - DAG(s) 'example_short_circuit_decorator' retrieved from /home/menglim/airflow_venv/lib/python3.12/site-packages/airflow/example_dags/example_short_circuit_decorator.py
[2025-07-18T09:03:49.302+0700] {logging_mixin.py:188} INFO - [2025-07-18T09:03:49.302+0700] {dag.py:3096} INFO - Sync 1 DAGs
[2025-07-18T09:03:49.314+0700] {logging_mixin.py:188} INFO - [2025-07-18T09:03:49.314+0700] {dag.py:3954} INFO - Setting next_dagrun for example_short_circuit_decorator to 2025-07-17 00:00:00+00:00, run_after=2025-07-18 00:00:00+00:00
[2025-07-18T09:03:49.336+0700] {processor.py:183} INFO - Processing /home/menglim/airflow_venv/lib/python3.12/site-packages/airflow/example_dags/example_short_circuit_decorator.py took 0.061 seconds
[2025-07-18T09:04:44.183+0700] {processor.py:161} INFO - Started process (PID=3792) to work on /home/menglim/airflow_venv/lib/python3.12/site-packages/airflow/example_dags/example_short_circuit_decorator.py
[2025-07-18T09:04:44.184+0700] {processor.py:830} INFO - Processing file /home/menglim/airflow_venv/lib/python3.12/site-packages/airflow/example_dags/example_short_circuit_decorator.py for tasks to queue
[2025-07-18T09:04:44.185+0700] {logging_mixin.py:188} INFO - [2025-07-18T09:04:44.185+0700] {dagbag.py:545} INFO - Filling up the DagBag from /home/menglim/airflow_venv/lib/python3.12/site-packages/airflow/example_dags/example_short_circuit_decorator.py
[2025-07-18T09:04:44.192+0700] {processor.py:840} INFO - DAG(s) 'example_short_circuit_decorator' retrieved from /home/menglim/airflow_venv/lib/python3.12/site-packages/airflow/example_dags/example_short_circuit_decorator.py
[2025-07-18T09:04:44.208+0700] {logging_mixin.py:188} INFO - [2025-07-18T09:04:44.208+0700] {dag.py:3096} INFO - Sync 1 DAGs
[2025-07-18T09:04:44.222+0700] {logging_mixin.py:188} INFO - [2025-07-18T09:04:44.222+0700] {dag.py:3954} INFO - Setting next_dagrun for example_short_circuit_decorator to 2025-07-17 00:00:00+00:00, run_after=2025-07-18 00:00:00+00:00
[2025-07-18T09:04:44.247+0700] {processor.py:183} INFO - Processing /home/menglim/airflow_venv/lib/python3.12/site-packages/airflow/example_dags/example_short_circuit_decorator.py took 0.069 seconds
[2025-07-18T09:05:42.623+0700] {processor.py:161} INFO - Started process (PID=3888) to work on /home/menglim/airflow_venv/lib/python3.12/site-packages/airflow/example_dags/example_short_circuit_decorator.py
[2025-07-18T09:05:42.624+0700] {processor.py:830} INFO - Processing file /home/menglim/airflow_venv/lib/python3.12/site-packages/airflow/example_dags/example_short_circuit_decorator.py for tasks to queue
[2025-07-18T09:05:42.625+0700] {logging_mixin.py:188} INFO - [2025-07-18T09:05:42.625+0700] {dagbag.py:545} INFO - Filling up the DagBag from /home/menglim/airflow_venv/lib/python3.12/site-packages/airflow/example_dags/example_short_circuit_decorator.py
[2025-07-18T09:05:42.630+0700] {processor.py:840} INFO - DAG(s) 'example_short_circuit_decorator' retrieved from /home/menglim/airflow_venv/lib/python3.12/site-packages/airflow/example_dags/example_short_circuit_decorator.py
[2025-07-18T09:05:42.643+0700] {logging_mixin.py:188} INFO - [2025-07-18T09:05:42.643+0700] {dag.py:3096} INFO - Sync 1 DAGs
[2025-07-18T09:05:42.654+0700] {logging_mixin.py:188} INFO - [2025-07-18T09:05:42.653+0700] {dag.py:3954} INFO - Setting next_dagrun for example_short_circuit_decorator to 2025-07-17 00:00:00+00:00, run_after=2025-07-18 00:00:00+00:00
[2025-07-18T09:05:42.679+0700] {processor.py:183} INFO - Processing /home/menglim/airflow_venv/lib/python3.12/site-packages/airflow/example_dags/example_short_circuit_decorator.py took 0.059 seconds
[2025-07-18T09:06:37.081+0700] {processor.py:161} INFO - Started process (PID=3959) to work on /home/menglim/airflow_venv/lib/python3.12/site-packages/airflow/example_dags/example_short_circuit_decorator.py
[2025-07-18T09:06:37.082+0700] {processor.py:830} INFO - Processing file /home/menglim/airflow_venv/lib/python3.12/site-packages/airflow/example_dags/example_short_circuit_decorator.py for tasks to queue
[2025-07-18T09:06:37.083+0700] {logging_mixin.py:188} INFO - [2025-07-18T09:06:37.083+0700] {dagbag.py:545} INFO - Filling up the DagBag from /home/menglim/airflow_venv/lib/python3.12/site-packages/airflow/example_dags/example_short_circuit_decorator.py
[2025-07-18T09:06:37.088+0700] {processor.py:840} INFO - DAG(s) 'example_short_circuit_decorator' retrieved from /home/menglim/airflow_venv/lib/python3.12/site-packages/airflow/example_dags/example_short_circuit_decorator.py
[2025-07-18T09:06:37.098+0700] {logging_mixin.py:188} INFO - [2025-07-18T09:06:37.098+0700] {dag.py:3096} INFO - Sync 1 DAGs
[2025-07-18T09:06:37.108+0700] {logging_mixin.py:188} INFO - [2025-07-18T09:06:37.108+0700] {dag.py:3954} INFO - Setting next_dagrun for example_short_circuit_decorator to 2025-07-17 00:00:00+00:00, run_after=2025-07-18 00:00:00+00:00
[2025-07-18T09:06:37.130+0700] {processor.py:183} INFO - Processing /home/menglim/airflow_venv/lib/python3.12/site-packages/airflow/example_dags/example_short_circuit_decorator.py took 0.053 seconds
[2025-07-18T09:07:34.416+0700] {processor.py:161} INFO - Started process (PID=4087) to work on /home/menglim/airflow_venv/lib/python3.12/site-packages/airflow/example_dags/example_short_circuit_decorator.py
[2025-07-18T09:07:34.420+0700] {processor.py:830} INFO - Processing file /home/menglim/airflow_venv/lib/python3.12/site-packages/airflow/example_dags/example_short_circuit_decorator.py for tasks to queue
[2025-07-18T09:07:34.421+0700] {logging_mixin.py:188} INFO - [2025-07-18T09:07:34.421+0700] {dagbag.py:545} INFO - Filling up the DagBag from /home/menglim/airflow_venv/lib/python3.12/site-packages/airflow/example_dags/example_short_circuit_decorator.py
[2025-07-18T09:07:34.433+0700] {processor.py:840} INFO - DAG(s) 'example_short_circuit_decorator' retrieved from /home/menglim/airflow_venv/lib/python3.12/site-packages/airflow/example_dags/example_short_circuit_decorator.py
[2025-07-18T09:07:34.457+0700] {logging_mixin.py:188} INFO - [2025-07-18T09:07:34.455+0700] {dag.py:3096} INFO - Sync 1 DAGs
[2025-07-18T09:07:34.479+0700] {logging_mixin.py:188} INFO - [2025-07-18T09:07:34.479+0700] {dag.py:3954} INFO - Setting next_dagrun for example_short_circuit_decorator to 2025-07-17 00:00:00+00:00, run_after=2025-07-18 00:00:00+00:00
[2025-07-18T09:07:34.517+0700] {processor.py:183} INFO - Processing /home/menglim/airflow_venv/lib/python3.12/site-packages/airflow/example_dags/example_short_circuit_decorator.py took 0.108 seconds
[2025-07-18T09:08:33.597+0700] {processor.py:161} INFO - Started process (PID=4188) to work on /home/menglim/airflow_venv/lib/python3.12/site-packages/airflow/example_dags/example_short_circuit_decorator.py
[2025-07-18T09:08:33.600+0700] {processor.py:830} INFO - Processing file /home/menglim/airflow_venv/lib/python3.12/site-packages/airflow/example_dags/example_short_circuit_decorator.py for tasks to queue
[2025-07-18T09:08:33.600+0700] {logging_mixin.py:188} INFO - [2025-07-18T09:08:33.600+0700] {dagbag.py:545} INFO - Filling up the DagBag from /home/menglim/airflow_venv/lib/python3.12/site-packages/airflow/example_dags/example_short_circuit_decorator.py
[2025-07-18T09:08:33.606+0700] {processor.py:840} INFO - DAG(s) 'example_short_circuit_decorator' retrieved from /home/menglim/airflow_venv/lib/python3.12/site-packages/airflow/example_dags/example_short_circuit_decorator.py
[2025-07-18T09:08:33.620+0700] {logging_mixin.py:188} INFO - [2025-07-18T09:08:33.620+0700] {dag.py:3096} INFO - Sync 1 DAGs
[2025-07-18T09:08:33.630+0700] {logging_mixin.py:188} INFO - [2025-07-18T09:08:33.630+0700] {dag.py:3954} INFO - Setting next_dagrun for example_short_circuit_decorator to 2025-07-17 00:00:00+00:00, run_after=2025-07-18 00:00:00+00:00
[2025-07-18T09:08:33.650+0700] {processor.py:183} INFO - Processing /home/menglim/airflow_venv/lib/python3.12/site-packages/airflow/example_dags/example_short_circuit_decorator.py took 0.057 seconds
[2025-07-18T09:09:23.986+0700] {processor.py:161} INFO - Started process (PID=4294) to work on /home/menglim/airflow_venv/lib/python3.12/site-packages/airflow/example_dags/example_short_circuit_decorator.py
[2025-07-18T09:09:23.987+0700] {processor.py:830} INFO - Processing file /home/menglim/airflow_venv/lib/python3.12/site-packages/airflow/example_dags/example_short_circuit_decorator.py for tasks to queue
[2025-07-18T09:09:23.988+0700] {logging_mixin.py:188} INFO - [2025-07-18T09:09:23.988+0700] {dagbag.py:545} INFO - Filling up the DagBag from /home/menglim/airflow_venv/lib/python3.12/site-packages/airflow/example_dags/example_short_circuit_decorator.py
[2025-07-18T09:09:23.994+0700] {processor.py:840} INFO - DAG(s) 'example_short_circuit_decorator' retrieved from /home/menglim/airflow_venv/lib/python3.12/site-packages/airflow/example_dags/example_short_circuit_decorator.py
[2025-07-18T09:09:24.005+0700] {logging_mixin.py:188} INFO - [2025-07-18T09:09:24.005+0700] {dag.py:3096} INFO - Sync 1 DAGs
[2025-07-18T09:09:24.018+0700] {logging_mixin.py:188} INFO - [2025-07-18T09:09:24.018+0700] {dag.py:3954} INFO - Setting next_dagrun for example_short_circuit_decorator to 2025-07-17 00:00:00+00:00, run_after=2025-07-18 00:00:00+00:00
[2025-07-18T09:09:24.040+0700] {processor.py:183} INFO - Processing /home/menglim/airflow_venv/lib/python3.12/site-packages/airflow/example_dags/example_short_circuit_decorator.py took 0.057 seconds
[2025-07-18T09:10:16.196+0700] {processor.py:161} INFO - Started process (PID=4372) to work on /home/menglim/airflow_venv/lib/python3.12/site-packages/airflow/example_dags/example_short_circuit_decorator.py
[2025-07-18T09:10:16.197+0700] {processor.py:830} INFO - Processing file /home/menglim/airflow_venv/lib/python3.12/site-packages/airflow/example_dags/example_short_circuit_decorator.py for tasks to queue
[2025-07-18T09:10:16.198+0700] {logging_mixin.py:188} INFO - [2025-07-18T09:10:16.197+0700] {dagbag.py:545} INFO - Filling up the DagBag from /home/menglim/airflow_venv/lib/python3.12/site-packages/airflow/example_dags/example_short_circuit_decorator.py
[2025-07-18T09:10:16.203+0700] {processor.py:840} INFO - DAG(s) 'example_short_circuit_decorator' retrieved from /home/menglim/airflow_venv/lib/python3.12/site-packages/airflow/example_dags/example_short_circuit_decorator.py
[2025-07-18T09:10:16.212+0700] {logging_mixin.py:188} INFO - [2025-07-18T09:10:16.212+0700] {dag.py:3096} INFO - Sync 1 DAGs
[2025-07-18T09:10:16.222+0700] {logging_mixin.py:188} INFO - [2025-07-18T09:10:16.222+0700] {dag.py:3954} INFO - Setting next_dagrun for example_short_circuit_decorator to 2025-07-17 00:00:00+00:00, run_after=2025-07-18 00:00:00+00:00
[2025-07-18T09:10:16.243+0700] {processor.py:183} INFO - Processing /home/menglim/airflow_venv/lib/python3.12/site-packages/airflow/example_dags/example_short_circuit_decorator.py took 0.050 seconds
[2025-07-18T09:11:16.621+0700] {processor.py:161} INFO - Started process (PID=4534) to work on /home/menglim/airflow_venv/lib/python3.12/site-packages/airflow/example_dags/example_short_circuit_decorator.py
[2025-07-18T09:11:16.623+0700] {processor.py:830} INFO - Processing file /home/menglim/airflow_venv/lib/python3.12/site-packages/airflow/example_dags/example_short_circuit_decorator.py for tasks to queue
[2025-07-18T09:11:16.624+0700] {logging_mixin.py:188} INFO - [2025-07-18T09:11:16.624+0700] {dagbag.py:545} INFO - Filling up the DagBag from /home/menglim/airflow_venv/lib/python3.12/site-packages/airflow/example_dags/example_short_circuit_decorator.py
[2025-07-18T09:11:16.631+0700] {processor.py:840} INFO - DAG(s) 'example_short_circuit_decorator' retrieved from /home/menglim/airflow_venv/lib/python3.12/site-packages/airflow/example_dags/example_short_circuit_decorator.py
[2025-07-18T09:11:16.643+0700] {logging_mixin.py:188} INFO - [2025-07-18T09:11:16.643+0700] {dag.py:3096} INFO - Sync 1 DAGs
[2025-07-18T09:11:16.655+0700] {logging_mixin.py:188} INFO - [2025-07-18T09:11:16.654+0700] {dag.py:3954} INFO - Setting next_dagrun for example_short_circuit_decorator to 2025-07-17 00:00:00+00:00, run_after=2025-07-18 00:00:00+00:00
[2025-07-18T09:11:16.678+0700] {processor.py:183} INFO - Processing /home/menglim/airflow_venv/lib/python3.12/site-packages/airflow/example_dags/example_short_circuit_decorator.py took 0.061 seconds
[2025-07-18T09:12:11.349+0700] {processor.py:161} INFO - Started process (PID=4620) to work on /home/menglim/airflow_venv/lib/python3.12/site-packages/airflow/example_dags/example_short_circuit_decorator.py
[2025-07-18T09:12:11.350+0700] {processor.py:830} INFO - Processing file /home/menglim/airflow_venv/lib/python3.12/site-packages/airflow/example_dags/example_short_circuit_decorator.py for tasks to queue
[2025-07-18T09:12:11.351+0700] {logging_mixin.py:188} INFO - [2025-07-18T09:12:11.351+0700] {dagbag.py:545} INFO - Filling up the DagBag from /home/menglim/airflow_venv/lib/python3.12/site-packages/airflow/example_dags/example_short_circuit_decorator.py
[2025-07-18T09:12:11.357+0700] {processor.py:840} INFO - DAG(s) 'example_short_circuit_decorator' retrieved from /home/menglim/airflow_venv/lib/python3.12/site-packages/airflow/example_dags/example_short_circuit_decorator.py
[2025-07-18T09:12:11.368+0700] {logging_mixin.py:188} INFO - [2025-07-18T09:12:11.368+0700] {dag.py:3096} INFO - Sync 1 DAGs
[2025-07-18T09:12:11.379+0700] {logging_mixin.py:188} INFO - [2025-07-18T09:12:11.379+0700] {dag.py:3954} INFO - Setting next_dagrun for example_short_circuit_decorator to 2025-07-17 00:00:00+00:00, run_after=2025-07-18 00:00:00+00:00
[2025-07-18T09:12:11.400+0700] {processor.py:183} INFO - Processing /home/menglim/airflow_venv/lib/python3.12/site-packages/airflow/example_dags/example_short_circuit_decorator.py took 0.055 seconds
[2025-07-18T09:13:11.262+0700] {processor.py:161} INFO - Started process (PID=5176) to work on /home/menglim/airflow_venv/lib/python3.12/site-packages/airflow/example_dags/example_short_circuit_decorator.py
[2025-07-18T09:13:11.264+0700] {processor.py:830} INFO - Processing file /home/menglim/airflow_venv/lib/python3.12/site-packages/airflow/example_dags/example_short_circuit_decorator.py for tasks to queue
[2025-07-18T09:13:11.265+0700] {logging_mixin.py:188} INFO - [2025-07-18T09:13:11.265+0700] {dagbag.py:545} INFO - Filling up the DagBag from /home/menglim/airflow_venv/lib/python3.12/site-packages/airflow/example_dags/example_short_circuit_decorator.py
[2025-07-18T09:13:11.273+0700] {processor.py:840} INFO - DAG(s) 'example_short_circuit_decorator' retrieved from /home/menglim/airflow_venv/lib/python3.12/site-packages/airflow/example_dags/example_short_circuit_decorator.py
[2025-07-18T09:13:11.287+0700] {logging_mixin.py:188} INFO - [2025-07-18T09:13:11.286+0700] {dag.py:3096} INFO - Sync 1 DAGs
[2025-07-18T09:13:11.300+0700] {logging_mixin.py:188} INFO - [2025-07-18T09:13:11.300+0700] {dag.py:3954} INFO - Setting next_dagrun for example_short_circuit_decorator to 2025-07-17 00:00:00+00:00, run_after=2025-07-18 00:00:00+00:00
[2025-07-18T09:13:11.332+0700] {processor.py:183} INFO - Processing /home/menglim/airflow_venv/lib/python3.12/site-packages/airflow/example_dags/example_short_circuit_decorator.py took 0.075 seconds
[2025-07-18T09:14:20.079+0700] {processor.py:161} INFO - Started process (PID=5345) to work on /home/menglim/airflow_venv/lib/python3.12/site-packages/airflow/example_dags/example_short_circuit_decorator.py
[2025-07-18T09:14:20.081+0700] {processor.py:830} INFO - Processing file /home/menglim/airflow_venv/lib/python3.12/site-packages/airflow/example_dags/example_short_circuit_decorator.py for tasks to queue
[2025-07-18T09:14:20.081+0700] {logging_mixin.py:188} INFO - [2025-07-18T09:14:20.081+0700] {dagbag.py:545} INFO - Filling up the DagBag from /home/menglim/airflow_venv/lib/python3.12/site-packages/airflow/example_dags/example_short_circuit_decorator.py
[2025-07-18T09:14:20.087+0700] {processor.py:840} INFO - DAG(s) 'example_short_circuit_decorator' retrieved from /home/menglim/airflow_venv/lib/python3.12/site-packages/airflow/example_dags/example_short_circuit_decorator.py
[2025-07-18T09:14:20.097+0700] {logging_mixin.py:188} INFO - [2025-07-18T09:14:20.097+0700] {dag.py:3096} INFO - Sync 1 DAGs
[2025-07-18T09:14:20.108+0700] {logging_mixin.py:188} INFO - [2025-07-18T09:14:20.108+0700] {dag.py:3954} INFO - Setting next_dagrun for example_short_circuit_decorator to 2025-07-17 00:00:00+00:00, run_after=2025-07-18 00:00:00+00:00
[2025-07-18T09:14:20.130+0700] {processor.py:183} INFO - Processing /home/menglim/airflow_venv/lib/python3.12/site-packages/airflow/example_dags/example_short_circuit_decorator.py took 0.055 seconds
[2025-07-18T09:15:18.780+0700] {processor.py:161} INFO - Started process (PID=5462) to work on /home/menglim/airflow_venv/lib/python3.12/site-packages/airflow/example_dags/example_short_circuit_decorator.py
[2025-07-18T09:15:18.781+0700] {processor.py:830} INFO - Processing file /home/menglim/airflow_venv/lib/python3.12/site-packages/airflow/example_dags/example_short_circuit_decorator.py for tasks to queue
[2025-07-18T09:15:18.781+0700] {logging_mixin.py:188} INFO - [2025-07-18T09:15:18.781+0700] {dagbag.py:545} INFO - Filling up the DagBag from /home/menglim/airflow_venv/lib/python3.12/site-packages/airflow/example_dags/example_short_circuit_decorator.py
[2025-07-18T09:15:18.787+0700] {processor.py:840} INFO - DAG(s) 'example_short_circuit_decorator' retrieved from /home/menglim/airflow_venv/lib/python3.12/site-packages/airflow/example_dags/example_short_circuit_decorator.py
[2025-07-18T09:15:18.798+0700] {logging_mixin.py:188} INFO - [2025-07-18T09:15:18.798+0700] {dag.py:3096} INFO - Sync 1 DAGs
[2025-07-18T09:15:18.811+0700] {logging_mixin.py:188} INFO - [2025-07-18T09:15:18.810+0700] {dag.py:3954} INFO - Setting next_dagrun for example_short_circuit_decorator to 2025-07-17 00:00:00+00:00, run_after=2025-07-18 00:00:00+00:00
[2025-07-18T09:15:18.831+0700] {processor.py:183} INFO - Processing /home/menglim/airflow_venv/lib/python3.12/site-packages/airflow/example_dags/example_short_circuit_decorator.py took 0.055 seconds
[2025-07-18T09:16:23.122+0700] {processor.py:161} INFO - Started process (PID=5584) to work on /home/menglim/airflow_venv/lib/python3.12/site-packages/airflow/example_dags/example_short_circuit_decorator.py
[2025-07-18T09:16:23.124+0700] {processor.py:830} INFO - Processing file /home/menglim/airflow_venv/lib/python3.12/site-packages/airflow/example_dags/example_short_circuit_decorator.py for tasks to queue
[2025-07-18T09:16:23.124+0700] {logging_mixin.py:188} INFO - [2025-07-18T09:16:23.124+0700] {dagbag.py:545} INFO - Filling up the DagBag from /home/menglim/airflow_venv/lib/python3.12/site-packages/airflow/example_dags/example_short_circuit_decorator.py
[2025-07-18T09:16:23.131+0700] {processor.py:840} INFO - DAG(s) 'example_short_circuit_decorator' retrieved from /home/menglim/airflow_venv/lib/python3.12/site-packages/airflow/example_dags/example_short_circuit_decorator.py
[2025-07-18T09:16:23.142+0700] {logging_mixin.py:188} INFO - [2025-07-18T09:16:23.142+0700] {dag.py:3096} INFO - Sync 1 DAGs
[2025-07-18T09:16:23.154+0700] {logging_mixin.py:188} INFO - [2025-07-18T09:16:23.154+0700] {dag.py:3954} INFO - Setting next_dagrun for example_short_circuit_decorator to 2025-07-17 00:00:00+00:00, run_after=2025-07-18 00:00:00+00:00
[2025-07-18T09:16:23.176+0700] {processor.py:183} INFO - Processing /home/menglim/airflow_venv/lib/python3.12/site-packages/airflow/example_dags/example_short_circuit_decorator.py took 0.057 seconds
[2025-07-18T09:17:49.102+0700] {processor.py:161} INFO - Started process (PID=5856) to work on /home/menglim/airflow_venv/lib/python3.12/site-packages/airflow/example_dags/example_short_circuit_decorator.py
[2025-07-18T09:17:49.105+0700] {processor.py:830} INFO - Processing file /home/menglim/airflow_venv/lib/python3.12/site-packages/airflow/example_dags/example_short_circuit_decorator.py for tasks to queue
[2025-07-18T09:17:49.106+0700] {logging_mixin.py:188} INFO - [2025-07-18T09:17:49.106+0700] {dagbag.py:545} INFO - Filling up the DagBag from /home/menglim/airflow_venv/lib/python3.12/site-packages/airflow/example_dags/example_short_circuit_decorator.py
[2025-07-18T09:17:49.111+0700] {processor.py:840} INFO - DAG(s) 'example_short_circuit_decorator' retrieved from /home/menglim/airflow_venv/lib/python3.12/site-packages/airflow/example_dags/example_short_circuit_decorator.py
[2025-07-18T09:17:49.121+0700] {logging_mixin.py:188} INFO - [2025-07-18T09:17:49.120+0700] {dag.py:3096} INFO - Sync 1 DAGs
[2025-07-18T09:17:49.130+0700] {logging_mixin.py:188} INFO - [2025-07-18T09:17:49.130+0700] {dag.py:3954} INFO - Setting next_dagrun for example_short_circuit_decorator to 2025-07-17 00:00:00+00:00, run_after=2025-07-18 00:00:00+00:00
[2025-07-18T09:17:49.150+0700] {processor.py:183} INFO - Processing /home/menglim/airflow_venv/lib/python3.12/site-packages/airflow/example_dags/example_short_circuit_decorator.py took 0.052 seconds
[2025-07-18T09:18:54.340+0700] {processor.py:161} INFO - Started process (PID=5977) to work on /home/menglim/airflow_venv/lib/python3.12/site-packages/airflow/example_dags/example_short_circuit_decorator.py
[2025-07-18T09:18:54.342+0700] {processor.py:830} INFO - Processing file /home/menglim/airflow_venv/lib/python3.12/site-packages/airflow/example_dags/example_short_circuit_decorator.py for tasks to queue
[2025-07-18T09:18:54.342+0700] {logging_mixin.py:188} INFO - [2025-07-18T09:18:54.342+0700] {dagbag.py:545} INFO - Filling up the DagBag from /home/menglim/airflow_venv/lib/python3.12/site-packages/airflow/example_dags/example_short_circuit_decorator.py
[2025-07-18T09:18:54.348+0700] {processor.py:840} INFO - DAG(s) 'example_short_circuit_decorator' retrieved from /home/menglim/airflow_venv/lib/python3.12/site-packages/airflow/example_dags/example_short_circuit_decorator.py
[2025-07-18T09:18:54.357+0700] {logging_mixin.py:188} INFO - [2025-07-18T09:18:54.357+0700] {dag.py:3096} INFO - Sync 1 DAGs
[2025-07-18T09:18:54.421+0700] {logging_mixin.py:188} INFO - [2025-07-18T09:18:54.421+0700] {dag.py:3954} INFO - Setting next_dagrun for example_short_circuit_decorator to 2025-07-17 00:00:00+00:00, run_after=2025-07-18 00:00:00+00:00
[2025-07-18T09:18:54.443+0700] {processor.py:183} INFO - Processing /home/menglim/airflow_venv/lib/python3.12/site-packages/airflow/example_dags/example_short_circuit_decorator.py took 0.107 seconds
[2025-07-18T09:19:59.975+0700] {processor.py:161} INFO - Started process (PID=6154) to work on /home/menglim/airflow_venv/lib/python3.12/site-packages/airflow/example_dags/example_short_circuit_decorator.py
[2025-07-18T09:19:59.977+0700] {processor.py:830} INFO - Processing file /home/menglim/airflow_venv/lib/python3.12/site-packages/airflow/example_dags/example_short_circuit_decorator.py for tasks to queue
[2025-07-18T09:19:59.978+0700] {logging_mixin.py:188} INFO - [2025-07-18T09:19:59.978+0700] {dagbag.py:545} INFO - Filling up the DagBag from /home/menglim/airflow_venv/lib/python3.12/site-packages/airflow/example_dags/example_short_circuit_decorator.py
[2025-07-18T09:19:59.985+0700] {processor.py:840} INFO - DAG(s) 'example_short_circuit_decorator' retrieved from /home/menglim/airflow_venv/lib/python3.12/site-packages/airflow/example_dags/example_short_circuit_decorator.py
[2025-07-18T09:19:59.996+0700] {logging_mixin.py:188} INFO - [2025-07-18T09:19:59.995+0700] {dag.py:3096} INFO - Sync 1 DAGs
[2025-07-18T09:20:00.068+0700] {logging_mixin.py:188} INFO - [2025-07-18T09:20:00.068+0700] {dag.py:3954} INFO - Setting next_dagrun for example_short_circuit_decorator to 2025-07-17 00:00:00+00:00, run_after=2025-07-18 00:00:00+00:00
[2025-07-18T09:20:00.088+0700] {processor.py:183} INFO - Processing /home/menglim/airflow_venv/lib/python3.12/site-packages/airflow/example_dags/example_short_circuit_decorator.py took 0.117 seconds
[2025-07-18T09:20:55.945+0700] {processor.py:161} INFO - Started process (PID=6266) to work on /home/menglim/airflow_venv/lib/python3.12/site-packages/airflow/example_dags/example_short_circuit_decorator.py
[2025-07-18T09:20:55.946+0700] {processor.py:830} INFO - Processing file /home/menglim/airflow_venv/lib/python3.12/site-packages/airflow/example_dags/example_short_circuit_decorator.py for tasks to queue
[2025-07-18T09:20:55.947+0700] {logging_mixin.py:188} INFO - [2025-07-18T09:20:55.947+0700] {dagbag.py:545} INFO - Filling up the DagBag from /home/menglim/airflow_venv/lib/python3.12/site-packages/airflow/example_dags/example_short_circuit_decorator.py
[2025-07-18T09:20:55.952+0700] {processor.py:840} INFO - DAG(s) 'example_short_circuit_decorator' retrieved from /home/menglim/airflow_venv/lib/python3.12/site-packages/airflow/example_dags/example_short_circuit_decorator.py
[2025-07-18T09:20:55.962+0700] {logging_mixin.py:188} INFO - [2025-07-18T09:20:55.962+0700] {dag.py:3096} INFO - Sync 1 DAGs
[2025-07-18T09:20:55.972+0700] {logging_mixin.py:188} INFO - [2025-07-18T09:20:55.972+0700] {dag.py:3954} INFO - Setting next_dagrun for example_short_circuit_decorator to 2025-07-17 00:00:00+00:00, run_after=2025-07-18 00:00:00+00:00
[2025-07-18T09:20:55.993+0700] {processor.py:183} INFO - Processing /home/menglim/airflow_venv/lib/python3.12/site-packages/airflow/example_dags/example_short_circuit_decorator.py took 0.051 seconds
[2025-07-18T09:21:42.435+0700] {processor.py:161} INFO - Started process (PID=6423) to work on /home/menglim/airflow_venv/lib/python3.12/site-packages/airflow/example_dags/example_short_circuit_decorator.py
[2025-07-18T09:21:42.436+0700] {processor.py:830} INFO - Processing file /home/menglim/airflow_venv/lib/python3.12/site-packages/airflow/example_dags/example_short_circuit_decorator.py for tasks to queue
[2025-07-18T09:21:42.437+0700] {logging_mixin.py:188} INFO - [2025-07-18T09:21:42.437+0700] {dagbag.py:545} INFO - Filling up the DagBag from /home/menglim/airflow_venv/lib/python3.12/site-packages/airflow/example_dags/example_short_circuit_decorator.py
[2025-07-18T09:21:42.442+0700] {processor.py:840} INFO - DAG(s) 'example_short_circuit_decorator' retrieved from /home/menglim/airflow_venv/lib/python3.12/site-packages/airflow/example_dags/example_short_circuit_decorator.py
[2025-07-18T09:21:42.452+0700] {logging_mixin.py:188} INFO - [2025-07-18T09:21:42.452+0700] {dag.py:3096} INFO - Sync 1 DAGs
[2025-07-18T09:21:42.462+0700] {logging_mixin.py:188} INFO - [2025-07-18T09:21:42.462+0700] {dag.py:3954} INFO - Setting next_dagrun for example_short_circuit_decorator to 2025-07-17 00:00:00+00:00, run_after=2025-07-18 00:00:00+00:00
[2025-07-18T09:21:42.482+0700] {processor.py:183} INFO - Processing /home/menglim/airflow_venv/lib/python3.12/site-packages/airflow/example_dags/example_short_circuit_decorator.py took 0.050 seconds
[2025-07-18T09:22:35.266+0700] {processor.py:161} INFO - Started process (PID=6601) to work on /home/menglim/airflow_venv/lib/python3.12/site-packages/airflow/example_dags/example_short_circuit_decorator.py
[2025-07-18T09:22:35.268+0700] {processor.py:830} INFO - Processing file /home/menglim/airflow_venv/lib/python3.12/site-packages/airflow/example_dags/example_short_circuit_decorator.py for tasks to queue
[2025-07-18T09:22:35.268+0700] {logging_mixin.py:188} INFO - [2025-07-18T09:22:35.268+0700] {dagbag.py:545} INFO - Filling up the DagBag from /home/menglim/airflow_venv/lib/python3.12/site-packages/airflow/example_dags/example_short_circuit_decorator.py
[2025-07-18T09:22:35.277+0700] {processor.py:840} INFO - DAG(s) 'example_short_circuit_decorator' retrieved from /home/menglim/airflow_venv/lib/python3.12/site-packages/airflow/example_dags/example_short_circuit_decorator.py
[2025-07-18T09:22:35.291+0700] {logging_mixin.py:188} INFO - [2025-07-18T09:22:35.291+0700] {dag.py:3096} INFO - Sync 1 DAGs
[2025-07-18T09:22:35.305+0700] {logging_mixin.py:188} INFO - [2025-07-18T09:22:35.305+0700] {dag.py:3954} INFO - Setting next_dagrun for example_short_circuit_decorator to 2025-07-17 00:00:00+00:00, run_after=2025-07-18 00:00:00+00:00
[2025-07-18T09:22:35.326+0700] {processor.py:183} INFO - Processing /home/menglim/airflow_venv/lib/python3.12/site-packages/airflow/example_dags/example_short_circuit_decorator.py took 0.065 seconds
[2025-07-18T09:23:44.823+0700] {processor.py:161} INFO - Started process (PID=6761) to work on /home/menglim/airflow_venv/lib/python3.12/site-packages/airflow/example_dags/example_short_circuit_decorator.py
[2025-07-18T09:23:44.825+0700] {processor.py:830} INFO - Processing file /home/menglim/airflow_venv/lib/python3.12/site-packages/airflow/example_dags/example_short_circuit_decorator.py for tasks to queue
[2025-07-18T09:23:44.826+0700] {logging_mixin.py:188} INFO - [2025-07-18T09:23:44.826+0700] {dagbag.py:545} INFO - Filling up the DagBag from /home/menglim/airflow_venv/lib/python3.12/site-packages/airflow/example_dags/example_short_circuit_decorator.py
[2025-07-18T09:23:44.832+0700] {processor.py:840} INFO - DAG(s) 'example_short_circuit_decorator' retrieved from /home/menglim/airflow_venv/lib/python3.12/site-packages/airflow/example_dags/example_short_circuit_decorator.py
[2025-07-18T09:23:44.841+0700] {logging_mixin.py:188} INFO - [2025-07-18T09:23:44.841+0700] {dag.py:3096} INFO - Sync 1 DAGs
[2025-07-18T09:23:44.851+0700] {logging_mixin.py:188} INFO - [2025-07-18T09:23:44.851+0700] {dag.py:3954} INFO - Setting next_dagrun for example_short_circuit_decorator to 2025-07-17 00:00:00+00:00, run_after=2025-07-18 00:00:00+00:00
[2025-07-18T09:23:44.872+0700] {processor.py:183} INFO - Processing /home/menglim/airflow_venv/lib/python3.12/site-packages/airflow/example_dags/example_short_circuit_decorator.py took 0.052 seconds
[2025-07-18T09:24:53.156+0700] {processor.py:161} INFO - Started process (PID=6957) to work on /home/menglim/airflow_venv/lib/python3.12/site-packages/airflow/example_dags/example_short_circuit_decorator.py
[2025-07-18T09:24:53.157+0700] {processor.py:830} INFO - Processing file /home/menglim/airflow_venv/lib/python3.12/site-packages/airflow/example_dags/example_short_circuit_decorator.py for tasks to queue
[2025-07-18T09:24:53.157+0700] {logging_mixin.py:188} INFO - [2025-07-18T09:24:53.157+0700] {dagbag.py:545} INFO - Filling up the DagBag from /home/menglim/airflow_venv/lib/python3.12/site-packages/airflow/example_dags/example_short_circuit_decorator.py
[2025-07-18T09:24:53.164+0700] {processor.py:840} INFO - DAG(s) 'example_short_circuit_decorator' retrieved from /home/menglim/airflow_venv/lib/python3.12/site-packages/airflow/example_dags/example_short_circuit_decorator.py
[2025-07-18T09:24:53.176+0700] {logging_mixin.py:188} INFO - [2025-07-18T09:24:53.176+0700] {dag.py:3096} INFO - Sync 1 DAGs
[2025-07-18T09:24:53.187+0700] {logging_mixin.py:188} INFO - [2025-07-18T09:24:53.187+0700] {dag.py:3954} INFO - Setting next_dagrun for example_short_circuit_decorator to 2025-07-17 00:00:00+00:00, run_after=2025-07-18 00:00:00+00:00
[2025-07-18T09:24:53.208+0700] {processor.py:183} INFO - Processing /home/menglim/airflow_venv/lib/python3.12/site-packages/airflow/example_dags/example_short_circuit_decorator.py took 0.055 seconds
[2025-07-18T09:25:58.867+0700] {processor.py:161} INFO - Started process (PID=7131) to work on /home/menglim/airflow_venv/lib/python3.12/site-packages/airflow/example_dags/example_short_circuit_decorator.py
[2025-07-18T09:25:58.868+0700] {processor.py:830} INFO - Processing file /home/menglim/airflow_venv/lib/python3.12/site-packages/airflow/example_dags/example_short_circuit_decorator.py for tasks to queue
[2025-07-18T09:25:58.869+0700] {logging_mixin.py:188} INFO - [2025-07-18T09:25:58.869+0700] {dagbag.py:545} INFO - Filling up the DagBag from /home/menglim/airflow_venv/lib/python3.12/site-packages/airflow/example_dags/example_short_circuit_decorator.py
[2025-07-18T09:25:58.882+0700] {processor.py:840} INFO - DAG(s) 'example_short_circuit_decorator' retrieved from /home/menglim/airflow_venv/lib/python3.12/site-packages/airflow/example_dags/example_short_circuit_decorator.py
[2025-07-18T09:25:58.908+0700] {logging_mixin.py:188} INFO - [2025-07-18T09:25:58.908+0700] {dag.py:3096} INFO - Sync 1 DAGs
[2025-07-18T09:25:58.928+0700] {logging_mixin.py:188} INFO - [2025-07-18T09:25:58.928+0700] {dag.py:3954} INFO - Setting next_dagrun for example_short_circuit_decorator to 2025-07-17 00:00:00+00:00, run_after=2025-07-18 00:00:00+00:00
[2025-07-18T09:25:58.953+0700] {processor.py:183} INFO - Processing /home/menglim/airflow_venv/lib/python3.12/site-packages/airflow/example_dags/example_short_circuit_decorator.py took 0.093 seconds
[2025-07-18T09:26:54.746+0700] {processor.py:161} INFO - Started process (PID=7248) to work on /home/menglim/airflow_venv/lib/python3.12/site-packages/airflow/example_dags/example_short_circuit_decorator.py
[2025-07-18T09:26:54.748+0700] {processor.py:830} INFO - Processing file /home/menglim/airflow_venv/lib/python3.12/site-packages/airflow/example_dags/example_short_circuit_decorator.py for tasks to queue
[2025-07-18T09:26:54.749+0700] {logging_mixin.py:188} INFO - [2025-07-18T09:26:54.749+0700] {dagbag.py:545} INFO - Filling up the DagBag from /home/menglim/airflow_venv/lib/python3.12/site-packages/airflow/example_dags/example_short_circuit_decorator.py
[2025-07-18T09:26:54.755+0700] {processor.py:840} INFO - DAG(s) 'example_short_circuit_decorator' retrieved from /home/menglim/airflow_venv/lib/python3.12/site-packages/airflow/example_dags/example_short_circuit_decorator.py
[2025-07-18T09:26:54.765+0700] {logging_mixin.py:188} INFO - [2025-07-18T09:26:54.765+0700] {dag.py:3096} INFO - Sync 1 DAGs
[2025-07-18T09:26:54.775+0700] {logging_mixin.py:188} INFO - [2025-07-18T09:26:54.775+0700] {dag.py:3954} INFO - Setting next_dagrun for example_short_circuit_decorator to 2025-07-17 00:00:00+00:00, run_after=2025-07-18 00:00:00+00:00
[2025-07-18T09:26:54.798+0700] {processor.py:183} INFO - Processing /home/menglim/airflow_venv/lib/python3.12/site-packages/airflow/example_dags/example_short_circuit_decorator.py took 0.055 seconds
[2025-07-18T09:28:16.997+0700] {processor.py:161} INFO - Started process (PID=7375) to work on /home/menglim/airflow_venv/lib/python3.12/site-packages/airflow/example_dags/example_short_circuit_decorator.py
[2025-07-18T09:28:16.999+0700] {processor.py:830} INFO - Processing file /home/menglim/airflow_venv/lib/python3.12/site-packages/airflow/example_dags/example_short_circuit_decorator.py for tasks to queue
[2025-07-18T09:28:17.000+0700] {logging_mixin.py:188} INFO - [2025-07-18T09:28:17.000+0700] {dagbag.py:545} INFO - Filling up the DagBag from /home/menglim/airflow_venv/lib/python3.12/site-packages/airflow/example_dags/example_short_circuit_decorator.py
[2025-07-18T09:28:17.005+0700] {processor.py:840} INFO - DAG(s) 'example_short_circuit_decorator' retrieved from /home/menglim/airflow_venv/lib/python3.12/site-packages/airflow/example_dags/example_short_circuit_decorator.py
[2025-07-18T09:28:17.015+0700] {logging_mixin.py:188} INFO - [2025-07-18T09:28:17.015+0700] {dag.py:3096} INFO - Sync 1 DAGs
[2025-07-18T09:28:17.025+0700] {logging_mixin.py:188} INFO - [2025-07-18T09:28:17.025+0700] {dag.py:3954} INFO - Setting next_dagrun for example_short_circuit_decorator to 2025-07-17 00:00:00+00:00, run_after=2025-07-18 00:00:00+00:00
[2025-07-18T09:28:17.046+0700] {processor.py:183} INFO - Processing /home/menglim/airflow_venv/lib/python3.12/site-packages/airflow/example_dags/example_short_circuit_decorator.py took 0.053 seconds
[2025-07-18T09:29:07.367+0700] {processor.py:161} INFO - Started process (PID=7459) to work on /home/menglim/airflow_venv/lib/python3.12/site-packages/airflow/example_dags/example_short_circuit_decorator.py
[2025-07-18T09:29:07.370+0700] {processor.py:830} INFO - Processing file /home/menglim/airflow_venv/lib/python3.12/site-packages/airflow/example_dags/example_short_circuit_decorator.py for tasks to queue
[2025-07-18T09:29:07.371+0700] {logging_mixin.py:188} INFO - [2025-07-18T09:29:07.370+0700] {dagbag.py:545} INFO - Filling up the DagBag from /home/menglim/airflow_venv/lib/python3.12/site-packages/airflow/example_dags/example_short_circuit_decorator.py
[2025-07-18T09:29:07.376+0700] {processor.py:840} INFO - DAG(s) 'example_short_circuit_decorator' retrieved from /home/menglim/airflow_venv/lib/python3.12/site-packages/airflow/example_dags/example_short_circuit_decorator.py
[2025-07-18T09:29:07.386+0700] {logging_mixin.py:188} INFO - [2025-07-18T09:29:07.386+0700] {dag.py:3096} INFO - Sync 1 DAGs
[2025-07-18T09:29:07.396+0700] {logging_mixin.py:188} INFO - [2025-07-18T09:29:07.395+0700] {dag.py:3954} INFO - Setting next_dagrun for example_short_circuit_decorator to 2025-07-17 00:00:00+00:00, run_after=2025-07-18 00:00:00+00:00
[2025-07-18T09:29:07.415+0700] {processor.py:183} INFO - Processing /home/menglim/airflow_venv/lib/python3.12/site-packages/airflow/example_dags/example_short_circuit_decorator.py took 0.051 seconds
[2025-07-18T09:29:56.804+0700] {processor.py:161} INFO - Started process (PID=7559) to work on /home/menglim/airflow_venv/lib/python3.12/site-packages/airflow/example_dags/example_short_circuit_decorator.py
[2025-07-18T09:29:56.806+0700] {processor.py:830} INFO - Processing file /home/menglim/airflow_venv/lib/python3.12/site-packages/airflow/example_dags/example_short_circuit_decorator.py for tasks to queue
[2025-07-18T09:29:56.806+0700] {logging_mixin.py:188} INFO - [2025-07-18T09:29:56.806+0700] {dagbag.py:545} INFO - Filling up the DagBag from /home/menglim/airflow_venv/lib/python3.12/site-packages/airflow/example_dags/example_short_circuit_decorator.py
[2025-07-18T09:29:56.812+0700] {processor.py:840} INFO - DAG(s) 'example_short_circuit_decorator' retrieved from /home/menglim/airflow_venv/lib/python3.12/site-packages/airflow/example_dags/example_short_circuit_decorator.py
[2025-07-18T09:29:56.821+0700] {logging_mixin.py:188} INFO - [2025-07-18T09:29:56.821+0700] {dag.py:3096} INFO - Sync 1 DAGs
[2025-07-18T09:29:56.831+0700] {logging_mixin.py:188} INFO - [2025-07-18T09:29:56.831+0700] {dag.py:3954} INFO - Setting next_dagrun for example_short_circuit_decorator to 2025-07-17 00:00:00+00:00, run_after=2025-07-18 00:00:00+00:00
[2025-07-18T09:29:56.855+0700] {processor.py:183} INFO - Processing /home/menglim/airflow_venv/lib/python3.12/site-packages/airflow/example_dags/example_short_circuit_decorator.py took 0.055 seconds
[2025-07-18T09:30:46.309+0700] {processor.py:161} INFO - Started process (PID=7636) to work on /home/menglim/airflow_venv/lib/python3.12/site-packages/airflow/example_dags/example_short_circuit_decorator.py
[2025-07-18T09:30:46.312+0700] {processor.py:830} INFO - Processing file /home/menglim/airflow_venv/lib/python3.12/site-packages/airflow/example_dags/example_short_circuit_decorator.py for tasks to queue
[2025-07-18T09:30:46.312+0700] {logging_mixin.py:188} INFO - [2025-07-18T09:30:46.312+0700] {dagbag.py:545} INFO - Filling up the DagBag from /home/menglim/airflow_venv/lib/python3.12/site-packages/airflow/example_dags/example_short_circuit_decorator.py
[2025-07-18T09:30:46.317+0700] {processor.py:840} INFO - DAG(s) 'example_short_circuit_decorator' retrieved from /home/menglim/airflow_venv/lib/python3.12/site-packages/airflow/example_dags/example_short_circuit_decorator.py
[2025-07-18T09:30:46.327+0700] {logging_mixin.py:188} INFO - [2025-07-18T09:30:46.327+0700] {dag.py:3096} INFO - Sync 1 DAGs
[2025-07-18T09:30:46.337+0700] {logging_mixin.py:188} INFO - [2025-07-18T09:30:46.336+0700] {dag.py:3954} INFO - Setting next_dagrun for example_short_circuit_decorator to 2025-07-17 00:00:00+00:00, run_after=2025-07-18 00:00:00+00:00
[2025-07-18T09:30:46.358+0700] {processor.py:183} INFO - Processing /home/menglim/airflow_venv/lib/python3.12/site-packages/airflow/example_dags/example_short_circuit_decorator.py took 0.052 seconds
[2025-07-18T09:31:34.475+0700] {processor.py:161} INFO - Started process (PID=7712) to work on /home/menglim/airflow_venv/lib/python3.12/site-packages/airflow/example_dags/example_short_circuit_decorator.py
[2025-07-18T09:31:34.476+0700] {processor.py:830} INFO - Processing file /home/menglim/airflow_venv/lib/python3.12/site-packages/airflow/example_dags/example_short_circuit_decorator.py for tasks to queue
[2025-07-18T09:31:34.477+0700] {logging_mixin.py:188} INFO - [2025-07-18T09:31:34.476+0700] {dagbag.py:545} INFO - Filling up the DagBag from /home/menglim/airflow_venv/lib/python3.12/site-packages/airflow/example_dags/example_short_circuit_decorator.py
[2025-07-18T09:31:34.482+0700] {processor.py:840} INFO - DAG(s) 'example_short_circuit_decorator' retrieved from /home/menglim/airflow_venv/lib/python3.12/site-packages/airflow/example_dags/example_short_circuit_decorator.py
[2025-07-18T09:31:34.492+0700] {logging_mixin.py:188} INFO - [2025-07-18T09:31:34.492+0700] {dag.py:3096} INFO - Sync 1 DAGs
[2025-07-18T09:31:34.501+0700] {logging_mixin.py:188} INFO - [2025-07-18T09:31:34.501+0700] {dag.py:3954} INFO - Setting next_dagrun for example_short_circuit_decorator to 2025-07-17 00:00:00+00:00, run_after=2025-07-18 00:00:00+00:00
[2025-07-18T09:31:34.522+0700] {processor.py:183} INFO - Processing /home/menglim/airflow_venv/lib/python3.12/site-packages/airflow/example_dags/example_short_circuit_decorator.py took 0.051 seconds
[2025-07-18T09:32:30.006+0700] {processor.py:161} INFO - Started process (PID=7795) to work on /home/menglim/airflow_venv/lib/python3.12/site-packages/airflow/example_dags/example_short_circuit_decorator.py
[2025-07-18T09:32:30.009+0700] {processor.py:830} INFO - Processing file /home/menglim/airflow_venv/lib/python3.12/site-packages/airflow/example_dags/example_short_circuit_decorator.py for tasks to queue
[2025-07-18T09:32:30.010+0700] {logging_mixin.py:188} INFO - [2025-07-18T09:32:30.009+0700] {dagbag.py:545} INFO - Filling up the DagBag from /home/menglim/airflow_venv/lib/python3.12/site-packages/airflow/example_dags/example_short_circuit_decorator.py
[2025-07-18T09:32:30.016+0700] {processor.py:840} INFO - DAG(s) 'example_short_circuit_decorator' retrieved from /home/menglim/airflow_venv/lib/python3.12/site-packages/airflow/example_dags/example_short_circuit_decorator.py
[2025-07-18T09:32:30.029+0700] {logging_mixin.py:188} INFO - [2025-07-18T09:32:30.028+0700] {dag.py:3096} INFO - Sync 1 DAGs
[2025-07-18T09:32:30.041+0700] {logging_mixin.py:188} INFO - [2025-07-18T09:32:30.041+0700] {dag.py:3954} INFO - Setting next_dagrun for example_short_circuit_decorator to 2025-07-17 00:00:00+00:00, run_after=2025-07-18 00:00:00+00:00
[2025-07-18T09:32:30.064+0700] {processor.py:183} INFO - Processing /home/menglim/airflow_venv/lib/python3.12/site-packages/airflow/example_dags/example_short_circuit_decorator.py took 0.062 seconds
[2025-07-18T09:33:16.865+0700] {processor.py:161} INFO - Started process (PID=7873) to work on /home/menglim/airflow_venv/lib/python3.12/site-packages/airflow/example_dags/example_short_circuit_decorator.py
[2025-07-18T09:33:16.869+0700] {processor.py:830} INFO - Processing file /home/menglim/airflow_venv/lib/python3.12/site-packages/airflow/example_dags/example_short_circuit_decorator.py for tasks to queue
[2025-07-18T09:33:16.869+0700] {logging_mixin.py:188} INFO - [2025-07-18T09:33:16.869+0700] {dagbag.py:545} INFO - Filling up the DagBag from /home/menglim/airflow_venv/lib/python3.12/site-packages/airflow/example_dags/example_short_circuit_decorator.py
[2025-07-18T09:33:16.875+0700] {processor.py:840} INFO - DAG(s) 'example_short_circuit_decorator' retrieved from /home/menglim/airflow_venv/lib/python3.12/site-packages/airflow/example_dags/example_short_circuit_decorator.py
[2025-07-18T09:33:16.885+0700] {logging_mixin.py:188} INFO - [2025-07-18T09:33:16.885+0700] {dag.py:3096} INFO - Sync 1 DAGs
[2025-07-18T09:33:16.895+0700] {logging_mixin.py:188} INFO - [2025-07-18T09:33:16.895+0700] {dag.py:3954} INFO - Setting next_dagrun for example_short_circuit_decorator to 2025-07-17 00:00:00+00:00, run_after=2025-07-18 00:00:00+00:00
[2025-07-18T09:33:16.915+0700] {processor.py:183} INFO - Processing /home/menglim/airflow_venv/lib/python3.12/site-packages/airflow/example_dags/example_short_circuit_decorator.py took 0.053 seconds
[2025-07-18T09:34:11.473+0700] {processor.py:161} INFO - Started process (PID=8021) to work on /home/menglim/airflow_venv/lib/python3.12/site-packages/airflow/example_dags/example_short_circuit_decorator.py
[2025-07-18T09:34:11.474+0700] {processor.py:830} INFO - Processing file /home/menglim/airflow_venv/lib/python3.12/site-packages/airflow/example_dags/example_short_circuit_decorator.py for tasks to queue
[2025-07-18T09:34:11.475+0700] {logging_mixin.py:188} INFO - [2025-07-18T09:34:11.475+0700] {dagbag.py:545} INFO - Filling up the DagBag from /home/menglim/airflow_venv/lib/python3.12/site-packages/airflow/example_dags/example_short_circuit_decorator.py
[2025-07-18T09:34:11.480+0700] {processor.py:840} INFO - DAG(s) 'example_short_circuit_decorator' retrieved from /home/menglim/airflow_venv/lib/python3.12/site-packages/airflow/example_dags/example_short_circuit_decorator.py
[2025-07-18T09:34:11.490+0700] {logging_mixin.py:188} INFO - [2025-07-18T09:34:11.490+0700] {dag.py:3096} INFO - Sync 1 DAGs
[2025-07-18T09:34:11.500+0700] {logging_mixin.py:188} INFO - [2025-07-18T09:34:11.500+0700] {dag.py:3954} INFO - Setting next_dagrun for example_short_circuit_decorator to 2025-07-17 00:00:00+00:00, run_after=2025-07-18 00:00:00+00:00
[2025-07-18T09:34:11.521+0700] {processor.py:183} INFO - Processing /home/menglim/airflow_venv/lib/python3.12/site-packages/airflow/example_dags/example_short_circuit_decorator.py took 0.051 seconds
[2025-07-18T09:34:59.725+0700] {processor.py:161} INFO - Started process (PID=8106) to work on /home/menglim/airflow_venv/lib/python3.12/site-packages/airflow/example_dags/example_short_circuit_decorator.py
[2025-07-18T09:34:59.728+0700] {processor.py:830} INFO - Processing file /home/menglim/airflow_venv/lib/python3.12/site-packages/airflow/example_dags/example_short_circuit_decorator.py for tasks to queue
[2025-07-18T09:34:59.728+0700] {logging_mixin.py:188} INFO - [2025-07-18T09:34:59.728+0700] {dagbag.py:545} INFO - Filling up the DagBag from /home/menglim/airflow_venv/lib/python3.12/site-packages/airflow/example_dags/example_short_circuit_decorator.py
[2025-07-18T09:34:59.734+0700] {processor.py:840} INFO - DAG(s) 'example_short_circuit_decorator' retrieved from /home/menglim/airflow_venv/lib/python3.12/site-packages/airflow/example_dags/example_short_circuit_decorator.py
[2025-07-18T09:34:59.744+0700] {logging_mixin.py:188} INFO - [2025-07-18T09:34:59.743+0700] {dag.py:3096} INFO - Sync 1 DAGs
[2025-07-18T09:34:59.754+0700] {logging_mixin.py:188} INFO - [2025-07-18T09:34:59.754+0700] {dag.py:3954} INFO - Setting next_dagrun for example_short_circuit_decorator to 2025-07-17 00:00:00+00:00, run_after=2025-07-18 00:00:00+00:00
[2025-07-18T09:34:59.777+0700] {processor.py:183} INFO - Processing /home/menglim/airflow_venv/lib/python3.12/site-packages/airflow/example_dags/example_short_circuit_decorator.py took 0.056 seconds
[2025-07-18T09:35:54.836+0700] {processor.py:161} INFO - Started process (PID=8200) to work on /home/menglim/airflow_venv/lib/python3.12/site-packages/airflow/example_dags/example_short_circuit_decorator.py
[2025-07-18T09:35:54.839+0700] {processor.py:830} INFO - Processing file /home/menglim/airflow_venv/lib/python3.12/site-packages/airflow/example_dags/example_short_circuit_decorator.py for tasks to queue
[2025-07-18T09:35:54.841+0700] {logging_mixin.py:188} INFO - [2025-07-18T09:35:54.840+0700] {dagbag.py:545} INFO - Filling up the DagBag from /home/menglim/airflow_venv/lib/python3.12/site-packages/airflow/example_dags/example_short_circuit_decorator.py
[2025-07-18T09:35:54.854+0700] {processor.py:840} INFO - DAG(s) 'example_short_circuit_decorator' retrieved from /home/menglim/airflow_venv/lib/python3.12/site-packages/airflow/example_dags/example_short_circuit_decorator.py
[2025-07-18T09:35:54.877+0700] {logging_mixin.py:188} INFO - [2025-07-18T09:35:54.876+0700] {dag.py:3096} INFO - Sync 1 DAGs
[2025-07-18T09:35:54.900+0700] {logging_mixin.py:188} INFO - [2025-07-18T09:35:54.900+0700] {dag.py:3954} INFO - Setting next_dagrun for example_short_circuit_decorator to 2025-07-17 00:00:00+00:00, run_after=2025-07-18 00:00:00+00:00
[2025-07-18T09:35:54.942+0700] {processor.py:183} INFO - Processing /home/menglim/airflow_venv/lib/python3.12/site-packages/airflow/example_dags/example_short_circuit_decorator.py took 0.111 seconds
[2025-07-18T09:36:48.345+0700] {processor.py:161} INFO - Started process (PID=8288) to work on /home/menglim/airflow_venv/lib/python3.12/site-packages/airflow/example_dags/example_short_circuit_decorator.py
[2025-07-18T09:36:48.350+0700] {processor.py:830} INFO - Processing file /home/menglim/airflow_venv/lib/python3.12/site-packages/airflow/example_dags/example_short_circuit_decorator.py for tasks to queue
[2025-07-18T09:36:48.352+0700] {logging_mixin.py:188} INFO - [2025-07-18T09:36:48.351+0700] {dagbag.py:545} INFO - Filling up the DagBag from /home/menglim/airflow_venv/lib/python3.12/site-packages/airflow/example_dags/example_short_circuit_decorator.py
[2025-07-18T09:36:48.368+0700] {processor.py:840} INFO - DAG(s) 'example_short_circuit_decorator' retrieved from /home/menglim/airflow_venv/lib/python3.12/site-packages/airflow/example_dags/example_short_circuit_decorator.py
[2025-07-18T09:36:48.397+0700] {logging_mixin.py:188} INFO - [2025-07-18T09:36:48.396+0700] {dag.py:3096} INFO - Sync 1 DAGs
[2025-07-18T09:36:48.427+0700] {logging_mixin.py:188} INFO - [2025-07-18T09:36:48.427+0700] {dag.py:3954} INFO - Setting next_dagrun for example_short_circuit_decorator to 2025-07-17 00:00:00+00:00, run_after=2025-07-18 00:00:00+00:00
[2025-07-18T09:36:48.478+0700] {processor.py:183} INFO - Processing /home/menglim/airflow_venv/lib/python3.12/site-packages/airflow/example_dags/example_short_circuit_decorator.py took 0.145 seconds
[2025-07-18T09:37:32.139+0700] {processor.py:161} INFO - Started process (PID=8346) to work on /home/menglim/airflow_venv/lib/python3.12/site-packages/airflow/example_dags/example_short_circuit_decorator.py
[2025-07-18T09:37:32.144+0700] {processor.py:830} INFO - Processing file /home/menglim/airflow_venv/lib/python3.12/site-packages/airflow/example_dags/example_short_circuit_decorator.py for tasks to queue
[2025-07-18T09:37:32.146+0700] {logging_mixin.py:188} INFO - [2025-07-18T09:37:32.146+0700] {dagbag.py:545} INFO - Filling up the DagBag from /home/menglim/airflow_venv/lib/python3.12/site-packages/airflow/example_dags/example_short_circuit_decorator.py
[2025-07-18T09:37:32.159+0700] {processor.py:840} INFO - DAG(s) 'example_short_circuit_decorator' retrieved from /home/menglim/airflow_venv/lib/python3.12/site-packages/airflow/example_dags/example_short_circuit_decorator.py
[2025-07-18T09:37:32.182+0700] {logging_mixin.py:188} INFO - [2025-07-18T09:37:32.181+0700] {dag.py:3096} INFO - Sync 1 DAGs
[2025-07-18T09:37:32.215+0700] {logging_mixin.py:188} INFO - [2025-07-18T09:37:32.214+0700] {dag.py:3954} INFO - Setting next_dagrun for example_short_circuit_decorator to 2025-07-17 00:00:00+00:00, run_after=2025-07-18 00:00:00+00:00
[2025-07-18T09:37:32.274+0700] {processor.py:183} INFO - Processing /home/menglim/airflow_venv/lib/python3.12/site-packages/airflow/example_dags/example_short_circuit_decorator.py took 0.144 seconds
