[2025-07-18T09:00:24.616+0700] {processor.py:161} INFO - Started process (PID=2994) to work on /home/menglim/airflow_venv/lib/python3.12/site-packages/airflow/example_dags/example_trigger_controller_dag.py
[2025-07-18T09:00:24.617+0700] {processor.py:830} INFO - Processing file /home/menglim/airflow_venv/lib/python3.12/site-packages/airflow/example_dags/example_trigger_controller_dag.py for tasks to queue
[2025-07-18T09:00:24.618+0700] {logging_mixin.py:188} INFO - [2025-07-18T09:00:24.618+0700] {dagbag.py:545} INFO - Filling up the DagBag from /home/menglim/airflow_venv/lib/python3.12/site-packages/airflow/example_dags/example_trigger_controller_dag.py
[2025-07-18T09:00:24.621+0700] {processor.py:840} INFO - DAG(s) 'example_trigger_controller_dag' retrieved from /home/menglim/airflow_venv/lib/python3.12/site-packages/airflow/example_dags/example_trigger_controller_dag.py
[2025-07-18T09:00:24.673+0700] {logging_mixin.py:188} INFO - [2025-07-18T09:00:24.673+0700] {dag.py:3096} INFO - Sync 1 DAGs
[2025-07-18T09:00:24.682+0700] {logging_mixin.py:188} INFO - [2025-07-18T09:00:24.682+0700] {dag.py:3954} INFO - Setting next_dagrun for example_trigger_controller_dag to 2021-01-01 00:00:00+00:00, run_after=2021-01-01 00:00:00+00:00
[2025-07-18T09:00:24.702+0700] {processor.py:183} INFO - Processing /home/menglim/airflow_venv/lib/python3.12/site-packages/airflow/example_dags/example_trigger_controller_dag.py took 0.089 seconds
[2025-07-18T09:01:21.140+0700] {processor.py:161} INFO - Started process (PID=3330) to work on /home/menglim/airflow_venv/lib/python3.12/site-packages/airflow/example_dags/example_trigger_controller_dag.py
[2025-07-18T09:01:21.141+0700] {processor.py:830} INFO - Processing file /home/menglim/airflow_venv/lib/python3.12/site-packages/airflow/example_dags/example_trigger_controller_dag.py for tasks to queue
[2025-07-18T09:01:21.142+0700] {logging_mixin.py:188} INFO - [2025-07-18T09:01:21.142+0700] {dagbag.py:545} INFO - Filling up the DagBag from /home/menglim/airflow_venv/lib/python3.12/site-packages/airflow/example_dags/example_trigger_controller_dag.py
[2025-07-18T09:01:21.145+0700] {processor.py:840} INFO - DAG(s) 'example_trigger_controller_dag' retrieved from /home/menglim/airflow_venv/lib/python3.12/site-packages/airflow/example_dags/example_trigger_controller_dag.py
[2025-07-18T09:01:21.154+0700] {logging_mixin.py:188} INFO - [2025-07-18T09:01:21.154+0700] {dag.py:3096} INFO - Sync 1 DAGs
[2025-07-18T09:01:21.164+0700] {logging_mixin.py:188} INFO - [2025-07-18T09:01:21.164+0700] {dag.py:3954} INFO - Setting next_dagrun for example_trigger_controller_dag to 2021-01-01 00:00:00+00:00, run_after=2021-01-01 00:00:00+00:00
[2025-07-18T09:01:21.185+0700] {processor.py:183} INFO - Processing /home/menglim/airflow_venv/lib/python3.12/site-packages/airflow/example_dags/example_trigger_controller_dag.py took 0.048 seconds
[2025-07-18T09:02:18.671+0700] {processor.py:161} INFO - Started process (PID=3476) to work on /home/menglim/airflow_venv/lib/python3.12/site-packages/airflow/example_dags/example_trigger_controller_dag.py
[2025-07-18T09:02:18.674+0700] {processor.py:830} INFO - Processing file /home/menglim/airflow_venv/lib/python3.12/site-packages/airflow/example_dags/example_trigger_controller_dag.py for tasks to queue
[2025-07-18T09:02:18.675+0700] {logging_mixin.py:188} INFO - [2025-07-18T09:02:18.674+0700] {dagbag.py:545} INFO - Filling up the DagBag from /home/menglim/airflow_venv/lib/python3.12/site-packages/airflow/example_dags/example_trigger_controller_dag.py
[2025-07-18T09:02:18.678+0700] {processor.py:840} INFO - DAG(s) 'example_trigger_controller_dag' retrieved from /home/menglim/airflow_venv/lib/python3.12/site-packages/airflow/example_dags/example_trigger_controller_dag.py
[2025-07-18T09:02:18.687+0700] {logging_mixin.py:188} INFO - [2025-07-18T09:02:18.687+0700] {dag.py:3096} INFO - Sync 1 DAGs
[2025-07-18T09:02:18.698+0700] {logging_mixin.py:188} INFO - [2025-07-18T09:02:18.697+0700] {dag.py:3954} INFO - Setting next_dagrun for example_trigger_controller_dag to 2021-01-01 00:00:00+00:00, run_after=2021-01-01 00:00:00+00:00
[2025-07-18T09:02:18.719+0700] {processor.py:183} INFO - Processing /home/menglim/airflow_venv/lib/python3.12/site-packages/airflow/example_dags/example_trigger_controller_dag.py took 0.050 seconds
[2025-07-18T09:03:18.842+0700] {processor.py:161} INFO - Started process (PID=3614) to work on /home/menglim/airflow_venv/lib/python3.12/site-packages/airflow/example_dags/example_trigger_controller_dag.py
[2025-07-18T09:03:18.844+0700] {processor.py:830} INFO - Processing file /home/menglim/airflow_venv/lib/python3.12/site-packages/airflow/example_dags/example_trigger_controller_dag.py for tasks to queue
[2025-07-18T09:03:18.845+0700] {logging_mixin.py:188} INFO - [2025-07-18T09:03:18.845+0700] {dagbag.py:545} INFO - Filling up the DagBag from /home/menglim/airflow_venv/lib/python3.12/site-packages/airflow/example_dags/example_trigger_controller_dag.py
[2025-07-18T09:03:18.848+0700] {processor.py:840} INFO - DAG(s) 'example_trigger_controller_dag' retrieved from /home/menglim/airflow_venv/lib/python3.12/site-packages/airflow/example_dags/example_trigger_controller_dag.py
[2025-07-18T09:03:18.857+0700] {logging_mixin.py:188} INFO - [2025-07-18T09:03:18.857+0700] {dag.py:3096} INFO - Sync 1 DAGs
[2025-07-18T09:03:18.867+0700] {logging_mixin.py:188} INFO - [2025-07-18T09:03:18.867+0700] {dag.py:3954} INFO - Setting next_dagrun for example_trigger_controller_dag to 2021-01-01 00:00:00+00:00, run_after=2021-01-01 00:00:00+00:00
[2025-07-18T09:03:18.887+0700] {processor.py:183} INFO - Processing /home/menglim/airflow_venv/lib/python3.12/site-packages/airflow/example_dags/example_trigger_controller_dag.py took 0.048 seconds
[2025-07-18T09:04:09.973+0700] {processor.py:161} INFO - Started process (PID=3710) to work on /home/menglim/airflow_venv/lib/python3.12/site-packages/airflow/example_dags/example_trigger_controller_dag.py
[2025-07-18T09:04:09.974+0700] {processor.py:830} INFO - Processing file /home/menglim/airflow_venv/lib/python3.12/site-packages/airflow/example_dags/example_trigger_controller_dag.py for tasks to queue
[2025-07-18T09:04:09.975+0700] {logging_mixin.py:188} INFO - [2025-07-18T09:04:09.975+0700] {dagbag.py:545} INFO - Filling up the DagBag from /home/menglim/airflow_venv/lib/python3.12/site-packages/airflow/example_dags/example_trigger_controller_dag.py
[2025-07-18T09:04:09.981+0700] {processor.py:840} INFO - DAG(s) 'example_trigger_controller_dag' retrieved from /home/menglim/airflow_venv/lib/python3.12/site-packages/airflow/example_dags/example_trigger_controller_dag.py
[2025-07-18T09:04:09.989+0700] {logging_mixin.py:188} INFO - [2025-07-18T09:04:09.989+0700] {dag.py:3096} INFO - Sync 1 DAGs
[2025-07-18T09:04:09.999+0700] {logging_mixin.py:188} INFO - [2025-07-18T09:04:09.999+0700] {dag.py:3954} INFO - Setting next_dagrun for example_trigger_controller_dag to 2021-01-01 00:00:00+00:00, run_after=2021-01-01 00:00:00+00:00
[2025-07-18T09:04:10.021+0700] {processor.py:183} INFO - Processing /home/menglim/airflow_venv/lib/python3.12/site-packages/airflow/example_dags/example_trigger_controller_dag.py took 0.051 seconds
[2025-07-18T09:05:06.127+0700] {processor.py:161} INFO - Started process (PID=3830) to work on /home/menglim/airflow_venv/lib/python3.12/site-packages/airflow/example_dags/example_trigger_controller_dag.py
[2025-07-18T09:05:06.131+0700] {processor.py:830} INFO - Processing file /home/menglim/airflow_venv/lib/python3.12/site-packages/airflow/example_dags/example_trigger_controller_dag.py for tasks to queue
[2025-07-18T09:05:06.133+0700] {logging_mixin.py:188} INFO - [2025-07-18T09:05:06.133+0700] {dagbag.py:545} INFO - Filling up the DagBag from /home/menglim/airflow_venv/lib/python3.12/site-packages/airflow/example_dags/example_trigger_controller_dag.py
[2025-07-18T09:05:06.140+0700] {processor.py:840} INFO - DAG(s) 'example_trigger_controller_dag' retrieved from /home/menglim/airflow_venv/lib/python3.12/site-packages/airflow/example_dags/example_trigger_controller_dag.py
[2025-07-18T09:05:06.159+0700] {logging_mixin.py:188} INFO - [2025-07-18T09:05:06.159+0700] {dag.py:3096} INFO - Sync 1 DAGs
[2025-07-18T09:05:06.180+0700] {logging_mixin.py:188} INFO - [2025-07-18T09:05:06.179+0700] {dag.py:3954} INFO - Setting next_dagrun for example_trigger_controller_dag to 2021-01-01 00:00:00+00:00, run_after=2021-01-01 00:00:00+00:00
[2025-07-18T09:05:06.213+0700] {processor.py:183} INFO - Processing /home/menglim/airflow_venv/lib/python3.12/site-packages/airflow/example_dags/example_trigger_controller_dag.py took 0.095 seconds
[2025-07-18T09:06:05.538+0700] {processor.py:161} INFO - Started process (PID=3909) to work on /home/menglim/airflow_venv/lib/python3.12/site-packages/airflow/example_dags/example_trigger_controller_dag.py
[2025-07-18T09:06:05.540+0700] {processor.py:830} INFO - Processing file /home/menglim/airflow_venv/lib/python3.12/site-packages/airflow/example_dags/example_trigger_controller_dag.py for tasks to queue
[2025-07-18T09:06:05.540+0700] {logging_mixin.py:188} INFO - [2025-07-18T09:06:05.540+0700] {dagbag.py:545} INFO - Filling up the DagBag from /home/menglim/airflow_venv/lib/python3.12/site-packages/airflow/example_dags/example_trigger_controller_dag.py
[2025-07-18T09:06:05.543+0700] {processor.py:840} INFO - DAG(s) 'example_trigger_controller_dag' retrieved from /home/menglim/airflow_venv/lib/python3.12/site-packages/airflow/example_dags/example_trigger_controller_dag.py
[2025-07-18T09:06:05.553+0700] {logging_mixin.py:188} INFO - [2025-07-18T09:06:05.553+0700] {dag.py:3096} INFO - Sync 1 DAGs
[2025-07-18T09:06:05.563+0700] {logging_mixin.py:188} INFO - [2025-07-18T09:06:05.562+0700] {dag.py:3954} INFO - Setting next_dagrun for example_trigger_controller_dag to 2021-01-01 00:00:00+00:00, run_after=2021-01-01 00:00:00+00:00
[2025-07-18T09:06:05.584+0700] {processor.py:183} INFO - Processing /home/menglim/airflow_venv/lib/python3.12/site-packages/airflow/example_dags/example_trigger_controller_dag.py took 0.049 seconds
[2025-07-18T09:06:59.950+0700] {processor.py:161} INFO - Started process (PID=4021) to work on /home/menglim/airflow_venv/lib/python3.12/site-packages/airflow/example_dags/example_trigger_controller_dag.py
[2025-07-18T09:06:59.953+0700] {processor.py:830} INFO - Processing file /home/menglim/airflow_venv/lib/python3.12/site-packages/airflow/example_dags/example_trigger_controller_dag.py for tasks to queue
[2025-07-18T09:06:59.955+0700] {logging_mixin.py:188} INFO - [2025-07-18T09:06:59.954+0700] {dagbag.py:545} INFO - Filling up the DagBag from /home/menglim/airflow_venv/lib/python3.12/site-packages/airflow/example_dags/example_trigger_controller_dag.py
[2025-07-18T09:06:59.958+0700] {processor.py:840} INFO - DAG(s) 'example_trigger_controller_dag' retrieved from /home/menglim/airflow_venv/lib/python3.12/site-packages/airflow/example_dags/example_trigger_controller_dag.py
[2025-07-18T09:06:59.971+0700] {logging_mixin.py:188} INFO - [2025-07-18T09:06:59.970+0700] {dag.py:3096} INFO - Sync 1 DAGs
[2025-07-18T09:06:59.980+0700] {logging_mixin.py:188} INFO - [2025-07-18T09:06:59.980+0700] {dag.py:3954} INFO - Setting next_dagrun for example_trigger_controller_dag to 2021-01-01 00:00:00+00:00, run_after=2021-01-01 00:00:00+00:00
[2025-07-18T09:07:00.001+0700] {processor.py:183} INFO - Processing /home/menglim/airflow_venv/lib/python3.12/site-packages/airflow/example_dags/example_trigger_controller_dag.py took 0.055 seconds
[2025-07-18T09:08:00.773+0700] {processor.py:161} INFO - Started process (PID=4131) to work on /home/menglim/airflow_venv/lib/python3.12/site-packages/airflow/example_dags/example_trigger_controller_dag.py
[2025-07-18T09:08:00.774+0700] {processor.py:830} INFO - Processing file /home/menglim/airflow_venv/lib/python3.12/site-packages/airflow/example_dags/example_trigger_controller_dag.py for tasks to queue
[2025-07-18T09:08:00.776+0700] {logging_mixin.py:188} INFO - [2025-07-18T09:08:00.775+0700] {dagbag.py:545} INFO - Filling up the DagBag from /home/menglim/airflow_venv/lib/python3.12/site-packages/airflow/example_dags/example_trigger_controller_dag.py
[2025-07-18T09:08:00.784+0700] {processor.py:840} INFO - DAG(s) 'example_trigger_controller_dag' retrieved from /home/menglim/airflow_venv/lib/python3.12/site-packages/airflow/example_dags/example_trigger_controller_dag.py
[2025-07-18T09:08:00.805+0700] {logging_mixin.py:188} INFO - [2025-07-18T09:08:00.805+0700] {dag.py:3096} INFO - Sync 1 DAGs
[2025-07-18T09:08:00.825+0700] {logging_mixin.py:188} INFO - [2025-07-18T09:08:00.825+0700] {dag.py:3954} INFO - Setting next_dagrun for example_trigger_controller_dag to 2021-01-01 00:00:00+00:00, run_after=2021-01-01 00:00:00+00:00
[2025-07-18T09:08:00.861+0700] {processor.py:183} INFO - Processing /home/menglim/airflow_venv/lib/python3.12/site-packages/airflow/example_dags/example_trigger_controller_dag.py took 0.095 seconds
[2025-07-18T09:08:58.303+0700] {processor.py:161} INFO - Started process (PID=4236) to work on /home/menglim/airflow_venv/lib/python3.12/site-packages/airflow/example_dags/example_trigger_controller_dag.py
[2025-07-18T09:08:58.304+0700] {processor.py:830} INFO - Processing file /home/menglim/airflow_venv/lib/python3.12/site-packages/airflow/example_dags/example_trigger_controller_dag.py for tasks to queue
[2025-07-18T09:08:58.304+0700] {logging_mixin.py:188} INFO - [2025-07-18T09:08:58.304+0700] {dagbag.py:545} INFO - Filling up the DagBag from /home/menglim/airflow_venv/lib/python3.12/site-packages/airflow/example_dags/example_trigger_controller_dag.py
[2025-07-18T09:08:58.307+0700] {processor.py:840} INFO - DAG(s) 'example_trigger_controller_dag' retrieved from /home/menglim/airflow_venv/lib/python3.12/site-packages/airflow/example_dags/example_trigger_controller_dag.py
[2025-07-18T09:08:58.316+0700] {logging_mixin.py:188} INFO - [2025-07-18T09:08:58.316+0700] {dag.py:3096} INFO - Sync 1 DAGs
[2025-07-18T09:08:58.325+0700] {logging_mixin.py:188} INFO - [2025-07-18T09:08:58.325+0700] {dag.py:3954} INFO - Setting next_dagrun for example_trigger_controller_dag to 2021-01-01 00:00:00+00:00, run_after=2021-01-01 00:00:00+00:00
[2025-07-18T09:08:58.347+0700] {processor.py:183} INFO - Processing /home/menglim/airflow_venv/lib/python3.12/site-packages/airflow/example_dags/example_trigger_controller_dag.py took 0.048 seconds
[2025-07-18T09:09:46.623+0700] {processor.py:161} INFO - Started process (PID=4330) to work on /home/menglim/airflow_venv/lib/python3.12/site-packages/airflow/example_dags/example_trigger_controller_dag.py
[2025-07-18T09:09:46.626+0700] {processor.py:830} INFO - Processing file /home/menglim/airflow_venv/lib/python3.12/site-packages/airflow/example_dags/example_trigger_controller_dag.py for tasks to queue
[2025-07-18T09:09:46.627+0700] {logging_mixin.py:188} INFO - [2025-07-18T09:09:46.626+0700] {dagbag.py:545} INFO - Filling up the DagBag from /home/menglim/airflow_venv/lib/python3.12/site-packages/airflow/example_dags/example_trigger_controller_dag.py
[2025-07-18T09:09:46.630+0700] {processor.py:840} INFO - DAG(s) 'example_trigger_controller_dag' retrieved from /home/menglim/airflow_venv/lib/python3.12/site-packages/airflow/example_dags/example_trigger_controller_dag.py
[2025-07-18T09:09:46.639+0700] {logging_mixin.py:188} INFO - [2025-07-18T09:09:46.639+0700] {dag.py:3096} INFO - Sync 1 DAGs
[2025-07-18T09:09:46.649+0700] {logging_mixin.py:188} INFO - [2025-07-18T09:09:46.649+0700] {dag.py:3954} INFO - Setting next_dagrun for example_trigger_controller_dag to 2021-01-01 00:00:00+00:00, run_after=2021-01-01 00:00:00+00:00
[2025-07-18T09:09:46.670+0700] {processor.py:183} INFO - Processing /home/menglim/airflow_venv/lib/python3.12/site-packages/airflow/example_dags/example_trigger_controller_dag.py took 0.050 seconds
[2025-07-18T09:10:36.986+0700] {processor.py:161} INFO - Started process (PID=4419) to work on /home/menglim/airflow_venv/lib/python3.12/site-packages/airflow/example_dags/example_trigger_controller_dag.py
[2025-07-18T09:10:36.988+0700] {processor.py:830} INFO - Processing file /home/menglim/airflow_venv/lib/python3.12/site-packages/airflow/example_dags/example_trigger_controller_dag.py for tasks to queue
[2025-07-18T09:10:36.988+0700] {logging_mixin.py:188} INFO - [2025-07-18T09:10:36.988+0700] {dagbag.py:545} INFO - Filling up the DagBag from /home/menglim/airflow_venv/lib/python3.12/site-packages/airflow/example_dags/example_trigger_controller_dag.py
[2025-07-18T09:10:36.992+0700] {processor.py:840} INFO - DAG(s) 'example_trigger_controller_dag' retrieved from /home/menglim/airflow_venv/lib/python3.12/site-packages/airflow/example_dags/example_trigger_controller_dag.py
[2025-07-18T09:10:37.003+0700] {logging_mixin.py:188} INFO - [2025-07-18T09:10:37.003+0700] {dag.py:3096} INFO - Sync 1 DAGs
[2025-07-18T09:10:37.015+0700] {logging_mixin.py:188} INFO - [2025-07-18T09:10:37.015+0700] {dag.py:3954} INFO - Setting next_dagrun for example_trigger_controller_dag to 2021-01-01 00:00:00+00:00, run_after=2021-01-01 00:00:00+00:00
[2025-07-18T09:10:37.038+0700] {processor.py:183} INFO - Processing /home/menglim/airflow_venv/lib/python3.12/site-packages/airflow/example_dags/example_trigger_controller_dag.py took 0.055 seconds
[2025-07-18T09:11:43.261+0700] {processor.py:161} INFO - Started process (PID=4576) to work on /home/menglim/airflow_venv/lib/python3.12/site-packages/airflow/example_dags/example_trigger_controller_dag.py
[2025-07-18T09:11:43.263+0700] {processor.py:830} INFO - Processing file /home/menglim/airflow_venv/lib/python3.12/site-packages/airflow/example_dags/example_trigger_controller_dag.py for tasks to queue
[2025-07-18T09:11:43.263+0700] {logging_mixin.py:188} INFO - [2025-07-18T09:11:43.263+0700] {dagbag.py:545} INFO - Filling up the DagBag from /home/menglim/airflow_venv/lib/python3.12/site-packages/airflow/example_dags/example_trigger_controller_dag.py
[2025-07-18T09:11:43.266+0700] {processor.py:840} INFO - DAG(s) 'example_trigger_controller_dag' retrieved from /home/menglim/airflow_venv/lib/python3.12/site-packages/airflow/example_dags/example_trigger_controller_dag.py
[2025-07-18T09:11:43.275+0700] {logging_mixin.py:188} INFO - [2025-07-18T09:11:43.275+0700] {dag.py:3096} INFO - Sync 1 DAGs
[2025-07-18T09:11:43.285+0700] {logging_mixin.py:188} INFO - [2025-07-18T09:11:43.285+0700] {dag.py:3954} INFO - Setting next_dagrun for example_trigger_controller_dag to 2021-01-01 00:00:00+00:00, run_after=2021-01-01 00:00:00+00:00
[2025-07-18T09:11:43.305+0700] {processor.py:183} INFO - Processing /home/menglim/airflow_venv/lib/python3.12/site-packages/airflow/example_dags/example_trigger_controller_dag.py took 0.047 seconds
[2025-07-18T09:12:38.302+0700] {processor.py:161} INFO - Started process (PID=4659) to work on /home/menglim/airflow_venv/lib/python3.12/site-packages/airflow/example_dags/example_trigger_controller_dag.py
[2025-07-18T09:12:38.305+0700] {processor.py:830} INFO - Processing file /home/menglim/airflow_venv/lib/python3.12/site-packages/airflow/example_dags/example_trigger_controller_dag.py for tasks to queue
[2025-07-18T09:12:38.305+0700] {logging_mixin.py:188} INFO - [2025-07-18T09:12:38.305+0700] {dagbag.py:545} INFO - Filling up the DagBag from /home/menglim/airflow_venv/lib/python3.12/site-packages/airflow/example_dags/example_trigger_controller_dag.py
[2025-07-18T09:12:38.308+0700] {processor.py:840} INFO - DAG(s) 'example_trigger_controller_dag' retrieved from /home/menglim/airflow_venv/lib/python3.12/site-packages/airflow/example_dags/example_trigger_controller_dag.py
[2025-07-18T09:12:38.317+0700] {logging_mixin.py:188} INFO - [2025-07-18T09:12:38.317+0700] {dag.py:3096} INFO - Sync 1 DAGs
[2025-07-18T09:12:38.328+0700] {logging_mixin.py:188} INFO - [2025-07-18T09:12:38.328+0700] {dag.py:3954} INFO - Setting next_dagrun for example_trigger_controller_dag to 2021-01-01 00:00:00+00:00, run_after=2021-01-01 00:00:00+00:00
[2025-07-18T09:12:38.351+0700] {processor.py:183} INFO - Processing /home/menglim/airflow_venv/lib/python3.12/site-packages/airflow/example_dags/example_trigger_controller_dag.py took 0.052 seconds
[2025-07-18T09:13:37.823+0700] {processor.py:161} INFO - Started process (PID=5226) to work on /home/menglim/airflow_venv/lib/python3.12/site-packages/airflow/example_dags/example_trigger_controller_dag.py
[2025-07-18T09:13:37.825+0700] {processor.py:830} INFO - Processing file /home/menglim/airflow_venv/lib/python3.12/site-packages/airflow/example_dags/example_trigger_controller_dag.py for tasks to queue
[2025-07-18T09:13:37.825+0700] {logging_mixin.py:188} INFO - [2025-07-18T09:13:37.825+0700] {dagbag.py:545} INFO - Filling up the DagBag from /home/menglim/airflow_venv/lib/python3.12/site-packages/airflow/example_dags/example_trigger_controller_dag.py
[2025-07-18T09:13:37.828+0700] {processor.py:840} INFO - DAG(s) 'example_trigger_controller_dag' retrieved from /home/menglim/airflow_venv/lib/python3.12/site-packages/airflow/example_dags/example_trigger_controller_dag.py
[2025-07-18T09:13:37.838+0700] {logging_mixin.py:188} INFO - [2025-07-18T09:13:37.838+0700] {dag.py:3096} INFO - Sync 1 DAGs
[2025-07-18T09:13:37.848+0700] {logging_mixin.py:188} INFO - [2025-07-18T09:13:37.848+0700] {dag.py:3954} INFO - Setting next_dagrun for example_trigger_controller_dag to 2021-01-01 00:00:00+00:00, run_after=2021-01-01 00:00:00+00:00
[2025-07-18T09:13:37.872+0700] {processor.py:183} INFO - Processing /home/menglim/airflow_venv/lib/python3.12/site-packages/airflow/example_dags/example_trigger_controller_dag.py took 0.053 seconds
[2025-07-18T09:14:42.172+0700] {processor.py:161} INFO - Started process (PID=5387) to work on /home/menglim/airflow_venv/lib/python3.12/site-packages/airflow/example_dags/example_trigger_controller_dag.py
[2025-07-18T09:14:42.173+0700] {processor.py:830} INFO - Processing file /home/menglim/airflow_venv/lib/python3.12/site-packages/airflow/example_dags/example_trigger_controller_dag.py for tasks to queue
[2025-07-18T09:14:42.174+0700] {logging_mixin.py:188} INFO - [2025-07-18T09:14:42.173+0700] {dagbag.py:545} INFO - Filling up the DagBag from /home/menglim/airflow_venv/lib/python3.12/site-packages/airflow/example_dags/example_trigger_controller_dag.py
[2025-07-18T09:14:42.177+0700] {processor.py:840} INFO - DAG(s) 'example_trigger_controller_dag' retrieved from /home/menglim/airflow_venv/lib/python3.12/site-packages/airflow/example_dags/example_trigger_controller_dag.py
[2025-07-18T09:14:42.218+0700] {logging_mixin.py:188} INFO - [2025-07-18T09:14:42.216+0700] {dag.py:3096} INFO - Sync 1 DAGs
[2025-07-18T09:14:42.249+0700] {logging_mixin.py:188} INFO - [2025-07-18T09:14:42.248+0700] {dag.py:3954} INFO - Setting next_dagrun for example_trigger_controller_dag to 2021-01-01 00:00:00+00:00, run_after=2021-01-01 00:00:00+00:00
[2025-07-18T09:14:42.294+0700] {processor.py:183} INFO - Processing /home/menglim/airflow_venv/lib/python3.12/site-packages/airflow/example_dags/example_trigger_controller_dag.py took 0.127 seconds
[2025-07-18T09:15:42.264+0700] {processor.py:161} INFO - Started process (PID=5501) to work on /home/menglim/airflow_venv/lib/python3.12/site-packages/airflow/example_dags/example_trigger_controller_dag.py
[2025-07-18T09:15:42.266+0700] {processor.py:830} INFO - Processing file /home/menglim/airflow_venv/lib/python3.12/site-packages/airflow/example_dags/example_trigger_controller_dag.py for tasks to queue
[2025-07-18T09:15:42.266+0700] {logging_mixin.py:188} INFO - [2025-07-18T09:15:42.266+0700] {dagbag.py:545} INFO - Filling up the DagBag from /home/menglim/airflow_venv/lib/python3.12/site-packages/airflow/example_dags/example_trigger_controller_dag.py
[2025-07-18T09:15:42.269+0700] {processor.py:840} INFO - DAG(s) 'example_trigger_controller_dag' retrieved from /home/menglim/airflow_venv/lib/python3.12/site-packages/airflow/example_dags/example_trigger_controller_dag.py
[2025-07-18T09:15:42.279+0700] {logging_mixin.py:188} INFO - [2025-07-18T09:15:42.279+0700] {dag.py:3096} INFO - Sync 1 DAGs
[2025-07-18T09:15:42.289+0700] {logging_mixin.py:188} INFO - [2025-07-18T09:15:42.289+0700] {dag.py:3954} INFO - Setting next_dagrun for example_trigger_controller_dag to 2021-01-01 00:00:00+00:00, run_after=2021-01-01 00:00:00+00:00
[2025-07-18T09:15:42.310+0700] {processor.py:183} INFO - Processing /home/menglim/airflow_venv/lib/python3.12/site-packages/airflow/example_dags/example_trigger_controller_dag.py took 0.051 seconds
[2025-07-18T09:16:43.520+0700] {processor.py:161} INFO - Started process (PID=5606) to work on /home/menglim/airflow_venv/lib/python3.12/site-packages/airflow/example_dags/example_trigger_controller_dag.py
[2025-07-18T09:16:43.521+0700] {processor.py:830} INFO - Processing file /home/menglim/airflow_venv/lib/python3.12/site-packages/airflow/example_dags/example_trigger_controller_dag.py for tasks to queue
[2025-07-18T09:16:43.522+0700] {logging_mixin.py:188} INFO - [2025-07-18T09:16:43.522+0700] {dagbag.py:545} INFO - Filling up the DagBag from /home/menglim/airflow_venv/lib/python3.12/site-packages/airflow/example_dags/example_trigger_controller_dag.py
[2025-07-18T09:16:43.526+0700] {processor.py:840} INFO - DAG(s) 'example_trigger_controller_dag' retrieved from /home/menglim/airflow_venv/lib/python3.12/site-packages/airflow/example_dags/example_trigger_controller_dag.py
[2025-07-18T09:16:43.538+0700] {logging_mixin.py:188} INFO - [2025-07-18T09:16:43.538+0700] {dag.py:3096} INFO - Sync 1 DAGs
[2025-07-18T09:16:43.549+0700] {logging_mixin.py:188} INFO - [2025-07-18T09:16:43.549+0700] {dag.py:3954} INFO - Setting next_dagrun for example_trigger_controller_dag to 2021-01-01 00:00:00+00:00, run_after=2021-01-01 00:00:00+00:00
[2025-07-18T09:16:43.573+0700] {processor.py:183} INFO - Processing /home/menglim/airflow_venv/lib/python3.12/site-packages/airflow/example_dags/example_trigger_controller_dag.py took 0.056 seconds
[2025-07-18T09:18:05.183+0700] {processor.py:161} INFO - Started process (PID=5877) to work on /home/menglim/airflow_venv/lib/python3.12/site-packages/airflow/example_dags/example_trigger_controller_dag.py
[2025-07-18T09:18:05.184+0700] {processor.py:830} INFO - Processing file /home/menglim/airflow_venv/lib/python3.12/site-packages/airflow/example_dags/example_trigger_controller_dag.py for tasks to queue
[2025-07-18T09:18:05.185+0700] {logging_mixin.py:188} INFO - [2025-07-18T09:18:05.185+0700] {dagbag.py:545} INFO - Filling up the DagBag from /home/menglim/airflow_venv/lib/python3.12/site-packages/airflow/example_dags/example_trigger_controller_dag.py
[2025-07-18T09:18:05.188+0700] {processor.py:840} INFO - DAG(s) 'example_trigger_controller_dag' retrieved from /home/menglim/airflow_venv/lib/python3.12/site-packages/airflow/example_dags/example_trigger_controller_dag.py
[2025-07-18T09:18:05.197+0700] {logging_mixin.py:188} INFO - [2025-07-18T09:18:05.197+0700] {dag.py:3096} INFO - Sync 1 DAGs
[2025-07-18T09:18:05.207+0700] {logging_mixin.py:188} INFO - [2025-07-18T09:18:05.206+0700] {dag.py:3954} INFO - Setting next_dagrun for example_trigger_controller_dag to 2021-01-01 00:00:00+00:00, run_after=2021-01-01 00:00:00+00:00
[2025-07-18T09:18:05.226+0700] {processor.py:183} INFO - Processing /home/menglim/airflow_venv/lib/python3.12/site-packages/airflow/example_dags/example_trigger_controller_dag.py took 0.046 seconds
[2025-07-18T09:19:19.942+0700] {processor.py:161} INFO - Started process (PID=6054) to work on /home/menglim/airflow_venv/lib/python3.12/site-packages/airflow/example_dags/example_trigger_controller_dag.py
[2025-07-18T09:19:19.943+0700] {processor.py:830} INFO - Processing file /home/menglim/airflow_venv/lib/python3.12/site-packages/airflow/example_dags/example_trigger_controller_dag.py for tasks to queue
[2025-07-18T09:19:19.944+0700] {logging_mixin.py:188} INFO - [2025-07-18T09:19:19.943+0700] {dagbag.py:545} INFO - Filling up the DagBag from /home/menglim/airflow_venv/lib/python3.12/site-packages/airflow/example_dags/example_trigger_controller_dag.py
[2025-07-18T09:19:19.950+0700] {processor.py:840} INFO - DAG(s) 'example_trigger_controller_dag' retrieved from /home/menglim/airflow_venv/lib/python3.12/site-packages/airflow/example_dags/example_trigger_controller_dag.py
[2025-07-18T09:19:19.970+0700] {logging_mixin.py:188} INFO - [2025-07-18T09:19:19.970+0700] {dag.py:3096} INFO - Sync 1 DAGs
[2025-07-18T09:19:20.056+0700] {logging_mixin.py:188} INFO - [2025-07-18T09:19:20.056+0700] {dag.py:3954} INFO - Setting next_dagrun for example_trigger_controller_dag to 2021-01-01 00:00:00+00:00, run_after=2021-01-01 00:00:00+00:00
[2025-07-18T09:19:20.079+0700] {processor.py:183} INFO - Processing /home/menglim/airflow_venv/lib/python3.12/site-packages/airflow/example_dags/example_trigger_controller_dag.py took 0.148 seconds
[2025-07-18T09:20:20.333+0700] {processor.py:161} INFO - Started process (PID=6190) to work on /home/menglim/airflow_venv/lib/python3.12/site-packages/airflow/example_dags/example_trigger_controller_dag.py
[2025-07-18T09:20:20.335+0700] {processor.py:830} INFO - Processing file /home/menglim/airflow_venv/lib/python3.12/site-packages/airflow/example_dags/example_trigger_controller_dag.py for tasks to queue
[2025-07-18T09:20:20.335+0700] {logging_mixin.py:188} INFO - [2025-07-18T09:20:20.335+0700] {dagbag.py:545} INFO - Filling up the DagBag from /home/menglim/airflow_venv/lib/python3.12/site-packages/airflow/example_dags/example_trigger_controller_dag.py
[2025-07-18T09:20:20.338+0700] {processor.py:840} INFO - DAG(s) 'example_trigger_controller_dag' retrieved from /home/menglim/airflow_venv/lib/python3.12/site-packages/airflow/example_dags/example_trigger_controller_dag.py
[2025-07-18T09:20:20.347+0700] {logging_mixin.py:188} INFO - [2025-07-18T09:20:20.347+0700] {dag.py:3096} INFO - Sync 1 DAGs
[2025-07-18T09:20:20.415+0700] {logging_mixin.py:188} INFO - [2025-07-18T09:20:20.415+0700] {dag.py:3954} INFO - Setting next_dagrun for example_trigger_controller_dag to 2021-01-01 00:00:00+00:00, run_after=2021-01-01 00:00:00+00:00
[2025-07-18T09:20:20.435+0700] {processor.py:183} INFO - Processing /home/menglim/airflow_venv/lib/python3.12/site-packages/airflow/example_dags/example_trigger_controller_dag.py took 0.105 seconds
[2025-07-18T09:21:27.925+0700] {processor.py:161} INFO - Started process (PID=6390) to work on /home/menglim/airflow_venv/lib/python3.12/site-packages/airflow/example_dags/example_trigger_controller_dag.py
[2025-07-18T09:21:27.928+0700] {processor.py:830} INFO - Processing file /home/menglim/airflow_venv/lib/python3.12/site-packages/airflow/example_dags/example_trigger_controller_dag.py for tasks to queue
[2025-07-18T09:21:27.929+0700] {logging_mixin.py:188} INFO - [2025-07-18T09:21:27.928+0700] {dagbag.py:545} INFO - Filling up the DagBag from /home/menglim/airflow_venv/lib/python3.12/site-packages/airflow/example_dags/example_trigger_controller_dag.py
[2025-07-18T09:21:27.932+0700] {processor.py:840} INFO - DAG(s) 'example_trigger_controller_dag' retrieved from /home/menglim/airflow_venv/lib/python3.12/site-packages/airflow/example_dags/example_trigger_controller_dag.py
[2025-07-18T09:21:27.941+0700] {logging_mixin.py:188} INFO - [2025-07-18T09:21:27.941+0700] {dag.py:3096} INFO - Sync 1 DAGs
[2025-07-18T09:21:27.952+0700] {logging_mixin.py:188} INFO - [2025-07-18T09:21:27.952+0700] {dag.py:3954} INFO - Setting next_dagrun for example_trigger_controller_dag to 2021-01-01 00:00:00+00:00, run_after=2021-01-01 00:00:00+00:00
[2025-07-18T09:21:27.972+0700] {processor.py:183} INFO - Processing /home/menglim/airflow_venv/lib/python3.12/site-packages/airflow/example_dags/example_trigger_controller_dag.py took 0.051 seconds
[2025-07-18T09:22:51.180+0700] {processor.py:161} INFO - Started process (PID=6619) to work on /home/menglim/airflow_venv/lib/python3.12/site-packages/airflow/example_dags/example_trigger_controller_dag.py
[2025-07-18T09:22:51.182+0700] {processor.py:830} INFO - Processing file /home/menglim/airflow_venv/lib/python3.12/site-packages/airflow/example_dags/example_trigger_controller_dag.py for tasks to queue
[2025-07-18T09:22:51.183+0700] {logging_mixin.py:188} INFO - [2025-07-18T09:22:51.183+0700] {dagbag.py:545} INFO - Filling up the DagBag from /home/menglim/airflow_venv/lib/python3.12/site-packages/airflow/example_dags/example_trigger_controller_dag.py
[2025-07-18T09:22:51.186+0700] {processor.py:840} INFO - DAG(s) 'example_trigger_controller_dag' retrieved from /home/menglim/airflow_venv/lib/python3.12/site-packages/airflow/example_dags/example_trigger_controller_dag.py
[2025-07-18T09:22:51.195+0700] {logging_mixin.py:188} INFO - [2025-07-18T09:22:51.195+0700] {dag.py:3096} INFO - Sync 1 DAGs
[2025-07-18T09:22:51.205+0700] {logging_mixin.py:188} INFO - [2025-07-18T09:22:51.205+0700] {dag.py:3954} INFO - Setting next_dagrun for example_trigger_controller_dag to 2021-01-01 00:00:00+00:00, run_after=2021-01-01 00:00:00+00:00
[2025-07-18T09:22:51.226+0700] {processor.py:183} INFO - Processing /home/menglim/airflow_venv/lib/python3.12/site-packages/airflow/example_dags/example_trigger_controller_dag.py took 0.049 seconds
[2025-07-18T09:24:00.240+0700] {processor.py:161} INFO - Started process (PID=6799) to work on /home/menglim/airflow_venv/lib/python3.12/site-packages/airflow/example_dags/example_trigger_controller_dag.py
[2025-07-18T09:24:00.242+0700] {processor.py:830} INFO - Processing file /home/menglim/airflow_venv/lib/python3.12/site-packages/airflow/example_dags/example_trigger_controller_dag.py for tasks to queue
[2025-07-18T09:24:00.243+0700] {logging_mixin.py:188} INFO - [2025-07-18T09:24:00.243+0700] {dagbag.py:545} INFO - Filling up the DagBag from /home/menglim/airflow_venv/lib/python3.12/site-packages/airflow/example_dags/example_trigger_controller_dag.py
[2025-07-18T09:24:00.247+0700] {processor.py:840} INFO - DAG(s) 'example_trigger_controller_dag' retrieved from /home/menglim/airflow_venv/lib/python3.12/site-packages/airflow/example_dags/example_trigger_controller_dag.py
[2025-07-18T09:24:00.256+0700] {logging_mixin.py:188} INFO - [2025-07-18T09:24:00.256+0700] {dag.py:3096} INFO - Sync 1 DAGs
[2025-07-18T09:24:00.269+0700] {logging_mixin.py:188} INFO - [2025-07-18T09:24:00.269+0700] {dag.py:3954} INFO - Setting next_dagrun for example_trigger_controller_dag to 2021-01-01 00:00:00+00:00, run_after=2021-01-01 00:00:00+00:00
[2025-07-18T09:24:00.289+0700] {processor.py:183} INFO - Processing /home/menglim/airflow_venv/lib/python3.12/site-packages/airflow/example_dags/example_trigger_controller_dag.py took 0.052 seconds
[2025-07-18T09:25:08.844+0700] {processor.py:161} INFO - Started process (PID=6974) to work on /home/menglim/airflow_venv/lib/python3.12/site-packages/airflow/example_dags/example_trigger_controller_dag.py
[2025-07-18T09:25:08.845+0700] {processor.py:830} INFO - Processing file /home/menglim/airflow_venv/lib/python3.12/site-packages/airflow/example_dags/example_trigger_controller_dag.py for tasks to queue
[2025-07-18T09:25:08.846+0700] {logging_mixin.py:188} INFO - [2025-07-18T09:25:08.846+0700] {dagbag.py:545} INFO - Filling up the DagBag from /home/menglim/airflow_venv/lib/python3.12/site-packages/airflow/example_dags/example_trigger_controller_dag.py
[2025-07-18T09:25:08.851+0700] {processor.py:840} INFO - DAG(s) 'example_trigger_controller_dag' retrieved from /home/menglim/airflow_venv/lib/python3.12/site-packages/airflow/example_dags/example_trigger_controller_dag.py
[2025-07-18T09:25:08.866+0700] {logging_mixin.py:188} INFO - [2025-07-18T09:25:08.866+0700] {dag.py:3096} INFO - Sync 1 DAGs
[2025-07-18T09:25:08.882+0700] {logging_mixin.py:188} INFO - [2025-07-18T09:25:08.882+0700] {dag.py:3954} INFO - Setting next_dagrun for example_trigger_controller_dag to 2021-01-01 00:00:00+00:00, run_after=2021-01-01 00:00:00+00:00
[2025-07-18T09:25:08.905+0700] {processor.py:183} INFO - Processing /home/menglim/airflow_venv/lib/python3.12/site-packages/airflow/example_dags/example_trigger_controller_dag.py took 0.065 seconds
[2025-07-18T09:26:14.237+0700] {processor.py:161} INFO - Started process (PID=7148) to work on /home/menglim/airflow_venv/lib/python3.12/site-packages/airflow/example_dags/example_trigger_controller_dag.py
[2025-07-18T09:26:14.238+0700] {processor.py:830} INFO - Processing file /home/menglim/airflow_venv/lib/python3.12/site-packages/airflow/example_dags/example_trigger_controller_dag.py for tasks to queue
[2025-07-18T09:26:14.239+0700] {logging_mixin.py:188} INFO - [2025-07-18T09:26:14.238+0700] {dagbag.py:545} INFO - Filling up the DagBag from /home/menglim/airflow_venv/lib/python3.12/site-packages/airflow/example_dags/example_trigger_controller_dag.py
[2025-07-18T09:26:14.242+0700] {processor.py:840} INFO - DAG(s) 'example_trigger_controller_dag' retrieved from /home/menglim/airflow_venv/lib/python3.12/site-packages/airflow/example_dags/example_trigger_controller_dag.py
[2025-07-18T09:26:14.251+0700] {logging_mixin.py:188} INFO - [2025-07-18T09:26:14.251+0700] {dag.py:3096} INFO - Sync 1 DAGs
[2025-07-18T09:26:14.261+0700] {logging_mixin.py:188} INFO - [2025-07-18T09:26:14.261+0700] {dag.py:3954} INFO - Setting next_dagrun for example_trigger_controller_dag to 2021-01-01 00:00:00+00:00, run_after=2021-01-01 00:00:00+00:00
[2025-07-18T09:26:14.281+0700] {processor.py:183} INFO - Processing /home/menglim/airflow_venv/lib/python3.12/site-packages/airflow/example_dags/example_trigger_controller_dag.py took 0.047 seconds
[2025-07-18T09:27:16.300+0700] {processor.py:161} INFO - Started process (PID=7284) to work on /home/menglim/airflow_venv/lib/python3.12/site-packages/airflow/example_dags/example_trigger_controller_dag.py
[2025-07-18T09:27:16.302+0700] {processor.py:830} INFO - Processing file /home/menglim/airflow_venv/lib/python3.12/site-packages/airflow/example_dags/example_trigger_controller_dag.py for tasks to queue
[2025-07-18T09:27:16.303+0700] {logging_mixin.py:188} INFO - [2025-07-18T09:27:16.303+0700] {dagbag.py:545} INFO - Filling up the DagBag from /home/menglim/airflow_venv/lib/python3.12/site-packages/airflow/example_dags/example_trigger_controller_dag.py
[2025-07-18T09:27:16.306+0700] {processor.py:840} INFO - DAG(s) 'example_trigger_controller_dag' retrieved from /home/menglim/airflow_venv/lib/python3.12/site-packages/airflow/example_dags/example_trigger_controller_dag.py
[2025-07-18T09:27:16.315+0700] {logging_mixin.py:188} INFO - [2025-07-18T09:27:16.315+0700] {dag.py:3096} INFO - Sync 1 DAGs
[2025-07-18T09:27:16.326+0700] {logging_mixin.py:188} INFO - [2025-07-18T09:27:16.326+0700] {dag.py:3954} INFO - Setting next_dagrun for example_trigger_controller_dag to 2021-01-01 00:00:00+00:00, run_after=2021-01-01 00:00:00+00:00
[2025-07-18T09:27:16.347+0700] {processor.py:183} INFO - Processing /home/menglim/airflow_venv/lib/python3.12/site-packages/airflow/example_dags/example_trigger_controller_dag.py took 0.051 seconds
[2025-07-18T09:28:30.101+0700] {processor.py:161} INFO - Started process (PID=7392) to work on /home/menglim/airflow_venv/lib/python3.12/site-packages/airflow/example_dags/example_trigger_controller_dag.py
[2025-07-18T09:28:30.103+0700] {processor.py:830} INFO - Processing file /home/menglim/airflow_venv/lib/python3.12/site-packages/airflow/example_dags/example_trigger_controller_dag.py for tasks to queue
[2025-07-18T09:28:30.104+0700] {logging_mixin.py:188} INFO - [2025-07-18T09:28:30.104+0700] {dagbag.py:545} INFO - Filling up the DagBag from /home/menglim/airflow_venv/lib/python3.12/site-packages/airflow/example_dags/example_trigger_controller_dag.py
[2025-07-18T09:28:30.107+0700] {processor.py:840} INFO - DAG(s) 'example_trigger_controller_dag' retrieved from /home/menglim/airflow_venv/lib/python3.12/site-packages/airflow/example_dags/example_trigger_controller_dag.py
[2025-07-18T09:28:30.116+0700] {logging_mixin.py:188} INFO - [2025-07-18T09:28:30.116+0700] {dag.py:3096} INFO - Sync 1 DAGs
[2025-07-18T09:28:30.126+0700] {logging_mixin.py:188} INFO - [2025-07-18T09:28:30.125+0700] {dag.py:3954} INFO - Setting next_dagrun for example_trigger_controller_dag to 2021-01-01 00:00:00+00:00, run_after=2021-01-01 00:00:00+00:00
[2025-07-18T09:28:30.146+0700] {processor.py:183} INFO - Processing /home/menglim/airflow_venv/lib/python3.12/site-packages/airflow/example_dags/example_trigger_controller_dag.py took 0.049 seconds
[2025-07-18T09:29:26.328+0700] {processor.py:161} INFO - Started process (PID=7479) to work on /home/menglim/airflow_venv/lib/python3.12/site-packages/airflow/example_dags/example_trigger_controller_dag.py
[2025-07-18T09:29:26.331+0700] {processor.py:830} INFO - Processing file /home/menglim/airflow_venv/lib/python3.12/site-packages/airflow/example_dags/example_trigger_controller_dag.py for tasks to queue
[2025-07-18T09:29:26.331+0700] {logging_mixin.py:188} INFO - [2025-07-18T09:29:26.331+0700] {dagbag.py:545} INFO - Filling up the DagBag from /home/menglim/airflow_venv/lib/python3.12/site-packages/airflow/example_dags/example_trigger_controller_dag.py
[2025-07-18T09:29:26.334+0700] {processor.py:840} INFO - DAG(s) 'example_trigger_controller_dag' retrieved from /home/menglim/airflow_venv/lib/python3.12/site-packages/airflow/example_dags/example_trigger_controller_dag.py
[2025-07-18T09:29:26.343+0700] {logging_mixin.py:188} INFO - [2025-07-18T09:29:26.343+0700] {dag.py:3096} INFO - Sync 1 DAGs
[2025-07-18T09:29:26.353+0700] {logging_mixin.py:188} INFO - [2025-07-18T09:29:26.353+0700] {dag.py:3954} INFO - Setting next_dagrun for example_trigger_controller_dag to 2021-01-01 00:00:00+00:00, run_after=2021-01-01 00:00:00+00:00
[2025-07-18T09:29:26.373+0700] {processor.py:183} INFO - Processing /home/menglim/airflow_venv/lib/python3.12/site-packages/airflow/example_dags/example_trigger_controller_dag.py took 0.048 seconds
[2025-07-18T09:30:27.985+0700] {processor.py:161} INFO - Started process (PID=7604) to work on /home/menglim/airflow_venv/lib/python3.12/site-packages/airflow/example_dags/example_trigger_controller_dag.py
[2025-07-18T09:30:27.987+0700] {processor.py:830} INFO - Processing file /home/menglim/airflow_venv/lib/python3.12/site-packages/airflow/example_dags/example_trigger_controller_dag.py for tasks to queue
[2025-07-18T09:30:27.988+0700] {logging_mixin.py:188} INFO - [2025-07-18T09:30:27.987+0700] {dagbag.py:545} INFO - Filling up the DagBag from /home/menglim/airflow_venv/lib/python3.12/site-packages/airflow/example_dags/example_trigger_controller_dag.py
[2025-07-18T09:30:27.992+0700] {processor.py:840} INFO - DAG(s) 'example_trigger_controller_dag' retrieved from /home/menglim/airflow_venv/lib/python3.12/site-packages/airflow/example_dags/example_trigger_controller_dag.py
[2025-07-18T09:30:28.001+0700] {logging_mixin.py:188} INFO - [2025-07-18T09:30:28.001+0700] {dag.py:3096} INFO - Sync 1 DAGs
[2025-07-18T09:30:28.011+0700] {logging_mixin.py:188} INFO - [2025-07-18T09:30:28.011+0700] {dag.py:3954} INFO - Setting next_dagrun for example_trigger_controller_dag to 2021-01-01 00:00:00+00:00, run_after=2021-01-01 00:00:00+00:00
[2025-07-18T09:30:28.032+0700] {processor.py:183} INFO - Processing /home/menglim/airflow_venv/lib/python3.12/site-packages/airflow/example_dags/example_trigger_controller_dag.py took 0.050 seconds
[2025-07-18T09:31:21.188+0700] {processor.py:161} INFO - Started process (PID=7682) to work on /home/menglim/airflow_venv/lib/python3.12/site-packages/airflow/example_dags/example_trigger_controller_dag.py
[2025-07-18T09:31:21.191+0700] {processor.py:830} INFO - Processing file /home/menglim/airflow_venv/lib/python3.12/site-packages/airflow/example_dags/example_trigger_controller_dag.py for tasks to queue
[2025-07-18T09:31:21.191+0700] {logging_mixin.py:188} INFO - [2025-07-18T09:31:21.191+0700] {dagbag.py:545} INFO - Filling up the DagBag from /home/menglim/airflow_venv/lib/python3.12/site-packages/airflow/example_dags/example_trigger_controller_dag.py
[2025-07-18T09:31:21.195+0700] {processor.py:840} INFO - DAG(s) 'example_trigger_controller_dag' retrieved from /home/menglim/airflow_venv/lib/python3.12/site-packages/airflow/example_dags/example_trigger_controller_dag.py
[2025-07-18T09:31:21.203+0700] {logging_mixin.py:188} INFO - [2025-07-18T09:31:21.203+0700] {dag.py:3096} INFO - Sync 1 DAGs
[2025-07-18T09:31:21.213+0700] {logging_mixin.py:188} INFO - [2025-07-18T09:31:21.213+0700] {dag.py:3954} INFO - Setting next_dagrun for example_trigger_controller_dag to 2021-01-01 00:00:00+00:00, run_after=2021-01-01 00:00:00+00:00
[2025-07-18T09:31:21.233+0700] {processor.py:183} INFO - Processing /home/menglim/airflow_venv/lib/python3.12/site-packages/airflow/example_dags/example_trigger_controller_dag.py took 0.048 seconds
[2025-07-18T09:32:10.141+0700] {processor.py:161} INFO - Started process (PID=7762) to work on /home/menglim/airflow_venv/lib/python3.12/site-packages/airflow/example_dags/example_trigger_controller_dag.py
[2025-07-18T09:32:10.144+0700] {processor.py:830} INFO - Processing file /home/menglim/airflow_venv/lib/python3.12/site-packages/airflow/example_dags/example_trigger_controller_dag.py for tasks to queue
[2025-07-18T09:32:10.144+0700] {logging_mixin.py:188} INFO - [2025-07-18T09:32:10.144+0700] {dagbag.py:545} INFO - Filling up the DagBag from /home/menglim/airflow_venv/lib/python3.12/site-packages/airflow/example_dags/example_trigger_controller_dag.py
[2025-07-18T09:32:10.147+0700] {processor.py:840} INFO - DAG(s) 'example_trigger_controller_dag' retrieved from /home/menglim/airflow_venv/lib/python3.12/site-packages/airflow/example_dags/example_trigger_controller_dag.py
[2025-07-18T09:32:10.156+0700] {logging_mixin.py:188} INFO - [2025-07-18T09:32:10.156+0700] {dag.py:3096} INFO - Sync 1 DAGs
[2025-07-18T09:32:10.166+0700] {logging_mixin.py:188} INFO - [2025-07-18T09:32:10.166+0700] {dag.py:3954} INFO - Setting next_dagrun for example_trigger_controller_dag to 2021-01-01 00:00:00+00:00, run_after=2021-01-01 00:00:00+00:00
[2025-07-18T09:32:10.186+0700] {processor.py:183} INFO - Processing /home/menglim/airflow_venv/lib/python3.12/site-packages/airflow/example_dags/example_trigger_controller_dag.py took 0.048 seconds
[2025-07-18T09:33:03.762+0700] {processor.py:161} INFO - Started process (PID=7843) to work on /home/menglim/airflow_venv/lib/python3.12/site-packages/airflow/example_dags/example_trigger_controller_dag.py
[2025-07-18T09:33:03.763+0700] {processor.py:830} INFO - Processing file /home/menglim/airflow_venv/lib/python3.12/site-packages/airflow/example_dags/example_trigger_controller_dag.py for tasks to queue
[2025-07-18T09:33:03.763+0700] {logging_mixin.py:188} INFO - [2025-07-18T09:33:03.763+0700] {dagbag.py:545} INFO - Filling up the DagBag from /home/menglim/airflow_venv/lib/python3.12/site-packages/airflow/example_dags/example_trigger_controller_dag.py
[2025-07-18T09:33:03.767+0700] {processor.py:840} INFO - DAG(s) 'example_trigger_controller_dag' retrieved from /home/menglim/airflow_venv/lib/python3.12/site-packages/airflow/example_dags/example_trigger_controller_dag.py
[2025-07-18T09:33:03.775+0700] {logging_mixin.py:188} INFO - [2025-07-18T09:33:03.775+0700] {dag.py:3096} INFO - Sync 1 DAGs
[2025-07-18T09:33:03.785+0700] {logging_mixin.py:188} INFO - [2025-07-18T09:33:03.784+0700] {dag.py:3954} INFO - Setting next_dagrun for example_trigger_controller_dag to 2021-01-01 00:00:00+00:00, run_after=2021-01-01 00:00:00+00:00
[2025-07-18T09:33:03.806+0700] {processor.py:183} INFO - Processing /home/menglim/airflow_venv/lib/python3.12/site-packages/airflow/example_dags/example_trigger_controller_dag.py took 0.047 seconds
[2025-07-18T09:33:51.267+0700] {processor.py:161} INFO - Started process (PID=7920) to work on /home/menglim/airflow_venv/lib/python3.12/site-packages/airflow/example_dags/example_trigger_controller_dag.py
[2025-07-18T09:33:51.269+0700] {processor.py:830} INFO - Processing file /home/menglim/airflow_venv/lib/python3.12/site-packages/airflow/example_dags/example_trigger_controller_dag.py for tasks to queue
[2025-07-18T09:33:51.269+0700] {logging_mixin.py:188} INFO - [2025-07-18T09:33:51.269+0700] {dagbag.py:545} INFO - Filling up the DagBag from /home/menglim/airflow_venv/lib/python3.12/site-packages/airflow/example_dags/example_trigger_controller_dag.py
[2025-07-18T09:33:51.273+0700] {processor.py:840} INFO - DAG(s) 'example_trigger_controller_dag' retrieved from /home/menglim/airflow_venv/lib/python3.12/site-packages/airflow/example_dags/example_trigger_controller_dag.py
[2025-07-18T09:33:51.282+0700] {logging_mixin.py:188} INFO - [2025-07-18T09:33:51.282+0700] {dag.py:3096} INFO - Sync 1 DAGs
[2025-07-18T09:33:51.292+0700] {logging_mixin.py:188} INFO - [2025-07-18T09:33:51.292+0700] {dag.py:3954} INFO - Setting next_dagrun for example_trigger_controller_dag to 2021-01-01 00:00:00+00:00, run_after=2021-01-01 00:00:00+00:00
[2025-07-18T09:33:51.313+0700] {processor.py:183} INFO - Processing /home/menglim/airflow_venv/lib/python3.12/site-packages/airflow/example_dags/example_trigger_controller_dag.py took 0.050 seconds
[2025-07-18T09:34:46.096+0700] {processor.py:161} INFO - Started process (PID=8076) to work on /home/menglim/airflow_venv/lib/python3.12/site-packages/airflow/example_dags/example_trigger_controller_dag.py
[2025-07-18T09:34:46.097+0700] {processor.py:830} INFO - Processing file /home/menglim/airflow_venv/lib/python3.12/site-packages/airflow/example_dags/example_trigger_controller_dag.py for tasks to queue
[2025-07-18T09:34:46.097+0700] {logging_mixin.py:188} INFO - [2025-07-18T09:34:46.097+0700] {dagbag.py:545} INFO - Filling up the DagBag from /home/menglim/airflow_venv/lib/python3.12/site-packages/airflow/example_dags/example_trigger_controller_dag.py
[2025-07-18T09:34:46.102+0700] {processor.py:840} INFO - DAG(s) 'example_trigger_controller_dag' retrieved from /home/menglim/airflow_venv/lib/python3.12/site-packages/airflow/example_dags/example_trigger_controller_dag.py
[2025-07-18T09:34:46.113+0700] {logging_mixin.py:188} INFO - [2025-07-18T09:34:46.112+0700] {dag.py:3096} INFO - Sync 1 DAGs
[2025-07-18T09:34:46.124+0700] {logging_mixin.py:188} INFO - [2025-07-18T09:34:46.124+0700] {dag.py:3954} INFO - Setting next_dagrun for example_trigger_controller_dag to 2021-01-01 00:00:00+00:00, run_after=2021-01-01 00:00:00+00:00
[2025-07-18T09:34:46.145+0700] {processor.py:183} INFO - Processing /home/menglim/airflow_venv/lib/python3.12/site-packages/airflow/example_dags/example_trigger_controller_dag.py took 0.054 seconds
[2025-07-18T09:35:34.794+0700] {processor.py:161} INFO - Started process (PID=8167) to work on /home/menglim/airflow_venv/lib/python3.12/site-packages/airflow/example_dags/example_trigger_controller_dag.py
[2025-07-18T09:35:34.798+0700] {processor.py:830} INFO - Processing file /home/menglim/airflow_venv/lib/python3.12/site-packages/airflow/example_dags/example_trigger_controller_dag.py for tasks to queue
[2025-07-18T09:35:34.801+0700] {logging_mixin.py:188} INFO - [2025-07-18T09:35:34.800+0700] {dagbag.py:545} INFO - Filling up the DagBag from /home/menglim/airflow_venv/lib/python3.12/site-packages/airflow/example_dags/example_trigger_controller_dag.py
[2025-07-18T09:35:34.807+0700] {processor.py:840} INFO - DAG(s) 'example_trigger_controller_dag' retrieved from /home/menglim/airflow_venv/lib/python3.12/site-packages/airflow/example_dags/example_trigger_controller_dag.py
[2025-07-18T09:35:34.828+0700] {logging_mixin.py:188} INFO - [2025-07-18T09:35:34.827+0700] {dag.py:3096} INFO - Sync 1 DAGs
[2025-07-18T09:35:34.878+0700] {logging_mixin.py:188} INFO - [2025-07-18T09:35:34.877+0700] {dag.py:3954} INFO - Setting next_dagrun for example_trigger_controller_dag to 2021-01-01 00:00:00+00:00, run_after=2021-01-01 00:00:00+00:00
[2025-07-18T09:35:34.917+0700] {processor.py:183} INFO - Processing /home/menglim/airflow_venv/lib/python3.12/site-packages/airflow/example_dags/example_trigger_controller_dag.py took 0.130 seconds
[2025-07-18T09:36:27.716+0700] {processor.py:161} INFO - Started process (PID=8249) to work on /home/menglim/airflow_venv/lib/python3.12/site-packages/airflow/example_dags/example_trigger_controller_dag.py
[2025-07-18T09:36:27.719+0700] {processor.py:830} INFO - Processing file /home/menglim/airflow_venv/lib/python3.12/site-packages/airflow/example_dags/example_trigger_controller_dag.py for tasks to queue
[2025-07-18T09:36:27.719+0700] {logging_mixin.py:188} INFO - [2025-07-18T09:36:27.719+0700] {dagbag.py:545} INFO - Filling up the DagBag from /home/menglim/airflow_venv/lib/python3.12/site-packages/airflow/example_dags/example_trigger_controller_dag.py
[2025-07-18T09:36:27.722+0700] {processor.py:840} INFO - DAG(s) 'example_trigger_controller_dag' retrieved from /home/menglim/airflow_venv/lib/python3.12/site-packages/airflow/example_dags/example_trigger_controller_dag.py
[2025-07-18T09:36:27.732+0700] {logging_mixin.py:188} INFO - [2025-07-18T09:36:27.732+0700] {dag.py:3096} INFO - Sync 1 DAGs
[2025-07-18T09:36:27.742+0700] {logging_mixin.py:188} INFO - [2025-07-18T09:36:27.742+0700] {dag.py:3954} INFO - Setting next_dagrun for example_trigger_controller_dag to 2021-01-01 00:00:00+00:00, run_after=2021-01-01 00:00:00+00:00
[2025-07-18T09:36:27.766+0700] {processor.py:183} INFO - Processing /home/menglim/airflow_venv/lib/python3.12/site-packages/airflow/example_dags/example_trigger_controller_dag.py took 0.054 seconds
[2025-07-18T09:37:34.463+0700] {processor.py:161} INFO - Started process (PID=8348) to work on /home/menglim/airflow_venv/lib/python3.12/site-packages/airflow/example_dags/example_trigger_controller_dag.py
[2025-07-18T09:37:34.465+0700] {processor.py:830} INFO - Processing file /home/menglim/airflow_venv/lib/python3.12/site-packages/airflow/example_dags/example_trigger_controller_dag.py for tasks to queue
[2025-07-18T09:37:34.467+0700] {logging_mixin.py:188} INFO - [2025-07-18T09:37:34.466+0700] {dagbag.py:545} INFO - Filling up the DagBag from /home/menglim/airflow_venv/lib/python3.12/site-packages/airflow/example_dags/example_trigger_controller_dag.py
[2025-07-18T09:37:34.475+0700] {processor.py:840} INFO - DAG(s) 'example_trigger_controller_dag' retrieved from /home/menglim/airflow_venv/lib/python3.12/site-packages/airflow/example_dags/example_trigger_controller_dag.py
[2025-07-18T09:37:34.505+0700] {logging_mixin.py:188} INFO - [2025-07-18T09:37:34.504+0700] {dag.py:3096} INFO - Sync 1 DAGs
[2025-07-18T09:37:34.531+0700] {logging_mixin.py:188} INFO - [2025-07-18T09:37:34.531+0700] {dag.py:3954} INFO - Setting next_dagrun for example_trigger_controller_dag to 2021-01-01 00:00:00+00:00, run_after=2021-01-01 00:00:00+00:00
[2025-07-18T09:37:34.576+0700] {processor.py:183} INFO - Processing /home/menglim/airflow_venv/lib/python3.12/site-packages/airflow/example_dags/example_trigger_controller_dag.py took 0.123 seconds
