[2025-07-18T08:59:52.780+0700] {processor.py:161} INFO - Started process (PID=2932) to work on /home/menglim/airflow_venv/lib/python3.12/site-packages/airflow/example_dags/example_params_ui_tutorial.py
[2025-07-18T08:59:52.780+0700] {processor.py:830} INFO - Processing file /home/menglim/airflow_venv/lib/python3.12/site-packages/airflow/example_dags/example_params_ui_tutorial.py for tasks to queue
[2025-07-18T08:59:52.781+0700] {logging_mixin.py:188} INFO - [2025-07-18T08:59:52.781+0700] {dagbag.py:545} INFO - Filling up the DagBag from /home/menglim/airflow_venv/lib/python3.12/site-packages/airflow/example_dags/example_params_ui_tutorial.py
[2025-07-18T08:59:52.788+0700] {processor.py:840} INFO - DAG(s) 'example_params_ui_tutorial' retrieved from /home/menglim/airflow_venv/lib/python3.12/site-packages/airflow/example_dags/example_params_ui_tutorial.py
[2025-07-18T08:59:52.793+0700] {logging_mixin.py:188} INFO - [2025-07-18T08:59:52.793+0700] {dag.py:3096} INFO - Sync 1 DAGs
[2025-07-18T08:59:52.800+0700] {logging_mixin.py:188} INFO - [2025-07-18T08:59:52.799+0700] {dag.py:3954} INFO - Setting next_dagrun for example_params_ui_tutorial to None, run_after=None
[2025-07-18T08:59:52.821+0700] {processor.py:183} INFO - Processing /home/menglim/airflow_venv/lib/python3.12/site-packages/airflow/example_dags/example_params_ui_tutorial.py took 0.044 seconds
[2025-07-18T09:00:51.846+0700] {processor.py:161} INFO - Started process (PID=3303) to work on /home/menglim/airflow_venv/lib/python3.12/site-packages/airflow/example_dags/example_params_ui_tutorial.py
[2025-07-18T09:00:51.848+0700] {processor.py:830} INFO - Processing file /home/menglim/airflow_venv/lib/python3.12/site-packages/airflow/example_dags/example_params_ui_tutorial.py for tasks to queue
[2025-07-18T09:00:51.849+0700] {logging_mixin.py:188} INFO - [2025-07-18T09:00:51.849+0700] {dagbag.py:545} INFO - Filling up the DagBag from /home/menglim/airflow_venv/lib/python3.12/site-packages/airflow/example_dags/example_params_ui_tutorial.py
[2025-07-18T09:00:51.855+0700] {processor.py:840} INFO - DAG(s) 'example_params_ui_tutorial' retrieved from /home/menglim/airflow_venv/lib/python3.12/site-packages/airflow/example_dags/example_params_ui_tutorial.py
[2025-07-18T09:00:51.913+0700] {logging_mixin.py:188} INFO - [2025-07-18T09:00:51.913+0700] {dag.py:3096} INFO - Sync 1 DAGs
[2025-07-18T09:00:51.917+0700] {logging_mixin.py:188} INFO - [2025-07-18T09:00:51.917+0700] {dag.py:3954} INFO - Setting next_dagrun for example_params_ui_tutorial to None, run_after=None
[2025-07-18T09:00:51.945+0700] {processor.py:183} INFO - Processing /home/menglim/airflow_venv/lib/python3.12/site-packages/airflow/example_dags/example_params_ui_tutorial.py took 0.102 seconds
[2025-07-18T09:01:39.922+0700] {processor.py:161} INFO - Started process (PID=3383) to work on /home/menglim/airflow_venv/lib/python3.12/site-packages/airflow/example_dags/example_params_ui_tutorial.py
[2025-07-18T09:01:39.924+0700] {processor.py:830} INFO - Processing file /home/menglim/airflow_venv/lib/python3.12/site-packages/airflow/example_dags/example_params_ui_tutorial.py for tasks to queue
[2025-07-18T09:01:39.925+0700] {logging_mixin.py:188} INFO - [2025-07-18T09:01:39.924+0700] {dagbag.py:545} INFO - Filling up the DagBag from /home/menglim/airflow_venv/lib/python3.12/site-packages/airflow/example_dags/example_params_ui_tutorial.py
[2025-07-18T09:01:39.931+0700] {processor.py:840} INFO - DAG(s) 'example_params_ui_tutorial' retrieved from /home/menglim/airflow_venv/lib/python3.12/site-packages/airflow/example_dags/example_params_ui_tutorial.py
[2025-07-18T09:01:39.954+0700] {logging_mixin.py:188} INFO - [2025-07-18T09:01:39.954+0700] {dag.py:3096} INFO - Sync 1 DAGs
[2025-07-18T09:01:39.962+0700] {logging_mixin.py:188} INFO - [2025-07-18T09:01:39.962+0700] {dag.py:3954} INFO - Setting next_dagrun for example_params_ui_tutorial to None, run_after=None
[2025-07-18T09:01:39.986+0700] {processor.py:183} INFO - Processing /home/menglim/airflow_venv/lib/python3.12/site-packages/airflow/example_dags/example_params_ui_tutorial.py took 0.067 seconds
[2025-07-18T09:02:45.364+0700] {processor.py:161} INFO - Started process (PID=3577) to work on /home/menglim/airflow_venv/lib/python3.12/site-packages/airflow/example_dags/example_params_ui_tutorial.py
[2025-07-18T09:02:45.365+0700] {processor.py:830} INFO - Processing file /home/menglim/airflow_venv/lib/python3.12/site-packages/airflow/example_dags/example_params_ui_tutorial.py for tasks to queue
[2025-07-18T09:02:45.366+0700] {logging_mixin.py:188} INFO - [2025-07-18T09:02:45.366+0700] {dagbag.py:545} INFO - Filling up the DagBag from /home/menglim/airflow_venv/lib/python3.12/site-packages/airflow/example_dags/example_params_ui_tutorial.py
[2025-07-18T09:02:45.373+0700] {processor.py:840} INFO - DAG(s) 'example_params_ui_tutorial' retrieved from /home/menglim/airflow_venv/lib/python3.12/site-packages/airflow/example_dags/example_params_ui_tutorial.py
[2025-07-18T09:02:45.395+0700] {logging_mixin.py:188} INFO - [2025-07-18T09:02:45.395+0700] {dag.py:3096} INFO - Sync 1 DAGs
[2025-07-18T09:02:45.401+0700] {logging_mixin.py:188} INFO - [2025-07-18T09:02:45.401+0700] {dag.py:3954} INFO - Setting next_dagrun for example_params_ui_tutorial to None, run_after=None
[2025-07-18T09:02:45.421+0700] {processor.py:183} INFO - Processing /home/menglim/airflow_venv/lib/python3.12/site-packages/airflow/example_dags/example_params_ui_tutorial.py took 0.060 seconds
[2025-07-18T09:03:40.445+0700] {processor.py:161} INFO - Started process (PID=3662) to work on /home/menglim/airflow_venv/lib/python3.12/site-packages/airflow/example_dags/example_params_ui_tutorial.py
[2025-07-18T09:03:40.449+0700] {processor.py:830} INFO - Processing file /home/menglim/airflow_venv/lib/python3.12/site-packages/airflow/example_dags/example_params_ui_tutorial.py for tasks to queue
[2025-07-18T09:03:40.451+0700] {logging_mixin.py:188} INFO - [2025-07-18T09:03:40.451+0700] {dagbag.py:545} INFO - Filling up the DagBag from /home/menglim/airflow_venv/lib/python3.12/site-packages/airflow/example_dags/example_params_ui_tutorial.py
[2025-07-18T09:03:40.463+0700] {processor.py:840} INFO - DAG(s) 'example_params_ui_tutorial' retrieved from /home/menglim/airflow_venv/lib/python3.12/site-packages/airflow/example_dags/example_params_ui_tutorial.py
[2025-07-18T09:03:40.499+0700] {logging_mixin.py:188} INFO - [2025-07-18T09:03:40.498+0700] {dag.py:3096} INFO - Sync 1 DAGs
[2025-07-18T09:03:40.508+0700] {logging_mixin.py:188} INFO - [2025-07-18T09:03:40.508+0700] {dag.py:3954} INFO - Setting next_dagrun for example_params_ui_tutorial to None, run_after=None
[2025-07-18T09:03:40.533+0700] {processor.py:183} INFO - Processing /home/menglim/airflow_venv/lib/python3.12/site-packages/airflow/example_dags/example_params_ui_tutorial.py took 0.094 seconds
[2025-07-18T09:04:32.771+0700] {processor.py:161} INFO - Started process (PID=3764) to work on /home/menglim/airflow_venv/lib/python3.12/site-packages/airflow/example_dags/example_params_ui_tutorial.py
[2025-07-18T09:04:32.774+0700] {processor.py:830} INFO - Processing file /home/menglim/airflow_venv/lib/python3.12/site-packages/airflow/example_dags/example_params_ui_tutorial.py for tasks to queue
[2025-07-18T09:04:32.775+0700] {logging_mixin.py:188} INFO - [2025-07-18T09:04:32.774+0700] {dagbag.py:545} INFO - Filling up the DagBag from /home/menglim/airflow_venv/lib/python3.12/site-packages/airflow/example_dags/example_params_ui_tutorial.py
[2025-07-18T09:04:32.781+0700] {processor.py:840} INFO - DAG(s) 'example_params_ui_tutorial' retrieved from /home/menglim/airflow_venv/lib/python3.12/site-packages/airflow/example_dags/example_params_ui_tutorial.py
[2025-07-18T09:04:32.802+0700] {logging_mixin.py:188} INFO - [2025-07-18T09:04:32.801+0700] {dag.py:3096} INFO - Sync 1 DAGs
[2025-07-18T09:04:32.807+0700] {logging_mixin.py:188} INFO - [2025-07-18T09:04:32.807+0700] {dag.py:3954} INFO - Setting next_dagrun for example_params_ui_tutorial to None, run_after=None
[2025-07-18T09:04:32.828+0700] {processor.py:183} INFO - Processing /home/menglim/airflow_venv/lib/python3.12/site-packages/airflow/example_dags/example_params_ui_tutorial.py took 0.060 seconds
[2025-07-18T09:05:32.224+0700] {processor.py:161} INFO - Started process (PID=3871) to work on /home/menglim/airflow_venv/lib/python3.12/site-packages/airflow/example_dags/example_params_ui_tutorial.py
[2025-07-18T09:05:32.227+0700] {processor.py:830} INFO - Processing file /home/menglim/airflow_venv/lib/python3.12/site-packages/airflow/example_dags/example_params_ui_tutorial.py for tasks to queue
[2025-07-18T09:05:32.230+0700] {logging_mixin.py:188} INFO - [2025-07-18T09:05:32.229+0700] {dagbag.py:545} INFO - Filling up the DagBag from /home/menglim/airflow_venv/lib/python3.12/site-packages/airflow/example_dags/example_params_ui_tutorial.py
[2025-07-18T09:05:32.242+0700] {processor.py:840} INFO - DAG(s) 'example_params_ui_tutorial' retrieved from /home/menglim/airflow_venv/lib/python3.12/site-packages/airflow/example_dags/example_params_ui_tutorial.py
[2025-07-18T09:05:32.281+0700] {logging_mixin.py:188} INFO - [2025-07-18T09:05:32.281+0700] {dag.py:3096} INFO - Sync 1 DAGs
[2025-07-18T09:05:32.295+0700] {logging_mixin.py:188} INFO - [2025-07-18T09:05:32.295+0700] {dag.py:3954} INFO - Setting next_dagrun for example_params_ui_tutorial to None, run_after=None
[2025-07-18T09:05:32.331+0700] {processor.py:183} INFO - Processing /home/menglim/airflow_venv/lib/python3.12/site-packages/airflow/example_dags/example_params_ui_tutorial.py took 0.115 seconds
[2025-07-18T09:06:25.433+0700] {processor.py:161} INFO - Started process (PID=3949) to work on /home/menglim/airflow_venv/lib/python3.12/site-packages/airflow/example_dags/example_params_ui_tutorial.py
[2025-07-18T09:06:25.436+0700] {processor.py:830} INFO - Processing file /home/menglim/airflow_venv/lib/python3.12/site-packages/airflow/example_dags/example_params_ui_tutorial.py for tasks to queue
[2025-07-18T09:06:25.436+0700] {logging_mixin.py:188} INFO - [2025-07-18T09:06:25.436+0700] {dagbag.py:545} INFO - Filling up the DagBag from /home/menglim/airflow_venv/lib/python3.12/site-packages/airflow/example_dags/example_params_ui_tutorial.py
[2025-07-18T09:06:25.445+0700] {processor.py:840} INFO - DAG(s) 'example_params_ui_tutorial' retrieved from /home/menglim/airflow_venv/lib/python3.12/site-packages/airflow/example_dags/example_params_ui_tutorial.py
[2025-07-18T09:06:25.468+0700] {logging_mixin.py:188} INFO - [2025-07-18T09:06:25.468+0700] {dag.py:3096} INFO - Sync 1 DAGs
[2025-07-18T09:06:25.474+0700] {logging_mixin.py:188} INFO - [2025-07-18T09:06:25.474+0700] {dag.py:3954} INFO - Setting next_dagrun for example_params_ui_tutorial to None, run_after=None
[2025-07-18T09:06:25.515+0700] {processor.py:183} INFO - Processing /home/menglim/airflow_venv/lib/python3.12/site-packages/airflow/example_dags/example_params_ui_tutorial.py took 0.086 seconds
[2025-07-18T09:07:24.068+0700] {processor.py:161} INFO - Started process (PID=4077) to work on /home/menglim/airflow_venv/lib/python3.12/site-packages/airflow/example_dags/example_params_ui_tutorial.py
[2025-07-18T09:07:24.072+0700] {processor.py:830} INFO - Processing file /home/menglim/airflow_venv/lib/python3.12/site-packages/airflow/example_dags/example_params_ui_tutorial.py for tasks to queue
[2025-07-18T09:07:24.074+0700] {logging_mixin.py:188} INFO - [2025-07-18T09:07:24.074+0700] {dagbag.py:545} INFO - Filling up the DagBag from /home/menglim/airflow_venv/lib/python3.12/site-packages/airflow/example_dags/example_params_ui_tutorial.py
[2025-07-18T09:07:24.093+0700] {processor.py:840} INFO - DAG(s) 'example_params_ui_tutorial' retrieved from /home/menglim/airflow_venv/lib/python3.12/site-packages/airflow/example_dags/example_params_ui_tutorial.py
[2025-07-18T09:07:24.139+0700] {logging_mixin.py:188} INFO - [2025-07-18T09:07:24.139+0700] {dag.py:3096} INFO - Sync 1 DAGs
[2025-07-18T09:07:24.157+0700] {logging_mixin.py:188} INFO - [2025-07-18T09:07:24.156+0700] {dag.py:3954} INFO - Setting next_dagrun for example_params_ui_tutorial to None, run_after=None
[2025-07-18T09:07:24.208+0700] {processor.py:183} INFO - Processing /home/menglim/airflow_venv/lib/python3.12/site-packages/airflow/example_dags/example_params_ui_tutorial.py took 0.151 seconds
[2025-07-18T09:08:24.376+0700] {processor.py:161} INFO - Started process (PID=4174) to work on /home/menglim/airflow_venv/lib/python3.12/site-packages/airflow/example_dags/example_params_ui_tutorial.py
[2025-07-18T09:08:24.380+0700] {processor.py:830} INFO - Processing file /home/menglim/airflow_venv/lib/python3.12/site-packages/airflow/example_dags/example_params_ui_tutorial.py for tasks to queue
[2025-07-18T09:08:24.381+0700] {logging_mixin.py:188} INFO - [2025-07-18T09:08:24.381+0700] {dagbag.py:545} INFO - Filling up the DagBag from /home/menglim/airflow_venv/lib/python3.12/site-packages/airflow/example_dags/example_params_ui_tutorial.py
[2025-07-18T09:08:24.396+0700] {processor.py:840} INFO - DAG(s) 'example_params_ui_tutorial' retrieved from /home/menglim/airflow_venv/lib/python3.12/site-packages/airflow/example_dags/example_params_ui_tutorial.py
[2025-07-18T09:08:24.438+0700] {logging_mixin.py:188} INFO - [2025-07-18T09:08:24.438+0700] {dag.py:3096} INFO - Sync 1 DAGs
[2025-07-18T09:08:24.453+0700] {logging_mixin.py:188} INFO - [2025-07-18T09:08:24.453+0700] {dag.py:3954} INFO - Setting next_dagrun for example_params_ui_tutorial to None, run_after=None
[2025-07-18T09:08:24.497+0700] {processor.py:183} INFO - Processing /home/menglim/airflow_venv/lib/python3.12/site-packages/airflow/example_dags/example_params_ui_tutorial.py took 0.128 seconds
[2025-07-18T09:09:15.039+0700] {processor.py:161} INFO - Started process (PID=4284) to work on /home/menglim/airflow_venv/lib/python3.12/site-packages/airflow/example_dags/example_params_ui_tutorial.py
[2025-07-18T09:09:15.041+0700] {processor.py:830} INFO - Processing file /home/menglim/airflow_venv/lib/python3.12/site-packages/airflow/example_dags/example_params_ui_tutorial.py for tasks to queue
[2025-07-18T09:09:15.041+0700] {logging_mixin.py:188} INFO - [2025-07-18T09:09:15.041+0700] {dagbag.py:545} INFO - Filling up the DagBag from /home/menglim/airflow_venv/lib/python3.12/site-packages/airflow/example_dags/example_params_ui_tutorial.py
[2025-07-18T09:09:15.048+0700] {processor.py:840} INFO - DAG(s) 'example_params_ui_tutorial' retrieved from /home/menglim/airflow_venv/lib/python3.12/site-packages/airflow/example_dags/example_params_ui_tutorial.py
[2025-07-18T09:09:15.072+0700] {logging_mixin.py:188} INFO - [2025-07-18T09:09:15.072+0700] {dag.py:3096} INFO - Sync 1 DAGs
[2025-07-18T09:09:15.079+0700] {logging_mixin.py:188} INFO - [2025-07-18T09:09:15.079+0700] {dag.py:3954} INFO - Setting next_dagrun for example_params_ui_tutorial to None, run_after=None
[2025-07-18T09:09:15.100+0700] {processor.py:183} INFO - Processing /home/menglim/airflow_venv/lib/python3.12/site-packages/airflow/example_dags/example_params_ui_tutorial.py took 0.065 seconds
[2025-07-18T09:10:06.074+0700] {processor.py:161} INFO - Started process (PID=4362) to work on /home/menglim/airflow_venv/lib/python3.12/site-packages/airflow/example_dags/example_params_ui_tutorial.py
[2025-07-18T09:10:06.075+0700] {processor.py:830} INFO - Processing file /home/menglim/airflow_venv/lib/python3.12/site-packages/airflow/example_dags/example_params_ui_tutorial.py for tasks to queue
[2025-07-18T09:10:06.076+0700] {logging_mixin.py:188} INFO - [2025-07-18T09:10:06.075+0700] {dagbag.py:545} INFO - Filling up the DagBag from /home/menglim/airflow_venv/lib/python3.12/site-packages/airflow/example_dags/example_params_ui_tutorial.py
[2025-07-18T09:10:06.082+0700] {processor.py:840} INFO - DAG(s) 'example_params_ui_tutorial' retrieved from /home/menglim/airflow_venv/lib/python3.12/site-packages/airflow/example_dags/example_params_ui_tutorial.py
[2025-07-18T09:10:06.103+0700] {logging_mixin.py:188} INFO - [2025-07-18T09:10:06.103+0700] {dag.py:3096} INFO - Sync 1 DAGs
[2025-07-18T09:10:06.109+0700] {logging_mixin.py:188} INFO - [2025-07-18T09:10:06.109+0700] {dag.py:3954} INFO - Setting next_dagrun for example_params_ui_tutorial to None, run_after=None
[2025-07-18T09:10:06.135+0700] {processor.py:183} INFO - Processing /home/menglim/airflow_venv/lib/python3.12/site-packages/airflow/example_dags/example_params_ui_tutorial.py took 0.064 seconds
[2025-07-18T09:11:04.069+0700] {processor.py:161} INFO - Started process (PID=4522) to work on /home/menglim/airflow_venv/lib/python3.12/site-packages/airflow/example_dags/example_params_ui_tutorial.py
[2025-07-18T09:11:04.070+0700] {processor.py:830} INFO - Processing file /home/menglim/airflow_venv/lib/python3.12/site-packages/airflow/example_dags/example_params_ui_tutorial.py for tasks to queue
[2025-07-18T09:11:04.071+0700] {logging_mixin.py:188} INFO - [2025-07-18T09:11:04.071+0700] {dagbag.py:545} INFO - Filling up the DagBag from /home/menglim/airflow_venv/lib/python3.12/site-packages/airflow/example_dags/example_params_ui_tutorial.py
[2025-07-18T09:11:04.077+0700] {processor.py:840} INFO - DAG(s) 'example_params_ui_tutorial' retrieved from /home/menglim/airflow_venv/lib/python3.12/site-packages/airflow/example_dags/example_params_ui_tutorial.py
[2025-07-18T09:11:04.098+0700] {logging_mixin.py:188} INFO - [2025-07-18T09:11:04.098+0700] {dag.py:3096} INFO - Sync 1 DAGs
[2025-07-18T09:11:04.104+0700] {logging_mixin.py:188} INFO - [2025-07-18T09:11:04.104+0700] {dag.py:3954} INFO - Setting next_dagrun for example_params_ui_tutorial to None, run_after=None
[2025-07-18T09:11:04.126+0700] {processor.py:183} INFO - Processing /home/menglim/airflow_venv/lib/python3.12/site-packages/airflow/example_dags/example_params_ui_tutorial.py took 0.060 seconds
[2025-07-18T09:11:36.950+0700] {processor.py:161} INFO - Started process (PID=4569) to work on /home/menglim/airflow_venv/lib/python3.12/site-packages/airflow/example_dags/example_params_ui_tutorial.py
[2025-07-18T09:11:36.953+0700] {processor.py:830} INFO - Processing file /home/menglim/airflow_venv/lib/python3.12/site-packages/airflow/example_dags/example_params_ui_tutorial.py for tasks to queue
[2025-07-18T09:11:36.953+0700] {logging_mixin.py:188} INFO - [2025-07-18T09:11:36.953+0700] {dagbag.py:545} INFO - Filling up the DagBag from /home/menglim/airflow_venv/lib/python3.12/site-packages/airflow/example_dags/example_params_ui_tutorial.py
[2025-07-18T09:11:36.960+0700] {processor.py:840} INFO - DAG(s) 'example_params_ui_tutorial' retrieved from /home/menglim/airflow_venv/lib/python3.12/site-packages/airflow/example_dags/example_params_ui_tutorial.py
[2025-07-18T09:11:36.985+0700] {logging_mixin.py:188} INFO - [2025-07-18T09:11:36.985+0700] {dag.py:3096} INFO - Sync 1 DAGs
[2025-07-18T09:11:36.995+0700] {logging_mixin.py:188} INFO - [2025-07-18T09:11:36.994+0700] {dag.py:3954} INFO - Setting next_dagrun for example_params_ui_tutorial to None, run_after=None
[2025-07-18T09:11:37.020+0700] {processor.py:183} INFO - Processing /home/menglim/airflow_venv/lib/python3.12/site-packages/airflow/example_dags/example_params_ui_tutorial.py took 0.073 seconds
[2025-07-18T09:12:31.746+0700] {processor.py:161} INFO - Started process (PID=4652) to work on /home/menglim/airflow_venv/lib/python3.12/site-packages/airflow/example_dags/example_params_ui_tutorial.py
[2025-07-18T09:12:31.748+0700] {processor.py:830} INFO - Processing file /home/menglim/airflow_venv/lib/python3.12/site-packages/airflow/example_dags/example_params_ui_tutorial.py for tasks to queue
[2025-07-18T09:12:31.749+0700] {logging_mixin.py:188} INFO - [2025-07-18T09:12:31.749+0700] {dagbag.py:545} INFO - Filling up the DagBag from /home/menglim/airflow_venv/lib/python3.12/site-packages/airflow/example_dags/example_params_ui_tutorial.py
[2025-07-18T09:12:31.756+0700] {processor.py:840} INFO - DAG(s) 'example_params_ui_tutorial' retrieved from /home/menglim/airflow_venv/lib/python3.12/site-packages/airflow/example_dags/example_params_ui_tutorial.py
[2025-07-18T09:12:31.779+0700] {logging_mixin.py:188} INFO - [2025-07-18T09:12:31.779+0700] {dag.py:3096} INFO - Sync 1 DAGs
[2025-07-18T09:12:31.786+0700] {logging_mixin.py:188} INFO - [2025-07-18T09:12:31.786+0700] {dag.py:3954} INFO - Setting next_dagrun for example_params_ui_tutorial to None, run_after=None
[2025-07-18T09:12:31.809+0700] {processor.py:183} INFO - Processing /home/menglim/airflow_venv/lib/python3.12/site-packages/airflow/example_dags/example_params_ui_tutorial.py took 0.067 seconds
[2025-07-18T09:13:27.444+0700] {processor.py:161} INFO - Started process (PID=5213) to work on /home/menglim/airflow_venv/lib/python3.12/site-packages/airflow/example_dags/example_params_ui_tutorial.py
[2025-07-18T09:13:27.446+0700] {processor.py:830} INFO - Processing file /home/menglim/airflow_venv/lib/python3.12/site-packages/airflow/example_dags/example_params_ui_tutorial.py for tasks to queue
[2025-07-18T09:13:27.446+0700] {logging_mixin.py:188} INFO - [2025-07-18T09:13:27.446+0700] {dagbag.py:545} INFO - Filling up the DagBag from /home/menglim/airflow_venv/lib/python3.12/site-packages/airflow/example_dags/example_params_ui_tutorial.py
[2025-07-18T09:13:27.453+0700] {processor.py:840} INFO - DAG(s) 'example_params_ui_tutorial' retrieved from /home/menglim/airflow_venv/lib/python3.12/site-packages/airflow/example_dags/example_params_ui_tutorial.py
[2025-07-18T09:13:27.476+0700] {logging_mixin.py:188} INFO - [2025-07-18T09:13:27.476+0700] {dag.py:3096} INFO - Sync 1 DAGs
[2025-07-18T09:13:27.482+0700] {logging_mixin.py:188} INFO - [2025-07-18T09:13:27.482+0700] {dag.py:3954} INFO - Setting next_dagrun for example_params_ui_tutorial to None, run_after=None
[2025-07-18T09:13:27.502+0700] {processor.py:183} INFO - Processing /home/menglim/airflow_venv/lib/python3.12/site-packages/airflow/example_dags/example_params_ui_tutorial.py took 0.061 seconds
[2025-07-18T09:14:06.367+0700] {processor.py:161} INFO - Started process (PID=5333) to work on /home/menglim/airflow_venv/lib/python3.12/site-packages/airflow/example_dags/example_params_ui_tutorial.py
[2025-07-18T09:14:06.369+0700] {processor.py:830} INFO - Processing file /home/menglim/airflow_venv/lib/python3.12/site-packages/airflow/example_dags/example_params_ui_tutorial.py for tasks to queue
[2025-07-18T09:14:06.369+0700] {logging_mixin.py:188} INFO - [2025-07-18T09:14:06.369+0700] {dagbag.py:545} INFO - Filling up the DagBag from /home/menglim/airflow_venv/lib/python3.12/site-packages/airflow/example_dags/example_params_ui_tutorial.py
[2025-07-18T09:14:06.378+0700] {processor.py:840} INFO - DAG(s) 'example_params_ui_tutorial' retrieved from /home/menglim/airflow_venv/lib/python3.12/site-packages/airflow/example_dags/example_params_ui_tutorial.py
[2025-07-18T09:14:06.404+0700] {logging_mixin.py:188} INFO - [2025-07-18T09:14:06.403+0700] {dag.py:3096} INFO - Sync 1 DAGs
[2025-07-18T09:14:06.411+0700] {logging_mixin.py:188} INFO - [2025-07-18T09:14:06.410+0700] {dag.py:3954} INFO - Setting next_dagrun for example_params_ui_tutorial to None, run_after=None
[2025-07-18T09:14:06.446+0700] {processor.py:183} INFO - Processing /home/menglim/airflow_venv/lib/python3.12/site-packages/airflow/example_dags/example_params_ui_tutorial.py took 0.083 seconds
[2025-07-18T09:14:39.660+0700] {processor.py:161} INFO - Started process (PID=5383) to work on /home/menglim/airflow_venv/lib/python3.12/site-packages/airflow/example_dags/example_params_ui_tutorial.py
[2025-07-18T09:14:39.663+0700] {processor.py:830} INFO - Processing file /home/menglim/airflow_venv/lib/python3.12/site-packages/airflow/example_dags/example_params_ui_tutorial.py for tasks to queue
[2025-07-18T09:14:39.663+0700] {logging_mixin.py:188} INFO - [2025-07-18T09:14:39.663+0700] {dagbag.py:545} INFO - Filling up the DagBag from /home/menglim/airflow_venv/lib/python3.12/site-packages/airflow/example_dags/example_params_ui_tutorial.py
[2025-07-18T09:14:39.669+0700] {processor.py:840} INFO - DAG(s) 'example_params_ui_tutorial' retrieved from /home/menglim/airflow_venv/lib/python3.12/site-packages/airflow/example_dags/example_params_ui_tutorial.py
[2025-07-18T09:14:39.692+0700] {logging_mixin.py:188} INFO - [2025-07-18T09:14:39.692+0700] {dag.py:3096} INFO - Sync 1 DAGs
[2025-07-18T09:14:39.698+0700] {logging_mixin.py:188} INFO - [2025-07-18T09:14:39.698+0700] {dag.py:3954} INFO - Setting next_dagrun for example_params_ui_tutorial to None, run_after=None
[2025-07-18T09:14:39.718+0700] {processor.py:183} INFO - Processing /home/menglim/airflow_venv/lib/python3.12/site-packages/airflow/example_dags/example_params_ui_tutorial.py took 0.061 seconds
[2025-07-18T09:15:38.663+0700] {processor.py:161} INFO - Started process (PID=5497) to work on /home/menglim/airflow_venv/lib/python3.12/site-packages/airflow/example_dags/example_params_ui_tutorial.py
[2025-07-18T09:15:38.665+0700] {processor.py:830} INFO - Processing file /home/menglim/airflow_venv/lib/python3.12/site-packages/airflow/example_dags/example_params_ui_tutorial.py for tasks to queue
[2025-07-18T09:15:38.666+0700] {logging_mixin.py:188} INFO - [2025-07-18T09:15:38.665+0700] {dagbag.py:545} INFO - Filling up the DagBag from /home/menglim/airflow_venv/lib/python3.12/site-packages/airflow/example_dags/example_params_ui_tutorial.py
[2025-07-18T09:15:38.674+0700] {processor.py:840} INFO - DAG(s) 'example_params_ui_tutorial' retrieved from /home/menglim/airflow_venv/lib/python3.12/site-packages/airflow/example_dags/example_params_ui_tutorial.py
[2025-07-18T09:15:38.699+0700] {logging_mixin.py:188} INFO - [2025-07-18T09:15:38.698+0700] {dag.py:3096} INFO - Sync 1 DAGs
[2025-07-18T09:15:38.706+0700] {logging_mixin.py:188} INFO - [2025-07-18T09:15:38.706+0700] {dag.py:3954} INFO - Setting next_dagrun for example_params_ui_tutorial to None, run_after=None
[2025-07-18T09:15:38.736+0700] {processor.py:183} INFO - Processing /home/menglim/airflow_venv/lib/python3.12/site-packages/airflow/example_dags/example_params_ui_tutorial.py took 0.077 seconds
[2025-07-18T09:16:13.953+0700] {processor.py:161} INFO - Started process (PID=5574) to work on /home/menglim/airflow_venv/lib/python3.12/site-packages/airflow/example_dags/example_params_ui_tutorial.py
[2025-07-18T09:16:13.955+0700] {processor.py:830} INFO - Processing file /home/menglim/airflow_venv/lib/python3.12/site-packages/airflow/example_dags/example_params_ui_tutorial.py for tasks to queue
[2025-07-18T09:16:13.956+0700] {logging_mixin.py:188} INFO - [2025-07-18T09:16:13.956+0700] {dagbag.py:545} INFO - Filling up the DagBag from /home/menglim/airflow_venv/lib/python3.12/site-packages/airflow/example_dags/example_params_ui_tutorial.py
[2025-07-18T09:16:13.964+0700] {processor.py:840} INFO - DAG(s) 'example_params_ui_tutorial' retrieved from /home/menglim/airflow_venv/lib/python3.12/site-packages/airflow/example_dags/example_params_ui_tutorial.py
[2025-07-18T09:16:13.988+0700] {logging_mixin.py:188} INFO - [2025-07-18T09:16:13.988+0700] {dag.py:3096} INFO - Sync 1 DAGs
[2025-07-18T09:16:13.996+0700] {logging_mixin.py:188} INFO - [2025-07-18T09:16:13.996+0700] {dag.py:3954} INFO - Setting next_dagrun for example_params_ui_tutorial to None, run_after=None
[2025-07-18T09:16:14.016+0700] {processor.py:183} INFO - Processing /home/menglim/airflow_venv/lib/python3.12/site-packages/airflow/example_dags/example_params_ui_tutorial.py took 0.067 seconds
[2025-07-18T09:16:53.337+0700] {processor.py:161} INFO - Started process (PID=5678) to work on /home/menglim/airflow_venv/lib/python3.12/site-packages/airflow/example_dags/example_params_ui_tutorial.py
[2025-07-18T09:16:53.338+0700] {processor.py:830} INFO - Processing file /home/menglim/airflow_venv/lib/python3.12/site-packages/airflow/example_dags/example_params_ui_tutorial.py for tasks to queue
[2025-07-18T09:16:53.339+0700] {logging_mixin.py:188} INFO - [2025-07-18T09:16:53.338+0700] {dagbag.py:545} INFO - Filling up the DagBag from /home/menglim/airflow_venv/lib/python3.12/site-packages/airflow/example_dags/example_params_ui_tutorial.py
[2025-07-18T09:16:53.346+0700] {processor.py:840} INFO - DAG(s) 'example_params_ui_tutorial' retrieved from /home/menglim/airflow_venv/lib/python3.12/site-packages/airflow/example_dags/example_params_ui_tutorial.py
[2025-07-18T09:16:53.370+0700] {logging_mixin.py:188} INFO - [2025-07-18T09:16:53.370+0700] {dag.py:3096} INFO - Sync 1 DAGs
[2025-07-18T09:16:53.376+0700] {logging_mixin.py:188} INFO - [2025-07-18T09:16:53.376+0700] {dag.py:3954} INFO - Setting next_dagrun for example_params_ui_tutorial to None, run_after=None
[2025-07-18T09:16:53.398+0700] {processor.py:183} INFO - Processing /home/menglim/airflow_venv/lib/python3.12/site-packages/airflow/example_dags/example_params_ui_tutorial.py took 0.065 seconds
[2025-07-18T09:17:39.001+0700] {processor.py:161} INFO - Started process (PID=5849) to work on /home/menglim/airflow_venv/lib/python3.12/site-packages/airflow/example_dags/example_params_ui_tutorial.py
[2025-07-18T09:17:39.004+0700] {processor.py:830} INFO - Processing file /home/menglim/airflow_venv/lib/python3.12/site-packages/airflow/example_dags/example_params_ui_tutorial.py for tasks to queue
[2025-07-18T09:17:39.004+0700] {logging_mixin.py:188} INFO - [2025-07-18T09:17:39.004+0700] {dagbag.py:545} INFO - Filling up the DagBag from /home/menglim/airflow_venv/lib/python3.12/site-packages/airflow/example_dags/example_params_ui_tutorial.py
[2025-07-18T09:17:39.011+0700] {processor.py:840} INFO - DAG(s) 'example_params_ui_tutorial' retrieved from /home/menglim/airflow_venv/lib/python3.12/site-packages/airflow/example_dags/example_params_ui_tutorial.py
[2025-07-18T09:17:39.032+0700] {logging_mixin.py:188} INFO - [2025-07-18T09:17:39.032+0700] {dag.py:3096} INFO - Sync 1 DAGs
[2025-07-18T09:17:39.038+0700] {logging_mixin.py:188} INFO - [2025-07-18T09:17:39.038+0700] {dag.py:3954} INFO - Setting next_dagrun for example_params_ui_tutorial to None, run_after=None
[2025-07-18T09:17:39.058+0700] {processor.py:183} INFO - Processing /home/menglim/airflow_venv/lib/python3.12/site-packages/airflow/example_dags/example_params_ui_tutorial.py took 0.061 seconds
[2025-07-18T09:18:42.485+0700] {processor.py:161} INFO - Started process (PID=5969) to work on /home/menglim/airflow_venv/lib/python3.12/site-packages/airflow/example_dags/example_params_ui_tutorial.py
[2025-07-18T09:18:42.488+0700] {processor.py:830} INFO - Processing file /home/menglim/airflow_venv/lib/python3.12/site-packages/airflow/example_dags/example_params_ui_tutorial.py for tasks to queue
[2025-07-18T09:18:42.488+0700] {logging_mixin.py:188} INFO - [2025-07-18T09:18:42.488+0700] {dagbag.py:545} INFO - Filling up the DagBag from /home/menglim/airflow_venv/lib/python3.12/site-packages/airflow/example_dags/example_params_ui_tutorial.py
[2025-07-18T09:18:42.495+0700] {processor.py:840} INFO - DAG(s) 'example_params_ui_tutorial' retrieved from /home/menglim/airflow_venv/lib/python3.12/site-packages/airflow/example_dags/example_params_ui_tutorial.py
[2025-07-18T09:18:42.518+0700] {logging_mixin.py:188} INFO - [2025-07-18T09:18:42.518+0700] {dag.py:3096} INFO - Sync 1 DAGs
[2025-07-18T09:18:42.524+0700] {logging_mixin.py:188} INFO - [2025-07-18T09:18:42.524+0700] {dag.py:3954} INFO - Setting next_dagrun for example_params_ui_tutorial to None, run_after=None
[2025-07-18T09:18:42.602+0700] {processor.py:183} INFO - Processing /home/menglim/airflow_venv/lib/python3.12/site-packages/airflow/example_dags/example_params_ui_tutorial.py took 0.119 seconds
[2025-07-18T09:19:24.713+0700] {processor.py:161} INFO - Started process (PID=6073) to work on /home/menglim/airflow_venv/lib/python3.12/site-packages/airflow/example_dags/example_params_ui_tutorial.py
[2025-07-18T09:19:24.715+0700] {processor.py:830} INFO - Processing file /home/menglim/airflow_venv/lib/python3.12/site-packages/airflow/example_dags/example_params_ui_tutorial.py for tasks to queue
[2025-07-18T09:19:24.715+0700] {logging_mixin.py:188} INFO - [2025-07-18T09:19:24.715+0700] {dagbag.py:545} INFO - Filling up the DagBag from /home/menglim/airflow_venv/lib/python3.12/site-packages/airflow/example_dags/example_params_ui_tutorial.py
[2025-07-18T09:19:24.723+0700] {processor.py:840} INFO - DAG(s) 'example_params_ui_tutorial' retrieved from /home/menglim/airflow_venv/lib/python3.12/site-packages/airflow/example_dags/example_params_ui_tutorial.py
[2025-07-18T09:19:24.748+0700] {logging_mixin.py:188} INFO - [2025-07-18T09:19:24.748+0700] {dag.py:3096} INFO - Sync 1 DAGs
[2025-07-18T09:19:24.754+0700] {logging_mixin.py:188} INFO - [2025-07-18T09:19:24.754+0700] {dag.py:3954} INFO - Setting next_dagrun for example_params_ui_tutorial to None, run_after=None
[2025-07-18T09:19:24.781+0700] {processor.py:183} INFO - Processing /home/menglim/airflow_venv/lib/python3.12/site-packages/airflow/example_dags/example_params_ui_tutorial.py took 0.072 seconds
[2025-07-18T09:19:56.953+0700] {processor.py:161} INFO - Started process (PID=6151) to work on /home/menglim/airflow_venv/lib/python3.12/site-packages/airflow/example_dags/example_params_ui_tutorial.py
[2025-07-18T09:19:56.954+0700] {processor.py:830} INFO - Processing file /home/menglim/airflow_venv/lib/python3.12/site-packages/airflow/example_dags/example_params_ui_tutorial.py for tasks to queue
[2025-07-18T09:19:56.955+0700] {logging_mixin.py:188} INFO - [2025-07-18T09:19:56.955+0700] {dagbag.py:545} INFO - Filling up the DagBag from /home/menglim/airflow_venv/lib/python3.12/site-packages/airflow/example_dags/example_params_ui_tutorial.py
[2025-07-18T09:19:56.961+0700] {processor.py:840} INFO - DAG(s) 'example_params_ui_tutorial' retrieved from /home/menglim/airflow_venv/lib/python3.12/site-packages/airflow/example_dags/example_params_ui_tutorial.py
[2025-07-18T09:19:56.983+0700] {logging_mixin.py:188} INFO - [2025-07-18T09:19:56.983+0700] {dag.py:3096} INFO - Sync 1 DAGs
[2025-07-18T09:19:56.989+0700] {logging_mixin.py:188} INFO - [2025-07-18T09:19:56.989+0700] {dag.py:3954} INFO - Setting next_dagrun for example_params_ui_tutorial to None, run_after=None
[2025-07-18T09:19:57.070+0700] {processor.py:183} INFO - Processing /home/menglim/airflow_venv/lib/python3.12/site-packages/airflow/example_dags/example_params_ui_tutorial.py took 0.121 seconds
[2025-07-18T09:20:52.932+0700] {processor.py:161} INFO - Started process (PID=6256) to work on /home/menglim/airflow_venv/lib/python3.12/site-packages/airflow/example_dags/example_params_ui_tutorial.py
[2025-07-18T09:20:52.935+0700] {processor.py:830} INFO - Processing file /home/menglim/airflow_venv/lib/python3.12/site-packages/airflow/example_dags/example_params_ui_tutorial.py for tasks to queue
[2025-07-18T09:20:52.935+0700] {logging_mixin.py:188} INFO - [2025-07-18T09:20:52.935+0700] {dagbag.py:545} INFO - Filling up the DagBag from /home/menglim/airflow_venv/lib/python3.12/site-packages/airflow/example_dags/example_params_ui_tutorial.py
[2025-07-18T09:20:52.942+0700] {processor.py:840} INFO - DAG(s) 'example_params_ui_tutorial' retrieved from /home/menglim/airflow_venv/lib/python3.12/site-packages/airflow/example_dags/example_params_ui_tutorial.py
[2025-07-18T09:20:52.963+0700] {logging_mixin.py:188} INFO - [2025-07-18T09:20:52.963+0700] {dag.py:3096} INFO - Sync 1 DAGs
[2025-07-18T09:20:52.969+0700] {logging_mixin.py:188} INFO - [2025-07-18T09:20:52.969+0700] {dag.py:3954} INFO - Setting next_dagrun for example_params_ui_tutorial to None, run_after=None
[2025-07-18T09:20:52.996+0700] {processor.py:183} INFO - Processing /home/menglim/airflow_venv/lib/python3.12/site-packages/airflow/example_dags/example_params_ui_tutorial.py took 0.067 seconds
[2025-07-18T09:21:33.293+0700] {processor.py:161} INFO - Started process (PID=6413) to work on /home/menglim/airflow_venv/lib/python3.12/site-packages/airflow/example_dags/example_params_ui_tutorial.py
[2025-07-18T09:21:33.294+0700] {processor.py:830} INFO - Processing file /home/menglim/airflow_venv/lib/python3.12/site-packages/airflow/example_dags/example_params_ui_tutorial.py for tasks to queue
[2025-07-18T09:21:33.295+0700] {logging_mixin.py:188} INFO - [2025-07-18T09:21:33.294+0700] {dagbag.py:545} INFO - Filling up the DagBag from /home/menglim/airflow_venv/lib/python3.12/site-packages/airflow/example_dags/example_params_ui_tutorial.py
[2025-07-18T09:21:33.305+0700] {processor.py:840} INFO - DAG(s) 'example_params_ui_tutorial' retrieved from /home/menglim/airflow_venv/lib/python3.12/site-packages/airflow/example_dags/example_params_ui_tutorial.py
[2025-07-18T09:21:33.342+0700] {logging_mixin.py:188} INFO - [2025-07-18T09:21:33.341+0700] {dag.py:3096} INFO - Sync 1 DAGs
[2025-07-18T09:21:33.351+0700] {logging_mixin.py:188} INFO - [2025-07-18T09:21:33.351+0700] {dag.py:3954} INFO - Setting next_dagrun for example_params_ui_tutorial to None, run_after=None
[2025-07-18T09:21:33.381+0700] {processor.py:183} INFO - Processing /home/menglim/airflow_venv/lib/python3.12/site-packages/airflow/example_dags/example_params_ui_tutorial.py took 0.095 seconds
[2025-07-18T09:22:25.536+0700] {processor.py:161} INFO - Started process (PID=6591) to work on /home/menglim/airflow_venv/lib/python3.12/site-packages/airflow/example_dags/example_params_ui_tutorial.py
[2025-07-18T09:22:25.537+0700] {processor.py:830} INFO - Processing file /home/menglim/airflow_venv/lib/python3.12/site-packages/airflow/example_dags/example_params_ui_tutorial.py for tasks to queue
[2025-07-18T09:22:25.537+0700] {logging_mixin.py:188} INFO - [2025-07-18T09:22:25.537+0700] {dagbag.py:545} INFO - Filling up the DagBag from /home/menglim/airflow_venv/lib/python3.12/site-packages/airflow/example_dags/example_params_ui_tutorial.py
[2025-07-18T09:22:25.546+0700] {processor.py:840} INFO - DAG(s) 'example_params_ui_tutorial' retrieved from /home/menglim/airflow_venv/lib/python3.12/site-packages/airflow/example_dags/example_params_ui_tutorial.py
[2025-07-18T09:22:25.569+0700] {logging_mixin.py:188} INFO - [2025-07-18T09:22:25.569+0700] {dag.py:3096} INFO - Sync 1 DAGs
[2025-07-18T09:22:25.576+0700] {logging_mixin.py:188} INFO - [2025-07-18T09:22:25.576+0700] {dag.py:3954} INFO - Setting next_dagrun for example_params_ui_tutorial to None, run_after=None
[2025-07-18T09:22:25.598+0700] {processor.py:183} INFO - Processing /home/menglim/airflow_venv/lib/python3.12/site-packages/airflow/example_dags/example_params_ui_tutorial.py took 0.065 seconds
[2025-07-18T09:23:31.291+0700] {processor.py:161} INFO - Started process (PID=6747) to work on /home/menglim/airflow_venv/lib/python3.12/site-packages/airflow/example_dags/example_params_ui_tutorial.py
[2025-07-18T09:23:31.293+0700] {processor.py:830} INFO - Processing file /home/menglim/airflow_venv/lib/python3.12/site-packages/airflow/example_dags/example_params_ui_tutorial.py for tasks to queue
[2025-07-18T09:23:31.294+0700] {logging_mixin.py:188} INFO - [2025-07-18T09:23:31.293+0700] {dagbag.py:545} INFO - Filling up the DagBag from /home/menglim/airflow_venv/lib/python3.12/site-packages/airflow/example_dags/example_params_ui_tutorial.py
[2025-07-18T09:23:31.306+0700] {processor.py:840} INFO - DAG(s) 'example_params_ui_tutorial' retrieved from /home/menglim/airflow_venv/lib/python3.12/site-packages/airflow/example_dags/example_params_ui_tutorial.py
[2025-07-18T09:23:31.339+0700] {logging_mixin.py:188} INFO - [2025-07-18T09:23:31.339+0700] {dag.py:3096} INFO - Sync 1 DAGs
[2025-07-18T09:23:31.349+0700] {logging_mixin.py:188} INFO - [2025-07-18T09:23:31.349+0700] {dag.py:3954} INFO - Setting next_dagrun for example_params_ui_tutorial to None, run_after=None
[2025-07-18T09:23:31.378+0700] {processor.py:183} INFO - Processing /home/menglim/airflow_venv/lib/python3.12/site-packages/airflow/example_dags/example_params_ui_tutorial.py took 0.091 seconds
[2025-07-18T09:24:11.832+0700] {processor.py:161} INFO - Started process (PID=6855) to work on /home/menglim/airflow_venv/lib/python3.12/site-packages/airflow/example_dags/example_params_ui_tutorial.py
[2025-07-18T09:24:11.834+0700] {processor.py:830} INFO - Processing file /home/menglim/airflow_venv/lib/python3.12/site-packages/airflow/example_dags/example_params_ui_tutorial.py for tasks to queue
[2025-07-18T09:24:11.835+0700] {logging_mixin.py:188} INFO - [2025-07-18T09:24:11.835+0700] {dagbag.py:545} INFO - Filling up the DagBag from /home/menglim/airflow_venv/lib/python3.12/site-packages/airflow/example_dags/example_params_ui_tutorial.py
[2025-07-18T09:24:11.842+0700] {processor.py:840} INFO - DAG(s) 'example_params_ui_tutorial' retrieved from /home/menglim/airflow_venv/lib/python3.12/site-packages/airflow/example_dags/example_params_ui_tutorial.py
[2025-07-18T09:24:11.865+0700] {logging_mixin.py:188} INFO - [2025-07-18T09:24:11.865+0700] {dag.py:3096} INFO - Sync 1 DAGs
[2025-07-18T09:24:11.871+0700] {logging_mixin.py:188} INFO - [2025-07-18T09:24:11.871+0700] {dag.py:3954} INFO - Setting next_dagrun for example_params_ui_tutorial to None, run_after=None
[2025-07-18T09:24:11.892+0700] {processor.py:183} INFO - Processing /home/menglim/airflow_venv/lib/python3.12/site-packages/airflow/example_dags/example_params_ui_tutorial.py took 0.064 seconds
[2025-07-18T09:24:46.859+0700] {processor.py:161} INFO - Started process (PID=6950) to work on /home/menglim/airflow_venv/lib/python3.12/site-packages/airflow/example_dags/example_params_ui_tutorial.py
[2025-07-18T09:24:46.862+0700] {processor.py:830} INFO - Processing file /home/menglim/airflow_venv/lib/python3.12/site-packages/airflow/example_dags/example_params_ui_tutorial.py for tasks to queue
[2025-07-18T09:24:46.863+0700] {logging_mixin.py:188} INFO - [2025-07-18T09:24:46.862+0700] {dagbag.py:545} INFO - Filling up the DagBag from /home/menglim/airflow_venv/lib/python3.12/site-packages/airflow/example_dags/example_params_ui_tutorial.py
[2025-07-18T09:24:46.871+0700] {processor.py:840} INFO - DAG(s) 'example_params_ui_tutorial' retrieved from /home/menglim/airflow_venv/lib/python3.12/site-packages/airflow/example_dags/example_params_ui_tutorial.py
[2025-07-18T09:24:46.894+0700] {logging_mixin.py:188} INFO - [2025-07-18T09:24:46.894+0700] {dag.py:3096} INFO - Sync 1 DAGs
[2025-07-18T09:24:46.901+0700] {logging_mixin.py:188} INFO - [2025-07-18T09:24:46.900+0700] {dag.py:3954} INFO - Setting next_dagrun for example_params_ui_tutorial to None, run_after=None
[2025-07-18T09:24:46.920+0700] {processor.py:183} INFO - Processing /home/menglim/airflow_venv/lib/python3.12/site-packages/airflow/example_dags/example_params_ui_tutorial.py took 0.065 seconds
[2025-07-18T09:25:47.219+0700] {processor.py:161} INFO - Started process (PID=7122) to work on /home/menglim/airflow_venv/lib/python3.12/site-packages/airflow/example_dags/example_params_ui_tutorial.py
[2025-07-18T09:25:47.221+0700] {processor.py:830} INFO - Processing file /home/menglim/airflow_venv/lib/python3.12/site-packages/airflow/example_dags/example_params_ui_tutorial.py for tasks to queue
[2025-07-18T09:25:47.221+0700] {logging_mixin.py:188} INFO - [2025-07-18T09:25:47.221+0700] {dagbag.py:545} INFO - Filling up the DagBag from /home/menglim/airflow_venv/lib/python3.12/site-packages/airflow/example_dags/example_params_ui_tutorial.py
[2025-07-18T09:25:47.229+0700] {processor.py:840} INFO - DAG(s) 'example_params_ui_tutorial' retrieved from /home/menglim/airflow_venv/lib/python3.12/site-packages/airflow/example_dags/example_params_ui_tutorial.py
[2025-07-18T09:25:47.255+0700] {logging_mixin.py:188} INFO - [2025-07-18T09:25:47.254+0700] {dag.py:3096} INFO - Sync 1 DAGs
[2025-07-18T09:25:47.262+0700] {logging_mixin.py:188} INFO - [2025-07-18T09:25:47.261+0700] {dag.py:3954} INFO - Setting next_dagrun for example_params_ui_tutorial to None, run_after=None
[2025-07-18T09:25:47.283+0700] {processor.py:183} INFO - Processing /home/menglim/airflow_venv/lib/python3.12/site-packages/airflow/example_dags/example_params_ui_tutorial.py took 0.068 seconds
[2025-07-18T09:26:20.729+0700] {processor.py:161} INFO - Started process (PID=7169) to work on /home/menglim/airflow_venv/lib/python3.12/site-packages/airflow/example_dags/example_params_ui_tutorial.py
[2025-07-18T09:26:20.732+0700] {processor.py:830} INFO - Processing file /home/menglim/airflow_venv/lib/python3.12/site-packages/airflow/example_dags/example_params_ui_tutorial.py for tasks to queue
[2025-07-18T09:26:20.732+0700] {logging_mixin.py:188} INFO - [2025-07-18T09:26:20.732+0700] {dagbag.py:545} INFO - Filling up the DagBag from /home/menglim/airflow_venv/lib/python3.12/site-packages/airflow/example_dags/example_params_ui_tutorial.py
[2025-07-18T09:26:20.739+0700] {processor.py:840} INFO - DAG(s) 'example_params_ui_tutorial' retrieved from /home/menglim/airflow_venv/lib/python3.12/site-packages/airflow/example_dags/example_params_ui_tutorial.py
[2025-07-18T09:26:20.761+0700] {logging_mixin.py:188} INFO - [2025-07-18T09:26:20.760+0700] {dag.py:3096} INFO - Sync 1 DAGs
[2025-07-18T09:26:20.766+0700] {logging_mixin.py:188} INFO - [2025-07-18T09:26:20.766+0700] {dag.py:3954} INFO - Setting next_dagrun for example_params_ui_tutorial to None, run_after=None
[2025-07-18T09:26:20.789+0700] {processor.py:183} INFO - Processing /home/menglim/airflow_venv/lib/python3.12/site-packages/airflow/example_dags/example_params_ui_tutorial.py took 0.063 seconds
[2025-07-18T09:27:19.079+0700] {processor.py:161} INFO - Started process (PID=7302) to work on /home/menglim/airflow_venv/lib/python3.12/site-packages/airflow/example_dags/example_params_ui_tutorial.py
[2025-07-18T09:27:19.081+0700] {processor.py:830} INFO - Processing file /home/menglim/airflow_venv/lib/python3.12/site-packages/airflow/example_dags/example_params_ui_tutorial.py for tasks to queue
[2025-07-18T09:27:19.082+0700] {logging_mixin.py:188} INFO - [2025-07-18T09:27:19.081+0700] {dagbag.py:545} INFO - Filling up the DagBag from /home/menglim/airflow_venv/lib/python3.12/site-packages/airflow/example_dags/example_params_ui_tutorial.py
[2025-07-18T09:27:19.089+0700] {processor.py:840} INFO - DAG(s) 'example_params_ui_tutorial' retrieved from /home/menglim/airflow_venv/lib/python3.12/site-packages/airflow/example_dags/example_params_ui_tutorial.py
[2025-07-18T09:27:19.112+0700] {logging_mixin.py:188} INFO - [2025-07-18T09:27:19.112+0700] {dag.py:3096} INFO - Sync 1 DAGs
[2025-07-18T09:27:19.118+0700] {logging_mixin.py:188} INFO - [2025-07-18T09:27:19.118+0700] {dag.py:3954} INFO - Setting next_dagrun for example_params_ui_tutorial to None, run_after=None
[2025-07-18T09:27:19.146+0700] {processor.py:183} INFO - Processing /home/menglim/airflow_venv/lib/python3.12/site-packages/airflow/example_dags/example_params_ui_tutorial.py took 0.070 seconds
[2025-07-18T09:28:05.334+0700] {processor.py:161} INFO - Started process (PID=7364) to work on /home/menglim/airflow_venv/lib/python3.12/site-packages/airflow/example_dags/example_params_ui_tutorial.py
[2025-07-18T09:28:05.337+0700] {processor.py:830} INFO - Processing file /home/menglim/airflow_venv/lib/python3.12/site-packages/airflow/example_dags/example_params_ui_tutorial.py for tasks to queue
[2025-07-18T09:28:05.337+0700] {logging_mixin.py:188} INFO - [2025-07-18T09:28:05.337+0700] {dagbag.py:545} INFO - Filling up the DagBag from /home/menglim/airflow_venv/lib/python3.12/site-packages/airflow/example_dags/example_params_ui_tutorial.py
[2025-07-18T09:28:05.344+0700] {processor.py:840} INFO - DAG(s) 'example_params_ui_tutorial' retrieved from /home/menglim/airflow_venv/lib/python3.12/site-packages/airflow/example_dags/example_params_ui_tutorial.py
[2025-07-18T09:28:05.366+0700] {logging_mixin.py:188} INFO - [2025-07-18T09:28:05.365+0700] {dag.py:3096} INFO - Sync 1 DAGs
[2025-07-18T09:28:05.372+0700] {logging_mixin.py:188} INFO - [2025-07-18T09:28:05.371+0700] {dag.py:3954} INFO - Setting next_dagrun for example_params_ui_tutorial to None, run_after=None
[2025-07-18T09:28:05.392+0700] {processor.py:183} INFO - Processing /home/menglim/airflow_venv/lib/python3.12/site-packages/airflow/example_dags/example_params_ui_tutorial.py took 0.061 seconds
[2025-07-18T09:28:42.845+0700] {processor.py:161} INFO - Started process (PID=7435) to work on /home/menglim/airflow_venv/lib/python3.12/site-packages/airflow/example_dags/example_params_ui_tutorial.py
[2025-07-18T09:28:42.847+0700] {processor.py:830} INFO - Processing file /home/menglim/airflow_venv/lib/python3.12/site-packages/airflow/example_dags/example_params_ui_tutorial.py for tasks to queue
[2025-07-18T09:28:42.848+0700] {logging_mixin.py:188} INFO - [2025-07-18T09:28:42.848+0700] {dagbag.py:545} INFO - Filling up the DagBag from /home/menglim/airflow_venv/lib/python3.12/site-packages/airflow/example_dags/example_params_ui_tutorial.py
[2025-07-18T09:28:42.854+0700] {processor.py:840} INFO - DAG(s) 'example_params_ui_tutorial' retrieved from /home/menglim/airflow_venv/lib/python3.12/site-packages/airflow/example_dags/example_params_ui_tutorial.py
[2025-07-18T09:28:42.875+0700] {logging_mixin.py:188} INFO - [2025-07-18T09:28:42.875+0700] {dag.py:3096} INFO - Sync 1 DAGs
[2025-07-18T09:28:42.881+0700] {logging_mixin.py:188} INFO - [2025-07-18T09:28:42.881+0700] {dag.py:3954} INFO - Setting next_dagrun for example_params_ui_tutorial to None, run_after=None
[2025-07-18T09:28:42.902+0700] {processor.py:183} INFO - Processing /home/menglim/airflow_venv/lib/python3.12/site-packages/airflow/example_dags/example_params_ui_tutorial.py took 0.060 seconds
[2025-07-18T09:29:32.604+0700] {processor.py:161} INFO - Started process (PID=7534) to work on /home/menglim/airflow_venv/lib/python3.12/site-packages/airflow/example_dags/example_params_ui_tutorial.py
[2025-07-18T09:29:32.607+0700] {processor.py:830} INFO - Processing file /home/menglim/airflow_venv/lib/python3.12/site-packages/airflow/example_dags/example_params_ui_tutorial.py for tasks to queue
[2025-07-18T09:29:32.608+0700] {logging_mixin.py:188} INFO - [2025-07-18T09:29:32.607+0700] {dagbag.py:545} INFO - Filling up the DagBag from /home/menglim/airflow_venv/lib/python3.12/site-packages/airflow/example_dags/example_params_ui_tutorial.py
[2025-07-18T09:29:32.614+0700] {processor.py:840} INFO - DAG(s) 'example_params_ui_tutorial' retrieved from /home/menglim/airflow_venv/lib/python3.12/site-packages/airflow/example_dags/example_params_ui_tutorial.py
[2025-07-18T09:29:32.635+0700] {logging_mixin.py:188} INFO - [2025-07-18T09:29:32.634+0700] {dag.py:3096} INFO - Sync 1 DAGs
[2025-07-18T09:29:32.641+0700] {logging_mixin.py:188} INFO - [2025-07-18T09:29:32.641+0700] {dag.py:3954} INFO - Setting next_dagrun for example_params_ui_tutorial to None, run_after=None
[2025-07-18T09:29:32.663+0700] {processor.py:183} INFO - Processing /home/menglim/airflow_venv/lib/python3.12/site-packages/airflow/example_dags/example_params_ui_tutorial.py took 0.062 seconds
[2025-07-18T09:30:20.596+0700] {processor.py:161} INFO - Started process (PID=7596) to work on /home/menglim/airflow_venv/lib/python3.12/site-packages/airflow/example_dags/example_params_ui_tutorial.py
[2025-07-18T09:30:20.598+0700] {processor.py:830} INFO - Processing file /home/menglim/airflow_venv/lib/python3.12/site-packages/airflow/example_dags/example_params_ui_tutorial.py for tasks to queue
[2025-07-18T09:30:20.599+0700] {logging_mixin.py:188} INFO - [2025-07-18T09:30:20.598+0700] {dagbag.py:545} INFO - Filling up the DagBag from /home/menglim/airflow_venv/lib/python3.12/site-packages/airflow/example_dags/example_params_ui_tutorial.py
[2025-07-18T09:30:20.605+0700] {processor.py:840} INFO - DAG(s) 'example_params_ui_tutorial' retrieved from /home/menglim/airflow_venv/lib/python3.12/site-packages/airflow/example_dags/example_params_ui_tutorial.py
[2025-07-18T09:30:20.626+0700] {logging_mixin.py:188} INFO - [2025-07-18T09:30:20.626+0700] {dag.py:3096} INFO - Sync 1 DAGs
[2025-07-18T09:30:20.632+0700] {logging_mixin.py:188} INFO - [2025-07-18T09:30:20.632+0700] {dag.py:3954} INFO - Setting next_dagrun for example_params_ui_tutorial to None, run_after=None
[2025-07-18T09:30:20.653+0700] {processor.py:183} INFO - Processing /home/menglim/airflow_venv/lib/python3.12/site-packages/airflow/example_dags/example_params_ui_tutorial.py took 0.061 seconds
[2025-07-18T09:31:12.275+0700] {processor.py:161} INFO - Started process (PID=7673) to work on /home/menglim/airflow_venv/lib/python3.12/site-packages/airflow/example_dags/example_params_ui_tutorial.py
[2025-07-18T09:31:12.276+0700] {processor.py:830} INFO - Processing file /home/menglim/airflow_venv/lib/python3.12/site-packages/airflow/example_dags/example_params_ui_tutorial.py for tasks to queue
[2025-07-18T09:31:12.276+0700] {logging_mixin.py:188} INFO - [2025-07-18T09:31:12.276+0700] {dagbag.py:545} INFO - Filling up the DagBag from /home/menglim/airflow_venv/lib/python3.12/site-packages/airflow/example_dags/example_params_ui_tutorial.py
[2025-07-18T09:31:12.288+0700] {processor.py:840} INFO - DAG(s) 'example_params_ui_tutorial' retrieved from /home/menglim/airflow_venv/lib/python3.12/site-packages/airflow/example_dags/example_params_ui_tutorial.py
[2025-07-18T09:31:12.312+0700] {logging_mixin.py:188} INFO - [2025-07-18T09:31:12.311+0700] {dag.py:3096} INFO - Sync 1 DAGs
[2025-07-18T09:31:12.318+0700] {logging_mixin.py:188} INFO - [2025-07-18T09:31:12.318+0700] {dag.py:3954} INFO - Setting next_dagrun for example_params_ui_tutorial to None, run_after=None
[2025-07-18T09:31:12.344+0700] {processor.py:183} INFO - Processing /home/menglim/airflow_venv/lib/python3.12/site-packages/airflow/example_dags/example_params_ui_tutorial.py took 0.072 seconds
[2025-07-18T09:32:01.560+0700] {processor.py:161} INFO - Started process (PID=7753) to work on /home/menglim/airflow_venv/lib/python3.12/site-packages/airflow/example_dags/example_params_ui_tutorial.py
[2025-07-18T09:32:01.562+0700] {processor.py:830} INFO - Processing file /home/menglim/airflow_venv/lib/python3.12/site-packages/airflow/example_dags/example_params_ui_tutorial.py for tasks to queue
[2025-07-18T09:32:01.562+0700] {logging_mixin.py:188} INFO - [2025-07-18T09:32:01.562+0700] {dagbag.py:545} INFO - Filling up the DagBag from /home/menglim/airflow_venv/lib/python3.12/site-packages/airflow/example_dags/example_params_ui_tutorial.py
[2025-07-18T09:32:01.569+0700] {processor.py:840} INFO - DAG(s) 'example_params_ui_tutorial' retrieved from /home/menglim/airflow_venv/lib/python3.12/site-packages/airflow/example_dags/example_params_ui_tutorial.py
[2025-07-18T09:32:01.592+0700] {logging_mixin.py:188} INFO - [2025-07-18T09:32:01.592+0700] {dag.py:3096} INFO - Sync 1 DAGs
[2025-07-18T09:32:01.598+0700] {logging_mixin.py:188} INFO - [2025-07-18T09:32:01.598+0700] {dag.py:3954} INFO - Setting next_dagrun for example_params_ui_tutorial to None, run_after=None
[2025-07-18T09:32:01.617+0700] {processor.py:183} INFO - Processing /home/menglim/airflow_venv/lib/python3.12/site-packages/airflow/example_dags/example_params_ui_tutorial.py took 0.061 seconds
[2025-07-18T09:32:52.308+0700] {processor.py:161} INFO - Started process (PID=7834) to work on /home/menglim/airflow_venv/lib/python3.12/site-packages/airflow/example_dags/example_params_ui_tutorial.py
[2025-07-18T09:32:52.309+0700] {processor.py:830} INFO - Processing file /home/menglim/airflow_venv/lib/python3.12/site-packages/airflow/example_dags/example_params_ui_tutorial.py for tasks to queue
[2025-07-18T09:32:52.309+0700] {logging_mixin.py:188} INFO - [2025-07-18T09:32:52.309+0700] {dagbag.py:545} INFO - Filling up the DagBag from /home/menglim/airflow_venv/lib/python3.12/site-packages/airflow/example_dags/example_params_ui_tutorial.py
[2025-07-18T09:32:52.315+0700] {processor.py:840} INFO - DAG(s) 'example_params_ui_tutorial' retrieved from /home/menglim/airflow_venv/lib/python3.12/site-packages/airflow/example_dags/example_params_ui_tutorial.py
[2025-07-18T09:32:52.339+0700] {logging_mixin.py:188} INFO - [2025-07-18T09:32:52.339+0700] {dag.py:3096} INFO - Sync 1 DAGs
[2025-07-18T09:32:52.347+0700] {logging_mixin.py:188} INFO - [2025-07-18T09:32:52.347+0700] {dag.py:3954} INFO - Setting next_dagrun for example_params_ui_tutorial to None, run_after=None
[2025-07-18T09:32:52.368+0700] {processor.py:183} INFO - Processing /home/menglim/airflow_venv/lib/python3.12/site-packages/airflow/example_dags/example_params_ui_tutorial.py took 0.064 seconds
[2025-07-18T09:33:42.335+0700] {processor.py:161} INFO - Started process (PID=7911) to work on /home/menglim/airflow_venv/lib/python3.12/site-packages/airflow/example_dags/example_params_ui_tutorial.py
[2025-07-18T09:33:42.338+0700] {processor.py:830} INFO - Processing file /home/menglim/airflow_venv/lib/python3.12/site-packages/airflow/example_dags/example_params_ui_tutorial.py for tasks to queue
[2025-07-18T09:33:42.339+0700] {logging_mixin.py:188} INFO - [2025-07-18T09:33:42.338+0700] {dagbag.py:545} INFO - Filling up the DagBag from /home/menglim/airflow_venv/lib/python3.12/site-packages/airflow/example_dags/example_params_ui_tutorial.py
[2025-07-18T09:33:42.346+0700] {processor.py:840} INFO - DAG(s) 'example_params_ui_tutorial' retrieved from /home/menglim/airflow_venv/lib/python3.12/site-packages/airflow/example_dags/example_params_ui_tutorial.py
[2025-07-18T09:33:42.369+0700] {logging_mixin.py:188} INFO - [2025-07-18T09:33:42.369+0700] {dag.py:3096} INFO - Sync 1 DAGs
[2025-07-18T09:33:42.376+0700] {logging_mixin.py:188} INFO - [2025-07-18T09:33:42.376+0700] {dag.py:3954} INFO - Setting next_dagrun for example_params_ui_tutorial to None, run_after=None
[2025-07-18T09:33:42.397+0700] {processor.py:183} INFO - Processing /home/menglim/airflow_venv/lib/python3.12/site-packages/airflow/example_dags/example_params_ui_tutorial.py took 0.065 seconds
[2025-07-18T09:34:34.033+0700] {processor.py:161} INFO - Started process (PID=8066) to work on /home/menglim/airflow_venv/lib/python3.12/site-packages/airflow/example_dags/example_params_ui_tutorial.py
[2025-07-18T09:34:34.036+0700] {processor.py:830} INFO - Processing file /home/menglim/airflow_venv/lib/python3.12/site-packages/airflow/example_dags/example_params_ui_tutorial.py for tasks to queue
[2025-07-18T09:34:34.036+0700] {logging_mixin.py:188} INFO - [2025-07-18T09:34:34.036+0700] {dagbag.py:545} INFO - Filling up the DagBag from /home/menglim/airflow_venv/lib/python3.12/site-packages/airflow/example_dags/example_params_ui_tutorial.py
[2025-07-18T09:34:34.043+0700] {processor.py:840} INFO - DAG(s) 'example_params_ui_tutorial' retrieved from /home/menglim/airflow_venv/lib/python3.12/site-packages/airflow/example_dags/example_params_ui_tutorial.py
[2025-07-18T09:34:34.064+0700] {logging_mixin.py:188} INFO - [2025-07-18T09:34:34.064+0700] {dag.py:3096} INFO - Sync 1 DAGs
[2025-07-18T09:34:34.070+0700] {logging_mixin.py:188} INFO - [2025-07-18T09:34:34.070+0700] {dag.py:3954} INFO - Setting next_dagrun for example_params_ui_tutorial to None, run_after=None
[2025-07-18T09:34:34.091+0700] {processor.py:183} INFO - Processing /home/menglim/airflow_venv/lib/python3.12/site-packages/airflow/example_dags/example_params_ui_tutorial.py took 0.061 seconds
[2025-07-18T09:35:24.939+0700] {processor.py:161} INFO - Started process (PID=8146) to work on /home/menglim/airflow_venv/lib/python3.12/site-packages/airflow/example_dags/example_params_ui_tutorial.py
[2025-07-18T09:35:24.940+0700] {processor.py:830} INFO - Processing file /home/menglim/airflow_venv/lib/python3.12/site-packages/airflow/example_dags/example_params_ui_tutorial.py for tasks to queue
[2025-07-18T09:35:24.941+0700] {logging_mixin.py:188} INFO - [2025-07-18T09:35:24.941+0700] {dagbag.py:545} INFO - Filling up the DagBag from /home/menglim/airflow_venv/lib/python3.12/site-packages/airflow/example_dags/example_params_ui_tutorial.py
[2025-07-18T09:35:24.949+0700] {processor.py:840} INFO - DAG(s) 'example_params_ui_tutorial' retrieved from /home/menglim/airflow_venv/lib/python3.12/site-packages/airflow/example_dags/example_params_ui_tutorial.py
[2025-07-18T09:35:24.981+0700] {logging_mixin.py:188} INFO - [2025-07-18T09:35:24.981+0700] {dag.py:3096} INFO - Sync 1 DAGs
[2025-07-18T09:35:24.996+0700] {logging_mixin.py:188} INFO - [2025-07-18T09:35:24.996+0700] {dag.py:3954} INFO - Setting next_dagrun for example_params_ui_tutorial to None, run_after=None
[2025-07-18T09:35:25.045+0700] {processor.py:183} INFO - Processing /home/menglim/airflow_venv/lib/python3.12/site-packages/airflow/example_dags/example_params_ui_tutorial.py took 0.109 seconds
[2025-07-18T09:36:19.082+0700] {processor.py:161} INFO - Started process (PID=8240) to work on /home/menglim/airflow_venv/lib/python3.12/site-packages/airflow/example_dags/example_params_ui_tutorial.py
[2025-07-18T09:36:19.085+0700] {processor.py:830} INFO - Processing file /home/menglim/airflow_venv/lib/python3.12/site-packages/airflow/example_dags/example_params_ui_tutorial.py for tasks to queue
[2025-07-18T09:36:19.085+0700] {logging_mixin.py:188} INFO - [2025-07-18T09:36:19.085+0700] {dagbag.py:545} INFO - Filling up the DagBag from /home/menglim/airflow_venv/lib/python3.12/site-packages/airflow/example_dags/example_params_ui_tutorial.py
[2025-07-18T09:36:19.092+0700] {processor.py:840} INFO - DAG(s) 'example_params_ui_tutorial' retrieved from /home/menglim/airflow_venv/lib/python3.12/site-packages/airflow/example_dags/example_params_ui_tutorial.py
[2025-07-18T09:36:19.121+0700] {logging_mixin.py:188} INFO - [2025-07-18T09:36:19.121+0700] {dag.py:3096} INFO - Sync 1 DAGs
[2025-07-18T09:36:19.129+0700] {logging_mixin.py:188} INFO - [2025-07-18T09:36:19.129+0700] {dag.py:3954} INFO - Setting next_dagrun for example_params_ui_tutorial to None, run_after=None
[2025-07-18T09:36:19.150+0700] {processor.py:183} INFO - Processing /home/menglim/airflow_venv/lib/python3.12/site-packages/airflow/example_dags/example_params_ui_tutorial.py took 0.071 seconds
[2025-07-18T09:37:21.303+0700] {processor.py:161} INFO - Started process (PID=8336) to work on /home/menglim/airflow_venv/lib/python3.12/site-packages/airflow/example_dags/example_params_ui_tutorial.py
[2025-07-18T09:37:21.308+0700] {processor.py:830} INFO - Processing file /home/menglim/airflow_venv/lib/python3.12/site-packages/airflow/example_dags/example_params_ui_tutorial.py for tasks to queue
[2025-07-18T09:37:21.310+0700] {logging_mixin.py:188} INFO - [2025-07-18T09:37:21.310+0700] {dagbag.py:545} INFO - Filling up the DagBag from /home/menglim/airflow_venv/lib/python3.12/site-packages/airflow/example_dags/example_params_ui_tutorial.py
[2025-07-18T09:37:21.331+0700] {processor.py:840} INFO - DAG(s) 'example_params_ui_tutorial' retrieved from /home/menglim/airflow_venv/lib/python3.12/site-packages/airflow/example_dags/example_params_ui_tutorial.py
[2025-07-18T09:37:21.377+0700] {logging_mixin.py:188} INFO - [2025-07-18T09:37:21.377+0700] {dag.py:3096} INFO - Sync 1 DAGs
[2025-07-18T09:37:21.391+0700] {logging_mixin.py:188} INFO - [2025-07-18T09:37:21.391+0700] {dag.py:3954} INFO - Setting next_dagrun for example_params_ui_tutorial to None, run_after=None
[2025-07-18T09:37:21.443+0700] {processor.py:183} INFO - Processing /home/menglim/airflow_venv/lib/python3.12/site-packages/airflow/example_dags/example_params_ui_tutorial.py took 0.149 seconds
