[2025-07-18T09:00:35.924+0700] {processor.py:161} INFO - Started process (PID=3274) to work on /home/menglim/airflow_venv/lib/python3.12/site-packages/airflow/example_dags/example_kubernetes_executor.py
[2025-07-18T09:00:35.925+0700] {processor.py:830} INFO - Processing file /home/menglim/airflow_venv/lib/python3.12/site-packages/airflow/example_dags/example_kubernetes_executor.py for tasks to queue
[2025-07-18T09:00:35.926+0700] {logging_mixin.py:188} INFO - [2025-07-18T09:00:35.925+0700] {dagbag.py:545} INFO - Filling up the DagBag from /home/menglim/airflow_venv/lib/python3.12/site-packages/airflow/example_dags/example_kubernetes_executor.py
[2025-07-18T09:00:35.927+0700] {logging_mixin.py:188} INFO - [2025-07-18T09:00:35.927+0700] {example_kubernetes_executor.py:39} WARNING - The example_kubernetes_executor example DAG requires the kubernetes provider. Please install it with: pip install apache-airflow[cncf.kubernetes]
[2025-07-18T09:00:35.927+0700] {processor.py:842} WARNING - No viable dags retrieved from /home/menglim/airflow_venv/lib/python3.12/site-packages/airflow/example_dags/example_kubernetes_executor.py
[2025-07-18T09:00:35.934+0700] {processor.py:183} INFO - Processing /home/menglim/airflow_venv/lib/python3.12/site-packages/airflow/example_dags/example_kubernetes_executor.py took 0.014 seconds
[2025-07-18T09:01:32.204+0700] {processor.py:161} INFO - Started process (PID=3356) to work on /home/menglim/airflow_venv/lib/python3.12/site-packages/airflow/example_dags/example_kubernetes_executor.py
[2025-07-18T09:01:32.205+0700] {processor.py:830} INFO - Processing file /home/menglim/airflow_venv/lib/python3.12/site-packages/airflow/example_dags/example_kubernetes_executor.py for tasks to queue
[2025-07-18T09:01:32.207+0700] {logging_mixin.py:188} INFO - [2025-07-18T09:01:32.206+0700] {dagbag.py:545} INFO - Filling up the DagBag from /home/menglim/airflow_venv/lib/python3.12/site-packages/airflow/example_dags/example_kubernetes_executor.py
[2025-07-18T09:01:32.208+0700] {logging_mixin.py:188} INFO - [2025-07-18T09:01:32.208+0700] {example_kubernetes_executor.py:39} WARNING - The example_kubernetes_executor example DAG requires the kubernetes provider. Please install it with: pip install apache-airflow[cncf.kubernetes]
[2025-07-18T09:01:32.208+0700] {processor.py:842} WARNING - No viable dags retrieved from /home/menglim/airflow_venv/lib/python3.12/site-packages/airflow/example_dags/example_kubernetes_executor.py
[2025-07-18T09:01:32.216+0700] {processor.py:183} INFO - Processing /home/menglim/airflow_venv/lib/python3.12/site-packages/airflow/example_dags/example_kubernetes_executor.py took 0.016 seconds
[2025-07-18T09:02:37.290+0700] {processor.py:161} INFO - Started process (PID=3553) to work on /home/menglim/airflow_venv/lib/python3.12/site-packages/airflow/example_dags/example_kubernetes_executor.py
[2025-07-18T09:02:37.292+0700] {processor.py:830} INFO - Processing file /home/menglim/airflow_venv/lib/python3.12/site-packages/airflow/example_dags/example_kubernetes_executor.py for tasks to queue
[2025-07-18T09:02:37.293+0700] {logging_mixin.py:188} INFO - [2025-07-18T09:02:37.292+0700] {dagbag.py:545} INFO - Filling up the DagBag from /home/menglim/airflow_venv/lib/python3.12/site-packages/airflow/example_dags/example_kubernetes_executor.py
[2025-07-18T09:02:37.294+0700] {logging_mixin.py:188} INFO - [2025-07-18T09:02:37.294+0700] {example_kubernetes_executor.py:39} WARNING - The example_kubernetes_executor example DAG requires the kubernetes provider. Please install it with: pip install apache-airflow[cncf.kubernetes]
[2025-07-18T09:02:37.294+0700] {processor.py:842} WARNING - No viable dags retrieved from /home/menglim/airflow_venv/lib/python3.12/site-packages/airflow/example_dags/example_kubernetes_executor.py
[2025-07-18T09:02:37.302+0700] {processor.py:183} INFO - Processing /home/menglim/airflow_venv/lib/python3.12/site-packages/airflow/example_dags/example_kubernetes_executor.py took 0.015 seconds
[2025-07-18T09:03:29.743+0700] {processor.py:161} INFO - Started process (PID=3640) to work on /home/menglim/airflow_venv/lib/python3.12/site-packages/airflow/example_dags/example_kubernetes_executor.py
[2025-07-18T09:03:29.745+0700] {processor.py:830} INFO - Processing file /home/menglim/airflow_venv/lib/python3.12/site-packages/airflow/example_dags/example_kubernetes_executor.py for tasks to queue
[2025-07-18T09:03:29.747+0700] {logging_mixin.py:188} INFO - [2025-07-18T09:03:29.746+0700] {dagbag.py:545} INFO - Filling up the DagBag from /home/menglim/airflow_venv/lib/python3.12/site-packages/airflow/example_dags/example_kubernetes_executor.py
[2025-07-18T09:03:29.750+0700] {logging_mixin.py:188} INFO - [2025-07-18T09:03:29.750+0700] {example_kubernetes_executor.py:39} WARNING - The example_kubernetes_executor example DAG requires the kubernetes provider. Please install it with: pip install apache-airflow[cncf.kubernetes]
[2025-07-18T09:03:29.750+0700] {processor.py:842} WARNING - No viable dags retrieved from /home/menglim/airflow_venv/lib/python3.12/site-packages/airflow/example_dags/example_kubernetes_executor.py
[2025-07-18T09:03:29.757+0700] {processor.py:183} INFO - Processing /home/menglim/airflow_venv/lib/python3.12/site-packages/airflow/example_dags/example_kubernetes_executor.py took 0.017 seconds
[2025-07-18T09:04:23.201+0700] {processor.py:161} INFO - Started process (PID=3736) to work on /home/menglim/airflow_venv/lib/python3.12/site-packages/airflow/example_dags/example_kubernetes_executor.py
[2025-07-18T09:04:23.203+0700] {processor.py:830} INFO - Processing file /home/menglim/airflow_venv/lib/python3.12/site-packages/airflow/example_dags/example_kubernetes_executor.py for tasks to queue
[2025-07-18T09:04:23.204+0700] {logging_mixin.py:188} INFO - [2025-07-18T09:04:23.204+0700] {dagbag.py:545} INFO - Filling up the DagBag from /home/menglim/airflow_venv/lib/python3.12/site-packages/airflow/example_dags/example_kubernetes_executor.py
[2025-07-18T09:04:23.206+0700] {logging_mixin.py:188} INFO - [2025-07-18T09:04:23.205+0700] {example_kubernetes_executor.py:39} WARNING - The example_kubernetes_executor example DAG requires the kubernetes provider. Please install it with: pip install apache-airflow[cncf.kubernetes]
[2025-07-18T09:04:23.206+0700] {processor.py:842} WARNING - No viable dags retrieved from /home/menglim/airflow_venv/lib/python3.12/site-packages/airflow/example_dags/example_kubernetes_executor.py
[2025-07-18T09:04:23.212+0700] {processor.py:183} INFO - Processing /home/menglim/airflow_venv/lib/python3.12/site-packages/airflow/example_dags/example_kubernetes_executor.py took 0.015 seconds
[2025-07-18T09:05:17.165+0700] {processor.py:161} INFO - Started process (PID=3860) to work on /home/menglim/airflow_venv/lib/python3.12/site-packages/airflow/example_dags/example_kubernetes_executor.py
[2025-07-18T09:05:17.169+0700] {processor.py:830} INFO - Processing file /home/menglim/airflow_venv/lib/python3.12/site-packages/airflow/example_dags/example_kubernetes_executor.py for tasks to queue
[2025-07-18T09:05:17.171+0700] {logging_mixin.py:188} INFO - [2025-07-18T09:05:17.171+0700] {dagbag.py:545} INFO - Filling up the DagBag from /home/menglim/airflow_venv/lib/python3.12/site-packages/airflow/example_dags/example_kubernetes_executor.py
[2025-07-18T09:05:17.175+0700] {logging_mixin.py:188} INFO - [2025-07-18T09:05:17.175+0700] {example_kubernetes_executor.py:39} WARNING - The example_kubernetes_executor example DAG requires the kubernetes provider. Please install it with: pip install apache-airflow[cncf.kubernetes]
[2025-07-18T09:05:17.176+0700] {processor.py:842} WARNING - No viable dags retrieved from /home/menglim/airflow_venv/lib/python3.12/site-packages/airflow/example_dags/example_kubernetes_executor.py
[2025-07-18T09:05:17.189+0700] {processor.py:183} INFO - Processing /home/menglim/airflow_venv/lib/python3.12/site-packages/airflow/example_dags/example_kubernetes_executor.py took 0.033 seconds
[2025-07-18T09:06:16.491+0700] {processor.py:161} INFO - Started process (PID=3936) to work on /home/menglim/airflow_venv/lib/python3.12/site-packages/airflow/example_dags/example_kubernetes_executor.py
[2025-07-18T09:06:16.493+0700] {processor.py:830} INFO - Processing file /home/menglim/airflow_venv/lib/python3.12/site-packages/airflow/example_dags/example_kubernetes_executor.py for tasks to queue
[2025-07-18T09:06:16.493+0700] {logging_mixin.py:188} INFO - [2025-07-18T09:06:16.493+0700] {dagbag.py:545} INFO - Filling up the DagBag from /home/menglim/airflow_venv/lib/python3.12/site-packages/airflow/example_dags/example_kubernetes_executor.py
[2025-07-18T09:06:16.495+0700] {logging_mixin.py:188} INFO - [2025-07-18T09:06:16.495+0700] {example_kubernetes_executor.py:39} WARNING - The example_kubernetes_executor example DAG requires the kubernetes provider. Please install it with: pip install apache-airflow[cncf.kubernetes]
[2025-07-18T09:06:16.495+0700] {processor.py:842} WARNING - No viable dags retrieved from /home/menglim/airflow_venv/lib/python3.12/site-packages/airflow/example_dags/example_kubernetes_executor.py
[2025-07-18T09:06:16.503+0700] {processor.py:183} INFO - Processing /home/menglim/airflow_venv/lib/python3.12/site-packages/airflow/example_dags/example_kubernetes_executor.py took 0.015 seconds
[2025-07-18T09:07:13.783+0700] {processor.py:161} INFO - Started process (PID=4051) to work on /home/menglim/airflow_venv/lib/python3.12/site-packages/airflow/example_dags/example_kubernetes_executor.py
[2025-07-18T09:07:13.785+0700] {processor.py:830} INFO - Processing file /home/menglim/airflow_venv/lib/python3.12/site-packages/airflow/example_dags/example_kubernetes_executor.py for tasks to queue
[2025-07-18T09:07:13.785+0700] {logging_mixin.py:188} INFO - [2025-07-18T09:07:13.785+0700] {dagbag.py:545} INFO - Filling up the DagBag from /home/menglim/airflow_venv/lib/python3.12/site-packages/airflow/example_dags/example_kubernetes_executor.py
[2025-07-18T09:07:13.787+0700] {logging_mixin.py:188} INFO - [2025-07-18T09:07:13.787+0700] {example_kubernetes_executor.py:39} WARNING - The example_kubernetes_executor example DAG requires the kubernetes provider. Please install it with: pip install apache-airflow[cncf.kubernetes]
[2025-07-18T09:07:13.787+0700] {processor.py:842} WARNING - No viable dags retrieved from /home/menglim/airflow_venv/lib/python3.12/site-packages/airflow/example_dags/example_kubernetes_executor.py
[2025-07-18T09:07:13.793+0700] {processor.py:183} INFO - Processing /home/menglim/airflow_venv/lib/python3.12/site-packages/airflow/example_dags/example_kubernetes_executor.py took 0.013 seconds
[2025-07-18T09:08:11.866+0700] {processor.py:161} INFO - Started process (PID=4161) to work on /home/menglim/airflow_venv/lib/python3.12/site-packages/airflow/example_dags/example_kubernetes_executor.py
[2025-07-18T09:08:11.868+0700] {processor.py:830} INFO - Processing file /home/menglim/airflow_venv/lib/python3.12/site-packages/airflow/example_dags/example_kubernetes_executor.py for tasks to queue
[2025-07-18T09:08:11.868+0700] {logging_mixin.py:188} INFO - [2025-07-18T09:08:11.868+0700] {dagbag.py:545} INFO - Filling up the DagBag from /home/menglim/airflow_venv/lib/python3.12/site-packages/airflow/example_dags/example_kubernetes_executor.py
[2025-07-18T09:08:11.873+0700] {logging_mixin.py:188} INFO - [2025-07-18T09:08:11.873+0700] {example_kubernetes_executor.py:39} WARNING - The example_kubernetes_executor example DAG requires the kubernetes provider. Please install it with: pip install apache-airflow[cncf.kubernetes]
[2025-07-18T09:08:11.873+0700] {processor.py:842} WARNING - No viable dags retrieved from /home/menglim/airflow_venv/lib/python3.12/site-packages/airflow/example_dags/example_kubernetes_executor.py
[2025-07-18T09:08:11.887+0700] {processor.py:183} INFO - Processing /home/menglim/airflow_venv/lib/python3.12/site-packages/airflow/example_dags/example_kubernetes_executor.py took 0.031 seconds
[2025-07-18T09:09:08.570+0700] {processor.py:161} INFO - Started process (PID=4278) to work on /home/menglim/airflow_venv/lib/python3.12/site-packages/airflow/example_dags/example_kubernetes_executor.py
[2025-07-18T09:09:08.571+0700] {processor.py:830} INFO - Processing file /home/menglim/airflow_venv/lib/python3.12/site-packages/airflow/example_dags/example_kubernetes_executor.py for tasks to queue
[2025-07-18T09:09:08.572+0700] {logging_mixin.py:188} INFO - [2025-07-18T09:09:08.572+0700] {dagbag.py:545} INFO - Filling up the DagBag from /home/menglim/airflow_venv/lib/python3.12/site-packages/airflow/example_dags/example_kubernetes_executor.py
[2025-07-18T09:09:08.574+0700] {logging_mixin.py:188} INFO - [2025-07-18T09:09:08.574+0700] {example_kubernetes_executor.py:39} WARNING - The example_kubernetes_executor example DAG requires the kubernetes provider. Please install it with: pip install apache-airflow[cncf.kubernetes]
[2025-07-18T09:09:08.574+0700] {processor.py:842} WARNING - No viable dags retrieved from /home/menglim/airflow_venv/lib/python3.12/site-packages/airflow/example_dags/example_kubernetes_executor.py
[2025-07-18T09:09:08.580+0700] {processor.py:183} INFO - Processing /home/menglim/airflow_venv/lib/python3.12/site-packages/airflow/example_dags/example_kubernetes_executor.py took 0.013 seconds
[2025-07-18T09:09:56.879+0700] {processor.py:161} INFO - Started process (PID=4356) to work on /home/menglim/airflow_venv/lib/python3.12/site-packages/airflow/example_dags/example_kubernetes_executor.py
[2025-07-18T09:09:56.882+0700] {processor.py:830} INFO - Processing file /home/menglim/airflow_venv/lib/python3.12/site-packages/airflow/example_dags/example_kubernetes_executor.py for tasks to queue
[2025-07-18T09:09:56.882+0700] {logging_mixin.py:188} INFO - [2025-07-18T09:09:56.882+0700] {dagbag.py:545} INFO - Filling up the DagBag from /home/menglim/airflow_venv/lib/python3.12/site-packages/airflow/example_dags/example_kubernetes_executor.py
[2025-07-18T09:09:56.884+0700] {logging_mixin.py:188} INFO - [2025-07-18T09:09:56.884+0700] {example_kubernetes_executor.py:39} WARNING - The example_kubernetes_executor example DAG requires the kubernetes provider. Please install it with: pip install apache-airflow[cncf.kubernetes]
[2025-07-18T09:09:56.884+0700] {processor.py:842} WARNING - No viable dags retrieved from /home/menglim/airflow_venv/lib/python3.12/site-packages/airflow/example_dags/example_kubernetes_executor.py
[2025-07-18T09:09:56.890+0700] {processor.py:183} INFO - Processing /home/menglim/airflow_venv/lib/python3.12/site-packages/airflow/example_dags/example_kubernetes_executor.py took 0.014 seconds
[2025-07-18T09:10:51.886+0700] {processor.py:161} INFO - Started process (PID=4462) to work on /home/menglim/airflow_venv/lib/python3.12/site-packages/airflow/example_dags/example_kubernetes_executor.py
[2025-07-18T09:10:51.887+0700] {processor.py:830} INFO - Processing file /home/menglim/airflow_venv/lib/python3.12/site-packages/airflow/example_dags/example_kubernetes_executor.py for tasks to queue
[2025-07-18T09:10:51.888+0700] {logging_mixin.py:188} INFO - [2025-07-18T09:10:51.888+0700] {dagbag.py:545} INFO - Filling up the DagBag from /home/menglim/airflow_venv/lib/python3.12/site-packages/airflow/example_dags/example_kubernetes_executor.py
[2025-07-18T09:10:51.891+0700] {logging_mixin.py:188} INFO - [2025-07-18T09:10:51.891+0700] {example_kubernetes_executor.py:39} WARNING - The example_kubernetes_executor example DAG requires the kubernetes provider. Please install it with: pip install apache-airflow[cncf.kubernetes]
[2025-07-18T09:10:51.891+0700] {processor.py:842} WARNING - No viable dags retrieved from /home/menglim/airflow_venv/lib/python3.12/site-packages/airflow/example_dags/example_kubernetes_executor.py
[2025-07-18T09:10:51.903+0700] {processor.py:183} INFO - Processing /home/menglim/airflow_venv/lib/python3.12/site-packages/airflow/example_dags/example_kubernetes_executor.py took 0.021 seconds
[2025-07-18T09:11:56.458+0700] {processor.py:161} INFO - Started process (PID=4604) to work on /home/menglim/airflow_venv/lib/python3.12/site-packages/airflow/example_dags/example_kubernetes_executor.py
[2025-07-18T09:11:56.459+0700] {processor.py:830} INFO - Processing file /home/menglim/airflow_venv/lib/python3.12/site-packages/airflow/example_dags/example_kubernetes_executor.py for tasks to queue
[2025-07-18T09:11:56.460+0700] {logging_mixin.py:188} INFO - [2025-07-18T09:11:56.459+0700] {dagbag.py:545} INFO - Filling up the DagBag from /home/menglim/airflow_venv/lib/python3.12/site-packages/airflow/example_dags/example_kubernetes_executor.py
[2025-07-18T09:11:56.461+0700] {logging_mixin.py:188} INFO - [2025-07-18T09:11:56.461+0700] {example_kubernetes_executor.py:39} WARNING - The example_kubernetes_executor example DAG requires the kubernetes provider. Please install it with: pip install apache-airflow[cncf.kubernetes]
[2025-07-18T09:11:56.461+0700] {processor.py:842} WARNING - No viable dags retrieved from /home/menglim/airflow_venv/lib/python3.12/site-packages/airflow/example_dags/example_kubernetes_executor.py
[2025-07-18T09:11:56.468+0700] {processor.py:183} INFO - Processing /home/menglim/airflow_venv/lib/python3.12/site-packages/airflow/example_dags/example_kubernetes_executor.py took 0.013 seconds
[2025-07-18T09:12:50.622+0700] {processor.py:161} INFO - Started process (PID=4685) to work on /home/menglim/airflow_venv/lib/python3.12/site-packages/airflow/example_dags/example_kubernetes_executor.py
[2025-07-18T09:12:50.625+0700] {processor.py:830} INFO - Processing file /home/menglim/airflow_venv/lib/python3.12/site-packages/airflow/example_dags/example_kubernetes_executor.py for tasks to queue
[2025-07-18T09:12:50.625+0700] {logging_mixin.py:188} INFO - [2025-07-18T09:12:50.625+0700] {dagbag.py:545} INFO - Filling up the DagBag from /home/menglim/airflow_venv/lib/python3.12/site-packages/airflow/example_dags/example_kubernetes_executor.py
[2025-07-18T09:12:50.627+0700] {logging_mixin.py:188} INFO - [2025-07-18T09:12:50.627+0700] {example_kubernetes_executor.py:39} WARNING - The example_kubernetes_executor example DAG requires the kubernetes provider. Please install it with: pip install apache-airflow[cncf.kubernetes]
[2025-07-18T09:12:50.627+0700] {processor.py:842} WARNING - No viable dags retrieved from /home/menglim/airflow_venv/lib/python3.12/site-packages/airflow/example_dags/example_kubernetes_executor.py
[2025-07-18T09:12:50.633+0700] {processor.py:183} INFO - Processing /home/menglim/airflow_venv/lib/python3.12/site-packages/airflow/example_dags/example_kubernetes_executor.py took 0.014 seconds
[2025-07-18T09:13:49.427+0700] {processor.py:161} INFO - Started process (PID=5255) to work on /home/menglim/airflow_venv/lib/python3.12/site-packages/airflow/example_dags/example_kubernetes_executor.py
[2025-07-18T09:13:49.430+0700] {processor.py:830} INFO - Processing file /home/menglim/airflow_venv/lib/python3.12/site-packages/airflow/example_dags/example_kubernetes_executor.py for tasks to queue
[2025-07-18T09:13:49.430+0700] {logging_mixin.py:188} INFO - [2025-07-18T09:13:49.430+0700] {dagbag.py:545} INFO - Filling up the DagBag from /home/menglim/airflow_venv/lib/python3.12/site-packages/airflow/example_dags/example_kubernetes_executor.py
[2025-07-18T09:13:49.432+0700] {logging_mixin.py:188} INFO - [2025-07-18T09:13:49.432+0700] {example_kubernetes_executor.py:39} WARNING - The example_kubernetes_executor example DAG requires the kubernetes provider. Please install it with: pip install apache-airflow[cncf.kubernetes]
[2025-07-18T09:13:49.432+0700] {processor.py:842} WARNING - No viable dags retrieved from /home/menglim/airflow_venv/lib/python3.12/site-packages/airflow/example_dags/example_kubernetes_executor.py
[2025-07-18T09:13:49.439+0700] {processor.py:183} INFO - Processing /home/menglim/airflow_venv/lib/python3.12/site-packages/airflow/example_dags/example_kubernetes_executor.py took 0.016 seconds
[2025-07-18T09:14:56.685+0700] {processor.py:161} INFO - Started process (PID=5415) to work on /home/menglim/airflow_venv/lib/python3.12/site-packages/airflow/example_dags/example_kubernetes_executor.py
[2025-07-18T09:14:56.687+0700] {processor.py:830} INFO - Processing file /home/menglim/airflow_venv/lib/python3.12/site-packages/airflow/example_dags/example_kubernetes_executor.py for tasks to queue
[2025-07-18T09:14:56.687+0700] {logging_mixin.py:188} INFO - [2025-07-18T09:14:56.687+0700] {dagbag.py:545} INFO - Filling up the DagBag from /home/menglim/airflow_venv/lib/python3.12/site-packages/airflow/example_dags/example_kubernetes_executor.py
[2025-07-18T09:14:56.692+0700] {logging_mixin.py:188} INFO - [2025-07-18T09:14:56.691+0700] {example_kubernetes_executor.py:39} WARNING - The example_kubernetes_executor example DAG requires the kubernetes provider. Please install it with: pip install apache-airflow[cncf.kubernetes]
[2025-07-18T09:14:56.692+0700] {processor.py:842} WARNING - No viable dags retrieved from /home/menglim/airflow_venv/lib/python3.12/site-packages/airflow/example_dags/example_kubernetes_executor.py
[2025-07-18T09:14:56.706+0700] {processor.py:183} INFO - Processing /home/menglim/airflow_venv/lib/python3.12/site-packages/airflow/example_dags/example_kubernetes_executor.py took 0.027 seconds
[2025-07-18T09:15:53.736+0700] {processor.py:161} INFO - Started process (PID=5528) to work on /home/menglim/airflow_venv/lib/python3.12/site-packages/airflow/example_dags/example_kubernetes_executor.py
[2025-07-18T09:15:53.738+0700] {processor.py:830} INFO - Processing file /home/menglim/airflow_venv/lib/python3.12/site-packages/airflow/example_dags/example_kubernetes_executor.py for tasks to queue
[2025-07-18T09:15:53.739+0700] {logging_mixin.py:188} INFO - [2025-07-18T09:15:53.739+0700] {dagbag.py:545} INFO - Filling up the DagBag from /home/menglim/airflow_venv/lib/python3.12/site-packages/airflow/example_dags/example_kubernetes_executor.py
[2025-07-18T09:15:53.741+0700] {logging_mixin.py:188} INFO - [2025-07-18T09:15:53.740+0700] {example_kubernetes_executor.py:39} WARNING - The example_kubernetes_executor example DAG requires the kubernetes provider. Please install it with: pip install apache-airflow[cncf.kubernetes]
[2025-07-18T09:15:53.741+0700] {processor.py:842} WARNING - No viable dags retrieved from /home/menglim/airflow_venv/lib/python3.12/site-packages/airflow/example_dags/example_kubernetes_executor.py
[2025-07-18T09:15:53.747+0700] {processor.py:183} INFO - Processing /home/menglim/airflow_venv/lib/python3.12/site-packages/airflow/example_dags/example_kubernetes_executor.py took 0.015 seconds
[2025-07-18T09:17:25.859+0700] {processor.py:161} INFO - Started process (PID=5822) to work on /home/menglim/airflow_venv/lib/python3.12/site-packages/airflow/example_dags/example_kubernetes_executor.py
[2025-07-18T09:17:25.860+0700] {processor.py:830} INFO - Processing file /home/menglim/airflow_venv/lib/python3.12/site-packages/airflow/example_dags/example_kubernetes_executor.py for tasks to queue
[2025-07-18T09:17:25.860+0700] {logging_mixin.py:188} INFO - [2025-07-18T09:17:25.860+0700] {dagbag.py:545} INFO - Filling up the DagBag from /home/menglim/airflow_venv/lib/python3.12/site-packages/airflow/example_dags/example_kubernetes_executor.py
[2025-07-18T09:17:25.862+0700] {logging_mixin.py:188} INFO - [2025-07-18T09:17:25.862+0700] {example_kubernetes_executor.py:39} WARNING - The example_kubernetes_executor example DAG requires the kubernetes provider. Please install it with: pip install apache-airflow[cncf.kubernetes]
[2025-07-18T09:17:25.863+0700] {processor.py:842} WARNING - No viable dags retrieved from /home/menglim/airflow_venv/lib/python3.12/site-packages/airflow/example_dags/example_kubernetes_executor.py
[2025-07-18T09:17:25.869+0700] {processor.py:183} INFO - Processing /home/menglim/airflow_venv/lib/python3.12/site-packages/airflow/example_dags/example_kubernetes_executor.py took 0.013 seconds
[2025-07-18T09:18:29.206+0700] {processor.py:161} INFO - Started process (PID=5936) to work on /home/menglim/airflow_venv/lib/python3.12/site-packages/airflow/example_dags/example_kubernetes_executor.py
[2025-07-18T09:18:29.210+0700] {processor.py:830} INFO - Processing file /home/menglim/airflow_venv/lib/python3.12/site-packages/airflow/example_dags/example_kubernetes_executor.py for tasks to queue
[2025-07-18T09:18:29.211+0700] {logging_mixin.py:188} INFO - [2025-07-18T09:18:29.210+0700] {dagbag.py:545} INFO - Filling up the DagBag from /home/menglim/airflow_venv/lib/python3.12/site-packages/airflow/example_dags/example_kubernetes_executor.py
[2025-07-18T09:18:29.212+0700] {logging_mixin.py:188} INFO - [2025-07-18T09:18:29.212+0700] {example_kubernetes_executor.py:39} WARNING - The example_kubernetes_executor example DAG requires the kubernetes provider. Please install it with: pip install apache-airflow[cncf.kubernetes]
[2025-07-18T09:18:29.212+0700] {processor.py:842} WARNING - No viable dags retrieved from /home/menglim/airflow_venv/lib/python3.12/site-packages/airflow/example_dags/example_kubernetes_executor.py
[2025-07-18T09:18:29.219+0700] {processor.py:183} INFO - Processing /home/menglim/airflow_venv/lib/python3.12/site-packages/airflow/example_dags/example_kubernetes_executor.py took 0.016 seconds
[2025-07-18T09:19:45.510+0700] {processor.py:161} INFO - Started process (PID=6107) to work on /home/menglim/airflow_venv/lib/python3.12/site-packages/airflow/example_dags/example_kubernetes_executor.py
[2025-07-18T09:19:45.511+0700] {processor.py:830} INFO - Processing file /home/menglim/airflow_venv/lib/python3.12/site-packages/airflow/example_dags/example_kubernetes_executor.py for tasks to queue
[2025-07-18T09:19:45.511+0700] {logging_mixin.py:188} INFO - [2025-07-18T09:19:45.511+0700] {dagbag.py:545} INFO - Filling up the DagBag from /home/menglim/airflow_venv/lib/python3.12/site-packages/airflow/example_dags/example_kubernetes_executor.py
[2025-07-18T09:19:45.514+0700] {logging_mixin.py:188} INFO - [2025-07-18T09:19:45.514+0700] {example_kubernetes_executor.py:39} WARNING - The example_kubernetes_executor example DAG requires the kubernetes provider. Please install it with: pip install apache-airflow[cncf.kubernetes]
[2025-07-18T09:19:45.514+0700] {processor.py:842} WARNING - No viable dags retrieved from /home/menglim/airflow_venv/lib/python3.12/site-packages/airflow/example_dags/example_kubernetes_executor.py
[2025-07-18T09:19:45.521+0700] {processor.py:183} INFO - Processing /home/menglim/airflow_venv/lib/python3.12/site-packages/airflow/example_dags/example_kubernetes_executor.py took 0.016 seconds
[2025-07-18T09:20:43.557+0700] {processor.py:161} INFO - Started process (PID=6231) to work on /home/menglim/airflow_venv/lib/python3.12/site-packages/airflow/example_dags/example_kubernetes_executor.py
[2025-07-18T09:20:43.560+0700] {processor.py:830} INFO - Processing file /home/menglim/airflow_venv/lib/python3.12/site-packages/airflow/example_dags/example_kubernetes_executor.py for tasks to queue
[2025-07-18T09:20:43.560+0700] {logging_mixin.py:188} INFO - [2025-07-18T09:20:43.560+0700] {dagbag.py:545} INFO - Filling up the DagBag from /home/menglim/airflow_venv/lib/python3.12/site-packages/airflow/example_dags/example_kubernetes_executor.py
[2025-07-18T09:20:43.562+0700] {logging_mixin.py:188} INFO - [2025-07-18T09:20:43.562+0700] {example_kubernetes_executor.py:39} WARNING - The example_kubernetes_executor example DAG requires the kubernetes provider. Please install it with: pip install apache-airflow[cncf.kubernetes]
[2025-07-18T09:20:43.562+0700] {processor.py:842} WARNING - No viable dags retrieved from /home/menglim/airflow_venv/lib/python3.12/site-packages/airflow/example_dags/example_kubernetes_executor.py
[2025-07-18T09:20:43.568+0700] {processor.py:183} INFO - Processing /home/menglim/airflow_venv/lib/python3.12/site-packages/airflow/example_dags/example_kubernetes_executor.py took 0.014 seconds
[2025-07-18T09:22:00.672+0700] {processor.py:161} INFO - Started process (PID=6459) to work on /home/menglim/airflow_venv/lib/python3.12/site-packages/airflow/example_dags/example_kubernetes_executor.py
[2025-07-18T09:22:00.674+0700] {processor.py:830} INFO - Processing file /home/menglim/airflow_venv/lib/python3.12/site-packages/airflow/example_dags/example_kubernetes_executor.py for tasks to queue
[2025-07-18T09:22:00.675+0700] {logging_mixin.py:188} INFO - [2025-07-18T09:22:00.675+0700] {dagbag.py:545} INFO - Filling up the DagBag from /home/menglim/airflow_venv/lib/python3.12/site-packages/airflow/example_dags/example_kubernetes_executor.py
[2025-07-18T09:22:00.676+0700] {logging_mixin.py:188} INFO - [2025-07-18T09:22:00.676+0700] {example_kubernetes_executor.py:39} WARNING - The example_kubernetes_executor example DAG requires the kubernetes provider. Please install it with: pip install apache-airflow[cncf.kubernetes]
[2025-07-18T09:22:00.677+0700] {processor.py:842} WARNING - No viable dags retrieved from /home/menglim/airflow_venv/lib/python3.12/site-packages/airflow/example_dags/example_kubernetes_executor.py
[2025-07-18T09:22:00.683+0700] {processor.py:183} INFO - Processing /home/menglim/airflow_venv/lib/python3.12/site-packages/airflow/example_dags/example_kubernetes_executor.py took 0.014 seconds
[2025-07-18T09:23:09.562+0700] {processor.py:161} INFO - Started process (PID=6666) to work on /home/menglim/airflow_venv/lib/python3.12/site-packages/airflow/example_dags/example_kubernetes_executor.py
[2025-07-18T09:23:09.565+0700] {processor.py:830} INFO - Processing file /home/menglim/airflow_venv/lib/python3.12/site-packages/airflow/example_dags/example_kubernetes_executor.py for tasks to queue
[2025-07-18T09:23:09.566+0700] {logging_mixin.py:188} INFO - [2025-07-18T09:23:09.565+0700] {dagbag.py:545} INFO - Filling up the DagBag from /home/menglim/airflow_venv/lib/python3.12/site-packages/airflow/example_dags/example_kubernetes_executor.py
[2025-07-18T09:23:09.569+0700] {logging_mixin.py:188} INFO - [2025-07-18T09:23:09.569+0700] {example_kubernetes_executor.py:39} WARNING - The example_kubernetes_executor example DAG requires the kubernetes provider. Please install it with: pip install apache-airflow[cncf.kubernetes]
[2025-07-18T09:23:09.570+0700] {processor.py:842} WARNING - No viable dags retrieved from /home/menglim/airflow_venv/lib/python3.12/site-packages/airflow/example_dags/example_kubernetes_executor.py
[2025-07-18T09:23:09.584+0700] {processor.py:183} INFO - Processing /home/menglim/airflow_venv/lib/python3.12/site-packages/airflow/example_dags/example_kubernetes_executor.py took 0.030 seconds
[2025-07-18T09:24:33.606+0700] {processor.py:161} INFO - Started process (PID=6924) to work on /home/menglim/airflow_venv/lib/python3.12/site-packages/airflow/example_dags/example_kubernetes_executor.py
[2025-07-18T09:24:33.608+0700] {processor.py:830} INFO - Processing file /home/menglim/airflow_venv/lib/python3.12/site-packages/airflow/example_dags/example_kubernetes_executor.py for tasks to queue
[2025-07-18T09:24:33.609+0700] {logging_mixin.py:188} INFO - [2025-07-18T09:24:33.609+0700] {dagbag.py:545} INFO - Filling up the DagBag from /home/menglim/airflow_venv/lib/python3.12/site-packages/airflow/example_dags/example_kubernetes_executor.py
[2025-07-18T09:24:33.610+0700] {logging_mixin.py:188} INFO - [2025-07-18T09:24:33.610+0700] {example_kubernetes_executor.py:39} WARNING - The example_kubernetes_executor example DAG requires the kubernetes provider. Please install it with: pip install apache-airflow[cncf.kubernetes]
[2025-07-18T09:24:33.610+0700] {processor.py:842} WARNING - No viable dags retrieved from /home/menglim/airflow_venv/lib/python3.12/site-packages/airflow/example_dags/example_kubernetes_executor.py
[2025-07-18T09:24:33.617+0700] {processor.py:183} INFO - Processing /home/menglim/airflow_venv/lib/python3.12/site-packages/airflow/example_dags/example_kubernetes_executor.py took 0.014 seconds
[2025-07-18T09:25:35.881+0700] {processor.py:161} INFO - Started process (PID=7078) to work on /home/menglim/airflow_venv/lib/python3.12/site-packages/airflow/example_dags/example_kubernetes_executor.py
[2025-07-18T09:25:35.882+0700] {processor.py:830} INFO - Processing file /home/menglim/airflow_venv/lib/python3.12/site-packages/airflow/example_dags/example_kubernetes_executor.py for tasks to queue
[2025-07-18T09:25:35.883+0700] {logging_mixin.py:188} INFO - [2025-07-18T09:25:35.883+0700] {dagbag.py:545} INFO - Filling up the DagBag from /home/menglim/airflow_venv/lib/python3.12/site-packages/airflow/example_dags/example_kubernetes_executor.py
[2025-07-18T09:25:35.885+0700] {logging_mixin.py:188} INFO - [2025-07-18T09:25:35.884+0700] {example_kubernetes_executor.py:39} WARNING - The example_kubernetes_executor example DAG requires the kubernetes provider. Please install it with: pip install apache-airflow[cncf.kubernetes]
[2025-07-18T09:25:35.885+0700] {processor.py:842} WARNING - No viable dags retrieved from /home/menglim/airflow_venv/lib/python3.12/site-packages/airflow/example_dags/example_kubernetes_executor.py
[2025-07-18T09:25:35.892+0700] {processor.py:183} INFO - Processing /home/menglim/airflow_venv/lib/python3.12/site-packages/airflow/example_dags/example_kubernetes_executor.py took 0.014 seconds
[2025-07-18T09:26:36.601+0700] {processor.py:161} INFO - Started process (PID=7197) to work on /home/menglim/airflow_venv/lib/python3.12/site-packages/airflow/example_dags/example_kubernetes_executor.py
[2025-07-18T09:26:36.604+0700] {processor.py:830} INFO - Processing file /home/menglim/airflow_venv/lib/python3.12/site-packages/airflow/example_dags/example_kubernetes_executor.py for tasks to queue
[2025-07-18T09:26:36.604+0700] {logging_mixin.py:188} INFO - [2025-07-18T09:26:36.604+0700] {dagbag.py:545} INFO - Filling up the DagBag from /home/menglim/airflow_venv/lib/python3.12/site-packages/airflow/example_dags/example_kubernetes_executor.py
[2025-07-18T09:26:36.606+0700] {logging_mixin.py:188} INFO - [2025-07-18T09:26:36.606+0700] {example_kubernetes_executor.py:39} WARNING - The example_kubernetes_executor example DAG requires the kubernetes provider. Please install it with: pip install apache-airflow[cncf.kubernetes]
[2025-07-18T09:26:36.606+0700] {processor.py:842} WARNING - No viable dags retrieved from /home/menglim/airflow_venv/lib/python3.12/site-packages/airflow/example_dags/example_kubernetes_executor.py
[2025-07-18T09:26:36.614+0700] {processor.py:183} INFO - Processing /home/menglim/airflow_venv/lib/python3.12/site-packages/airflow/example_dags/example_kubernetes_executor.py took 0.017 seconds
[2025-07-18T09:27:34.845+0700] {processor.py:161} INFO - Started process (PID=7332) to work on /home/menglim/airflow_venv/lib/python3.12/site-packages/airflow/example_dags/example_kubernetes_executor.py
[2025-07-18T09:27:34.846+0700] {processor.py:830} INFO - Processing file /home/menglim/airflow_venv/lib/python3.12/site-packages/airflow/example_dags/example_kubernetes_executor.py for tasks to queue
[2025-07-18T09:27:34.847+0700] {logging_mixin.py:188} INFO - [2025-07-18T09:27:34.846+0700] {dagbag.py:545} INFO - Filling up the DagBag from /home/menglim/airflow_venv/lib/python3.12/site-packages/airflow/example_dags/example_kubernetes_executor.py
[2025-07-18T09:27:34.848+0700] {logging_mixin.py:188} INFO - [2025-07-18T09:27:34.848+0700] {example_kubernetes_executor.py:39} WARNING - The example_kubernetes_executor example DAG requires the kubernetes provider. Please install it with: pip install apache-airflow[cncf.kubernetes]
[2025-07-18T09:27:34.848+0700] {processor.py:842} WARNING - No viable dags retrieved from /home/menglim/airflow_venv/lib/python3.12/site-packages/airflow/example_dags/example_kubernetes_executor.py
[2025-07-18T09:27:34.854+0700] {processor.py:183} INFO - Processing /home/menglim/airflow_venv/lib/python3.12/site-packages/airflow/example_dags/example_kubernetes_executor.py took 0.013 seconds
[2025-07-18T09:28:53.571+0700] {processor.py:161} INFO - Started process (PID=7443) to work on /home/menglim/airflow_venv/lib/python3.12/site-packages/airflow/example_dags/example_kubernetes_executor.py
[2025-07-18T09:28:53.584+0700] {processor.py:830} INFO - Processing file /home/menglim/airflow_venv/lib/python3.12/site-packages/airflow/example_dags/example_kubernetes_executor.py for tasks to queue
[2025-07-18T09:28:53.585+0700] {logging_mixin.py:188} INFO - [2025-07-18T09:28:53.584+0700] {dagbag.py:545} INFO - Filling up the DagBag from /home/menglim/airflow_venv/lib/python3.12/site-packages/airflow/example_dags/example_kubernetes_executor.py
[2025-07-18T09:28:53.588+0700] {logging_mixin.py:188} INFO - [2025-07-18T09:28:53.588+0700] {example_kubernetes_executor.py:39} WARNING - The example_kubernetes_executor example DAG requires the kubernetes provider. Please install it with: pip install apache-airflow[cncf.kubernetes]
[2025-07-18T09:28:53.588+0700] {processor.py:842} WARNING - No viable dags retrieved from /home/menglim/airflow_venv/lib/python3.12/site-packages/airflow/example_dags/example_kubernetes_executor.py
[2025-07-18T09:28:53.594+0700] {processor.py:183} INFO - Processing /home/menglim/airflow_venv/lib/python3.12/site-packages/airflow/example_dags/example_kubernetes_executor.py took 0.026 seconds
[2025-07-18T09:29:46.674+0700] {processor.py:161} INFO - Started process (PID=7548) to work on /home/menglim/airflow_venv/lib/python3.12/site-packages/airflow/example_dags/example_kubernetes_executor.py
[2025-07-18T09:29:46.675+0700] {processor.py:830} INFO - Processing file /home/menglim/airflow_venv/lib/python3.12/site-packages/airflow/example_dags/example_kubernetes_executor.py for tasks to queue
[2025-07-18T09:29:46.676+0700] {logging_mixin.py:188} INFO - [2025-07-18T09:29:46.675+0700] {dagbag.py:545} INFO - Filling up the DagBag from /home/menglim/airflow_venv/lib/python3.12/site-packages/airflow/example_dags/example_kubernetes_executor.py
[2025-07-18T09:29:46.677+0700] {logging_mixin.py:188} INFO - [2025-07-18T09:29:46.677+0700] {example_kubernetes_executor.py:39} WARNING - The example_kubernetes_executor example DAG requires the kubernetes provider. Please install it with: pip install apache-airflow[cncf.kubernetes]
[2025-07-18T09:29:46.678+0700] {processor.py:842} WARNING - No viable dags retrieved from /home/menglim/airflow_venv/lib/python3.12/site-packages/airflow/example_dags/example_kubernetes_executor.py
[2025-07-18T09:29:46.684+0700] {processor.py:183} INFO - Processing /home/menglim/airflow_venv/lib/python3.12/site-packages/airflow/example_dags/example_kubernetes_executor.py took 0.013 seconds
[2025-07-18T09:30:40.047+0700] {processor.py:161} INFO - Started process (PID=7630) to work on /home/menglim/airflow_venv/lib/python3.12/site-packages/airflow/example_dags/example_kubernetes_executor.py
[2025-07-18T09:30:40.049+0700] {processor.py:830} INFO - Processing file /home/menglim/airflow_venv/lib/python3.12/site-packages/airflow/example_dags/example_kubernetes_executor.py for tasks to queue
[2025-07-18T09:30:40.050+0700] {logging_mixin.py:188} INFO - [2025-07-18T09:30:40.050+0700] {dagbag.py:545} INFO - Filling up the DagBag from /home/menglim/airflow_venv/lib/python3.12/site-packages/airflow/example_dags/example_kubernetes_executor.py
[2025-07-18T09:30:40.051+0700] {logging_mixin.py:188} INFO - [2025-07-18T09:30:40.051+0700] {example_kubernetes_executor.py:39} WARNING - The example_kubernetes_executor example DAG requires the kubernetes provider. Please install it with: pip install apache-airflow[cncf.kubernetes]
[2025-07-18T09:30:40.052+0700] {processor.py:842} WARNING - No viable dags retrieved from /home/menglim/airflow_venv/lib/python3.12/site-packages/airflow/example_dags/example_kubernetes_executor.py
[2025-07-18T09:30:40.058+0700] {processor.py:183} INFO - Processing /home/menglim/airflow_venv/lib/python3.12/site-packages/airflow/example_dags/example_kubernetes_executor.py took 0.014 seconds
[2025-07-18T09:31:55.109+0700] {processor.py:161} INFO - Started process (PID=7732) to work on /home/menglim/airflow_venv/lib/python3.12/site-packages/airflow/example_dags/example_kubernetes_executor.py
[2025-07-18T09:31:55.110+0700] {processor.py:830} INFO - Processing file /home/menglim/airflow_venv/lib/python3.12/site-packages/airflow/example_dags/example_kubernetes_executor.py for tasks to queue
[2025-07-18T09:31:55.110+0700] {logging_mixin.py:188} INFO - [2025-07-18T09:31:55.110+0700] {dagbag.py:545} INFO - Filling up the DagBag from /home/menglim/airflow_venv/lib/python3.12/site-packages/airflow/example_dags/example_kubernetes_executor.py
[2025-07-18T09:31:55.112+0700] {logging_mixin.py:188} INFO - [2025-07-18T09:31:55.112+0700] {example_kubernetes_executor.py:39} WARNING - The example_kubernetes_executor example DAG requires the kubernetes provider. Please install it with: pip install apache-airflow[cncf.kubernetes]
[2025-07-18T09:31:55.113+0700] {processor.py:842} WARNING - No viable dags retrieved from /home/menglim/airflow_venv/lib/python3.12/site-packages/airflow/example_dags/example_kubernetes_executor.py
[2025-07-18T09:31:55.121+0700] {processor.py:183} INFO - Processing /home/menglim/airflow_venv/lib/python3.12/site-packages/airflow/example_dags/example_kubernetes_executor.py took 0.018 seconds
[2025-07-18T09:32:46.086+0700] {processor.py:161} INFO - Started process (PID=7813) to work on /home/menglim/airflow_venv/lib/python3.12/site-packages/airflow/example_dags/example_kubernetes_executor.py
[2025-07-18T09:32:46.088+0700] {processor.py:830} INFO - Processing file /home/menglim/airflow_venv/lib/python3.12/site-packages/airflow/example_dags/example_kubernetes_executor.py for tasks to queue
[2025-07-18T09:32:46.088+0700] {logging_mixin.py:188} INFO - [2025-07-18T09:32:46.088+0700] {dagbag.py:545} INFO - Filling up the DagBag from /home/menglim/airflow_venv/lib/python3.12/site-packages/airflow/example_dags/example_kubernetes_executor.py
[2025-07-18T09:32:46.090+0700] {logging_mixin.py:188} INFO - [2025-07-18T09:32:46.090+0700] {example_kubernetes_executor.py:39} WARNING - The example_kubernetes_executor example DAG requires the kubernetes provider. Please install it with: pip install apache-airflow[cncf.kubernetes]
[2025-07-18T09:32:46.090+0700] {processor.py:842} WARNING - No viable dags retrieved from /home/menglim/airflow_venv/lib/python3.12/site-packages/airflow/example_dags/example_kubernetes_executor.py
[2025-07-18T09:32:46.097+0700] {processor.py:183} INFO - Processing /home/menglim/airflow_venv/lib/python3.12/site-packages/airflow/example_dags/example_kubernetes_executor.py took 0.014 seconds
[2025-07-18T09:34:01.422+0700] {processor.py:161} INFO - Started process (PID=7949) to work on /home/menglim/airflow_venv/lib/python3.12/site-packages/airflow/example_dags/example_kubernetes_executor.py
[2025-07-18T09:34:01.423+0700] {processor.py:830} INFO - Processing file /home/menglim/airflow_venv/lib/python3.12/site-packages/airflow/example_dags/example_kubernetes_executor.py for tasks to queue
[2025-07-18T09:34:01.424+0700] {logging_mixin.py:188} INFO - [2025-07-18T09:34:01.423+0700] {dagbag.py:545} INFO - Filling up the DagBag from /home/menglim/airflow_venv/lib/python3.12/site-packages/airflow/example_dags/example_kubernetes_executor.py
[2025-07-18T09:34:01.425+0700] {logging_mixin.py:188} INFO - [2025-07-18T09:34:01.425+0700] {example_kubernetes_executor.py:39} WARNING - The example_kubernetes_executor example DAG requires the kubernetes provider. Please install it with: pip install apache-airflow[cncf.kubernetes]
[2025-07-18T09:34:01.425+0700] {processor.py:842} WARNING - No viable dags retrieved from /home/menglim/airflow_venv/lib/python3.12/site-packages/airflow/example_dags/example_kubernetes_executor.py
[2025-07-18T09:34:01.431+0700] {processor.py:183} INFO - Processing /home/menglim/airflow_venv/lib/python3.12/site-packages/airflow/example_dags/example_kubernetes_executor.py took 0.013 seconds
[2025-07-18T09:34:55.673+0700] {processor.py:161} INFO - Started process (PID=8102) to work on /home/menglim/airflow_venv/lib/python3.12/site-packages/airflow/example_dags/example_kubernetes_executor.py
[2025-07-18T09:34:55.674+0700] {processor.py:830} INFO - Processing file /home/menglim/airflow_venv/lib/python3.12/site-packages/airflow/example_dags/example_kubernetes_executor.py for tasks to queue
[2025-07-18T09:34:55.674+0700] {logging_mixin.py:188} INFO - [2025-07-18T09:34:55.674+0700] {dagbag.py:545} INFO - Filling up the DagBag from /home/menglim/airflow_venv/lib/python3.12/site-packages/airflow/example_dags/example_kubernetes_executor.py
[2025-07-18T09:34:55.676+0700] {logging_mixin.py:188} INFO - [2025-07-18T09:34:55.676+0700] {example_kubernetes_executor.py:39} WARNING - The example_kubernetes_executor example DAG requires the kubernetes provider. Please install it with: pip install apache-airflow[cncf.kubernetes]
[2025-07-18T09:34:55.676+0700] {processor.py:842} WARNING - No viable dags retrieved from /home/menglim/airflow_venv/lib/python3.12/site-packages/airflow/example_dags/example_kubernetes_executor.py
[2025-07-18T09:34:55.682+0700] {processor.py:183} INFO - Processing /home/menglim/airflow_venv/lib/python3.12/site-packages/airflow/example_dags/example_kubernetes_executor.py took 0.013 seconds
[2025-07-18T09:36:10.337+0700] {processor.py:161} INFO - Started process (PID=8217) to work on /home/menglim/airflow_venv/lib/python3.12/site-packages/airflow/example_dags/example_kubernetes_executor.py
[2025-07-18T09:36:10.339+0700] {processor.py:830} INFO - Processing file /home/menglim/airflow_venv/lib/python3.12/site-packages/airflow/example_dags/example_kubernetes_executor.py for tasks to queue
[2025-07-18T09:36:10.340+0700] {logging_mixin.py:188} INFO - [2025-07-18T09:36:10.339+0700] {dagbag.py:545} INFO - Filling up the DagBag from /home/menglim/airflow_venv/lib/python3.12/site-packages/airflow/example_dags/example_kubernetes_executor.py
[2025-07-18T09:36:10.341+0700] {logging_mixin.py:188} INFO - [2025-07-18T09:36:10.341+0700] {example_kubernetes_executor.py:39} WARNING - The example_kubernetes_executor example DAG requires the kubernetes provider. Please install it with: pip install apache-airflow[cncf.kubernetes]
[2025-07-18T09:36:10.341+0700] {processor.py:842} WARNING - No viable dags retrieved from /home/menglim/airflow_venv/lib/python3.12/site-packages/airflow/example_dags/example_kubernetes_executor.py
[2025-07-18T09:36:10.348+0700] {processor.py:183} INFO - Processing /home/menglim/airflow_venv/lib/python3.12/site-packages/airflow/example_dags/example_kubernetes_executor.py took 0.015 seconds
[2025-07-18T09:37:07.771+0700] {processor.py:161} INFO - Started process (PID=8310) to work on /home/menglim/airflow_venv/lib/python3.12/site-packages/airflow/example_dags/example_kubernetes_executor.py
[2025-07-18T09:37:07.774+0700] {processor.py:830} INFO - Processing file /home/menglim/airflow_venv/lib/python3.12/site-packages/airflow/example_dags/example_kubernetes_executor.py for tasks to queue
[2025-07-18T09:37:07.776+0700] {logging_mixin.py:188} INFO - [2025-07-18T09:37:07.775+0700] {dagbag.py:545} INFO - Filling up the DagBag from /home/menglim/airflow_venv/lib/python3.12/site-packages/airflow/example_dags/example_kubernetes_executor.py
[2025-07-18T09:37:07.780+0700] {logging_mixin.py:188} INFO - [2025-07-18T09:37:07.780+0700] {example_kubernetes_executor.py:39} WARNING - The example_kubernetes_executor example DAG requires the kubernetes provider. Please install it with: pip install apache-airflow[cncf.kubernetes]
[2025-07-18T09:37:07.781+0700] {processor.py:842} WARNING - No viable dags retrieved from /home/menglim/airflow_venv/lib/python3.12/site-packages/airflow/example_dags/example_kubernetes_executor.py
[2025-07-18T09:37:07.797+0700] {processor.py:183} INFO - Processing /home/menglim/airflow_venv/lib/python3.12/site-packages/airflow/example_dags/example_kubernetes_executor.py took 0.036 seconds
