[2025-07-18T09:00:20.736+0700] {processor.py:161} INFO - Started process (PID=2990) to work on /home/menglim/airflow_venv/lib/python3.12/site-packages/airflow/example_dags/example_short_circuit_operator.py
[2025-07-18T09:00:20.736+0700] {processor.py:830} INFO - Processing file /home/menglim/airflow_venv/lib/python3.12/site-packages/airflow/example_dags/example_short_circuit_operator.py for tasks to queue
[2025-07-18T09:00:20.737+0700] {logging_mixin.py:188} INFO - [2025-07-18T09:00:20.737+0700] {dagbag.py:545} INFO - Filling up the DagBag from /home/menglim/airflow_venv/lib/python3.12/site-packages/airflow/example_dags/example_short_circuit_operator.py
[2025-07-18T09:00:20.742+0700] {processor.py:840} INFO - DAG(s) 'example_short_circuit_operator' retrieved from /home/menglim/airflow_venv/lib/python3.12/site-packages/airflow/example_dags/example_short_circuit_operator.py
[2025-07-18T09:00:20.794+0700] {logging_mixin.py:188} INFO - [2025-07-18T09:00:20.794+0700] {dag.py:3096} INFO - Sync 1 DAGs
[2025-07-18T09:00:20.803+0700] {logging_mixin.py:188} INFO - [2025-07-18T09:00:20.802+0700] {dag.py:3954} INFO - Setting next_dagrun for example_short_circuit_operator to 2025-07-17 00:00:00+00:00, run_after=2025-07-18 00:00:00+00:00
[2025-07-18T09:00:20.824+0700] {processor.py:183} INFO - Processing /home/menglim/airflow_venv/lib/python3.12/site-packages/airflow/example_dags/example_short_circuit_operator.py took 0.092 seconds
[2025-07-18T09:01:13.842+0700] {processor.py:161} INFO - Started process (PID=3326) to work on /home/menglim/airflow_venv/lib/python3.12/site-packages/airflow/example_dags/example_short_circuit_operator.py
[2025-07-18T09:01:13.845+0700] {processor.py:830} INFO - Processing file /home/menglim/airflow_venv/lib/python3.12/site-packages/airflow/example_dags/example_short_circuit_operator.py for tasks to queue
[2025-07-18T09:01:13.846+0700] {logging_mixin.py:188} INFO - [2025-07-18T09:01:13.845+0700] {dagbag.py:545} INFO - Filling up the DagBag from /home/menglim/airflow_venv/lib/python3.12/site-packages/airflow/example_dags/example_short_circuit_operator.py
[2025-07-18T09:01:13.851+0700] {processor.py:840} INFO - DAG(s) 'example_short_circuit_operator' retrieved from /home/menglim/airflow_venv/lib/python3.12/site-packages/airflow/example_dags/example_short_circuit_operator.py
[2025-07-18T09:01:13.863+0700] {logging_mixin.py:188} INFO - [2025-07-18T09:01:13.863+0700] {dag.py:3096} INFO - Sync 1 DAGs
[2025-07-18T09:01:13.874+0700] {logging_mixin.py:188} INFO - [2025-07-18T09:01:13.874+0700] {dag.py:3954} INFO - Setting next_dagrun for example_short_circuit_operator to 2025-07-17 00:00:00+00:00, run_after=2025-07-18 00:00:00+00:00
[2025-07-18T09:01:13.894+0700] {processor.py:183} INFO - Processing /home/menglim/airflow_venv/lib/python3.12/site-packages/airflow/example_dags/example_short_circuit_operator.py took 0.056 seconds
[2025-07-18T09:02:15.175+0700] {processor.py:161} INFO - Started process (PID=3472) to work on /home/menglim/airflow_venv/lib/python3.12/site-packages/airflow/example_dags/example_short_circuit_operator.py
[2025-07-18T09:02:15.177+0700] {processor.py:830} INFO - Processing file /home/menglim/airflow_venv/lib/python3.12/site-packages/airflow/example_dags/example_short_circuit_operator.py for tasks to queue
[2025-07-18T09:02:15.178+0700] {logging_mixin.py:188} INFO - [2025-07-18T09:02:15.178+0700] {dagbag.py:545} INFO - Filling up the DagBag from /home/menglim/airflow_venv/lib/python3.12/site-packages/airflow/example_dags/example_short_circuit_operator.py
[2025-07-18T09:02:15.183+0700] {processor.py:840} INFO - DAG(s) 'example_short_circuit_operator' retrieved from /home/menglim/airflow_venv/lib/python3.12/site-packages/airflow/example_dags/example_short_circuit_operator.py
[2025-07-18T09:02:15.195+0700] {logging_mixin.py:188} INFO - [2025-07-18T09:02:15.195+0700] {dag.py:3096} INFO - Sync 1 DAGs
[2025-07-18T09:02:15.211+0700] {logging_mixin.py:188} INFO - [2025-07-18T09:02:15.210+0700] {dag.py:3954} INFO - Setting next_dagrun for example_short_circuit_operator to 2025-07-17 00:00:00+00:00, run_after=2025-07-18 00:00:00+00:00
[2025-07-18T09:02:15.232+0700] {processor.py:183} INFO - Processing /home/menglim/airflow_venv/lib/python3.12/site-packages/airflow/example_dags/example_short_circuit_operator.py took 0.061 seconds
[2025-07-18T09:03:14.271+0700] {processor.py:161} INFO - Started process (PID=3610) to work on /home/menglim/airflow_venv/lib/python3.12/site-packages/airflow/example_dags/example_short_circuit_operator.py
[2025-07-18T09:03:14.273+0700] {processor.py:830} INFO - Processing file /home/menglim/airflow_venv/lib/python3.12/site-packages/airflow/example_dags/example_short_circuit_operator.py for tasks to queue
[2025-07-18T09:03:14.274+0700] {logging_mixin.py:188} INFO - [2025-07-18T09:03:14.274+0700] {dagbag.py:545} INFO - Filling up the DagBag from /home/menglim/airflow_venv/lib/python3.12/site-packages/airflow/example_dags/example_short_circuit_operator.py
[2025-07-18T09:03:14.279+0700] {processor.py:840} INFO - DAG(s) 'example_short_circuit_operator' retrieved from /home/menglim/airflow_venv/lib/python3.12/site-packages/airflow/example_dags/example_short_circuit_operator.py
[2025-07-18T09:03:14.290+0700] {logging_mixin.py:188} INFO - [2025-07-18T09:03:14.290+0700] {dag.py:3096} INFO - Sync 1 DAGs
[2025-07-18T09:03:14.300+0700] {logging_mixin.py:188} INFO - [2025-07-18T09:03:14.300+0700] {dag.py:3954} INFO - Setting next_dagrun for example_short_circuit_operator to 2025-07-17 00:00:00+00:00, run_after=2025-07-18 00:00:00+00:00
[2025-07-18T09:03:14.320+0700] {processor.py:183} INFO - Processing /home/menglim/airflow_venv/lib/python3.12/site-packages/airflow/example_dags/example_short_circuit_operator.py took 0.052 seconds
[2025-07-18T09:04:05.369+0700] {processor.py:161} INFO - Started process (PID=3706) to work on /home/menglim/airflow_venv/lib/python3.12/site-packages/airflow/example_dags/example_short_circuit_operator.py
[2025-07-18T09:04:05.372+0700] {processor.py:830} INFO - Processing file /home/menglim/airflow_venv/lib/python3.12/site-packages/airflow/example_dags/example_short_circuit_operator.py for tasks to queue
[2025-07-18T09:04:05.373+0700] {logging_mixin.py:188} INFO - [2025-07-18T09:04:05.373+0700] {dagbag.py:545} INFO - Filling up the DagBag from /home/menglim/airflow_venv/lib/python3.12/site-packages/airflow/example_dags/example_short_circuit_operator.py
[2025-07-18T09:04:05.377+0700] {processor.py:840} INFO - DAG(s) 'example_short_circuit_operator' retrieved from /home/menglim/airflow_venv/lib/python3.12/site-packages/airflow/example_dags/example_short_circuit_operator.py
[2025-07-18T09:04:05.387+0700] {logging_mixin.py:188} INFO - [2025-07-18T09:04:05.387+0700] {dag.py:3096} INFO - Sync 1 DAGs
[2025-07-18T09:04:05.396+0700] {logging_mixin.py:188} INFO - [2025-07-18T09:04:05.396+0700] {dag.py:3954} INFO - Setting next_dagrun for example_short_circuit_operator to 2025-07-17 00:00:00+00:00, run_after=2025-07-18 00:00:00+00:00
[2025-07-18T09:04:05.416+0700] {processor.py:183} INFO - Processing /home/menglim/airflow_venv/lib/python3.12/site-packages/airflow/example_dags/example_short_circuit_operator.py took 0.050 seconds
[2025-07-18T09:05:02.116+0700] {processor.py:161} INFO - Started process (PID=3810) to work on /home/menglim/airflow_venv/lib/python3.12/site-packages/airflow/example_dags/example_short_circuit_operator.py
[2025-07-18T09:05:02.118+0700] {processor.py:830} INFO - Processing file /home/menglim/airflow_venv/lib/python3.12/site-packages/airflow/example_dags/example_short_circuit_operator.py for tasks to queue
[2025-07-18T09:05:02.119+0700] {logging_mixin.py:188} INFO - [2025-07-18T09:05:02.119+0700] {dagbag.py:545} INFO - Filling up the DagBag from /home/menglim/airflow_venv/lib/python3.12/site-packages/airflow/example_dags/example_short_circuit_operator.py
[2025-07-18T09:05:02.123+0700] {processor.py:840} INFO - DAG(s) 'example_short_circuit_operator' retrieved from /home/menglim/airflow_venv/lib/python3.12/site-packages/airflow/example_dags/example_short_circuit_operator.py
[2025-07-18T09:05:02.133+0700] {logging_mixin.py:188} INFO - [2025-07-18T09:05:02.133+0700] {dag.py:3096} INFO - Sync 1 DAGs
[2025-07-18T09:05:02.144+0700] {logging_mixin.py:188} INFO - [2025-07-18T09:05:02.144+0700] {dag.py:3954} INFO - Setting next_dagrun for example_short_circuit_operator to 2025-07-17 00:00:00+00:00, run_after=2025-07-18 00:00:00+00:00
[2025-07-18T09:05:02.164+0700] {processor.py:183} INFO - Processing /home/menglim/airflow_venv/lib/python3.12/site-packages/airflow/example_dags/example_short_circuit_operator.py took 0.052 seconds
[2025-07-18T09:06:01.011+0700] {processor.py:161} INFO - Started process (PID=3905) to work on /home/menglim/airflow_venv/lib/python3.12/site-packages/airflow/example_dags/example_short_circuit_operator.py
[2025-07-18T09:06:01.013+0700] {processor.py:830} INFO - Processing file /home/menglim/airflow_venv/lib/python3.12/site-packages/airflow/example_dags/example_short_circuit_operator.py for tasks to queue
[2025-07-18T09:06:01.014+0700] {logging_mixin.py:188} INFO - [2025-07-18T09:06:01.013+0700] {dagbag.py:545} INFO - Filling up the DagBag from /home/menglim/airflow_venv/lib/python3.12/site-packages/airflow/example_dags/example_short_circuit_operator.py
[2025-07-18T09:06:01.018+0700] {processor.py:840} INFO - DAG(s) 'example_short_circuit_operator' retrieved from /home/menglim/airflow_venv/lib/python3.12/site-packages/airflow/example_dags/example_short_circuit_operator.py
[2025-07-18T09:06:01.030+0700] {logging_mixin.py:188} INFO - [2025-07-18T09:06:01.030+0700] {dag.py:3096} INFO - Sync 1 DAGs
[2025-07-18T09:06:01.041+0700] {logging_mixin.py:188} INFO - [2025-07-18T09:06:01.040+0700] {dag.py:3954} INFO - Setting next_dagrun for example_short_circuit_operator to 2025-07-17 00:00:00+00:00, run_after=2025-07-18 00:00:00+00:00
[2025-07-18T09:06:01.060+0700] {processor.py:183} INFO - Processing /home/menglim/airflow_venv/lib/python3.12/site-packages/airflow/example_dags/example_short_circuit_operator.py took 0.053 seconds
[2025-07-18T09:06:55.417+0700] {processor.py:161} INFO - Started process (PID=4017) to work on /home/menglim/airflow_venv/lib/python3.12/site-packages/airflow/example_dags/example_short_circuit_operator.py
[2025-07-18T09:06:55.420+0700] {processor.py:830} INFO - Processing file /home/menglim/airflow_venv/lib/python3.12/site-packages/airflow/example_dags/example_short_circuit_operator.py for tasks to queue
[2025-07-18T09:06:55.420+0700] {logging_mixin.py:188} INFO - [2025-07-18T09:06:55.420+0700] {dagbag.py:545} INFO - Filling up the DagBag from /home/menglim/airflow_venv/lib/python3.12/site-packages/airflow/example_dags/example_short_circuit_operator.py
[2025-07-18T09:06:55.425+0700] {processor.py:840} INFO - DAG(s) 'example_short_circuit_operator' retrieved from /home/menglim/airflow_venv/lib/python3.12/site-packages/airflow/example_dags/example_short_circuit_operator.py
[2025-07-18T09:06:55.435+0700] {logging_mixin.py:188} INFO - [2025-07-18T09:06:55.435+0700] {dag.py:3096} INFO - Sync 1 DAGs
[2025-07-18T09:06:55.444+0700] {logging_mixin.py:188} INFO - [2025-07-18T09:06:55.444+0700] {dag.py:3954} INFO - Setting next_dagrun for example_short_circuit_operator to 2025-07-17 00:00:00+00:00, run_after=2025-07-18 00:00:00+00:00
[2025-07-18T09:06:55.474+0700] {processor.py:183} INFO - Processing /home/menglim/airflow_venv/lib/python3.12/site-packages/airflow/example_dags/example_short_circuit_operator.py took 0.060 seconds
[2025-07-18T09:07:56.022+0700] {processor.py:161} INFO - Started process (PID=4126) to work on /home/menglim/airflow_venv/lib/python3.12/site-packages/airflow/example_dags/example_short_circuit_operator.py
[2025-07-18T09:07:56.025+0700] {processor.py:830} INFO - Processing file /home/menglim/airflow_venv/lib/python3.12/site-packages/airflow/example_dags/example_short_circuit_operator.py for tasks to queue
[2025-07-18T09:07:56.026+0700] {logging_mixin.py:188} INFO - [2025-07-18T09:07:56.025+0700] {dagbag.py:545} INFO - Filling up the DagBag from /home/menglim/airflow_venv/lib/python3.12/site-packages/airflow/example_dags/example_short_circuit_operator.py
[2025-07-18T09:07:56.031+0700] {processor.py:840} INFO - DAG(s) 'example_short_circuit_operator' retrieved from /home/menglim/airflow_venv/lib/python3.12/site-packages/airflow/example_dags/example_short_circuit_operator.py
[2025-07-18T09:07:56.044+0700] {logging_mixin.py:188} INFO - [2025-07-18T09:07:56.044+0700] {dag.py:3096} INFO - Sync 1 DAGs
[2025-07-18T09:07:56.057+0700] {logging_mixin.py:188} INFO - [2025-07-18T09:07:56.057+0700] {dag.py:3954} INFO - Setting next_dagrun for example_short_circuit_operator to 2025-07-17 00:00:00+00:00, run_after=2025-07-18 00:00:00+00:00
[2025-07-18T09:07:56.079+0700] {processor.py:183} INFO - Processing /home/menglim/airflow_venv/lib/python3.12/site-packages/airflow/example_dags/example_short_circuit_operator.py took 0.063 seconds
[2025-07-18T09:08:51.674+0700] {processor.py:161} INFO - Started process (PID=4226) to work on /home/menglim/airflow_venv/lib/python3.12/site-packages/airflow/example_dags/example_short_circuit_operator.py
[2025-07-18T09:08:51.677+0700] {processor.py:830} INFO - Processing file /home/menglim/airflow_venv/lib/python3.12/site-packages/airflow/example_dags/example_short_circuit_operator.py for tasks to queue
[2025-07-18T09:08:51.677+0700] {logging_mixin.py:188} INFO - [2025-07-18T09:08:51.677+0700] {dagbag.py:545} INFO - Filling up the DagBag from /home/menglim/airflow_venv/lib/python3.12/site-packages/airflow/example_dags/example_short_circuit_operator.py
[2025-07-18T09:08:51.684+0700] {processor.py:840} INFO - DAG(s) 'example_short_circuit_operator' retrieved from /home/menglim/airflow_venv/lib/python3.12/site-packages/airflow/example_dags/example_short_circuit_operator.py
[2025-07-18T09:08:51.693+0700] {logging_mixin.py:188} INFO - [2025-07-18T09:08:51.693+0700] {dag.py:3096} INFO - Sync 1 DAGs
[2025-07-18T09:08:51.703+0700] {logging_mixin.py:188} INFO - [2025-07-18T09:08:51.703+0700] {dag.py:3954} INFO - Setting next_dagrun for example_short_circuit_operator to 2025-07-17 00:00:00+00:00, run_after=2025-07-18 00:00:00+00:00
[2025-07-18T09:08:51.724+0700] {processor.py:183} INFO - Processing /home/menglim/airflow_venv/lib/python3.12/site-packages/airflow/example_dags/example_short_circuit_operator.py took 0.054 seconds
[2025-07-18T09:09:43.013+0700] {processor.py:161} INFO - Started process (PID=4326) to work on /home/menglim/airflow_venv/lib/python3.12/site-packages/airflow/example_dags/example_short_circuit_operator.py
[2025-07-18T09:09:43.016+0700] {processor.py:830} INFO - Processing file /home/menglim/airflow_venv/lib/python3.12/site-packages/airflow/example_dags/example_short_circuit_operator.py for tasks to queue
[2025-07-18T09:09:43.016+0700] {logging_mixin.py:188} INFO - [2025-07-18T09:09:43.016+0700] {dagbag.py:545} INFO - Filling up the DagBag from /home/menglim/airflow_venv/lib/python3.12/site-packages/airflow/example_dags/example_short_circuit_operator.py
[2025-07-18T09:09:43.021+0700] {processor.py:840} INFO - DAG(s) 'example_short_circuit_operator' retrieved from /home/menglim/airflow_venv/lib/python3.12/site-packages/airflow/example_dags/example_short_circuit_operator.py
[2025-07-18T09:09:43.031+0700] {logging_mixin.py:188} INFO - [2025-07-18T09:09:43.031+0700] {dag.py:3096} INFO - Sync 1 DAGs
[2025-07-18T09:09:43.043+0700] {logging_mixin.py:188} INFO - [2025-07-18T09:09:43.043+0700] {dag.py:3954} INFO - Setting next_dagrun for example_short_circuit_operator to 2025-07-17 00:00:00+00:00, run_after=2025-07-18 00:00:00+00:00
[2025-07-18T09:09:43.064+0700] {processor.py:183} INFO - Processing /home/menglim/airflow_venv/lib/python3.12/site-packages/airflow/example_dags/example_short_circuit_operator.py took 0.054 seconds
[2025-07-18T09:10:34.284+0700] {processor.py:161} INFO - Started process (PID=4411) to work on /home/menglim/airflow_venv/lib/python3.12/site-packages/airflow/example_dags/example_short_circuit_operator.py
[2025-07-18T09:10:34.286+0700] {processor.py:830} INFO - Processing file /home/menglim/airflow_venv/lib/python3.12/site-packages/airflow/example_dags/example_short_circuit_operator.py for tasks to queue
[2025-07-18T09:10:34.287+0700] {logging_mixin.py:188} INFO - [2025-07-18T09:10:34.286+0700] {dagbag.py:545} INFO - Filling up the DagBag from /home/menglim/airflow_venv/lib/python3.12/site-packages/airflow/example_dags/example_short_circuit_operator.py
[2025-07-18T09:10:34.291+0700] {processor.py:840} INFO - DAG(s) 'example_short_circuit_operator' retrieved from /home/menglim/airflow_venv/lib/python3.12/site-packages/airflow/example_dags/example_short_circuit_operator.py
[2025-07-18T09:10:34.301+0700] {logging_mixin.py:188} INFO - [2025-07-18T09:10:34.301+0700] {dag.py:3096} INFO - Sync 1 DAGs
[2025-07-18T09:10:34.310+0700] {logging_mixin.py:188} INFO - [2025-07-18T09:10:34.310+0700] {dag.py:3954} INFO - Setting next_dagrun for example_short_circuit_operator to 2025-07-17 00:00:00+00:00, run_after=2025-07-18 00:00:00+00:00
[2025-07-18T09:10:34.331+0700] {processor.py:183} INFO - Processing /home/menglim/airflow_venv/lib/python3.12/site-packages/airflow/example_dags/example_short_circuit_operator.py took 0.051 seconds
[2025-07-18T09:11:40.401+0700] {processor.py:161} INFO - Started process (PID=4572) to work on /home/menglim/airflow_venv/lib/python3.12/site-packages/airflow/example_dags/example_short_circuit_operator.py
[2025-07-18T09:11:40.403+0700] {processor.py:830} INFO - Processing file /home/menglim/airflow_venv/lib/python3.12/site-packages/airflow/example_dags/example_short_circuit_operator.py for tasks to queue
[2025-07-18T09:11:40.404+0700] {logging_mixin.py:188} INFO - [2025-07-18T09:11:40.403+0700] {dagbag.py:545} INFO - Filling up the DagBag from /home/menglim/airflow_venv/lib/python3.12/site-packages/airflow/example_dags/example_short_circuit_operator.py
[2025-07-18T09:11:40.410+0700] {processor.py:840} INFO - DAG(s) 'example_short_circuit_operator' retrieved from /home/menglim/airflow_venv/lib/python3.12/site-packages/airflow/example_dags/example_short_circuit_operator.py
[2025-07-18T09:11:40.423+0700] {logging_mixin.py:188} INFO - [2025-07-18T09:11:40.423+0700] {dag.py:3096} INFO - Sync 1 DAGs
[2025-07-18T09:11:40.436+0700] {logging_mixin.py:188} INFO - [2025-07-18T09:11:40.436+0700] {dag.py:3954} INFO - Setting next_dagrun for example_short_circuit_operator to 2025-07-17 00:00:00+00:00, run_after=2025-07-18 00:00:00+00:00
[2025-07-18T09:11:40.458+0700] {processor.py:183} INFO - Processing /home/menglim/airflow_venv/lib/python3.12/site-packages/airflow/example_dags/example_short_circuit_operator.py took 0.062 seconds
[2025-07-18T09:12:35.178+0700] {processor.py:161} INFO - Started process (PID=4655) to work on /home/menglim/airflow_venv/lib/python3.12/site-packages/airflow/example_dags/example_short_circuit_operator.py
[2025-07-18T09:12:35.179+0700] {processor.py:830} INFO - Processing file /home/menglim/airflow_venv/lib/python3.12/site-packages/airflow/example_dags/example_short_circuit_operator.py for tasks to queue
[2025-07-18T09:12:35.180+0700] {logging_mixin.py:188} INFO - [2025-07-18T09:12:35.179+0700] {dagbag.py:545} INFO - Filling up the DagBag from /home/menglim/airflow_venv/lib/python3.12/site-packages/airflow/example_dags/example_short_circuit_operator.py
[2025-07-18T09:12:35.185+0700] {processor.py:840} INFO - DAG(s) 'example_short_circuit_operator' retrieved from /home/menglim/airflow_venv/lib/python3.12/site-packages/airflow/example_dags/example_short_circuit_operator.py
[2025-07-18T09:12:35.195+0700] {logging_mixin.py:188} INFO - [2025-07-18T09:12:35.195+0700] {dag.py:3096} INFO - Sync 1 DAGs
[2025-07-18T09:12:35.206+0700] {logging_mixin.py:188} INFO - [2025-07-18T09:12:35.206+0700] {dag.py:3954} INFO - Setting next_dagrun for example_short_circuit_operator to 2025-07-17 00:00:00+00:00, run_after=2025-07-18 00:00:00+00:00
[2025-07-18T09:12:35.227+0700] {processor.py:183} INFO - Processing /home/menglim/airflow_venv/lib/python3.12/site-packages/airflow/example_dags/example_short_circuit_operator.py took 0.054 seconds
[2025-07-18T09:13:30.874+0700] {processor.py:161} INFO - Started process (PID=5218) to work on /home/menglim/airflow_venv/lib/python3.12/site-packages/airflow/example_dags/example_short_circuit_operator.py
[2025-07-18T09:13:30.876+0700] {processor.py:830} INFO - Processing file /home/menglim/airflow_venv/lib/python3.12/site-packages/airflow/example_dags/example_short_circuit_operator.py for tasks to queue
[2025-07-18T09:13:30.877+0700] {logging_mixin.py:188} INFO - [2025-07-18T09:13:30.876+0700] {dagbag.py:545} INFO - Filling up the DagBag from /home/menglim/airflow_venv/lib/python3.12/site-packages/airflow/example_dags/example_short_circuit_operator.py
[2025-07-18T09:13:30.886+0700] {processor.py:840} INFO - DAG(s) 'example_short_circuit_operator' retrieved from /home/menglim/airflow_venv/lib/python3.12/site-packages/airflow/example_dags/example_short_circuit_operator.py
[2025-07-18T09:13:30.898+0700] {logging_mixin.py:188} INFO - [2025-07-18T09:13:30.898+0700] {dag.py:3096} INFO - Sync 1 DAGs
[2025-07-18T09:13:30.909+0700] {logging_mixin.py:188} INFO - [2025-07-18T09:13:30.909+0700] {dag.py:3954} INFO - Setting next_dagrun for example_short_circuit_operator to 2025-07-17 00:00:00+00:00, run_after=2025-07-18 00:00:00+00:00
[2025-07-18T09:13:30.930+0700] {processor.py:183} INFO - Processing /home/menglim/airflow_venv/lib/python3.12/site-packages/airflow/example_dags/example_short_circuit_operator.py took 0.061 seconds
[2025-07-18T09:14:31.942+0700] {processor.py:161} INFO - Started process (PID=5360) to work on /home/menglim/airflow_venv/lib/python3.12/site-packages/airflow/example_dags/example_short_circuit_operator.py
[2025-07-18T09:14:31.944+0700] {processor.py:830} INFO - Processing file /home/menglim/airflow_venv/lib/python3.12/site-packages/airflow/example_dags/example_short_circuit_operator.py for tasks to queue
[2025-07-18T09:14:31.944+0700] {logging_mixin.py:188} INFO - [2025-07-18T09:14:31.944+0700] {dagbag.py:545} INFO - Filling up the DagBag from /home/menglim/airflow_venv/lib/python3.12/site-packages/airflow/example_dags/example_short_circuit_operator.py
[2025-07-18T09:14:31.949+0700] {processor.py:840} INFO - DAG(s) 'example_short_circuit_operator' retrieved from /home/menglim/airflow_venv/lib/python3.12/site-packages/airflow/example_dags/example_short_circuit_operator.py
[2025-07-18T09:14:31.958+0700] {logging_mixin.py:188} INFO - [2025-07-18T09:14:31.958+0700] {dag.py:3096} INFO - Sync 1 DAGs
[2025-07-18T09:14:31.968+0700] {logging_mixin.py:188} INFO - [2025-07-18T09:14:31.968+0700] {dag.py:3954} INFO - Setting next_dagrun for example_short_circuit_operator to 2025-07-17 00:00:00+00:00, run_after=2025-07-18 00:00:00+00:00
[2025-07-18T09:14:31.990+0700] {processor.py:183} INFO - Processing /home/menglim/airflow_venv/lib/python3.12/site-packages/airflow/example_dags/example_short_circuit_operator.py took 0.052 seconds
[2025-07-18T09:15:33.111+0700] {processor.py:161} INFO - Started process (PID=5476) to work on /home/menglim/airflow_venv/lib/python3.12/site-packages/airflow/example_dags/example_short_circuit_operator.py
[2025-07-18T09:15:33.114+0700] {processor.py:830} INFO - Processing file /home/menglim/airflow_venv/lib/python3.12/site-packages/airflow/example_dags/example_short_circuit_operator.py for tasks to queue
[2025-07-18T09:15:33.114+0700] {logging_mixin.py:188} INFO - [2025-07-18T09:15:33.114+0700] {dagbag.py:545} INFO - Filling up the DagBag from /home/menglim/airflow_venv/lib/python3.12/site-packages/airflow/example_dags/example_short_circuit_operator.py
[2025-07-18T09:15:33.118+0700] {processor.py:840} INFO - DAG(s) 'example_short_circuit_operator' retrieved from /home/menglim/airflow_venv/lib/python3.12/site-packages/airflow/example_dags/example_short_circuit_operator.py
[2025-07-18T09:15:33.128+0700] {logging_mixin.py:188} INFO - [2025-07-18T09:15:33.128+0700] {dag.py:3096} INFO - Sync 1 DAGs
[2025-07-18T09:15:33.138+0700] {logging_mixin.py:188} INFO - [2025-07-18T09:15:33.138+0700] {dag.py:3954} INFO - Setting next_dagrun for example_short_circuit_operator to 2025-07-17 00:00:00+00:00, run_after=2025-07-18 00:00:00+00:00
[2025-07-18T09:15:33.159+0700] {processor.py:183} INFO - Processing /home/menglim/airflow_venv/lib/python3.12/site-packages/airflow/example_dags/example_short_circuit_operator.py took 0.051 seconds
[2025-07-18T09:16:39.668+0700] {processor.py:161} INFO - Started process (PID=5602) to work on /home/menglim/airflow_venv/lib/python3.12/site-packages/airflow/example_dags/example_short_circuit_operator.py
[2025-07-18T09:16:39.670+0700] {processor.py:830} INFO - Processing file /home/menglim/airflow_venv/lib/python3.12/site-packages/airflow/example_dags/example_short_circuit_operator.py for tasks to queue
[2025-07-18T09:16:39.670+0700] {logging_mixin.py:188} INFO - [2025-07-18T09:16:39.670+0700] {dagbag.py:545} INFO - Filling up the DagBag from /home/menglim/airflow_venv/lib/python3.12/site-packages/airflow/example_dags/example_short_circuit_operator.py
[2025-07-18T09:16:39.675+0700] {processor.py:840} INFO - DAG(s) 'example_short_circuit_operator' retrieved from /home/menglim/airflow_venv/lib/python3.12/site-packages/airflow/example_dags/example_short_circuit_operator.py
[2025-07-18T09:16:39.766+0700] {logging_mixin.py:188} INFO - [2025-07-18T09:16:39.766+0700] {dag.py:3096} INFO - Sync 1 DAGs
[2025-07-18T09:16:39.799+0700] {logging_mixin.py:188} INFO - [2025-07-18T09:16:39.798+0700] {dag.py:3954} INFO - Setting next_dagrun for example_short_circuit_operator to 2025-07-17 00:00:00+00:00, run_after=2025-07-18 00:00:00+00:00
[2025-07-18T09:16:39.864+0700] {processor.py:183} INFO - Processing /home/menglim/airflow_venv/lib/python3.12/site-packages/airflow/example_dags/example_short_circuit_operator.py took 0.200 seconds
[2025-07-18T09:18:02.328+0700] {processor.py:161} INFO - Started process (PID=5871) to work on /home/menglim/airflow_venv/lib/python3.12/site-packages/airflow/example_dags/example_short_circuit_operator.py
[2025-07-18T09:18:02.330+0700] {processor.py:830} INFO - Processing file /home/menglim/airflow_venv/lib/python3.12/site-packages/airflow/example_dags/example_short_circuit_operator.py for tasks to queue
[2025-07-18T09:18:02.331+0700] {logging_mixin.py:188} INFO - [2025-07-18T09:18:02.331+0700] {dagbag.py:545} INFO - Filling up the DagBag from /home/menglim/airflow_venv/lib/python3.12/site-packages/airflow/example_dags/example_short_circuit_operator.py
[2025-07-18T09:18:02.335+0700] {processor.py:840} INFO - DAG(s) 'example_short_circuit_operator' retrieved from /home/menglim/airflow_venv/lib/python3.12/site-packages/airflow/example_dags/example_short_circuit_operator.py
[2025-07-18T09:18:02.346+0700] {logging_mixin.py:188} INFO - [2025-07-18T09:18:02.346+0700] {dag.py:3096} INFO - Sync 1 DAGs
[2025-07-18T09:18:02.357+0700] {logging_mixin.py:188} INFO - [2025-07-18T09:18:02.357+0700] {dag.py:3954} INFO - Setting next_dagrun for example_short_circuit_operator to 2025-07-17 00:00:00+00:00, run_after=2025-07-18 00:00:00+00:00
[2025-07-18T09:18:02.377+0700] {processor.py:183} INFO - Processing /home/menglim/airflow_venv/lib/python3.12/site-packages/airflow/example_dags/example_short_circuit_operator.py took 0.053 seconds
[2025-07-18T09:19:13.289+0700] {processor.py:161} INFO - Started process (PID=6031) to work on /home/menglim/airflow_venv/lib/python3.12/site-packages/airflow/example_dags/example_short_circuit_operator.py
[2025-07-18T09:19:13.291+0700] {processor.py:830} INFO - Processing file /home/menglim/airflow_venv/lib/python3.12/site-packages/airflow/example_dags/example_short_circuit_operator.py for tasks to queue
[2025-07-18T09:19:13.292+0700] {logging_mixin.py:188} INFO - [2025-07-18T09:19:13.292+0700] {dagbag.py:545} INFO - Filling up the DagBag from /home/menglim/airflow_venv/lib/python3.12/site-packages/airflow/example_dags/example_short_circuit_operator.py
[2025-07-18T09:19:13.297+0700] {processor.py:840} INFO - DAG(s) 'example_short_circuit_operator' retrieved from /home/menglim/airflow_venv/lib/python3.12/site-packages/airflow/example_dags/example_short_circuit_operator.py
[2025-07-18T09:19:13.309+0700] {logging_mixin.py:188} INFO - [2025-07-18T09:19:13.309+0700] {dag.py:3096} INFO - Sync 1 DAGs
[2025-07-18T09:19:13.390+0700] {logging_mixin.py:188} INFO - [2025-07-18T09:19:13.390+0700] {dag.py:3954} INFO - Setting next_dagrun for example_short_circuit_operator to 2025-07-17 00:00:00+00:00, run_after=2025-07-18 00:00:00+00:00
[2025-07-18T09:19:13.422+0700] {processor.py:183} INFO - Processing /home/menglim/airflow_venv/lib/python3.12/site-packages/airflow/example_dags/example_short_circuit_operator.py took 0.136 seconds
[2025-07-18T09:20:16.935+0700] {processor.py:161} INFO - Started process (PID=6186) to work on /home/menglim/airflow_venv/lib/python3.12/site-packages/airflow/example_dags/example_short_circuit_operator.py
[2025-07-18T09:20:16.937+0700] {processor.py:830} INFO - Processing file /home/menglim/airflow_venv/lib/python3.12/site-packages/airflow/example_dags/example_short_circuit_operator.py for tasks to queue
[2025-07-18T09:20:16.938+0700] {logging_mixin.py:188} INFO - [2025-07-18T09:20:16.938+0700] {dagbag.py:545} INFO - Filling up the DagBag from /home/menglim/airflow_venv/lib/python3.12/site-packages/airflow/example_dags/example_short_circuit_operator.py
[2025-07-18T09:20:16.942+0700] {processor.py:840} INFO - DAG(s) 'example_short_circuit_operator' retrieved from /home/menglim/airflow_venv/lib/python3.12/site-packages/airflow/example_dags/example_short_circuit_operator.py
[2025-07-18T09:20:16.952+0700] {logging_mixin.py:188} INFO - [2025-07-18T09:20:16.952+0700] {dag.py:3096} INFO - Sync 1 DAGs
[2025-07-18T09:20:17.024+0700] {logging_mixin.py:188} INFO - [2025-07-18T09:20:17.024+0700] {dag.py:3954} INFO - Setting next_dagrun for example_short_circuit_operator to 2025-07-17 00:00:00+00:00, run_after=2025-07-18 00:00:00+00:00
[2025-07-18T09:20:17.045+0700] {processor.py:183} INFO - Processing /home/menglim/airflow_venv/lib/python3.12/site-packages/airflow/example_dags/example_short_circuit_operator.py took 0.114 seconds
[2025-07-18T09:21:24.244+0700] {processor.py:161} INFO - Started process (PID=6386) to work on /home/menglim/airflow_venv/lib/python3.12/site-packages/airflow/example_dags/example_short_circuit_operator.py
[2025-07-18T09:21:24.246+0700] {processor.py:830} INFO - Processing file /home/menglim/airflow_venv/lib/python3.12/site-packages/airflow/example_dags/example_short_circuit_operator.py for tasks to queue
[2025-07-18T09:21:24.247+0700] {logging_mixin.py:188} INFO - [2025-07-18T09:21:24.247+0700] {dagbag.py:545} INFO - Filling up the DagBag from /home/menglim/airflow_venv/lib/python3.12/site-packages/airflow/example_dags/example_short_circuit_operator.py
[2025-07-18T09:21:24.252+0700] {processor.py:840} INFO - DAG(s) 'example_short_circuit_operator' retrieved from /home/menglim/airflow_venv/lib/python3.12/site-packages/airflow/example_dags/example_short_circuit_operator.py
[2025-07-18T09:21:24.262+0700] {logging_mixin.py:188} INFO - [2025-07-18T09:21:24.262+0700] {dag.py:3096} INFO - Sync 1 DAGs
[2025-07-18T09:21:24.273+0700] {logging_mixin.py:188} INFO - [2025-07-18T09:21:24.273+0700] {dag.py:3954} INFO - Setting next_dagrun for example_short_circuit_operator to 2025-07-17 00:00:00+00:00, run_after=2025-07-18 00:00:00+00:00
[2025-07-18T09:21:24.294+0700] {processor.py:183} INFO - Processing /home/menglim/airflow_venv/lib/python3.12/site-packages/airflow/example_dags/example_short_circuit_operator.py took 0.054 seconds
[2025-07-18T09:22:47.179+0700] {processor.py:161} INFO - Started process (PID=6613) to work on /home/menglim/airflow_venv/lib/python3.12/site-packages/airflow/example_dags/example_short_circuit_operator.py
[2025-07-18T09:22:47.182+0700] {processor.py:830} INFO - Processing file /home/menglim/airflow_venv/lib/python3.12/site-packages/airflow/example_dags/example_short_circuit_operator.py for tasks to queue
[2025-07-18T09:22:47.182+0700] {logging_mixin.py:188} INFO - [2025-07-18T09:22:47.182+0700] {dagbag.py:545} INFO - Filling up the DagBag from /home/menglim/airflow_venv/lib/python3.12/site-packages/airflow/example_dags/example_short_circuit_operator.py
[2025-07-18T09:22:47.187+0700] {processor.py:840} INFO - DAG(s) 'example_short_circuit_operator' retrieved from /home/menglim/airflow_venv/lib/python3.12/site-packages/airflow/example_dags/example_short_circuit_operator.py
[2025-07-18T09:22:47.197+0700] {logging_mixin.py:188} INFO - [2025-07-18T09:22:47.197+0700] {dag.py:3096} INFO - Sync 1 DAGs
[2025-07-18T09:22:47.207+0700] {logging_mixin.py:188} INFO - [2025-07-18T09:22:47.207+0700] {dag.py:3954} INFO - Setting next_dagrun for example_short_circuit_operator to 2025-07-17 00:00:00+00:00, run_after=2025-07-18 00:00:00+00:00
[2025-07-18T09:22:47.227+0700] {processor.py:183} INFO - Processing /home/menglim/airflow_venv/lib/python3.12/site-packages/airflow/example_dags/example_short_circuit_operator.py took 0.052 seconds
[2025-07-18T09:23:55.584+0700] {processor.py:161} INFO - Started process (PID=6778) to work on /home/menglim/airflow_venv/lib/python3.12/site-packages/airflow/example_dags/example_short_circuit_operator.py
[2025-07-18T09:23:55.585+0700] {processor.py:830} INFO - Processing file /home/menglim/airflow_venv/lib/python3.12/site-packages/airflow/example_dags/example_short_circuit_operator.py for tasks to queue
[2025-07-18T09:23:55.586+0700] {logging_mixin.py:188} INFO - [2025-07-18T09:23:55.585+0700] {dagbag.py:545} INFO - Filling up the DagBag from /home/menglim/airflow_venv/lib/python3.12/site-packages/airflow/example_dags/example_short_circuit_operator.py
[2025-07-18T09:23:55.590+0700] {processor.py:840} INFO - DAG(s) 'example_short_circuit_operator' retrieved from /home/menglim/airflow_venv/lib/python3.12/site-packages/airflow/example_dags/example_short_circuit_operator.py
[2025-07-18T09:23:55.601+0700] {logging_mixin.py:188} INFO - [2025-07-18T09:23:55.601+0700] {dag.py:3096} INFO - Sync 1 DAGs
[2025-07-18T09:23:55.612+0700] {logging_mixin.py:188} INFO - [2025-07-18T09:23:55.612+0700] {dag.py:3954} INFO - Setting next_dagrun for example_short_circuit_operator to 2025-07-17 00:00:00+00:00, run_after=2025-07-18 00:00:00+00:00
[2025-07-18T09:23:55.634+0700] {processor.py:183} INFO - Processing /home/menglim/airflow_venv/lib/python3.12/site-packages/airflow/example_dags/example_short_circuit_operator.py took 0.053 seconds
[2025-07-18T09:25:06.105+0700] {processor.py:161} INFO - Started process (PID=6970) to work on /home/menglim/airflow_venv/lib/python3.12/site-packages/airflow/example_dags/example_short_circuit_operator.py
[2025-07-18T09:25:06.107+0700] {processor.py:830} INFO - Processing file /home/menglim/airflow_venv/lib/python3.12/site-packages/airflow/example_dags/example_short_circuit_operator.py for tasks to queue
[2025-07-18T09:25:06.108+0700] {logging_mixin.py:188} INFO - [2025-07-18T09:25:06.108+0700] {dagbag.py:545} INFO - Filling up the DagBag from /home/menglim/airflow_venv/lib/python3.12/site-packages/airflow/example_dags/example_short_circuit_operator.py
[2025-07-18T09:25:06.113+0700] {processor.py:840} INFO - DAG(s) 'example_short_circuit_operator' retrieved from /home/menglim/airflow_venv/lib/python3.12/site-packages/airflow/example_dags/example_short_circuit_operator.py
[2025-07-18T09:25:06.127+0700] {logging_mixin.py:188} INFO - [2025-07-18T09:25:06.126+0700] {dag.py:3096} INFO - Sync 1 DAGs
[2025-07-18T09:25:06.140+0700] {logging_mixin.py:188} INFO - [2025-07-18T09:25:06.140+0700] {dag.py:3954} INFO - Setting next_dagrun for example_short_circuit_operator to 2025-07-17 00:00:00+00:00, run_after=2025-07-18 00:00:00+00:00
[2025-07-18T09:25:06.164+0700] {processor.py:183} INFO - Processing /home/menglim/airflow_venv/lib/python3.12/site-packages/airflow/example_dags/example_short_circuit_operator.py took 0.064 seconds
[2025-07-18T09:26:10.399+0700] {processor.py:161} INFO - Started process (PID=7144) to work on /home/menglim/airflow_venv/lib/python3.12/site-packages/airflow/example_dags/example_short_circuit_operator.py
[2025-07-18T09:26:10.402+0700] {processor.py:830} INFO - Processing file /home/menglim/airflow_venv/lib/python3.12/site-packages/airflow/example_dags/example_short_circuit_operator.py for tasks to queue
[2025-07-18T09:26:10.402+0700] {logging_mixin.py:188} INFO - [2025-07-18T09:26:10.402+0700] {dagbag.py:545} INFO - Filling up the DagBag from /home/menglim/airflow_venv/lib/python3.12/site-packages/airflow/example_dags/example_short_circuit_operator.py
[2025-07-18T09:26:10.408+0700] {processor.py:840} INFO - DAG(s) 'example_short_circuit_operator' retrieved from /home/menglim/airflow_venv/lib/python3.12/site-packages/airflow/example_dags/example_short_circuit_operator.py
[2025-07-18T09:26:10.423+0700] {logging_mixin.py:188} INFO - [2025-07-18T09:26:10.423+0700] {dag.py:3096} INFO - Sync 1 DAGs
[2025-07-18T09:26:10.437+0700] {logging_mixin.py:188} INFO - [2025-07-18T09:26:10.437+0700] {dag.py:3954} INFO - Setting next_dagrun for example_short_circuit_operator to 2025-07-17 00:00:00+00:00, run_after=2025-07-18 00:00:00+00:00
[2025-07-18T09:26:10.458+0700] {processor.py:183} INFO - Processing /home/menglim/airflow_venv/lib/python3.12/site-packages/airflow/example_dags/example_short_circuit_operator.py took 0.063 seconds
[2025-07-18T09:27:12.302+0700] {processor.py:161} INFO - Started process (PID=7280) to work on /home/menglim/airflow_venv/lib/python3.12/site-packages/airflow/example_dags/example_short_circuit_operator.py
[2025-07-18T09:27:12.304+0700] {processor.py:830} INFO - Processing file /home/menglim/airflow_venv/lib/python3.12/site-packages/airflow/example_dags/example_short_circuit_operator.py for tasks to queue
[2025-07-18T09:27:12.304+0700] {logging_mixin.py:188} INFO - [2025-07-18T09:27:12.304+0700] {dagbag.py:545} INFO - Filling up the DagBag from /home/menglim/airflow_venv/lib/python3.12/site-packages/airflow/example_dags/example_short_circuit_operator.py
[2025-07-18T09:27:12.309+0700] {processor.py:840} INFO - DAG(s) 'example_short_circuit_operator' retrieved from /home/menglim/airflow_venv/lib/python3.12/site-packages/airflow/example_dags/example_short_circuit_operator.py
[2025-07-18T09:27:12.319+0700] {logging_mixin.py:188} INFO - [2025-07-18T09:27:12.319+0700] {dag.py:3096} INFO - Sync 1 DAGs
[2025-07-18T09:27:12.329+0700] {logging_mixin.py:188} INFO - [2025-07-18T09:27:12.329+0700] {dag.py:3954} INFO - Setting next_dagrun for example_short_circuit_operator to 2025-07-17 00:00:00+00:00, run_after=2025-07-18 00:00:00+00:00
[2025-07-18T09:27:12.350+0700] {processor.py:183} INFO - Processing /home/menglim/airflow_venv/lib/python3.12/site-packages/airflow/example_dags/example_short_circuit_operator.py took 0.052 seconds
[2025-07-18T09:28:28.386+0700] {processor.py:161} INFO - Started process (PID=7388) to work on /home/menglim/airflow_venv/lib/python3.12/site-packages/airflow/example_dags/example_short_circuit_operator.py
[2025-07-18T09:28:28.389+0700] {processor.py:830} INFO - Processing file /home/menglim/airflow_venv/lib/python3.12/site-packages/airflow/example_dags/example_short_circuit_operator.py for tasks to queue
[2025-07-18T09:28:28.389+0700] {logging_mixin.py:188} INFO - [2025-07-18T09:28:28.389+0700] {dagbag.py:545} INFO - Filling up the DagBag from /home/menglim/airflow_venv/lib/python3.12/site-packages/airflow/example_dags/example_short_circuit_operator.py
[2025-07-18T09:28:28.394+0700] {processor.py:840} INFO - DAG(s) 'example_short_circuit_operator' retrieved from /home/menglim/airflow_venv/lib/python3.12/site-packages/airflow/example_dags/example_short_circuit_operator.py
[2025-07-18T09:28:28.404+0700] {logging_mixin.py:188} INFO - [2025-07-18T09:28:28.403+0700] {dag.py:3096} INFO - Sync 1 DAGs
[2025-07-18T09:28:28.413+0700] {logging_mixin.py:188} INFO - [2025-07-18T09:28:28.413+0700] {dag.py:3954} INFO - Setting next_dagrun for example_short_circuit_operator to 2025-07-17 00:00:00+00:00, run_after=2025-07-18 00:00:00+00:00
[2025-07-18T09:28:28.435+0700] {processor.py:183} INFO - Processing /home/menglim/airflow_venv/lib/python3.12/site-packages/airflow/example_dags/example_short_circuit_operator.py took 0.052 seconds
[2025-07-18T09:29:19.397+0700] {processor.py:161} INFO - Started process (PID=7475) to work on /home/menglim/airflow_venv/lib/python3.12/site-packages/airflow/example_dags/example_short_circuit_operator.py
[2025-07-18T09:29:19.399+0700] {processor.py:830} INFO - Processing file /home/menglim/airflow_venv/lib/python3.12/site-packages/airflow/example_dags/example_short_circuit_operator.py for tasks to queue
[2025-07-18T09:29:19.400+0700] {logging_mixin.py:188} INFO - [2025-07-18T09:29:19.399+0700] {dagbag.py:545} INFO - Filling up the DagBag from /home/menglim/airflow_venv/lib/python3.12/site-packages/airflow/example_dags/example_short_circuit_operator.py
[2025-07-18T09:29:19.404+0700] {processor.py:840} INFO - DAG(s) 'example_short_circuit_operator' retrieved from /home/menglim/airflow_venv/lib/python3.12/site-packages/airflow/example_dags/example_short_circuit_operator.py
[2025-07-18T09:29:19.414+0700] {logging_mixin.py:188} INFO - [2025-07-18T09:29:19.414+0700] {dag.py:3096} INFO - Sync 1 DAGs
[2025-07-18T09:29:19.425+0700] {logging_mixin.py:188} INFO - [2025-07-18T09:29:19.425+0700] {dag.py:3954} INFO - Setting next_dagrun for example_short_circuit_operator to 2025-07-17 00:00:00+00:00, run_after=2025-07-18 00:00:00+00:00
[2025-07-18T09:29:19.445+0700] {processor.py:183} INFO - Processing /home/menglim/airflow_venv/lib/python3.12/site-packages/airflow/example_dags/example_short_circuit_operator.py took 0.053 seconds
[2025-07-18T09:30:11.468+0700] {processor.py:161} INFO - Started process (PID=7572) to work on /home/menglim/airflow_venv/lib/python3.12/site-packages/airflow/example_dags/example_short_circuit_operator.py
[2025-07-18T09:30:11.471+0700] {processor.py:830} INFO - Processing file /home/menglim/airflow_venv/lib/python3.12/site-packages/airflow/example_dags/example_short_circuit_operator.py for tasks to queue
[2025-07-18T09:30:11.471+0700] {logging_mixin.py:188} INFO - [2025-07-18T09:30:11.471+0700] {dagbag.py:545} INFO - Filling up the DagBag from /home/menglim/airflow_venv/lib/python3.12/site-packages/airflow/example_dags/example_short_circuit_operator.py
[2025-07-18T09:30:11.476+0700] {processor.py:840} INFO - DAG(s) 'example_short_circuit_operator' retrieved from /home/menglim/airflow_venv/lib/python3.12/site-packages/airflow/example_dags/example_short_circuit_operator.py
[2025-07-18T09:30:11.485+0700] {logging_mixin.py:188} INFO - [2025-07-18T09:30:11.485+0700] {dag.py:3096} INFO - Sync 1 DAGs
[2025-07-18T09:30:11.495+0700] {logging_mixin.py:188} INFO - [2025-07-18T09:30:11.495+0700] {dag.py:3954} INFO - Setting next_dagrun for example_short_circuit_operator to 2025-07-17 00:00:00+00:00, run_after=2025-07-18 00:00:00+00:00
[2025-07-18T09:30:11.515+0700] {processor.py:183} INFO - Processing /home/menglim/airflow_venv/lib/python3.12/site-packages/airflow/example_dags/example_short_circuit_operator.py took 0.051 seconds
[2025-07-18T09:30:59.465+0700] {processor.py:161} INFO - Started process (PID=7649) to work on /home/menglim/airflow_venv/lib/python3.12/site-packages/airflow/example_dags/example_short_circuit_operator.py
[2025-07-18T09:30:59.467+0700] {processor.py:830} INFO - Processing file /home/menglim/airflow_venv/lib/python3.12/site-packages/airflow/example_dags/example_short_circuit_operator.py for tasks to queue
[2025-07-18T09:30:59.468+0700] {logging_mixin.py:188} INFO - [2025-07-18T09:30:59.467+0700] {dagbag.py:545} INFO - Filling up the DagBag from /home/menglim/airflow_venv/lib/python3.12/site-packages/airflow/example_dags/example_short_circuit_operator.py
[2025-07-18T09:30:59.472+0700] {processor.py:840} INFO - DAG(s) 'example_short_circuit_operator' retrieved from /home/menglim/airflow_venv/lib/python3.12/site-packages/airflow/example_dags/example_short_circuit_operator.py
[2025-07-18T09:30:59.482+0700] {logging_mixin.py:188} INFO - [2025-07-18T09:30:59.482+0700] {dag.py:3096} INFO - Sync 1 DAGs
[2025-07-18T09:30:59.491+0700] {logging_mixin.py:188} INFO - [2025-07-18T09:30:59.491+0700] {dag.py:3954} INFO - Setting next_dagrun for example_short_circuit_operator to 2025-07-17 00:00:00+00:00, run_after=2025-07-18 00:00:00+00:00
[2025-07-18T09:30:59.513+0700] {processor.py:183} INFO - Processing /home/menglim/airflow_venv/lib/python3.12/site-packages/airflow/example_dags/example_short_circuit_operator.py took 0.051 seconds
[2025-07-18T09:31:49.877+0700] {processor.py:161} INFO - Started process (PID=7727) to work on /home/menglim/airflow_venv/lib/python3.12/site-packages/airflow/example_dags/example_short_circuit_operator.py
[2025-07-18T09:31:49.879+0700] {processor.py:830} INFO - Processing file /home/menglim/airflow_venv/lib/python3.12/site-packages/airflow/example_dags/example_short_circuit_operator.py for tasks to queue
[2025-07-18T09:31:49.880+0700] {logging_mixin.py:188} INFO - [2025-07-18T09:31:49.880+0700] {dagbag.py:545} INFO - Filling up the DagBag from /home/menglim/airflow_venv/lib/python3.12/site-packages/airflow/example_dags/example_short_circuit_operator.py
[2025-07-18T09:31:49.885+0700] {processor.py:840} INFO - DAG(s) 'example_short_circuit_operator' retrieved from /home/menglim/airflow_venv/lib/python3.12/site-packages/airflow/example_dags/example_short_circuit_operator.py
[2025-07-18T09:31:49.895+0700] {logging_mixin.py:188} INFO - [2025-07-18T09:31:49.895+0700] {dag.py:3096} INFO - Sync 1 DAGs
[2025-07-18T09:31:49.905+0700] {logging_mixin.py:188} INFO - [2025-07-18T09:31:49.905+0700] {dag.py:3954} INFO - Setting next_dagrun for example_short_circuit_operator to 2025-07-17 00:00:00+00:00, run_after=2025-07-18 00:00:00+00:00
[2025-07-18T09:31:49.924+0700] {processor.py:183} INFO - Processing /home/menglim/airflow_venv/lib/python3.12/site-packages/airflow/example_dags/example_short_circuit_operator.py took 0.055 seconds
[2025-07-18T09:32:41.578+0700] {processor.py:161} INFO - Started process (PID=7808) to work on /home/menglim/airflow_venv/lib/python3.12/site-packages/airflow/example_dags/example_short_circuit_operator.py
[2025-07-18T09:32:41.580+0700] {processor.py:830} INFO - Processing file /home/menglim/airflow_venv/lib/python3.12/site-packages/airflow/example_dags/example_short_circuit_operator.py for tasks to queue
[2025-07-18T09:32:41.580+0700] {logging_mixin.py:188} INFO - [2025-07-18T09:32:41.580+0700] {dagbag.py:545} INFO - Filling up the DagBag from /home/menglim/airflow_venv/lib/python3.12/site-packages/airflow/example_dags/example_short_circuit_operator.py
[2025-07-18T09:32:41.585+0700] {processor.py:840} INFO - DAG(s) 'example_short_circuit_operator' retrieved from /home/menglim/airflow_venv/lib/python3.12/site-packages/airflow/example_dags/example_short_circuit_operator.py
[2025-07-18T09:32:41.595+0700] {logging_mixin.py:188} INFO - [2025-07-18T09:32:41.595+0700] {dag.py:3096} INFO - Sync 1 DAGs
[2025-07-18T09:32:41.605+0700] {logging_mixin.py:188} INFO - [2025-07-18T09:32:41.605+0700] {dag.py:3954} INFO - Setting next_dagrun for example_short_circuit_operator to 2025-07-17 00:00:00+00:00, run_after=2025-07-18 00:00:00+00:00
[2025-07-18T09:32:41.625+0700] {processor.py:183} INFO - Processing /home/menglim/airflow_venv/lib/python3.12/site-packages/airflow/example_dags/example_short_circuit_operator.py took 0.050 seconds
[2025-07-18T09:33:32.949+0700] {processor.py:161} INFO - Started process (PID=7887) to work on /home/menglim/airflow_venv/lib/python3.12/site-packages/airflow/example_dags/example_short_circuit_operator.py
[2025-07-18T09:33:32.951+0700] {processor.py:830} INFO - Processing file /home/menglim/airflow_venv/lib/python3.12/site-packages/airflow/example_dags/example_short_circuit_operator.py for tasks to queue
[2025-07-18T09:33:32.952+0700] {logging_mixin.py:188} INFO - [2025-07-18T09:33:32.951+0700] {dagbag.py:545} INFO - Filling up the DagBag from /home/menglim/airflow_venv/lib/python3.12/site-packages/airflow/example_dags/example_short_circuit_operator.py
[2025-07-18T09:33:32.957+0700] {processor.py:840} INFO - DAG(s) 'example_short_circuit_operator' retrieved from /home/menglim/airflow_venv/lib/python3.12/site-packages/airflow/example_dags/example_short_circuit_operator.py
[2025-07-18T09:33:32.967+0700] {logging_mixin.py:188} INFO - [2025-07-18T09:33:32.967+0700] {dag.py:3096} INFO - Sync 1 DAGs
[2025-07-18T09:33:32.978+0700] {logging_mixin.py:188} INFO - [2025-07-18T09:33:32.978+0700] {dag.py:3954} INFO - Setting next_dagrun for example_short_circuit_operator to 2025-07-17 00:00:00+00:00, run_after=2025-07-18 00:00:00+00:00
[2025-07-18T09:33:32.997+0700] {processor.py:183} INFO - Processing /home/menglim/airflow_venv/lib/python3.12/site-packages/airflow/example_dags/example_short_circuit_operator.py took 0.052 seconds
[2025-07-18T09:34:23.480+0700] {processor.py:161} INFO - Started process (PID=8040) to work on /home/menglim/airflow_venv/lib/python3.12/site-packages/airflow/example_dags/example_short_circuit_operator.py
[2025-07-18T09:34:23.483+0700] {processor.py:830} INFO - Processing file /home/menglim/airflow_venv/lib/python3.12/site-packages/airflow/example_dags/example_short_circuit_operator.py for tasks to queue
[2025-07-18T09:34:23.483+0700] {logging_mixin.py:188} INFO - [2025-07-18T09:34:23.483+0700] {dagbag.py:545} INFO - Filling up the DagBag from /home/menglim/airflow_venv/lib/python3.12/site-packages/airflow/example_dags/example_short_circuit_operator.py
[2025-07-18T09:34:23.488+0700] {processor.py:840} INFO - DAG(s) 'example_short_circuit_operator' retrieved from /home/menglim/airflow_venv/lib/python3.12/site-packages/airflow/example_dags/example_short_circuit_operator.py
[2025-07-18T09:34:23.498+0700] {logging_mixin.py:188} INFO - [2025-07-18T09:34:23.498+0700] {dag.py:3096} INFO - Sync 1 DAGs
[2025-07-18T09:34:23.507+0700] {logging_mixin.py:188} INFO - [2025-07-18T09:34:23.507+0700] {dag.py:3954} INFO - Setting next_dagrun for example_short_circuit_operator to 2025-07-17 00:00:00+00:00, run_after=2025-07-18 00:00:00+00:00
[2025-07-18T09:34:23.527+0700] {processor.py:183} INFO - Processing /home/menglim/airflow_venv/lib/python3.12/site-packages/airflow/example_dags/example_short_circuit_operator.py took 0.050 seconds
[2025-07-18T09:35:12.874+0700] {processor.py:161} INFO - Started process (PID=8122) to work on /home/menglim/airflow_venv/lib/python3.12/site-packages/airflow/example_dags/example_short_circuit_operator.py
[2025-07-18T09:35:12.876+0700] {processor.py:830} INFO - Processing file /home/menglim/airflow_venv/lib/python3.12/site-packages/airflow/example_dags/example_short_circuit_operator.py for tasks to queue
[2025-07-18T09:35:12.878+0700] {logging_mixin.py:188} INFO - [2025-07-18T09:35:12.877+0700] {dagbag.py:545} INFO - Filling up the DagBag from /home/menglim/airflow_venv/lib/python3.12/site-packages/airflow/example_dags/example_short_circuit_operator.py
[2025-07-18T09:35:12.884+0700] {processor.py:840} INFO - DAG(s) 'example_short_circuit_operator' retrieved from /home/menglim/airflow_venv/lib/python3.12/site-packages/airflow/example_dags/example_short_circuit_operator.py
[2025-07-18T09:35:12.895+0700] {logging_mixin.py:188} INFO - [2025-07-18T09:35:12.895+0700] {dag.py:3096} INFO - Sync 1 DAGs
[2025-07-18T09:35:12.907+0700] {logging_mixin.py:188} INFO - [2025-07-18T09:35:12.906+0700] {dag.py:3954} INFO - Setting next_dagrun for example_short_circuit_operator to 2025-07-17 00:00:00+00:00, run_after=2025-07-18 00:00:00+00:00
[2025-07-18T09:35:12.931+0700] {processor.py:183} INFO - Processing /home/menglim/airflow_venv/lib/python3.12/site-packages/airflow/example_dags/example_short_circuit_operator.py took 0.061 seconds
[2025-07-18T09:36:07.384+0700] {processor.py:161} INFO - Started process (PID=8213) to work on /home/menglim/airflow_venv/lib/python3.12/site-packages/airflow/example_dags/example_short_circuit_operator.py
[2025-07-18T09:36:07.387+0700] {processor.py:830} INFO - Processing file /home/menglim/airflow_venv/lib/python3.12/site-packages/airflow/example_dags/example_short_circuit_operator.py for tasks to queue
[2025-07-18T09:36:07.387+0700] {logging_mixin.py:188} INFO - [2025-07-18T09:36:07.387+0700] {dagbag.py:545} INFO - Filling up the DagBag from /home/menglim/airflow_venv/lib/python3.12/site-packages/airflow/example_dags/example_short_circuit_operator.py
[2025-07-18T09:36:07.392+0700] {processor.py:840} INFO - DAG(s) 'example_short_circuit_operator' retrieved from /home/menglim/airflow_venv/lib/python3.12/site-packages/airflow/example_dags/example_short_circuit_operator.py
[2025-07-18T09:36:07.408+0700] {logging_mixin.py:188} INFO - [2025-07-18T09:36:07.408+0700] {dag.py:3096} INFO - Sync 1 DAGs
[2025-07-18T09:36:07.420+0700] {logging_mixin.py:188} INFO - [2025-07-18T09:36:07.419+0700] {dag.py:3954} INFO - Setting next_dagrun for example_short_circuit_operator to 2025-07-17 00:00:00+00:00, run_after=2025-07-18 00:00:00+00:00
[2025-07-18T09:36:07.442+0700] {processor.py:183} INFO - Processing /home/menglim/airflow_venv/lib/python3.12/site-packages/airflow/example_dags/example_short_circuit_operator.py took 0.062 seconds
[2025-07-18T09:37:03.879+0700] {processor.py:161} INFO - Started process (PID=8306) to work on /home/menglim/airflow_venv/lib/python3.12/site-packages/airflow/example_dags/example_short_circuit_operator.py
[2025-07-18T09:37:03.882+0700] {processor.py:830} INFO - Processing file /home/menglim/airflow_venv/lib/python3.12/site-packages/airflow/example_dags/example_short_circuit_operator.py for tasks to queue
[2025-07-18T09:37:03.884+0700] {logging_mixin.py:188} INFO - [2025-07-18T09:37:03.883+0700] {dagbag.py:545} INFO - Filling up the DagBag from /home/menglim/airflow_venv/lib/python3.12/site-packages/airflow/example_dags/example_short_circuit_operator.py
[2025-07-18T09:37:03.898+0700] {processor.py:840} INFO - DAG(s) 'example_short_circuit_operator' retrieved from /home/menglim/airflow_venv/lib/python3.12/site-packages/airflow/example_dags/example_short_circuit_operator.py
[2025-07-18T09:37:03.931+0700] {logging_mixin.py:188} INFO - [2025-07-18T09:37:03.931+0700] {dag.py:3096} INFO - Sync 1 DAGs
[2025-07-18T09:37:03.964+0700] {logging_mixin.py:188} INFO - [2025-07-18T09:37:03.963+0700] {dag.py:3954} INFO - Setting next_dagrun for example_short_circuit_operator to 2025-07-17 00:00:00+00:00, run_after=2025-07-18 00:00:00+00:00
[2025-07-18T09:37:04.018+0700] {processor.py:183} INFO - Processing /home/menglim/airflow_venv/lib/python3.12/site-packages/airflow/example_dags/example_short_circuit_operator.py took 0.151 seconds
