[2025-07-18T08:59:54.772+0700] {processor.py:161} INFO - Started process (PID=2951) to work on /home/menglim/airflow_venv/lib/python3.12/site-packages/airflow/example_dags/example_task_group_decorator.py
[2025-07-18T08:59:54.772+0700] {processor.py:830} INFO - Processing file /home/menglim/airflow_venv/lib/python3.12/site-packages/airflow/example_dags/example_task_group_decorator.py for tasks to queue
[2025-07-18T08:59:54.773+0700] {logging_mixin.py:188} INFO - [2025-07-18T08:59:54.773+0700] {dagbag.py:545} INFO - Filling up the DagBag from /home/menglim/airflow_venv/lib/python3.12/site-packages/airflow/example_dags/example_task_group_decorator.py
[2025-07-18T08:59:54.781+0700] {processor.py:840} INFO - DAG(s) 'example_task_group_decorator' retrieved from /home/menglim/airflow_venv/lib/python3.12/site-packages/airflow/example_dags/example_task_group_decorator.py
[2025-07-18T08:59:54.786+0700] {logging_mixin.py:188} INFO - [2025-07-18T08:59:54.786+0700] {dag.py:3096} INFO - Sync 1 DAGs
[2025-07-18T08:59:54.795+0700] {logging_mixin.py:188} INFO - [2025-07-18T08:59:54.795+0700] {dag.py:3954} INFO - Setting next_dagrun for example_task_group_decorator to 2025-07-17 00:00:00+00:00, run_after=2025-07-18 00:00:00+00:00
[2025-07-18T08:59:54.818+0700] {processor.py:183} INFO - Processing /home/menglim/airflow_venv/lib/python3.12/site-packages/airflow/example_dags/example_task_group_decorator.py took 0.050 seconds
[2025-07-18T09:00:53.086+0700] {processor.py:161} INFO - Started process (PID=3304) to work on /home/menglim/airflow_venv/lib/python3.12/site-packages/airflow/example_dags/example_task_group_decorator.py
[2025-07-18T09:00:53.088+0700] {processor.py:830} INFO - Processing file /home/menglim/airflow_venv/lib/python3.12/site-packages/airflow/example_dags/example_task_group_decorator.py for tasks to queue
[2025-07-18T09:00:53.088+0700] {logging_mixin.py:188} INFO - [2025-07-18T09:00:53.088+0700] {dagbag.py:545} INFO - Filling up the DagBag from /home/menglim/airflow_venv/lib/python3.12/site-packages/airflow/example_dags/example_task_group_decorator.py
[2025-07-18T09:00:53.096+0700] {processor.py:840} INFO - DAG(s) 'example_task_group_decorator' retrieved from /home/menglim/airflow_venv/lib/python3.12/site-packages/airflow/example_dags/example_task_group_decorator.py
[2025-07-18T09:00:53.146+0700] {logging_mixin.py:188} INFO - [2025-07-18T09:00:53.146+0700] {dag.py:3096} INFO - Sync 1 DAGs
[2025-07-18T09:00:53.154+0700] {logging_mixin.py:188} INFO - [2025-07-18T09:00:53.154+0700] {dag.py:3954} INFO - Setting next_dagrun for example_task_group_decorator to 2025-07-17 00:00:00+00:00, run_after=2025-07-18 00:00:00+00:00
[2025-07-18T09:00:53.175+0700] {processor.py:183} INFO - Processing /home/menglim/airflow_venv/lib/python3.12/site-packages/airflow/example_dags/example_task_group_decorator.py took 0.093 seconds
[2025-07-18T09:01:40.646+0700] {processor.py:161} INFO - Started process (PID=3384) to work on /home/menglim/airflow_venv/lib/python3.12/site-packages/airflow/example_dags/example_task_group_decorator.py
[2025-07-18T09:01:40.649+0700] {processor.py:830} INFO - Processing file /home/menglim/airflow_venv/lib/python3.12/site-packages/airflow/example_dags/example_task_group_decorator.py for tasks to queue
[2025-07-18T09:01:40.650+0700] {logging_mixin.py:188} INFO - [2025-07-18T09:01:40.649+0700] {dagbag.py:545} INFO - Filling up the DagBag from /home/menglim/airflow_venv/lib/python3.12/site-packages/airflow/example_dags/example_task_group_decorator.py
[2025-07-18T09:01:40.657+0700] {processor.py:840} INFO - DAG(s) 'example_task_group_decorator' retrieved from /home/menglim/airflow_venv/lib/python3.12/site-packages/airflow/example_dags/example_task_group_decorator.py
[2025-07-18T09:01:40.667+0700] {logging_mixin.py:188} INFO - [2025-07-18T09:01:40.667+0700] {dag.py:3096} INFO - Sync 1 DAGs
[2025-07-18T09:01:40.677+0700] {logging_mixin.py:188} INFO - [2025-07-18T09:01:40.677+0700] {dag.py:3954} INFO - Setting next_dagrun for example_task_group_decorator to 2025-07-17 00:00:00+00:00, run_after=2025-07-18 00:00:00+00:00
[2025-07-18T09:01:40.697+0700] {processor.py:183} INFO - Processing /home/menglim/airflow_venv/lib/python3.12/site-packages/airflow/example_dags/example_task_group_decorator.py took 0.053 seconds
[2025-07-18T09:02:45.604+0700] {processor.py:161} INFO - Started process (PID=3578) to work on /home/menglim/airflow_venv/lib/python3.12/site-packages/airflow/example_dags/example_task_group_decorator.py
[2025-07-18T09:02:45.606+0700] {processor.py:830} INFO - Processing file /home/menglim/airflow_venv/lib/python3.12/site-packages/airflow/example_dags/example_task_group_decorator.py for tasks to queue
[2025-07-18T09:02:45.607+0700] {logging_mixin.py:188} INFO - [2025-07-18T09:02:45.607+0700] {dagbag.py:545} INFO - Filling up the DagBag from /home/menglim/airflow_venv/lib/python3.12/site-packages/airflow/example_dags/example_task_group_decorator.py
[2025-07-18T09:02:45.615+0700] {processor.py:840} INFO - DAG(s) 'example_task_group_decorator' retrieved from /home/menglim/airflow_venv/lib/python3.12/site-packages/airflow/example_dags/example_task_group_decorator.py
[2025-07-18T09:02:45.626+0700] {logging_mixin.py:188} INFO - [2025-07-18T09:02:45.626+0700] {dag.py:3096} INFO - Sync 1 DAGs
[2025-07-18T09:02:45.636+0700] {logging_mixin.py:188} INFO - [2025-07-18T09:02:45.635+0700] {dag.py:3954} INFO - Setting next_dagrun for example_task_group_decorator to 2025-07-17 00:00:00+00:00, run_after=2025-07-18 00:00:00+00:00
[2025-07-18T09:02:45.656+0700] {processor.py:183} INFO - Processing /home/menglim/airflow_venv/lib/python3.12/site-packages/airflow/example_dags/example_task_group_decorator.py took 0.056 seconds
[2025-07-18T09:03:41.609+0700] {processor.py:161} INFO - Started process (PID=3663) to work on /home/menglim/airflow_venv/lib/python3.12/site-packages/airflow/example_dags/example_task_group_decorator.py
[2025-07-18T09:03:41.610+0700] {processor.py:830} INFO - Processing file /home/menglim/airflow_venv/lib/python3.12/site-packages/airflow/example_dags/example_task_group_decorator.py for tasks to queue
[2025-07-18T09:03:41.611+0700] {logging_mixin.py:188} INFO - [2025-07-18T09:03:41.611+0700] {dagbag.py:545} INFO - Filling up the DagBag from /home/menglim/airflow_venv/lib/python3.12/site-packages/airflow/example_dags/example_task_group_decorator.py
[2025-07-18T09:03:41.619+0700] {processor.py:840} INFO - DAG(s) 'example_task_group_decorator' retrieved from /home/menglim/airflow_venv/lib/python3.12/site-packages/airflow/example_dags/example_task_group_decorator.py
[2025-07-18T09:03:41.630+0700] {logging_mixin.py:188} INFO - [2025-07-18T09:03:41.630+0700] {dag.py:3096} INFO - Sync 1 DAGs
[2025-07-18T09:03:41.640+0700] {logging_mixin.py:188} INFO - [2025-07-18T09:03:41.640+0700] {dag.py:3954} INFO - Setting next_dagrun for example_task_group_decorator to 2025-07-17 00:00:00+00:00, run_after=2025-07-18 00:00:00+00:00
[2025-07-18T09:03:41.661+0700] {processor.py:183} INFO - Processing /home/menglim/airflow_venv/lib/python3.12/site-packages/airflow/example_dags/example_task_group_decorator.py took 0.055 seconds
[2025-07-18T09:04:33.447+0700] {processor.py:161} INFO - Started process (PID=3765) to work on /home/menglim/airflow_venv/lib/python3.12/site-packages/airflow/example_dags/example_task_group_decorator.py
[2025-07-18T09:04:33.448+0700] {processor.py:830} INFO - Processing file /home/menglim/airflow_venv/lib/python3.12/site-packages/airflow/example_dags/example_task_group_decorator.py for tasks to queue
[2025-07-18T09:04:33.449+0700] {logging_mixin.py:188} INFO - [2025-07-18T09:04:33.449+0700] {dagbag.py:545} INFO - Filling up the DagBag from /home/menglim/airflow_venv/lib/python3.12/site-packages/airflow/example_dags/example_task_group_decorator.py
[2025-07-18T09:04:33.457+0700] {processor.py:840} INFO - DAG(s) 'example_task_group_decorator' retrieved from /home/menglim/airflow_venv/lib/python3.12/site-packages/airflow/example_dags/example_task_group_decorator.py
[2025-07-18T09:04:33.467+0700] {logging_mixin.py:188} INFO - [2025-07-18T09:04:33.467+0700] {dag.py:3096} INFO - Sync 1 DAGs
[2025-07-18T09:04:33.477+0700] {logging_mixin.py:188} INFO - [2025-07-18T09:04:33.477+0700] {dag.py:3954} INFO - Setting next_dagrun for example_task_group_decorator to 2025-07-17 00:00:00+00:00, run_after=2025-07-18 00:00:00+00:00
[2025-07-18T09:04:33.499+0700] {processor.py:183} INFO - Processing /home/menglim/airflow_venv/lib/python3.12/site-packages/airflow/example_dags/example_task_group_decorator.py took 0.055 seconds
[2025-07-18T09:05:33.489+0700] {processor.py:161} INFO - Started process (PID=3872) to work on /home/menglim/airflow_venv/lib/python3.12/site-packages/airflow/example_dags/example_task_group_decorator.py
[2025-07-18T09:05:33.494+0700] {processor.py:830} INFO - Processing file /home/menglim/airflow_venv/lib/python3.12/site-packages/airflow/example_dags/example_task_group_decorator.py for tasks to queue
[2025-07-18T09:05:33.496+0700] {logging_mixin.py:188} INFO - [2025-07-18T09:05:33.496+0700] {dagbag.py:545} INFO - Filling up the DagBag from /home/menglim/airflow_venv/lib/python3.12/site-packages/airflow/example_dags/example_task_group_decorator.py
[2025-07-18T09:05:33.511+0700] {processor.py:840} INFO - DAG(s) 'example_task_group_decorator' retrieved from /home/menglim/airflow_venv/lib/python3.12/site-packages/airflow/example_dags/example_task_group_decorator.py
[2025-07-18T09:05:33.534+0700] {logging_mixin.py:188} INFO - [2025-07-18T09:05:33.533+0700] {dag.py:3096} INFO - Sync 1 DAGs
[2025-07-18T09:05:33.559+0700] {logging_mixin.py:188} INFO - [2025-07-18T09:05:33.558+0700] {dag.py:3954} INFO - Setting next_dagrun for example_task_group_decorator to 2025-07-17 00:00:00+00:00, run_after=2025-07-18 00:00:00+00:00
[2025-07-18T09:05:33.596+0700] {processor.py:183} INFO - Processing /home/menglim/airflow_venv/lib/python3.12/site-packages/airflow/example_dags/example_task_group_decorator.py took 0.112 seconds
[2025-07-18T09:06:26.556+0700] {processor.py:161} INFO - Started process (PID=3950) to work on /home/menglim/airflow_venv/lib/python3.12/site-packages/airflow/example_dags/example_task_group_decorator.py
[2025-07-18T09:06:26.560+0700] {processor.py:830} INFO - Processing file /home/menglim/airflow_venv/lib/python3.12/site-packages/airflow/example_dags/example_task_group_decorator.py for tasks to queue
[2025-07-18T09:06:26.561+0700] {logging_mixin.py:188} INFO - [2025-07-18T09:06:26.560+0700] {dagbag.py:545} INFO - Filling up the DagBag from /home/menglim/airflow_venv/lib/python3.12/site-packages/airflow/example_dags/example_task_group_decorator.py
[2025-07-18T09:06:26.570+0700] {processor.py:840} INFO - DAG(s) 'example_task_group_decorator' retrieved from /home/menglim/airflow_venv/lib/python3.12/site-packages/airflow/example_dags/example_task_group_decorator.py
[2025-07-18T09:06:26.582+0700] {logging_mixin.py:188} INFO - [2025-07-18T09:06:26.582+0700] {dag.py:3096} INFO - Sync 1 DAGs
[2025-07-18T09:06:26.592+0700] {logging_mixin.py:188} INFO - [2025-07-18T09:06:26.592+0700] {dag.py:3954} INFO - Setting next_dagrun for example_task_group_decorator to 2025-07-17 00:00:00+00:00, run_after=2025-07-18 00:00:00+00:00
[2025-07-18T09:06:26.636+0700] {processor.py:183} INFO - Processing /home/menglim/airflow_venv/lib/python3.12/site-packages/airflow/example_dags/example_task_group_decorator.py took 0.085 seconds
[2025-07-18T09:07:25.309+0700] {processor.py:161} INFO - Started process (PID=4078) to work on /home/menglim/airflow_venv/lib/python3.12/site-packages/airflow/example_dags/example_task_group_decorator.py
[2025-07-18T09:07:25.312+0700] {processor.py:830} INFO - Processing file /home/menglim/airflow_venv/lib/python3.12/site-packages/airflow/example_dags/example_task_group_decorator.py for tasks to queue
[2025-07-18T09:07:25.314+0700] {logging_mixin.py:188} INFO - [2025-07-18T09:07:25.313+0700] {dagbag.py:545} INFO - Filling up the DagBag from /home/menglim/airflow_venv/lib/python3.12/site-packages/airflow/example_dags/example_task_group_decorator.py
[2025-07-18T09:07:25.329+0700] {processor.py:840} INFO - DAG(s) 'example_task_group_decorator' retrieved from /home/menglim/airflow_venv/lib/python3.12/site-packages/airflow/example_dags/example_task_group_decorator.py
[2025-07-18T09:07:25.350+0700] {logging_mixin.py:188} INFO - [2025-07-18T09:07:25.349+0700] {dag.py:3096} INFO - Sync 1 DAGs
[2025-07-18T09:07:25.375+0700] {logging_mixin.py:188} INFO - [2025-07-18T09:07:25.374+0700] {dag.py:3954} INFO - Setting next_dagrun for example_task_group_decorator to 2025-07-17 00:00:00+00:00, run_after=2025-07-18 00:00:00+00:00
[2025-07-18T09:07:25.411+0700] {processor.py:183} INFO - Processing /home/menglim/airflow_venv/lib/python3.12/site-packages/airflow/example_dags/example_task_group_decorator.py took 0.109 seconds
[2025-07-18T09:08:24.935+0700] {processor.py:161} INFO - Started process (PID=4175) to work on /home/menglim/airflow_venv/lib/python3.12/site-packages/airflow/example_dags/example_task_group_decorator.py
[2025-07-18T09:08:24.939+0700] {processor.py:830} INFO - Processing file /home/menglim/airflow_venv/lib/python3.12/site-packages/airflow/example_dags/example_task_group_decorator.py for tasks to queue
[2025-07-18T09:08:24.940+0700] {logging_mixin.py:188} INFO - [2025-07-18T09:08:24.940+0700] {dagbag.py:545} INFO - Filling up the DagBag from /home/menglim/airflow_venv/lib/python3.12/site-packages/airflow/example_dags/example_task_group_decorator.py
[2025-07-18T09:08:24.955+0700] {processor.py:840} INFO - DAG(s) 'example_task_group_decorator' retrieved from /home/menglim/airflow_venv/lib/python3.12/site-packages/airflow/example_dags/example_task_group_decorator.py
[2025-07-18T09:08:24.976+0700] {logging_mixin.py:188} INFO - [2025-07-18T09:08:24.975+0700] {dag.py:3096} INFO - Sync 1 DAGs
[2025-07-18T09:08:24.996+0700] {logging_mixin.py:188} INFO - [2025-07-18T09:08:24.996+0700] {dag.py:3954} INFO - Setting next_dagrun for example_task_group_decorator to 2025-07-17 00:00:00+00:00, run_after=2025-07-18 00:00:00+00:00
[2025-07-18T09:08:25.033+0700] {processor.py:183} INFO - Processing /home/menglim/airflow_venv/lib/python3.12/site-packages/airflow/example_dags/example_task_group_decorator.py took 0.106 seconds
[2025-07-18T09:09:15.168+0700] {processor.py:161} INFO - Started process (PID=4285) to work on /home/menglim/airflow_venv/lib/python3.12/site-packages/airflow/example_dags/example_task_group_decorator.py
[2025-07-18T09:09:15.169+0700] {processor.py:830} INFO - Processing file /home/menglim/airflow_venv/lib/python3.12/site-packages/airflow/example_dags/example_task_group_decorator.py for tasks to queue
[2025-07-18T09:09:15.169+0700] {logging_mixin.py:188} INFO - [2025-07-18T09:09:15.169+0700] {dagbag.py:545} INFO - Filling up the DagBag from /home/menglim/airflow_venv/lib/python3.12/site-packages/airflow/example_dags/example_task_group_decorator.py
[2025-07-18T09:09:15.178+0700] {processor.py:840} INFO - DAG(s) 'example_task_group_decorator' retrieved from /home/menglim/airflow_venv/lib/python3.12/site-packages/airflow/example_dags/example_task_group_decorator.py
[2025-07-18T09:09:15.194+0700] {logging_mixin.py:188} INFO - [2025-07-18T09:09:15.194+0700] {dag.py:3096} INFO - Sync 1 DAGs
[2025-07-18T09:09:15.206+0700] {logging_mixin.py:188} INFO - [2025-07-18T09:09:15.206+0700] {dag.py:3954} INFO - Setting next_dagrun for example_task_group_decorator to 2025-07-17 00:00:00+00:00, run_after=2025-07-18 00:00:00+00:00
[2025-07-18T09:09:15.227+0700] {processor.py:183} INFO - Processing /home/menglim/airflow_venv/lib/python3.12/site-packages/airflow/example_dags/example_task_group_decorator.py took 0.063 seconds
[2025-07-18T09:10:06.729+0700] {processor.py:161} INFO - Started process (PID=4363) to work on /home/menglim/airflow_venv/lib/python3.12/site-packages/airflow/example_dags/example_task_group_decorator.py
[2025-07-18T09:10:06.731+0700] {processor.py:830} INFO - Processing file /home/menglim/airflow_venv/lib/python3.12/site-packages/airflow/example_dags/example_task_group_decorator.py for tasks to queue
[2025-07-18T09:10:06.732+0700] {logging_mixin.py:188} INFO - [2025-07-18T09:10:06.732+0700] {dagbag.py:545} INFO - Filling up the DagBag from /home/menglim/airflow_venv/lib/python3.12/site-packages/airflow/example_dags/example_task_group_decorator.py
[2025-07-18T09:10:06.740+0700] {processor.py:840} INFO - DAG(s) 'example_task_group_decorator' retrieved from /home/menglim/airflow_venv/lib/python3.12/site-packages/airflow/example_dags/example_task_group_decorator.py
[2025-07-18T09:10:06.750+0700] {logging_mixin.py:188} INFO - [2025-07-18T09:10:06.750+0700] {dag.py:3096} INFO - Sync 1 DAGs
[2025-07-18T09:10:06.760+0700] {logging_mixin.py:188} INFO - [2025-07-18T09:10:06.760+0700] {dag.py:3954} INFO - Setting next_dagrun for example_task_group_decorator to 2025-07-17 00:00:00+00:00, run_after=2025-07-18 00:00:00+00:00
[2025-07-18T09:10:06.779+0700] {processor.py:183} INFO - Processing /home/menglim/airflow_venv/lib/python3.12/site-packages/airflow/example_dags/example_task_group_decorator.py took 0.053 seconds
[2025-07-18T09:11:04.347+0700] {processor.py:161} INFO - Started process (PID=4523) to work on /home/menglim/airflow_venv/lib/python3.12/site-packages/airflow/example_dags/example_task_group_decorator.py
[2025-07-18T09:11:04.349+0700] {processor.py:830} INFO - Processing file /home/menglim/airflow_venv/lib/python3.12/site-packages/airflow/example_dags/example_task_group_decorator.py for tasks to queue
[2025-07-18T09:11:04.350+0700] {logging_mixin.py:188} INFO - [2025-07-18T09:11:04.350+0700] {dagbag.py:545} INFO - Filling up the DagBag from /home/menglim/airflow_venv/lib/python3.12/site-packages/airflow/example_dags/example_task_group_decorator.py
[2025-07-18T09:11:04.358+0700] {processor.py:840} INFO - DAG(s) 'example_task_group_decorator' retrieved from /home/menglim/airflow_venv/lib/python3.12/site-packages/airflow/example_dags/example_task_group_decorator.py
[2025-07-18T09:11:04.369+0700] {logging_mixin.py:188} INFO - [2025-07-18T09:11:04.369+0700] {dag.py:3096} INFO - Sync 1 DAGs
[2025-07-18T09:11:04.379+0700] {logging_mixin.py:188} INFO - [2025-07-18T09:11:04.379+0700] {dag.py:3954} INFO - Setting next_dagrun for example_task_group_decorator to 2025-07-17 00:00:00+00:00, run_after=2025-07-18 00:00:00+00:00
[2025-07-18T09:11:04.400+0700] {processor.py:183} INFO - Processing /home/menglim/airflow_venv/lib/python3.12/site-packages/airflow/example_dags/example_task_group_decorator.py took 0.057 seconds
[2025-07-18T09:11:38.117+0700] {processor.py:161} INFO - Started process (PID=4570) to work on /home/menglim/airflow_venv/lib/python3.12/site-packages/airflow/example_dags/example_task_group_decorator.py
[2025-07-18T09:11:38.119+0700] {processor.py:830} INFO - Processing file /home/menglim/airflow_venv/lib/python3.12/site-packages/airflow/example_dags/example_task_group_decorator.py for tasks to queue
[2025-07-18T09:11:38.120+0700] {logging_mixin.py:188} INFO - [2025-07-18T09:11:38.120+0700] {dagbag.py:545} INFO - Filling up the DagBag from /home/menglim/airflow_venv/lib/python3.12/site-packages/airflow/example_dags/example_task_group_decorator.py
[2025-07-18T09:11:38.129+0700] {processor.py:840} INFO - DAG(s) 'example_task_group_decorator' retrieved from /home/menglim/airflow_venv/lib/python3.12/site-packages/airflow/example_dags/example_task_group_decorator.py
[2025-07-18T09:11:38.140+0700] {logging_mixin.py:188} INFO - [2025-07-18T09:11:38.140+0700] {dag.py:3096} INFO - Sync 1 DAGs
[2025-07-18T09:11:38.150+0700] {logging_mixin.py:188} INFO - [2025-07-18T09:11:38.150+0700] {dag.py:3954} INFO - Setting next_dagrun for example_task_group_decorator to 2025-07-17 00:00:00+00:00, run_after=2025-07-18 00:00:00+00:00
[2025-07-18T09:11:38.170+0700] {processor.py:183} INFO - Processing /home/menglim/airflow_venv/lib/python3.12/site-packages/airflow/example_dags/example_task_group_decorator.py took 0.056 seconds
[2025-07-18T09:12:32.887+0700] {processor.py:161} INFO - Started process (PID=4653) to work on /home/menglim/airflow_venv/lib/python3.12/site-packages/airflow/example_dags/example_task_group_decorator.py
[2025-07-18T09:12:32.889+0700] {processor.py:830} INFO - Processing file /home/menglim/airflow_venv/lib/python3.12/site-packages/airflow/example_dags/example_task_group_decorator.py for tasks to queue
[2025-07-18T09:12:32.890+0700] {logging_mixin.py:188} INFO - [2025-07-18T09:12:32.890+0700] {dagbag.py:545} INFO - Filling up the DagBag from /home/menglim/airflow_venv/lib/python3.12/site-packages/airflow/example_dags/example_task_group_decorator.py
[2025-07-18T09:12:32.898+0700] {processor.py:840} INFO - DAG(s) 'example_task_group_decorator' retrieved from /home/menglim/airflow_venv/lib/python3.12/site-packages/airflow/example_dags/example_task_group_decorator.py
[2025-07-18T09:12:32.908+0700] {logging_mixin.py:188} INFO - [2025-07-18T09:12:32.908+0700] {dag.py:3096} INFO - Sync 1 DAGs
[2025-07-18T09:12:32.918+0700] {logging_mixin.py:188} INFO - [2025-07-18T09:12:32.918+0700] {dag.py:3954} INFO - Setting next_dagrun for example_task_group_decorator to 2025-07-17 00:00:00+00:00, run_after=2025-07-18 00:00:00+00:00
[2025-07-18T09:12:32.938+0700] {processor.py:183} INFO - Processing /home/menglim/airflow_venv/lib/python3.12/site-packages/airflow/example_dags/example_task_group_decorator.py took 0.054 seconds
[2025-07-18T09:13:28.581+0700] {processor.py:161} INFO - Started process (PID=5214) to work on /home/menglim/airflow_venv/lib/python3.12/site-packages/airflow/example_dags/example_task_group_decorator.py
[2025-07-18T09:13:28.583+0700] {processor.py:830} INFO - Processing file /home/menglim/airflow_venv/lib/python3.12/site-packages/airflow/example_dags/example_task_group_decorator.py for tasks to queue
[2025-07-18T09:13:28.584+0700] {logging_mixin.py:188} INFO - [2025-07-18T09:13:28.583+0700] {dagbag.py:545} INFO - Filling up the DagBag from /home/menglim/airflow_venv/lib/python3.12/site-packages/airflow/example_dags/example_task_group_decorator.py
[2025-07-18T09:13:28.592+0700] {processor.py:840} INFO - DAG(s) 'example_task_group_decorator' retrieved from /home/menglim/airflow_venv/lib/python3.12/site-packages/airflow/example_dags/example_task_group_decorator.py
[2025-07-18T09:13:28.603+0700] {logging_mixin.py:188} INFO - [2025-07-18T09:13:28.603+0700] {dag.py:3096} INFO - Sync 1 DAGs
[2025-07-18T09:13:28.614+0700] {logging_mixin.py:188} INFO - [2025-07-18T09:13:28.613+0700] {dag.py:3954} INFO - Setting next_dagrun for example_task_group_decorator to 2025-07-17 00:00:00+00:00, run_after=2025-07-18 00:00:00+00:00
[2025-07-18T09:13:28.635+0700] {processor.py:183} INFO - Processing /home/menglim/airflow_venv/lib/python3.12/site-packages/airflow/example_dags/example_task_group_decorator.py took 0.057 seconds
[2025-07-18T09:14:07.531+0700] {processor.py:161} INFO - Started process (PID=5336) to work on /home/menglim/airflow_venv/lib/python3.12/site-packages/airflow/example_dags/example_task_group_decorator.py
[2025-07-18T09:14:07.535+0700] {processor.py:830} INFO - Processing file /home/menglim/airflow_venv/lib/python3.12/site-packages/airflow/example_dags/example_task_group_decorator.py for tasks to queue
[2025-07-18T09:14:07.536+0700] {logging_mixin.py:188} INFO - [2025-07-18T09:14:07.535+0700] {dagbag.py:545} INFO - Filling up the DagBag from /home/menglim/airflow_venv/lib/python3.12/site-packages/airflow/example_dags/example_task_group_decorator.py
[2025-07-18T09:14:07.549+0700] {processor.py:840} INFO - DAG(s) 'example_task_group_decorator' retrieved from /home/menglim/airflow_venv/lib/python3.12/site-packages/airflow/example_dags/example_task_group_decorator.py
[2025-07-18T09:14:07.568+0700] {logging_mixin.py:188} INFO - [2025-07-18T09:14:07.568+0700] {dag.py:3096} INFO - Sync 1 DAGs
[2025-07-18T09:14:07.584+0700] {logging_mixin.py:188} INFO - [2025-07-18T09:14:07.584+0700] {dag.py:3954} INFO - Setting next_dagrun for example_task_group_decorator to 2025-07-17 00:00:00+00:00, run_after=2025-07-18 00:00:00+00:00
[2025-07-18T09:14:07.617+0700] {processor.py:183} INFO - Processing /home/menglim/airflow_venv/lib/python3.12/site-packages/airflow/example_dags/example_task_group_decorator.py took 0.093 seconds
[2025-07-18T09:14:40.809+0700] {processor.py:161} INFO - Started process (PID=5384) to work on /home/menglim/airflow_venv/lib/python3.12/site-packages/airflow/example_dags/example_task_group_decorator.py
[2025-07-18T09:14:40.812+0700] {processor.py:830} INFO - Processing file /home/menglim/airflow_venv/lib/python3.12/site-packages/airflow/example_dags/example_task_group_decorator.py for tasks to queue
[2025-07-18T09:14:40.813+0700] {logging_mixin.py:188} INFO - [2025-07-18T09:14:40.812+0700] {dagbag.py:545} INFO - Filling up the DagBag from /home/menglim/airflow_venv/lib/python3.12/site-packages/airflow/example_dags/example_task_group_decorator.py
[2025-07-18T09:14:40.826+0700] {processor.py:840} INFO - DAG(s) 'example_task_group_decorator' retrieved from /home/menglim/airflow_venv/lib/python3.12/site-packages/airflow/example_dags/example_task_group_decorator.py
[2025-07-18T09:14:40.841+0700] {logging_mixin.py:188} INFO - [2025-07-18T09:14:40.841+0700] {dag.py:3096} INFO - Sync 1 DAGs
[2025-07-18T09:14:40.858+0700] {logging_mixin.py:188} INFO - [2025-07-18T09:14:40.858+0700] {dag.py:3954} INFO - Setting next_dagrun for example_task_group_decorator to 2025-07-17 00:00:00+00:00, run_after=2025-07-18 00:00:00+00:00
[2025-07-18T09:14:40.887+0700] {processor.py:183} INFO - Processing /home/menglim/airflow_venv/lib/python3.12/site-packages/airflow/example_dags/example_task_group_decorator.py took 0.082 seconds
[2025-07-18T09:15:39.817+0700] {processor.py:161} INFO - Started process (PID=5498) to work on /home/menglim/airflow_venv/lib/python3.12/site-packages/airflow/example_dags/example_task_group_decorator.py
[2025-07-18T09:15:39.818+0700] {processor.py:830} INFO - Processing file /home/menglim/airflow_venv/lib/python3.12/site-packages/airflow/example_dags/example_task_group_decorator.py for tasks to queue
[2025-07-18T09:15:39.819+0700] {logging_mixin.py:188} INFO - [2025-07-18T09:15:39.818+0700] {dagbag.py:545} INFO - Filling up the DagBag from /home/menglim/airflow_venv/lib/python3.12/site-packages/airflow/example_dags/example_task_group_decorator.py
[2025-07-18T09:15:39.828+0700] {processor.py:840} INFO - DAG(s) 'example_task_group_decorator' retrieved from /home/menglim/airflow_venv/lib/python3.12/site-packages/airflow/example_dags/example_task_group_decorator.py
[2025-07-18T09:15:39.840+0700] {logging_mixin.py:188} INFO - [2025-07-18T09:15:39.840+0700] {dag.py:3096} INFO - Sync 1 DAGs
[2025-07-18T09:15:39.851+0700] {logging_mixin.py:188} INFO - [2025-07-18T09:15:39.851+0700] {dag.py:3954} INFO - Setting next_dagrun for example_task_group_decorator to 2025-07-17 00:00:00+00:00, run_after=2025-07-18 00:00:00+00:00
[2025-07-18T09:15:39.870+0700] {processor.py:183} INFO - Processing /home/menglim/airflow_venv/lib/python3.12/site-packages/airflow/example_dags/example_task_group_decorator.py took 0.057 seconds
[2025-07-18T09:16:15.094+0700] {processor.py:161} INFO - Started process (PID=5575) to work on /home/menglim/airflow_venv/lib/python3.12/site-packages/airflow/example_dags/example_task_group_decorator.py
[2025-07-18T09:16:15.096+0700] {processor.py:830} INFO - Processing file /home/menglim/airflow_venv/lib/python3.12/site-packages/airflow/example_dags/example_task_group_decorator.py for tasks to queue
[2025-07-18T09:16:15.097+0700] {logging_mixin.py:188} INFO - [2025-07-18T09:16:15.097+0700] {dagbag.py:545} INFO - Filling up the DagBag from /home/menglim/airflow_venv/lib/python3.12/site-packages/airflow/example_dags/example_task_group_decorator.py
[2025-07-18T09:16:15.106+0700] {processor.py:840} INFO - DAG(s) 'example_task_group_decorator' retrieved from /home/menglim/airflow_venv/lib/python3.12/site-packages/airflow/example_dags/example_task_group_decorator.py
[2025-07-18T09:16:15.116+0700] {logging_mixin.py:188} INFO - [2025-07-18T09:16:15.116+0700] {dag.py:3096} INFO - Sync 1 DAGs
[2025-07-18T09:16:15.126+0700] {logging_mixin.py:188} INFO - [2025-07-18T09:16:15.126+0700] {dag.py:3954} INFO - Setting next_dagrun for example_task_group_decorator to 2025-07-17 00:00:00+00:00, run_after=2025-07-18 00:00:00+00:00
[2025-07-18T09:16:15.148+0700] {processor.py:183} INFO - Processing /home/menglim/airflow_venv/lib/python3.12/site-packages/airflow/example_dags/example_task_group_decorator.py took 0.057 seconds
[2025-07-18T09:16:59.962+0700] {processor.py:161} INFO - Started process (PID=5715) to work on /home/menglim/airflow_venv/lib/python3.12/site-packages/airflow/example_dags/example_task_group_decorator.py
[2025-07-18T09:16:59.963+0700] {processor.py:830} INFO - Processing file /home/menglim/airflow_venv/lib/python3.12/site-packages/airflow/example_dags/example_task_group_decorator.py for tasks to queue
[2025-07-18T09:16:59.964+0700] {logging_mixin.py:188} INFO - [2025-07-18T09:16:59.964+0700] {dagbag.py:545} INFO - Filling up the DagBag from /home/menglim/airflow_venv/lib/python3.12/site-packages/airflow/example_dags/example_task_group_decorator.py
[2025-07-18T09:16:59.972+0700] {processor.py:840} INFO - DAG(s) 'example_task_group_decorator' retrieved from /home/menglim/airflow_venv/lib/python3.12/site-packages/airflow/example_dags/example_task_group_decorator.py
[2025-07-18T09:16:59.984+0700] {logging_mixin.py:188} INFO - [2025-07-18T09:16:59.984+0700] {dag.py:3096} INFO - Sync 1 DAGs
[2025-07-18T09:16:59.994+0700] {logging_mixin.py:188} INFO - [2025-07-18T09:16:59.994+0700] {dag.py:3954} INFO - Setting next_dagrun for example_task_group_decorator to 2025-07-17 00:00:00+00:00, run_after=2025-07-18 00:00:00+00:00
[2025-07-18T09:17:00.015+0700] {processor.py:183} INFO - Processing /home/menglim/airflow_venv/lib/python3.12/site-packages/airflow/example_dags/example_task_group_decorator.py took 0.057 seconds
[2025-07-18T09:17:39.493+0700] {processor.py:161} INFO - Started process (PID=5850) to work on /home/menglim/airflow_venv/lib/python3.12/site-packages/airflow/example_dags/example_task_group_decorator.py
[2025-07-18T09:17:39.495+0700] {processor.py:830} INFO - Processing file /home/menglim/airflow_venv/lib/python3.12/site-packages/airflow/example_dags/example_task_group_decorator.py for tasks to queue
[2025-07-18T09:17:39.495+0700] {logging_mixin.py:188} INFO - [2025-07-18T09:17:39.495+0700] {dagbag.py:545} INFO - Filling up the DagBag from /home/menglim/airflow_venv/lib/python3.12/site-packages/airflow/example_dags/example_task_group_decorator.py
[2025-07-18T09:17:39.503+0700] {processor.py:840} INFO - DAG(s) 'example_task_group_decorator' retrieved from /home/menglim/airflow_venv/lib/python3.12/site-packages/airflow/example_dags/example_task_group_decorator.py
[2025-07-18T09:17:39.514+0700] {logging_mixin.py:188} INFO - [2025-07-18T09:17:39.514+0700] {dag.py:3096} INFO - Sync 1 DAGs
[2025-07-18T09:17:39.523+0700] {logging_mixin.py:188} INFO - [2025-07-18T09:17:39.523+0700] {dag.py:3954} INFO - Setting next_dagrun for example_task_group_decorator to 2025-07-17 00:00:00+00:00, run_after=2025-07-18 00:00:00+00:00
[2025-07-18T09:17:39.545+0700] {processor.py:183} INFO - Processing /home/menglim/airflow_venv/lib/python3.12/site-packages/airflow/example_dags/example_task_group_decorator.py took 0.056 seconds
[2025-07-18T09:18:43.727+0700] {processor.py:161} INFO - Started process (PID=5970) to work on /home/menglim/airflow_venv/lib/python3.12/site-packages/airflow/example_dags/example_task_group_decorator.py
[2025-07-18T09:18:43.729+0700] {processor.py:830} INFO - Processing file /home/menglim/airflow_venv/lib/python3.12/site-packages/airflow/example_dags/example_task_group_decorator.py for tasks to queue
[2025-07-18T09:18:43.729+0700] {logging_mixin.py:188} INFO - [2025-07-18T09:18:43.729+0700] {dagbag.py:545} INFO - Filling up the DagBag from /home/menglim/airflow_venv/lib/python3.12/site-packages/airflow/example_dags/example_task_group_decorator.py
[2025-07-18T09:18:43.737+0700] {processor.py:840} INFO - DAG(s) 'example_task_group_decorator' retrieved from /home/menglim/airflow_venv/lib/python3.12/site-packages/airflow/example_dags/example_task_group_decorator.py
[2025-07-18T09:18:43.748+0700] {logging_mixin.py:188} INFO - [2025-07-18T09:18:43.748+0700] {dag.py:3096} INFO - Sync 1 DAGs
[2025-07-18T09:18:43.758+0700] {logging_mixin.py:188} INFO - [2025-07-18T09:18:43.758+0700] {dag.py:3954} INFO - Setting next_dagrun for example_task_group_decorator to 2025-07-17 00:00:00+00:00, run_after=2025-07-18 00:00:00+00:00
[2025-07-18T09:18:43.838+0700] {processor.py:183} INFO - Processing /home/menglim/airflow_venv/lib/python3.12/site-packages/airflow/example_dags/example_task_group_decorator.py took 0.115 seconds
[2025-07-18T09:19:24.923+0700] {processor.py:161} INFO - Started process (PID=6074) to work on /home/menglim/airflow_venv/lib/python3.12/site-packages/airflow/example_dags/example_task_group_decorator.py
[2025-07-18T09:19:24.924+0700] {processor.py:830} INFO - Processing file /home/menglim/airflow_venv/lib/python3.12/site-packages/airflow/example_dags/example_task_group_decorator.py for tasks to queue
[2025-07-18T09:19:24.925+0700] {logging_mixin.py:188} INFO - [2025-07-18T09:19:24.925+0700] {dagbag.py:545} INFO - Filling up the DagBag from /home/menglim/airflow_venv/lib/python3.12/site-packages/airflow/example_dags/example_task_group_decorator.py
[2025-07-18T09:19:24.933+0700] {processor.py:840} INFO - DAG(s) 'example_task_group_decorator' retrieved from /home/menglim/airflow_venv/lib/python3.12/site-packages/airflow/example_dags/example_task_group_decorator.py
[2025-07-18T09:19:24.945+0700] {logging_mixin.py:188} INFO - [2025-07-18T09:19:24.945+0700] {dag.py:3096} INFO - Sync 1 DAGs
[2025-07-18T09:19:24.957+0700] {logging_mixin.py:188} INFO - [2025-07-18T09:19:24.957+0700] {dag.py:3954} INFO - Setting next_dagrun for example_task_group_decorator to 2025-07-17 00:00:00+00:00, run_after=2025-07-18 00:00:00+00:00
[2025-07-18T09:19:24.983+0700] {processor.py:183} INFO - Processing /home/menglim/airflow_venv/lib/python3.12/site-packages/airflow/example_dags/example_task_group_decorator.py took 0.063 seconds
[2025-07-18T09:19:58.178+0700] {processor.py:161} INFO - Started process (PID=6152) to work on /home/menglim/airflow_venv/lib/python3.12/site-packages/airflow/example_dags/example_task_group_decorator.py
[2025-07-18T09:19:58.179+0700] {processor.py:830} INFO - Processing file /home/menglim/airflow_venv/lib/python3.12/site-packages/airflow/example_dags/example_task_group_decorator.py for tasks to queue
[2025-07-18T09:19:58.179+0700] {logging_mixin.py:188} INFO - [2025-07-18T09:19:58.179+0700] {dagbag.py:545} INFO - Filling up the DagBag from /home/menglim/airflow_venv/lib/python3.12/site-packages/airflow/example_dags/example_task_group_decorator.py
[2025-07-18T09:19:58.187+0700] {processor.py:840} INFO - DAG(s) 'example_task_group_decorator' retrieved from /home/menglim/airflow_venv/lib/python3.12/site-packages/airflow/example_dags/example_task_group_decorator.py
[2025-07-18T09:19:58.203+0700] {logging_mixin.py:188} INFO - [2025-07-18T09:19:58.203+0700] {dag.py:3096} INFO - Sync 1 DAGs
[2025-07-18T09:19:58.278+0700] {logging_mixin.py:188} INFO - [2025-07-18T09:19:58.278+0700] {dag.py:3954} INFO - Setting next_dagrun for example_task_group_decorator to 2025-07-17 00:00:00+00:00, run_after=2025-07-18 00:00:00+00:00
[2025-07-18T09:19:58.303+0700] {processor.py:183} INFO - Processing /home/menglim/airflow_venv/lib/python3.12/site-packages/airflow/example_dags/example_task_group_decorator.py took 0.128 seconds
[2025-07-18T09:20:53.688+0700] {processor.py:161} INFO - Started process (PID=6261) to work on /home/menglim/airflow_venv/lib/python3.12/site-packages/airflow/example_dags/example_task_group_decorator.py
[2025-07-18T09:20:53.690+0700] {processor.py:830} INFO - Processing file /home/menglim/airflow_venv/lib/python3.12/site-packages/airflow/example_dags/example_task_group_decorator.py for tasks to queue
[2025-07-18T09:20:53.691+0700] {logging_mixin.py:188} INFO - [2025-07-18T09:20:53.690+0700] {dagbag.py:545} INFO - Filling up the DagBag from /home/menglim/airflow_venv/lib/python3.12/site-packages/airflow/example_dags/example_task_group_decorator.py
[2025-07-18T09:20:53.700+0700] {processor.py:840} INFO - DAG(s) 'example_task_group_decorator' retrieved from /home/menglim/airflow_venv/lib/python3.12/site-packages/airflow/example_dags/example_task_group_decorator.py
[2025-07-18T09:20:53.711+0700] {logging_mixin.py:188} INFO - [2025-07-18T09:20:53.711+0700] {dag.py:3096} INFO - Sync 1 DAGs
[2025-07-18T09:20:53.722+0700] {logging_mixin.py:188} INFO - [2025-07-18T09:20:53.722+0700] {dag.py:3954} INFO - Setting next_dagrun for example_task_group_decorator to 2025-07-17 00:00:00+00:00, run_after=2025-07-18 00:00:00+00:00
[2025-07-18T09:20:53.741+0700] {processor.py:183} INFO - Processing /home/menglim/airflow_venv/lib/python3.12/site-packages/airflow/example_dags/example_task_group_decorator.py took 0.057 seconds
[2025-07-18T09:21:34.451+0700] {processor.py:161} INFO - Started process (PID=6414) to work on /home/menglim/airflow_venv/lib/python3.12/site-packages/airflow/example_dags/example_task_group_decorator.py
[2025-07-18T09:21:34.454+0700] {processor.py:830} INFO - Processing file /home/menglim/airflow_venv/lib/python3.12/site-packages/airflow/example_dags/example_task_group_decorator.py for tasks to queue
[2025-07-18T09:21:34.455+0700] {logging_mixin.py:188} INFO - [2025-07-18T09:21:34.455+0700] {dagbag.py:545} INFO - Filling up the DagBag from /home/menglim/airflow_venv/lib/python3.12/site-packages/airflow/example_dags/example_task_group_decorator.py
[2025-07-18T09:21:34.469+0700] {processor.py:840} INFO - DAG(s) 'example_task_group_decorator' retrieved from /home/menglim/airflow_venv/lib/python3.12/site-packages/airflow/example_dags/example_task_group_decorator.py
[2025-07-18T09:21:34.487+0700] {logging_mixin.py:188} INFO - [2025-07-18T09:21:34.487+0700] {dag.py:3096} INFO - Sync 1 DAGs
[2025-07-18T09:21:34.505+0700] {logging_mixin.py:188} INFO - [2025-07-18T09:21:34.505+0700] {dag.py:3954} INFO - Setting next_dagrun for example_task_group_decorator to 2025-07-17 00:00:00+00:00, run_after=2025-07-18 00:00:00+00:00
[2025-07-18T09:21:34.538+0700] {processor.py:183} INFO - Processing /home/menglim/airflow_venv/lib/python3.12/site-packages/airflow/example_dags/example_task_group_decorator.py took 0.092 seconds
[2025-07-18T09:22:26.682+0700] {processor.py:161} INFO - Started process (PID=6592) to work on /home/menglim/airflow_venv/lib/python3.12/site-packages/airflow/example_dags/example_task_group_decorator.py
[2025-07-18T09:22:26.684+0700] {processor.py:830} INFO - Processing file /home/menglim/airflow_venv/lib/python3.12/site-packages/airflow/example_dags/example_task_group_decorator.py for tasks to queue
[2025-07-18T09:22:26.685+0700] {logging_mixin.py:188} INFO - [2025-07-18T09:22:26.685+0700] {dagbag.py:545} INFO - Filling up the DagBag from /home/menglim/airflow_venv/lib/python3.12/site-packages/airflow/example_dags/example_task_group_decorator.py
[2025-07-18T09:22:26.693+0700] {processor.py:840} INFO - DAG(s) 'example_task_group_decorator' retrieved from /home/menglim/airflow_venv/lib/python3.12/site-packages/airflow/example_dags/example_task_group_decorator.py
[2025-07-18T09:22:26.704+0700] {logging_mixin.py:188} INFO - [2025-07-18T09:22:26.704+0700] {dag.py:3096} INFO - Sync 1 DAGs
[2025-07-18T09:22:26.714+0700] {logging_mixin.py:188} INFO - [2025-07-18T09:22:26.714+0700] {dag.py:3954} INFO - Setting next_dagrun for example_task_group_decorator to 2025-07-17 00:00:00+00:00, run_after=2025-07-18 00:00:00+00:00
[2025-07-18T09:22:26.736+0700] {processor.py:183} INFO - Processing /home/menglim/airflow_venv/lib/python3.12/site-packages/airflow/example_dags/example_task_group_decorator.py took 0.058 seconds
[2025-07-18T09:23:35.381+0700] {processor.py:161} INFO - Started process (PID=6748) to work on /home/menglim/airflow_venv/lib/python3.12/site-packages/airflow/example_dags/example_task_group_decorator.py
[2025-07-18T09:23:35.382+0700] {processor.py:830} INFO - Processing file /home/menglim/airflow_venv/lib/python3.12/site-packages/airflow/example_dags/example_task_group_decorator.py for tasks to queue
[2025-07-18T09:23:35.383+0700] {logging_mixin.py:188} INFO - [2025-07-18T09:23:35.383+0700] {dagbag.py:545} INFO - Filling up the DagBag from /home/menglim/airflow_venv/lib/python3.12/site-packages/airflow/example_dags/example_task_group_decorator.py
[2025-07-18T09:23:35.391+0700] {processor.py:840} INFO - DAG(s) 'example_task_group_decorator' retrieved from /home/menglim/airflow_venv/lib/python3.12/site-packages/airflow/example_dags/example_task_group_decorator.py
[2025-07-18T09:23:35.402+0700] {logging_mixin.py:188} INFO - [2025-07-18T09:23:35.402+0700] {dag.py:3096} INFO - Sync 1 DAGs
[2025-07-18T09:23:35.412+0700] {logging_mixin.py:188} INFO - [2025-07-18T09:23:35.412+0700] {dag.py:3954} INFO - Setting next_dagrun for example_task_group_decorator to 2025-07-17 00:00:00+00:00, run_after=2025-07-18 00:00:00+00:00
[2025-07-18T09:23:35.436+0700] {processor.py:183} INFO - Processing /home/menglim/airflow_venv/lib/python3.12/site-packages/airflow/example_dags/example_task_group_decorator.py took 0.059 seconds
[2025-07-18T09:24:12.977+0700] {processor.py:161} INFO - Started process (PID=6856) to work on /home/menglim/airflow_venv/lib/python3.12/site-packages/airflow/example_dags/example_task_group_decorator.py
[2025-07-18T09:24:12.979+0700] {processor.py:830} INFO - Processing file /home/menglim/airflow_venv/lib/python3.12/site-packages/airflow/example_dags/example_task_group_decorator.py for tasks to queue
[2025-07-18T09:24:12.980+0700] {logging_mixin.py:188} INFO - [2025-07-18T09:24:12.979+0700] {dagbag.py:545} INFO - Filling up the DagBag from /home/menglim/airflow_venv/lib/python3.12/site-packages/airflow/example_dags/example_task_group_decorator.py
[2025-07-18T09:24:12.989+0700] {processor.py:840} INFO - DAG(s) 'example_task_group_decorator' retrieved from /home/menglim/airflow_venv/lib/python3.12/site-packages/airflow/example_dags/example_task_group_decorator.py
[2025-07-18T09:24:13.001+0700] {logging_mixin.py:188} INFO - [2025-07-18T09:24:13.000+0700] {dag.py:3096} INFO - Sync 1 DAGs
[2025-07-18T09:24:13.012+0700] {logging_mixin.py:188} INFO - [2025-07-18T09:24:13.011+0700] {dag.py:3954} INFO - Setting next_dagrun for example_task_group_decorator to 2025-07-17 00:00:00+00:00, run_after=2025-07-18 00:00:00+00:00
[2025-07-18T09:24:13.031+0700] {processor.py:183} INFO - Processing /home/menglim/airflow_venv/lib/python3.12/site-packages/airflow/example_dags/example_task_group_decorator.py took 0.058 seconds
[2025-07-18T09:24:48.002+0700] {processor.py:161} INFO - Started process (PID=6951) to work on /home/menglim/airflow_venv/lib/python3.12/site-packages/airflow/example_dags/example_task_group_decorator.py
[2025-07-18T09:24:48.005+0700] {processor.py:830} INFO - Processing file /home/menglim/airflow_venv/lib/python3.12/site-packages/airflow/example_dags/example_task_group_decorator.py for tasks to queue
[2025-07-18T09:24:48.005+0700] {logging_mixin.py:188} INFO - [2025-07-18T09:24:48.005+0700] {dagbag.py:545} INFO - Filling up the DagBag from /home/menglim/airflow_venv/lib/python3.12/site-packages/airflow/example_dags/example_task_group_decorator.py
[2025-07-18T09:24:48.014+0700] {processor.py:840} INFO - DAG(s) 'example_task_group_decorator' retrieved from /home/menglim/airflow_venv/lib/python3.12/site-packages/airflow/example_dags/example_task_group_decorator.py
[2025-07-18T09:24:48.026+0700] {logging_mixin.py:188} INFO - [2025-07-18T09:24:48.026+0700] {dag.py:3096} INFO - Sync 1 DAGs
[2025-07-18T09:24:48.037+0700] {logging_mixin.py:188} INFO - [2025-07-18T09:24:48.037+0700] {dag.py:3954} INFO - Setting next_dagrun for example_task_group_decorator to 2025-07-17 00:00:00+00:00, run_after=2025-07-18 00:00:00+00:00
[2025-07-18T09:24:48.058+0700] {processor.py:183} INFO - Processing /home/menglim/airflow_venv/lib/python3.12/site-packages/airflow/example_dags/example_task_group_decorator.py took 0.059 seconds
[2025-07-18T09:25:48.341+0700] {processor.py:161} INFO - Started process (PID=7123) to work on /home/menglim/airflow_venv/lib/python3.12/site-packages/airflow/example_dags/example_task_group_decorator.py
[2025-07-18T09:25:48.344+0700] {processor.py:830} INFO - Processing file /home/menglim/airflow_venv/lib/python3.12/site-packages/airflow/example_dags/example_task_group_decorator.py for tasks to queue
[2025-07-18T09:25:48.344+0700] {logging_mixin.py:188} INFO - [2025-07-18T09:25:48.344+0700] {dagbag.py:545} INFO - Filling up the DagBag from /home/menglim/airflow_venv/lib/python3.12/site-packages/airflow/example_dags/example_task_group_decorator.py
[2025-07-18T09:25:48.354+0700] {processor.py:840} INFO - DAG(s) 'example_task_group_decorator' retrieved from /home/menglim/airflow_venv/lib/python3.12/site-packages/airflow/example_dags/example_task_group_decorator.py
[2025-07-18T09:25:48.366+0700] {logging_mixin.py:188} INFO - [2025-07-18T09:25:48.366+0700] {dag.py:3096} INFO - Sync 1 DAGs
[2025-07-18T09:25:48.376+0700] {logging_mixin.py:188} INFO - [2025-07-18T09:25:48.376+0700] {dag.py:3954} INFO - Setting next_dagrun for example_task_group_decorator to 2025-07-17 00:00:00+00:00, run_after=2025-07-18 00:00:00+00:00
[2025-07-18T09:25:48.397+0700] {processor.py:183} INFO - Processing /home/menglim/airflow_venv/lib/python3.12/site-packages/airflow/example_dags/example_task_group_decorator.py took 0.059 seconds
[2025-07-18T09:26:21.865+0700] {processor.py:161} INFO - Started process (PID=7170) to work on /home/menglim/airflow_venv/lib/python3.12/site-packages/airflow/example_dags/example_task_group_decorator.py
[2025-07-18T09:26:21.868+0700] {processor.py:830} INFO - Processing file /home/menglim/airflow_venv/lib/python3.12/site-packages/airflow/example_dags/example_task_group_decorator.py for tasks to queue
[2025-07-18T09:26:21.868+0700] {logging_mixin.py:188} INFO - [2025-07-18T09:26:21.868+0700] {dagbag.py:545} INFO - Filling up the DagBag from /home/menglim/airflow_venv/lib/python3.12/site-packages/airflow/example_dags/example_task_group_decorator.py
[2025-07-18T09:26:21.877+0700] {processor.py:840} INFO - DAG(s) 'example_task_group_decorator' retrieved from /home/menglim/airflow_venv/lib/python3.12/site-packages/airflow/example_dags/example_task_group_decorator.py
[2025-07-18T09:26:21.887+0700] {logging_mixin.py:188} INFO - [2025-07-18T09:26:21.887+0700] {dag.py:3096} INFO - Sync 1 DAGs
[2025-07-18T09:26:21.897+0700] {logging_mixin.py:188} INFO - [2025-07-18T09:26:21.897+0700] {dag.py:3954} INFO - Setting next_dagrun for example_task_group_decorator to 2025-07-17 00:00:00+00:00, run_after=2025-07-18 00:00:00+00:00
[2025-07-18T09:26:21.919+0700] {processor.py:183} INFO - Processing /home/menglim/airflow_venv/lib/python3.12/site-packages/airflow/example_dags/example_task_group_decorator.py took 0.057 seconds
[2025-07-18T09:27:20.203+0700] {processor.py:161} INFO - Started process (PID=7303) to work on /home/menglim/airflow_venv/lib/python3.12/site-packages/airflow/example_dags/example_task_group_decorator.py
[2025-07-18T09:27:20.206+0700] {processor.py:830} INFO - Processing file /home/menglim/airflow_venv/lib/python3.12/site-packages/airflow/example_dags/example_task_group_decorator.py for tasks to queue
[2025-07-18T09:27:20.206+0700] {logging_mixin.py:188} INFO - [2025-07-18T09:27:20.206+0700] {dagbag.py:545} INFO - Filling up the DagBag from /home/menglim/airflow_venv/lib/python3.12/site-packages/airflow/example_dags/example_task_group_decorator.py
[2025-07-18T09:27:20.215+0700] {processor.py:840} INFO - DAG(s) 'example_task_group_decorator' retrieved from /home/menglim/airflow_venv/lib/python3.12/site-packages/airflow/example_dags/example_task_group_decorator.py
[2025-07-18T09:27:20.227+0700] {logging_mixin.py:188} INFO - [2025-07-18T09:27:20.227+0700] {dag.py:3096} INFO - Sync 1 DAGs
[2025-07-18T09:27:20.238+0700] {logging_mixin.py:188} INFO - [2025-07-18T09:27:20.238+0700] {dag.py:3954} INFO - Setting next_dagrun for example_task_group_decorator to 2025-07-17 00:00:00+00:00, run_after=2025-07-18 00:00:00+00:00
[2025-07-18T09:27:20.259+0700] {processor.py:183} INFO - Processing /home/menglim/airflow_venv/lib/python3.12/site-packages/airflow/example_dags/example_task_group_decorator.py took 0.060 seconds
[2025-07-18T09:28:05.477+0700] {processor.py:161} INFO - Started process (PID=7365) to work on /home/menglim/airflow_venv/lib/python3.12/site-packages/airflow/example_dags/example_task_group_decorator.py
[2025-07-18T09:28:05.479+0700] {processor.py:830} INFO - Processing file /home/menglim/airflow_venv/lib/python3.12/site-packages/airflow/example_dags/example_task_group_decorator.py for tasks to queue
[2025-07-18T09:28:05.480+0700] {logging_mixin.py:188} INFO - [2025-07-18T09:28:05.480+0700] {dagbag.py:545} INFO - Filling up the DagBag from /home/menglim/airflow_venv/lib/python3.12/site-packages/airflow/example_dags/example_task_group_decorator.py
[2025-07-18T09:28:05.488+0700] {processor.py:840} INFO - DAG(s) 'example_task_group_decorator' retrieved from /home/menglim/airflow_venv/lib/python3.12/site-packages/airflow/example_dags/example_task_group_decorator.py
[2025-07-18T09:28:05.498+0700] {logging_mixin.py:188} INFO - [2025-07-18T09:28:05.498+0700] {dag.py:3096} INFO - Sync 1 DAGs
[2025-07-18T09:28:05.508+0700] {logging_mixin.py:188} INFO - [2025-07-18T09:28:05.508+0700] {dag.py:3954} INFO - Setting next_dagrun for example_task_group_decorator to 2025-07-17 00:00:00+00:00, run_after=2025-07-18 00:00:00+00:00
[2025-07-18T09:28:05.529+0700] {processor.py:183} INFO - Processing /home/menglim/airflow_venv/lib/python3.12/site-packages/airflow/example_dags/example_task_group_decorator.py took 0.055 seconds
[2025-07-18T09:28:43.674+0700] {processor.py:161} INFO - Started process (PID=7436) to work on /home/menglim/airflow_venv/lib/python3.12/site-packages/airflow/example_dags/example_task_group_decorator.py
[2025-07-18T09:28:43.677+0700] {processor.py:830} INFO - Processing file /home/menglim/airflow_venv/lib/python3.12/site-packages/airflow/example_dags/example_task_group_decorator.py for tasks to queue
[2025-07-18T09:28:43.678+0700] {logging_mixin.py:188} INFO - [2025-07-18T09:28:43.677+0700] {dagbag.py:545} INFO - Filling up the DagBag from /home/menglim/airflow_venv/lib/python3.12/site-packages/airflow/example_dags/example_task_group_decorator.py
[2025-07-18T09:28:43.686+0700] {processor.py:840} INFO - DAG(s) 'example_task_group_decorator' retrieved from /home/menglim/airflow_venv/lib/python3.12/site-packages/airflow/example_dags/example_task_group_decorator.py
[2025-07-18T09:28:43.696+0700] {logging_mixin.py:188} INFO - [2025-07-18T09:28:43.696+0700] {dag.py:3096} INFO - Sync 1 DAGs
[2025-07-18T09:28:43.705+0700] {logging_mixin.py:188} INFO - [2025-07-18T09:28:43.705+0700] {dag.py:3954} INFO - Setting next_dagrun for example_task_group_decorator to 2025-07-17 00:00:00+00:00, run_after=2025-07-18 00:00:00+00:00
[2025-07-18T09:28:43.726+0700] {processor.py:183} INFO - Processing /home/menglim/airflow_venv/lib/python3.12/site-packages/airflow/example_dags/example_task_group_decorator.py took 0.057 seconds
[2025-07-18T09:29:33.731+0700] {processor.py:161} INFO - Started process (PID=7535) to work on /home/menglim/airflow_venv/lib/python3.12/site-packages/airflow/example_dags/example_task_group_decorator.py
[2025-07-18T09:29:33.734+0700] {processor.py:830} INFO - Processing file /home/menglim/airflow_venv/lib/python3.12/site-packages/airflow/example_dags/example_task_group_decorator.py for tasks to queue
[2025-07-18T09:29:33.734+0700] {logging_mixin.py:188} INFO - [2025-07-18T09:29:33.734+0700] {dagbag.py:545} INFO - Filling up the DagBag from /home/menglim/airflow_venv/lib/python3.12/site-packages/airflow/example_dags/example_task_group_decorator.py
[2025-07-18T09:29:33.746+0700] {processor.py:840} INFO - DAG(s) 'example_task_group_decorator' retrieved from /home/menglim/airflow_venv/lib/python3.12/site-packages/airflow/example_dags/example_task_group_decorator.py
[2025-07-18T09:29:33.761+0700] {logging_mixin.py:188} INFO - [2025-07-18T09:29:33.760+0700] {dag.py:3096} INFO - Sync 1 DAGs
[2025-07-18T09:29:33.775+0700] {logging_mixin.py:188} INFO - [2025-07-18T09:29:33.775+0700] {dag.py:3954} INFO - Setting next_dagrun for example_task_group_decorator to 2025-07-17 00:00:00+00:00, run_after=2025-07-18 00:00:00+00:00
[2025-07-18T09:29:33.798+0700] {processor.py:183} INFO - Processing /home/menglim/airflow_venv/lib/python3.12/site-packages/airflow/example_dags/example_task_group_decorator.py took 0.070 seconds
[2025-07-18T09:30:21.728+0700] {processor.py:161} INFO - Started process (PID=7597) to work on /home/menglim/airflow_venv/lib/python3.12/site-packages/airflow/example_dags/example_task_group_decorator.py
[2025-07-18T09:30:21.730+0700] {processor.py:830} INFO - Processing file /home/menglim/airflow_venv/lib/python3.12/site-packages/airflow/example_dags/example_task_group_decorator.py for tasks to queue
[2025-07-18T09:30:21.731+0700] {logging_mixin.py:188} INFO - [2025-07-18T09:30:21.730+0700] {dagbag.py:545} INFO - Filling up the DagBag from /home/menglim/airflow_venv/lib/python3.12/site-packages/airflow/example_dags/example_task_group_decorator.py
[2025-07-18T09:30:21.739+0700] {processor.py:840} INFO - DAG(s) 'example_task_group_decorator' retrieved from /home/menglim/airflow_venv/lib/python3.12/site-packages/airflow/example_dags/example_task_group_decorator.py
[2025-07-18T09:30:21.749+0700] {logging_mixin.py:188} INFO - [2025-07-18T09:30:21.749+0700] {dag.py:3096} INFO - Sync 1 DAGs
[2025-07-18T09:30:21.759+0700] {logging_mixin.py:188} INFO - [2025-07-18T09:30:21.759+0700] {dag.py:3954} INFO - Setting next_dagrun for example_task_group_decorator to 2025-07-17 00:00:00+00:00, run_after=2025-07-18 00:00:00+00:00
[2025-07-18T09:30:21.779+0700] {processor.py:183} INFO - Processing /home/menglim/airflow_venv/lib/python3.12/site-packages/airflow/example_dags/example_task_group_decorator.py took 0.055 seconds
[2025-07-18T09:31:12.696+0700] {processor.py:161} INFO - Started process (PID=7674) to work on /home/menglim/airflow_venv/lib/python3.12/site-packages/airflow/example_dags/example_task_group_decorator.py
[2025-07-18T09:31:12.697+0700] {processor.py:830} INFO - Processing file /home/menglim/airflow_venv/lib/python3.12/site-packages/airflow/example_dags/example_task_group_decorator.py for tasks to queue
[2025-07-18T09:31:12.698+0700] {logging_mixin.py:188} INFO - [2025-07-18T09:31:12.697+0700] {dagbag.py:545} INFO - Filling up the DagBag from /home/menglim/airflow_venv/lib/python3.12/site-packages/airflow/example_dags/example_task_group_decorator.py
[2025-07-18T09:31:12.708+0700] {processor.py:840} INFO - DAG(s) 'example_task_group_decorator' retrieved from /home/menglim/airflow_venv/lib/python3.12/site-packages/airflow/example_dags/example_task_group_decorator.py
[2025-07-18T09:31:12.724+0700] {logging_mixin.py:188} INFO - [2025-07-18T09:31:12.724+0700] {dag.py:3096} INFO - Sync 1 DAGs
[2025-07-18T09:31:12.738+0700] {logging_mixin.py:188} INFO - [2025-07-18T09:31:12.738+0700] {dag.py:3954} INFO - Setting next_dagrun for example_task_group_decorator to 2025-07-17 00:00:00+00:00, run_after=2025-07-18 00:00:00+00:00
[2025-07-18T09:31:12.764+0700] {processor.py:183} INFO - Processing /home/menglim/airflow_venv/lib/python3.12/site-packages/airflow/example_dags/example_task_group_decorator.py took 0.072 seconds
[2025-07-18T09:32:01.956+0700] {processor.py:161} INFO - Started process (PID=7754) to work on /home/menglim/airflow_venv/lib/python3.12/site-packages/airflow/example_dags/example_task_group_decorator.py
[2025-07-18T09:32:01.958+0700] {processor.py:830} INFO - Processing file /home/menglim/airflow_venv/lib/python3.12/site-packages/airflow/example_dags/example_task_group_decorator.py for tasks to queue
[2025-07-18T09:32:01.958+0700] {logging_mixin.py:188} INFO - [2025-07-18T09:32:01.958+0700] {dagbag.py:545} INFO - Filling up the DagBag from /home/menglim/airflow_venv/lib/python3.12/site-packages/airflow/example_dags/example_task_group_decorator.py
[2025-07-18T09:32:01.966+0700] {processor.py:840} INFO - DAG(s) 'example_task_group_decorator' retrieved from /home/menglim/airflow_venv/lib/python3.12/site-packages/airflow/example_dags/example_task_group_decorator.py
[2025-07-18T09:32:01.976+0700] {logging_mixin.py:188} INFO - [2025-07-18T09:32:01.976+0700] {dag.py:3096} INFO - Sync 1 DAGs
[2025-07-18T09:32:01.986+0700] {logging_mixin.py:188} INFO - [2025-07-18T09:32:01.986+0700] {dag.py:3954} INFO - Setting next_dagrun for example_task_group_decorator to 2025-07-17 00:00:00+00:00, run_after=2025-07-18 00:00:00+00:00
[2025-07-18T09:32:02.009+0700] {processor.py:183} INFO - Processing /home/menglim/airflow_venv/lib/python3.12/site-packages/airflow/example_dags/example_task_group_decorator.py took 0.056 seconds
[2025-07-18T09:32:52.489+0700] {processor.py:161} INFO - Started process (PID=7835) to work on /home/menglim/airflow_venv/lib/python3.12/site-packages/airflow/example_dags/example_task_group_decorator.py
[2025-07-18T09:32:52.491+0700] {processor.py:830} INFO - Processing file /home/menglim/airflow_venv/lib/python3.12/site-packages/airflow/example_dags/example_task_group_decorator.py for tasks to queue
[2025-07-18T09:32:52.492+0700] {logging_mixin.py:188} INFO - [2025-07-18T09:32:52.492+0700] {dagbag.py:545} INFO - Filling up the DagBag from /home/menglim/airflow_venv/lib/python3.12/site-packages/airflow/example_dags/example_task_group_decorator.py
[2025-07-18T09:32:52.503+0700] {processor.py:840} INFO - DAG(s) 'example_task_group_decorator' retrieved from /home/menglim/airflow_venv/lib/python3.12/site-packages/airflow/example_dags/example_task_group_decorator.py
[2025-07-18T09:32:52.514+0700] {logging_mixin.py:188} INFO - [2025-07-18T09:32:52.514+0700] {dag.py:3096} INFO - Sync 1 DAGs
[2025-07-18T09:32:52.523+0700] {logging_mixin.py:188} INFO - [2025-07-18T09:32:52.523+0700] {dag.py:3954} INFO - Setting next_dagrun for example_task_group_decorator to 2025-07-17 00:00:00+00:00, run_after=2025-07-18 00:00:00+00:00
[2025-07-18T09:32:52.546+0700] {processor.py:183} INFO - Processing /home/menglim/airflow_venv/lib/python3.12/site-packages/airflow/example_dags/example_task_group_decorator.py took 0.060 seconds
[2025-07-18T09:33:43.238+0700] {processor.py:161} INFO - Started process (PID=7912) to work on /home/menglim/airflow_venv/lib/python3.12/site-packages/airflow/example_dags/example_task_group_decorator.py
[2025-07-18T09:33:43.239+0700] {processor.py:830} INFO - Processing file /home/menglim/airflow_venv/lib/python3.12/site-packages/airflow/example_dags/example_task_group_decorator.py for tasks to queue
[2025-07-18T09:33:43.239+0700] {logging_mixin.py:188} INFO - [2025-07-18T09:33:43.239+0700] {dagbag.py:545} INFO - Filling up the DagBag from /home/menglim/airflow_venv/lib/python3.12/site-packages/airflow/example_dags/example_task_group_decorator.py
[2025-07-18T09:33:43.248+0700] {processor.py:840} INFO - DAG(s) 'example_task_group_decorator' retrieved from /home/menglim/airflow_venv/lib/python3.12/site-packages/airflow/example_dags/example_task_group_decorator.py
[2025-07-18T09:33:43.259+0700] {logging_mixin.py:188} INFO - [2025-07-18T09:33:43.258+0700] {dag.py:3096} INFO - Sync 1 DAGs
[2025-07-18T09:33:43.269+0700] {logging_mixin.py:188} INFO - [2025-07-18T09:33:43.269+0700] {dag.py:3954} INFO - Setting next_dagrun for example_task_group_decorator to 2025-07-17 00:00:00+00:00, run_after=2025-07-18 00:00:00+00:00
[2025-07-18T09:33:43.294+0700] {processor.py:183} INFO - Processing /home/menglim/airflow_venv/lib/python3.12/site-packages/airflow/example_dags/example_task_group_decorator.py took 0.060 seconds
[2025-07-18T09:34:35.165+0700] {processor.py:161} INFO - Started process (PID=8067) to work on /home/menglim/airflow_venv/lib/python3.12/site-packages/airflow/example_dags/example_task_group_decorator.py
[2025-07-18T09:34:35.167+0700] {processor.py:830} INFO - Processing file /home/menglim/airflow_venv/lib/python3.12/site-packages/airflow/example_dags/example_task_group_decorator.py for tasks to queue
[2025-07-18T09:34:35.168+0700] {logging_mixin.py:188} INFO - [2025-07-18T09:34:35.167+0700] {dagbag.py:545} INFO - Filling up the DagBag from /home/menglim/airflow_venv/lib/python3.12/site-packages/airflow/example_dags/example_task_group_decorator.py
[2025-07-18T09:34:35.176+0700] {processor.py:840} INFO - DAG(s) 'example_task_group_decorator' retrieved from /home/menglim/airflow_venv/lib/python3.12/site-packages/airflow/example_dags/example_task_group_decorator.py
[2025-07-18T09:34:35.187+0700] {logging_mixin.py:188} INFO - [2025-07-18T09:34:35.187+0700] {dag.py:3096} INFO - Sync 1 DAGs
[2025-07-18T09:34:35.197+0700] {logging_mixin.py:188} INFO - [2025-07-18T09:34:35.197+0700] {dag.py:3954} INFO - Setting next_dagrun for example_task_group_decorator to 2025-07-17 00:00:00+00:00, run_after=2025-07-18 00:00:00+00:00
[2025-07-18T09:34:35.218+0700] {processor.py:183} INFO - Processing /home/menglim/airflow_venv/lib/python3.12/site-packages/airflow/example_dags/example_task_group_decorator.py took 0.057 seconds
[2025-07-18T09:35:26.179+0700] {processor.py:161} INFO - Started process (PID=8150) to work on /home/menglim/airflow_venv/lib/python3.12/site-packages/airflow/example_dags/example_task_group_decorator.py
[2025-07-18T09:35:26.180+0700] {processor.py:830} INFO - Processing file /home/menglim/airflow_venv/lib/python3.12/site-packages/airflow/example_dags/example_task_group_decorator.py for tasks to queue
[2025-07-18T09:35:26.181+0700] {logging_mixin.py:188} INFO - [2025-07-18T09:35:26.181+0700] {dagbag.py:545} INFO - Filling up the DagBag from /home/menglim/airflow_venv/lib/python3.12/site-packages/airflow/example_dags/example_task_group_decorator.py
[2025-07-18T09:35:26.190+0700] {processor.py:840} INFO - DAG(s) 'example_task_group_decorator' retrieved from /home/menglim/airflow_venv/lib/python3.12/site-packages/airflow/example_dags/example_task_group_decorator.py
[2025-07-18T09:35:26.204+0700] {logging_mixin.py:188} INFO - [2025-07-18T09:35:26.203+0700] {dag.py:3096} INFO - Sync 1 DAGs
[2025-07-18T09:35:26.218+0700] {logging_mixin.py:188} INFO - [2025-07-18T09:35:26.218+0700] {dag.py:3954} INFO - Setting next_dagrun for example_task_group_decorator to 2025-07-17 00:00:00+00:00, run_after=2025-07-18 00:00:00+00:00
[2025-07-18T09:35:26.246+0700] {processor.py:183} INFO - Processing /home/menglim/airflow_venv/lib/python3.12/site-packages/airflow/example_dags/example_task_group_decorator.py took 0.071 seconds
[2025-07-18T09:36:19.299+0700] {processor.py:161} INFO - Started process (PID=8241) to work on /home/menglim/airflow_venv/lib/python3.12/site-packages/airflow/example_dags/example_task_group_decorator.py
[2025-07-18T09:36:19.301+0700] {processor.py:830} INFO - Processing file /home/menglim/airflow_venv/lib/python3.12/site-packages/airflow/example_dags/example_task_group_decorator.py for tasks to queue
[2025-07-18T09:36:19.301+0700] {logging_mixin.py:188} INFO - [2025-07-18T09:36:19.301+0700] {dagbag.py:545} INFO - Filling up the DagBag from /home/menglim/airflow_venv/lib/python3.12/site-packages/airflow/example_dags/example_task_group_decorator.py
[2025-07-18T09:36:19.311+0700] {processor.py:840} INFO - DAG(s) 'example_task_group_decorator' retrieved from /home/menglim/airflow_venv/lib/python3.12/site-packages/airflow/example_dags/example_task_group_decorator.py
[2025-07-18T09:36:19.323+0700] {logging_mixin.py:188} INFO - [2025-07-18T09:36:19.323+0700] {dag.py:3096} INFO - Sync 1 DAGs
[2025-07-18T09:36:19.339+0700] {logging_mixin.py:188} INFO - [2025-07-18T09:36:19.339+0700] {dag.py:3954} INFO - Setting next_dagrun for example_task_group_decorator to 2025-07-17 00:00:00+00:00, run_after=2025-07-18 00:00:00+00:00
[2025-07-18T09:36:19.359+0700] {processor.py:183} INFO - Processing /home/menglim/airflow_venv/lib/python3.12/site-packages/airflow/example_dags/example_task_group_decorator.py took 0.064 seconds
[2025-07-18T09:37:22.574+0700] {processor.py:161} INFO - Started process (PID=8337) to work on /home/menglim/airflow_venv/lib/python3.12/site-packages/airflow/example_dags/example_task_group_decorator.py
[2025-07-18T09:37:22.578+0700] {processor.py:830} INFO - Processing file /home/menglim/airflow_venv/lib/python3.12/site-packages/airflow/example_dags/example_task_group_decorator.py for tasks to queue
[2025-07-18T09:37:22.581+0700] {logging_mixin.py:188} INFO - [2025-07-18T09:37:22.580+0700] {dagbag.py:545} INFO - Filling up the DagBag from /home/menglim/airflow_venv/lib/python3.12/site-packages/airflow/example_dags/example_task_group_decorator.py
[2025-07-18T09:37:22.609+0700] {processor.py:840} INFO - DAG(s) 'example_task_group_decorator' retrieved from /home/menglim/airflow_venv/lib/python3.12/site-packages/airflow/example_dags/example_task_group_decorator.py
[2025-07-18T09:37:22.641+0700] {logging_mixin.py:188} INFO - [2025-07-18T09:37:22.641+0700] {dag.py:3096} INFO - Sync 1 DAGs
[2025-07-18T09:37:22.678+0700] {logging_mixin.py:188} INFO - [2025-07-18T09:37:22.678+0700] {dag.py:3954} INFO - Setting next_dagrun for example_task_group_decorator to 2025-07-17 00:00:00+00:00, run_after=2025-07-18 00:00:00+00:00
[2025-07-18T09:37:22.743+0700] {processor.py:183} INFO - Processing /home/menglim/airflow_venv/lib/python3.12/site-packages/airflow/example_dags/example_task_group_decorator.py took 0.177 seconds
