[2025-07-18T09:00:23.380+0700] {processor.py:161} INFO - Started process (PID=2993) to work on /home/menglim/airflow_venv/lib/python3.12/site-packages/airflow/example_dags/example_task_group.py
[2025-07-18T09:00:23.380+0700] {processor.py:830} INFO - Processing file /home/menglim/airflow_venv/lib/python3.12/site-packages/airflow/example_dags/example_task_group.py for tasks to queue
[2025-07-18T09:00:23.381+0700] {logging_mixin.py:188} INFO - [2025-07-18T09:00:23.381+0700] {dagbag.py:545} INFO - Filling up the DagBag from /home/menglim/airflow_venv/lib/python3.12/site-packages/airflow/example_dags/example_task_group.py
[2025-07-18T09:00:23.386+0700] {processor.py:840} INFO - DAG(s) 'example_task_group' retrieved from /home/menglim/airflow_venv/lib/python3.12/site-packages/airflow/example_dags/example_task_group.py
[2025-07-18T09:00:23.438+0700] {logging_mixin.py:188} INFO - [2025-07-18T09:00:23.438+0700] {dag.py:3096} INFO - Sync 1 DAGs
[2025-07-18T09:00:23.447+0700] {logging_mixin.py:188} INFO - [2025-07-18T09:00:23.447+0700] {dag.py:3954} INFO - Setting next_dagrun for example_task_group to 2025-07-17 00:00:00+00:00, run_after=2025-07-18 00:00:00+00:00
[2025-07-18T09:00:23.475+0700] {processor.py:183} INFO - Processing /home/menglim/airflow_venv/lib/python3.12/site-packages/airflow/example_dags/example_task_group.py took 0.101 seconds
[2025-07-18T09:01:20.000+0700] {processor.py:161} INFO - Started process (PID=3329) to work on /home/menglim/airflow_venv/lib/python3.12/site-packages/airflow/example_dags/example_task_group.py
[2025-07-18T09:01:20.003+0700] {processor.py:830} INFO - Processing file /home/menglim/airflow_venv/lib/python3.12/site-packages/airflow/example_dags/example_task_group.py for tasks to queue
[2025-07-18T09:01:20.004+0700] {logging_mixin.py:188} INFO - [2025-07-18T09:01:20.004+0700] {dagbag.py:545} INFO - Filling up the DagBag from /home/menglim/airflow_venv/lib/python3.12/site-packages/airflow/example_dags/example_task_group.py
[2025-07-18T09:01:20.009+0700] {processor.py:840} INFO - DAG(s) 'example_task_group' retrieved from /home/menglim/airflow_venv/lib/python3.12/site-packages/airflow/example_dags/example_task_group.py
[2025-07-18T09:01:20.018+0700] {logging_mixin.py:188} INFO - [2025-07-18T09:01:20.018+0700] {dag.py:3096} INFO - Sync 1 DAGs
[2025-07-18T09:01:20.028+0700] {logging_mixin.py:188} INFO - [2025-07-18T09:01:20.028+0700] {dag.py:3954} INFO - Setting next_dagrun for example_task_group to 2025-07-17 00:00:00+00:00, run_after=2025-07-18 00:00:00+00:00
[2025-07-18T09:01:20.049+0700] {processor.py:183} INFO - Processing /home/menglim/airflow_venv/lib/python3.12/site-packages/airflow/example_dags/example_task_group.py took 0.052 seconds
[2025-07-18T09:02:18.357+0700] {processor.py:161} INFO - Started process (PID=3475) to work on /home/menglim/airflow_venv/lib/python3.12/site-packages/airflow/example_dags/example_task_group.py
[2025-07-18T09:02:18.359+0700] {processor.py:830} INFO - Processing file /home/menglim/airflow_venv/lib/python3.12/site-packages/airflow/example_dags/example_task_group.py for tasks to queue
[2025-07-18T09:02:18.361+0700] {logging_mixin.py:188} INFO - [2025-07-18T09:02:18.361+0700] {dagbag.py:545} INFO - Filling up the DagBag from /home/menglim/airflow_venv/lib/python3.12/site-packages/airflow/example_dags/example_task_group.py
[2025-07-18T09:02:18.367+0700] {processor.py:840} INFO - DAG(s) 'example_task_group' retrieved from /home/menglim/airflow_venv/lib/python3.12/site-packages/airflow/example_dags/example_task_group.py
[2025-07-18T09:02:18.378+0700] {logging_mixin.py:188} INFO - [2025-07-18T09:02:18.378+0700] {dag.py:3096} INFO - Sync 1 DAGs
[2025-07-18T09:02:18.390+0700] {logging_mixin.py:188} INFO - [2025-07-18T09:02:18.390+0700] {dag.py:3954} INFO - Setting next_dagrun for example_task_group to 2025-07-17 00:00:00+00:00, run_after=2025-07-18 00:00:00+00:00
[2025-07-18T09:02:18.411+0700] {processor.py:183} INFO - Processing /home/menglim/airflow_venv/lib/python3.12/site-packages/airflow/example_dags/example_task_group.py took 0.057 seconds
[2025-07-18T09:03:17.705+0700] {processor.py:161} INFO - Started process (PID=3613) to work on /home/menglim/airflow_venv/lib/python3.12/site-packages/airflow/example_dags/example_task_group.py
[2025-07-18T09:03:17.708+0700] {processor.py:830} INFO - Processing file /home/menglim/airflow_venv/lib/python3.12/site-packages/airflow/example_dags/example_task_group.py for tasks to queue
[2025-07-18T09:03:17.709+0700] {logging_mixin.py:188} INFO - [2025-07-18T09:03:17.709+0700] {dagbag.py:545} INFO - Filling up the DagBag from /home/menglim/airflow_venv/lib/python3.12/site-packages/airflow/example_dags/example_task_group.py
[2025-07-18T09:03:17.714+0700] {processor.py:840} INFO - DAG(s) 'example_task_group' retrieved from /home/menglim/airflow_venv/lib/python3.12/site-packages/airflow/example_dags/example_task_group.py
[2025-07-18T09:03:17.724+0700] {logging_mixin.py:188} INFO - [2025-07-18T09:03:17.724+0700] {dag.py:3096} INFO - Sync 1 DAGs
[2025-07-18T09:03:17.734+0700] {logging_mixin.py:188} INFO - [2025-07-18T09:03:17.734+0700] {dag.py:3954} INFO - Setting next_dagrun for example_task_group to 2025-07-17 00:00:00+00:00, run_after=2025-07-18 00:00:00+00:00
[2025-07-18T09:03:17.755+0700] {processor.py:183} INFO - Processing /home/menglim/airflow_venv/lib/python3.12/site-packages/airflow/example_dags/example_task_group.py took 0.054 seconds
[2025-07-18T09:04:08.810+0700] {processor.py:161} INFO - Started process (PID=3709) to work on /home/menglim/airflow_venv/lib/python3.12/site-packages/airflow/example_dags/example_task_group.py
[2025-07-18T09:04:08.812+0700] {processor.py:830} INFO - Processing file /home/menglim/airflow_venv/lib/python3.12/site-packages/airflow/example_dags/example_task_group.py for tasks to queue
[2025-07-18T09:04:08.813+0700] {logging_mixin.py:188} INFO - [2025-07-18T09:04:08.813+0700] {dagbag.py:545} INFO - Filling up the DagBag from /home/menglim/airflow_venv/lib/python3.12/site-packages/airflow/example_dags/example_task_group.py
[2025-07-18T09:04:08.817+0700] {processor.py:840} INFO - DAG(s) 'example_task_group' retrieved from /home/menglim/airflow_venv/lib/python3.12/site-packages/airflow/example_dags/example_task_group.py
[2025-07-18T09:04:08.826+0700] {logging_mixin.py:188} INFO - [2025-07-18T09:04:08.826+0700] {dag.py:3096} INFO - Sync 1 DAGs
[2025-07-18T09:04:08.836+0700] {logging_mixin.py:188} INFO - [2025-07-18T09:04:08.836+0700] {dag.py:3954} INFO - Setting next_dagrun for example_task_group to 2025-07-17 00:00:00+00:00, run_after=2025-07-18 00:00:00+00:00
[2025-07-18T09:04:08.858+0700] {processor.py:183} INFO - Processing /home/menglim/airflow_venv/lib/python3.12/site-packages/airflow/example_dags/example_task_group.py took 0.051 seconds
[2025-07-18T09:05:04.849+0700] {processor.py:161} INFO - Started process (PID=3813) to work on /home/menglim/airflow_venv/lib/python3.12/site-packages/airflow/example_dags/example_task_group.py
[2025-07-18T09:05:04.852+0700] {processor.py:830} INFO - Processing file /home/menglim/airflow_venv/lib/python3.12/site-packages/airflow/example_dags/example_task_group.py for tasks to queue
[2025-07-18T09:05:04.855+0700] {logging_mixin.py:188} INFO - [2025-07-18T09:05:04.854+0700] {dagbag.py:545} INFO - Filling up the DagBag from /home/menglim/airflow_venv/lib/python3.12/site-packages/airflow/example_dags/example_task_group.py
[2025-07-18T09:05:04.866+0700] {processor.py:840} INFO - DAG(s) 'example_task_group' retrieved from /home/menglim/airflow_venv/lib/python3.12/site-packages/airflow/example_dags/example_task_group.py
[2025-07-18T09:05:04.897+0700] {logging_mixin.py:188} INFO - [2025-07-18T09:05:04.896+0700] {dag.py:3096} INFO - Sync 1 DAGs
[2025-07-18T09:05:04.923+0700] {logging_mixin.py:188} INFO - [2025-07-18T09:05:04.923+0700] {dag.py:3954} INFO - Setting next_dagrun for example_task_group to 2025-07-17 00:00:00+00:00, run_after=2025-07-18 00:00:00+00:00
[2025-07-18T09:05:04.963+0700] {processor.py:183} INFO - Processing /home/menglim/airflow_venv/lib/python3.12/site-packages/airflow/example_dags/example_task_group.py took 0.122 seconds
[2025-07-18T09:06:04.398+0700] {processor.py:161} INFO - Started process (PID=3908) to work on /home/menglim/airflow_venv/lib/python3.12/site-packages/airflow/example_dags/example_task_group.py
[2025-07-18T09:06:04.400+0700] {processor.py:830} INFO - Processing file /home/menglim/airflow_venv/lib/python3.12/site-packages/airflow/example_dags/example_task_group.py for tasks to queue
[2025-07-18T09:06:04.401+0700] {logging_mixin.py:188} INFO - [2025-07-18T09:06:04.401+0700] {dagbag.py:545} INFO - Filling up the DagBag from /home/menglim/airflow_venv/lib/python3.12/site-packages/airflow/example_dags/example_task_group.py
[2025-07-18T09:06:04.405+0700] {processor.py:840} INFO - DAG(s) 'example_task_group' retrieved from /home/menglim/airflow_venv/lib/python3.12/site-packages/airflow/example_dags/example_task_group.py
[2025-07-18T09:06:04.415+0700] {logging_mixin.py:188} INFO - [2025-07-18T09:06:04.415+0700] {dag.py:3096} INFO - Sync 1 DAGs
[2025-07-18T09:06:04.425+0700] {logging_mixin.py:188} INFO - [2025-07-18T09:06:04.425+0700] {dag.py:3954} INFO - Setting next_dagrun for example_task_group to 2025-07-17 00:00:00+00:00, run_after=2025-07-18 00:00:00+00:00
[2025-07-18T09:06:04.445+0700] {processor.py:183} INFO - Processing /home/menglim/airflow_venv/lib/python3.12/site-packages/airflow/example_dags/example_task_group.py took 0.051 seconds
[2025-07-18T09:06:58.819+0700] {processor.py:161} INFO - Started process (PID=4020) to work on /home/menglim/airflow_venv/lib/python3.12/site-packages/airflow/example_dags/example_task_group.py
[2025-07-18T09:06:58.822+0700] {processor.py:830} INFO - Processing file /home/menglim/airflow_venv/lib/python3.12/site-packages/airflow/example_dags/example_task_group.py for tasks to queue
[2025-07-18T09:06:58.822+0700] {logging_mixin.py:188} INFO - [2025-07-18T09:06:58.822+0700] {dagbag.py:545} INFO - Filling up the DagBag from /home/menglim/airflow_venv/lib/python3.12/site-packages/airflow/example_dags/example_task_group.py
[2025-07-18T09:06:58.827+0700] {processor.py:840} INFO - DAG(s) 'example_task_group' retrieved from /home/menglim/airflow_venv/lib/python3.12/site-packages/airflow/example_dags/example_task_group.py
[2025-07-18T09:06:58.844+0700] {logging_mixin.py:188} INFO - [2025-07-18T09:06:58.844+0700] {dag.py:3096} INFO - Sync 1 DAGs
[2025-07-18T09:06:58.855+0700] {logging_mixin.py:188} INFO - [2025-07-18T09:06:58.855+0700] {dag.py:3954} INFO - Setting next_dagrun for example_task_group to 2025-07-17 00:00:00+00:00, run_after=2025-07-18 00:00:00+00:00
[2025-07-18T09:06:58.875+0700] {processor.py:183} INFO - Processing /home/menglim/airflow_venv/lib/python3.12/site-packages/airflow/example_dags/example_task_group.py took 0.062 seconds
[2025-07-18T09:07:59.533+0700] {processor.py:161} INFO - Started process (PID=4130) to work on /home/menglim/airflow_venv/lib/python3.12/site-packages/airflow/example_dags/example_task_group.py
[2025-07-18T09:07:59.536+0700] {processor.py:830} INFO - Processing file /home/menglim/airflow_venv/lib/python3.12/site-packages/airflow/example_dags/example_task_group.py for tasks to queue
[2025-07-18T09:07:59.537+0700] {logging_mixin.py:188} INFO - [2025-07-18T09:07:59.537+0700] {dagbag.py:545} INFO - Filling up the DagBag from /home/menglim/airflow_venv/lib/python3.12/site-packages/airflow/example_dags/example_task_group.py
[2025-07-18T09:07:59.546+0700] {processor.py:840} INFO - DAG(s) 'example_task_group' retrieved from /home/menglim/airflow_venv/lib/python3.12/site-packages/airflow/example_dags/example_task_group.py
[2025-07-18T09:07:59.566+0700] {logging_mixin.py:188} INFO - [2025-07-18T09:07:59.565+0700] {dag.py:3096} INFO - Sync 1 DAGs
[2025-07-18T09:07:59.590+0700] {logging_mixin.py:188} INFO - [2025-07-18T09:07:59.590+0700] {dag.py:3954} INFO - Setting next_dagrun for example_task_group to 2025-07-17 00:00:00+00:00, run_after=2025-07-18 00:00:00+00:00
[2025-07-18T09:07:59.626+0700] {processor.py:183} INFO - Processing /home/menglim/airflow_venv/lib/python3.12/site-packages/airflow/example_dags/example_task_group.py took 0.101 seconds
[2025-07-18T09:08:57.172+0700] {processor.py:161} INFO - Started process (PID=4235) to work on /home/menglim/airflow_venv/lib/python3.12/site-packages/airflow/example_dags/example_task_group.py
[2025-07-18T09:08:57.175+0700] {processor.py:830} INFO - Processing file /home/menglim/airflow_venv/lib/python3.12/site-packages/airflow/example_dags/example_task_group.py for tasks to queue
[2025-07-18T09:08:57.176+0700] {logging_mixin.py:188} INFO - [2025-07-18T09:08:57.175+0700] {dagbag.py:545} INFO - Filling up the DagBag from /home/menglim/airflow_venv/lib/python3.12/site-packages/airflow/example_dags/example_task_group.py
[2025-07-18T09:08:57.180+0700] {processor.py:840} INFO - DAG(s) 'example_task_group' retrieved from /home/menglim/airflow_venv/lib/python3.12/site-packages/airflow/example_dags/example_task_group.py
[2025-07-18T09:08:57.189+0700] {logging_mixin.py:188} INFO - [2025-07-18T09:08:57.189+0700] {dag.py:3096} INFO - Sync 1 DAGs
[2025-07-18T09:08:57.202+0700] {logging_mixin.py:188} INFO - [2025-07-18T09:08:57.201+0700] {dag.py:3954} INFO - Setting next_dagrun for example_task_group to 2025-07-17 00:00:00+00:00, run_after=2025-07-18 00:00:00+00:00
[2025-07-18T09:08:57.223+0700] {processor.py:183} INFO - Processing /home/menglim/airflow_venv/lib/python3.12/site-packages/airflow/example_dags/example_task_group.py took 0.055 seconds
[2025-07-18T09:09:45.495+0700] {processor.py:161} INFO - Started process (PID=4329) to work on /home/menglim/airflow_venv/lib/python3.12/site-packages/airflow/example_dags/example_task_group.py
[2025-07-18T09:09:45.497+0700] {processor.py:830} INFO - Processing file /home/menglim/airflow_venv/lib/python3.12/site-packages/airflow/example_dags/example_task_group.py for tasks to queue
[2025-07-18T09:09:45.498+0700] {logging_mixin.py:188} INFO - [2025-07-18T09:09:45.498+0700] {dagbag.py:545} INFO - Filling up the DagBag from /home/menglim/airflow_venv/lib/python3.12/site-packages/airflow/example_dags/example_task_group.py
[2025-07-18T09:09:45.502+0700] {processor.py:840} INFO - DAG(s) 'example_task_group' retrieved from /home/menglim/airflow_venv/lib/python3.12/site-packages/airflow/example_dags/example_task_group.py
[2025-07-18T09:09:45.511+0700] {logging_mixin.py:188} INFO - [2025-07-18T09:09:45.511+0700] {dag.py:3096} INFO - Sync 1 DAGs
[2025-07-18T09:09:45.521+0700] {logging_mixin.py:188} INFO - [2025-07-18T09:09:45.521+0700] {dag.py:3954} INFO - Setting next_dagrun for example_task_group to 2025-07-17 00:00:00+00:00, run_after=2025-07-18 00:00:00+00:00
[2025-07-18T09:09:45.542+0700] {processor.py:183} INFO - Processing /home/menglim/airflow_venv/lib/python3.12/site-packages/airflow/example_dags/example_task_group.py took 0.050 seconds
[2025-07-18T09:10:36.449+0700] {processor.py:161} INFO - Started process (PID=4418) to work on /home/menglim/airflow_venv/lib/python3.12/site-packages/airflow/example_dags/example_task_group.py
[2025-07-18T09:10:36.451+0700] {processor.py:830} INFO - Processing file /home/menglim/airflow_venv/lib/python3.12/site-packages/airflow/example_dags/example_task_group.py for tasks to queue
[2025-07-18T09:10:36.452+0700] {logging_mixin.py:188} INFO - [2025-07-18T09:10:36.452+0700] {dagbag.py:545} INFO - Filling up the DagBag from /home/menglim/airflow_venv/lib/python3.12/site-packages/airflow/example_dags/example_task_group.py
[2025-07-18T09:10:36.457+0700] {processor.py:840} INFO - DAG(s) 'example_task_group' retrieved from /home/menglim/airflow_venv/lib/python3.12/site-packages/airflow/example_dags/example_task_group.py
[2025-07-18T09:10:36.467+0700] {logging_mixin.py:188} INFO - [2025-07-18T09:10:36.467+0700] {dag.py:3096} INFO - Sync 1 DAGs
[2025-07-18T09:10:36.478+0700] {logging_mixin.py:188} INFO - [2025-07-18T09:10:36.478+0700] {dag.py:3954} INFO - Setting next_dagrun for example_task_group to 2025-07-17 00:00:00+00:00, run_after=2025-07-18 00:00:00+00:00
[2025-07-18T09:10:36.502+0700] {processor.py:183} INFO - Processing /home/menglim/airflow_venv/lib/python3.12/site-packages/airflow/example_dags/example_task_group.py took 0.057 seconds
[2025-07-18T09:11:43.045+0700] {processor.py:161} INFO - Started process (PID=4575) to work on /home/menglim/airflow_venv/lib/python3.12/site-packages/airflow/example_dags/example_task_group.py
[2025-07-18T09:11:43.046+0700] {processor.py:830} INFO - Processing file /home/menglim/airflow_venv/lib/python3.12/site-packages/airflow/example_dags/example_task_group.py for tasks to queue
[2025-07-18T09:11:43.046+0700] {logging_mixin.py:188} INFO - [2025-07-18T09:11:43.046+0700] {dagbag.py:545} INFO - Filling up the DagBag from /home/menglim/airflow_venv/lib/python3.12/site-packages/airflow/example_dags/example_task_group.py
[2025-07-18T09:11:43.051+0700] {processor.py:840} INFO - DAG(s) 'example_task_group' retrieved from /home/menglim/airflow_venv/lib/python3.12/site-packages/airflow/example_dags/example_task_group.py
[2025-07-18T09:11:43.061+0700] {logging_mixin.py:188} INFO - [2025-07-18T09:11:43.061+0700] {dag.py:3096} INFO - Sync 1 DAGs
[2025-07-18T09:11:43.071+0700] {logging_mixin.py:188} INFO - [2025-07-18T09:11:43.071+0700] {dag.py:3954} INFO - Setting next_dagrun for example_task_group to 2025-07-17 00:00:00+00:00, run_after=2025-07-18 00:00:00+00:00
[2025-07-18T09:11:43.092+0700] {processor.py:183} INFO - Processing /home/menglim/airflow_venv/lib/python3.12/site-packages/airflow/example_dags/example_task_group.py took 0.050 seconds
[2025-07-18T09:12:38.023+0700] {processor.py:161} INFO - Started process (PID=4658) to work on /home/menglim/airflow_venv/lib/python3.12/site-packages/airflow/example_dags/example_task_group.py
[2025-07-18T09:12:38.026+0700] {processor.py:830} INFO - Processing file /home/menglim/airflow_venv/lib/python3.12/site-packages/airflow/example_dags/example_task_group.py for tasks to queue
[2025-07-18T09:12:38.026+0700] {logging_mixin.py:188} INFO - [2025-07-18T09:12:38.026+0700] {dagbag.py:545} INFO - Filling up the DagBag from /home/menglim/airflow_venv/lib/python3.12/site-packages/airflow/example_dags/example_task_group.py
[2025-07-18T09:12:38.031+0700] {processor.py:840} INFO - DAG(s) 'example_task_group' retrieved from /home/menglim/airflow_venv/lib/python3.12/site-packages/airflow/example_dags/example_task_group.py
[2025-07-18T09:12:38.040+0700] {logging_mixin.py:188} INFO - [2025-07-18T09:12:38.040+0700] {dag.py:3096} INFO - Sync 1 DAGs
[2025-07-18T09:12:38.050+0700] {logging_mixin.py:188} INFO - [2025-07-18T09:12:38.050+0700] {dag.py:3954} INFO - Setting next_dagrun for example_task_group to 2025-07-17 00:00:00+00:00, run_after=2025-07-18 00:00:00+00:00
[2025-07-18T09:12:38.071+0700] {processor.py:183} INFO - Processing /home/menglim/airflow_venv/lib/python3.12/site-packages/airflow/example_dags/example_task_group.py took 0.050 seconds
[2025-07-18T09:13:36.672+0700] {processor.py:161} INFO - Started process (PID=5225) to work on /home/menglim/airflow_venv/lib/python3.12/site-packages/airflow/example_dags/example_task_group.py
[2025-07-18T09:13:36.675+0700] {processor.py:830} INFO - Processing file /home/menglim/airflow_venv/lib/python3.12/site-packages/airflow/example_dags/example_task_group.py for tasks to queue
[2025-07-18T09:13:36.675+0700] {logging_mixin.py:188} INFO - [2025-07-18T09:13:36.675+0700] {dagbag.py:545} INFO - Filling up the DagBag from /home/menglim/airflow_venv/lib/python3.12/site-packages/airflow/example_dags/example_task_group.py
[2025-07-18T09:13:36.680+0700] {processor.py:840} INFO - DAG(s) 'example_task_group' retrieved from /home/menglim/airflow_venv/lib/python3.12/site-packages/airflow/example_dags/example_task_group.py
[2025-07-18T09:13:36.692+0700] {logging_mixin.py:188} INFO - [2025-07-18T09:13:36.692+0700] {dag.py:3096} INFO - Sync 1 DAGs
[2025-07-18T09:13:36.701+0700] {logging_mixin.py:188} INFO - [2025-07-18T09:13:36.701+0700] {dag.py:3954} INFO - Setting next_dagrun for example_task_group to 2025-07-17 00:00:00+00:00, run_after=2025-07-18 00:00:00+00:00
[2025-07-18T09:13:36.723+0700] {processor.py:183} INFO - Processing /home/menglim/airflow_venv/lib/python3.12/site-packages/airflow/example_dags/example_task_group.py took 0.053 seconds
[2025-07-18T09:14:41.024+0700] {processor.py:161} INFO - Started process (PID=5385) to work on /home/menglim/airflow_venv/lib/python3.12/site-packages/airflow/example_dags/example_task_group.py
[2025-07-18T09:14:41.026+0700] {processor.py:830} INFO - Processing file /home/menglim/airflow_venv/lib/python3.12/site-packages/airflow/example_dags/example_task_group.py for tasks to queue
[2025-07-18T09:14:41.026+0700] {logging_mixin.py:188} INFO - [2025-07-18T09:14:41.026+0700] {dagbag.py:545} INFO - Filling up the DagBag from /home/menglim/airflow_venv/lib/python3.12/site-packages/airflow/example_dags/example_task_group.py
[2025-07-18T09:14:41.031+0700] {processor.py:840} INFO - DAG(s) 'example_task_group' retrieved from /home/menglim/airflow_venv/lib/python3.12/site-packages/airflow/example_dags/example_task_group.py
[2025-07-18T09:14:41.041+0700] {logging_mixin.py:188} INFO - [2025-07-18T09:14:41.041+0700] {dag.py:3096} INFO - Sync 1 DAGs
[2025-07-18T09:14:41.052+0700] {logging_mixin.py:188} INFO - [2025-07-18T09:14:41.052+0700] {dag.py:3954} INFO - Setting next_dagrun for example_task_group to 2025-07-17 00:00:00+00:00, run_after=2025-07-18 00:00:00+00:00
[2025-07-18T09:14:41.075+0700] {processor.py:183} INFO - Processing /home/menglim/airflow_venv/lib/python3.12/site-packages/airflow/example_dags/example_task_group.py took 0.055 seconds
[2025-07-18T09:15:41.126+0700] {processor.py:161} INFO - Started process (PID=5500) to work on /home/menglim/airflow_venv/lib/python3.12/site-packages/airflow/example_dags/example_task_group.py
[2025-07-18T09:15:41.129+0700] {processor.py:830} INFO - Processing file /home/menglim/airflow_venv/lib/python3.12/site-packages/airflow/example_dags/example_task_group.py for tasks to queue
[2025-07-18T09:15:41.130+0700] {logging_mixin.py:188} INFO - [2025-07-18T09:15:41.129+0700] {dagbag.py:545} INFO - Filling up the DagBag from /home/menglim/airflow_venv/lib/python3.12/site-packages/airflow/example_dags/example_task_group.py
[2025-07-18T09:15:41.134+0700] {processor.py:840} INFO - DAG(s) 'example_task_group' retrieved from /home/menglim/airflow_venv/lib/python3.12/site-packages/airflow/example_dags/example_task_group.py
[2025-07-18T09:15:41.144+0700] {logging_mixin.py:188} INFO - [2025-07-18T09:15:41.144+0700] {dag.py:3096} INFO - Sync 1 DAGs
[2025-07-18T09:15:41.155+0700] {logging_mixin.py:188} INFO - [2025-07-18T09:15:41.155+0700] {dag.py:3954} INFO - Setting next_dagrun for example_task_group to 2025-07-17 00:00:00+00:00, run_after=2025-07-18 00:00:00+00:00
[2025-07-18T09:15:41.176+0700] {processor.py:183} INFO - Processing /home/menglim/airflow_venv/lib/python3.12/site-packages/airflow/example_dags/example_task_group.py took 0.054 seconds
[2025-07-18T09:16:42.383+0700] {processor.py:161} INFO - Started process (PID=5605) to work on /home/menglim/airflow_venv/lib/python3.12/site-packages/airflow/example_dags/example_task_group.py
[2025-07-18T09:16:42.384+0700] {processor.py:830} INFO - Processing file /home/menglim/airflow_venv/lib/python3.12/site-packages/airflow/example_dags/example_task_group.py for tasks to queue
[2025-07-18T09:16:42.384+0700] {logging_mixin.py:188} INFO - [2025-07-18T09:16:42.384+0700] {dagbag.py:545} INFO - Filling up the DagBag from /home/menglim/airflow_venv/lib/python3.12/site-packages/airflow/example_dags/example_task_group.py
[2025-07-18T09:16:42.389+0700] {processor.py:840} INFO - DAG(s) 'example_task_group' retrieved from /home/menglim/airflow_venv/lib/python3.12/site-packages/airflow/example_dags/example_task_group.py
[2025-07-18T09:16:42.399+0700] {logging_mixin.py:188} INFO - [2025-07-18T09:16:42.399+0700] {dag.py:3096} INFO - Sync 1 DAGs
[2025-07-18T09:16:42.409+0700] {logging_mixin.py:188} INFO - [2025-07-18T09:16:42.409+0700] {dag.py:3954} INFO - Setting next_dagrun for example_task_group to 2025-07-17 00:00:00+00:00, run_after=2025-07-18 00:00:00+00:00
[2025-07-18T09:16:42.431+0700] {processor.py:183} INFO - Processing /home/menglim/airflow_venv/lib/python3.12/site-packages/airflow/example_dags/example_task_group.py took 0.053 seconds
[2025-07-18T09:18:05.014+0700] {processor.py:161} INFO - Started process (PID=5876) to work on /home/menglim/airflow_venv/lib/python3.12/site-packages/airflow/example_dags/example_task_group.py
[2025-07-18T09:18:05.016+0700] {processor.py:830} INFO - Processing file /home/menglim/airflow_venv/lib/python3.12/site-packages/airflow/example_dags/example_task_group.py for tasks to queue
[2025-07-18T09:18:05.016+0700] {logging_mixin.py:188} INFO - [2025-07-18T09:18:05.016+0700] {dagbag.py:545} INFO - Filling up the DagBag from /home/menglim/airflow_venv/lib/python3.12/site-packages/airflow/example_dags/example_task_group.py
[2025-07-18T09:18:05.021+0700] {processor.py:840} INFO - DAG(s) 'example_task_group' retrieved from /home/menglim/airflow_venv/lib/python3.12/site-packages/airflow/example_dags/example_task_group.py
[2025-07-18T09:18:05.031+0700] {logging_mixin.py:188} INFO - [2025-07-18T09:18:05.030+0700] {dag.py:3096} INFO - Sync 1 DAGs
[2025-07-18T09:18:05.040+0700] {logging_mixin.py:188} INFO - [2025-07-18T09:18:05.040+0700] {dag.py:3954} INFO - Setting next_dagrun for example_task_group to 2025-07-17 00:00:00+00:00, run_after=2025-07-18 00:00:00+00:00
[2025-07-18T09:18:05.064+0700] {processor.py:183} INFO - Processing /home/menglim/airflow_venv/lib/python3.12/site-packages/airflow/example_dags/example_task_group.py took 0.053 seconds
[2025-07-18T09:19:16.366+0700] {processor.py:161} INFO - Started process (PID=6034) to work on /home/menglim/airflow_venv/lib/python3.12/site-packages/airflow/example_dags/example_task_group.py
[2025-07-18T09:19:16.368+0700] {processor.py:830} INFO - Processing file /home/menglim/airflow_venv/lib/python3.12/site-packages/airflow/example_dags/example_task_group.py for tasks to queue
[2025-07-18T09:19:16.369+0700] {logging_mixin.py:188} INFO - [2025-07-18T09:19:16.369+0700] {dagbag.py:545} INFO - Filling up the DagBag from /home/menglim/airflow_venv/lib/python3.12/site-packages/airflow/example_dags/example_task_group.py
[2025-07-18T09:19:16.373+0700] {processor.py:840} INFO - DAG(s) 'example_task_group' retrieved from /home/menglim/airflow_venv/lib/python3.12/site-packages/airflow/example_dags/example_task_group.py
[2025-07-18T09:19:16.383+0700] {logging_mixin.py:188} INFO - [2025-07-18T09:19:16.383+0700] {dag.py:3096} INFO - Sync 1 DAGs
[2025-07-18T09:19:16.448+0700] {logging_mixin.py:188} INFO - [2025-07-18T09:19:16.448+0700] {dag.py:3954} INFO - Setting next_dagrun for example_task_group to 2025-07-17 00:00:00+00:00, run_after=2025-07-18 00:00:00+00:00
[2025-07-18T09:19:16.468+0700] {processor.py:183} INFO - Processing /home/menglim/airflow_venv/lib/python3.12/site-packages/airflow/example_dags/example_task_group.py took 0.105 seconds
[2025-07-18T09:20:19.623+0700] {processor.py:161} INFO - Started process (PID=6189) to work on /home/menglim/airflow_venv/lib/python3.12/site-packages/airflow/example_dags/example_task_group.py
[2025-07-18T09:20:19.625+0700] {processor.py:830} INFO - Processing file /home/menglim/airflow_venv/lib/python3.12/site-packages/airflow/example_dags/example_task_group.py for tasks to queue
[2025-07-18T09:20:19.625+0700] {logging_mixin.py:188} INFO - [2025-07-18T09:20:19.625+0700] {dagbag.py:545} INFO - Filling up the DagBag from /home/menglim/airflow_venv/lib/python3.12/site-packages/airflow/example_dags/example_task_group.py
[2025-07-18T09:20:19.630+0700] {processor.py:840} INFO - DAG(s) 'example_task_group' retrieved from /home/menglim/airflow_venv/lib/python3.12/site-packages/airflow/example_dags/example_task_group.py
[2025-07-18T09:20:19.639+0700] {logging_mixin.py:188} INFO - [2025-07-18T09:20:19.639+0700] {dag.py:3096} INFO - Sync 1 DAGs
[2025-07-18T09:20:19.702+0700] {logging_mixin.py:188} INFO - [2025-07-18T09:20:19.702+0700] {dag.py:3954} INFO - Setting next_dagrun for example_task_group to 2025-07-17 00:00:00+00:00, run_after=2025-07-18 00:00:00+00:00
[2025-07-18T09:20:19.721+0700] {processor.py:183} INFO - Processing /home/menglim/airflow_venv/lib/python3.12/site-packages/airflow/example_dags/example_task_group.py took 0.102 seconds
[2025-07-18T09:21:26.936+0700] {processor.py:161} INFO - Started process (PID=6389) to work on /home/menglim/airflow_venv/lib/python3.12/site-packages/airflow/example_dags/example_task_group.py
[2025-07-18T09:21:26.937+0700] {processor.py:830} INFO - Processing file /home/menglim/airflow_venv/lib/python3.12/site-packages/airflow/example_dags/example_task_group.py for tasks to queue
[2025-07-18T09:21:26.938+0700] {logging_mixin.py:188} INFO - [2025-07-18T09:21:26.937+0700] {dagbag.py:545} INFO - Filling up the DagBag from /home/menglim/airflow_venv/lib/python3.12/site-packages/airflow/example_dags/example_task_group.py
[2025-07-18T09:21:26.942+0700] {processor.py:840} INFO - DAG(s) 'example_task_group' retrieved from /home/menglim/airflow_venv/lib/python3.12/site-packages/airflow/example_dags/example_task_group.py
[2025-07-18T09:21:26.953+0700] {logging_mixin.py:188} INFO - [2025-07-18T09:21:26.953+0700] {dag.py:3096} INFO - Sync 1 DAGs
[2025-07-18T09:21:26.964+0700] {logging_mixin.py:188} INFO - [2025-07-18T09:21:26.964+0700] {dag.py:3954} INFO - Setting next_dagrun for example_task_group to 2025-07-17 00:00:00+00:00, run_after=2025-07-18 00:00:00+00:00
[2025-07-18T09:21:26.985+0700] {processor.py:183} INFO - Processing /home/menglim/airflow_venv/lib/python3.12/site-packages/airflow/example_dags/example_task_group.py took 0.052 seconds
[2025-07-18T09:22:50.173+0700] {processor.py:161} INFO - Started process (PID=6616) to work on /home/menglim/airflow_venv/lib/python3.12/site-packages/airflow/example_dags/example_task_group.py
[2025-07-18T09:22:50.176+0700] {processor.py:830} INFO - Processing file /home/menglim/airflow_venv/lib/python3.12/site-packages/airflow/example_dags/example_task_group.py for tasks to queue
[2025-07-18T09:22:50.176+0700] {logging_mixin.py:188} INFO - [2025-07-18T09:22:50.176+0700] {dagbag.py:545} INFO - Filling up the DagBag from /home/menglim/airflow_venv/lib/python3.12/site-packages/airflow/example_dags/example_task_group.py
[2025-07-18T09:22:50.181+0700] {processor.py:840} INFO - DAG(s) 'example_task_group' retrieved from /home/menglim/airflow_venv/lib/python3.12/site-packages/airflow/example_dags/example_task_group.py
[2025-07-18T09:22:50.191+0700] {logging_mixin.py:188} INFO - [2025-07-18T09:22:50.191+0700] {dag.py:3096} INFO - Sync 1 DAGs
[2025-07-18T09:22:50.201+0700] {logging_mixin.py:188} INFO - [2025-07-18T09:22:50.201+0700] {dag.py:3954} INFO - Setting next_dagrun for example_task_group to 2025-07-17 00:00:00+00:00, run_after=2025-07-18 00:00:00+00:00
[2025-07-18T09:22:50.223+0700] {processor.py:183} INFO - Processing /home/menglim/airflow_venv/lib/python3.12/site-packages/airflow/example_dags/example_task_group.py took 0.053 seconds
[2025-07-18T09:23:57.997+0700] {processor.py:161} INFO - Started process (PID=6781) to work on /home/menglim/airflow_venv/lib/python3.12/site-packages/airflow/example_dags/example_task_group.py
[2025-07-18T09:23:57.999+0700] {processor.py:830} INFO - Processing file /home/menglim/airflow_venv/lib/python3.12/site-packages/airflow/example_dags/example_task_group.py for tasks to queue
[2025-07-18T09:23:57.999+0700] {logging_mixin.py:188} INFO - [2025-07-18T09:23:57.999+0700] {dagbag.py:545} INFO - Filling up the DagBag from /home/menglim/airflow_venv/lib/python3.12/site-packages/airflow/example_dags/example_task_group.py
[2025-07-18T09:23:58.004+0700] {processor.py:840} INFO - DAG(s) 'example_task_group' retrieved from /home/menglim/airflow_venv/lib/python3.12/site-packages/airflow/example_dags/example_task_group.py
[2025-07-18T09:23:58.015+0700] {logging_mixin.py:188} INFO - [2025-07-18T09:23:58.015+0700] {dag.py:3096} INFO - Sync 1 DAGs
[2025-07-18T09:23:58.026+0700] {logging_mixin.py:188} INFO - [2025-07-18T09:23:58.026+0700] {dag.py:3954} INFO - Setting next_dagrun for example_task_group to 2025-07-17 00:00:00+00:00, run_after=2025-07-18 00:00:00+00:00
[2025-07-18T09:23:58.047+0700] {processor.py:183} INFO - Processing /home/menglim/airflow_venv/lib/python3.12/site-packages/airflow/example_dags/example_task_group.py took 0.053 seconds
[2025-07-18T09:25:08.586+0700] {processor.py:161} INFO - Started process (PID=6973) to work on /home/menglim/airflow_venv/lib/python3.12/site-packages/airflow/example_dags/example_task_group.py
[2025-07-18T09:25:08.589+0700] {processor.py:830} INFO - Processing file /home/menglim/airflow_venv/lib/python3.12/site-packages/airflow/example_dags/example_task_group.py for tasks to queue
[2025-07-18T09:25:08.590+0700] {logging_mixin.py:188} INFO - [2025-07-18T09:25:08.590+0700] {dagbag.py:545} INFO - Filling up the DagBag from /home/menglim/airflow_venv/lib/python3.12/site-packages/airflow/example_dags/example_task_group.py
[2025-07-18T09:25:08.595+0700] {processor.py:840} INFO - DAG(s) 'example_task_group' retrieved from /home/menglim/airflow_venv/lib/python3.12/site-packages/airflow/example_dags/example_task_group.py
[2025-07-18T09:25:08.605+0700] {logging_mixin.py:188} INFO - [2025-07-18T09:25:08.605+0700] {dag.py:3096} INFO - Sync 1 DAGs
[2025-07-18T09:25:08.616+0700] {logging_mixin.py:188} INFO - [2025-07-18T09:25:08.615+0700] {dag.py:3954} INFO - Setting next_dagrun for example_task_group to 2025-07-17 00:00:00+00:00, run_after=2025-07-18 00:00:00+00:00
[2025-07-18T09:25:08.636+0700] {processor.py:183} INFO - Processing /home/menglim/airflow_venv/lib/python3.12/site-packages/airflow/example_dags/example_task_group.py took 0.053 seconds
[2025-07-18T09:26:13.113+0700] {processor.py:161} INFO - Started process (PID=7147) to work on /home/menglim/airflow_venv/lib/python3.12/site-packages/airflow/example_dags/example_task_group.py
[2025-07-18T09:26:13.117+0700] {processor.py:830} INFO - Processing file /home/menglim/airflow_venv/lib/python3.12/site-packages/airflow/example_dags/example_task_group.py for tasks to queue
[2025-07-18T09:26:13.117+0700] {logging_mixin.py:188} INFO - [2025-07-18T09:26:13.117+0700] {dagbag.py:545} INFO - Filling up the DagBag from /home/menglim/airflow_venv/lib/python3.12/site-packages/airflow/example_dags/example_task_group.py
[2025-07-18T09:26:13.123+0700] {processor.py:840} INFO - DAG(s) 'example_task_group' retrieved from /home/menglim/airflow_venv/lib/python3.12/site-packages/airflow/example_dags/example_task_group.py
[2025-07-18T09:26:13.134+0700] {logging_mixin.py:188} INFO - [2025-07-18T09:26:13.133+0700] {dag.py:3096} INFO - Sync 1 DAGs
[2025-07-18T09:26:13.145+0700] {logging_mixin.py:188} INFO - [2025-07-18T09:26:13.145+0700] {dag.py:3954} INFO - Setting next_dagrun for example_task_group to 2025-07-17 00:00:00+00:00, run_after=2025-07-18 00:00:00+00:00
[2025-07-18T09:26:13.171+0700] {processor.py:183} INFO - Processing /home/menglim/airflow_venv/lib/python3.12/site-packages/airflow/example_dags/example_task_group.py took 0.061 seconds
[2025-07-18T09:27:15.677+0700] {processor.py:161} INFO - Started process (PID=7283) to work on /home/menglim/airflow_venv/lib/python3.12/site-packages/airflow/example_dags/example_task_group.py
[2025-07-18T09:27:15.679+0700] {processor.py:830} INFO - Processing file /home/menglim/airflow_venv/lib/python3.12/site-packages/airflow/example_dags/example_task_group.py for tasks to queue
[2025-07-18T09:27:15.680+0700] {logging_mixin.py:188} INFO - [2025-07-18T09:27:15.680+0700] {dagbag.py:545} INFO - Filling up the DagBag from /home/menglim/airflow_venv/lib/python3.12/site-packages/airflow/example_dags/example_task_group.py
[2025-07-18T09:27:15.685+0700] {processor.py:840} INFO - DAG(s) 'example_task_group' retrieved from /home/menglim/airflow_venv/lib/python3.12/site-packages/airflow/example_dags/example_task_group.py
[2025-07-18T09:27:15.696+0700] {logging_mixin.py:188} INFO - [2025-07-18T09:27:15.696+0700] {dag.py:3096} INFO - Sync 1 DAGs
[2025-07-18T09:27:15.707+0700] {logging_mixin.py:188} INFO - [2025-07-18T09:27:15.707+0700] {dag.py:3954} INFO - Setting next_dagrun for example_task_group to 2025-07-17 00:00:00+00:00, run_after=2025-07-18 00:00:00+00:00
[2025-07-18T09:27:15.727+0700] {processor.py:183} INFO - Processing /home/menglim/airflow_venv/lib/python3.12/site-packages/airflow/example_dags/example_task_group.py took 0.054 seconds
[2025-07-18T09:28:28.968+0700] {processor.py:161} INFO - Started process (PID=7391) to work on /home/menglim/airflow_venv/lib/python3.12/site-packages/airflow/example_dags/example_task_group.py
[2025-07-18T09:28:28.971+0700] {processor.py:830} INFO - Processing file /home/menglim/airflow_venv/lib/python3.12/site-packages/airflow/example_dags/example_task_group.py for tasks to queue
[2025-07-18T09:28:28.971+0700] {logging_mixin.py:188} INFO - [2025-07-18T09:28:28.971+0700] {dagbag.py:545} INFO - Filling up the DagBag from /home/menglim/airflow_venv/lib/python3.12/site-packages/airflow/example_dags/example_task_group.py
[2025-07-18T09:28:28.976+0700] {processor.py:840} INFO - DAG(s) 'example_task_group' retrieved from /home/menglim/airflow_venv/lib/python3.12/site-packages/airflow/example_dags/example_task_group.py
[2025-07-18T09:28:28.985+0700] {logging_mixin.py:188} INFO - [2025-07-18T09:28:28.985+0700] {dag.py:3096} INFO - Sync 1 DAGs
[2025-07-18T09:28:28.995+0700] {logging_mixin.py:188} INFO - [2025-07-18T09:28:28.995+0700] {dag.py:3954} INFO - Setting next_dagrun for example_task_group to 2025-07-17 00:00:00+00:00, run_after=2025-07-18 00:00:00+00:00
[2025-07-18T09:28:29.015+0700] {processor.py:183} INFO - Processing /home/menglim/airflow_venv/lib/python3.12/site-packages/airflow/example_dags/example_task_group.py took 0.051 seconds
[2025-07-18T09:29:22.358+0700] {processor.py:161} INFO - Started process (PID=7478) to work on /home/menglim/airflow_venv/lib/python3.12/site-packages/airflow/example_dags/example_task_group.py
[2025-07-18T09:29:22.361+0700] {processor.py:830} INFO - Processing file /home/menglim/airflow_venv/lib/python3.12/site-packages/airflow/example_dags/example_task_group.py for tasks to queue
[2025-07-18T09:29:22.362+0700] {logging_mixin.py:188} INFO - [2025-07-18T09:29:22.361+0700] {dagbag.py:545} INFO - Filling up the DagBag from /home/menglim/airflow_venv/lib/python3.12/site-packages/airflow/example_dags/example_task_group.py
[2025-07-18T09:29:22.366+0700] {processor.py:840} INFO - DAG(s) 'example_task_group' retrieved from /home/menglim/airflow_venv/lib/python3.12/site-packages/airflow/example_dags/example_task_group.py
[2025-07-18T09:29:22.376+0700] {logging_mixin.py:188} INFO - [2025-07-18T09:29:22.375+0700] {dag.py:3096} INFO - Sync 1 DAGs
[2025-07-18T09:29:22.385+0700] {logging_mixin.py:188} INFO - [2025-07-18T09:29:22.385+0700] {dag.py:3954} INFO - Setting next_dagrun for example_task_group to 2025-07-17 00:00:00+00:00, run_after=2025-07-18 00:00:00+00:00
[2025-07-18T09:29:22.405+0700] {processor.py:183} INFO - Processing /home/menglim/airflow_venv/lib/python3.12/site-packages/airflow/example_dags/example_task_group.py took 0.050 seconds
[2025-07-18T09:30:14.863+0700] {processor.py:161} INFO - Started process (PID=7575) to work on /home/menglim/airflow_venv/lib/python3.12/site-packages/airflow/example_dags/example_task_group.py
[2025-07-18T09:30:14.865+0700] {processor.py:830} INFO - Processing file /home/menglim/airflow_venv/lib/python3.12/site-packages/airflow/example_dags/example_task_group.py for tasks to queue
[2025-07-18T09:30:14.866+0700] {logging_mixin.py:188} INFO - [2025-07-18T09:30:14.866+0700] {dagbag.py:545} INFO - Filling up the DagBag from /home/menglim/airflow_venv/lib/python3.12/site-packages/airflow/example_dags/example_task_group.py
[2025-07-18T09:30:14.871+0700] {processor.py:840} INFO - DAG(s) 'example_task_group' retrieved from /home/menglim/airflow_venv/lib/python3.12/site-packages/airflow/example_dags/example_task_group.py
[2025-07-18T09:30:14.880+0700] {logging_mixin.py:188} INFO - [2025-07-18T09:30:14.880+0700] {dag.py:3096} INFO - Sync 1 DAGs
[2025-07-18T09:30:14.889+0700] {logging_mixin.py:188} INFO - [2025-07-18T09:30:14.889+0700] {dag.py:3954} INFO - Setting next_dagrun for example_task_group to 2025-07-17 00:00:00+00:00, run_after=2025-07-18 00:00:00+00:00
[2025-07-18T09:30:14.910+0700] {processor.py:183} INFO - Processing /home/menglim/airflow_venv/lib/python3.12/site-packages/airflow/example_dags/example_task_group.py took 0.051 seconds
[2025-07-18T09:31:20.053+0700] {processor.py:161} INFO - Started process (PID=7681) to work on /home/menglim/airflow_venv/lib/python3.12/site-packages/airflow/example_dags/example_task_group.py
[2025-07-18T09:31:20.056+0700] {processor.py:830} INFO - Processing file /home/menglim/airflow_venv/lib/python3.12/site-packages/airflow/example_dags/example_task_group.py for tasks to queue
[2025-07-18T09:31:20.057+0700] {logging_mixin.py:188} INFO - [2025-07-18T09:31:20.056+0700] {dagbag.py:545} INFO - Filling up the DagBag from /home/menglim/airflow_venv/lib/python3.12/site-packages/airflow/example_dags/example_task_group.py
[2025-07-18T09:31:20.062+0700] {processor.py:840} INFO - DAG(s) 'example_task_group' retrieved from /home/menglim/airflow_venv/lib/python3.12/site-packages/airflow/example_dags/example_task_group.py
[2025-07-18T09:31:20.071+0700] {logging_mixin.py:188} INFO - [2025-07-18T09:31:20.071+0700] {dag.py:3096} INFO - Sync 1 DAGs
[2025-07-18T09:31:20.081+0700] {logging_mixin.py:188} INFO - [2025-07-18T09:31:20.081+0700] {dag.py:3954} INFO - Setting next_dagrun for example_task_group to 2025-07-17 00:00:00+00:00, run_after=2025-07-18 00:00:00+00:00
[2025-07-18T09:31:20.102+0700] {processor.py:183} INFO - Processing /home/menglim/airflow_venv/lib/python3.12/site-packages/airflow/example_dags/example_task_group.py took 0.053 seconds
[2025-07-18T09:32:09.013+0700] {processor.py:161} INFO - Started process (PID=7761) to work on /home/menglim/airflow_venv/lib/python3.12/site-packages/airflow/example_dags/example_task_group.py
[2025-07-18T09:32:09.015+0700] {processor.py:830} INFO - Processing file /home/menglim/airflow_venv/lib/python3.12/site-packages/airflow/example_dags/example_task_group.py for tasks to queue
[2025-07-18T09:32:09.016+0700] {logging_mixin.py:188} INFO - [2025-07-18T09:32:09.016+0700] {dagbag.py:545} INFO - Filling up the DagBag from /home/menglim/airflow_venv/lib/python3.12/site-packages/airflow/example_dags/example_task_group.py
[2025-07-18T09:32:09.020+0700] {processor.py:840} INFO - DAG(s) 'example_task_group' retrieved from /home/menglim/airflow_venv/lib/python3.12/site-packages/airflow/example_dags/example_task_group.py
[2025-07-18T09:32:09.029+0700] {logging_mixin.py:188} INFO - [2025-07-18T09:32:09.029+0700] {dag.py:3096} INFO - Sync 1 DAGs
[2025-07-18T09:32:09.039+0700] {logging_mixin.py:188} INFO - [2025-07-18T09:32:09.039+0700] {dag.py:3954} INFO - Setting next_dagrun for example_task_group to 2025-07-17 00:00:00+00:00, run_after=2025-07-18 00:00:00+00:00
[2025-07-18T09:32:09.060+0700] {processor.py:183} INFO - Processing /home/menglim/airflow_venv/lib/python3.12/site-packages/airflow/example_dags/example_task_group.py took 0.051 seconds
[2025-07-18T09:33:02.638+0700] {processor.py:161} INFO - Started process (PID=7842) to work on /home/menglim/airflow_venv/lib/python3.12/site-packages/airflow/example_dags/example_task_group.py
[2025-07-18T09:33:02.641+0700] {processor.py:830} INFO - Processing file /home/menglim/airflow_venv/lib/python3.12/site-packages/airflow/example_dags/example_task_group.py for tasks to queue
[2025-07-18T09:33:02.642+0700] {logging_mixin.py:188} INFO - [2025-07-18T09:33:02.641+0700] {dagbag.py:545} INFO - Filling up the DagBag from /home/menglim/airflow_venv/lib/python3.12/site-packages/airflow/example_dags/example_task_group.py
[2025-07-18T09:33:02.646+0700] {processor.py:840} INFO - DAG(s) 'example_task_group' retrieved from /home/menglim/airflow_venv/lib/python3.12/site-packages/airflow/example_dags/example_task_group.py
[2025-07-18T09:33:02.655+0700] {logging_mixin.py:188} INFO - [2025-07-18T09:33:02.655+0700] {dag.py:3096} INFO - Sync 1 DAGs
[2025-07-18T09:33:02.665+0700] {logging_mixin.py:188} INFO - [2025-07-18T09:33:02.664+0700] {dag.py:3954} INFO - Setting next_dagrun for example_task_group to 2025-07-17 00:00:00+00:00, run_after=2025-07-18 00:00:00+00:00
[2025-07-18T09:33:02.691+0700] {processor.py:183} INFO - Processing /home/menglim/airflow_venv/lib/python3.12/site-packages/airflow/example_dags/example_task_group.py took 0.056 seconds
[2025-07-18T09:33:50.144+0700] {processor.py:161} INFO - Started process (PID=7919) to work on /home/menglim/airflow_venv/lib/python3.12/site-packages/airflow/example_dags/example_task_group.py
[2025-07-18T09:33:50.146+0700] {processor.py:830} INFO - Processing file /home/menglim/airflow_venv/lib/python3.12/site-packages/airflow/example_dags/example_task_group.py for tasks to queue
[2025-07-18T09:33:50.146+0700] {logging_mixin.py:188} INFO - [2025-07-18T09:33:50.146+0700] {dagbag.py:545} INFO - Filling up the DagBag from /home/menglim/airflow_venv/lib/python3.12/site-packages/airflow/example_dags/example_task_group.py
[2025-07-18T09:33:50.151+0700] {processor.py:840} INFO - DAG(s) 'example_task_group' retrieved from /home/menglim/airflow_venv/lib/python3.12/site-packages/airflow/example_dags/example_task_group.py
[2025-07-18T09:33:50.160+0700] {logging_mixin.py:188} INFO - [2025-07-18T09:33:50.160+0700] {dag.py:3096} INFO - Sync 1 DAGs
[2025-07-18T09:33:50.170+0700] {logging_mixin.py:188} INFO - [2025-07-18T09:33:50.170+0700] {dag.py:3954} INFO - Setting next_dagrun for example_task_group to 2025-07-17 00:00:00+00:00, run_after=2025-07-18 00:00:00+00:00
[2025-07-18T09:33:50.192+0700] {processor.py:183} INFO - Processing /home/menglim/airflow_venv/lib/python3.12/site-packages/airflow/example_dags/example_task_group.py took 0.051 seconds
[2025-07-18T09:34:45.544+0700] {processor.py:161} INFO - Started process (PID=8075) to work on /home/menglim/airflow_venv/lib/python3.12/site-packages/airflow/example_dags/example_task_group.py
[2025-07-18T09:34:45.547+0700] {processor.py:830} INFO - Processing file /home/menglim/airflow_venv/lib/python3.12/site-packages/airflow/example_dags/example_task_group.py for tasks to queue
[2025-07-18T09:34:45.547+0700] {logging_mixin.py:188} INFO - [2025-07-18T09:34:45.547+0700] {dagbag.py:545} INFO - Filling up the DagBag from /home/menglim/airflow_venv/lib/python3.12/site-packages/airflow/example_dags/example_task_group.py
[2025-07-18T09:34:45.552+0700] {processor.py:840} INFO - DAG(s) 'example_task_group' retrieved from /home/menglim/airflow_venv/lib/python3.12/site-packages/airflow/example_dags/example_task_group.py
[2025-07-18T09:34:45.565+0700] {logging_mixin.py:188} INFO - [2025-07-18T09:34:45.565+0700] {dag.py:3096} INFO - Sync 1 DAGs
[2025-07-18T09:34:45.575+0700] {logging_mixin.py:188} INFO - [2025-07-18T09:34:45.575+0700] {dag.py:3954} INFO - Setting next_dagrun for example_task_group to 2025-07-17 00:00:00+00:00, run_after=2025-07-18 00:00:00+00:00
[2025-07-18T09:34:45.595+0700] {processor.py:183} INFO - Processing /home/menglim/airflow_venv/lib/python3.12/site-packages/airflow/example_dags/example_task_group.py took 0.055 seconds
[2025-07-18T09:35:33.548+0700] {processor.py:161} INFO - Started process (PID=8166) to work on /home/menglim/airflow_venv/lib/python3.12/site-packages/airflow/example_dags/example_task_group.py
[2025-07-18T09:35:33.551+0700] {processor.py:830} INFO - Processing file /home/menglim/airflow_venv/lib/python3.12/site-packages/airflow/example_dags/example_task_group.py for tasks to queue
[2025-07-18T09:35:33.551+0700] {logging_mixin.py:188} INFO - [2025-07-18T09:35:33.551+0700] {dagbag.py:545} INFO - Filling up the DagBag from /home/menglim/airflow_venv/lib/python3.12/site-packages/airflow/example_dags/example_task_group.py
[2025-07-18T09:35:33.559+0700] {processor.py:840} INFO - DAG(s) 'example_task_group' retrieved from /home/menglim/airflow_venv/lib/python3.12/site-packages/airflow/example_dags/example_task_group.py
[2025-07-18T09:35:33.585+0700] {logging_mixin.py:188} INFO - [2025-07-18T09:35:33.584+0700] {dag.py:3096} INFO - Sync 1 DAGs
[2025-07-18T09:35:33.615+0700] {logging_mixin.py:188} INFO - [2025-07-18T09:35:33.614+0700] {dag.py:3954} INFO - Setting next_dagrun for example_task_group to 2025-07-17 00:00:00+00:00, run_after=2025-07-18 00:00:00+00:00
[2025-07-18T09:35:33.654+0700] {processor.py:183} INFO - Processing /home/menglim/airflow_venv/lib/python3.12/site-packages/airflow/example_dags/example_task_group.py took 0.118 seconds
[2025-07-18T09:36:26.593+0700] {processor.py:161} INFO - Started process (PID=8248) to work on /home/menglim/airflow_venv/lib/python3.12/site-packages/airflow/example_dags/example_task_group.py
[2025-07-18T09:36:26.595+0700] {processor.py:830} INFO - Processing file /home/menglim/airflow_venv/lib/python3.12/site-packages/airflow/example_dags/example_task_group.py for tasks to queue
[2025-07-18T09:36:26.596+0700] {logging_mixin.py:188} INFO - [2025-07-18T09:36:26.595+0700] {dagbag.py:545} INFO - Filling up the DagBag from /home/menglim/airflow_venv/lib/python3.12/site-packages/airflow/example_dags/example_task_group.py
[2025-07-18T09:36:26.601+0700] {processor.py:840} INFO - DAG(s) 'example_task_group' retrieved from /home/menglim/airflow_venv/lib/python3.12/site-packages/airflow/example_dags/example_task_group.py
[2025-07-18T09:36:26.611+0700] {logging_mixin.py:188} INFO - [2025-07-18T09:36:26.611+0700] {dag.py:3096} INFO - Sync 1 DAGs
[2025-07-18T09:36:26.622+0700] {logging_mixin.py:188} INFO - [2025-07-18T09:36:26.622+0700] {dag.py:3954} INFO - Setting next_dagrun for example_task_group to 2025-07-17 00:00:00+00:00, run_after=2025-07-18 00:00:00+00:00
[2025-07-18T09:36:26.649+0700] {processor.py:183} INFO - Processing /home/menglim/airflow_venv/lib/python3.12/site-packages/airflow/example_dags/example_task_group.py took 0.060 seconds
[2025-07-18T09:37:33.215+0700] {processor.py:161} INFO - Started process (PID=8347) to work on /home/menglim/airflow_venv/lib/python3.12/site-packages/airflow/example_dags/example_task_group.py
[2025-07-18T09:37:33.218+0700] {processor.py:830} INFO - Processing file /home/menglim/airflow_venv/lib/python3.12/site-packages/airflow/example_dags/example_task_group.py for tasks to queue
[2025-07-18T09:37:33.220+0700] {logging_mixin.py:188} INFO - [2025-07-18T09:37:33.219+0700] {dagbag.py:545} INFO - Filling up the DagBag from /home/menglim/airflow_venv/lib/python3.12/site-packages/airflow/example_dags/example_task_group.py
[2025-07-18T09:37:33.232+0700] {processor.py:840} INFO - DAG(s) 'example_task_group' retrieved from /home/menglim/airflow_venv/lib/python3.12/site-packages/airflow/example_dags/example_task_group.py
[2025-07-18T09:37:33.257+0700] {logging_mixin.py:188} INFO - [2025-07-18T09:37:33.256+0700] {dag.py:3096} INFO - Sync 1 DAGs
[2025-07-18T09:37:33.285+0700] {logging_mixin.py:188} INFO - [2025-07-18T09:37:33.285+0700] {dag.py:3954} INFO - Setting next_dagrun for example_task_group to 2025-07-17 00:00:00+00:00, run_after=2025-07-18 00:00:00+00:00
[2025-07-18T09:37:33.338+0700] {processor.py:183} INFO - Processing /home/menglim/airflow_venv/lib/python3.12/site-packages/airflow/example_dags/example_task_group.py took 0.132 seconds
