[2025-07-18T08:59:56.466+0700] {processor.py:161} INFO - Started process (PID=2969) to work on /home/menglim/airflow_venv/lib/python3.12/site-packages/airflow/example_dags/example_sensor_decorator.py
[2025-07-18T08:59:56.466+0700] {processor.py:830} INFO - Processing file /home/menglim/airflow_venv/lib/python3.12/site-packages/airflow/example_dags/example_sensor_decorator.py for tasks to queue
[2025-07-18T08:59:56.467+0700] {logging_mixin.py:188} INFO - [2025-07-18T08:59:56.467+0700] {dagbag.py:545} INFO - Filling up the DagBag from /home/menglim/airflow_venv/lib/python3.12/site-packages/airflow/example_dags/example_sensor_decorator.py
[2025-07-18T08:59:56.472+0700] {processor.py:840} INFO - DAG(s) 'example_sensor_decorator' retrieved from /home/menglim/airflow_venv/lib/python3.12/site-packages/airflow/example_dags/example_sensor_decorator.py
[2025-07-18T08:59:56.476+0700] {logging_mixin.py:188} INFO - [2025-07-18T08:59:56.476+0700] {dag.py:3096} INFO - Sync 1 DAGs
[2025-07-18T08:59:56.483+0700] {logging_mixin.py:188} INFO - [2025-07-18T08:59:56.483+0700] {dag.py:3954} INFO - Setting next_dagrun for example_sensor_decorator to None, run_after=None
[2025-07-18T08:59:56.503+0700] {processor.py:183} INFO - Processing /home/menglim/airflow_venv/lib/python3.12/site-packages/airflow/example_dags/example_sensor_decorator.py took 0.040 seconds
[2025-07-18T09:00:53.237+0700] {processor.py:161} INFO - Started process (PID=3305) to work on /home/menglim/airflow_venv/lib/python3.12/site-packages/airflow/example_dags/example_sensor_decorator.py
[2025-07-18T09:00:53.238+0700] {processor.py:830} INFO - Processing file /home/menglim/airflow_venv/lib/python3.12/site-packages/airflow/example_dags/example_sensor_decorator.py for tasks to queue
[2025-07-18T09:00:53.239+0700] {logging_mixin.py:188} INFO - [2025-07-18T09:00:53.239+0700] {dagbag.py:545} INFO - Filling up the DagBag from /home/menglim/airflow_venv/lib/python3.12/site-packages/airflow/example_dags/example_sensor_decorator.py
[2025-07-18T09:00:53.243+0700] {processor.py:840} INFO - DAG(s) 'example_sensor_decorator' retrieved from /home/menglim/airflow_venv/lib/python3.12/site-packages/airflow/example_dags/example_sensor_decorator.py
[2025-07-18T09:00:53.290+0700] {logging_mixin.py:188} INFO - [2025-07-18T09:00:53.289+0700] {dag.py:3096} INFO - Sync 1 DAGs
[2025-07-18T09:00:53.295+0700] {logging_mixin.py:188} INFO - [2025-07-18T09:00:53.295+0700] {dag.py:3954} INFO - Setting next_dagrun for example_sensor_decorator to None, run_after=None
[2025-07-18T09:00:53.317+0700] {processor.py:183} INFO - Processing /home/menglim/airflow_venv/lib/python3.12/site-packages/airflow/example_dags/example_sensor_decorator.py took 0.082 seconds
[2025-07-18T09:01:41.807+0700] {processor.py:161} INFO - Started process (PID=3385) to work on /home/menglim/airflow_venv/lib/python3.12/site-packages/airflow/example_dags/example_sensor_decorator.py
[2025-07-18T09:01:41.810+0700] {processor.py:830} INFO - Processing file /home/menglim/airflow_venv/lib/python3.12/site-packages/airflow/example_dags/example_sensor_decorator.py for tasks to queue
[2025-07-18T09:01:41.811+0700] {logging_mixin.py:188} INFO - [2025-07-18T09:01:41.810+0700] {dagbag.py:545} INFO - Filling up the DagBag from /home/menglim/airflow_venv/lib/python3.12/site-packages/airflow/example_dags/example_sensor_decorator.py
[2025-07-18T09:01:41.814+0700] {processor.py:840} INFO - DAG(s) 'example_sensor_decorator' retrieved from /home/menglim/airflow_venv/lib/python3.12/site-packages/airflow/example_dags/example_sensor_decorator.py
[2025-07-18T09:01:41.826+0700] {logging_mixin.py:188} INFO - [2025-07-18T09:01:41.825+0700] {dag.py:3096} INFO - Sync 1 DAGs
[2025-07-18T09:01:41.832+0700] {logging_mixin.py:188} INFO - [2025-07-18T09:01:41.832+0700] {dag.py:3954} INFO - Setting next_dagrun for example_sensor_decorator to None, run_after=None
[2025-07-18T09:01:41.852+0700] {processor.py:183} INFO - Processing /home/menglim/airflow_venv/lib/python3.12/site-packages/airflow/example_dags/example_sensor_decorator.py took 0.049 seconds
[2025-07-18T09:02:46.761+0700] {processor.py:161} INFO - Started process (PID=3579) to work on /home/menglim/airflow_venv/lib/python3.12/site-packages/airflow/example_dags/example_sensor_decorator.py
[2025-07-18T09:02:46.763+0700] {processor.py:830} INFO - Processing file /home/menglim/airflow_venv/lib/python3.12/site-packages/airflow/example_dags/example_sensor_decorator.py for tasks to queue
[2025-07-18T09:02:46.764+0700] {logging_mixin.py:188} INFO - [2025-07-18T09:02:46.764+0700] {dagbag.py:545} INFO - Filling up the DagBag from /home/menglim/airflow_venv/lib/python3.12/site-packages/airflow/example_dags/example_sensor_decorator.py
[2025-07-18T09:02:46.768+0700] {processor.py:840} INFO - DAG(s) 'example_sensor_decorator' retrieved from /home/menglim/airflow_venv/lib/python3.12/site-packages/airflow/example_dags/example_sensor_decorator.py
[2025-07-18T09:02:46.777+0700] {logging_mixin.py:188} INFO - [2025-07-18T09:02:46.777+0700] {dag.py:3096} INFO - Sync 1 DAGs
[2025-07-18T09:02:46.784+0700] {logging_mixin.py:188} INFO - [2025-07-18T09:02:46.784+0700] {dag.py:3954} INFO - Setting next_dagrun for example_sensor_decorator to None, run_after=None
[2025-07-18T09:02:46.803+0700] {processor.py:183} INFO - Processing /home/menglim/airflow_venv/lib/python3.12/site-packages/airflow/example_dags/example_sensor_decorator.py took 0.045 seconds
[2025-07-18T09:03:42.760+0700] {processor.py:161} INFO - Started process (PID=3664) to work on /home/menglim/airflow_venv/lib/python3.12/site-packages/airflow/example_dags/example_sensor_decorator.py
[2025-07-18T09:03:42.762+0700] {processor.py:830} INFO - Processing file /home/menglim/airflow_venv/lib/python3.12/site-packages/airflow/example_dags/example_sensor_decorator.py for tasks to queue
[2025-07-18T09:03:42.763+0700] {logging_mixin.py:188} INFO - [2025-07-18T09:03:42.763+0700] {dagbag.py:545} INFO - Filling up the DagBag from /home/menglim/airflow_venv/lib/python3.12/site-packages/airflow/example_dags/example_sensor_decorator.py
[2025-07-18T09:03:42.767+0700] {processor.py:840} INFO - DAG(s) 'example_sensor_decorator' retrieved from /home/menglim/airflow_venv/lib/python3.12/site-packages/airflow/example_dags/example_sensor_decorator.py
[2025-07-18T09:03:42.776+0700] {logging_mixin.py:188} INFO - [2025-07-18T09:03:42.775+0700] {dag.py:3096} INFO - Sync 1 DAGs
[2025-07-18T09:03:42.782+0700] {logging_mixin.py:188} INFO - [2025-07-18T09:03:42.782+0700] {dag.py:3954} INFO - Setting next_dagrun for example_sensor_decorator to None, run_after=None
[2025-07-18T09:03:42.804+0700] {processor.py:183} INFO - Processing /home/menglim/airflow_venv/lib/python3.12/site-packages/airflow/example_dags/example_sensor_decorator.py took 0.047 seconds
[2025-07-18T09:04:34.158+0700] {processor.py:161} INFO - Started process (PID=3766) to work on /home/menglim/airflow_venv/lib/python3.12/site-packages/airflow/example_dags/example_sensor_decorator.py
[2025-07-18T09:04:34.161+0700] {processor.py:830} INFO - Processing file /home/menglim/airflow_venv/lib/python3.12/site-packages/airflow/example_dags/example_sensor_decorator.py for tasks to queue
[2025-07-18T09:04:34.163+0700] {logging_mixin.py:188} INFO - [2025-07-18T09:04:34.163+0700] {dagbag.py:545} INFO - Filling up the DagBag from /home/menglim/airflow_venv/lib/python3.12/site-packages/airflow/example_dags/example_sensor_decorator.py
[2025-07-18T09:04:34.167+0700] {processor.py:840} INFO - DAG(s) 'example_sensor_decorator' retrieved from /home/menglim/airflow_venv/lib/python3.12/site-packages/airflow/example_dags/example_sensor_decorator.py
[2025-07-18T09:04:34.177+0700] {logging_mixin.py:188} INFO - [2025-07-18T09:04:34.177+0700] {dag.py:3096} INFO - Sync 1 DAGs
[2025-07-18T09:04:34.185+0700] {logging_mixin.py:188} INFO - [2025-07-18T09:04:34.185+0700] {dag.py:3954} INFO - Setting next_dagrun for example_sensor_decorator to None, run_after=None
[2025-07-18T09:04:34.205+0700] {processor.py:183} INFO - Processing /home/menglim/airflow_venv/lib/python3.12/site-packages/airflow/example_dags/example_sensor_decorator.py took 0.051 seconds
[2025-07-18T09:05:34.749+0700] {processor.py:161} INFO - Started process (PID=3873) to work on /home/menglim/airflow_venv/lib/python3.12/site-packages/airflow/example_dags/example_sensor_decorator.py
[2025-07-18T09:05:34.754+0700] {processor.py:830} INFO - Processing file /home/menglim/airflow_venv/lib/python3.12/site-packages/airflow/example_dags/example_sensor_decorator.py for tasks to queue
[2025-07-18T09:05:34.755+0700] {logging_mixin.py:188} INFO - [2025-07-18T09:05:34.755+0700] {dagbag.py:545} INFO - Filling up the DagBag from /home/menglim/airflow_venv/lib/python3.12/site-packages/airflow/example_dags/example_sensor_decorator.py
[2025-07-18T09:05:34.762+0700] {processor.py:840} INFO - DAG(s) 'example_sensor_decorator' retrieved from /home/menglim/airflow_venv/lib/python3.12/site-packages/airflow/example_dags/example_sensor_decorator.py
[2025-07-18T09:05:34.786+0700] {logging_mixin.py:188} INFO - [2025-07-18T09:05:34.786+0700] {dag.py:3096} INFO - Sync 1 DAGs
[2025-07-18T09:05:34.800+0700] {logging_mixin.py:188} INFO - [2025-07-18T09:05:34.800+0700] {dag.py:3954} INFO - Setting next_dagrun for example_sensor_decorator to None, run_after=None
[2025-07-18T09:05:34.842+0700] {processor.py:183} INFO - Processing /home/menglim/airflow_venv/lib/python3.12/site-packages/airflow/example_dags/example_sensor_decorator.py took 0.099 seconds
[2025-07-18T09:06:26.749+0700] {processor.py:161} INFO - Started process (PID=3951) to work on /home/menglim/airflow_venv/lib/python3.12/site-packages/airflow/example_dags/example_sensor_decorator.py
[2025-07-18T09:06:26.752+0700] {processor.py:830} INFO - Processing file /home/menglim/airflow_venv/lib/python3.12/site-packages/airflow/example_dags/example_sensor_decorator.py for tasks to queue
[2025-07-18T09:06:26.752+0700] {logging_mixin.py:188} INFO - [2025-07-18T09:06:26.752+0700] {dagbag.py:545} INFO - Filling up the DagBag from /home/menglim/airflow_venv/lib/python3.12/site-packages/airflow/example_dags/example_sensor_decorator.py
[2025-07-18T09:06:26.756+0700] {processor.py:840} INFO - DAG(s) 'example_sensor_decorator' retrieved from /home/menglim/airflow_venv/lib/python3.12/site-packages/airflow/example_dags/example_sensor_decorator.py
[2025-07-18T09:06:26.766+0700] {logging_mixin.py:188} INFO - [2025-07-18T09:06:26.766+0700] {dag.py:3096} INFO - Sync 1 DAGs
[2025-07-18T09:06:26.774+0700] {logging_mixin.py:188} INFO - [2025-07-18T09:06:26.773+0700] {dag.py:3954} INFO - Setting next_dagrun for example_sensor_decorator to None, run_after=None
[2025-07-18T09:06:26.813+0700] {processor.py:183} INFO - Processing /home/menglim/airflow_venv/lib/python3.12/site-packages/airflow/example_dags/example_sensor_decorator.py took 0.067 seconds
[2025-07-18T09:07:26.544+0700] {processor.py:161} INFO - Started process (PID=4079) to work on /home/menglim/airflow_venv/lib/python3.12/site-packages/airflow/example_dags/example_sensor_decorator.py
[2025-07-18T09:07:26.549+0700] {processor.py:830} INFO - Processing file /home/menglim/airflow_venv/lib/python3.12/site-packages/airflow/example_dags/example_sensor_decorator.py for tasks to queue
[2025-07-18T09:07:26.550+0700] {logging_mixin.py:188} INFO - [2025-07-18T09:07:26.549+0700] {dagbag.py:545} INFO - Filling up the DagBag from /home/menglim/airflow_venv/lib/python3.12/site-packages/airflow/example_dags/example_sensor_decorator.py
[2025-07-18T09:07:26.559+0700] {processor.py:840} INFO - DAG(s) 'example_sensor_decorator' retrieved from /home/menglim/airflow_venv/lib/python3.12/site-packages/airflow/example_dags/example_sensor_decorator.py
[2025-07-18T09:07:26.581+0700] {logging_mixin.py:188} INFO - [2025-07-18T09:07:26.581+0700] {dag.py:3096} INFO - Sync 1 DAGs
[2025-07-18T09:07:26.594+0700] {logging_mixin.py:188} INFO - [2025-07-18T09:07:26.594+0700] {dag.py:3954} INFO - Setting next_dagrun for example_sensor_decorator to None, run_after=None
[2025-07-18T09:07:26.634+0700] {processor.py:183} INFO - Processing /home/menglim/airflow_venv/lib/python3.12/site-packages/airflow/example_dags/example_sensor_decorator.py took 0.097 seconds
[2025-07-18T09:08:26.169+0700] {processor.py:161} INFO - Started process (PID=4176) to work on /home/menglim/airflow_venv/lib/python3.12/site-packages/airflow/example_dags/example_sensor_decorator.py
[2025-07-18T09:08:26.171+0700] {processor.py:830} INFO - Processing file /home/menglim/airflow_venv/lib/python3.12/site-packages/airflow/example_dags/example_sensor_decorator.py for tasks to queue
[2025-07-18T09:08:26.172+0700] {logging_mixin.py:188} INFO - [2025-07-18T09:08:26.171+0700] {dagbag.py:545} INFO - Filling up the DagBag from /home/menglim/airflow_venv/lib/python3.12/site-packages/airflow/example_dags/example_sensor_decorator.py
[2025-07-18T09:08:26.175+0700] {processor.py:840} INFO - DAG(s) 'example_sensor_decorator' retrieved from /home/menglim/airflow_venv/lib/python3.12/site-packages/airflow/example_dags/example_sensor_decorator.py
[2025-07-18T09:08:26.184+0700] {logging_mixin.py:188} INFO - [2025-07-18T09:08:26.184+0700] {dag.py:3096} INFO - Sync 1 DAGs
[2025-07-18T09:08:26.190+0700] {logging_mixin.py:188} INFO - [2025-07-18T09:08:26.190+0700] {dag.py:3954} INFO - Setting next_dagrun for example_sensor_decorator to None, run_after=None
[2025-07-18T09:08:26.211+0700] {processor.py:183} INFO - Processing /home/menglim/airflow_venv/lib/python3.12/site-packages/airflow/example_dags/example_sensor_decorator.py took 0.046 seconds
[2025-07-18T09:09:16.292+0700] {processor.py:161} INFO - Started process (PID=4286) to work on /home/menglim/airflow_venv/lib/python3.12/site-packages/airflow/example_dags/example_sensor_decorator.py
[2025-07-18T09:09:16.294+0700] {processor.py:830} INFO - Processing file /home/menglim/airflow_venv/lib/python3.12/site-packages/airflow/example_dags/example_sensor_decorator.py for tasks to queue
[2025-07-18T09:09:16.295+0700] {logging_mixin.py:188} INFO - [2025-07-18T09:09:16.294+0700] {dagbag.py:545} INFO - Filling up the DagBag from /home/menglim/airflow_venv/lib/python3.12/site-packages/airflow/example_dags/example_sensor_decorator.py
[2025-07-18T09:09:16.299+0700] {processor.py:840} INFO - DAG(s) 'example_sensor_decorator' retrieved from /home/menglim/airflow_venv/lib/python3.12/site-packages/airflow/example_dags/example_sensor_decorator.py
[2025-07-18T09:09:16.310+0700] {logging_mixin.py:188} INFO - [2025-07-18T09:09:16.309+0700] {dag.py:3096} INFO - Sync 1 DAGs
[2025-07-18T09:09:16.317+0700] {logging_mixin.py:188} INFO - [2025-07-18T09:09:16.317+0700] {dag.py:3954} INFO - Setting next_dagrun for example_sensor_decorator to None, run_after=None
[2025-07-18T09:09:16.339+0700] {processor.py:183} INFO - Processing /home/menglim/airflow_venv/lib/python3.12/site-packages/airflow/example_dags/example_sensor_decorator.py took 0.050 seconds
[2025-07-18T09:10:07.853+0700] {processor.py:161} INFO - Started process (PID=4364) to work on /home/menglim/airflow_venv/lib/python3.12/site-packages/airflow/example_dags/example_sensor_decorator.py
[2025-07-18T09:10:07.854+0700] {processor.py:830} INFO - Processing file /home/menglim/airflow_venv/lib/python3.12/site-packages/airflow/example_dags/example_sensor_decorator.py for tasks to queue
[2025-07-18T09:10:07.854+0700] {logging_mixin.py:188} INFO - [2025-07-18T09:10:07.854+0700] {dagbag.py:545} INFO - Filling up the DagBag from /home/menglim/airflow_venv/lib/python3.12/site-packages/airflow/example_dags/example_sensor_decorator.py
[2025-07-18T09:10:07.858+0700] {processor.py:840} INFO - DAG(s) 'example_sensor_decorator' retrieved from /home/menglim/airflow_venv/lib/python3.12/site-packages/airflow/example_dags/example_sensor_decorator.py
[2025-07-18T09:10:07.867+0700] {logging_mixin.py:188} INFO - [2025-07-18T09:10:07.867+0700] {dag.py:3096} INFO - Sync 1 DAGs
[2025-07-18T09:10:07.873+0700] {logging_mixin.py:188} INFO - [2025-07-18T09:10:07.873+0700] {dag.py:3954} INFO - Setting next_dagrun for example_sensor_decorator to None, run_after=None
[2025-07-18T09:10:07.892+0700] {processor.py:183} INFO - Processing /home/menglim/airflow_venv/lib/python3.12/site-packages/airflow/example_dags/example_sensor_decorator.py took 0.042 seconds
[2025-07-18T09:11:05.501+0700] {processor.py:161} INFO - Started process (PID=4524) to work on /home/menglim/airflow_venv/lib/python3.12/site-packages/airflow/example_dags/example_sensor_decorator.py
[2025-07-18T09:11:05.504+0700] {processor.py:830} INFO - Processing file /home/menglim/airflow_venv/lib/python3.12/site-packages/airflow/example_dags/example_sensor_decorator.py for tasks to queue
[2025-07-18T09:11:05.504+0700] {logging_mixin.py:188} INFO - [2025-07-18T09:11:05.504+0700] {dagbag.py:545} INFO - Filling up the DagBag from /home/menglim/airflow_venv/lib/python3.12/site-packages/airflow/example_dags/example_sensor_decorator.py
[2025-07-18T09:11:05.508+0700] {processor.py:840} INFO - DAG(s) 'example_sensor_decorator' retrieved from /home/menglim/airflow_venv/lib/python3.12/site-packages/airflow/example_dags/example_sensor_decorator.py
[2025-07-18T09:11:05.517+0700] {logging_mixin.py:188} INFO - [2025-07-18T09:11:05.516+0700] {dag.py:3096} INFO - Sync 1 DAGs
[2025-07-18T09:11:05.522+0700] {logging_mixin.py:188} INFO - [2025-07-18T09:11:05.522+0700] {dag.py:3954} INFO - Setting next_dagrun for example_sensor_decorator to None, run_after=None
[2025-07-18T09:11:05.544+0700] {processor.py:183} INFO - Processing /home/menglim/airflow_venv/lib/python3.12/site-packages/airflow/example_dags/example_sensor_decorator.py took 0.045 seconds
[2025-07-18T09:12:02.745+0700] {processor.py:161} INFO - Started process (PID=4610) to work on /home/menglim/airflow_venv/lib/python3.12/site-packages/airflow/example_dags/example_sensor_decorator.py
[2025-07-18T09:12:02.747+0700] {processor.py:830} INFO - Processing file /home/menglim/airflow_venv/lib/python3.12/site-packages/airflow/example_dags/example_sensor_decorator.py for tasks to queue
[2025-07-18T09:12:02.748+0700] {logging_mixin.py:188} INFO - [2025-07-18T09:12:02.747+0700] {dagbag.py:545} INFO - Filling up the DagBag from /home/menglim/airflow_venv/lib/python3.12/site-packages/airflow/example_dags/example_sensor_decorator.py
[2025-07-18T09:12:02.753+0700] {processor.py:840} INFO - DAG(s) 'example_sensor_decorator' retrieved from /home/menglim/airflow_venv/lib/python3.12/site-packages/airflow/example_dags/example_sensor_decorator.py
[2025-07-18T09:12:02.766+0700] {logging_mixin.py:188} INFO - [2025-07-18T09:12:02.766+0700] {dag.py:3096} INFO - Sync 1 DAGs
[2025-07-18T09:12:02.772+0700] {logging_mixin.py:188} INFO - [2025-07-18T09:12:02.772+0700] {dag.py:3954} INFO - Setting next_dagrun for example_sensor_decorator to None, run_after=None
[2025-07-18T09:12:02.793+0700] {processor.py:183} INFO - Processing /home/menglim/airflow_venv/lib/python3.12/site-packages/airflow/example_dags/example_sensor_decorator.py took 0.051 seconds
[2025-07-18T09:12:57.405+0700] {processor.py:161} INFO - Started process (PID=4692) to work on /home/menglim/airflow_venv/lib/python3.12/site-packages/airflow/example_dags/example_sensor_decorator.py
[2025-07-18T09:12:57.408+0700] {processor.py:830} INFO - Processing file /home/menglim/airflow_venv/lib/python3.12/site-packages/airflow/example_dags/example_sensor_decorator.py for tasks to queue
[2025-07-18T09:12:57.408+0700] {logging_mixin.py:188} INFO - [2025-07-18T09:12:57.408+0700] {dagbag.py:545} INFO - Filling up the DagBag from /home/menglim/airflow_venv/lib/python3.12/site-packages/airflow/example_dags/example_sensor_decorator.py
[2025-07-18T09:12:57.412+0700] {processor.py:840} INFO - DAG(s) 'example_sensor_decorator' retrieved from /home/menglim/airflow_venv/lib/python3.12/site-packages/airflow/example_dags/example_sensor_decorator.py
[2025-07-18T09:12:57.422+0700] {logging_mixin.py:188} INFO - [2025-07-18T09:12:57.422+0700] {dag.py:3096} INFO - Sync 1 DAGs
[2025-07-18T09:12:57.428+0700] {logging_mixin.py:188} INFO - [2025-07-18T09:12:57.428+0700] {dag.py:3954} INFO - Setting next_dagrun for example_sensor_decorator to None, run_after=None
[2025-07-18T09:12:57.450+0700] {processor.py:183} INFO - Processing /home/menglim/airflow_venv/lib/python3.12/site-packages/airflow/example_dags/example_sensor_decorator.py took 0.048 seconds
[2025-07-18T09:14:08.683+0700] {processor.py:161} INFO - Started process (PID=5337) to work on /home/menglim/airflow_venv/lib/python3.12/site-packages/airflow/example_dags/example_sensor_decorator.py
[2025-07-18T09:14:08.687+0700] {processor.py:830} INFO - Processing file /home/menglim/airflow_venv/lib/python3.12/site-packages/airflow/example_dags/example_sensor_decorator.py for tasks to queue
[2025-07-18T09:14:08.687+0700] {logging_mixin.py:188} INFO - [2025-07-18T09:14:08.687+0700] {dagbag.py:545} INFO - Filling up the DagBag from /home/menglim/airflow_venv/lib/python3.12/site-packages/airflow/example_dags/example_sensor_decorator.py
[2025-07-18T09:14:08.691+0700] {processor.py:840} INFO - DAG(s) 'example_sensor_decorator' retrieved from /home/menglim/airflow_venv/lib/python3.12/site-packages/airflow/example_dags/example_sensor_decorator.py
[2025-07-18T09:14:08.701+0700] {logging_mixin.py:188} INFO - [2025-07-18T09:14:08.701+0700] {dag.py:3096} INFO - Sync 1 DAGs
[2025-07-18T09:14:08.707+0700] {logging_mixin.py:188} INFO - [2025-07-18T09:14:08.707+0700] {dag.py:3954} INFO - Setting next_dagrun for example_sensor_decorator to None, run_after=None
[2025-07-18T09:14:08.743+0700] {processor.py:183} INFO - Processing /home/menglim/airflow_venv/lib/python3.12/site-packages/airflow/example_dags/example_sensor_decorator.py took 0.064 seconds
[2025-07-18T09:15:05.860+0700] {processor.py:161} INFO - Started process (PID=5425) to work on /home/menglim/airflow_venv/lib/python3.12/site-packages/airflow/example_dags/example_sensor_decorator.py
[2025-07-18T09:15:05.864+0700] {processor.py:830} INFO - Processing file /home/menglim/airflow_venv/lib/python3.12/site-packages/airflow/example_dags/example_sensor_decorator.py for tasks to queue
[2025-07-18T09:15:05.868+0700] {logging_mixin.py:188} INFO - [2025-07-18T09:15:05.866+0700] {dagbag.py:545} INFO - Filling up the DagBag from /home/menglim/airflow_venv/lib/python3.12/site-packages/airflow/example_dags/example_sensor_decorator.py
[2025-07-18T09:15:05.876+0700] {processor.py:840} INFO - DAG(s) 'example_sensor_decorator' retrieved from /home/menglim/airflow_venv/lib/python3.12/site-packages/airflow/example_dags/example_sensor_decorator.py
[2025-07-18T09:15:05.898+0700] {logging_mixin.py:188} INFO - [2025-07-18T09:15:05.897+0700] {dag.py:3096} INFO - Sync 1 DAGs
[2025-07-18T09:15:05.912+0700] {logging_mixin.py:188} INFO - [2025-07-18T09:15:05.912+0700] {dag.py:3954} INFO - Setting next_dagrun for example_sensor_decorator to None, run_after=None
[2025-07-18T09:15:05.970+0700] {processor.py:183} INFO - Processing /home/menglim/airflow_venv/lib/python3.12/site-packages/airflow/example_dags/example_sensor_decorator.py took 0.119 seconds
[2025-07-18T09:15:39.981+0700] {processor.py:161} INFO - Started process (PID=5499) to work on /home/menglim/airflow_venv/lib/python3.12/site-packages/airflow/example_dags/example_sensor_decorator.py
[2025-07-18T09:15:39.982+0700] {processor.py:830} INFO - Processing file /home/menglim/airflow_venv/lib/python3.12/site-packages/airflow/example_dags/example_sensor_decorator.py for tasks to queue
[2025-07-18T09:15:39.983+0700] {logging_mixin.py:188} INFO - [2025-07-18T09:15:39.983+0700] {dagbag.py:545} INFO - Filling up the DagBag from /home/menglim/airflow_venv/lib/python3.12/site-packages/airflow/example_dags/example_sensor_decorator.py
[2025-07-18T09:15:39.987+0700] {processor.py:840} INFO - DAG(s) 'example_sensor_decorator' retrieved from /home/menglim/airflow_venv/lib/python3.12/site-packages/airflow/example_dags/example_sensor_decorator.py
[2025-07-18T09:15:39.997+0700] {logging_mixin.py:188} INFO - [2025-07-18T09:15:39.997+0700] {dag.py:3096} INFO - Sync 1 DAGs
[2025-07-18T09:15:40.004+0700] {logging_mixin.py:188} INFO - [2025-07-18T09:15:40.003+0700] {dag.py:3954} INFO - Setting next_dagrun for example_sensor_decorator to None, run_after=None
[2025-07-18T09:15:40.024+0700] {processor.py:183} INFO - Processing /home/menglim/airflow_venv/lib/python3.12/site-packages/airflow/example_dags/example_sensor_decorator.py took 0.047 seconds
[2025-07-18T09:16:16.243+0700] {processor.py:161} INFO - Started process (PID=5576) to work on /home/menglim/airflow_venv/lib/python3.12/site-packages/airflow/example_dags/example_sensor_decorator.py
[2025-07-18T09:16:16.244+0700] {processor.py:830} INFO - Processing file /home/menglim/airflow_venv/lib/python3.12/site-packages/airflow/example_dags/example_sensor_decorator.py for tasks to queue
[2025-07-18T09:16:16.245+0700] {logging_mixin.py:188} INFO - [2025-07-18T09:16:16.244+0700] {dagbag.py:545} INFO - Filling up the DagBag from /home/menglim/airflow_venv/lib/python3.12/site-packages/airflow/example_dags/example_sensor_decorator.py
[2025-07-18T09:16:16.249+0700] {processor.py:840} INFO - DAG(s) 'example_sensor_decorator' retrieved from /home/menglim/airflow_venv/lib/python3.12/site-packages/airflow/example_dags/example_sensor_decorator.py
[2025-07-18T09:16:16.261+0700] {logging_mixin.py:188} INFO - [2025-07-18T09:16:16.260+0700] {dag.py:3096} INFO - Sync 1 DAGs
[2025-07-18T09:16:16.269+0700] {logging_mixin.py:188} INFO - [2025-07-18T09:16:16.269+0700] {dag.py:3954} INFO - Setting next_dagrun for example_sensor_decorator to None, run_after=None
[2025-07-18T09:16:16.292+0700] {processor.py:183} INFO - Processing /home/menglim/airflow_venv/lib/python3.12/site-packages/airflow/example_dags/example_sensor_decorator.py took 0.054 seconds
[2025-07-18T09:17:09.285+0700] {processor.py:161} INFO - Started process (PID=5755) to work on /home/menglim/airflow_venv/lib/python3.12/site-packages/airflow/example_dags/example_sensor_decorator.py
[2025-07-18T09:17:09.286+0700] {processor.py:830} INFO - Processing file /home/menglim/airflow_venv/lib/python3.12/site-packages/airflow/example_dags/example_sensor_decorator.py for tasks to queue
[2025-07-18T09:17:09.287+0700] {logging_mixin.py:188} INFO - [2025-07-18T09:17:09.286+0700] {dagbag.py:545} INFO - Filling up the DagBag from /home/menglim/airflow_venv/lib/python3.12/site-packages/airflow/example_dags/example_sensor_decorator.py
[2025-07-18T09:17:09.290+0700] {processor.py:840} INFO - DAG(s) 'example_sensor_decorator' retrieved from /home/menglim/airflow_venv/lib/python3.12/site-packages/airflow/example_dags/example_sensor_decorator.py
[2025-07-18T09:17:09.300+0700] {logging_mixin.py:188} INFO - [2025-07-18T09:17:09.300+0700] {dag.py:3096} INFO - Sync 1 DAGs
[2025-07-18T09:17:09.306+0700] {logging_mixin.py:188} INFO - [2025-07-18T09:17:09.306+0700] {dag.py:3954} INFO - Setting next_dagrun for example_sensor_decorator to None, run_after=None
[2025-07-18T09:17:09.328+0700] {processor.py:183} INFO - Processing /home/menglim/airflow_venv/lib/python3.12/site-packages/airflow/example_dags/example_sensor_decorator.py took 0.046 seconds
[2025-07-18T09:18:07.836+0700] {processor.py:161} INFO - Started process (PID=5880) to work on /home/menglim/airflow_venv/lib/python3.12/site-packages/airflow/example_dags/example_sensor_decorator.py
[2025-07-18T09:18:07.839+0700] {processor.py:830} INFO - Processing file /home/menglim/airflow_venv/lib/python3.12/site-packages/airflow/example_dags/example_sensor_decorator.py for tasks to queue
[2025-07-18T09:18:07.840+0700] {logging_mixin.py:188} INFO - [2025-07-18T09:18:07.839+0700] {dagbag.py:545} INFO - Filling up the DagBag from /home/menglim/airflow_venv/lib/python3.12/site-packages/airflow/example_dags/example_sensor_decorator.py
[2025-07-18T09:18:07.847+0700] {processor.py:840} INFO - DAG(s) 'example_sensor_decorator' retrieved from /home/menglim/airflow_venv/lib/python3.12/site-packages/airflow/example_dags/example_sensor_decorator.py
[2025-07-18T09:18:07.860+0700] {logging_mixin.py:188} INFO - [2025-07-18T09:18:07.860+0700] {dag.py:3096} INFO - Sync 1 DAGs
[2025-07-18T09:18:07.868+0700] {logging_mixin.py:188} INFO - [2025-07-18T09:18:07.867+0700] {dag.py:3954} INFO - Setting next_dagrun for example_sensor_decorator to None, run_after=None
[2025-07-18T09:18:07.897+0700] {processor.py:183} INFO - Processing /home/menglim/airflow_venv/lib/python3.12/site-packages/airflow/example_dags/example_sensor_decorator.py took 0.064 seconds
[2025-07-18T09:18:44.974+0700] {processor.py:161} INFO - Started process (PID=5971) to work on /home/menglim/airflow_venv/lib/python3.12/site-packages/airflow/example_dags/example_sensor_decorator.py
[2025-07-18T09:18:44.976+0700] {processor.py:830} INFO - Processing file /home/menglim/airflow_venv/lib/python3.12/site-packages/airflow/example_dags/example_sensor_decorator.py for tasks to queue
[2025-07-18T09:18:44.977+0700] {logging_mixin.py:188} INFO - [2025-07-18T09:18:44.977+0700] {dagbag.py:545} INFO - Filling up the DagBag from /home/menglim/airflow_venv/lib/python3.12/site-packages/airflow/example_dags/example_sensor_decorator.py
[2025-07-18T09:18:44.980+0700] {processor.py:840} INFO - DAG(s) 'example_sensor_decorator' retrieved from /home/menglim/airflow_venv/lib/python3.12/site-packages/airflow/example_dags/example_sensor_decorator.py
[2025-07-18T09:18:44.990+0700] {logging_mixin.py:188} INFO - [2025-07-18T09:18:44.990+0700] {dag.py:3096} INFO - Sync 1 DAGs
[2025-07-18T09:18:44.996+0700] {logging_mixin.py:188} INFO - [2025-07-18T09:18:44.996+0700] {dag.py:3954} INFO - Setting next_dagrun for example_sensor_decorator to None, run_after=None
[2025-07-18T09:18:45.019+0700] {processor.py:183} INFO - Processing /home/menglim/airflow_venv/lib/python3.12/site-packages/airflow/example_dags/example_sensor_decorator.py took 0.049 seconds
[2025-07-18T09:19:29.004+0700] {processor.py:161} INFO - Started process (PID=6075) to work on /home/menglim/airflow_venv/lib/python3.12/site-packages/airflow/example_dags/example_sensor_decorator.py
[2025-07-18T09:19:29.005+0700] {processor.py:830} INFO - Processing file /home/menglim/airflow_venv/lib/python3.12/site-packages/airflow/example_dags/example_sensor_decorator.py for tasks to queue
[2025-07-18T09:19:29.006+0700] {logging_mixin.py:188} INFO - [2025-07-18T09:19:29.005+0700] {dagbag.py:545} INFO - Filling up the DagBag from /home/menglim/airflow_venv/lib/python3.12/site-packages/airflow/example_dags/example_sensor_decorator.py
[2025-07-18T09:19:29.009+0700] {processor.py:840} INFO - DAG(s) 'example_sensor_decorator' retrieved from /home/menglim/airflow_venv/lib/python3.12/site-packages/airflow/example_dags/example_sensor_decorator.py
[2025-07-18T09:19:29.018+0700] {logging_mixin.py:188} INFO - [2025-07-18T09:19:29.018+0700] {dag.py:3096} INFO - Sync 1 DAGs
[2025-07-18T09:19:29.024+0700] {logging_mixin.py:188} INFO - [2025-07-18T09:19:29.024+0700] {dag.py:3954} INFO - Setting next_dagrun for example_sensor_decorator to None, run_after=None
[2025-07-18T09:19:29.046+0700] {processor.py:183} INFO - Processing /home/menglim/airflow_venv/lib/python3.12/site-packages/airflow/example_dags/example_sensor_decorator.py took 0.046 seconds
[2025-07-18T09:20:23.689+0700] {processor.py:161} INFO - Started process (PID=6193) to work on /home/menglim/airflow_venv/lib/python3.12/site-packages/airflow/example_dags/example_sensor_decorator.py
[2025-07-18T09:20:23.692+0700] {processor.py:830} INFO - Processing file /home/menglim/airflow_venv/lib/python3.12/site-packages/airflow/example_dags/example_sensor_decorator.py for tasks to queue
[2025-07-18T09:20:23.693+0700] {logging_mixin.py:188} INFO - [2025-07-18T09:20:23.692+0700] {dagbag.py:545} INFO - Filling up the DagBag from /home/menglim/airflow_venv/lib/python3.12/site-packages/airflow/example_dags/example_sensor_decorator.py
[2025-07-18T09:20:23.696+0700] {processor.py:840} INFO - DAG(s) 'example_sensor_decorator' retrieved from /home/menglim/airflow_venv/lib/python3.12/site-packages/airflow/example_dags/example_sensor_decorator.py
[2025-07-18T09:20:23.705+0700] {logging_mixin.py:188} INFO - [2025-07-18T09:20:23.705+0700] {dag.py:3096} INFO - Sync 1 DAGs
[2025-07-18T09:20:23.766+0700] {logging_mixin.py:188} INFO - [2025-07-18T09:20:23.766+0700] {dag.py:3954} INFO - Setting next_dagrun for example_sensor_decorator to None, run_after=None
[2025-07-18T09:20:23.805+0700] {processor.py:183} INFO - Processing /home/menglim/airflow_venv/lib/python3.12/site-packages/airflow/example_dags/example_sensor_decorator.py took 0.119 seconds
[2025-07-18T09:21:35.624+0700] {processor.py:161} INFO - Started process (PID=6415) to work on /home/menglim/airflow_venv/lib/python3.12/site-packages/airflow/example_dags/example_sensor_decorator.py
[2025-07-18T09:21:35.627+0700] {processor.py:830} INFO - Processing file /home/menglim/airflow_venv/lib/python3.12/site-packages/airflow/example_dags/example_sensor_decorator.py for tasks to queue
[2025-07-18T09:21:35.628+0700] {logging_mixin.py:188} INFO - [2025-07-18T09:21:35.627+0700] {dagbag.py:545} INFO - Filling up the DagBag from /home/menglim/airflow_venv/lib/python3.12/site-packages/airflow/example_dags/example_sensor_decorator.py
[2025-07-18T09:21:35.634+0700] {processor.py:840} INFO - DAG(s) 'example_sensor_decorator' retrieved from /home/menglim/airflow_venv/lib/python3.12/site-packages/airflow/example_dags/example_sensor_decorator.py
[2025-07-18T09:21:35.650+0700] {logging_mixin.py:188} INFO - [2025-07-18T09:21:35.650+0700] {dag.py:3096} INFO - Sync 1 DAGs
[2025-07-18T09:21:35.660+0700] {logging_mixin.py:188} INFO - [2025-07-18T09:21:35.659+0700] {dag.py:3954} INFO - Setting next_dagrun for example_sensor_decorator to None, run_after=None
[2025-07-18T09:21:35.688+0700] {processor.py:183} INFO - Processing /home/menglim/airflow_venv/lib/python3.12/site-packages/airflow/example_dags/example_sensor_decorator.py took 0.069 seconds
[2025-07-18T09:22:27.828+0700] {processor.py:161} INFO - Started process (PID=6593) to work on /home/menglim/airflow_venv/lib/python3.12/site-packages/airflow/example_dags/example_sensor_decorator.py
[2025-07-18T09:22:27.829+0700] {processor.py:830} INFO - Processing file /home/menglim/airflow_venv/lib/python3.12/site-packages/airflow/example_dags/example_sensor_decorator.py for tasks to queue
[2025-07-18T09:22:27.830+0700] {logging_mixin.py:188} INFO - [2025-07-18T09:22:27.830+0700] {dagbag.py:545} INFO - Filling up the DagBag from /home/menglim/airflow_venv/lib/python3.12/site-packages/airflow/example_dags/example_sensor_decorator.py
[2025-07-18T09:22:27.834+0700] {processor.py:840} INFO - DAG(s) 'example_sensor_decorator' retrieved from /home/menglim/airflow_venv/lib/python3.12/site-packages/airflow/example_dags/example_sensor_decorator.py
[2025-07-18T09:22:27.844+0700] {logging_mixin.py:188} INFO - [2025-07-18T09:22:27.843+0700] {dag.py:3096} INFO - Sync 1 DAGs
[2025-07-18T09:22:27.850+0700] {logging_mixin.py:188} INFO - [2025-07-18T09:22:27.850+0700] {dag.py:3954} INFO - Setting next_dagrun for example_sensor_decorator to None, run_after=None
[2025-07-18T09:22:27.872+0700] {processor.py:183} INFO - Processing /home/menglim/airflow_venv/lib/python3.12/site-packages/airflow/example_dags/example_sensor_decorator.py took 0.048 seconds
[2025-07-18T09:23:36.361+0700] {processor.py:161} INFO - Started process (PID=6749) to work on /home/menglim/airflow_venv/lib/python3.12/site-packages/airflow/example_dags/example_sensor_decorator.py
[2025-07-18T09:23:36.362+0700] {processor.py:830} INFO - Processing file /home/menglim/airflow_venv/lib/python3.12/site-packages/airflow/example_dags/example_sensor_decorator.py for tasks to queue
[2025-07-18T09:23:36.363+0700] {logging_mixin.py:188} INFO - [2025-07-18T09:23:36.363+0700] {dagbag.py:545} INFO - Filling up the DagBag from /home/menglim/airflow_venv/lib/python3.12/site-packages/airflow/example_dags/example_sensor_decorator.py
[2025-07-18T09:23:36.371+0700] {processor.py:840} INFO - DAG(s) 'example_sensor_decorator' retrieved from /home/menglim/airflow_venv/lib/python3.12/site-packages/airflow/example_dags/example_sensor_decorator.py
[2025-07-18T09:23:36.381+0700] {logging_mixin.py:188} INFO - [2025-07-18T09:23:36.381+0700] {dag.py:3096} INFO - Sync 1 DAGs
[2025-07-18T09:23:36.391+0700] {logging_mixin.py:188} INFO - [2025-07-18T09:23:36.391+0700] {dag.py:3954} INFO - Setting next_dagrun for example_sensor_decorator to None, run_after=None
[2025-07-18T09:23:36.415+0700] {processor.py:183} INFO - Processing /home/menglim/airflow_venv/lib/python3.12/site-packages/airflow/example_dags/example_sensor_decorator.py took 0.058 seconds
[2025-07-18T09:24:14.123+0700] {processor.py:161} INFO - Started process (PID=6857) to work on /home/menglim/airflow_venv/lib/python3.12/site-packages/airflow/example_dags/example_sensor_decorator.py
[2025-07-18T09:24:14.125+0700] {processor.py:830} INFO - Processing file /home/menglim/airflow_venv/lib/python3.12/site-packages/airflow/example_dags/example_sensor_decorator.py for tasks to queue
[2025-07-18T09:24:14.126+0700] {logging_mixin.py:188} INFO - [2025-07-18T09:24:14.125+0700] {dagbag.py:545} INFO - Filling up the DagBag from /home/menglim/airflow_venv/lib/python3.12/site-packages/airflow/example_dags/example_sensor_decorator.py
[2025-07-18T09:24:14.130+0700] {processor.py:840} INFO - DAG(s) 'example_sensor_decorator' retrieved from /home/menglim/airflow_venv/lib/python3.12/site-packages/airflow/example_dags/example_sensor_decorator.py
[2025-07-18T09:24:14.141+0700] {logging_mixin.py:188} INFO - [2025-07-18T09:24:14.141+0700] {dag.py:3096} INFO - Sync 1 DAGs
[2025-07-18T09:24:14.148+0700] {logging_mixin.py:188} INFO - [2025-07-18T09:24:14.148+0700] {dag.py:3954} INFO - Setting next_dagrun for example_sensor_decorator to None, run_after=None
[2025-07-18T09:24:14.189+0700] {processor.py:183} INFO - Processing /home/menglim/airflow_venv/lib/python3.12/site-packages/airflow/example_dags/example_sensor_decorator.py took 0.069 seconds
[2025-07-18T09:24:49.148+0700] {processor.py:161} INFO - Started process (PID=6952) to work on /home/menglim/airflow_venv/lib/python3.12/site-packages/airflow/example_dags/example_sensor_decorator.py
[2025-07-18T09:24:49.150+0700] {processor.py:830} INFO - Processing file /home/menglim/airflow_venv/lib/python3.12/site-packages/airflow/example_dags/example_sensor_decorator.py for tasks to queue
[2025-07-18T09:24:49.151+0700] {logging_mixin.py:188} INFO - [2025-07-18T09:24:49.150+0700] {dagbag.py:545} INFO - Filling up the DagBag from /home/menglim/airflow_venv/lib/python3.12/site-packages/airflow/example_dags/example_sensor_decorator.py
[2025-07-18T09:24:49.155+0700] {processor.py:840} INFO - DAG(s) 'example_sensor_decorator' retrieved from /home/menglim/airflow_venv/lib/python3.12/site-packages/airflow/example_dags/example_sensor_decorator.py
[2025-07-18T09:24:49.165+0700] {logging_mixin.py:188} INFO - [2025-07-18T09:24:49.164+0700] {dag.py:3096} INFO - Sync 1 DAGs
[2025-07-18T09:24:49.171+0700] {logging_mixin.py:188} INFO - [2025-07-18T09:24:49.171+0700] {dag.py:3954} INFO - Setting next_dagrun for example_sensor_decorator to None, run_after=None
[2025-07-18T09:24:49.193+0700] {processor.py:183} INFO - Processing /home/menglim/airflow_venv/lib/python3.12/site-packages/airflow/example_dags/example_sensor_decorator.py took 0.049 seconds
[2025-07-18T09:25:49.469+0700] {processor.py:161} INFO - Started process (PID=7124) to work on /home/menglim/airflow_venv/lib/python3.12/site-packages/airflow/example_dags/example_sensor_decorator.py
[2025-07-18T09:25:49.472+0700] {processor.py:830} INFO - Processing file /home/menglim/airflow_venv/lib/python3.12/site-packages/airflow/example_dags/example_sensor_decorator.py for tasks to queue
[2025-07-18T09:25:49.473+0700] {logging_mixin.py:188} INFO - [2025-07-18T09:25:49.472+0700] {dagbag.py:545} INFO - Filling up the DagBag from /home/menglim/airflow_venv/lib/python3.12/site-packages/airflow/example_dags/example_sensor_decorator.py
[2025-07-18T09:25:49.476+0700] {processor.py:840} INFO - DAG(s) 'example_sensor_decorator' retrieved from /home/menglim/airflow_venv/lib/python3.12/site-packages/airflow/example_dags/example_sensor_decorator.py
[2025-07-18T09:25:49.485+0700] {logging_mixin.py:188} INFO - [2025-07-18T09:25:49.485+0700] {dag.py:3096} INFO - Sync 1 DAGs
[2025-07-18T09:25:49.491+0700] {logging_mixin.py:188} INFO - [2025-07-18T09:25:49.491+0700] {dag.py:3954} INFO - Setting next_dagrun for example_sensor_decorator to None, run_after=None
[2025-07-18T09:25:49.513+0700] {processor.py:183} INFO - Processing /home/menglim/airflow_venv/lib/python3.12/site-packages/airflow/example_dags/example_sensor_decorator.py took 0.047 seconds
[2025-07-18T09:26:46.099+0700] {processor.py:161} INFO - Started process (PID=7206) to work on /home/menglim/airflow_venv/lib/python3.12/site-packages/airflow/example_dags/example_sensor_decorator.py
[2025-07-18T09:26:46.102+0700] {processor.py:830} INFO - Processing file /home/menglim/airflow_venv/lib/python3.12/site-packages/airflow/example_dags/example_sensor_decorator.py for tasks to queue
[2025-07-18T09:26:46.103+0700] {logging_mixin.py:188} INFO - [2025-07-18T09:26:46.102+0700] {dagbag.py:545} INFO - Filling up the DagBag from /home/menglim/airflow_venv/lib/python3.12/site-packages/airflow/example_dags/example_sensor_decorator.py
[2025-07-18T09:26:46.107+0700] {processor.py:840} INFO - DAG(s) 'example_sensor_decorator' retrieved from /home/menglim/airflow_venv/lib/python3.12/site-packages/airflow/example_dags/example_sensor_decorator.py
[2025-07-18T09:26:46.117+0700] {logging_mixin.py:188} INFO - [2025-07-18T09:26:46.117+0700] {dag.py:3096} INFO - Sync 1 DAGs
[2025-07-18T09:26:46.123+0700] {logging_mixin.py:188} INFO - [2025-07-18T09:26:46.123+0700] {dag.py:3954} INFO - Setting next_dagrun for example_sensor_decorator to None, run_after=None
[2025-07-18T09:26:46.143+0700] {processor.py:183} INFO - Processing /home/menglim/airflow_venv/lib/python3.12/site-packages/airflow/example_dags/example_sensor_decorator.py took 0.048 seconds
[2025-07-18T09:27:21.332+0700] {processor.py:161} INFO - Started process (PID=7304) to work on /home/menglim/airflow_venv/lib/python3.12/site-packages/airflow/example_dags/example_sensor_decorator.py
[2025-07-18T09:27:21.334+0700] {processor.py:830} INFO - Processing file /home/menglim/airflow_venv/lib/python3.12/site-packages/airflow/example_dags/example_sensor_decorator.py for tasks to queue
[2025-07-18T09:27:21.335+0700] {logging_mixin.py:188} INFO - [2025-07-18T09:27:21.335+0700] {dagbag.py:545} INFO - Filling up the DagBag from /home/menglim/airflow_venv/lib/python3.12/site-packages/airflow/example_dags/example_sensor_decorator.py
[2025-07-18T09:27:21.339+0700] {processor.py:840} INFO - DAG(s) 'example_sensor_decorator' retrieved from /home/menglim/airflow_venv/lib/python3.12/site-packages/airflow/example_dags/example_sensor_decorator.py
[2025-07-18T09:27:21.355+0700] {logging_mixin.py:188} INFO - [2025-07-18T09:27:21.355+0700] {dag.py:3096} INFO - Sync 1 DAGs
[2025-07-18T09:27:21.364+0700] {logging_mixin.py:188} INFO - [2025-07-18T09:27:21.363+0700] {dag.py:3954} INFO - Setting next_dagrun for example_sensor_decorator to None, run_after=None
[2025-07-18T09:27:21.389+0700] {processor.py:183} INFO - Processing /home/menglim/airflow_venv/lib/python3.12/site-packages/airflow/example_dags/example_sensor_decorator.py took 0.061 seconds
[2025-07-18T09:28:06.626+0700] {processor.py:161} INFO - Started process (PID=7366) to work on /home/menglim/airflow_venv/lib/python3.12/site-packages/airflow/example_dags/example_sensor_decorator.py
[2025-07-18T09:28:06.629+0700] {processor.py:830} INFO - Processing file /home/menglim/airflow_venv/lib/python3.12/site-packages/airflow/example_dags/example_sensor_decorator.py for tasks to queue
[2025-07-18T09:28:06.630+0700] {logging_mixin.py:188} INFO - [2025-07-18T09:28:06.629+0700] {dagbag.py:545} INFO - Filling up the DagBag from /home/menglim/airflow_venv/lib/python3.12/site-packages/airflow/example_dags/example_sensor_decorator.py
[2025-07-18T09:28:06.633+0700] {processor.py:840} INFO - DAG(s) 'example_sensor_decorator' retrieved from /home/menglim/airflow_venv/lib/python3.12/site-packages/airflow/example_dags/example_sensor_decorator.py
[2025-07-18T09:28:06.642+0700] {logging_mixin.py:188} INFO - [2025-07-18T09:28:06.642+0700] {dag.py:3096} INFO - Sync 1 DAGs
[2025-07-18T09:28:06.648+0700] {logging_mixin.py:188} INFO - [2025-07-18T09:28:06.648+0700] {dag.py:3954} INFO - Setting next_dagrun for example_sensor_decorator to None, run_after=None
[2025-07-18T09:28:06.669+0700] {processor.py:183} INFO - Processing /home/menglim/airflow_venv/lib/python3.12/site-packages/airflow/example_dags/example_sensor_decorator.py took 0.045 seconds
[2025-07-18T09:28:44.372+0700] {processor.py:161} INFO - Started process (PID=7437) to work on /home/menglim/airflow_venv/lib/python3.12/site-packages/airflow/example_dags/example_sensor_decorator.py
[2025-07-18T09:28:44.375+0700] {processor.py:830} INFO - Processing file /home/menglim/airflow_venv/lib/python3.12/site-packages/airflow/example_dags/example_sensor_decorator.py for tasks to queue
[2025-07-18T09:28:44.375+0700] {logging_mixin.py:188} INFO - [2025-07-18T09:28:44.375+0700] {dagbag.py:545} INFO - Filling up the DagBag from /home/menglim/airflow_venv/lib/python3.12/site-packages/airflow/example_dags/example_sensor_decorator.py
[2025-07-18T09:28:44.378+0700] {processor.py:840} INFO - DAG(s) 'example_sensor_decorator' retrieved from /home/menglim/airflow_venv/lib/python3.12/site-packages/airflow/example_dags/example_sensor_decorator.py
[2025-07-18T09:28:44.387+0700] {logging_mixin.py:188} INFO - [2025-07-18T09:28:44.387+0700] {dag.py:3096} INFO - Sync 1 DAGs
[2025-07-18T09:28:44.393+0700] {logging_mixin.py:188} INFO - [2025-07-18T09:28:44.393+0700] {dag.py:3954} INFO - Setting next_dagrun for example_sensor_decorator to None, run_after=None
[2025-07-18T09:28:44.414+0700] {processor.py:183} INFO - Processing /home/menglim/airflow_venv/lib/python3.12/site-packages/airflow/example_dags/example_sensor_decorator.py took 0.046 seconds
[2025-07-18T09:29:34.860+0700] {processor.py:161} INFO - Started process (PID=7536) to work on /home/menglim/airflow_venv/lib/python3.12/site-packages/airflow/example_dags/example_sensor_decorator.py
[2025-07-18T09:29:34.862+0700] {processor.py:830} INFO - Processing file /home/menglim/airflow_venv/lib/python3.12/site-packages/airflow/example_dags/example_sensor_decorator.py for tasks to queue
[2025-07-18T09:29:34.863+0700] {logging_mixin.py:188} INFO - [2025-07-18T09:29:34.862+0700] {dagbag.py:545} INFO - Filling up the DagBag from /home/menglim/airflow_venv/lib/python3.12/site-packages/airflow/example_dags/example_sensor_decorator.py
[2025-07-18T09:29:34.869+0700] {processor.py:840} INFO - DAG(s) 'example_sensor_decorator' retrieved from /home/menglim/airflow_venv/lib/python3.12/site-packages/airflow/example_dags/example_sensor_decorator.py
[2025-07-18T09:29:34.880+0700] {logging_mixin.py:188} INFO - [2025-07-18T09:29:34.879+0700] {dag.py:3096} INFO - Sync 1 DAGs
[2025-07-18T09:29:34.889+0700] {logging_mixin.py:188} INFO - [2025-07-18T09:29:34.889+0700] {dag.py:3954} INFO - Setting next_dagrun for example_sensor_decorator to None, run_after=None
[2025-07-18T09:29:34.909+0700] {processor.py:183} INFO - Processing /home/menglim/airflow_venv/lib/python3.12/site-packages/airflow/example_dags/example_sensor_decorator.py took 0.052 seconds
[2025-07-18T09:30:22.861+0700] {processor.py:161} INFO - Started process (PID=7598) to work on /home/menglim/airflow_venv/lib/python3.12/site-packages/airflow/example_dags/example_sensor_decorator.py
[2025-07-18T09:30:22.862+0700] {processor.py:830} INFO - Processing file /home/menglim/airflow_venv/lib/python3.12/site-packages/airflow/example_dags/example_sensor_decorator.py for tasks to queue
[2025-07-18T09:30:22.863+0700] {logging_mixin.py:188} INFO - [2025-07-18T09:30:22.863+0700] {dagbag.py:545} INFO - Filling up the DagBag from /home/menglim/airflow_venv/lib/python3.12/site-packages/airflow/example_dags/example_sensor_decorator.py
[2025-07-18T09:30:22.866+0700] {processor.py:840} INFO - DAG(s) 'example_sensor_decorator' retrieved from /home/menglim/airflow_venv/lib/python3.12/site-packages/airflow/example_dags/example_sensor_decorator.py
[2025-07-18T09:30:22.878+0700] {logging_mixin.py:188} INFO - [2025-07-18T09:30:22.877+0700] {dag.py:3096} INFO - Sync 1 DAGs
[2025-07-18T09:30:22.885+0700] {logging_mixin.py:188} INFO - [2025-07-18T09:30:22.885+0700] {dag.py:3954} INFO - Setting next_dagrun for example_sensor_decorator to None, run_after=None
[2025-07-18T09:30:22.911+0700] {processor.py:183} INFO - Processing /home/menglim/airflow_venv/lib/python3.12/site-packages/airflow/example_dags/example_sensor_decorator.py took 0.053 seconds
[2025-07-18T09:31:13.827+0700] {processor.py:161} INFO - Started process (PID=7675) to work on /home/menglim/airflow_venv/lib/python3.12/site-packages/airflow/example_dags/example_sensor_decorator.py
[2025-07-18T09:31:13.854+0700] {processor.py:830} INFO - Processing file /home/menglim/airflow_venv/lib/python3.12/site-packages/airflow/example_dags/example_sensor_decorator.py for tasks to queue
[2025-07-18T09:31:13.855+0700] {logging_mixin.py:188} INFO - [2025-07-18T09:31:13.854+0700] {dagbag.py:545} INFO - Filling up the DagBag from /home/menglim/airflow_venv/lib/python3.12/site-packages/airflow/example_dags/example_sensor_decorator.py
[2025-07-18T09:31:13.860+0700] {processor.py:840} INFO - DAG(s) 'example_sensor_decorator' retrieved from /home/menglim/airflow_venv/lib/python3.12/site-packages/airflow/example_dags/example_sensor_decorator.py
[2025-07-18T09:31:13.869+0700] {logging_mixin.py:188} INFO - [2025-07-18T09:31:13.869+0700] {dag.py:3096} INFO - Sync 1 DAGs
[2025-07-18T09:31:13.875+0700] {logging_mixin.py:188} INFO - [2025-07-18T09:31:13.875+0700] {dag.py:3954} INFO - Setting next_dagrun for example_sensor_decorator to None, run_after=None
[2025-07-18T09:31:13.909+0700] {processor.py:183} INFO - Processing /home/menglim/airflow_venv/lib/python3.12/site-packages/airflow/example_dags/example_sensor_decorator.py took 0.086 seconds
[2025-07-18T09:32:02.731+0700] {processor.py:161} INFO - Started process (PID=7755) to work on /home/menglim/airflow_venv/lib/python3.12/site-packages/airflow/example_dags/example_sensor_decorator.py
[2025-07-18T09:32:02.732+0700] {processor.py:830} INFO - Processing file /home/menglim/airflow_venv/lib/python3.12/site-packages/airflow/example_dags/example_sensor_decorator.py for tasks to queue
[2025-07-18T09:32:02.733+0700] {logging_mixin.py:188} INFO - [2025-07-18T09:32:02.732+0700] {dagbag.py:545} INFO - Filling up the DagBag from /home/menglim/airflow_venv/lib/python3.12/site-packages/airflow/example_dags/example_sensor_decorator.py
[2025-07-18T09:32:02.736+0700] {processor.py:840} INFO - DAG(s) 'example_sensor_decorator' retrieved from /home/menglim/airflow_venv/lib/python3.12/site-packages/airflow/example_dags/example_sensor_decorator.py
[2025-07-18T09:32:02.745+0700] {logging_mixin.py:188} INFO - [2025-07-18T09:32:02.745+0700] {dag.py:3096} INFO - Sync 1 DAGs
[2025-07-18T09:32:02.751+0700] {logging_mixin.py:188} INFO - [2025-07-18T09:32:02.751+0700] {dag.py:3954} INFO - Setting next_dagrun for example_sensor_decorator to None, run_after=None
[2025-07-18T09:32:02.772+0700] {processor.py:183} INFO - Processing /home/menglim/airflow_venv/lib/python3.12/site-packages/airflow/example_dags/example_sensor_decorator.py took 0.045 seconds
[2025-07-18T09:32:53.619+0700] {processor.py:161} INFO - Started process (PID=7836) to work on /home/menglim/airflow_venv/lib/python3.12/site-packages/airflow/example_dags/example_sensor_decorator.py
[2025-07-18T09:32:53.622+0700] {processor.py:830} INFO - Processing file /home/menglim/airflow_venv/lib/python3.12/site-packages/airflow/example_dags/example_sensor_decorator.py for tasks to queue
[2025-07-18T09:32:53.622+0700] {logging_mixin.py:188} INFO - [2025-07-18T09:32:53.622+0700] {dagbag.py:545} INFO - Filling up the DagBag from /home/menglim/airflow_venv/lib/python3.12/site-packages/airflow/example_dags/example_sensor_decorator.py
[2025-07-18T09:32:53.626+0700] {processor.py:840} INFO - DAG(s) 'example_sensor_decorator' retrieved from /home/menglim/airflow_venv/lib/python3.12/site-packages/airflow/example_dags/example_sensor_decorator.py
[2025-07-18T09:32:53.635+0700] {logging_mixin.py:188} INFO - [2025-07-18T09:32:53.635+0700] {dag.py:3096} INFO - Sync 1 DAGs
[2025-07-18T09:32:53.641+0700] {logging_mixin.py:188} INFO - [2025-07-18T09:32:53.641+0700] {dag.py:3954} INFO - Setting next_dagrun for example_sensor_decorator to None, run_after=None
[2025-07-18T09:32:53.662+0700] {processor.py:183} INFO - Processing /home/menglim/airflow_venv/lib/python3.12/site-packages/airflow/example_dags/example_sensor_decorator.py took 0.046 seconds
[2025-07-18T09:33:44.374+0700] {processor.py:161} INFO - Started process (PID=7913) to work on /home/menglim/airflow_venv/lib/python3.12/site-packages/airflow/example_dags/example_sensor_decorator.py
[2025-07-18T09:33:44.376+0700] {processor.py:830} INFO - Processing file /home/menglim/airflow_venv/lib/python3.12/site-packages/airflow/example_dags/example_sensor_decorator.py for tasks to queue
[2025-07-18T09:33:44.377+0700] {logging_mixin.py:188} INFO - [2025-07-18T09:33:44.377+0700] {dagbag.py:545} INFO - Filling up the DagBag from /home/menglim/airflow_venv/lib/python3.12/site-packages/airflow/example_dags/example_sensor_decorator.py
[2025-07-18T09:33:44.381+0700] {processor.py:840} INFO - DAG(s) 'example_sensor_decorator' retrieved from /home/menglim/airflow_venv/lib/python3.12/site-packages/airflow/example_dags/example_sensor_decorator.py
[2025-07-18T09:33:44.391+0700] {logging_mixin.py:188} INFO - [2025-07-18T09:33:44.390+0700] {dag.py:3096} INFO - Sync 1 DAGs
[2025-07-18T09:33:44.397+0700] {logging_mixin.py:188} INFO - [2025-07-18T09:33:44.397+0700] {dag.py:3954} INFO - Setting next_dagrun for example_sensor_decorator to None, run_after=None
[2025-07-18T09:33:44.417+0700] {processor.py:183} INFO - Processing /home/menglim/airflow_venv/lib/python3.12/site-packages/airflow/example_dags/example_sensor_decorator.py took 0.047 seconds
[2025-07-18T09:34:36.305+0700] {processor.py:161} INFO - Started process (PID=8068) to work on /home/menglim/airflow_venv/lib/python3.12/site-packages/airflow/example_dags/example_sensor_decorator.py
[2025-07-18T09:34:36.308+0700] {processor.py:830} INFO - Processing file /home/menglim/airflow_venv/lib/python3.12/site-packages/airflow/example_dags/example_sensor_decorator.py for tasks to queue
[2025-07-18T09:34:36.308+0700] {logging_mixin.py:188} INFO - [2025-07-18T09:34:36.308+0700] {dagbag.py:545} INFO - Filling up the DagBag from /home/menglim/airflow_venv/lib/python3.12/site-packages/airflow/example_dags/example_sensor_decorator.py
[2025-07-18T09:34:36.312+0700] {processor.py:840} INFO - DAG(s) 'example_sensor_decorator' retrieved from /home/menglim/airflow_venv/lib/python3.12/site-packages/airflow/example_dags/example_sensor_decorator.py
[2025-07-18T09:34:36.321+0700] {logging_mixin.py:188} INFO - [2025-07-18T09:34:36.321+0700] {dag.py:3096} INFO - Sync 1 DAGs
[2025-07-18T09:34:36.327+0700] {logging_mixin.py:188} INFO - [2025-07-18T09:34:36.327+0700] {dag.py:3954} INFO - Setting next_dagrun for example_sensor_decorator to None, run_after=None
[2025-07-18T09:34:36.347+0700] {processor.py:183} INFO - Processing /home/menglim/airflow_venv/lib/python3.12/site-packages/airflow/example_dags/example_sensor_decorator.py took 0.046 seconds
[2025-07-18T09:35:27.307+0700] {processor.py:161} INFO - Started process (PID=8154) to work on /home/menglim/airflow_venv/lib/python3.12/site-packages/airflow/example_dags/example_sensor_decorator.py
[2025-07-18T09:35:27.308+0700] {processor.py:830} INFO - Processing file /home/menglim/airflow_venv/lib/python3.12/site-packages/airflow/example_dags/example_sensor_decorator.py for tasks to queue
[2025-07-18T09:35:27.309+0700] {logging_mixin.py:188} INFO - [2025-07-18T09:35:27.308+0700] {dagbag.py:545} INFO - Filling up the DagBag from /home/menglim/airflow_venv/lib/python3.12/site-packages/airflow/example_dags/example_sensor_decorator.py
[2025-07-18T09:35:27.312+0700] {processor.py:840} INFO - DAG(s) 'example_sensor_decorator' retrieved from /home/menglim/airflow_venv/lib/python3.12/site-packages/airflow/example_dags/example_sensor_decorator.py
[2025-07-18T09:35:27.322+0700] {logging_mixin.py:188} INFO - [2025-07-18T09:35:27.322+0700] {dag.py:3096} INFO - Sync 1 DAGs
[2025-07-18T09:35:27.329+0700] {logging_mixin.py:188} INFO - [2025-07-18T09:35:27.329+0700] {dag.py:3954} INFO - Setting next_dagrun for example_sensor_decorator to None, run_after=None
[2025-07-18T09:35:27.352+0700] {processor.py:183} INFO - Processing /home/menglim/airflow_venv/lib/python3.12/site-packages/airflow/example_dags/example_sensor_decorator.py took 0.048 seconds
[2025-07-18T09:36:20.443+0700] {processor.py:161} INFO - Started process (PID=8242) to work on /home/menglim/airflow_venv/lib/python3.12/site-packages/airflow/example_dags/example_sensor_decorator.py
[2025-07-18T09:36:20.444+0700] {processor.py:830} INFO - Processing file /home/menglim/airflow_venv/lib/python3.12/site-packages/airflow/example_dags/example_sensor_decorator.py for tasks to queue
[2025-07-18T09:36:20.445+0700] {logging_mixin.py:188} INFO - [2025-07-18T09:36:20.444+0700] {dagbag.py:545} INFO - Filling up the DagBag from /home/menglim/airflow_venv/lib/python3.12/site-packages/airflow/example_dags/example_sensor_decorator.py
[2025-07-18T09:36:20.452+0700] {processor.py:840} INFO - DAG(s) 'example_sensor_decorator' retrieved from /home/menglim/airflow_venv/lib/python3.12/site-packages/airflow/example_dags/example_sensor_decorator.py
[2025-07-18T09:36:20.467+0700] {logging_mixin.py:188} INFO - [2025-07-18T09:36:20.467+0700] {dag.py:3096} INFO - Sync 1 DAGs
[2025-07-18T09:36:20.474+0700] {logging_mixin.py:188} INFO - [2025-07-18T09:36:20.473+0700] {dag.py:3954} INFO - Setting next_dagrun for example_sensor_decorator to None, run_after=None
[2025-07-18T09:36:20.494+0700] {processor.py:183} INFO - Processing /home/menglim/airflow_venv/lib/python3.12/site-packages/airflow/example_dags/example_sensor_decorator.py took 0.059 seconds
[2025-07-18T09:37:22.901+0700] {processor.py:161} INFO - Started process (PID=8338) to work on /home/menglim/airflow_venv/lib/python3.12/site-packages/airflow/example_dags/example_sensor_decorator.py
[2025-07-18T09:37:22.906+0700] {processor.py:830} INFO - Processing file /home/menglim/airflow_venv/lib/python3.12/site-packages/airflow/example_dags/example_sensor_decorator.py for tasks to queue
[2025-07-18T09:37:22.909+0700] {logging_mixin.py:188} INFO - [2025-07-18T09:37:22.909+0700] {dagbag.py:545} INFO - Filling up the DagBag from /home/menglim/airflow_venv/lib/python3.12/site-packages/airflow/example_dags/example_sensor_decorator.py
[2025-07-18T09:37:22.926+0700] {processor.py:840} INFO - DAG(s) 'example_sensor_decorator' retrieved from /home/menglim/airflow_venv/lib/python3.12/site-packages/airflow/example_dags/example_sensor_decorator.py
[2025-07-18T09:37:22.966+0700] {logging_mixin.py:188} INFO - [2025-07-18T09:37:22.965+0700] {dag.py:3096} INFO - Sync 1 DAGs
[2025-07-18T09:37:22.991+0700] {logging_mixin.py:188} INFO - [2025-07-18T09:37:22.990+0700] {dag.py:3954} INFO - Setting next_dagrun for example_sensor_decorator to None, run_after=None
[2025-07-18T09:37:23.053+0700] {processor.py:183} INFO - Processing /home/menglim/airflow_venv/lib/python3.12/site-packages/airflow/example_dags/example_sensor_decorator.py took 0.167 seconds
