[2025-07-18T09:00:47.840+0700] {processor.py:161} INFO - Started process (PID=3284) to work on /home/menglim/airflow_venv/lib/python3.12/site-packages/airflow/example_dags/example_latest_only_with_trigger.py
[2025-07-18T09:00:47.841+0700] {processor.py:830} INFO - Processing file /home/menglim/airflow_venv/lib/python3.12/site-packages/airflow/example_dags/example_latest_only_with_trigger.py for tasks to queue
[2025-07-18T09:00:47.842+0700] {logging_mixin.py:188} INFO - [2025-07-18T09:00:47.842+0700] {dagbag.py:545} INFO - Filling up the DagBag from /home/menglim/airflow_venv/lib/python3.12/site-packages/airflow/example_dags/example_latest_only_with_trigger.py
[2025-07-18T09:00:47.846+0700] {processor.py:840} INFO - DAG(s) 'latest_only_with_trigger' retrieved from /home/menglim/airflow_venv/lib/python3.12/site-packages/airflow/example_dags/example_latest_only_with_trigger.py
[2025-07-18T09:00:47.891+0700] {logging_mixin.py:188} INFO - [2025-07-18T09:00:47.891+0700] {dag.py:3096} INFO - Sync 1 DAGs
[2025-07-18T09:00:47.900+0700] {logging_mixin.py:188} INFO - [2025-07-18T09:00:47.900+0700] {dag.py:3954} INFO - Setting next_dagrun for latest_only_with_trigger to 2025-07-17 20:00:00+00:00, run_after=2025-07-18 00:00:00+00:00
[2025-07-18T09:00:47.922+0700] {processor.py:183} INFO - Processing /home/menglim/airflow_venv/lib/python3.12/site-packages/airflow/example_dags/example_latest_only_with_trigger.py took 0.085 seconds
[2025-07-18T09:02:05.030+0700] {processor.py:161} INFO - Started process (PID=3446) to work on /home/menglim/airflow_venv/lib/python3.12/site-packages/airflow/example_dags/example_latest_only_with_trigger.py
[2025-07-18T09:02:05.032+0700] {processor.py:830} INFO - Processing file /home/menglim/airflow_venv/lib/python3.12/site-packages/airflow/example_dags/example_latest_only_with_trigger.py for tasks to queue
[2025-07-18T09:02:05.033+0700] {logging_mixin.py:188} INFO - [2025-07-18T09:02:05.033+0700] {dagbag.py:545} INFO - Filling up the DagBag from /home/menglim/airflow_venv/lib/python3.12/site-packages/airflow/example_dags/example_latest_only_with_trigger.py
[2025-07-18T09:02:05.036+0700] {processor.py:840} INFO - DAG(s) 'latest_only_with_trigger' retrieved from /home/menglim/airflow_venv/lib/python3.12/site-packages/airflow/example_dags/example_latest_only_with_trigger.py
[2025-07-18T09:02:05.047+0700] {logging_mixin.py:188} INFO - [2025-07-18T09:02:05.047+0700] {dag.py:3096} INFO - Sync 1 DAGs
[2025-07-18T09:02:05.058+0700] {logging_mixin.py:188} INFO - [2025-07-18T09:02:05.058+0700] {dag.py:3954} INFO - Setting next_dagrun for latest_only_with_trigger to 2025-07-17 20:00:00+00:00, run_after=2025-07-18 00:00:00+00:00
[2025-07-18T09:02:05.080+0700] {processor.py:183} INFO - Processing /home/menglim/airflow_venv/lib/python3.12/site-packages/airflow/example_dags/example_latest_only_with_trigger.py took 0.053 seconds
[2025-07-18T09:03:10.509+0700] {processor.py:161} INFO - Started process (PID=3606) to work on /home/menglim/airflow_venv/lib/python3.12/site-packages/airflow/example_dags/example_latest_only_with_trigger.py
[2025-07-18T09:03:10.512+0700] {processor.py:830} INFO - Processing file /home/menglim/airflow_venv/lib/python3.12/site-packages/airflow/example_dags/example_latest_only_with_trigger.py for tasks to queue
[2025-07-18T09:03:10.513+0700] {logging_mixin.py:188} INFO - [2025-07-18T09:03:10.513+0700] {dagbag.py:545} INFO - Filling up the DagBag from /home/menglim/airflow_venv/lib/python3.12/site-packages/airflow/example_dags/example_latest_only_with_trigger.py
[2025-07-18T09:03:10.516+0700] {processor.py:840} INFO - DAG(s) 'latest_only_with_trigger' retrieved from /home/menglim/airflow_venv/lib/python3.12/site-packages/airflow/example_dags/example_latest_only_with_trigger.py
[2025-07-18T09:03:10.526+0700] {logging_mixin.py:188} INFO - [2025-07-18T09:03:10.526+0700] {dag.py:3096} INFO - Sync 1 DAGs
[2025-07-18T09:03:10.536+0700] {logging_mixin.py:188} INFO - [2025-07-18T09:03:10.536+0700] {dag.py:3954} INFO - Setting next_dagrun for latest_only_with_trigger to 2025-07-17 20:00:00+00:00, run_after=2025-07-18 00:00:00+00:00
[2025-07-18T09:03:10.558+0700] {processor.py:183} INFO - Processing /home/menglim/airflow_venv/lib/python3.12/site-packages/airflow/example_dags/example_latest_only_with_trigger.py took 0.051 seconds
[2025-07-18T09:04:28.634+0700] {processor.py:161} INFO - Started process (PID=3745) to work on /home/menglim/airflow_venv/lib/python3.12/site-packages/airflow/example_dags/example_latest_only_with_trigger.py
[2025-07-18T09:04:28.635+0700] {processor.py:830} INFO - Processing file /home/menglim/airflow_venv/lib/python3.12/site-packages/airflow/example_dags/example_latest_only_with_trigger.py for tasks to queue
[2025-07-18T09:04:28.636+0700] {logging_mixin.py:188} INFO - [2025-07-18T09:04:28.636+0700] {dagbag.py:545} INFO - Filling up the DagBag from /home/menglim/airflow_venv/lib/python3.12/site-packages/airflow/example_dags/example_latest_only_with_trigger.py
[2025-07-18T09:04:28.640+0700] {processor.py:840} INFO - DAG(s) 'latest_only_with_trigger' retrieved from /home/menglim/airflow_venv/lib/python3.12/site-packages/airflow/example_dags/example_latest_only_with_trigger.py
[2025-07-18T09:04:28.650+0700] {logging_mixin.py:188} INFO - [2025-07-18T09:04:28.650+0700] {dag.py:3096} INFO - Sync 1 DAGs
[2025-07-18T09:04:28.661+0700] {logging_mixin.py:188} INFO - [2025-07-18T09:04:28.661+0700] {dag.py:3954} INFO - Setting next_dagrun for latest_only_with_trigger to 2025-07-17 20:00:00+00:00, run_after=2025-07-18 00:00:00+00:00
[2025-07-18T09:04:28.684+0700] {processor.py:183} INFO - Processing /home/menglim/airflow_venv/lib/python3.12/site-packages/airflow/example_dags/example_latest_only_with_trigger.py took 0.053 seconds
[2025-07-18T09:05:28.234+0700] {processor.py:161} INFO - Started process (PID=3868) to work on /home/menglim/airflow_venv/lib/python3.12/site-packages/airflow/example_dags/example_latest_only_with_trigger.py
[2025-07-18T09:05:28.237+0700] {processor.py:830} INFO - Processing file /home/menglim/airflow_venv/lib/python3.12/site-packages/airflow/example_dags/example_latest_only_with_trigger.py for tasks to queue
[2025-07-18T09:05:28.241+0700] {logging_mixin.py:188} INFO - [2025-07-18T09:05:28.240+0700] {dagbag.py:545} INFO - Filling up the DagBag from /home/menglim/airflow_venv/lib/python3.12/site-packages/airflow/example_dags/example_latest_only_with_trigger.py
[2025-07-18T09:05:28.255+0700] {processor.py:840} INFO - DAG(s) 'latest_only_with_trigger' retrieved from /home/menglim/airflow_venv/lib/python3.12/site-packages/airflow/example_dags/example_latest_only_with_trigger.py
[2025-07-18T09:05:28.285+0700] {logging_mixin.py:188} INFO - [2025-07-18T09:05:28.284+0700] {dag.py:3096} INFO - Sync 1 DAGs
[2025-07-18T09:05:28.309+0700] {logging_mixin.py:188} INFO - [2025-07-18T09:05:28.308+0700] {dag.py:3954} INFO - Setting next_dagrun for latest_only_with_trigger to 2025-07-17 20:00:00+00:00, run_after=2025-07-18 00:00:00+00:00
[2025-07-18T09:05:28.351+0700] {processor.py:183} INFO - Processing /home/menglim/airflow_venv/lib/python3.12/site-packages/airflow/example_dags/example_latest_only_with_trigger.py took 0.125 seconds
[2025-07-18T09:06:24.309+0700] {processor.py:161} INFO - Started process (PID=3948) to work on /home/menglim/airflow_venv/lib/python3.12/site-packages/airflow/example_dags/example_latest_only_with_trigger.py
[2025-07-18T09:06:24.313+0700] {processor.py:830} INFO - Processing file /home/menglim/airflow_venv/lib/python3.12/site-packages/airflow/example_dags/example_latest_only_with_trigger.py for tasks to queue
[2025-07-18T09:06:24.314+0700] {logging_mixin.py:188} INFO - [2025-07-18T09:06:24.313+0700] {dagbag.py:545} INFO - Filling up the DagBag from /home/menglim/airflow_venv/lib/python3.12/site-packages/airflow/example_dags/example_latest_only_with_trigger.py
[2025-07-18T09:06:24.317+0700] {processor.py:840} INFO - DAG(s) 'latest_only_with_trigger' retrieved from /home/menglim/airflow_venv/lib/python3.12/site-packages/airflow/example_dags/example_latest_only_with_trigger.py
[2025-07-18T09:06:24.328+0700] {logging_mixin.py:188} INFO - [2025-07-18T09:06:24.327+0700] {dag.py:3096} INFO - Sync 1 DAGs
[2025-07-18T09:06:24.340+0700] {logging_mixin.py:188} INFO - [2025-07-18T09:06:24.340+0700] {dag.py:3954} INFO - Setting next_dagrun for latest_only_with_trigger to 2025-07-17 20:00:00+00:00, run_after=2025-07-18 00:00:00+00:00
[2025-07-18T09:06:24.394+0700] {processor.py:183} INFO - Processing /home/menglim/airflow_venv/lib/python3.12/site-packages/airflow/example_dags/example_latest_only_with_trigger.py took 0.088 seconds
[2025-07-18T09:07:52.682+0700] {processor.py:161} INFO - Started process (PID=4107) to work on /home/menglim/airflow_venv/lib/python3.12/site-packages/airflow/example_dags/example_latest_only_with_trigger.py
[2025-07-18T09:07:52.684+0700] {processor.py:830} INFO - Processing file /home/menglim/airflow_venv/lib/python3.12/site-packages/airflow/example_dags/example_latest_only_with_trigger.py for tasks to queue
[2025-07-18T09:07:52.685+0700] {logging_mixin.py:188} INFO - [2025-07-18T09:07:52.685+0700] {dagbag.py:545} INFO - Filling up the DagBag from /home/menglim/airflow_venv/lib/python3.12/site-packages/airflow/example_dags/example_latest_only_with_trigger.py
[2025-07-18T09:07:52.688+0700] {processor.py:840} INFO - DAG(s) 'latest_only_with_trigger' retrieved from /home/menglim/airflow_venv/lib/python3.12/site-packages/airflow/example_dags/example_latest_only_with_trigger.py
[2025-07-18T09:07:52.697+0700] {logging_mixin.py:188} INFO - [2025-07-18T09:07:52.697+0700] {dag.py:3096} INFO - Sync 1 DAGs
[2025-07-18T09:07:52.707+0700] {logging_mixin.py:188} INFO - [2025-07-18T09:07:52.707+0700] {dag.py:3954} INFO - Setting next_dagrun for latest_only_with_trigger to 2025-07-17 20:00:00+00:00, run_after=2025-07-18 00:00:00+00:00
[2025-07-18T09:07:52.728+0700] {processor.py:183} INFO - Processing /home/menglim/airflow_venv/lib/python3.12/site-packages/airflow/example_dags/example_latest_only_with_trigger.py took 0.049 seconds
[2025-07-18T09:08:47.964+0700] {processor.py:161} INFO - Started process (PID=4208) to work on /home/menglim/airflow_venv/lib/python3.12/site-packages/airflow/example_dags/example_latest_only_with_trigger.py
[2025-07-18T09:08:47.967+0700] {processor.py:830} INFO - Processing file /home/menglim/airflow_venv/lib/python3.12/site-packages/airflow/example_dags/example_latest_only_with_trigger.py for tasks to queue
[2025-07-18T09:08:47.967+0700] {logging_mixin.py:188} INFO - [2025-07-18T09:08:47.967+0700] {dagbag.py:545} INFO - Filling up the DagBag from /home/menglim/airflow_venv/lib/python3.12/site-packages/airflow/example_dags/example_latest_only_with_trigger.py
[2025-07-18T09:08:47.970+0700] {processor.py:840} INFO - DAG(s) 'latest_only_with_trigger' retrieved from /home/menglim/airflow_venv/lib/python3.12/site-packages/airflow/example_dags/example_latest_only_with_trigger.py
[2025-07-18T09:08:47.980+0700] {logging_mixin.py:188} INFO - [2025-07-18T09:08:47.980+0700] {dag.py:3096} INFO - Sync 1 DAGs
[2025-07-18T09:08:47.989+0700] {logging_mixin.py:188} INFO - [2025-07-18T09:08:47.989+0700] {dag.py:3954} INFO - Setting next_dagrun for latest_only_with_trigger to 2025-07-17 20:00:00+00:00, run_after=2025-07-18 00:00:00+00:00
[2025-07-18T09:08:48.011+0700] {processor.py:183} INFO - Processing /home/menglim/airflow_venv/lib/python3.12/site-packages/airflow/example_dags/example_latest_only_with_trigger.py took 0.049 seconds
[2025-07-18T09:10:02.017+0700] {processor.py:161} INFO - Started process (PID=4361) to work on /home/menglim/airflow_venv/lib/python3.12/site-packages/airflow/example_dags/example_latest_only_with_trigger.py
[2025-07-18T09:10:02.019+0700] {processor.py:830} INFO - Processing file /home/menglim/airflow_venv/lib/python3.12/site-packages/airflow/example_dags/example_latest_only_with_trigger.py for tasks to queue
[2025-07-18T09:10:02.020+0700] {logging_mixin.py:188} INFO - [2025-07-18T09:10:02.019+0700] {dagbag.py:545} INFO - Filling up the DagBag from /home/menglim/airflow_venv/lib/python3.12/site-packages/airflow/example_dags/example_latest_only_with_trigger.py
[2025-07-18T09:10:02.023+0700] {processor.py:840} INFO - DAG(s) 'latest_only_with_trigger' retrieved from /home/menglim/airflow_venv/lib/python3.12/site-packages/airflow/example_dags/example_latest_only_with_trigger.py
[2025-07-18T09:10:02.033+0700] {logging_mixin.py:188} INFO - [2025-07-18T09:10:02.032+0700] {dag.py:3096} INFO - Sync 1 DAGs
[2025-07-18T09:10:02.042+0700] {logging_mixin.py:188} INFO - [2025-07-18T09:10:02.042+0700] {dag.py:3954} INFO - Setting next_dagrun for latest_only_with_trigger to 2025-07-17 20:00:00+00:00, run_after=2025-07-18 00:00:00+00:00
[2025-07-18T09:10:02.064+0700] {processor.py:183} INFO - Processing /home/menglim/airflow_venv/lib/python3.12/site-packages/airflow/example_dags/example_latest_only_with_trigger.py took 0.051 seconds
[2025-07-18T09:11:33.120+0700] {processor.py:161} INFO - Started process (PID=4551) to work on /home/menglim/airflow_venv/lib/python3.12/site-packages/airflow/example_dags/example_latest_only_with_trigger.py
[2025-07-18T09:11:33.122+0700] {processor.py:830} INFO - Processing file /home/menglim/airflow_venv/lib/python3.12/site-packages/airflow/example_dags/example_latest_only_with_trigger.py for tasks to queue
[2025-07-18T09:11:33.123+0700] {logging_mixin.py:188} INFO - [2025-07-18T09:11:33.123+0700] {dagbag.py:545} INFO - Filling up the DagBag from /home/menglim/airflow_venv/lib/python3.12/site-packages/airflow/example_dags/example_latest_only_with_trigger.py
[2025-07-18T09:11:33.126+0700] {processor.py:840} INFO - DAG(s) 'latest_only_with_trigger' retrieved from /home/menglim/airflow_venv/lib/python3.12/site-packages/airflow/example_dags/example_latest_only_with_trigger.py
[2025-07-18T09:11:33.135+0700] {logging_mixin.py:188} INFO - [2025-07-18T09:11:33.135+0700] {dag.py:3096} INFO - Sync 1 DAGs
[2025-07-18T09:11:33.146+0700] {logging_mixin.py:188} INFO - [2025-07-18T09:11:33.145+0700] {dag.py:3954} INFO - Setting next_dagrun for latest_only_with_trigger to 2025-07-17 20:00:00+00:00, run_after=2025-07-18 00:00:00+00:00
[2025-07-18T09:11:33.169+0700] {processor.py:183} INFO - Processing /home/menglim/airflow_venv/lib/python3.12/site-packages/airflow/example_dags/example_latest_only_with_trigger.py took 0.052 seconds
[2025-07-18T09:12:55.006+0700] {processor.py:161} INFO - Started process (PID=4690) to work on /home/menglim/airflow_venv/lib/python3.12/site-packages/airflow/example_dags/example_latest_only_with_trigger.py
[2025-07-18T09:12:55.007+0700] {processor.py:830} INFO - Processing file /home/menglim/airflow_venv/lib/python3.12/site-packages/airflow/example_dags/example_latest_only_with_trigger.py for tasks to queue
[2025-07-18T09:12:55.008+0700] {logging_mixin.py:188} INFO - [2025-07-18T09:12:55.008+0700] {dagbag.py:545} INFO - Filling up the DagBag from /home/menglim/airflow_venv/lib/python3.12/site-packages/airflow/example_dags/example_latest_only_with_trigger.py
[2025-07-18T09:12:55.011+0700] {processor.py:840} INFO - DAG(s) 'latest_only_with_trigger' retrieved from /home/menglim/airflow_venv/lib/python3.12/site-packages/airflow/example_dags/example_latest_only_with_trigger.py
[2025-07-18T09:12:55.020+0700] {logging_mixin.py:188} INFO - [2025-07-18T09:12:55.020+0700] {dag.py:3096} INFO - Sync 1 DAGs
[2025-07-18T09:12:55.030+0700] {logging_mixin.py:188} INFO - [2025-07-18T09:12:55.030+0700] {dag.py:3954} INFO - Setting next_dagrun for latest_only_with_trigger to 2025-07-17 20:00:00+00:00, run_after=2025-07-18 00:00:00+00:00
[2025-07-18T09:12:55.055+0700] {processor.py:183} INFO - Processing /home/menglim/airflow_venv/lib/python3.12/site-packages/airflow/example_dags/example_latest_only_with_trigger.py took 0.051 seconds
[2025-07-18T09:14:03.694+0700] {processor.py:161} INFO - Started process (PID=5316) to work on /home/menglim/airflow_venv/lib/python3.12/site-packages/airflow/example_dags/example_latest_only_with_trigger.py
[2025-07-18T09:14:03.697+0700] {processor.py:830} INFO - Processing file /home/menglim/airflow_venv/lib/python3.12/site-packages/airflow/example_dags/example_latest_only_with_trigger.py for tasks to queue
[2025-07-18T09:14:03.697+0700] {logging_mixin.py:188} INFO - [2025-07-18T09:14:03.697+0700] {dagbag.py:545} INFO - Filling up the DagBag from /home/menglim/airflow_venv/lib/python3.12/site-packages/airflow/example_dags/example_latest_only_with_trigger.py
[2025-07-18T09:14:03.701+0700] {processor.py:840} INFO - DAG(s) 'latest_only_with_trigger' retrieved from /home/menglim/airflow_venv/lib/python3.12/site-packages/airflow/example_dags/example_latest_only_with_trigger.py
[2025-07-18T09:14:03.712+0700] {logging_mixin.py:188} INFO - [2025-07-18T09:14:03.711+0700] {dag.py:3096} INFO - Sync 1 DAGs
[2025-07-18T09:14:03.723+0700] {logging_mixin.py:188} INFO - [2025-07-18T09:14:03.723+0700] {dag.py:3954} INFO - Setting next_dagrun for latest_only_with_trigger to 2025-07-17 20:00:00+00:00, run_after=2025-07-18 00:00:00+00:00
[2025-07-18T09:14:03.745+0700] {processor.py:183} INFO - Processing /home/menglim/airflow_venv/lib/python3.12/site-packages/airflow/example_dags/example_latest_only_with_trigger.py took 0.055 seconds
[2025-07-18T09:15:04.583+0700] {processor.py:161} INFO - Started process (PID=5423) to work on /home/menglim/airflow_venv/lib/python3.12/site-packages/airflow/example_dags/example_latest_only_with_trigger.py
[2025-07-18T09:15:04.585+0700] {processor.py:830} INFO - Processing file /home/menglim/airflow_venv/lib/python3.12/site-packages/airflow/example_dags/example_latest_only_with_trigger.py for tasks to queue
[2025-07-18T09:15:04.586+0700] {logging_mixin.py:188} INFO - [2025-07-18T09:15:04.585+0700] {dagbag.py:545} INFO - Filling up the DagBag from /home/menglim/airflow_venv/lib/python3.12/site-packages/airflow/example_dags/example_latest_only_with_trigger.py
[2025-07-18T09:15:04.593+0700] {processor.py:840} INFO - DAG(s) 'latest_only_with_trigger' retrieved from /home/menglim/airflow_venv/lib/python3.12/site-packages/airflow/example_dags/example_latest_only_with_trigger.py
[2025-07-18T09:15:04.616+0700] {logging_mixin.py:188} INFO - [2025-07-18T09:15:04.615+0700] {dag.py:3096} INFO - Sync 1 DAGs
[2025-07-18T09:15:04.639+0700] {logging_mixin.py:188} INFO - [2025-07-18T09:15:04.638+0700] {dag.py:3954} INFO - Setting next_dagrun for latest_only_with_trigger to 2025-07-17 20:00:00+00:00, run_after=2025-07-18 00:00:00+00:00
[2025-07-18T09:15:04.678+0700] {processor.py:183} INFO - Processing /home/menglim/airflow_venv/lib/python3.12/site-packages/airflow/example_dags/example_latest_only_with_trigger.py took 0.104 seconds
[2025-07-18T09:16:09.119+0700] {processor.py:161} INFO - Started process (PID=5555) to work on /home/menglim/airflow_venv/lib/python3.12/site-packages/airflow/example_dags/example_latest_only_with_trigger.py
[2025-07-18T09:16:09.124+0700] {processor.py:830} INFO - Processing file /home/menglim/airflow_venv/lib/python3.12/site-packages/airflow/example_dags/example_latest_only_with_trigger.py for tasks to queue
[2025-07-18T09:16:09.124+0700] {logging_mixin.py:188} INFO - [2025-07-18T09:16:09.124+0700] {dagbag.py:545} INFO - Filling up the DagBag from /home/menglim/airflow_venv/lib/python3.12/site-packages/airflow/example_dags/example_latest_only_with_trigger.py
[2025-07-18T09:16:09.128+0700] {processor.py:840} INFO - DAG(s) 'latest_only_with_trigger' retrieved from /home/menglim/airflow_venv/lib/python3.12/site-packages/airflow/example_dags/example_latest_only_with_trigger.py
[2025-07-18T09:16:09.138+0700] {logging_mixin.py:188} INFO - [2025-07-18T09:16:09.138+0700] {dag.py:3096} INFO - Sync 1 DAGs
[2025-07-18T09:16:09.148+0700] {logging_mixin.py:188} INFO - [2025-07-18T09:16:09.148+0700] {dag.py:3954} INFO - Setting next_dagrun for latest_only_with_trigger to 2025-07-17 20:00:00+00:00, run_after=2025-07-18 00:00:00+00:00
[2025-07-18T09:16:09.251+0700] {processor.py:183} INFO - Processing /home/menglim/airflow_venv/lib/python3.12/site-packages/airflow/example_dags/example_latest_only_with_trigger.py took 0.136 seconds
[2025-07-18T09:17:34.613+0700] {processor.py:161} INFO - Started process (PID=5830) to work on /home/menglim/airflow_venv/lib/python3.12/site-packages/airflow/example_dags/example_latest_only_with_trigger.py
[2025-07-18T09:17:34.613+0700] {processor.py:830} INFO - Processing file /home/menglim/airflow_venv/lib/python3.12/site-packages/airflow/example_dags/example_latest_only_with_trigger.py for tasks to queue
[2025-07-18T09:17:34.614+0700] {logging_mixin.py:188} INFO - [2025-07-18T09:17:34.614+0700] {dagbag.py:545} INFO - Filling up the DagBag from /home/menglim/airflow_venv/lib/python3.12/site-packages/airflow/example_dags/example_latest_only_with_trigger.py
[2025-07-18T09:17:34.617+0700] {processor.py:840} INFO - DAG(s) 'latest_only_with_trigger' retrieved from /home/menglim/airflow_venv/lib/python3.12/site-packages/airflow/example_dags/example_latest_only_with_trigger.py
[2025-07-18T09:17:34.626+0700] {logging_mixin.py:188} INFO - [2025-07-18T09:17:34.626+0700] {dag.py:3096} INFO - Sync 1 DAGs
[2025-07-18T09:17:34.637+0700] {logging_mixin.py:188} INFO - [2025-07-18T09:17:34.637+0700] {dag.py:3954} INFO - Setting next_dagrun for latest_only_with_trigger to 2025-07-17 20:00:00+00:00, run_after=2025-07-18 00:00:00+00:00
[2025-07-18T09:17:34.716+0700] {processor.py:183} INFO - Processing /home/menglim/airflow_venv/lib/python3.12/site-packages/airflow/example_dags/example_latest_only_with_trigger.py took 0.108 seconds
[2025-07-18T09:18:37.467+0700] {processor.py:161} INFO - Started process (PID=5950) to work on /home/menglim/airflow_venv/lib/python3.12/site-packages/airflow/example_dags/example_latest_only_with_trigger.py
[2025-07-18T09:18:37.468+0700] {processor.py:830} INFO - Processing file /home/menglim/airflow_venv/lib/python3.12/site-packages/airflow/example_dags/example_latest_only_with_trigger.py for tasks to queue
[2025-07-18T09:18:37.468+0700] {logging_mixin.py:188} INFO - [2025-07-18T09:18:37.468+0700] {dagbag.py:545} INFO - Filling up the DagBag from /home/menglim/airflow_venv/lib/python3.12/site-packages/airflow/example_dags/example_latest_only_with_trigger.py
[2025-07-18T09:18:37.473+0700] {processor.py:840} INFO - DAG(s) 'latest_only_with_trigger' retrieved from /home/menglim/airflow_venv/lib/python3.12/site-packages/airflow/example_dags/example_latest_only_with_trigger.py
[2025-07-18T09:18:37.484+0700] {logging_mixin.py:188} INFO - [2025-07-18T09:18:37.484+0700] {dag.py:3096} INFO - Sync 1 DAGs
[2025-07-18T09:18:37.494+0700] {logging_mixin.py:188} INFO - [2025-07-18T09:18:37.494+0700] {dag.py:3954} INFO - Setting next_dagrun for latest_only_with_trigger to 2025-07-17 20:00:00+00:00, run_after=2025-07-18 00:00:00+00:00
[2025-07-18T09:18:37.516+0700] {processor.py:183} INFO - Processing /home/menglim/airflow_venv/lib/python3.12/site-packages/airflow/example_dags/example_latest_only_with_trigger.py took 0.052 seconds
[2025-07-18T09:19:53.018+0700] {processor.py:161} INFO - Started process (PID=6115) to work on /home/menglim/airflow_venv/lib/python3.12/site-packages/airflow/example_dags/example_latest_only_with_trigger.py
[2025-07-18T09:19:53.020+0700] {processor.py:830} INFO - Processing file /home/menglim/airflow_venv/lib/python3.12/site-packages/airflow/example_dags/example_latest_only_with_trigger.py for tasks to queue
[2025-07-18T09:19:53.021+0700] {logging_mixin.py:188} INFO - [2025-07-18T09:19:53.021+0700] {dagbag.py:545} INFO - Filling up the DagBag from /home/menglim/airflow_venv/lib/python3.12/site-packages/airflow/example_dags/example_latest_only_with_trigger.py
[2025-07-18T09:19:53.024+0700] {processor.py:840} INFO - DAG(s) 'latest_only_with_trigger' retrieved from /home/menglim/airflow_venv/lib/python3.12/site-packages/airflow/example_dags/example_latest_only_with_trigger.py
[2025-07-18T09:19:53.034+0700] {logging_mixin.py:188} INFO - [2025-07-18T09:19:53.034+0700] {dag.py:3096} INFO - Sync 1 DAGs
[2025-07-18T09:19:53.045+0700] {logging_mixin.py:188} INFO - [2025-07-18T09:19:53.045+0700] {dag.py:3954} INFO - Setting next_dagrun for latest_only_with_trigger to 2025-07-17 20:00:00+00:00, run_after=2025-07-18 00:00:00+00:00
[2025-07-18T09:19:53.065+0700] {processor.py:183} INFO - Processing /home/menglim/airflow_venv/lib/python3.12/site-packages/airflow/example_dags/example_latest_only_with_trigger.py took 0.050 seconds
[2025-07-18T09:20:51.343+0700] {processor.py:161} INFO - Started process (PID=6239) to work on /home/menglim/airflow_venv/lib/python3.12/site-packages/airflow/example_dags/example_latest_only_with_trigger.py
[2025-07-18T09:20:51.344+0700] {processor.py:830} INFO - Processing file /home/menglim/airflow_venv/lib/python3.12/site-packages/airflow/example_dags/example_latest_only_with_trigger.py for tasks to queue
[2025-07-18T09:20:51.345+0700] {logging_mixin.py:188} INFO - [2025-07-18T09:20:51.344+0700] {dagbag.py:545} INFO - Filling up the DagBag from /home/menglim/airflow_venv/lib/python3.12/site-packages/airflow/example_dags/example_latest_only_with_trigger.py
[2025-07-18T09:20:51.348+0700] {processor.py:840} INFO - DAG(s) 'latest_only_with_trigger' retrieved from /home/menglim/airflow_venv/lib/python3.12/site-packages/airflow/example_dags/example_latest_only_with_trigger.py
[2025-07-18T09:20:51.357+0700] {logging_mixin.py:188} INFO - [2025-07-18T09:20:51.357+0700] {dag.py:3096} INFO - Sync 1 DAGs
[2025-07-18T09:20:51.367+0700] {logging_mixin.py:188} INFO - [2025-07-18T09:20:51.366+0700] {dag.py:3954} INFO - Setting next_dagrun for latest_only_with_trigger to 2025-07-17 20:00:00+00:00, run_after=2025-07-18 00:00:00+00:00
[2025-07-18T09:20:51.393+0700] {processor.py:183} INFO - Processing /home/menglim/airflow_venv/lib/python3.12/site-packages/airflow/example_dags/example_latest_only_with_trigger.py took 0.053 seconds
[2025-07-18T09:22:16.251+0700] {processor.py:161} INFO - Started process (PID=6538) to work on /home/menglim/airflow_venv/lib/python3.12/site-packages/airflow/example_dags/example_latest_only_with_trigger.py
[2025-07-18T09:22:16.251+0700] {processor.py:830} INFO - Processing file /home/menglim/airflow_venv/lib/python3.12/site-packages/airflow/example_dags/example_latest_only_with_trigger.py for tasks to queue
[2025-07-18T09:22:16.252+0700] {logging_mixin.py:188} INFO - [2025-07-18T09:22:16.252+0700] {dagbag.py:545} INFO - Filling up the DagBag from /home/menglim/airflow_venv/lib/python3.12/site-packages/airflow/example_dags/example_latest_only_with_trigger.py
[2025-07-18T09:22:16.256+0700] {processor.py:840} INFO - DAG(s) 'latest_only_with_trigger' retrieved from /home/menglim/airflow_venv/lib/python3.12/site-packages/airflow/example_dags/example_latest_only_with_trigger.py
[2025-07-18T09:22:16.266+0700] {logging_mixin.py:188} INFO - [2025-07-18T09:22:16.266+0700] {dag.py:3096} INFO - Sync 1 DAGs
[2025-07-18T09:22:16.276+0700] {logging_mixin.py:188} INFO - [2025-07-18T09:22:16.276+0700] {dag.py:3954} INFO - Setting next_dagrun for latest_only_with_trigger to 2025-07-17 20:00:00+00:00, run_after=2025-07-18 00:00:00+00:00
[2025-07-18T09:22:16.297+0700] {processor.py:183} INFO - Processing /home/menglim/airflow_venv/lib/python3.12/site-packages/airflow/example_dags/example_latest_only_with_trigger.py took 0.050 seconds
[2025-07-18T09:23:28.442+0700] {processor.py:161} INFO - Started process (PID=6724) to work on /home/menglim/airflow_venv/lib/python3.12/site-packages/airflow/example_dags/example_latest_only_with_trigger.py
[2025-07-18T09:23:28.446+0700] {processor.py:830} INFO - Processing file /home/menglim/airflow_venv/lib/python3.12/site-packages/airflow/example_dags/example_latest_only_with_trigger.py for tasks to queue
[2025-07-18T09:23:28.447+0700] {logging_mixin.py:188} INFO - [2025-07-18T09:23:28.446+0700] {dagbag.py:545} INFO - Filling up the DagBag from /home/menglim/airflow_venv/lib/python3.12/site-packages/airflow/example_dags/example_latest_only_with_trigger.py
[2025-07-18T09:23:28.454+0700] {processor.py:840} INFO - DAG(s) 'latest_only_with_trigger' retrieved from /home/menglim/airflow_venv/lib/python3.12/site-packages/airflow/example_dags/example_latest_only_with_trigger.py
[2025-07-18T09:23:28.474+0700] {logging_mixin.py:188} INFO - [2025-07-18T09:23:28.474+0700] {dag.py:3096} INFO - Sync 1 DAGs
[2025-07-18T09:23:28.497+0700] {logging_mixin.py:188} INFO - [2025-07-18T09:23:28.496+0700] {dag.py:3954} INFO - Setting next_dagrun for latest_only_with_trigger to 2025-07-17 20:00:00+00:00, run_after=2025-07-18 00:00:00+00:00
[2025-07-18T09:23:28.536+0700] {processor.py:183} INFO - Processing /home/menglim/airflow_venv/lib/python3.12/site-packages/airflow/example_dags/example_latest_only_with_trigger.py took 0.101 seconds
[2025-07-18T09:24:45.146+0700] {processor.py:161} INFO - Started process (PID=6933) to work on /home/menglim/airflow_venv/lib/python3.12/site-packages/airflow/example_dags/example_latest_only_with_trigger.py
[2025-07-18T09:24:45.148+0700] {processor.py:830} INFO - Processing file /home/menglim/airflow_venv/lib/python3.12/site-packages/airflow/example_dags/example_latest_only_with_trigger.py for tasks to queue
[2025-07-18T09:24:45.149+0700] {logging_mixin.py:188} INFO - [2025-07-18T09:24:45.148+0700] {dagbag.py:545} INFO - Filling up the DagBag from /home/menglim/airflow_venv/lib/python3.12/site-packages/airflow/example_dags/example_latest_only_with_trigger.py
[2025-07-18T09:24:45.153+0700] {processor.py:840} INFO - DAG(s) 'latest_only_with_trigger' retrieved from /home/menglim/airflow_venv/lib/python3.12/site-packages/airflow/example_dags/example_latest_only_with_trigger.py
[2025-07-18T09:24:45.164+0700] {logging_mixin.py:188} INFO - [2025-07-18T09:24:45.164+0700] {dag.py:3096} INFO - Sync 1 DAGs
[2025-07-18T09:24:45.175+0700] {logging_mixin.py:188} INFO - [2025-07-18T09:24:45.175+0700] {dag.py:3954} INFO - Setting next_dagrun for latest_only_with_trigger to 2025-07-17 20:00:00+00:00, run_after=2025-07-18 00:00:00+00:00
[2025-07-18T09:24:45.195+0700] {processor.py:183} INFO - Processing /home/menglim/airflow_venv/lib/python3.12/site-packages/airflow/example_dags/example_latest_only_with_trigger.py took 0.053 seconds
[2025-07-18T09:26:16.370+0700] {processor.py:161} INFO - Started process (PID=7150) to work on /home/menglim/airflow_venv/lib/python3.12/site-packages/airflow/example_dags/example_latest_only_with_trigger.py
[2025-07-18T09:26:16.372+0700] {processor.py:830} INFO - Processing file /home/menglim/airflow_venv/lib/python3.12/site-packages/airflow/example_dags/example_latest_only_with_trigger.py for tasks to queue
[2025-07-18T09:26:16.372+0700] {logging_mixin.py:188} INFO - [2025-07-18T09:26:16.372+0700] {dagbag.py:545} INFO - Filling up the DagBag from /home/menglim/airflow_venv/lib/python3.12/site-packages/airflow/example_dags/example_latest_only_with_trigger.py
[2025-07-18T09:26:16.376+0700] {processor.py:840} INFO - DAG(s) 'latest_only_with_trigger' retrieved from /home/menglim/airflow_venv/lib/python3.12/site-packages/airflow/example_dags/example_latest_only_with_trigger.py
[2025-07-18T09:26:16.385+0700] {logging_mixin.py:188} INFO - [2025-07-18T09:26:16.385+0700] {dag.py:3096} INFO - Sync 1 DAGs
[2025-07-18T09:26:16.395+0700] {logging_mixin.py:188} INFO - [2025-07-18T09:26:16.395+0700] {dag.py:3954} INFO - Setting next_dagrun for latest_only_with_trigger to 2025-07-17 20:00:00+00:00, run_after=2025-07-18 00:00:00+00:00
[2025-07-18T09:26:16.417+0700] {processor.py:183} INFO - Processing /home/menglim/airflow_venv/lib/python3.12/site-packages/airflow/example_dags/example_latest_only_with_trigger.py took 0.050 seconds
[2025-07-18T09:28:00.478+0700] {processor.py:161} INFO - Started process (PID=7345) to work on /home/menglim/airflow_venv/lib/python3.12/site-packages/airflow/example_dags/example_latest_only_with_trigger.py
[2025-07-18T09:28:00.481+0700] {processor.py:830} INFO - Processing file /home/menglim/airflow_venv/lib/python3.12/site-packages/airflow/example_dags/example_latest_only_with_trigger.py for tasks to queue
[2025-07-18T09:28:00.481+0700] {logging_mixin.py:188} INFO - [2025-07-18T09:28:00.481+0700] {dagbag.py:545} INFO - Filling up the DagBag from /home/menglim/airflow_venv/lib/python3.12/site-packages/airflow/example_dags/example_latest_only_with_trigger.py
[2025-07-18T09:28:00.485+0700] {processor.py:840} INFO - DAG(s) 'latest_only_with_trigger' retrieved from /home/menglim/airflow_venv/lib/python3.12/site-packages/airflow/example_dags/example_latest_only_with_trigger.py
[2025-07-18T09:28:00.494+0700] {logging_mixin.py:188} INFO - [2025-07-18T09:28:00.494+0700] {dag.py:3096} INFO - Sync 1 DAGs
[2025-07-18T09:28:00.503+0700] {logging_mixin.py:188} INFO - [2025-07-18T09:28:00.503+0700] {dag.py:3954} INFO - Setting next_dagrun for latest_only_with_trigger to 2025-07-17 20:00:00+00:00, run_after=2025-07-18 00:00:00+00:00
[2025-07-18T09:28:00.524+0700] {processor.py:183} INFO - Processing /home/menglim/airflow_venv/lib/python3.12/site-packages/airflow/example_dags/example_latest_only_with_trigger.py took 0.049 seconds
[2025-07-18T09:29:01.978+0700] {processor.py:161} INFO - Started process (PID=7452) to work on /home/menglim/airflow_venv/lib/python3.12/site-packages/airflow/example_dags/example_latest_only_with_trigger.py
[2025-07-18T09:29:01.980+0700] {processor.py:830} INFO - Processing file /home/menglim/airflow_venv/lib/python3.12/site-packages/airflow/example_dags/example_latest_only_with_trigger.py for tasks to queue
[2025-07-18T09:29:01.981+0700] {logging_mixin.py:188} INFO - [2025-07-18T09:29:01.981+0700] {dagbag.py:545} INFO - Filling up the DagBag from /home/menglim/airflow_venv/lib/python3.12/site-packages/airflow/example_dags/example_latest_only_with_trigger.py
[2025-07-18T09:29:01.984+0700] {processor.py:840} INFO - DAG(s) 'latest_only_with_trigger' retrieved from /home/menglim/airflow_venv/lib/python3.12/site-packages/airflow/example_dags/example_latest_only_with_trigger.py
[2025-07-18T09:29:01.993+0700] {logging_mixin.py:188} INFO - [2025-07-18T09:29:01.993+0700] {dag.py:3096} INFO - Sync 1 DAGs
[2025-07-18T09:29:02.003+0700] {logging_mixin.py:188} INFO - [2025-07-18T09:29:02.003+0700] {dag.py:3954} INFO - Setting next_dagrun for latest_only_with_trigger to 2025-07-17 20:00:00+00:00, run_after=2025-07-18 00:00:00+00:00
[2025-07-18T09:29:02.024+0700] {processor.py:183} INFO - Processing /home/menglim/airflow_venv/lib/python3.12/site-packages/airflow/example_dags/example_latest_only_with_trigger.py took 0.051 seconds
[2025-07-18T09:30:16.598+0700] {processor.py:161} INFO - Started process (PID=7577) to work on /home/menglim/airflow_venv/lib/python3.12/site-packages/airflow/example_dags/example_latest_only_with_trigger.py
[2025-07-18T09:30:16.599+0700] {processor.py:830} INFO - Processing file /home/menglim/airflow_venv/lib/python3.12/site-packages/airflow/example_dags/example_latest_only_with_trigger.py for tasks to queue
[2025-07-18T09:30:16.600+0700] {logging_mixin.py:188} INFO - [2025-07-18T09:30:16.600+0700] {dagbag.py:545} INFO - Filling up the DagBag from /home/menglim/airflow_venv/lib/python3.12/site-packages/airflow/example_dags/example_latest_only_with_trigger.py
[2025-07-18T09:30:16.603+0700] {processor.py:840} INFO - DAG(s) 'latest_only_with_trigger' retrieved from /home/menglim/airflow_venv/lib/python3.12/site-packages/airflow/example_dags/example_latest_only_with_trigger.py
[2025-07-18T09:30:16.612+0700] {logging_mixin.py:188} INFO - [2025-07-18T09:30:16.612+0700] {dag.py:3096} INFO - Sync 1 DAGs
[2025-07-18T09:30:16.622+0700] {logging_mixin.py:188} INFO - [2025-07-18T09:30:16.622+0700] {dag.py:3954} INFO - Setting next_dagrun for latest_only_with_trigger to 2025-07-17 20:00:00+00:00, run_after=2025-07-18 00:00:00+00:00
[2025-07-18T09:30:16.643+0700] {processor.py:183} INFO - Processing /home/menglim/airflow_venv/lib/python3.12/site-packages/airflow/example_dags/example_latest_only_with_trigger.py took 0.048 seconds
[2025-07-18T09:31:29.523+0700] {processor.py:161} INFO - Started process (PID=7707) to work on /home/menglim/airflow_venv/lib/python3.12/site-packages/airflow/example_dags/example_latest_only_with_trigger.py
[2025-07-18T09:31:29.526+0700] {processor.py:830} INFO - Processing file /home/menglim/airflow_venv/lib/python3.12/site-packages/airflow/example_dags/example_latest_only_with_trigger.py for tasks to queue
[2025-07-18T09:31:29.526+0700] {logging_mixin.py:188} INFO - [2025-07-18T09:31:29.526+0700] {dagbag.py:545} INFO - Filling up the DagBag from /home/menglim/airflow_venv/lib/python3.12/site-packages/airflow/example_dags/example_latest_only_with_trigger.py
[2025-07-18T09:31:29.530+0700] {processor.py:840} INFO - DAG(s) 'latest_only_with_trigger' retrieved from /home/menglim/airflow_venv/lib/python3.12/site-packages/airflow/example_dags/example_latest_only_with_trigger.py
[2025-07-18T09:31:29.539+0700] {logging_mixin.py:188} INFO - [2025-07-18T09:31:29.539+0700] {dag.py:3096} INFO - Sync 1 DAGs
[2025-07-18T09:31:29.549+0700] {logging_mixin.py:188} INFO - [2025-07-18T09:31:29.549+0700] {dag.py:3954} INFO - Setting next_dagrun for latest_only_with_trigger to 2025-07-17 20:00:00+00:00, run_after=2025-07-18 00:00:00+00:00
[2025-07-18T09:31:29.571+0700] {processor.py:183} INFO - Processing /home/menglim/airflow_venv/lib/python3.12/site-packages/airflow/example_dags/example_latest_only_with_trigger.py took 0.052 seconds
[2025-07-18T09:32:26.599+0700] {processor.py:161} INFO - Started process (PID=7792) to work on /home/menglim/airflow_venv/lib/python3.12/site-packages/airflow/example_dags/example_latest_only_with_trigger.py
[2025-07-18T09:32:26.602+0700] {processor.py:830} INFO - Processing file /home/menglim/airflow_venv/lib/python3.12/site-packages/airflow/example_dags/example_latest_only_with_trigger.py for tasks to queue
[2025-07-18T09:32:26.602+0700] {logging_mixin.py:188} INFO - [2025-07-18T09:32:26.602+0700] {dagbag.py:545} INFO - Filling up the DagBag from /home/menglim/airflow_venv/lib/python3.12/site-packages/airflow/example_dags/example_latest_only_with_trigger.py
[2025-07-18T09:32:26.606+0700] {processor.py:840} INFO - DAG(s) 'latest_only_with_trigger' retrieved from /home/menglim/airflow_venv/lib/python3.12/site-packages/airflow/example_dags/example_latest_only_with_trigger.py
[2025-07-18T09:32:26.615+0700] {logging_mixin.py:188} INFO - [2025-07-18T09:32:26.615+0700] {dag.py:3096} INFO - Sync 1 DAGs
[2025-07-18T09:32:26.625+0700] {logging_mixin.py:188} INFO - [2025-07-18T09:32:26.625+0700] {dag.py:3954} INFO - Setting next_dagrun for latest_only_with_trigger to 2025-07-17 20:00:00+00:00, run_after=2025-07-18 00:00:00+00:00
[2025-07-18T09:32:26.646+0700] {processor.py:183} INFO - Processing /home/menglim/airflow_venv/lib/python3.12/site-packages/airflow/example_dags/example_latest_only_with_trigger.py took 0.051 seconds
[2025-07-18T09:33:40.018+0700] {processor.py:161} INFO - Started process (PID=7894) to work on /home/menglim/airflow_venv/lib/python3.12/site-packages/airflow/example_dags/example_latest_only_with_trigger.py
[2025-07-18T09:33:40.021+0700] {processor.py:830} INFO - Processing file /home/menglim/airflow_venv/lib/python3.12/site-packages/airflow/example_dags/example_latest_only_with_trigger.py for tasks to queue
[2025-07-18T09:33:40.021+0700] {logging_mixin.py:188} INFO - [2025-07-18T09:33:40.021+0700] {dagbag.py:545} INFO - Filling up the DagBag from /home/menglim/airflow_venv/lib/python3.12/site-packages/airflow/example_dags/example_latest_only_with_trigger.py
[2025-07-18T09:33:40.025+0700] {processor.py:840} INFO - DAG(s) 'latest_only_with_trigger' retrieved from /home/menglim/airflow_venv/lib/python3.12/site-packages/airflow/example_dags/example_latest_only_with_trigger.py
[2025-07-18T09:33:40.034+0700] {logging_mixin.py:188} INFO - [2025-07-18T09:33:40.034+0700] {dag.py:3096} INFO - Sync 1 DAGs
[2025-07-18T09:33:40.044+0700] {logging_mixin.py:188} INFO - [2025-07-18T09:33:40.044+0700] {dag.py:3954} INFO - Setting next_dagrun for latest_only_with_trigger to 2025-07-17 20:00:00+00:00, run_after=2025-07-18 00:00:00+00:00
[2025-07-18T09:33:40.065+0700] {processor.py:183} INFO - Processing /home/menglim/airflow_venv/lib/python3.12/site-packages/airflow/example_dags/example_latest_only_with_trigger.py took 0.051 seconds
[2025-07-18T09:34:56.351+0700] {processor.py:161} INFO - Started process (PID=8103) to work on /home/menglim/airflow_venv/lib/python3.12/site-packages/airflow/example_dags/example_latest_only_with_trigger.py
[2025-07-18T09:34:56.353+0700] {processor.py:830} INFO - Processing file /home/menglim/airflow_venv/lib/python3.12/site-packages/airflow/example_dags/example_latest_only_with_trigger.py for tasks to queue
[2025-07-18T09:34:56.353+0700] {logging_mixin.py:188} INFO - [2025-07-18T09:34:56.353+0700] {dagbag.py:545} INFO - Filling up the DagBag from /home/menglim/airflow_venv/lib/python3.12/site-packages/airflow/example_dags/example_latest_only_with_trigger.py
[2025-07-18T09:34:56.357+0700] {processor.py:840} INFO - DAG(s) 'latest_only_with_trigger' retrieved from /home/menglim/airflow_venv/lib/python3.12/site-packages/airflow/example_dags/example_latest_only_with_trigger.py
[2025-07-18T09:34:56.366+0700] {logging_mixin.py:188} INFO - [2025-07-18T09:34:56.366+0700] {dag.py:3096} INFO - Sync 1 DAGs
[2025-07-18T09:34:56.376+0700] {logging_mixin.py:188} INFO - [2025-07-18T09:34:56.376+0700] {dag.py:3954} INFO - Setting next_dagrun for latest_only_with_trigger to 2025-07-17 20:00:00+00:00, run_after=2025-07-18 00:00:00+00:00
[2025-07-18T09:34:56.397+0700] {processor.py:183} INFO - Processing /home/menglim/airflow_venv/lib/python3.12/site-packages/airflow/example_dags/example_latest_only_with_trigger.py took 0.049 seconds
[2025-07-18T09:36:14.156+0700] {processor.py:161} INFO - Started process (PID=8221) to work on /home/menglim/airflow_venv/lib/python3.12/site-packages/airflow/example_dags/example_latest_only_with_trigger.py
[2025-07-18T09:36:14.158+0700] {processor.py:830} INFO - Processing file /home/menglim/airflow_venv/lib/python3.12/site-packages/airflow/example_dags/example_latest_only_with_trigger.py for tasks to queue
[2025-07-18T09:36:14.159+0700] {logging_mixin.py:188} INFO - [2025-07-18T09:36:14.158+0700] {dagbag.py:545} INFO - Filling up the DagBag from /home/menglim/airflow_venv/lib/python3.12/site-packages/airflow/example_dags/example_latest_only_with_trigger.py
[2025-07-18T09:36:14.162+0700] {processor.py:840} INFO - DAG(s) 'latest_only_with_trigger' retrieved from /home/menglim/airflow_venv/lib/python3.12/site-packages/airflow/example_dags/example_latest_only_with_trigger.py
[2025-07-18T09:36:14.173+0700] {logging_mixin.py:188} INFO - [2025-07-18T09:36:14.173+0700] {dag.py:3096} INFO - Sync 1 DAGs
[2025-07-18T09:36:14.184+0700] {logging_mixin.py:188} INFO - [2025-07-18T09:36:14.183+0700] {dag.py:3954} INFO - Setting next_dagrun for latest_only_with_trigger to 2025-07-17 20:00:00+00:00, run_after=2025-07-18 00:00:00+00:00
[2025-07-18T09:36:14.206+0700] {processor.py:183} INFO - Processing /home/menglim/airflow_venv/lib/python3.12/site-packages/airflow/example_dags/example_latest_only_with_trigger.py took 0.054 seconds
[2025-07-18T09:37:15.442+0700] {processor.py:161} INFO - Started process (PID=8318) to work on /home/menglim/airflow_venv/lib/python3.12/site-packages/airflow/example_dags/example_latest_only_with_trigger.py
[2025-07-18T09:37:15.444+0700] {processor.py:830} INFO - Processing file /home/menglim/airflow_venv/lib/python3.12/site-packages/airflow/example_dags/example_latest_only_with_trigger.py for tasks to queue
[2025-07-18T09:37:15.446+0700] {logging_mixin.py:188} INFO - [2025-07-18T09:37:15.445+0700] {dagbag.py:545} INFO - Filling up the DagBag from /home/menglim/airflow_venv/lib/python3.12/site-packages/airflow/example_dags/example_latest_only_with_trigger.py
[2025-07-18T09:37:15.456+0700] {processor.py:840} INFO - DAG(s) 'latest_only_with_trigger' retrieved from /home/menglim/airflow_venv/lib/python3.12/site-packages/airflow/example_dags/example_latest_only_with_trigger.py
[2025-07-18T09:37:15.481+0700] {logging_mixin.py:188} INFO - [2025-07-18T09:37:15.480+0700] {dag.py:3096} INFO - Sync 1 DAGs
[2025-07-18T09:37:15.509+0700] {logging_mixin.py:188} INFO - [2025-07-18T09:37:15.509+0700] {dag.py:3954} INFO - Setting next_dagrun for latest_only_with_trigger to 2025-07-17 20:00:00+00:00, run_after=2025-07-18 00:00:00+00:00
[2025-07-18T09:37:15.557+0700] {processor.py:183} INFO - Processing /home/menglim/airflow_venv/lib/python3.12/site-packages/airflow/example_dags/example_latest_only_with_trigger.py took 0.119 seconds
