[2025-07-18T09:00:34.772+0700] {processor.py:161} INFO - Started process (PID=3273) to work on /home/menglim/airflow_venv/lib/python3.12/site-packages/airflow/example_dags/example_branch_day_of_week_operator.py
[2025-07-18T09:00:34.772+0700] {processor.py:830} INFO - Processing file /home/menglim/airflow_venv/lib/python3.12/site-packages/airflow/example_dags/example_branch_day_of_week_operator.py for tasks to queue
[2025-07-18T09:00:34.773+0700] {logging_mixin.py:188} INFO - [2025-07-18T09:00:34.773+0700] {dagbag.py:545} INFO - Filling up the DagBag from /home/menglim/airflow_venv/lib/python3.12/site-packages/airflow/example_dags/example_branch_day_of_week_operator.py
[2025-07-18T09:00:34.777+0700] {processor.py:840} INFO - DAG(s) 'example_weekday_branch_operator' retrieved from /home/menglim/airflow_venv/lib/python3.12/site-packages/airflow/example_dags/example_branch_day_of_week_operator.py
[2025-07-18T09:00:34.824+0700] {logging_mixin.py:188} INFO - [2025-07-18T09:00:34.824+0700] {dag.py:3096} INFO - Sync 1 DAGs
[2025-07-18T09:00:34.832+0700] {logging_mixin.py:188} INFO - [2025-07-18T09:00:34.832+0700] {dag.py:3954} INFO - Setting next_dagrun for example_weekday_branch_operator to 2025-07-17 00:00:00+00:00, run_after=2025-07-18 00:00:00+00:00
[2025-07-18T09:00:34.854+0700] {processor.py:183} INFO - Processing /home/menglim/airflow_venv/lib/python3.12/site-packages/airflow/example_dags/example_branch_day_of_week_operator.py took 0.085 seconds
[2025-07-18T09:01:31.650+0700] {processor.py:161} INFO - Started process (PID=3355) to work on /home/menglim/airflow_venv/lib/python3.12/site-packages/airflow/example_dags/example_branch_day_of_week_operator.py
[2025-07-18T09:01:31.651+0700] {processor.py:830} INFO - Processing file /home/menglim/airflow_venv/lib/python3.12/site-packages/airflow/example_dags/example_branch_day_of_week_operator.py for tasks to queue
[2025-07-18T09:01:31.653+0700] {logging_mixin.py:188} INFO - [2025-07-18T09:01:31.652+0700] {dagbag.py:545} INFO - Filling up the DagBag from /home/menglim/airflow_venv/lib/python3.12/site-packages/airflow/example_dags/example_branch_day_of_week_operator.py
[2025-07-18T09:01:31.660+0700] {processor.py:840} INFO - DAG(s) 'example_weekday_branch_operator' retrieved from /home/menglim/airflow_venv/lib/python3.12/site-packages/airflow/example_dags/example_branch_day_of_week_operator.py
[2025-07-18T09:01:31.676+0700] {logging_mixin.py:188} INFO - [2025-07-18T09:01:31.676+0700] {dag.py:3096} INFO - Sync 1 DAGs
[2025-07-18T09:01:31.691+0700] {logging_mixin.py:188} INFO - [2025-07-18T09:01:31.691+0700] {dag.py:3954} INFO - Setting next_dagrun for example_weekday_branch_operator to 2025-07-17 00:00:00+00:00, run_after=2025-07-18 00:00:00+00:00
[2025-07-18T09:01:31.715+0700] {processor.py:183} INFO - Processing /home/menglim/airflow_venv/lib/python3.12/site-packages/airflow/example_dags/example_branch_day_of_week_operator.py took 0.070 seconds
[2025-07-18T09:02:35.441+0700] {processor.py:161} INFO - Started process (PID=3535) to work on /home/menglim/airflow_venv/lib/python3.12/site-packages/airflow/example_dags/example_branch_day_of_week_operator.py
[2025-07-18T09:02:35.442+0700] {processor.py:830} INFO - Processing file /home/menglim/airflow_venv/lib/python3.12/site-packages/airflow/example_dags/example_branch_day_of_week_operator.py for tasks to queue
[2025-07-18T09:02:35.443+0700] {logging_mixin.py:188} INFO - [2025-07-18T09:02:35.443+0700] {dagbag.py:545} INFO - Filling up the DagBag from /home/menglim/airflow_venv/lib/python3.12/site-packages/airflow/example_dags/example_branch_day_of_week_operator.py
[2025-07-18T09:02:35.448+0700] {processor.py:840} INFO - DAG(s) 'example_weekday_branch_operator' retrieved from /home/menglim/airflow_venv/lib/python3.12/site-packages/airflow/example_dags/example_branch_day_of_week_operator.py
[2025-07-18T09:02:35.458+0700] {logging_mixin.py:188} INFO - [2025-07-18T09:02:35.458+0700] {dag.py:3096} INFO - Sync 1 DAGs
[2025-07-18T09:02:35.469+0700] {logging_mixin.py:188} INFO - [2025-07-18T09:02:35.469+0700] {dag.py:3954} INFO - Setting next_dagrun for example_weekday_branch_operator to 2025-07-17 00:00:00+00:00, run_after=2025-07-18 00:00:00+00:00
[2025-07-18T09:02:35.489+0700] {processor.py:183} INFO - Processing /home/menglim/airflow_venv/lib/python3.12/site-packages/airflow/example_dags/example_branch_day_of_week_operator.py took 0.052 seconds
[2025-07-18T09:03:28.846+0700] {processor.py:161} INFO - Started process (PID=3639) to work on /home/menglim/airflow_venv/lib/python3.12/site-packages/airflow/example_dags/example_branch_day_of_week_operator.py
[2025-07-18T09:03:28.848+0700] {processor.py:830} INFO - Processing file /home/menglim/airflow_venv/lib/python3.12/site-packages/airflow/example_dags/example_branch_day_of_week_operator.py for tasks to queue
[2025-07-18T09:03:28.849+0700] {logging_mixin.py:188} INFO - [2025-07-18T09:03:28.849+0700] {dagbag.py:545} INFO - Filling up the DagBag from /home/menglim/airflow_venv/lib/python3.12/site-packages/airflow/example_dags/example_branch_day_of_week_operator.py
[2025-07-18T09:03:28.855+0700] {processor.py:840} INFO - DAG(s) 'example_weekday_branch_operator' retrieved from /home/menglim/airflow_venv/lib/python3.12/site-packages/airflow/example_dags/example_branch_day_of_week_operator.py
[2025-07-18T09:03:28.867+0700] {logging_mixin.py:188} INFO - [2025-07-18T09:03:28.867+0700] {dag.py:3096} INFO - Sync 1 DAGs
[2025-07-18T09:03:28.881+0700] {logging_mixin.py:188} INFO - [2025-07-18T09:03:28.881+0700] {dag.py:3954} INFO - Setting next_dagrun for example_weekday_branch_operator to 2025-07-17 00:00:00+00:00, run_after=2025-07-18 00:00:00+00:00
[2025-07-18T09:03:28.909+0700] {processor.py:183} INFO - Processing /home/menglim/airflow_venv/lib/python3.12/site-packages/airflow/example_dags/example_branch_day_of_week_operator.py took 0.067 seconds
[2025-07-18T09:04:22.053+0700] {processor.py:161} INFO - Started process (PID=3735) to work on /home/menglim/airflow_venv/lib/python3.12/site-packages/airflow/example_dags/example_branch_day_of_week_operator.py
[2025-07-18T09:04:22.054+0700] {processor.py:830} INFO - Processing file /home/menglim/airflow_venv/lib/python3.12/site-packages/airflow/example_dags/example_branch_day_of_week_operator.py for tasks to queue
[2025-07-18T09:04:22.055+0700] {logging_mixin.py:188} INFO - [2025-07-18T09:04:22.055+0700] {dagbag.py:545} INFO - Filling up the DagBag from /home/menglim/airflow_venv/lib/python3.12/site-packages/airflow/example_dags/example_branch_day_of_week_operator.py
[2025-07-18T09:04:22.060+0700] {processor.py:840} INFO - DAG(s) 'example_weekday_branch_operator' retrieved from /home/menglim/airflow_venv/lib/python3.12/site-packages/airflow/example_dags/example_branch_day_of_week_operator.py
[2025-07-18T09:04:22.069+0700] {logging_mixin.py:188} INFO - [2025-07-18T09:04:22.069+0700] {dag.py:3096} INFO - Sync 1 DAGs
[2025-07-18T09:04:22.079+0700] {logging_mixin.py:188} INFO - [2025-07-18T09:04:22.079+0700] {dag.py:3954} INFO - Setting next_dagrun for example_weekday_branch_operator to 2025-07-17 00:00:00+00:00, run_after=2025-07-18 00:00:00+00:00
[2025-07-18T09:04:22.100+0700] {processor.py:183} INFO - Processing /home/menglim/airflow_venv/lib/python3.12/site-packages/airflow/example_dags/example_branch_day_of_week_operator.py took 0.050 seconds
[2025-07-18T09:05:16.394+0700] {processor.py:161} INFO - Started process (PID=3859) to work on /home/menglim/airflow_venv/lib/python3.12/site-packages/airflow/example_dags/example_branch_day_of_week_operator.py
[2025-07-18T09:05:16.398+0700] {processor.py:830} INFO - Processing file /home/menglim/airflow_venv/lib/python3.12/site-packages/airflow/example_dags/example_branch_day_of_week_operator.py for tasks to queue
[2025-07-18T09:05:16.399+0700] {logging_mixin.py:188} INFO - [2025-07-18T09:05:16.399+0700] {dagbag.py:545} INFO - Filling up the DagBag from /home/menglim/airflow_venv/lib/python3.12/site-packages/airflow/example_dags/example_branch_day_of_week_operator.py
[2025-07-18T09:05:16.404+0700] {processor.py:840} INFO - DAG(s) 'example_weekday_branch_operator' retrieved from /home/menglim/airflow_venv/lib/python3.12/site-packages/airflow/example_dags/example_branch_day_of_week_operator.py
[2025-07-18T09:05:16.427+0700] {logging_mixin.py:188} INFO - [2025-07-18T09:05:16.427+0700] {dag.py:3096} INFO - Sync 1 DAGs
[2025-07-18T09:05:16.451+0700] {logging_mixin.py:188} INFO - [2025-07-18T09:05:16.451+0700] {dag.py:3954} INFO - Setting next_dagrun for example_weekday_branch_operator to 2025-07-17 00:00:00+00:00, run_after=2025-07-18 00:00:00+00:00
[2025-07-18T09:05:16.490+0700] {processor.py:183} INFO - Processing /home/menglim/airflow_venv/lib/python3.12/site-packages/airflow/example_dags/example_branch_day_of_week_operator.py took 0.104 seconds
[2025-07-18T09:06:15.475+0700] {processor.py:161} INFO - Started process (PID=3935) to work on /home/menglim/airflow_venv/lib/python3.12/site-packages/airflow/example_dags/example_branch_day_of_week_operator.py
[2025-07-18T09:06:15.478+0700] {processor.py:830} INFO - Processing file /home/menglim/airflow_venv/lib/python3.12/site-packages/airflow/example_dags/example_branch_day_of_week_operator.py for tasks to queue
[2025-07-18T09:06:15.479+0700] {logging_mixin.py:188} INFO - [2025-07-18T09:06:15.478+0700] {dagbag.py:545} INFO - Filling up the DagBag from /home/menglim/airflow_venv/lib/python3.12/site-packages/airflow/example_dags/example_branch_day_of_week_operator.py
[2025-07-18T09:06:15.483+0700] {processor.py:840} INFO - DAG(s) 'example_weekday_branch_operator' retrieved from /home/menglim/airflow_venv/lib/python3.12/site-packages/airflow/example_dags/example_branch_day_of_week_operator.py
[2025-07-18T09:06:15.493+0700] {logging_mixin.py:188} INFO - [2025-07-18T09:06:15.492+0700] {dag.py:3096} INFO - Sync 1 DAGs
[2025-07-18T09:06:15.503+0700] {logging_mixin.py:188} INFO - [2025-07-18T09:06:15.503+0700] {dag.py:3954} INFO - Setting next_dagrun for example_weekday_branch_operator to 2025-07-17 00:00:00+00:00, run_after=2025-07-18 00:00:00+00:00
[2025-07-18T09:06:15.555+0700] {processor.py:183} INFO - Processing /home/menglim/airflow_venv/lib/python3.12/site-packages/airflow/example_dags/example_branch_day_of_week_operator.py took 0.083 seconds
[2025-07-18T09:07:13.208+0700] {processor.py:161} INFO - Started process (PID=4050) to work on /home/menglim/airflow_venv/lib/python3.12/site-packages/airflow/example_dags/example_branch_day_of_week_operator.py
[2025-07-18T09:07:13.210+0700] {processor.py:830} INFO - Processing file /home/menglim/airflow_venv/lib/python3.12/site-packages/airflow/example_dags/example_branch_day_of_week_operator.py for tasks to queue
[2025-07-18T09:07:13.211+0700] {logging_mixin.py:188} INFO - [2025-07-18T09:07:13.211+0700] {dagbag.py:545} INFO - Filling up the DagBag from /home/menglim/airflow_venv/lib/python3.12/site-packages/airflow/example_dags/example_branch_day_of_week_operator.py
[2025-07-18T09:07:13.215+0700] {processor.py:840} INFO - DAG(s) 'example_weekday_branch_operator' retrieved from /home/menglim/airflow_venv/lib/python3.12/site-packages/airflow/example_dags/example_branch_day_of_week_operator.py
[2025-07-18T09:07:13.226+0700] {logging_mixin.py:188} INFO - [2025-07-18T09:07:13.226+0700] {dag.py:3096} INFO - Sync 1 DAGs
[2025-07-18T09:07:13.236+0700] {logging_mixin.py:188} INFO - [2025-07-18T09:07:13.236+0700] {dag.py:3954} INFO - Setting next_dagrun for example_weekday_branch_operator to 2025-07-17 00:00:00+00:00, run_after=2025-07-18 00:00:00+00:00
[2025-07-18T09:07:13.256+0700] {processor.py:183} INFO - Processing /home/menglim/airflow_venv/lib/python3.12/site-packages/airflow/example_dags/example_branch_day_of_week_operator.py took 0.051 seconds
[2025-07-18T09:08:11.069+0700] {processor.py:161} INFO - Started process (PID=4160) to work on /home/menglim/airflow_venv/lib/python3.12/site-packages/airflow/example_dags/example_branch_day_of_week_operator.py
[2025-07-18T09:08:11.074+0700] {processor.py:830} INFO - Processing file /home/menglim/airflow_venv/lib/python3.12/site-packages/airflow/example_dags/example_branch_day_of_week_operator.py for tasks to queue
[2025-07-18T09:08:11.077+0700] {logging_mixin.py:188} INFO - [2025-07-18T09:08:11.076+0700] {dagbag.py:545} INFO - Filling up the DagBag from /home/menglim/airflow_venv/lib/python3.12/site-packages/airflow/example_dags/example_branch_day_of_week_operator.py
[2025-07-18T09:08:11.088+0700] {processor.py:840} INFO - DAG(s) 'example_weekday_branch_operator' retrieved from /home/menglim/airflow_venv/lib/python3.12/site-packages/airflow/example_dags/example_branch_day_of_week_operator.py
[2025-07-18T09:08:11.117+0700] {logging_mixin.py:188} INFO - [2025-07-18T09:08:11.117+0700] {dag.py:3096} INFO - Sync 1 DAGs
[2025-07-18T09:08:11.140+0700] {logging_mixin.py:188} INFO - [2025-07-18T09:08:11.140+0700] {dag.py:3954} INFO - Setting next_dagrun for example_weekday_branch_operator to 2025-07-17 00:00:00+00:00, run_after=2025-07-18 00:00:00+00:00
[2025-07-18T09:08:11.181+0700] {processor.py:183} INFO - Processing /home/menglim/airflow_venv/lib/python3.12/site-packages/airflow/example_dags/example_branch_day_of_week_operator.py took 0.121 seconds
[2025-07-18T09:09:07.445+0700] {processor.py:161} INFO - Started process (PID=4277) to work on /home/menglim/airflow_venv/lib/python3.12/site-packages/airflow/example_dags/example_branch_day_of_week_operator.py
[2025-07-18T09:09:07.446+0700] {processor.py:830} INFO - Processing file /home/menglim/airflow_venv/lib/python3.12/site-packages/airflow/example_dags/example_branch_day_of_week_operator.py for tasks to queue
[2025-07-18T09:09:07.447+0700] {logging_mixin.py:188} INFO - [2025-07-18T09:09:07.446+0700] {dagbag.py:545} INFO - Filling up the DagBag from /home/menglim/airflow_venv/lib/python3.12/site-packages/airflow/example_dags/example_branch_day_of_week_operator.py
[2025-07-18T09:09:07.451+0700] {processor.py:840} INFO - DAG(s) 'example_weekday_branch_operator' retrieved from /home/menglim/airflow_venv/lib/python3.12/site-packages/airflow/example_dags/example_branch_day_of_week_operator.py
[2025-07-18T09:09:07.462+0700] {logging_mixin.py:188} INFO - [2025-07-18T09:09:07.462+0700] {dag.py:3096} INFO - Sync 1 DAGs
[2025-07-18T09:09:07.476+0700] {logging_mixin.py:188} INFO - [2025-07-18T09:09:07.476+0700] {dag.py:3954} INFO - Setting next_dagrun for example_weekday_branch_operator to 2025-07-17 00:00:00+00:00, run_after=2025-07-18 00:00:00+00:00
[2025-07-18T09:09:07.511+0700] {processor.py:183} INFO - Processing /home/menglim/airflow_venv/lib/python3.12/site-packages/airflow/example_dags/example_branch_day_of_week_operator.py took 0.069 seconds
[2025-07-18T09:09:55.756+0700] {processor.py:161} INFO - Started process (PID=4355) to work on /home/menglim/airflow_venv/lib/python3.12/site-packages/airflow/example_dags/example_branch_day_of_week_operator.py
[2025-07-18T09:09:55.758+0700] {processor.py:830} INFO - Processing file /home/menglim/airflow_venv/lib/python3.12/site-packages/airflow/example_dags/example_branch_day_of_week_operator.py for tasks to queue
[2025-07-18T09:09:55.759+0700] {logging_mixin.py:188} INFO - [2025-07-18T09:09:55.758+0700] {dagbag.py:545} INFO - Filling up the DagBag from /home/menglim/airflow_venv/lib/python3.12/site-packages/airflow/example_dags/example_branch_day_of_week_operator.py
[2025-07-18T09:09:55.763+0700] {processor.py:840} INFO - DAG(s) 'example_weekday_branch_operator' retrieved from /home/menglim/airflow_venv/lib/python3.12/site-packages/airflow/example_dags/example_branch_day_of_week_operator.py
[2025-07-18T09:09:55.774+0700] {logging_mixin.py:188} INFO - [2025-07-18T09:09:55.774+0700] {dag.py:3096} INFO - Sync 1 DAGs
[2025-07-18T09:09:55.785+0700] {logging_mixin.py:188} INFO - [2025-07-18T09:09:55.785+0700] {dag.py:3954} INFO - Setting next_dagrun for example_weekday_branch_operator to 2025-07-17 00:00:00+00:00, run_after=2025-07-18 00:00:00+00:00
[2025-07-18T09:09:55.804+0700] {processor.py:183} INFO - Processing /home/menglim/airflow_venv/lib/python3.12/site-packages/airflow/example_dags/example_branch_day_of_week_operator.py took 0.052 seconds
[2025-07-18T09:10:49.452+0700] {processor.py:161} INFO - Started process (PID=4444) to work on /home/menglim/airflow_venv/lib/python3.12/site-packages/airflow/example_dags/example_branch_day_of_week_operator.py
[2025-07-18T09:10:49.453+0700] {processor.py:830} INFO - Processing file /home/menglim/airflow_venv/lib/python3.12/site-packages/airflow/example_dags/example_branch_day_of_week_operator.py for tasks to queue
[2025-07-18T09:10:49.453+0700] {logging_mixin.py:188} INFO - [2025-07-18T09:10:49.453+0700] {dagbag.py:545} INFO - Filling up the DagBag from /home/menglim/airflow_venv/lib/python3.12/site-packages/airflow/example_dags/example_branch_day_of_week_operator.py
[2025-07-18T09:10:49.458+0700] {processor.py:840} INFO - DAG(s) 'example_weekday_branch_operator' retrieved from /home/menglim/airflow_venv/lib/python3.12/site-packages/airflow/example_dags/example_branch_day_of_week_operator.py
[2025-07-18T09:10:49.537+0700] {logging_mixin.py:188} INFO - [2025-07-18T09:10:49.537+0700] {dag.py:3096} INFO - Sync 1 DAGs
[2025-07-18T09:10:49.618+0700] {logging_mixin.py:188} INFO - [2025-07-18T09:10:49.618+0700] {dag.py:3954} INFO - Setting next_dagrun for example_weekday_branch_operator to 2025-07-17 00:00:00+00:00, run_after=2025-07-18 00:00:00+00:00
[2025-07-18T09:10:49.663+0700] {processor.py:183} INFO - Processing /home/menglim/airflow_venv/lib/python3.12/site-packages/airflow/example_dags/example_branch_day_of_week_operator.py took 0.215 seconds
[2025-07-18T09:11:56.084+0700] {processor.py:161} INFO - Started process (PID=4603) to work on /home/menglim/airflow_venv/lib/python3.12/site-packages/airflow/example_dags/example_branch_day_of_week_operator.py
[2025-07-18T09:11:56.085+0700] {processor.py:830} INFO - Processing file /home/menglim/airflow_venv/lib/python3.12/site-packages/airflow/example_dags/example_branch_day_of_week_operator.py for tasks to queue
[2025-07-18T09:11:56.086+0700] {logging_mixin.py:188} INFO - [2025-07-18T09:11:56.085+0700] {dagbag.py:545} INFO - Filling up the DagBag from /home/menglim/airflow_venv/lib/python3.12/site-packages/airflow/example_dags/example_branch_day_of_week_operator.py
[2025-07-18T09:11:56.090+0700] {processor.py:840} INFO - DAG(s) 'example_weekday_branch_operator' retrieved from /home/menglim/airflow_venv/lib/python3.12/site-packages/airflow/example_dags/example_branch_day_of_week_operator.py
[2025-07-18T09:11:56.100+0700] {logging_mixin.py:188} INFO - [2025-07-18T09:11:56.100+0700] {dag.py:3096} INFO - Sync 1 DAGs
[2025-07-18T09:11:56.110+0700] {logging_mixin.py:188} INFO - [2025-07-18T09:11:56.110+0700] {dag.py:3954} INFO - Setting next_dagrun for example_weekday_branch_operator to 2025-07-17 00:00:00+00:00, run_after=2025-07-18 00:00:00+00:00
[2025-07-18T09:11:56.129+0700] {processor.py:183} INFO - Processing /home/menglim/airflow_venv/lib/python3.12/site-packages/airflow/example_dags/example_branch_day_of_week_operator.py took 0.048 seconds
[2025-07-18T09:12:49.476+0700] {processor.py:161} INFO - Started process (PID=4684) to work on /home/menglim/airflow_venv/lib/python3.12/site-packages/airflow/example_dags/example_branch_day_of_week_operator.py
[2025-07-18T09:12:49.479+0700] {processor.py:830} INFO - Processing file /home/menglim/airflow_venv/lib/python3.12/site-packages/airflow/example_dags/example_branch_day_of_week_operator.py for tasks to queue
[2025-07-18T09:12:49.479+0700] {logging_mixin.py:188} INFO - [2025-07-18T09:12:49.479+0700] {dagbag.py:545} INFO - Filling up the DagBag from /home/menglim/airflow_venv/lib/python3.12/site-packages/airflow/example_dags/example_branch_day_of_week_operator.py
[2025-07-18T09:12:49.483+0700] {processor.py:840} INFO - DAG(s) 'example_weekday_branch_operator' retrieved from /home/menglim/airflow_venv/lib/python3.12/site-packages/airflow/example_dags/example_branch_day_of_week_operator.py
[2025-07-18T09:12:49.495+0700] {logging_mixin.py:188} INFO - [2025-07-18T09:12:49.495+0700] {dag.py:3096} INFO - Sync 1 DAGs
[2025-07-18T09:12:49.507+0700] {logging_mixin.py:188} INFO - [2025-07-18T09:12:49.507+0700] {dag.py:3954} INFO - Setting next_dagrun for example_weekday_branch_operator to 2025-07-17 00:00:00+00:00, run_after=2025-07-18 00:00:00+00:00
[2025-07-18T09:12:49.531+0700] {processor.py:183} INFO - Processing /home/menglim/airflow_venv/lib/python3.12/site-packages/airflow/example_dags/example_branch_day_of_week_operator.py took 0.058 seconds
[2025-07-18T09:13:48.288+0700] {processor.py:161} INFO - Started process (PID=5254) to work on /home/menglim/airflow_venv/lib/python3.12/site-packages/airflow/example_dags/example_branch_day_of_week_operator.py
[2025-07-18T09:13:48.290+0700] {processor.py:830} INFO - Processing file /home/menglim/airflow_venv/lib/python3.12/site-packages/airflow/example_dags/example_branch_day_of_week_operator.py for tasks to queue
[2025-07-18T09:13:48.290+0700] {logging_mixin.py:188} INFO - [2025-07-18T09:13:48.290+0700] {dagbag.py:545} INFO - Filling up the DagBag from /home/menglim/airflow_venv/lib/python3.12/site-packages/airflow/example_dags/example_branch_day_of_week_operator.py
[2025-07-18T09:13:48.295+0700] {processor.py:840} INFO - DAG(s) 'example_weekday_branch_operator' retrieved from /home/menglim/airflow_venv/lib/python3.12/site-packages/airflow/example_dags/example_branch_day_of_week_operator.py
[2025-07-18T09:13:48.305+0700] {logging_mixin.py:188} INFO - [2025-07-18T09:13:48.305+0700] {dag.py:3096} INFO - Sync 1 DAGs
[2025-07-18T09:13:48.316+0700] {logging_mixin.py:188} INFO - [2025-07-18T09:13:48.316+0700] {dag.py:3954} INFO - Setting next_dagrun for example_weekday_branch_operator to 2025-07-17 00:00:00+00:00, run_after=2025-07-18 00:00:00+00:00
[2025-07-18T09:13:48.344+0700] {processor.py:183} INFO - Processing /home/menglim/airflow_venv/lib/python3.12/site-packages/airflow/example_dags/example_branch_day_of_week_operator.py took 0.059 seconds
[2025-07-18T09:14:55.419+0700] {processor.py:161} INFO - Started process (PID=5414) to work on /home/menglim/airflow_venv/lib/python3.12/site-packages/airflow/example_dags/example_branch_day_of_week_operator.py
[2025-07-18T09:14:55.422+0700] {processor.py:830} INFO - Processing file /home/menglim/airflow_venv/lib/python3.12/site-packages/airflow/example_dags/example_branch_day_of_week_operator.py for tasks to queue
[2025-07-18T09:14:55.424+0700] {logging_mixin.py:188} INFO - [2025-07-18T09:14:55.423+0700] {dagbag.py:545} INFO - Filling up the DagBag from /home/menglim/airflow_venv/lib/python3.12/site-packages/airflow/example_dags/example_branch_day_of_week_operator.py
[2025-07-18T09:14:55.433+0700] {processor.py:840} INFO - DAG(s) 'example_weekday_branch_operator' retrieved from /home/menglim/airflow_venv/lib/python3.12/site-packages/airflow/example_dags/example_branch_day_of_week_operator.py
[2025-07-18T09:14:55.453+0700] {logging_mixin.py:188} INFO - [2025-07-18T09:14:55.453+0700] {dag.py:3096} INFO - Sync 1 DAGs
[2025-07-18T09:14:55.476+0700] {logging_mixin.py:188} INFO - [2025-07-18T09:14:55.475+0700] {dag.py:3954} INFO - Setting next_dagrun for example_weekday_branch_operator to 2025-07-17 00:00:00+00:00, run_after=2025-07-18 00:00:00+00:00
[2025-07-18T09:14:55.515+0700] {processor.py:183} INFO - Processing /home/menglim/airflow_venv/lib/python3.12/site-packages/airflow/example_dags/example_branch_day_of_week_operator.py took 0.102 seconds
[2025-07-18T09:15:52.585+0700] {processor.py:161} INFO - Started process (PID=5526) to work on /home/menglim/airflow_venv/lib/python3.12/site-packages/airflow/example_dags/example_branch_day_of_week_operator.py
[2025-07-18T09:15:52.586+0700] {processor.py:830} INFO - Processing file /home/menglim/airflow_venv/lib/python3.12/site-packages/airflow/example_dags/example_branch_day_of_week_operator.py for tasks to queue
[2025-07-18T09:15:52.586+0700] {logging_mixin.py:188} INFO - [2025-07-18T09:15:52.586+0700] {dagbag.py:545} INFO - Filling up the DagBag from /home/menglim/airflow_venv/lib/python3.12/site-packages/airflow/example_dags/example_branch_day_of_week_operator.py
[2025-07-18T09:15:52.592+0700] {processor.py:840} INFO - DAG(s) 'example_weekday_branch_operator' retrieved from /home/menglim/airflow_venv/lib/python3.12/site-packages/airflow/example_dags/example_branch_day_of_week_operator.py
[2025-07-18T09:15:52.603+0700] {logging_mixin.py:188} INFO - [2025-07-18T09:15:52.603+0700] {dag.py:3096} INFO - Sync 1 DAGs
[2025-07-18T09:15:52.615+0700] {logging_mixin.py:188} INFO - [2025-07-18T09:15:52.615+0700] {dag.py:3954} INFO - Setting next_dagrun for example_weekday_branch_operator to 2025-07-17 00:00:00+00:00, run_after=2025-07-18 00:00:00+00:00
[2025-07-18T09:15:52.639+0700] {processor.py:183} INFO - Processing /home/menglim/airflow_venv/lib/python3.12/site-packages/airflow/example_dags/example_branch_day_of_week_operator.py took 0.059 seconds
[2025-07-18T09:17:25.492+0700] {processor.py:161} INFO - Started process (PID=5821) to work on /home/menglim/airflow_venv/lib/python3.12/site-packages/airflow/example_dags/example_branch_day_of_week_operator.py
[2025-07-18T09:17:25.494+0700] {processor.py:830} INFO - Processing file /home/menglim/airflow_venv/lib/python3.12/site-packages/airflow/example_dags/example_branch_day_of_week_operator.py for tasks to queue
[2025-07-18T09:17:25.494+0700] {logging_mixin.py:188} INFO - [2025-07-18T09:17:25.494+0700] {dagbag.py:545} INFO - Filling up the DagBag from /home/menglim/airflow_venv/lib/python3.12/site-packages/airflow/example_dags/example_branch_day_of_week_operator.py
[2025-07-18T09:17:25.499+0700] {processor.py:840} INFO - DAG(s) 'example_weekday_branch_operator' retrieved from /home/menglim/airflow_venv/lib/python3.12/site-packages/airflow/example_dags/example_branch_day_of_week_operator.py
[2025-07-18T09:17:25.509+0700] {logging_mixin.py:188} INFO - [2025-07-18T09:17:25.509+0700] {dag.py:3096} INFO - Sync 1 DAGs
[2025-07-18T09:17:25.520+0700] {logging_mixin.py:188} INFO - [2025-07-18T09:17:25.520+0700] {dag.py:3954} INFO - Setting next_dagrun for example_weekday_branch_operator to 2025-07-17 00:00:00+00:00, run_after=2025-07-18 00:00:00+00:00
[2025-07-18T09:17:25.540+0700] {processor.py:183} INFO - Processing /home/menglim/airflow_venv/lib/python3.12/site-packages/airflow/example_dags/example_branch_day_of_week_operator.py took 0.051 seconds
[2025-07-18T09:18:28.145+0700] {processor.py:161} INFO - Started process (PID=5935) to work on /home/menglim/airflow_venv/lib/python3.12/site-packages/airflow/example_dags/example_branch_day_of_week_operator.py
[2025-07-18T09:18:28.146+0700] {processor.py:830} INFO - Processing file /home/menglim/airflow_venv/lib/python3.12/site-packages/airflow/example_dags/example_branch_day_of_week_operator.py for tasks to queue
[2025-07-18T09:18:28.147+0700] {logging_mixin.py:188} INFO - [2025-07-18T09:18:28.147+0700] {dagbag.py:545} INFO - Filling up the DagBag from /home/menglim/airflow_venv/lib/python3.12/site-packages/airflow/example_dags/example_branch_day_of_week_operator.py
[2025-07-18T09:18:28.152+0700] {processor.py:840} INFO - DAG(s) 'example_weekday_branch_operator' retrieved from /home/menglim/airflow_venv/lib/python3.12/site-packages/airflow/example_dags/example_branch_day_of_week_operator.py
[2025-07-18T09:18:28.163+0700] {logging_mixin.py:188} INFO - [2025-07-18T09:18:28.163+0700] {dag.py:3096} INFO - Sync 1 DAGs
[2025-07-18T09:18:28.174+0700] {logging_mixin.py:188} INFO - [2025-07-18T09:18:28.174+0700] {dag.py:3954} INFO - Setting next_dagrun for example_weekday_branch_operator to 2025-07-17 00:00:00+00:00, run_after=2025-07-18 00:00:00+00:00
[2025-07-18T09:18:28.215+0700] {processor.py:183} INFO - Processing /home/menglim/airflow_venv/lib/python3.12/site-packages/airflow/example_dags/example_branch_day_of_week_operator.py took 0.074 seconds
[2025-07-18T09:19:44.384+0700] {processor.py:161} INFO - Started process (PID=6106) to work on /home/menglim/airflow_venv/lib/python3.12/site-packages/airflow/example_dags/example_branch_day_of_week_operator.py
[2025-07-18T09:19:44.386+0700] {processor.py:830} INFO - Processing file /home/menglim/airflow_venv/lib/python3.12/site-packages/airflow/example_dags/example_branch_day_of_week_operator.py for tasks to queue
[2025-07-18T09:19:44.387+0700] {logging_mixin.py:188} INFO - [2025-07-18T09:19:44.387+0700] {dagbag.py:545} INFO - Filling up the DagBag from /home/menglim/airflow_venv/lib/python3.12/site-packages/airflow/example_dags/example_branch_day_of_week_operator.py
[2025-07-18T09:19:44.392+0700] {processor.py:840} INFO - DAG(s) 'example_weekday_branch_operator' retrieved from /home/menglim/airflow_venv/lib/python3.12/site-packages/airflow/example_dags/example_branch_day_of_week_operator.py
[2025-07-18T09:19:44.402+0700] {logging_mixin.py:188} INFO - [2025-07-18T09:19:44.402+0700] {dag.py:3096} INFO - Sync 1 DAGs
[2025-07-18T09:19:44.413+0700] {logging_mixin.py:188} INFO - [2025-07-18T09:19:44.413+0700] {dag.py:3954} INFO - Setting next_dagrun for example_weekday_branch_operator to 2025-07-17 00:00:00+00:00, run_after=2025-07-18 00:00:00+00:00
[2025-07-18T09:19:44.439+0700] {processor.py:183} INFO - Processing /home/menglim/airflow_venv/lib/python3.12/site-packages/airflow/example_dags/example_branch_day_of_week_operator.py took 0.059 seconds
[2025-07-18T09:20:42.431+0700] {processor.py:161} INFO - Started process (PID=6230) to work on /home/menglim/airflow_venv/lib/python3.12/site-packages/airflow/example_dags/example_branch_day_of_week_operator.py
[2025-07-18T09:20:42.433+0700] {processor.py:830} INFO - Processing file /home/menglim/airflow_venv/lib/python3.12/site-packages/airflow/example_dags/example_branch_day_of_week_operator.py for tasks to queue
[2025-07-18T09:20:42.434+0700] {logging_mixin.py:188} INFO - [2025-07-18T09:20:42.433+0700] {dagbag.py:545} INFO - Filling up the DagBag from /home/menglim/airflow_venv/lib/python3.12/site-packages/airflow/example_dags/example_branch_day_of_week_operator.py
[2025-07-18T09:20:42.438+0700] {processor.py:840} INFO - DAG(s) 'example_weekday_branch_operator' retrieved from /home/menglim/airflow_venv/lib/python3.12/site-packages/airflow/example_dags/example_branch_day_of_week_operator.py
[2025-07-18T09:20:42.448+0700] {logging_mixin.py:188} INFO - [2025-07-18T09:20:42.448+0700] {dag.py:3096} INFO - Sync 1 DAGs
[2025-07-18T09:20:42.459+0700] {logging_mixin.py:188} INFO - [2025-07-18T09:20:42.459+0700] {dag.py:3954} INFO - Setting next_dagrun for example_weekday_branch_operator to 2025-07-17 00:00:00+00:00, run_after=2025-07-18 00:00:00+00:00
[2025-07-18T09:20:42.479+0700] {processor.py:183} INFO - Processing /home/menglim/airflow_venv/lib/python3.12/site-packages/airflow/example_dags/example_branch_day_of_week_operator.py took 0.052 seconds
[2025-07-18T09:22:00.147+0700] {processor.py:161} INFO - Started process (PID=6458) to work on /home/menglim/airflow_venv/lib/python3.12/site-packages/airflow/example_dags/example_branch_day_of_week_operator.py
[2025-07-18T09:22:00.149+0700] {processor.py:830} INFO - Processing file /home/menglim/airflow_venv/lib/python3.12/site-packages/airflow/example_dags/example_branch_day_of_week_operator.py for tasks to queue
[2025-07-18T09:22:00.150+0700] {logging_mixin.py:188} INFO - [2025-07-18T09:22:00.149+0700] {dagbag.py:545} INFO - Filling up the DagBag from /home/menglim/airflow_venv/lib/python3.12/site-packages/airflow/example_dags/example_branch_day_of_week_operator.py
[2025-07-18T09:22:00.154+0700] {processor.py:840} INFO - DAG(s) 'example_weekday_branch_operator' retrieved from /home/menglim/airflow_venv/lib/python3.12/site-packages/airflow/example_dags/example_branch_day_of_week_operator.py
[2025-07-18T09:22:00.165+0700] {logging_mixin.py:188} INFO - [2025-07-18T09:22:00.165+0700] {dag.py:3096} INFO - Sync 1 DAGs
[2025-07-18T09:22:00.176+0700] {logging_mixin.py:188} INFO - [2025-07-18T09:22:00.176+0700] {dag.py:3954} INFO - Setting next_dagrun for example_weekday_branch_operator to 2025-07-17 00:00:00+00:00, run_after=2025-07-18 00:00:00+00:00
[2025-07-18T09:22:00.196+0700] {processor.py:183} INFO - Processing /home/menglim/airflow_venv/lib/python3.12/site-packages/airflow/example_dags/example_branch_day_of_week_operator.py took 0.053 seconds
[2025-07-18T09:23:08.439+0700] {processor.py:161} INFO - Started process (PID=6664) to work on /home/menglim/airflow_venv/lib/python3.12/site-packages/airflow/example_dags/example_branch_day_of_week_operator.py
[2025-07-18T09:23:08.442+0700] {processor.py:830} INFO - Processing file /home/menglim/airflow_venv/lib/python3.12/site-packages/airflow/example_dags/example_branch_day_of_week_operator.py for tasks to queue
[2025-07-18T09:23:08.442+0700] {logging_mixin.py:188} INFO - [2025-07-18T09:23:08.442+0700] {dagbag.py:545} INFO - Filling up the DagBag from /home/menglim/airflow_venv/lib/python3.12/site-packages/airflow/example_dags/example_branch_day_of_week_operator.py
[2025-07-18T09:23:08.447+0700] {processor.py:840} INFO - DAG(s) 'example_weekday_branch_operator' retrieved from /home/menglim/airflow_venv/lib/python3.12/site-packages/airflow/example_dags/example_branch_day_of_week_operator.py
[2025-07-18T09:23:08.456+0700] {logging_mixin.py:188} INFO - [2025-07-18T09:23:08.456+0700] {dag.py:3096} INFO - Sync 1 DAGs
[2025-07-18T09:23:08.466+0700] {logging_mixin.py:188} INFO - [2025-07-18T09:23:08.466+0700] {dag.py:3954} INFO - Setting next_dagrun for example_weekday_branch_operator to 2025-07-17 00:00:00+00:00, run_after=2025-07-18 00:00:00+00:00
[2025-07-18T09:23:08.487+0700] {processor.py:183} INFO - Processing /home/menglim/airflow_venv/lib/python3.12/site-packages/airflow/example_dags/example_branch_day_of_week_operator.py took 0.052 seconds
[2025-07-18T09:24:33.183+0700] {processor.py:161} INFO - Started process (PID=6923) to work on /home/menglim/airflow_venv/lib/python3.12/site-packages/airflow/example_dags/example_branch_day_of_week_operator.py
[2025-07-18T09:24:33.185+0700] {processor.py:830} INFO - Processing file /home/menglim/airflow_venv/lib/python3.12/site-packages/airflow/example_dags/example_branch_day_of_week_operator.py for tasks to queue
[2025-07-18T09:24:33.186+0700] {logging_mixin.py:188} INFO - [2025-07-18T09:24:33.186+0700] {dagbag.py:545} INFO - Filling up the DagBag from /home/menglim/airflow_venv/lib/python3.12/site-packages/airflow/example_dags/example_branch_day_of_week_operator.py
[2025-07-18T09:24:33.190+0700] {processor.py:840} INFO - DAG(s) 'example_weekday_branch_operator' retrieved from /home/menglim/airflow_venv/lib/python3.12/site-packages/airflow/example_dags/example_branch_day_of_week_operator.py
[2025-07-18T09:24:33.201+0700] {logging_mixin.py:188} INFO - [2025-07-18T09:24:33.201+0700] {dag.py:3096} INFO - Sync 1 DAGs
[2025-07-18T09:24:33.212+0700] {logging_mixin.py:188} INFO - [2025-07-18T09:24:33.212+0700] {dag.py:3954} INFO - Setting next_dagrun for example_weekday_branch_operator to 2025-07-17 00:00:00+00:00, run_after=2025-07-18 00:00:00+00:00
[2025-07-18T09:24:33.232+0700] {processor.py:183} INFO - Processing /home/menglim/airflow_venv/lib/python3.12/site-packages/airflow/example_dags/example_branch_day_of_week_operator.py took 0.052 seconds
[2025-07-18T09:25:33.768+0700] {processor.py:161} INFO - Started process (PID=7060) to work on /home/menglim/airflow_venv/lib/python3.12/site-packages/airflow/example_dags/example_branch_day_of_week_operator.py
[2025-07-18T09:25:33.769+0700] {processor.py:830} INFO - Processing file /home/menglim/airflow_venv/lib/python3.12/site-packages/airflow/example_dags/example_branch_day_of_week_operator.py for tasks to queue
[2025-07-18T09:25:33.769+0700] {logging_mixin.py:188} INFO - [2025-07-18T09:25:33.769+0700] {dagbag.py:545} INFO - Filling up the DagBag from /home/menglim/airflow_venv/lib/python3.12/site-packages/airflow/example_dags/example_branch_day_of_week_operator.py
[2025-07-18T09:25:33.774+0700] {processor.py:840} INFO - DAG(s) 'example_weekday_branch_operator' retrieved from /home/menglim/airflow_venv/lib/python3.12/site-packages/airflow/example_dags/example_branch_day_of_week_operator.py
[2025-07-18T09:25:33.785+0700] {logging_mixin.py:188} INFO - [2025-07-18T09:25:33.785+0700] {dag.py:3096} INFO - Sync 1 DAGs
[2025-07-18T09:25:33.796+0700] {logging_mixin.py:188} INFO - [2025-07-18T09:25:33.796+0700] {dag.py:3954} INFO - Setting next_dagrun for example_weekday_branch_operator to 2025-07-17 00:00:00+00:00, run_after=2025-07-18 00:00:00+00:00
[2025-07-18T09:25:33.816+0700] {processor.py:183} INFO - Processing /home/menglim/airflow_venv/lib/python3.12/site-packages/airflow/example_dags/example_branch_day_of_week_operator.py took 0.052 seconds
[2025-07-18T09:26:35.565+0700] {processor.py:161} INFO - Started process (PID=7196) to work on /home/menglim/airflow_venv/lib/python3.12/site-packages/airflow/example_dags/example_branch_day_of_week_operator.py
[2025-07-18T09:26:35.568+0700] {processor.py:830} INFO - Processing file /home/menglim/airflow_venv/lib/python3.12/site-packages/airflow/example_dags/example_branch_day_of_week_operator.py for tasks to queue
[2025-07-18T09:26:35.568+0700] {logging_mixin.py:188} INFO - [2025-07-18T09:26:35.568+0700] {dagbag.py:545} INFO - Filling up the DagBag from /home/menglim/airflow_venv/lib/python3.12/site-packages/airflow/example_dags/example_branch_day_of_week_operator.py
[2025-07-18T09:26:35.573+0700] {processor.py:840} INFO - DAG(s) 'example_weekday_branch_operator' retrieved from /home/menglim/airflow_venv/lib/python3.12/site-packages/airflow/example_dags/example_branch_day_of_week_operator.py
[2025-07-18T09:26:35.583+0700] {logging_mixin.py:188} INFO - [2025-07-18T09:26:35.583+0700] {dag.py:3096} INFO - Sync 1 DAGs
[2025-07-18T09:26:35.594+0700] {logging_mixin.py:188} INFO - [2025-07-18T09:26:35.593+0700] {dag.py:3954} INFO - Setting next_dagrun for example_weekday_branch_operator to 2025-07-17 00:00:00+00:00, run_after=2025-07-18 00:00:00+00:00
[2025-07-18T09:26:35.616+0700] {processor.py:183} INFO - Processing /home/menglim/airflow_venv/lib/python3.12/site-packages/airflow/example_dags/example_branch_day_of_week_operator.py took 0.055 seconds
[2025-07-18T09:27:33.721+0700] {processor.py:161} INFO - Started process (PID=7331) to work on /home/menglim/airflow_venv/lib/python3.12/site-packages/airflow/example_dags/example_branch_day_of_week_operator.py
[2025-07-18T09:27:33.722+0700] {processor.py:830} INFO - Processing file /home/menglim/airflow_venv/lib/python3.12/site-packages/airflow/example_dags/example_branch_day_of_week_operator.py for tasks to queue
[2025-07-18T09:27:33.723+0700] {logging_mixin.py:188} INFO - [2025-07-18T09:27:33.722+0700] {dagbag.py:545} INFO - Filling up the DagBag from /home/menglim/airflow_venv/lib/python3.12/site-packages/airflow/example_dags/example_branch_day_of_week_operator.py
[2025-07-18T09:27:33.728+0700] {processor.py:840} INFO - DAG(s) 'example_weekday_branch_operator' retrieved from /home/menglim/airflow_venv/lib/python3.12/site-packages/airflow/example_dags/example_branch_day_of_week_operator.py
[2025-07-18T09:27:33.740+0700] {logging_mixin.py:188} INFO - [2025-07-18T09:27:33.740+0700] {dag.py:3096} INFO - Sync 1 DAGs
[2025-07-18T09:27:33.752+0700] {logging_mixin.py:188} INFO - [2025-07-18T09:27:33.752+0700] {dag.py:3954} INFO - Setting next_dagrun for example_weekday_branch_operator to 2025-07-17 00:00:00+00:00, run_after=2025-07-18 00:00:00+00:00
[2025-07-18T09:27:33.776+0700] {processor.py:183} INFO - Processing /home/menglim/airflow_venv/lib/python3.12/site-packages/airflow/example_dags/example_branch_day_of_week_operator.py took 0.060 seconds
[2025-07-18T09:28:39.231+0700] {processor.py:161} INFO - Started process (PID=7417) to work on /home/menglim/airflow_venv/lib/python3.12/site-packages/airflow/example_dags/example_branch_day_of_week_operator.py
[2025-07-18T09:28:39.234+0700] {processor.py:830} INFO - Processing file /home/menglim/airflow_venv/lib/python3.12/site-packages/airflow/example_dags/example_branch_day_of_week_operator.py for tasks to queue
[2025-07-18T09:28:39.234+0700] {logging_mixin.py:188} INFO - [2025-07-18T09:28:39.234+0700] {dagbag.py:545} INFO - Filling up the DagBag from /home/menglim/airflow_venv/lib/python3.12/site-packages/airflow/example_dags/example_branch_day_of_week_operator.py
[2025-07-18T09:28:39.238+0700] {processor.py:840} INFO - DAG(s) 'example_weekday_branch_operator' retrieved from /home/menglim/airflow_venv/lib/python3.12/site-packages/airflow/example_dags/example_branch_day_of_week_operator.py
[2025-07-18T09:28:39.248+0700] {logging_mixin.py:188} INFO - [2025-07-18T09:28:39.248+0700] {dag.py:3096} INFO - Sync 1 DAGs
[2025-07-18T09:28:39.258+0700] {logging_mixin.py:188} INFO - [2025-07-18T09:28:39.258+0700] {dag.py:3954} INFO - Setting next_dagrun for example_weekday_branch_operator to 2025-07-17 00:00:00+00:00, run_after=2025-07-18 00:00:00+00:00
[2025-07-18T09:28:39.280+0700] {processor.py:183} INFO - Processing /home/menglim/airflow_venv/lib/python3.12/site-packages/airflow/example_dags/example_branch_day_of_week_operator.py took 0.053 seconds
[2025-07-18T09:29:45.548+0700] {processor.py:161} INFO - Started process (PID=7547) to work on /home/menglim/airflow_venv/lib/python3.12/site-packages/airflow/example_dags/example_branch_day_of_week_operator.py
[2025-07-18T09:29:45.549+0700] {processor.py:830} INFO - Processing file /home/menglim/airflow_venv/lib/python3.12/site-packages/airflow/example_dags/example_branch_day_of_week_operator.py for tasks to queue
[2025-07-18T09:29:45.550+0700] {logging_mixin.py:188} INFO - [2025-07-18T09:29:45.550+0700] {dagbag.py:545} INFO - Filling up the DagBag from /home/menglim/airflow_venv/lib/python3.12/site-packages/airflow/example_dags/example_branch_day_of_week_operator.py
[2025-07-18T09:29:45.554+0700] {processor.py:840} INFO - DAG(s) 'example_weekday_branch_operator' retrieved from /home/menglim/airflow_venv/lib/python3.12/site-packages/airflow/example_dags/example_branch_day_of_week_operator.py
[2025-07-18T09:29:45.565+0700] {logging_mixin.py:188} INFO - [2025-07-18T09:29:45.565+0700] {dag.py:3096} INFO - Sync 1 DAGs
[2025-07-18T09:29:45.576+0700] {logging_mixin.py:188} INFO - [2025-07-18T09:29:45.576+0700] {dag.py:3954} INFO - Setting next_dagrun for example_weekday_branch_operator to 2025-07-17 00:00:00+00:00, run_after=2025-07-18 00:00:00+00:00
[2025-07-18T09:29:45.597+0700] {processor.py:183} INFO - Processing /home/menglim/airflow_venv/lib/python3.12/site-packages/airflow/example_dags/example_branch_day_of_week_operator.py took 0.053 seconds
[2025-07-18T09:30:38.918+0700] {processor.py:161} INFO - Started process (PID=7629) to work on /home/menglim/airflow_venv/lib/python3.12/site-packages/airflow/example_dags/example_branch_day_of_week_operator.py
[2025-07-18T09:30:38.919+0700] {processor.py:830} INFO - Processing file /home/menglim/airflow_venv/lib/python3.12/site-packages/airflow/example_dags/example_branch_day_of_week_operator.py for tasks to queue
[2025-07-18T09:30:38.919+0700] {logging_mixin.py:188} INFO - [2025-07-18T09:30:38.919+0700] {dagbag.py:545} INFO - Filling up the DagBag from /home/menglim/airflow_venv/lib/python3.12/site-packages/airflow/example_dags/example_branch_day_of_week_operator.py
[2025-07-18T09:30:38.924+0700] {processor.py:840} INFO - DAG(s) 'example_weekday_branch_operator' retrieved from /home/menglim/airflow_venv/lib/python3.12/site-packages/airflow/example_dags/example_branch_day_of_week_operator.py
[2025-07-18T09:30:38.935+0700] {logging_mixin.py:188} INFO - [2025-07-18T09:30:38.935+0700] {dag.py:3096} INFO - Sync 1 DAGs
[2025-07-18T09:30:38.947+0700] {logging_mixin.py:188} INFO - [2025-07-18T09:30:38.947+0700] {dag.py:3954} INFO - Setting next_dagrun for example_weekday_branch_operator to 2025-07-17 00:00:00+00:00, run_after=2025-07-18 00:00:00+00:00
[2025-07-18T09:30:38.967+0700] {processor.py:183} INFO - Processing /home/menglim/airflow_venv/lib/python3.12/site-packages/airflow/example_dags/example_branch_day_of_week_operator.py took 0.053 seconds
[2025-07-18T09:31:53.968+0700] {processor.py:161} INFO - Started process (PID=7731) to work on /home/menglim/airflow_venv/lib/python3.12/site-packages/airflow/example_dags/example_branch_day_of_week_operator.py
[2025-07-18T09:31:53.969+0700] {processor.py:830} INFO - Processing file /home/menglim/airflow_venv/lib/python3.12/site-packages/airflow/example_dags/example_branch_day_of_week_operator.py for tasks to queue
[2025-07-18T09:31:53.970+0700] {logging_mixin.py:188} INFO - [2025-07-18T09:31:53.969+0700] {dagbag.py:545} INFO - Filling up the DagBag from /home/menglim/airflow_venv/lib/python3.12/site-packages/airflow/example_dags/example_branch_day_of_week_operator.py
[2025-07-18T09:31:53.974+0700] {processor.py:840} INFO - DAG(s) 'example_weekday_branch_operator' retrieved from /home/menglim/airflow_venv/lib/python3.12/site-packages/airflow/example_dags/example_branch_day_of_week_operator.py
[2025-07-18T09:31:53.984+0700] {logging_mixin.py:188} INFO - [2025-07-18T09:31:53.984+0700] {dag.py:3096} INFO - Sync 1 DAGs
[2025-07-18T09:31:53.995+0700] {logging_mixin.py:188} INFO - [2025-07-18T09:31:53.995+0700] {dag.py:3954} INFO - Setting next_dagrun for example_weekday_branch_operator to 2025-07-17 00:00:00+00:00, run_after=2025-07-18 00:00:00+00:00
[2025-07-18T09:31:54.017+0700] {processor.py:183} INFO - Processing /home/menglim/airflow_venv/lib/python3.12/site-packages/airflow/example_dags/example_branch_day_of_week_operator.py took 0.052 seconds
[2025-07-18T09:32:45.763+0700] {processor.py:161} INFO - Started process (PID=7812) to work on /home/menglim/airflow_venv/lib/python3.12/site-packages/airflow/example_dags/example_branch_day_of_week_operator.py
[2025-07-18T09:32:45.765+0700] {processor.py:830} INFO - Processing file /home/menglim/airflow_venv/lib/python3.12/site-packages/airflow/example_dags/example_branch_day_of_week_operator.py for tasks to queue
[2025-07-18T09:32:45.766+0700] {logging_mixin.py:188} INFO - [2025-07-18T09:32:45.765+0700] {dagbag.py:545} INFO - Filling up the DagBag from /home/menglim/airflow_venv/lib/python3.12/site-packages/airflow/example_dags/example_branch_day_of_week_operator.py
[2025-07-18T09:32:45.770+0700] {processor.py:840} INFO - DAG(s) 'example_weekday_branch_operator' retrieved from /home/menglim/airflow_venv/lib/python3.12/site-packages/airflow/example_dags/example_branch_day_of_week_operator.py
[2025-07-18T09:32:45.779+0700] {logging_mixin.py:188} INFO - [2025-07-18T09:32:45.779+0700] {dag.py:3096} INFO - Sync 1 DAGs
[2025-07-18T09:32:45.789+0700] {logging_mixin.py:188} INFO - [2025-07-18T09:32:45.789+0700] {dag.py:3954} INFO - Setting next_dagrun for example_weekday_branch_operator to 2025-07-17 00:00:00+00:00, run_after=2025-07-18 00:00:00+00:00
[2025-07-18T09:32:45.809+0700] {processor.py:183} INFO - Processing /home/menglim/airflow_venv/lib/python3.12/site-packages/airflow/example_dags/example_branch_day_of_week_operator.py took 0.050 seconds
[2025-07-18T09:34:00.285+0700] {processor.py:161} INFO - Started process (PID=7948) to work on /home/menglim/airflow_venv/lib/python3.12/site-packages/airflow/example_dags/example_branch_day_of_week_operator.py
[2025-07-18T09:34:00.287+0700] {processor.py:830} INFO - Processing file /home/menglim/airflow_venv/lib/python3.12/site-packages/airflow/example_dags/example_branch_day_of_week_operator.py for tasks to queue
[2025-07-18T09:34:00.288+0700] {logging_mixin.py:188} INFO - [2025-07-18T09:34:00.287+0700] {dagbag.py:545} INFO - Filling up the DagBag from /home/menglim/airflow_venv/lib/python3.12/site-packages/airflow/example_dags/example_branch_day_of_week_operator.py
[2025-07-18T09:34:00.292+0700] {processor.py:840} INFO - DAG(s) 'example_weekday_branch_operator' retrieved from /home/menglim/airflow_venv/lib/python3.12/site-packages/airflow/example_dags/example_branch_day_of_week_operator.py
[2025-07-18T09:34:00.303+0700] {logging_mixin.py:188} INFO - [2025-07-18T09:34:00.302+0700] {dag.py:3096} INFO - Sync 1 DAGs
[2025-07-18T09:34:00.314+0700] {logging_mixin.py:188} INFO - [2025-07-18T09:34:00.314+0700] {dag.py:3954} INFO - Setting next_dagrun for example_weekday_branch_operator to 2025-07-17 00:00:00+00:00, run_after=2025-07-18 00:00:00+00:00
[2025-07-18T09:34:00.335+0700] {processor.py:183} INFO - Processing /home/menglim/airflow_venv/lib/python3.12/site-packages/airflow/example_dags/example_branch_day_of_week_operator.py took 0.053 seconds
[2025-07-18T09:34:54.677+0700] {processor.py:161} INFO - Started process (PID=8101) to work on /home/menglim/airflow_venv/lib/python3.12/site-packages/airflow/example_dags/example_branch_day_of_week_operator.py
[2025-07-18T09:34:54.679+0700] {processor.py:830} INFO - Processing file /home/menglim/airflow_venv/lib/python3.12/site-packages/airflow/example_dags/example_branch_day_of_week_operator.py for tasks to queue
[2025-07-18T09:34:54.679+0700] {logging_mixin.py:188} INFO - [2025-07-18T09:34:54.679+0700] {dagbag.py:545} INFO - Filling up the DagBag from /home/menglim/airflow_venv/lib/python3.12/site-packages/airflow/example_dags/example_branch_day_of_week_operator.py
[2025-07-18T09:34:54.684+0700] {processor.py:840} INFO - DAG(s) 'example_weekday_branch_operator' retrieved from /home/menglim/airflow_venv/lib/python3.12/site-packages/airflow/example_dags/example_branch_day_of_week_operator.py
[2025-07-18T09:34:54.698+0700] {logging_mixin.py:188} INFO - [2025-07-18T09:34:54.698+0700] {dag.py:3096} INFO - Sync 1 DAGs
[2025-07-18T09:34:54.712+0700] {logging_mixin.py:188} INFO - [2025-07-18T09:34:54.711+0700] {dag.py:3954} INFO - Setting next_dagrun for example_weekday_branch_operator to 2025-07-17 00:00:00+00:00, run_after=2025-07-18 00:00:00+00:00
[2025-07-18T09:34:54.735+0700] {processor.py:183} INFO - Processing /home/menglim/airflow_venv/lib/python3.12/site-packages/airflow/example_dags/example_branch_day_of_week_operator.py took 0.065 seconds
[2025-07-18T09:36:10.155+0700] {processor.py:161} INFO - Started process (PID=8216) to work on /home/menglim/airflow_venv/lib/python3.12/site-packages/airflow/example_dags/example_branch_day_of_week_operator.py
[2025-07-18T09:36:10.157+0700] {processor.py:830} INFO - Processing file /home/menglim/airflow_venv/lib/python3.12/site-packages/airflow/example_dags/example_branch_day_of_week_operator.py for tasks to queue
[2025-07-18T09:36:10.157+0700] {logging_mixin.py:188} INFO - [2025-07-18T09:36:10.157+0700] {dagbag.py:545} INFO - Filling up the DagBag from /home/menglim/airflow_venv/lib/python3.12/site-packages/airflow/example_dags/example_branch_day_of_week_operator.py
[2025-07-18T09:36:10.163+0700] {processor.py:840} INFO - DAG(s) 'example_weekday_branch_operator' retrieved from /home/menglim/airflow_venv/lib/python3.12/site-packages/airflow/example_dags/example_branch_day_of_week_operator.py
[2025-07-18T09:36:10.173+0700] {logging_mixin.py:188} INFO - [2025-07-18T09:36:10.173+0700] {dag.py:3096} INFO - Sync 1 DAGs
[2025-07-18T09:36:10.185+0700] {logging_mixin.py:188} INFO - [2025-07-18T09:36:10.185+0700] {dag.py:3954} INFO - Setting next_dagrun for example_weekday_branch_operator to 2025-07-17 00:00:00+00:00, run_after=2025-07-18 00:00:00+00:00
[2025-07-18T09:36:10.206+0700] {processor.py:183} INFO - Processing /home/menglim/airflow_venv/lib/python3.12/site-packages/airflow/example_dags/example_branch_day_of_week_operator.py took 0.054 seconds
[2025-07-18T09:37:06.715+0700] {processor.py:161} INFO - Started process (PID=8309) to work on /home/menglim/airflow_venv/lib/python3.12/site-packages/airflow/example_dags/example_branch_day_of_week_operator.py
[2025-07-18T09:37:06.720+0700] {processor.py:830} INFO - Processing file /home/menglim/airflow_venv/lib/python3.12/site-packages/airflow/example_dags/example_branch_day_of_week_operator.py for tasks to queue
[2025-07-18T09:37:06.723+0700] {logging_mixin.py:188} INFO - [2025-07-18T09:37:06.722+0700] {dagbag.py:545} INFO - Filling up the DagBag from /home/menglim/airflow_venv/lib/python3.12/site-packages/airflow/example_dags/example_branch_day_of_week_operator.py
[2025-07-18T09:37:06.736+0700] {processor.py:840} INFO - DAG(s) 'example_weekday_branch_operator' retrieved from /home/menglim/airflow_venv/lib/python3.12/site-packages/airflow/example_dags/example_branch_day_of_week_operator.py
[2025-07-18T09:37:06.775+0700] {logging_mixin.py:188} INFO - [2025-07-18T09:37:06.774+0700] {dag.py:3096} INFO - Sync 1 DAGs
[2025-07-18T09:37:06.826+0700] {logging_mixin.py:188} INFO - [2025-07-18T09:37:06.825+0700] {dag.py:3954} INFO - Setting next_dagrun for example_weekday_branch_operator to 2025-07-17 00:00:00+00:00, run_after=2025-07-18 00:00:00+00:00
[2025-07-18T09:37:06.894+0700] {processor.py:183} INFO - Processing /home/menglim/airflow_venv/lib/python3.12/site-packages/airflow/example_dags/example_branch_day_of_week_operator.py took 0.189 seconds
