[2025-07-18T08:59:59.914+0700] {processor.py:161} INFO - Started process (PID=2972) to work on /home/menglim/airflow_venv/lib/python3.12/site-packages/airflow/example_dags/example_nested_branch_dag.py
[2025-07-18T08:59:59.915+0700] {processor.py:830} INFO - Processing file /home/menglim/airflow_venv/lib/python3.12/site-packages/airflow/example_dags/example_nested_branch_dag.py for tasks to queue
[2025-07-18T08:59:59.916+0700] {logging_mixin.py:188} INFO - [2025-07-18T08:59:59.916+0700] {dagbag.py:545} INFO - Filling up the DagBag from /home/menglim/airflow_venv/lib/python3.12/site-packages/airflow/example_dags/example_nested_branch_dag.py
[2025-07-18T08:59:59.923+0700] {processor.py:840} INFO - DAG(s) 'example_nested_branch_dag' retrieved from /home/menglim/airflow_venv/lib/python3.12/site-packages/airflow/example_dags/example_nested_branch_dag.py
[2025-07-18T08:59:59.928+0700] {logging_mixin.py:188} INFO - [2025-07-18T08:59:59.927+0700] {dag.py:3096} INFO - Sync 1 DAGs
[2025-07-18T08:59:59.938+0700] {logging_mixin.py:188} INFO - [2025-07-18T08:59:59.938+0700] {dag.py:3954} INFO - Setting next_dagrun for example_nested_branch_dag to 2025-07-17 00:00:00+00:00, run_after=2025-07-18 00:00:00+00:00
[2025-07-18T08:59:59.961+0700] {processor.py:183} INFO - Processing /home/menglim/airflow_venv/lib/python3.12/site-packages/airflow/example_dags/example_nested_branch_dag.py took 0.049 seconds
[2025-07-18T09:00:56.055+0700] {processor.py:161} INFO - Started process (PID=3308) to work on /home/menglim/airflow_venv/lib/python3.12/site-packages/airflow/example_dags/example_nested_branch_dag.py
[2025-07-18T09:00:56.057+0700] {processor.py:830} INFO - Processing file /home/menglim/airflow_venv/lib/python3.12/site-packages/airflow/example_dags/example_nested_branch_dag.py for tasks to queue
[2025-07-18T09:00:56.058+0700] {logging_mixin.py:188} INFO - [2025-07-18T09:00:56.058+0700] {dagbag.py:545} INFO - Filling up the DagBag from /home/menglim/airflow_venv/lib/python3.12/site-packages/airflow/example_dags/example_nested_branch_dag.py
[2025-07-18T09:00:56.065+0700] {processor.py:840} INFO - DAG(s) 'example_nested_branch_dag' retrieved from /home/menglim/airflow_venv/lib/python3.12/site-packages/airflow/example_dags/example_nested_branch_dag.py
[2025-07-18T09:00:56.116+0700] {logging_mixin.py:188} INFO - [2025-07-18T09:00:56.116+0700] {dag.py:3096} INFO - Sync 1 DAGs
[2025-07-18T09:00:56.125+0700] {logging_mixin.py:188} INFO - [2025-07-18T09:00:56.125+0700] {dag.py:3954} INFO - Setting next_dagrun for example_nested_branch_dag to 2025-07-17 00:00:00+00:00, run_after=2025-07-18 00:00:00+00:00
[2025-07-18T09:00:56.146+0700] {processor.py:183} INFO - Processing /home/menglim/airflow_venv/lib/python3.12/site-packages/airflow/example_dags/example_nested_branch_dag.py took 0.094 seconds
[2025-07-18T09:01:44.777+0700] {processor.py:161} INFO - Started process (PID=3390) to work on /home/menglim/airflow_venv/lib/python3.12/site-packages/airflow/example_dags/example_nested_branch_dag.py
[2025-07-18T09:01:44.779+0700] {processor.py:830} INFO - Processing file /home/menglim/airflow_venv/lib/python3.12/site-packages/airflow/example_dags/example_nested_branch_dag.py for tasks to queue
[2025-07-18T09:01:44.780+0700] {logging_mixin.py:188} INFO - [2025-07-18T09:01:44.780+0700] {dagbag.py:545} INFO - Filling up the DagBag from /home/menglim/airflow_venv/lib/python3.12/site-packages/airflow/example_dags/example_nested_branch_dag.py
[2025-07-18T09:01:44.788+0700] {processor.py:840} INFO - DAG(s) 'example_nested_branch_dag' retrieved from /home/menglim/airflow_venv/lib/python3.12/site-packages/airflow/example_dags/example_nested_branch_dag.py
[2025-07-18T09:01:44.800+0700] {logging_mixin.py:188} INFO - [2025-07-18T09:01:44.800+0700] {dag.py:3096} INFO - Sync 1 DAGs
[2025-07-18T09:01:44.813+0700] {logging_mixin.py:188} INFO - [2025-07-18T09:01:44.813+0700] {dag.py:3954} INFO - Setting next_dagrun for example_nested_branch_dag to 2025-07-17 00:00:00+00:00, run_after=2025-07-18 00:00:00+00:00
[2025-07-18T09:01:44.834+0700] {processor.py:183} INFO - Processing /home/menglim/airflow_venv/lib/python3.12/site-packages/airflow/example_dags/example_nested_branch_dag.py took 0.062 seconds
[2025-07-18T09:02:49.585+0700] {processor.py:161} INFO - Started process (PID=3582) to work on /home/menglim/airflow_venv/lib/python3.12/site-packages/airflow/example_dags/example_nested_branch_dag.py
[2025-07-18T09:02:49.586+0700] {processor.py:830} INFO - Processing file /home/menglim/airflow_venv/lib/python3.12/site-packages/airflow/example_dags/example_nested_branch_dag.py for tasks to queue
[2025-07-18T09:02:49.587+0700] {logging_mixin.py:188} INFO - [2025-07-18T09:02:49.587+0700] {dagbag.py:545} INFO - Filling up the DagBag from /home/menglim/airflow_venv/lib/python3.12/site-packages/airflow/example_dags/example_nested_branch_dag.py
[2025-07-18T09:02:49.600+0700] {processor.py:840} INFO - DAG(s) 'example_nested_branch_dag' retrieved from /home/menglim/airflow_venv/lib/python3.12/site-packages/airflow/example_dags/example_nested_branch_dag.py
[2025-07-18T09:02:49.619+0700] {logging_mixin.py:188} INFO - [2025-07-18T09:02:49.619+0700] {dag.py:3096} INFO - Sync 1 DAGs
[2025-07-18T09:02:49.643+0700] {logging_mixin.py:188} INFO - [2025-07-18T09:02:49.643+0700] {dag.py:3954} INFO - Setting next_dagrun for example_nested_branch_dag to 2025-07-17 00:00:00+00:00, run_after=2025-07-18 00:00:00+00:00
[2025-07-18T09:02:49.674+0700] {processor.py:183} INFO - Processing /home/menglim/airflow_venv/lib/python3.12/site-packages/airflow/example_dags/example_nested_branch_dag.py took 0.096 seconds
[2025-07-18T09:03:43.975+0700] {processor.py:161} INFO - Started process (PID=3667) to work on /home/menglim/airflow_venv/lib/python3.12/site-packages/airflow/example_dags/example_nested_branch_dag.py
[2025-07-18T09:03:43.977+0700] {processor.py:830} INFO - Processing file /home/menglim/airflow_venv/lib/python3.12/site-packages/airflow/example_dags/example_nested_branch_dag.py for tasks to queue
[2025-07-18T09:03:43.978+0700] {logging_mixin.py:188} INFO - [2025-07-18T09:03:43.978+0700] {dagbag.py:545} INFO - Filling up the DagBag from /home/menglim/airflow_venv/lib/python3.12/site-packages/airflow/example_dags/example_nested_branch_dag.py
[2025-07-18T09:03:43.984+0700] {processor.py:840} INFO - DAG(s) 'example_nested_branch_dag' retrieved from /home/menglim/airflow_venv/lib/python3.12/site-packages/airflow/example_dags/example_nested_branch_dag.py
[2025-07-18T09:03:43.994+0700] {logging_mixin.py:188} INFO - [2025-07-18T09:03:43.993+0700] {dag.py:3096} INFO - Sync 1 DAGs
[2025-07-18T09:03:44.005+0700] {logging_mixin.py:188} INFO - [2025-07-18T09:03:44.005+0700] {dag.py:3954} INFO - Setting next_dagrun for example_nested_branch_dag to 2025-07-17 00:00:00+00:00, run_after=2025-07-18 00:00:00+00:00
[2025-07-18T09:03:44.026+0700] {processor.py:183} INFO - Processing /home/menglim/airflow_venv/lib/python3.12/site-packages/airflow/example_dags/example_nested_branch_dag.py took 0.055 seconds
[2025-07-18T09:04:37.625+0700] {processor.py:161} INFO - Started process (PID=3769) to work on /home/menglim/airflow_venv/lib/python3.12/site-packages/airflow/example_dags/example_nested_branch_dag.py
[2025-07-18T09:04:37.627+0700] {processor.py:830} INFO - Processing file /home/menglim/airflow_venv/lib/python3.12/site-packages/airflow/example_dags/example_nested_branch_dag.py for tasks to queue
[2025-07-18T09:04:37.628+0700] {logging_mixin.py:188} INFO - [2025-07-18T09:04:37.628+0700] {dagbag.py:545} INFO - Filling up the DagBag from /home/menglim/airflow_venv/lib/python3.12/site-packages/airflow/example_dags/example_nested_branch_dag.py
[2025-07-18T09:04:37.634+0700] {processor.py:840} INFO - DAG(s) 'example_nested_branch_dag' retrieved from /home/menglim/airflow_venv/lib/python3.12/site-packages/airflow/example_dags/example_nested_branch_dag.py
[2025-07-18T09:04:37.643+0700] {logging_mixin.py:188} INFO - [2025-07-18T09:04:37.643+0700] {dag.py:3096} INFO - Sync 1 DAGs
[2025-07-18T09:04:37.653+0700] {logging_mixin.py:188} INFO - [2025-07-18T09:04:37.653+0700] {dag.py:3954} INFO - Setting next_dagrun for example_nested_branch_dag to 2025-07-17 00:00:00+00:00, run_after=2025-07-18 00:00:00+00:00
[2025-07-18T09:04:37.674+0700] {processor.py:183} INFO - Processing /home/menglim/airflow_venv/lib/python3.12/site-packages/airflow/example_dags/example_nested_branch_dag.py took 0.053 seconds
[2025-07-18T09:05:37.483+0700] {processor.py:161} INFO - Started process (PID=3881) to work on /home/menglim/airflow_venv/lib/python3.12/site-packages/airflow/example_dags/example_nested_branch_dag.py
[2025-07-18T09:05:37.485+0700] {processor.py:830} INFO - Processing file /home/menglim/airflow_venv/lib/python3.12/site-packages/airflow/example_dags/example_nested_branch_dag.py for tasks to queue
[2025-07-18T09:05:37.486+0700] {logging_mixin.py:188} INFO - [2025-07-18T09:05:37.486+0700] {dagbag.py:545} INFO - Filling up the DagBag from /home/menglim/airflow_venv/lib/python3.12/site-packages/airflow/example_dags/example_nested_branch_dag.py
[2025-07-18T09:05:37.492+0700] {processor.py:840} INFO - DAG(s) 'example_nested_branch_dag' retrieved from /home/menglim/airflow_venv/lib/python3.12/site-packages/airflow/example_dags/example_nested_branch_dag.py
[2025-07-18T09:05:37.504+0700] {logging_mixin.py:188} INFO - [2025-07-18T09:05:37.504+0700] {dag.py:3096} INFO - Sync 1 DAGs
[2025-07-18T09:05:37.515+0700] {logging_mixin.py:188} INFO - [2025-07-18T09:05:37.515+0700] {dag.py:3954} INFO - Setting next_dagrun for example_nested_branch_dag to 2025-07-17 00:00:00+00:00, run_after=2025-07-18 00:00:00+00:00
[2025-07-18T09:05:37.542+0700] {processor.py:183} INFO - Processing /home/menglim/airflow_venv/lib/python3.12/site-packages/airflow/example_dags/example_nested_branch_dag.py took 0.063 seconds
[2025-07-18T09:06:29.475+0700] {processor.py:161} INFO - Started process (PID=3954) to work on /home/menglim/airflow_venv/lib/python3.12/site-packages/airflow/example_dags/example_nested_branch_dag.py
[2025-07-18T09:06:29.476+0700] {processor.py:830} INFO - Processing file /home/menglim/airflow_venv/lib/python3.12/site-packages/airflow/example_dags/example_nested_branch_dag.py for tasks to queue
[2025-07-18T09:06:29.477+0700] {logging_mixin.py:188} INFO - [2025-07-18T09:06:29.476+0700] {dagbag.py:545} INFO - Filling up the DagBag from /home/menglim/airflow_venv/lib/python3.12/site-packages/airflow/example_dags/example_nested_branch_dag.py
[2025-07-18T09:06:29.483+0700] {processor.py:840} INFO - DAG(s) 'example_nested_branch_dag' retrieved from /home/menglim/airflow_venv/lib/python3.12/site-packages/airflow/example_dags/example_nested_branch_dag.py
[2025-07-18T09:06:29.497+0700] {logging_mixin.py:188} INFO - [2025-07-18T09:06:29.496+0700] {dag.py:3096} INFO - Sync 1 DAGs
[2025-07-18T09:06:29.507+0700] {logging_mixin.py:188} INFO - [2025-07-18T09:06:29.507+0700] {dag.py:3954} INFO - Setting next_dagrun for example_nested_branch_dag to 2025-07-17 00:00:00+00:00, run_after=2025-07-18 00:00:00+00:00
[2025-07-18T09:06:29.683+0700] {processor.py:183} INFO - Processing /home/menglim/airflow_venv/lib/python3.12/site-packages/airflow/example_dags/example_nested_branch_dag.py took 0.213 seconds
[2025-07-18T09:07:29.176+0700] {processor.py:161} INFO - Started process (PID=4082) to work on /home/menglim/airflow_venv/lib/python3.12/site-packages/airflow/example_dags/example_nested_branch_dag.py
[2025-07-18T09:07:29.180+0700] {processor.py:830} INFO - Processing file /home/menglim/airflow_venv/lib/python3.12/site-packages/airflow/example_dags/example_nested_branch_dag.py for tasks to queue
[2025-07-18T09:07:29.181+0700] {logging_mixin.py:188} INFO - [2025-07-18T09:07:29.180+0700] {dagbag.py:545} INFO - Filling up the DagBag from /home/menglim/airflow_venv/lib/python3.12/site-packages/airflow/example_dags/example_nested_branch_dag.py
[2025-07-18T09:07:29.193+0700] {processor.py:840} INFO - DAG(s) 'example_nested_branch_dag' retrieved from /home/menglim/airflow_venv/lib/python3.12/site-packages/airflow/example_dags/example_nested_branch_dag.py
[2025-07-18T09:07:29.214+0700] {logging_mixin.py:188} INFO - [2025-07-18T09:07:29.213+0700] {dag.py:3096} INFO - Sync 1 DAGs
[2025-07-18T09:07:29.235+0700] {logging_mixin.py:188} INFO - [2025-07-18T09:07:29.234+0700] {dag.py:3954} INFO - Setting next_dagrun for example_nested_branch_dag to 2025-07-17 00:00:00+00:00, run_after=2025-07-18 00:00:00+00:00
[2025-07-18T09:07:29.270+0700] {processor.py:183} INFO - Processing /home/menglim/airflow_venv/lib/python3.12/site-packages/airflow/example_dags/example_nested_branch_dag.py took 0.101 seconds
[2025-07-18T09:08:28.353+0700] {processor.py:161} INFO - Started process (PID=4179) to work on /home/menglim/airflow_venv/lib/python3.12/site-packages/airflow/example_dags/example_nested_branch_dag.py
[2025-07-18T09:08:28.356+0700] {processor.py:830} INFO - Processing file /home/menglim/airflow_venv/lib/python3.12/site-packages/airflow/example_dags/example_nested_branch_dag.py for tasks to queue
[2025-07-18T09:08:28.356+0700] {logging_mixin.py:188} INFO - [2025-07-18T09:08:28.356+0700] {dagbag.py:545} INFO - Filling up the DagBag from /home/menglim/airflow_venv/lib/python3.12/site-packages/airflow/example_dags/example_nested_branch_dag.py
[2025-07-18T09:08:28.362+0700] {processor.py:840} INFO - DAG(s) 'example_nested_branch_dag' retrieved from /home/menglim/airflow_venv/lib/python3.12/site-packages/airflow/example_dags/example_nested_branch_dag.py
[2025-07-18T09:08:28.372+0700] {logging_mixin.py:188} INFO - [2025-07-18T09:08:28.372+0700] {dag.py:3096} INFO - Sync 1 DAGs
[2025-07-18T09:08:28.387+0700] {logging_mixin.py:188} INFO - [2025-07-18T09:08:28.387+0700] {dag.py:3954} INFO - Setting next_dagrun for example_nested_branch_dag to 2025-07-17 00:00:00+00:00, run_after=2025-07-18 00:00:00+00:00
[2025-07-18T09:08:28.419+0700] {processor.py:183} INFO - Processing /home/menglim/airflow_venv/lib/python3.12/site-packages/airflow/example_dags/example_nested_branch_dag.py took 0.068 seconds
[2025-07-18T09:09:18.695+0700] {processor.py:161} INFO - Started process (PID=4289) to work on /home/menglim/airflow_venv/lib/python3.12/site-packages/airflow/example_dags/example_nested_branch_dag.py
[2025-07-18T09:09:18.696+0700] {processor.py:830} INFO - Processing file /home/menglim/airflow_venv/lib/python3.12/site-packages/airflow/example_dags/example_nested_branch_dag.py for tasks to queue
[2025-07-18T09:09:18.696+0700] {logging_mixin.py:188} INFO - [2025-07-18T09:09:18.696+0700] {dagbag.py:545} INFO - Filling up the DagBag from /home/menglim/airflow_venv/lib/python3.12/site-packages/airflow/example_dags/example_nested_branch_dag.py
[2025-07-18T09:09:18.703+0700] {processor.py:840} INFO - DAG(s) 'example_nested_branch_dag' retrieved from /home/menglim/airflow_venv/lib/python3.12/site-packages/airflow/example_dags/example_nested_branch_dag.py
[2025-07-18T09:09:18.713+0700] {logging_mixin.py:188} INFO - [2025-07-18T09:09:18.713+0700] {dag.py:3096} INFO - Sync 1 DAGs
[2025-07-18T09:09:18.724+0700] {logging_mixin.py:188} INFO - [2025-07-18T09:09:18.724+0700] {dag.py:3954} INFO - Setting next_dagrun for example_nested_branch_dag to 2025-07-17 00:00:00+00:00, run_after=2025-07-18 00:00:00+00:00
[2025-07-18T09:09:18.750+0700] {processor.py:183} INFO - Processing /home/menglim/airflow_venv/lib/python3.12/site-packages/airflow/example_dags/example_nested_branch_dag.py took 0.059 seconds
[2025-07-18T09:10:11.194+0700] {processor.py:161} INFO - Started process (PID=4367) to work on /home/menglim/airflow_venv/lib/python3.12/site-packages/airflow/example_dags/example_nested_branch_dag.py
[2025-07-18T09:10:11.196+0700] {processor.py:830} INFO - Processing file /home/menglim/airflow_venv/lib/python3.12/site-packages/airflow/example_dags/example_nested_branch_dag.py for tasks to queue
[2025-07-18T09:10:11.197+0700] {logging_mixin.py:188} INFO - [2025-07-18T09:10:11.196+0700] {dagbag.py:545} INFO - Filling up the DagBag from /home/menglim/airflow_venv/lib/python3.12/site-packages/airflow/example_dags/example_nested_branch_dag.py
[2025-07-18T09:10:11.202+0700] {processor.py:840} INFO - DAG(s) 'example_nested_branch_dag' retrieved from /home/menglim/airflow_venv/lib/python3.12/site-packages/airflow/example_dags/example_nested_branch_dag.py
[2025-07-18T09:10:11.211+0700] {logging_mixin.py:188} INFO - [2025-07-18T09:10:11.211+0700] {dag.py:3096} INFO - Sync 1 DAGs
[2025-07-18T09:10:11.222+0700] {logging_mixin.py:188} INFO - [2025-07-18T09:10:11.222+0700] {dag.py:3954} INFO - Setting next_dagrun for example_nested_branch_dag to 2025-07-17 00:00:00+00:00, run_after=2025-07-18 00:00:00+00:00
[2025-07-18T09:10:11.243+0700] {processor.py:183} INFO - Processing /home/menglim/airflow_venv/lib/python3.12/site-packages/airflow/example_dags/example_nested_branch_dag.py took 0.053 seconds
[2025-07-18T09:11:08.690+0700] {processor.py:161} INFO - Started process (PID=4527) to work on /home/menglim/airflow_venv/lib/python3.12/site-packages/airflow/example_dags/example_nested_branch_dag.py
[2025-07-18T09:11:08.691+0700] {processor.py:830} INFO - Processing file /home/menglim/airflow_venv/lib/python3.12/site-packages/airflow/example_dags/example_nested_branch_dag.py for tasks to queue
[2025-07-18T09:11:08.691+0700] {logging_mixin.py:188} INFO - [2025-07-18T09:11:08.691+0700] {dagbag.py:545} INFO - Filling up the DagBag from /home/menglim/airflow_venv/lib/python3.12/site-packages/airflow/example_dags/example_nested_branch_dag.py
[2025-07-18T09:11:08.698+0700] {processor.py:840} INFO - DAG(s) 'example_nested_branch_dag' retrieved from /home/menglim/airflow_venv/lib/python3.12/site-packages/airflow/example_dags/example_nested_branch_dag.py
[2025-07-18T09:11:08.708+0700] {logging_mixin.py:188} INFO - [2025-07-18T09:11:08.708+0700] {dag.py:3096} INFO - Sync 1 DAGs
[2025-07-18T09:11:08.719+0700] {logging_mixin.py:188} INFO - [2025-07-18T09:11:08.719+0700] {dag.py:3954} INFO - Setting next_dagrun for example_nested_branch_dag to 2025-07-17 00:00:00+00:00, run_after=2025-07-18 00:00:00+00:00
[2025-07-18T09:11:08.740+0700] {processor.py:183} INFO - Processing /home/menglim/airflow_venv/lib/python3.12/site-packages/airflow/example_dags/example_nested_branch_dag.py took 0.053 seconds
[2025-07-18T09:12:06.079+0700] {processor.py:161} INFO - Started process (PID=4613) to work on /home/menglim/airflow_venv/lib/python3.12/site-packages/airflow/example_dags/example_nested_branch_dag.py
[2025-07-18T09:12:06.081+0700] {processor.py:830} INFO - Processing file /home/menglim/airflow_venv/lib/python3.12/site-packages/airflow/example_dags/example_nested_branch_dag.py for tasks to queue
[2025-07-18T09:12:06.082+0700] {logging_mixin.py:188} INFO - [2025-07-18T09:12:06.081+0700] {dagbag.py:545} INFO - Filling up the DagBag from /home/menglim/airflow_venv/lib/python3.12/site-packages/airflow/example_dags/example_nested_branch_dag.py
[2025-07-18T09:12:06.088+0700] {processor.py:840} INFO - DAG(s) 'example_nested_branch_dag' retrieved from /home/menglim/airflow_venv/lib/python3.12/site-packages/airflow/example_dags/example_nested_branch_dag.py
[2025-07-18T09:12:06.097+0700] {logging_mixin.py:188} INFO - [2025-07-18T09:12:06.097+0700] {dag.py:3096} INFO - Sync 1 DAGs
[2025-07-18T09:12:06.107+0700] {logging_mixin.py:188} INFO - [2025-07-18T09:12:06.107+0700] {dag.py:3954} INFO - Setting next_dagrun for example_nested_branch_dag to 2025-07-17 00:00:00+00:00, run_after=2025-07-18 00:00:00+00:00
[2025-07-18T09:12:06.128+0700] {processor.py:183} INFO - Processing /home/menglim/airflow_venv/lib/python3.12/site-packages/airflow/example_dags/example_nested_branch_dag.py took 0.052 seconds
[2025-07-18T09:13:06.998+0700] {processor.py:161} INFO - Started process (PID=5052) to work on /home/menglim/airflow_venv/lib/python3.12/site-packages/airflow/example_dags/example_nested_branch_dag.py
[2025-07-18T09:13:06.999+0700] {processor.py:830} INFO - Processing file /home/menglim/airflow_venv/lib/python3.12/site-packages/airflow/example_dags/example_nested_branch_dag.py for tasks to queue
[2025-07-18T09:13:07.000+0700] {logging_mixin.py:188} INFO - [2025-07-18T09:13:06.999+0700] {dagbag.py:545} INFO - Filling up the DagBag from /home/menglim/airflow_venv/lib/python3.12/site-packages/airflow/example_dags/example_nested_branch_dag.py
[2025-07-18T09:13:07.006+0700] {processor.py:840} INFO - DAG(s) 'example_nested_branch_dag' retrieved from /home/menglim/airflow_venv/lib/python3.12/site-packages/airflow/example_dags/example_nested_branch_dag.py
[2025-07-18T09:13:07.037+0700] {logging_mixin.py:188} INFO - [2025-07-18T09:13:07.037+0700] {dag.py:3096} INFO - Sync 1 DAGs
[2025-07-18T09:13:07.049+0700] {logging_mixin.py:188} INFO - [2025-07-18T09:13:07.049+0700] {dag.py:3954} INFO - Setting next_dagrun for example_nested_branch_dag to 2025-07-17 00:00:00+00:00, run_after=2025-07-18 00:00:00+00:00
[2025-07-18T09:13:07.076+0700] {processor.py:183} INFO - Processing /home/menglim/airflow_venv/lib/python3.12/site-packages/airflow/example_dags/example_nested_branch_dag.py took 0.081 seconds
[2025-07-18T09:14:15.266+0700] {processor.py:161} INFO - Started process (PID=5340) to work on /home/menglim/airflow_venv/lib/python3.12/site-packages/airflow/example_dags/example_nested_branch_dag.py
[2025-07-18T09:14:15.270+0700] {processor.py:830} INFO - Processing file /home/menglim/airflow_venv/lib/python3.12/site-packages/airflow/example_dags/example_nested_branch_dag.py for tasks to queue
[2025-07-18T09:14:15.271+0700] {logging_mixin.py:188} INFO - [2025-07-18T09:14:15.270+0700] {dagbag.py:545} INFO - Filling up the DagBag from /home/menglim/airflow_venv/lib/python3.12/site-packages/airflow/example_dags/example_nested_branch_dag.py
[2025-07-18T09:14:15.276+0700] {processor.py:840} INFO - DAG(s) 'example_nested_branch_dag' retrieved from /home/menglim/airflow_venv/lib/python3.12/site-packages/airflow/example_dags/example_nested_branch_dag.py
[2025-07-18T09:14:15.286+0700] {logging_mixin.py:188} INFO - [2025-07-18T09:14:15.286+0700] {dag.py:3096} INFO - Sync 1 DAGs
[2025-07-18T09:14:15.296+0700] {logging_mixin.py:188} INFO - [2025-07-18T09:14:15.296+0700] {dag.py:3954} INFO - Setting next_dagrun for example_nested_branch_dag to 2025-07-17 00:00:00+00:00, run_after=2025-07-18 00:00:00+00:00
[2025-07-18T09:14:15.331+0700] {processor.py:183} INFO - Processing /home/menglim/airflow_venv/lib/python3.12/site-packages/airflow/example_dags/example_nested_branch_dag.py took 0.068 seconds
[2025-07-18T09:15:13.796+0700] {processor.py:161} INFO - Started process (PID=5454) to work on /home/menglim/airflow_venv/lib/python3.12/site-packages/airflow/example_dags/example_nested_branch_dag.py
[2025-07-18T09:15:13.799+0700] {processor.py:830} INFO - Processing file /home/menglim/airflow_venv/lib/python3.12/site-packages/airflow/example_dags/example_nested_branch_dag.py for tasks to queue
[2025-07-18T09:15:13.799+0700] {logging_mixin.py:188} INFO - [2025-07-18T09:15:13.799+0700] {dagbag.py:545} INFO - Filling up the DagBag from /home/menglim/airflow_venv/lib/python3.12/site-packages/airflow/example_dags/example_nested_branch_dag.py
[2025-07-18T09:15:13.805+0700] {processor.py:840} INFO - DAG(s) 'example_nested_branch_dag' retrieved from /home/menglim/airflow_venv/lib/python3.12/site-packages/airflow/example_dags/example_nested_branch_dag.py
[2025-07-18T09:15:13.814+0700] {logging_mixin.py:188} INFO - [2025-07-18T09:15:13.814+0700] {dag.py:3096} INFO - Sync 1 DAGs
[2025-07-18T09:15:13.824+0700] {logging_mixin.py:188} INFO - [2025-07-18T09:15:13.824+0700] {dag.py:3954} INFO - Setting next_dagrun for example_nested_branch_dag to 2025-07-17 00:00:00+00:00, run_after=2025-07-18 00:00:00+00:00
[2025-07-18T09:15:13.845+0700] {processor.py:183} INFO - Processing /home/menglim/airflow_venv/lib/python3.12/site-packages/airflow/example_dags/example_nested_branch_dag.py took 0.051 seconds
[2025-07-18T09:16:19.125+0700] {processor.py:161} INFO - Started process (PID=5579) to work on /home/menglim/airflow_venv/lib/python3.12/site-packages/airflow/example_dags/example_nested_branch_dag.py
[2025-07-18T09:16:19.126+0700] {processor.py:830} INFO - Processing file /home/menglim/airflow_venv/lib/python3.12/site-packages/airflow/example_dags/example_nested_branch_dag.py for tasks to queue
[2025-07-18T09:16:19.127+0700] {logging_mixin.py:188} INFO - [2025-07-18T09:16:19.127+0700] {dagbag.py:545} INFO - Filling up the DagBag from /home/menglim/airflow_venv/lib/python3.12/site-packages/airflow/example_dags/example_nested_branch_dag.py
[2025-07-18T09:16:19.133+0700] {processor.py:840} INFO - DAG(s) 'example_nested_branch_dag' retrieved from /home/menglim/airflow_venv/lib/python3.12/site-packages/airflow/example_dags/example_nested_branch_dag.py
[2025-07-18T09:16:19.143+0700] {logging_mixin.py:188} INFO - [2025-07-18T09:16:19.142+0700] {dag.py:3096} INFO - Sync 1 DAGs
[2025-07-18T09:16:19.154+0700] {logging_mixin.py:188} INFO - [2025-07-18T09:16:19.154+0700] {dag.py:3954} INFO - Setting next_dagrun for example_nested_branch_dag to 2025-07-17 00:00:00+00:00, run_after=2025-07-18 00:00:00+00:00
[2025-07-18T09:16:19.180+0700] {processor.py:183} INFO - Processing /home/menglim/airflow_venv/lib/python3.12/site-packages/airflow/example_dags/example_nested_branch_dag.py took 0.058 seconds
[2025-07-18T09:17:43.570+0700] {processor.py:161} INFO - Started process (PID=5851) to work on /home/menglim/airflow_venv/lib/python3.12/site-packages/airflow/example_dags/example_nested_branch_dag.py
[2025-07-18T09:17:43.571+0700] {processor.py:830} INFO - Processing file /home/menglim/airflow_venv/lib/python3.12/site-packages/airflow/example_dags/example_nested_branch_dag.py for tasks to queue
[2025-07-18T09:17:43.571+0700] {logging_mixin.py:188} INFO - [2025-07-18T09:17:43.571+0700] {dagbag.py:545} INFO - Filling up the DagBag from /home/menglim/airflow_venv/lib/python3.12/site-packages/airflow/example_dags/example_nested_branch_dag.py
[2025-07-18T09:17:43.578+0700] {processor.py:840} INFO - DAG(s) 'example_nested_branch_dag' retrieved from /home/menglim/airflow_venv/lib/python3.12/site-packages/airflow/example_dags/example_nested_branch_dag.py
[2025-07-18T09:17:43.587+0700] {logging_mixin.py:188} INFO - [2025-07-18T09:17:43.587+0700] {dag.py:3096} INFO - Sync 1 DAGs
[2025-07-18T09:17:43.600+0700] {logging_mixin.py:188} INFO - [2025-07-18T09:17:43.600+0700] {dag.py:3954} INFO - Setting next_dagrun for example_nested_branch_dag to 2025-07-17 00:00:00+00:00, run_after=2025-07-18 00:00:00+00:00
[2025-07-18T09:17:43.622+0700] {processor.py:183} INFO - Processing /home/menglim/airflow_venv/lib/python3.12/site-packages/airflow/example_dags/example_nested_branch_dag.py took 0.055 seconds
[2025-07-18T09:18:46.130+0700] {processor.py:161} INFO - Started process (PID=5972) to work on /home/menglim/airflow_venv/lib/python3.12/site-packages/airflow/example_dags/example_nested_branch_dag.py
[2025-07-18T09:18:46.132+0700] {processor.py:830} INFO - Processing file /home/menglim/airflow_venv/lib/python3.12/site-packages/airflow/example_dags/example_nested_branch_dag.py for tasks to queue
[2025-07-18T09:18:46.133+0700] {logging_mixin.py:188} INFO - [2025-07-18T09:18:46.132+0700] {dagbag.py:545} INFO - Filling up the DagBag from /home/menglim/airflow_venv/lib/python3.12/site-packages/airflow/example_dags/example_nested_branch_dag.py
[2025-07-18T09:18:46.149+0700] {processor.py:840} INFO - DAG(s) 'example_nested_branch_dag' retrieved from /home/menglim/airflow_venv/lib/python3.12/site-packages/airflow/example_dags/example_nested_branch_dag.py
[2025-07-18T09:18:46.171+0700] {logging_mixin.py:188} INFO - [2025-07-18T09:18:46.171+0700] {dag.py:3096} INFO - Sync 1 DAGs
[2025-07-18T09:18:46.195+0700] {logging_mixin.py:188} INFO - [2025-07-18T09:18:46.195+0700] {dag.py:3954} INFO - Setting next_dagrun for example_nested_branch_dag to 2025-07-17 00:00:00+00:00, run_after=2025-07-18 00:00:00+00:00
[2025-07-18T09:18:46.283+0700] {processor.py:183} INFO - Processing /home/menglim/airflow_venv/lib/python3.12/site-packages/airflow/example_dags/example_nested_branch_dag.py took 0.159 seconds
[2025-07-18T09:19:32.343+0700] {processor.py:161} INFO - Started process (PID=6078) to work on /home/menglim/airflow_venv/lib/python3.12/site-packages/airflow/example_dags/example_nested_branch_dag.py
[2025-07-18T09:19:32.344+0700] {processor.py:830} INFO - Processing file /home/menglim/airflow_venv/lib/python3.12/site-packages/airflow/example_dags/example_nested_branch_dag.py for tasks to queue
[2025-07-18T09:19:32.345+0700] {logging_mixin.py:188} INFO - [2025-07-18T09:19:32.345+0700] {dagbag.py:545} INFO - Filling up the DagBag from /home/menglim/airflow_venv/lib/python3.12/site-packages/airflow/example_dags/example_nested_branch_dag.py
[2025-07-18T09:19:32.353+0700] {processor.py:840} INFO - DAG(s) 'example_nested_branch_dag' retrieved from /home/menglim/airflow_venv/lib/python3.12/site-packages/airflow/example_dags/example_nested_branch_dag.py
[2025-07-18T09:19:32.365+0700] {logging_mixin.py:188} INFO - [2025-07-18T09:19:32.365+0700] {dag.py:3096} INFO - Sync 1 DAGs
[2025-07-18T09:19:32.378+0700] {logging_mixin.py:188} INFO - [2025-07-18T09:19:32.378+0700] {dag.py:3954} INFO - Setting next_dagrun for example_nested_branch_dag to 2025-07-17 00:00:00+00:00, run_after=2025-07-18 00:00:00+00:00
[2025-07-18T09:19:32.399+0700] {processor.py:183} INFO - Processing /home/menglim/airflow_venv/lib/python3.12/site-packages/airflow/example_dags/example_nested_branch_dag.py took 0.059 seconds
[2025-07-18T09:20:27.290+0700] {processor.py:161} INFO - Started process (PID=6196) to work on /home/menglim/airflow_venv/lib/python3.12/site-packages/airflow/example_dags/example_nested_branch_dag.py
[2025-07-18T09:20:27.291+0700] {processor.py:830} INFO - Processing file /home/menglim/airflow_venv/lib/python3.12/site-packages/airflow/example_dags/example_nested_branch_dag.py for tasks to queue
[2025-07-18T09:20:27.292+0700] {logging_mixin.py:188} INFO - [2025-07-18T09:20:27.292+0700] {dagbag.py:545} INFO - Filling up the DagBag from /home/menglim/airflow_venv/lib/python3.12/site-packages/airflow/example_dags/example_nested_branch_dag.py
[2025-07-18T09:20:27.298+0700] {processor.py:840} INFO - DAG(s) 'example_nested_branch_dag' retrieved from /home/menglim/airflow_venv/lib/python3.12/site-packages/airflow/example_dags/example_nested_branch_dag.py
[2025-07-18T09:20:27.308+0700] {logging_mixin.py:188} INFO - [2025-07-18T09:20:27.308+0700] {dag.py:3096} INFO - Sync 1 DAGs
[2025-07-18T09:20:27.376+0700] {logging_mixin.py:188} INFO - [2025-07-18T09:20:27.376+0700] {dag.py:3954} INFO - Setting next_dagrun for example_nested_branch_dag to 2025-07-17 00:00:00+00:00, run_after=2025-07-18 00:00:00+00:00
[2025-07-18T09:20:27.398+0700] {processor.py:183} INFO - Processing /home/menglim/airflow_venv/lib/python3.12/site-packages/airflow/example_dags/example_nested_branch_dag.py took 0.110 seconds
[2025-07-18T09:21:38.441+0700] {processor.py:161} INFO - Started process (PID=6418) to work on /home/menglim/airflow_venv/lib/python3.12/site-packages/airflow/example_dags/example_nested_branch_dag.py
[2025-07-18T09:21:38.443+0700] {processor.py:830} INFO - Processing file /home/menglim/airflow_venv/lib/python3.12/site-packages/airflow/example_dags/example_nested_branch_dag.py for tasks to queue
[2025-07-18T09:21:38.444+0700] {logging_mixin.py:188} INFO - [2025-07-18T09:21:38.443+0700] {dagbag.py:545} INFO - Filling up the DagBag from /home/menglim/airflow_venv/lib/python3.12/site-packages/airflow/example_dags/example_nested_branch_dag.py
[2025-07-18T09:21:38.450+0700] {processor.py:840} INFO - DAG(s) 'example_nested_branch_dag' retrieved from /home/menglim/airflow_venv/lib/python3.12/site-packages/airflow/example_dags/example_nested_branch_dag.py
[2025-07-18T09:21:38.461+0700] {logging_mixin.py:188} INFO - [2025-07-18T09:21:38.461+0700] {dag.py:3096} INFO - Sync 1 DAGs
[2025-07-18T09:21:38.472+0700] {logging_mixin.py:188} INFO - [2025-07-18T09:21:38.472+0700] {dag.py:3954} INFO - Setting next_dagrun for example_nested_branch_dag to 2025-07-17 00:00:00+00:00, run_after=2025-07-18 00:00:00+00:00
[2025-07-18T09:21:38.492+0700] {processor.py:183} INFO - Processing /home/menglim/airflow_venv/lib/python3.12/site-packages/airflow/example_dags/example_nested_branch_dag.py took 0.055 seconds
[2025-07-18T09:22:30.538+0700] {processor.py:161} INFO - Started process (PID=6596) to work on /home/menglim/airflow_venv/lib/python3.12/site-packages/airflow/example_dags/example_nested_branch_dag.py
[2025-07-18T09:22:30.541+0700] {processor.py:830} INFO - Processing file /home/menglim/airflow_venv/lib/python3.12/site-packages/airflow/example_dags/example_nested_branch_dag.py for tasks to queue
[2025-07-18T09:22:30.541+0700] {logging_mixin.py:188} INFO - [2025-07-18T09:22:30.541+0700] {dagbag.py:545} INFO - Filling up the DagBag from /home/menglim/airflow_venv/lib/python3.12/site-packages/airflow/example_dags/example_nested_branch_dag.py
[2025-07-18T09:22:30.547+0700] {processor.py:840} INFO - DAG(s) 'example_nested_branch_dag' retrieved from /home/menglim/airflow_venv/lib/python3.12/site-packages/airflow/example_dags/example_nested_branch_dag.py
[2025-07-18T09:22:30.558+0700] {logging_mixin.py:188} INFO - [2025-07-18T09:22:30.558+0700] {dag.py:3096} INFO - Sync 1 DAGs
[2025-07-18T09:22:30.570+0700] {logging_mixin.py:188} INFO - [2025-07-18T09:22:30.570+0700] {dag.py:3954} INFO - Setting next_dagrun for example_nested_branch_dag to 2025-07-17 00:00:00+00:00, run_after=2025-07-18 00:00:00+00:00
[2025-07-18T09:22:30.596+0700] {processor.py:183} INFO - Processing /home/menglim/airflow_venv/lib/python3.12/site-packages/airflow/example_dags/example_nested_branch_dag.py took 0.061 seconds
[2025-07-18T09:23:39.817+0700] {processor.py:161} INFO - Started process (PID=6756) to work on /home/menglim/airflow_venv/lib/python3.12/site-packages/airflow/example_dags/example_nested_branch_dag.py
[2025-07-18T09:23:39.820+0700] {processor.py:830} INFO - Processing file /home/menglim/airflow_venv/lib/python3.12/site-packages/airflow/example_dags/example_nested_branch_dag.py for tasks to queue
[2025-07-18T09:23:39.820+0700] {logging_mixin.py:188} INFO - [2025-07-18T09:23:39.820+0700] {dagbag.py:545} INFO - Filling up the DagBag from /home/menglim/airflow_venv/lib/python3.12/site-packages/airflow/example_dags/example_nested_branch_dag.py
[2025-07-18T09:23:39.826+0700] {processor.py:840} INFO - DAG(s) 'example_nested_branch_dag' retrieved from /home/menglim/airflow_venv/lib/python3.12/site-packages/airflow/example_dags/example_nested_branch_dag.py
[2025-07-18T09:23:39.836+0700] {logging_mixin.py:188} INFO - [2025-07-18T09:23:39.835+0700] {dag.py:3096} INFO - Sync 1 DAGs
[2025-07-18T09:23:39.846+0700] {logging_mixin.py:188} INFO - [2025-07-18T09:23:39.845+0700] {dag.py:3954} INFO - Setting next_dagrun for example_nested_branch_dag to 2025-07-17 00:00:00+00:00, run_after=2025-07-18 00:00:00+00:00
[2025-07-18T09:23:39.872+0700] {processor.py:183} INFO - Processing /home/menglim/airflow_venv/lib/python3.12/site-packages/airflow/example_dags/example_nested_branch_dag.py took 0.058 seconds
[2025-07-18T09:24:20.236+0700] {processor.py:161} INFO - Started process (PID=6879) to work on /home/menglim/airflow_venv/lib/python3.12/site-packages/airflow/example_dags/example_nested_branch_dag.py
[2025-07-18T09:24:20.238+0700] {processor.py:830} INFO - Processing file /home/menglim/airflow_venv/lib/python3.12/site-packages/airflow/example_dags/example_nested_branch_dag.py for tasks to queue
[2025-07-18T09:24:20.239+0700] {logging_mixin.py:188} INFO - [2025-07-18T09:24:20.239+0700] {dagbag.py:545} INFO - Filling up the DagBag from /home/menglim/airflow_venv/lib/python3.12/site-packages/airflow/example_dags/example_nested_branch_dag.py
[2025-07-18T09:24:20.246+0700] {processor.py:840} INFO - DAG(s) 'example_nested_branch_dag' retrieved from /home/menglim/airflow_venv/lib/python3.12/site-packages/airflow/example_dags/example_nested_branch_dag.py
[2025-07-18T09:24:20.258+0700] {logging_mixin.py:188} INFO - [2025-07-18T09:24:20.258+0700] {dag.py:3096} INFO - Sync 1 DAGs
[2025-07-18T09:24:20.272+0700] {logging_mixin.py:188} INFO - [2025-07-18T09:24:20.272+0700] {dag.py:3954} INFO - Setting next_dagrun for example_nested_branch_dag to 2025-07-17 00:00:00+00:00, run_after=2025-07-18 00:00:00+00:00
[2025-07-18T09:24:20.299+0700] {processor.py:183} INFO - Processing /home/menglim/airflow_venv/lib/python3.12/site-packages/airflow/example_dags/example_nested_branch_dag.py took 0.067 seconds
[2025-07-18T09:25:19.967+0700] {processor.py:161} INFO - Started process (PID=6999) to work on /home/menglim/airflow_venv/lib/python3.12/site-packages/airflow/example_dags/example_nested_branch_dag.py
[2025-07-18T09:25:19.968+0700] {processor.py:830} INFO - Processing file /home/menglim/airflow_venv/lib/python3.12/site-packages/airflow/example_dags/example_nested_branch_dag.py for tasks to queue
[2025-07-18T09:25:19.968+0700] {logging_mixin.py:188} INFO - [2025-07-18T09:25:19.968+0700] {dagbag.py:545} INFO - Filling up the DagBag from /home/menglim/airflow_venv/lib/python3.12/site-packages/airflow/example_dags/example_nested_branch_dag.py
[2025-07-18T09:25:19.974+0700] {processor.py:840} INFO - DAG(s) 'example_nested_branch_dag' retrieved from /home/menglim/airflow_venv/lib/python3.12/site-packages/airflow/example_dags/example_nested_branch_dag.py
[2025-07-18T09:25:19.984+0700] {logging_mixin.py:188} INFO - [2025-07-18T09:25:19.984+0700] {dag.py:3096} INFO - Sync 1 DAGs
[2025-07-18T09:25:19.995+0700] {logging_mixin.py:188} INFO - [2025-07-18T09:25:19.995+0700] {dag.py:3954} INFO - Setting next_dagrun for example_nested_branch_dag to 2025-07-17 00:00:00+00:00, run_after=2025-07-18 00:00:00+00:00
[2025-07-18T09:25:20.016+0700] {processor.py:183} INFO - Processing /home/menglim/airflow_venv/lib/python3.12/site-packages/airflow/example_dags/example_nested_branch_dag.py took 0.053 seconds
[2025-07-18T09:26:22.994+0700] {processor.py:161} INFO - Started process (PID=7171) to work on /home/menglim/airflow_venv/lib/python3.12/site-packages/airflow/example_dags/example_nested_branch_dag.py
[2025-07-18T09:26:22.995+0700] {processor.py:830} INFO - Processing file /home/menglim/airflow_venv/lib/python3.12/site-packages/airflow/example_dags/example_nested_branch_dag.py for tasks to queue
[2025-07-18T09:26:22.995+0700] {logging_mixin.py:188} INFO - [2025-07-18T09:26:22.995+0700] {dagbag.py:545} INFO - Filling up the DagBag from /home/menglim/airflow_venv/lib/python3.12/site-packages/airflow/example_dags/example_nested_branch_dag.py
[2025-07-18T09:26:23.001+0700] {processor.py:840} INFO - DAG(s) 'example_nested_branch_dag' retrieved from /home/menglim/airflow_venv/lib/python3.12/site-packages/airflow/example_dags/example_nested_branch_dag.py
[2025-07-18T09:26:23.011+0700] {logging_mixin.py:188} INFO - [2025-07-18T09:26:23.011+0700] {dag.py:3096} INFO - Sync 1 DAGs
[2025-07-18T09:26:23.021+0700] {logging_mixin.py:188} INFO - [2025-07-18T09:26:23.021+0700] {dag.py:3954} INFO - Setting next_dagrun for example_nested_branch_dag to 2025-07-17 00:00:00+00:00, run_after=2025-07-18 00:00:00+00:00
[2025-07-18T09:26:23.042+0700] {processor.py:183} INFO - Processing /home/menglim/airflow_venv/lib/python3.12/site-packages/airflow/example_dags/example_nested_branch_dag.py took 0.052 seconds
[2025-07-18T09:27:22.757+0700] {processor.py:161} INFO - Started process (PID=7306) to work on /home/menglim/airflow_venv/lib/python3.12/site-packages/airflow/example_dags/example_nested_branch_dag.py
[2025-07-18T09:27:22.761+0700] {processor.py:830} INFO - Processing file /home/menglim/airflow_venv/lib/python3.12/site-packages/airflow/example_dags/example_nested_branch_dag.py for tasks to queue
[2025-07-18T09:27:22.762+0700] {logging_mixin.py:188} INFO - [2025-07-18T09:27:22.762+0700] {dagbag.py:545} INFO - Filling up the DagBag from /home/menglim/airflow_venv/lib/python3.12/site-packages/airflow/example_dags/example_nested_branch_dag.py
[2025-07-18T09:27:22.770+0700] {processor.py:840} INFO - DAG(s) 'example_nested_branch_dag' retrieved from /home/menglim/airflow_venv/lib/python3.12/site-packages/airflow/example_dags/example_nested_branch_dag.py
[2025-07-18T09:27:22.784+0700] {logging_mixin.py:188} INFO - [2025-07-18T09:27:22.783+0700] {dag.py:3096} INFO - Sync 1 DAGs
[2025-07-18T09:27:22.796+0700] {logging_mixin.py:188} INFO - [2025-07-18T09:27:22.796+0700] {dag.py:3954} INFO - Setting next_dagrun for example_nested_branch_dag to 2025-07-17 00:00:00+00:00, run_after=2025-07-18 00:00:00+00:00
[2025-07-18T09:27:22.816+0700] {processor.py:183} INFO - Processing /home/menglim/airflow_venv/lib/python3.12/site-packages/airflow/example_dags/example_nested_branch_dag.py took 0.064 seconds
[2025-07-18T09:28:10.036+0700] {processor.py:161} INFO - Started process (PID=7369) to work on /home/menglim/airflow_venv/lib/python3.12/site-packages/airflow/example_dags/example_nested_branch_dag.py
[2025-07-18T09:28:10.039+0700] {processor.py:830} INFO - Processing file /home/menglim/airflow_venv/lib/python3.12/site-packages/airflow/example_dags/example_nested_branch_dag.py for tasks to queue
[2025-07-18T09:28:10.039+0700] {logging_mixin.py:188} INFO - [2025-07-18T09:28:10.039+0700] {dagbag.py:545} INFO - Filling up the DagBag from /home/menglim/airflow_venv/lib/python3.12/site-packages/airflow/example_dags/example_nested_branch_dag.py
[2025-07-18T09:28:10.045+0700] {processor.py:840} INFO - DAG(s) 'example_nested_branch_dag' retrieved from /home/menglim/airflow_venv/lib/python3.12/site-packages/airflow/example_dags/example_nested_branch_dag.py
[2025-07-18T09:28:10.054+0700] {logging_mixin.py:188} INFO - [2025-07-18T09:28:10.054+0700] {dag.py:3096} INFO - Sync 1 DAGs
[2025-07-18T09:28:10.070+0700] {logging_mixin.py:188} INFO - [2025-07-18T09:28:10.070+0700] {dag.py:3954} INFO - Setting next_dagrun for example_nested_branch_dag to 2025-07-17 00:00:00+00:00, run_after=2025-07-18 00:00:00+00:00
[2025-07-18T09:28:10.091+0700] {processor.py:183} INFO - Processing /home/menglim/airflow_venv/lib/python3.12/site-packages/airflow/example_dags/example_nested_branch_dag.py took 0.059 seconds
[2025-07-18T09:28:47.764+0700] {processor.py:161} INFO - Started process (PID=7440) to work on /home/menglim/airflow_venv/lib/python3.12/site-packages/airflow/example_dags/example_nested_branch_dag.py
[2025-07-18T09:28:47.766+0700] {processor.py:830} INFO - Processing file /home/menglim/airflow_venv/lib/python3.12/site-packages/airflow/example_dags/example_nested_branch_dag.py for tasks to queue
[2025-07-18T09:28:47.766+0700] {logging_mixin.py:188} INFO - [2025-07-18T09:28:47.766+0700] {dagbag.py:545} INFO - Filling up the DagBag from /home/menglim/airflow_venv/lib/python3.12/site-packages/airflow/example_dags/example_nested_branch_dag.py
[2025-07-18T09:28:47.772+0700] {processor.py:840} INFO - DAG(s) 'example_nested_branch_dag' retrieved from /home/menglim/airflow_venv/lib/python3.12/site-packages/airflow/example_dags/example_nested_branch_dag.py
[2025-07-18T09:28:47.782+0700] {logging_mixin.py:188} INFO - [2025-07-18T09:28:47.782+0700] {dag.py:3096} INFO - Sync 1 DAGs
[2025-07-18T09:28:47.792+0700] {logging_mixin.py:188} INFO - [2025-07-18T09:28:47.792+0700] {dag.py:3954} INFO - Setting next_dagrun for example_nested_branch_dag to 2025-07-17 00:00:00+00:00, run_after=2025-07-18 00:00:00+00:00
[2025-07-18T09:28:47.813+0700] {processor.py:183} INFO - Processing /home/menglim/airflow_venv/lib/python3.12/site-packages/airflow/example_dags/example_nested_branch_dag.py took 0.053 seconds
[2025-07-18T09:29:37.693+0700] {processor.py:161} INFO - Started process (PID=7539) to work on /home/menglim/airflow_venv/lib/python3.12/site-packages/airflow/example_dags/example_nested_branch_dag.py
[2025-07-18T09:29:37.696+0700] {processor.py:830} INFO - Processing file /home/menglim/airflow_venv/lib/python3.12/site-packages/airflow/example_dags/example_nested_branch_dag.py for tasks to queue
[2025-07-18T09:29:37.697+0700] {logging_mixin.py:188} INFO - [2025-07-18T09:29:37.697+0700] {dagbag.py:545} INFO - Filling up the DagBag from /home/menglim/airflow_venv/lib/python3.12/site-packages/airflow/example_dags/example_nested_branch_dag.py
[2025-07-18T09:29:37.707+0700] {processor.py:840} INFO - DAG(s) 'example_nested_branch_dag' retrieved from /home/menglim/airflow_venv/lib/python3.12/site-packages/airflow/example_dags/example_nested_branch_dag.py
[2025-07-18T09:29:37.724+0700] {logging_mixin.py:188} INFO - [2025-07-18T09:29:37.724+0700] {dag.py:3096} INFO - Sync 1 DAGs
[2025-07-18T09:29:37.739+0700] {logging_mixin.py:188} INFO - [2025-07-18T09:29:37.738+0700] {dag.py:3954} INFO - Setting next_dagrun for example_nested_branch_dag to 2025-07-17 00:00:00+00:00, run_after=2025-07-18 00:00:00+00:00
[2025-07-18T09:29:37.759+0700] {processor.py:183} INFO - Processing /home/menglim/airflow_venv/lib/python3.12/site-packages/airflow/example_dags/example_nested_branch_dag.py took 0.072 seconds
[2025-07-18T09:30:25.447+0700] {processor.py:161} INFO - Started process (PID=7601) to work on /home/menglim/airflow_venv/lib/python3.12/site-packages/airflow/example_dags/example_nested_branch_dag.py
[2025-07-18T09:30:25.450+0700] {processor.py:830} INFO - Processing file /home/menglim/airflow_venv/lib/python3.12/site-packages/airflow/example_dags/example_nested_branch_dag.py for tasks to queue
[2025-07-18T09:30:25.450+0700] {logging_mixin.py:188} INFO - [2025-07-18T09:30:25.450+0700] {dagbag.py:545} INFO - Filling up the DagBag from /home/menglim/airflow_venv/lib/python3.12/site-packages/airflow/example_dags/example_nested_branch_dag.py
[2025-07-18T09:30:25.456+0700] {processor.py:840} INFO - DAG(s) 'example_nested_branch_dag' retrieved from /home/menglim/airflow_venv/lib/python3.12/site-packages/airflow/example_dags/example_nested_branch_dag.py
[2025-07-18T09:30:25.466+0700] {logging_mixin.py:188} INFO - [2025-07-18T09:30:25.466+0700] {dag.py:3096} INFO - Sync 1 DAGs
[2025-07-18T09:30:25.476+0700] {logging_mixin.py:188} INFO - [2025-07-18T09:30:25.476+0700] {dag.py:3954} INFO - Setting next_dagrun for example_nested_branch_dag to 2025-07-17 00:00:00+00:00, run_after=2025-07-18 00:00:00+00:00
[2025-07-18T09:30:25.498+0700] {processor.py:183} INFO - Processing /home/menglim/airflow_venv/lib/python3.12/site-packages/airflow/example_dags/example_nested_branch_dag.py took 0.054 seconds
[2025-07-18T09:31:16.632+0700] {processor.py:161} INFO - Started process (PID=7678) to work on /home/menglim/airflow_venv/lib/python3.12/site-packages/airflow/example_dags/example_nested_branch_dag.py
[2025-07-18T09:31:16.633+0700] {processor.py:830} INFO - Processing file /home/menglim/airflow_venv/lib/python3.12/site-packages/airflow/example_dags/example_nested_branch_dag.py for tasks to queue
[2025-07-18T09:31:16.633+0700] {logging_mixin.py:188} INFO - [2025-07-18T09:31:16.633+0700] {dagbag.py:545} INFO - Filling up the DagBag from /home/menglim/airflow_venv/lib/python3.12/site-packages/airflow/example_dags/example_nested_branch_dag.py
[2025-07-18T09:31:16.639+0700] {processor.py:840} INFO - DAG(s) 'example_nested_branch_dag' retrieved from /home/menglim/airflow_venv/lib/python3.12/site-packages/airflow/example_dags/example_nested_branch_dag.py
[2025-07-18T09:31:16.649+0700] {logging_mixin.py:188} INFO - [2025-07-18T09:31:16.649+0700] {dag.py:3096} INFO - Sync 1 DAGs
[2025-07-18T09:31:16.659+0700] {logging_mixin.py:188} INFO - [2025-07-18T09:31:16.659+0700] {dag.py:3954} INFO - Setting next_dagrun for example_nested_branch_dag to 2025-07-17 00:00:00+00:00, run_after=2025-07-18 00:00:00+00:00
[2025-07-18T09:31:16.680+0700] {processor.py:183} INFO - Processing /home/menglim/airflow_venv/lib/python3.12/site-packages/airflow/example_dags/example_nested_branch_dag.py took 0.052 seconds
[2025-07-18T09:32:06.126+0700] {processor.py:161} INFO - Started process (PID=7758) to work on /home/menglim/airflow_venv/lib/python3.12/site-packages/airflow/example_dags/example_nested_branch_dag.py
[2025-07-18T09:32:06.129+0700] {processor.py:830} INFO - Processing file /home/menglim/airflow_venv/lib/python3.12/site-packages/airflow/example_dags/example_nested_branch_dag.py for tasks to queue
[2025-07-18T09:32:06.130+0700] {logging_mixin.py:188} INFO - [2025-07-18T09:32:06.129+0700] {dagbag.py:545} INFO - Filling up the DagBag from /home/menglim/airflow_venv/lib/python3.12/site-packages/airflow/example_dags/example_nested_branch_dag.py
[2025-07-18T09:32:06.135+0700] {processor.py:840} INFO - DAG(s) 'example_nested_branch_dag' retrieved from /home/menglim/airflow_venv/lib/python3.12/site-packages/airflow/example_dags/example_nested_branch_dag.py
[2025-07-18T09:32:06.145+0700] {logging_mixin.py:188} INFO - [2025-07-18T09:32:06.145+0700] {dag.py:3096} INFO - Sync 1 DAGs
[2025-07-18T09:32:06.156+0700] {logging_mixin.py:188} INFO - [2025-07-18T09:32:06.156+0700] {dag.py:3954} INFO - Setting next_dagrun for example_nested_branch_dag to 2025-07-17 00:00:00+00:00, run_after=2025-07-18 00:00:00+00:00
[2025-07-18T09:32:06.175+0700] {processor.py:183} INFO - Processing /home/menglim/airflow_venv/lib/python3.12/site-packages/airflow/example_dags/example_nested_branch_dag.py took 0.052 seconds
[2025-07-18T09:32:59.235+0700] {processor.py:161} INFO - Started process (PID=7839) to work on /home/menglim/airflow_venv/lib/python3.12/site-packages/airflow/example_dags/example_nested_branch_dag.py
[2025-07-18T09:32:59.238+0700] {processor.py:830} INFO - Processing file /home/menglim/airflow_venv/lib/python3.12/site-packages/airflow/example_dags/example_nested_branch_dag.py for tasks to queue
[2025-07-18T09:32:59.238+0700] {logging_mixin.py:188} INFO - [2025-07-18T09:32:59.238+0700] {dagbag.py:545} INFO - Filling up the DagBag from /home/menglim/airflow_venv/lib/python3.12/site-packages/airflow/example_dags/example_nested_branch_dag.py
[2025-07-18T09:32:59.244+0700] {processor.py:840} INFO - DAG(s) 'example_nested_branch_dag' retrieved from /home/menglim/airflow_venv/lib/python3.12/site-packages/airflow/example_dags/example_nested_branch_dag.py
[2025-07-18T09:32:59.254+0700] {logging_mixin.py:188} INFO - [2025-07-18T09:32:59.254+0700] {dag.py:3096} INFO - Sync 1 DAGs
[2025-07-18T09:32:59.264+0700] {logging_mixin.py:188} INFO - [2025-07-18T09:32:59.264+0700] {dag.py:3954} INFO - Setting next_dagrun for example_nested_branch_dag to 2025-07-17 00:00:00+00:00, run_after=2025-07-18 00:00:00+00:00
[2025-07-18T09:32:59.285+0700] {processor.py:183} INFO - Processing /home/menglim/airflow_venv/lib/python3.12/site-packages/airflow/example_dags/example_nested_branch_dag.py took 0.054 seconds
[2025-07-18T09:33:47.523+0700] {processor.py:161} INFO - Started process (PID=7916) to work on /home/menglim/airflow_venv/lib/python3.12/site-packages/airflow/example_dags/example_nested_branch_dag.py
[2025-07-18T09:33:47.525+0700] {processor.py:830} INFO - Processing file /home/menglim/airflow_venv/lib/python3.12/site-packages/airflow/example_dags/example_nested_branch_dag.py for tasks to queue
[2025-07-18T09:33:47.526+0700] {logging_mixin.py:188} INFO - [2025-07-18T09:33:47.526+0700] {dagbag.py:545} INFO - Filling up the DagBag from /home/menglim/airflow_venv/lib/python3.12/site-packages/airflow/example_dags/example_nested_branch_dag.py
[2025-07-18T09:33:47.532+0700] {processor.py:840} INFO - DAG(s) 'example_nested_branch_dag' retrieved from /home/menglim/airflow_venv/lib/python3.12/site-packages/airflow/example_dags/example_nested_branch_dag.py
[2025-07-18T09:33:47.542+0700] {logging_mixin.py:188} INFO - [2025-07-18T09:33:47.542+0700] {dag.py:3096} INFO - Sync 1 DAGs
[2025-07-18T09:33:47.553+0700] {logging_mixin.py:188} INFO - [2025-07-18T09:33:47.553+0700] {dag.py:3954} INFO - Setting next_dagrun for example_nested_branch_dag to 2025-07-17 00:00:00+00:00, run_after=2025-07-18 00:00:00+00:00
[2025-07-18T09:33:47.574+0700] {processor.py:183} INFO - Processing /home/menglim/airflow_venv/lib/python3.12/site-packages/airflow/example_dags/example_nested_branch_dag.py took 0.055 seconds
[2025-07-18T09:34:39.161+0700] {processor.py:161} INFO - Started process (PID=8071) to work on /home/menglim/airflow_venv/lib/python3.12/site-packages/airflow/example_dags/example_nested_branch_dag.py
[2025-07-18T09:34:39.163+0700] {processor.py:830} INFO - Processing file /home/menglim/airflow_venv/lib/python3.12/site-packages/airflow/example_dags/example_nested_branch_dag.py for tasks to queue
[2025-07-18T09:34:39.164+0700] {logging_mixin.py:188} INFO - [2025-07-18T09:34:39.163+0700] {dagbag.py:545} INFO - Filling up the DagBag from /home/menglim/airflow_venv/lib/python3.12/site-packages/airflow/example_dags/example_nested_branch_dag.py
[2025-07-18T09:34:39.170+0700] {processor.py:840} INFO - DAG(s) 'example_nested_branch_dag' retrieved from /home/menglim/airflow_venv/lib/python3.12/site-packages/airflow/example_dags/example_nested_branch_dag.py
[2025-07-18T09:34:39.181+0700] {logging_mixin.py:188} INFO - [2025-07-18T09:34:39.180+0700] {dag.py:3096} INFO - Sync 1 DAGs
[2025-07-18T09:34:39.191+0700] {logging_mixin.py:188} INFO - [2025-07-18T09:34:39.191+0700] {dag.py:3954} INFO - Setting next_dagrun for example_nested_branch_dag to 2025-07-17 00:00:00+00:00, run_after=2025-07-18 00:00:00+00:00
[2025-07-18T09:34:39.212+0700] {processor.py:183} INFO - Processing /home/menglim/airflow_venv/lib/python3.12/site-packages/airflow/example_dags/example_nested_branch_dag.py took 0.055 seconds
[2025-07-18T09:35:30.141+0700] {processor.py:161} INFO - Started process (PID=8157) to work on /home/menglim/airflow_venv/lib/python3.12/site-packages/airflow/example_dags/example_nested_branch_dag.py
[2025-07-18T09:35:30.143+0700] {processor.py:830} INFO - Processing file /home/menglim/airflow_venv/lib/python3.12/site-packages/airflow/example_dags/example_nested_branch_dag.py for tasks to queue
[2025-07-18T09:35:30.143+0700] {logging_mixin.py:188} INFO - [2025-07-18T09:35:30.143+0700] {dagbag.py:545} INFO - Filling up the DagBag from /home/menglim/airflow_venv/lib/python3.12/site-packages/airflow/example_dags/example_nested_branch_dag.py
[2025-07-18T09:35:30.153+0700] {processor.py:840} INFO - DAG(s) 'example_nested_branch_dag' retrieved from /home/menglim/airflow_venv/lib/python3.12/site-packages/airflow/example_dags/example_nested_branch_dag.py
[2025-07-18T09:35:30.167+0700] {logging_mixin.py:188} INFO - [2025-07-18T09:35:30.167+0700] {dag.py:3096} INFO - Sync 1 DAGs
[2025-07-18T09:35:30.183+0700] {logging_mixin.py:188} INFO - [2025-07-18T09:35:30.183+0700] {dag.py:3954} INFO - Setting next_dagrun for example_nested_branch_dag to 2025-07-17 00:00:00+00:00, run_after=2025-07-18 00:00:00+00:00
[2025-07-18T09:35:30.210+0700] {processor.py:183} INFO - Processing /home/menglim/airflow_venv/lib/python3.12/site-packages/airflow/example_dags/example_nested_branch_dag.py took 0.078 seconds
[2025-07-18T09:36:23.683+0700] {processor.py:161} INFO - Started process (PID=8245) to work on /home/menglim/airflow_venv/lib/python3.12/site-packages/airflow/example_dags/example_nested_branch_dag.py
[2025-07-18T09:36:23.685+0700] {processor.py:830} INFO - Processing file /home/menglim/airflow_venv/lib/python3.12/site-packages/airflow/example_dags/example_nested_branch_dag.py for tasks to queue
[2025-07-18T09:36:23.686+0700] {logging_mixin.py:188} INFO - [2025-07-18T09:36:23.686+0700] {dagbag.py:545} INFO - Filling up the DagBag from /home/menglim/airflow_venv/lib/python3.12/site-packages/airflow/example_dags/example_nested_branch_dag.py
[2025-07-18T09:36:23.692+0700] {processor.py:840} INFO - DAG(s) 'example_nested_branch_dag' retrieved from /home/menglim/airflow_venv/lib/python3.12/site-packages/airflow/example_dags/example_nested_branch_dag.py
[2025-07-18T09:36:23.703+0700] {logging_mixin.py:188} INFO - [2025-07-18T09:36:23.703+0700] {dag.py:3096} INFO - Sync 1 DAGs
[2025-07-18T09:36:23.715+0700] {logging_mixin.py:188} INFO - [2025-07-18T09:36:23.715+0700] {dag.py:3954} INFO - Setting next_dagrun for example_nested_branch_dag to 2025-07-17 00:00:00+00:00, run_after=2025-07-18 00:00:00+00:00
[2025-07-18T09:36:23.734+0700] {processor.py:183} INFO - Processing /home/menglim/airflow_venv/lib/python3.12/site-packages/airflow/example_dags/example_nested_branch_dag.py took 0.055 seconds
[2025-07-18T09:37:26.704+0700] {processor.py:161} INFO - Started process (PID=8341) to work on /home/menglim/airflow_venv/lib/python3.12/site-packages/airflow/example_dags/example_nested_branch_dag.py
[2025-07-18T09:37:26.708+0700] {processor.py:830} INFO - Processing file /home/menglim/airflow_venv/lib/python3.12/site-packages/airflow/example_dags/example_nested_branch_dag.py for tasks to queue
[2025-07-18T09:37:26.711+0700] {logging_mixin.py:188} INFO - [2025-07-18T09:37:26.710+0700] {dagbag.py:545} INFO - Filling up the DagBag from /home/menglim/airflow_venv/lib/python3.12/site-packages/airflow/example_dags/example_nested_branch_dag.py
[2025-07-18T09:37:26.732+0700] {processor.py:840} INFO - DAG(s) 'example_nested_branch_dag' retrieved from /home/menglim/airflow_venv/lib/python3.12/site-packages/airflow/example_dags/example_nested_branch_dag.py
[2025-07-18T09:37:26.764+0700] {logging_mixin.py:188} INFO - [2025-07-18T09:37:26.763+0700] {dag.py:3096} INFO - Sync 1 DAGs
[2025-07-18T09:37:26.805+0700] {logging_mixin.py:188} INFO - [2025-07-18T09:37:26.805+0700] {dag.py:3954} INFO - Setting next_dagrun for example_nested_branch_dag to 2025-07-17 00:00:00+00:00, run_after=2025-07-18 00:00:00+00:00
[2025-07-18T09:37:26.879+0700] {processor.py:183} INFO - Processing /home/menglim/airflow_venv/lib/python3.12/site-packages/airflow/example_dags/example_nested_branch_dag.py took 0.185 seconds
