[2025-07-18T09:00:46.703+0700] {processor.py:161} INFO - Started process (PID=3283) to work on /home/menglim/airflow_venv/lib/python3.12/site-packages/airflow/example_dags/example_branch_labels.py
[2025-07-18T09:00:46.703+0700] {processor.py:830} INFO - Processing file /home/menglim/airflow_venv/lib/python3.12/site-packages/airflow/example_dags/example_branch_labels.py for tasks to queue
[2025-07-18T09:00:46.704+0700] {logging_mixin.py:188} INFO - [2025-07-18T09:00:46.704+0700] {dagbag.py:545} INFO - Filling up the DagBag from /home/menglim/airflow_venv/lib/python3.12/site-packages/airflow/example_dags/example_branch_labels.py
[2025-07-18T09:00:46.708+0700] {processor.py:840} INFO - DAG(s) 'example_branch_labels' retrieved from /home/menglim/airflow_venv/lib/python3.12/site-packages/airflow/example_dags/example_branch_labels.py
[2025-07-18T09:00:46.754+0700] {logging_mixin.py:188} INFO - [2025-07-18T09:00:46.754+0700] {dag.py:3096} INFO - Sync 1 DAGs
[2025-07-18T09:00:46.768+0700] {logging_mixin.py:188} INFO - [2025-07-18T09:00:46.768+0700] {dag.py:3954} INFO - Setting next_dagrun for example_branch_labels to 2025-07-17 00:00:00+00:00, run_after=2025-07-18 00:00:00+00:00
[2025-07-18T09:00:46.791+0700] {processor.py:183} INFO - Processing /home/menglim/airflow_venv/lib/python3.12/site-packages/airflow/example_dags/example_branch_labels.py took 0.091 seconds
[2025-07-18T09:02:03.868+0700] {processor.py:161} INFO - Started process (PID=3445) to work on /home/menglim/airflow_venv/lib/python3.12/site-packages/airflow/example_dags/example_branch_labels.py
[2025-07-18T09:02:03.870+0700] {processor.py:830} INFO - Processing file /home/menglim/airflow_venv/lib/python3.12/site-packages/airflow/example_dags/example_branch_labels.py for tasks to queue
[2025-07-18T09:02:03.871+0700] {logging_mixin.py:188} INFO - [2025-07-18T09:02:03.871+0700] {dagbag.py:545} INFO - Filling up the DagBag from /home/menglim/airflow_venv/lib/python3.12/site-packages/airflow/example_dags/example_branch_labels.py
[2025-07-18T09:02:03.880+0700] {processor.py:840} INFO - DAG(s) 'example_branch_labels' retrieved from /home/menglim/airflow_venv/lib/python3.12/site-packages/airflow/example_dags/example_branch_labels.py
[2025-07-18T09:02:03.903+0700] {logging_mixin.py:188} INFO - [2025-07-18T09:02:03.903+0700] {dag.py:3096} INFO - Sync 1 DAGs
[2025-07-18T09:02:03.916+0700] {logging_mixin.py:188} INFO - [2025-07-18T09:02:03.916+0700] {dag.py:3954} INFO - Setting next_dagrun for example_branch_labels to 2025-07-17 00:00:00+00:00, run_after=2025-07-18 00:00:00+00:00
[2025-07-18T09:02:03.941+0700] {processor.py:183} INFO - Processing /home/menglim/airflow_venv/lib/python3.12/site-packages/airflow/example_dags/example_branch_labels.py took 0.077 seconds
[2025-07-18T09:03:10.271+0700] {processor.py:161} INFO - Started process (PID=3605) to work on /home/menglim/airflow_venv/lib/python3.12/site-packages/airflow/example_dags/example_branch_labels.py
[2025-07-18T09:03:10.274+0700] {processor.py:830} INFO - Processing file /home/menglim/airflow_venv/lib/python3.12/site-packages/airflow/example_dags/example_branch_labels.py for tasks to queue
[2025-07-18T09:03:10.275+0700] {logging_mixin.py:188} INFO - [2025-07-18T09:03:10.274+0700] {dagbag.py:545} INFO - Filling up the DagBag from /home/menglim/airflow_venv/lib/python3.12/site-packages/airflow/example_dags/example_branch_labels.py
[2025-07-18T09:03:10.279+0700] {processor.py:840} INFO - DAG(s) 'example_branch_labels' retrieved from /home/menglim/airflow_venv/lib/python3.12/site-packages/airflow/example_dags/example_branch_labels.py
[2025-07-18T09:03:10.289+0700] {logging_mixin.py:188} INFO - [2025-07-18T09:03:10.289+0700] {dag.py:3096} INFO - Sync 1 DAGs
[2025-07-18T09:03:10.299+0700] {logging_mixin.py:188} INFO - [2025-07-18T09:03:10.299+0700] {dag.py:3954} INFO - Setting next_dagrun for example_branch_labels to 2025-07-17 00:00:00+00:00, run_after=2025-07-18 00:00:00+00:00
[2025-07-18T09:03:10.319+0700] {processor.py:183} INFO - Processing /home/menglim/airflow_venv/lib/python3.12/site-packages/airflow/example_dags/example_branch_labels.py took 0.051 seconds
[2025-07-18T09:04:27.492+0700] {processor.py:161} INFO - Started process (PID=3744) to work on /home/menglim/airflow_venv/lib/python3.12/site-packages/airflow/example_dags/example_branch_labels.py
[2025-07-18T09:04:27.494+0700] {processor.py:830} INFO - Processing file /home/menglim/airflow_venv/lib/python3.12/site-packages/airflow/example_dags/example_branch_labels.py for tasks to queue
[2025-07-18T09:04:27.495+0700] {logging_mixin.py:188} INFO - [2025-07-18T09:04:27.495+0700] {dagbag.py:545} INFO - Filling up the DagBag from /home/menglim/airflow_venv/lib/python3.12/site-packages/airflow/example_dags/example_branch_labels.py
[2025-07-18T09:04:27.500+0700] {processor.py:840} INFO - DAG(s) 'example_branch_labels' retrieved from /home/menglim/airflow_venv/lib/python3.12/site-packages/airflow/example_dags/example_branch_labels.py
[2025-07-18T09:04:27.511+0700] {logging_mixin.py:188} INFO - [2025-07-18T09:04:27.511+0700] {dag.py:3096} INFO - Sync 1 DAGs
[2025-07-18T09:04:27.521+0700] {logging_mixin.py:188} INFO - [2025-07-18T09:04:27.520+0700] {dag.py:3954} INFO - Setting next_dagrun for example_branch_labels to 2025-07-17 00:00:00+00:00, run_after=2025-07-18 00:00:00+00:00
[2025-07-18T09:04:27.541+0700] {processor.py:183} INFO - Processing /home/menglim/airflow_venv/lib/python3.12/site-packages/airflow/example_dags/example_branch_labels.py took 0.053 seconds
[2025-07-18T09:05:26.958+0700] {processor.py:161} INFO - Started process (PID=3867) to work on /home/menglim/airflow_venv/lib/python3.12/site-packages/airflow/example_dags/example_branch_labels.py
[2025-07-18T09:05:26.959+0700] {processor.py:830} INFO - Processing file /home/menglim/airflow_venv/lib/python3.12/site-packages/airflow/example_dags/example_branch_labels.py for tasks to queue
[2025-07-18T09:05:26.963+0700] {logging_mixin.py:188} INFO - [2025-07-18T09:05:26.962+0700] {dagbag.py:545} INFO - Filling up the DagBag from /home/menglim/airflow_venv/lib/python3.12/site-packages/airflow/example_dags/example_branch_labels.py
[2025-07-18T09:05:26.971+0700] {processor.py:840} INFO - DAG(s) 'example_branch_labels' retrieved from /home/menglim/airflow_venv/lib/python3.12/site-packages/airflow/example_dags/example_branch_labels.py
[2025-07-18T09:05:26.991+0700] {logging_mixin.py:188} INFO - [2025-07-18T09:05:26.991+0700] {dag.py:3096} INFO - Sync 1 DAGs
[2025-07-18T09:05:27.016+0700] {logging_mixin.py:188} INFO - [2025-07-18T09:05:27.016+0700] {dag.py:3954} INFO - Setting next_dagrun for example_branch_labels to 2025-07-17 00:00:00+00:00, run_after=2025-07-18 00:00:00+00:00
[2025-07-18T09:05:27.060+0700] {processor.py:183} INFO - Processing /home/menglim/airflow_venv/lib/python3.12/site-packages/airflow/example_dags/example_branch_labels.py took 0.109 seconds
[2025-07-18T09:06:23.176+0700] {processor.py:161} INFO - Started process (PID=3947) to work on /home/menglim/airflow_venv/lib/python3.12/site-packages/airflow/example_dags/example_branch_labels.py
[2025-07-18T09:06:23.181+0700] {processor.py:830} INFO - Processing file /home/menglim/airflow_venv/lib/python3.12/site-packages/airflow/example_dags/example_branch_labels.py for tasks to queue
[2025-07-18T09:06:23.182+0700] {logging_mixin.py:188} INFO - [2025-07-18T09:06:23.181+0700] {dagbag.py:545} INFO - Filling up the DagBag from /home/menglim/airflow_venv/lib/python3.12/site-packages/airflow/example_dags/example_branch_labels.py
[2025-07-18T09:06:23.186+0700] {processor.py:840} INFO - DAG(s) 'example_branch_labels' retrieved from /home/menglim/airflow_venv/lib/python3.12/site-packages/airflow/example_dags/example_branch_labels.py
[2025-07-18T09:06:23.196+0700] {logging_mixin.py:188} INFO - [2025-07-18T09:06:23.196+0700] {dag.py:3096} INFO - Sync 1 DAGs
[2025-07-18T09:06:23.205+0700] {logging_mixin.py:188} INFO - [2025-07-18T09:06:23.205+0700] {dag.py:3954} INFO - Setting next_dagrun for example_branch_labels to 2025-07-17 00:00:00+00:00, run_after=2025-07-18 00:00:00+00:00
[2025-07-18T09:06:23.254+0700] {processor.py:183} INFO - Processing /home/menglim/airflow_venv/lib/python3.12/site-packages/airflow/example_dags/example_branch_labels.py took 0.082 seconds
[2025-07-18T09:07:51.554+0700] {processor.py:161} INFO - Started process (PID=4106) to work on /home/menglim/airflow_venv/lib/python3.12/site-packages/airflow/example_dags/example_branch_labels.py
[2025-07-18T09:07:51.556+0700] {processor.py:830} INFO - Processing file /home/menglim/airflow_venv/lib/python3.12/site-packages/airflow/example_dags/example_branch_labels.py for tasks to queue
[2025-07-18T09:07:51.557+0700] {logging_mixin.py:188} INFO - [2025-07-18T09:07:51.557+0700] {dagbag.py:545} INFO - Filling up the DagBag from /home/menglim/airflow_venv/lib/python3.12/site-packages/airflow/example_dags/example_branch_labels.py
[2025-07-18T09:07:51.561+0700] {processor.py:840} INFO - DAG(s) 'example_branch_labels' retrieved from /home/menglim/airflow_venv/lib/python3.12/site-packages/airflow/example_dags/example_branch_labels.py
[2025-07-18T09:07:51.571+0700] {logging_mixin.py:188} INFO - [2025-07-18T09:07:51.570+0700] {dag.py:3096} INFO - Sync 1 DAGs
[2025-07-18T09:07:51.580+0700] {logging_mixin.py:188} INFO - [2025-07-18T09:07:51.580+0700] {dag.py:3954} INFO - Setting next_dagrun for example_branch_labels to 2025-07-17 00:00:00+00:00, run_after=2025-07-18 00:00:00+00:00
[2025-07-18T09:07:51.603+0700] {processor.py:183} INFO - Processing /home/menglim/airflow_venv/lib/python3.12/site-packages/airflow/example_dags/example_branch_labels.py took 0.052 seconds
[2025-07-18T09:08:47.667+0700] {processor.py:161} INFO - Started process (PID=4207) to work on /home/menglim/airflow_venv/lib/python3.12/site-packages/airflow/example_dags/example_branch_labels.py
[2025-07-18T09:08:47.669+0700] {processor.py:830} INFO - Processing file /home/menglim/airflow_venv/lib/python3.12/site-packages/airflow/example_dags/example_branch_labels.py for tasks to queue
[2025-07-18T09:08:47.670+0700] {logging_mixin.py:188} INFO - [2025-07-18T09:08:47.670+0700] {dagbag.py:545} INFO - Filling up the DagBag from /home/menglim/airflow_venv/lib/python3.12/site-packages/airflow/example_dags/example_branch_labels.py
[2025-07-18T09:08:47.674+0700] {processor.py:840} INFO - DAG(s) 'example_branch_labels' retrieved from /home/menglim/airflow_venv/lib/python3.12/site-packages/airflow/example_dags/example_branch_labels.py
[2025-07-18T09:08:47.687+0700] {logging_mixin.py:188} INFO - [2025-07-18T09:08:47.687+0700] {dag.py:3096} INFO - Sync 1 DAGs
[2025-07-18T09:08:47.701+0700] {logging_mixin.py:188} INFO - [2025-07-18T09:08:47.701+0700] {dag.py:3954} INFO - Setting next_dagrun for example_branch_labels to 2025-07-17 00:00:00+00:00, run_after=2025-07-18 00:00:00+00:00
[2025-07-18T09:08:47.726+0700] {processor.py:183} INFO - Processing /home/menglim/airflow_venv/lib/python3.12/site-packages/airflow/example_dags/example_branch_labels.py took 0.065 seconds
[2025-07-18T09:10:00.880+0700] {processor.py:161} INFO - Started process (PID=4360) to work on /home/menglim/airflow_venv/lib/python3.12/site-packages/airflow/example_dags/example_branch_labels.py
[2025-07-18T09:10:00.881+0700] {processor.py:830} INFO - Processing file /home/menglim/airflow_venv/lib/python3.12/site-packages/airflow/example_dags/example_branch_labels.py for tasks to queue
[2025-07-18T09:10:00.882+0700] {logging_mixin.py:188} INFO - [2025-07-18T09:10:00.881+0700] {dagbag.py:545} INFO - Filling up the DagBag from /home/menglim/airflow_venv/lib/python3.12/site-packages/airflow/example_dags/example_branch_labels.py
[2025-07-18T09:10:00.886+0700] {processor.py:840} INFO - DAG(s) 'example_branch_labels' retrieved from /home/menglim/airflow_venv/lib/python3.12/site-packages/airflow/example_dags/example_branch_labels.py
[2025-07-18T09:10:00.895+0700] {logging_mixin.py:188} INFO - [2025-07-18T09:10:00.895+0700] {dag.py:3096} INFO - Sync 1 DAGs
[2025-07-18T09:10:00.905+0700] {logging_mixin.py:188} INFO - [2025-07-18T09:10:00.905+0700] {dag.py:3954} INFO - Setting next_dagrun for example_branch_labels to 2025-07-17 00:00:00+00:00, run_after=2025-07-18 00:00:00+00:00
[2025-07-18T09:10:00.925+0700] {processor.py:183} INFO - Processing /home/menglim/airflow_venv/lib/python3.12/site-packages/airflow/example_dags/example_branch_labels.py took 0.048 seconds
[2025-07-18T09:11:32.903+0700] {processor.py:161} INFO - Started process (PID=4550) to work on /home/menglim/airflow_venv/lib/python3.12/site-packages/airflow/example_dags/example_branch_labels.py
[2025-07-18T09:11:32.906+0700] {processor.py:830} INFO - Processing file /home/menglim/airflow_venv/lib/python3.12/site-packages/airflow/example_dags/example_branch_labels.py for tasks to queue
[2025-07-18T09:11:32.906+0700] {logging_mixin.py:188} INFO - [2025-07-18T09:11:32.906+0700] {dagbag.py:545} INFO - Filling up the DagBag from /home/menglim/airflow_venv/lib/python3.12/site-packages/airflow/example_dags/example_branch_labels.py
[2025-07-18T09:11:32.911+0700] {processor.py:840} INFO - DAG(s) 'example_branch_labels' retrieved from /home/menglim/airflow_venv/lib/python3.12/site-packages/airflow/example_dags/example_branch_labels.py
[2025-07-18T09:11:32.920+0700] {logging_mixin.py:188} INFO - [2025-07-18T09:11:32.920+0700] {dag.py:3096} INFO - Sync 1 DAGs
[2025-07-18T09:11:32.931+0700] {logging_mixin.py:188} INFO - [2025-07-18T09:11:32.931+0700] {dag.py:3954} INFO - Setting next_dagrun for example_branch_labels to 2025-07-17 00:00:00+00:00, run_after=2025-07-18 00:00:00+00:00
[2025-07-18T09:11:32.950+0700] {processor.py:183} INFO - Processing /home/menglim/airflow_venv/lib/python3.12/site-packages/airflow/example_dags/example_branch_labels.py took 0.050 seconds
[2025-07-18T09:12:54.333+0700] {processor.py:161} INFO - Started process (PID=4689) to work on /home/menglim/airflow_venv/lib/python3.12/site-packages/airflow/example_dags/example_branch_labels.py
[2025-07-18T09:12:54.335+0700] {processor.py:830} INFO - Processing file /home/menglim/airflow_venv/lib/python3.12/site-packages/airflow/example_dags/example_branch_labels.py for tasks to queue
[2025-07-18T09:12:54.336+0700] {logging_mixin.py:188} INFO - [2025-07-18T09:12:54.336+0700] {dagbag.py:545} INFO - Filling up the DagBag from /home/menglim/airflow_venv/lib/python3.12/site-packages/airflow/example_dags/example_branch_labels.py
[2025-07-18T09:12:54.340+0700] {processor.py:840} INFO - DAG(s) 'example_branch_labels' retrieved from /home/menglim/airflow_venv/lib/python3.12/site-packages/airflow/example_dags/example_branch_labels.py
[2025-07-18T09:12:54.350+0700] {logging_mixin.py:188} INFO - [2025-07-18T09:12:54.350+0700] {dag.py:3096} INFO - Sync 1 DAGs
[2025-07-18T09:12:54.363+0700] {logging_mixin.py:188} INFO - [2025-07-18T09:12:54.362+0700] {dag.py:3954} INFO - Setting next_dagrun for example_branch_labels to 2025-07-17 00:00:00+00:00, run_after=2025-07-18 00:00:00+00:00
[2025-07-18T09:12:54.383+0700] {processor.py:183} INFO - Processing /home/menglim/airflow_venv/lib/python3.12/site-packages/airflow/example_dags/example_branch_labels.py took 0.055 seconds
[2025-07-18T09:14:02.549+0700] {processor.py:161} INFO - Started process (PID=5315) to work on /home/menglim/airflow_venv/lib/python3.12/site-packages/airflow/example_dags/example_branch_labels.py
[2025-07-18T09:14:02.551+0700] {processor.py:830} INFO - Processing file /home/menglim/airflow_venv/lib/python3.12/site-packages/airflow/example_dags/example_branch_labels.py for tasks to queue
[2025-07-18T09:14:02.552+0700] {logging_mixin.py:188} INFO - [2025-07-18T09:14:02.552+0700] {dagbag.py:545} INFO - Filling up the DagBag from /home/menglim/airflow_venv/lib/python3.12/site-packages/airflow/example_dags/example_branch_labels.py
[2025-07-18T09:14:02.557+0700] {processor.py:840} INFO - DAG(s) 'example_branch_labels' retrieved from /home/menglim/airflow_venv/lib/python3.12/site-packages/airflow/example_dags/example_branch_labels.py
[2025-07-18T09:14:02.566+0700] {logging_mixin.py:188} INFO - [2025-07-18T09:14:02.566+0700] {dag.py:3096} INFO - Sync 1 DAGs
[2025-07-18T09:14:02.580+0700] {logging_mixin.py:188} INFO - [2025-07-18T09:14:02.580+0700] {dag.py:3954} INFO - Setting next_dagrun for example_branch_labels to 2025-07-17 00:00:00+00:00, run_after=2025-07-18 00:00:00+00:00
[2025-07-18T09:14:02.600+0700] {processor.py:183} INFO - Processing /home/menglim/airflow_venv/lib/python3.12/site-packages/airflow/example_dags/example_branch_labels.py took 0.055 seconds
[2025-07-18T09:15:04.293+0700] {processor.py:161} INFO - Started process (PID=5422) to work on /home/menglim/airflow_venv/lib/python3.12/site-packages/airflow/example_dags/example_branch_labels.py
[2025-07-18T09:15:04.297+0700] {processor.py:830} INFO - Processing file /home/menglim/airflow_venv/lib/python3.12/site-packages/airflow/example_dags/example_branch_labels.py for tasks to queue
[2025-07-18T09:15:04.298+0700] {logging_mixin.py:188} INFO - [2025-07-18T09:15:04.298+0700] {dagbag.py:545} INFO - Filling up the DagBag from /home/menglim/airflow_venv/lib/python3.12/site-packages/airflow/example_dags/example_branch_labels.py
[2025-07-18T09:15:04.306+0700] {processor.py:840} INFO - DAG(s) 'example_branch_labels' retrieved from /home/menglim/airflow_venv/lib/python3.12/site-packages/airflow/example_dags/example_branch_labels.py
[2025-07-18T09:15:04.328+0700] {logging_mixin.py:188} INFO - [2025-07-18T09:15:04.327+0700] {dag.py:3096} INFO - Sync 1 DAGs
[2025-07-18T09:15:04.349+0700] {logging_mixin.py:188} INFO - [2025-07-18T09:15:04.348+0700] {dag.py:3954} INFO - Setting next_dagrun for example_branch_labels to 2025-07-17 00:00:00+00:00, run_after=2025-07-18 00:00:00+00:00
[2025-07-18T09:15:04.389+0700] {processor.py:183} INFO - Processing /home/menglim/airflow_venv/lib/python3.12/site-packages/airflow/example_dags/example_branch_labels.py took 0.103 seconds
[2025-07-18T09:16:07.859+0700] {processor.py:161} INFO - Started process (PID=5554) to work on /home/menglim/airflow_venv/lib/python3.12/site-packages/airflow/example_dags/example_branch_labels.py
[2025-07-18T09:16:07.861+0700] {processor.py:830} INFO - Processing file /home/menglim/airflow_venv/lib/python3.12/site-packages/airflow/example_dags/example_branch_labels.py for tasks to queue
[2025-07-18T09:16:07.862+0700] {logging_mixin.py:188} INFO - [2025-07-18T09:16:07.861+0700] {dagbag.py:545} INFO - Filling up the DagBag from /home/menglim/airflow_venv/lib/python3.12/site-packages/airflow/example_dags/example_branch_labels.py
[2025-07-18T09:16:07.868+0700] {processor.py:840} INFO - DAG(s) 'example_branch_labels' retrieved from /home/menglim/airflow_venv/lib/python3.12/site-packages/airflow/example_dags/example_branch_labels.py
[2025-07-18T09:16:07.879+0700] {logging_mixin.py:188} INFO - [2025-07-18T09:16:07.878+0700] {dag.py:3096} INFO - Sync 1 DAGs
[2025-07-18T09:16:07.889+0700] {logging_mixin.py:188} INFO - [2025-07-18T09:16:07.889+0700] {dag.py:3954} INFO - Setting next_dagrun for example_branch_labels to 2025-07-17 00:00:00+00:00, run_after=2025-07-18 00:00:00+00:00
[2025-07-18T09:16:07.980+0700] {processor.py:183} INFO - Processing /home/menglim/airflow_venv/lib/python3.12/site-packages/airflow/example_dags/example_branch_labels.py took 0.124 seconds
[2025-07-18T09:17:33.355+0700] {processor.py:161} INFO - Started process (PID=5829) to work on /home/menglim/airflow_venv/lib/python3.12/site-packages/airflow/example_dags/example_branch_labels.py
[2025-07-18T09:17:33.356+0700] {processor.py:830} INFO - Processing file /home/menglim/airflow_venv/lib/python3.12/site-packages/airflow/example_dags/example_branch_labels.py for tasks to queue
[2025-07-18T09:17:33.357+0700] {logging_mixin.py:188} INFO - [2025-07-18T09:17:33.357+0700] {dagbag.py:545} INFO - Filling up the DagBag from /home/menglim/airflow_venv/lib/python3.12/site-packages/airflow/example_dags/example_branch_labels.py
[2025-07-18T09:17:33.361+0700] {processor.py:840} INFO - DAG(s) 'example_branch_labels' retrieved from /home/menglim/airflow_venv/lib/python3.12/site-packages/airflow/example_dags/example_branch_labels.py
[2025-07-18T09:17:33.371+0700] {logging_mixin.py:188} INFO - [2025-07-18T09:17:33.371+0700] {dag.py:3096} INFO - Sync 1 DAGs
[2025-07-18T09:17:33.381+0700] {logging_mixin.py:188} INFO - [2025-07-18T09:17:33.381+0700] {dag.py:3954} INFO - Setting next_dagrun for example_branch_labels to 2025-07-17 00:00:00+00:00, run_after=2025-07-18 00:00:00+00:00
[2025-07-18T09:17:33.469+0700] {processor.py:183} INFO - Processing /home/menglim/airflow_venv/lib/python3.12/site-packages/airflow/example_dags/example_branch_labels.py took 0.117 seconds
[2025-07-18T09:18:36.317+0700] {processor.py:161} INFO - Started process (PID=5948) to work on /home/menglim/airflow_venv/lib/python3.12/site-packages/airflow/example_dags/example_branch_labels.py
[2025-07-18T09:18:36.321+0700] {processor.py:830} INFO - Processing file /home/menglim/airflow_venv/lib/python3.12/site-packages/airflow/example_dags/example_branch_labels.py for tasks to queue
[2025-07-18T09:18:36.322+0700] {logging_mixin.py:188} INFO - [2025-07-18T09:18:36.321+0700] {dagbag.py:545} INFO - Filling up the DagBag from /home/menglim/airflow_venv/lib/python3.12/site-packages/airflow/example_dags/example_branch_labels.py
[2025-07-18T09:18:36.329+0700] {processor.py:840} INFO - DAG(s) 'example_branch_labels' retrieved from /home/menglim/airflow_venv/lib/python3.12/site-packages/airflow/example_dags/example_branch_labels.py
[2025-07-18T09:18:36.347+0700] {logging_mixin.py:188} INFO - [2025-07-18T09:18:36.347+0700] {dag.py:3096} INFO - Sync 1 DAGs
[2025-07-18T09:18:36.367+0700] {logging_mixin.py:188} INFO - [2025-07-18T09:18:36.366+0700] {dag.py:3954} INFO - Setting next_dagrun for example_branch_labels to 2025-07-17 00:00:00+00:00, run_after=2025-07-18 00:00:00+00:00
[2025-07-18T09:18:36.392+0700] {processor.py:183} INFO - Processing /home/menglim/airflow_venv/lib/python3.12/site-packages/airflow/example_dags/example_branch_labels.py took 0.081 seconds
[2025-07-18T09:19:51.879+0700] {processor.py:161} INFO - Started process (PID=6114) to work on /home/menglim/airflow_venv/lib/python3.12/site-packages/airflow/example_dags/example_branch_labels.py
[2025-07-18T09:19:51.880+0700] {processor.py:830} INFO - Processing file /home/menglim/airflow_venv/lib/python3.12/site-packages/airflow/example_dags/example_branch_labels.py for tasks to queue
[2025-07-18T09:19:51.881+0700] {logging_mixin.py:188} INFO - [2025-07-18T09:19:51.881+0700] {dagbag.py:545} INFO - Filling up the DagBag from /home/menglim/airflow_venv/lib/python3.12/site-packages/airflow/example_dags/example_branch_labels.py
[2025-07-18T09:19:51.886+0700] {processor.py:840} INFO - DAG(s) 'example_branch_labels' retrieved from /home/menglim/airflow_venv/lib/python3.12/site-packages/airflow/example_dags/example_branch_labels.py
[2025-07-18T09:19:51.898+0700] {logging_mixin.py:188} INFO - [2025-07-18T09:19:51.898+0700] {dag.py:3096} INFO - Sync 1 DAGs
[2025-07-18T09:19:51.910+0700] {logging_mixin.py:188} INFO - [2025-07-18T09:19:51.909+0700] {dag.py:3954} INFO - Setting next_dagrun for example_branch_labels to 2025-07-17 00:00:00+00:00, run_after=2025-07-18 00:00:00+00:00
[2025-07-18T09:19:51.936+0700] {processor.py:183} INFO - Processing /home/menglim/airflow_venv/lib/python3.12/site-packages/airflow/example_dags/example_branch_labels.py took 0.060 seconds
[2025-07-18T09:20:50.744+0700] {processor.py:161} INFO - Started process (PID=6238) to work on /home/menglim/airflow_venv/lib/python3.12/site-packages/airflow/example_dags/example_branch_labels.py
[2025-07-18T09:20:50.746+0700] {processor.py:830} INFO - Processing file /home/menglim/airflow_venv/lib/python3.12/site-packages/airflow/example_dags/example_branch_labels.py for tasks to queue
[2025-07-18T09:20:50.747+0700] {logging_mixin.py:188} INFO - [2025-07-18T09:20:50.747+0700] {dagbag.py:545} INFO - Filling up the DagBag from /home/menglim/airflow_venv/lib/python3.12/site-packages/airflow/example_dags/example_branch_labels.py
[2025-07-18T09:20:50.751+0700] {processor.py:840} INFO - DAG(s) 'example_branch_labels' retrieved from /home/menglim/airflow_venv/lib/python3.12/site-packages/airflow/example_dags/example_branch_labels.py
[2025-07-18T09:20:50.761+0700] {logging_mixin.py:188} INFO - [2025-07-18T09:20:50.761+0700] {dag.py:3096} INFO - Sync 1 DAGs
[2025-07-18T09:20:50.772+0700] {logging_mixin.py:188} INFO - [2025-07-18T09:20:50.772+0700] {dag.py:3954} INFO - Setting next_dagrun for example_branch_labels to 2025-07-17 00:00:00+00:00, run_after=2025-07-18 00:00:00+00:00
[2025-07-18T09:20:50.792+0700] {processor.py:183} INFO - Processing /home/menglim/airflow_venv/lib/python3.12/site-packages/airflow/example_dags/example_branch_labels.py took 0.051 seconds
[2025-07-18T09:22:13.805+0700] {processor.py:161} INFO - Started process (PID=6520) to work on /home/menglim/airflow_venv/lib/python3.12/site-packages/airflow/example_dags/example_branch_labels.py
[2025-07-18T09:22:13.806+0700] {processor.py:830} INFO - Processing file /home/menglim/airflow_venv/lib/python3.12/site-packages/airflow/example_dags/example_branch_labels.py for tasks to queue
[2025-07-18T09:22:13.807+0700] {logging_mixin.py:188} INFO - [2025-07-18T09:22:13.806+0700] {dagbag.py:545} INFO - Filling up the DagBag from /home/menglim/airflow_venv/lib/python3.12/site-packages/airflow/example_dags/example_branch_labels.py
[2025-07-18T09:22:13.816+0700] {processor.py:840} INFO - DAG(s) 'example_branch_labels' retrieved from /home/menglim/airflow_venv/lib/python3.12/site-packages/airflow/example_dags/example_branch_labels.py
[2025-07-18T09:22:13.831+0700] {logging_mixin.py:188} INFO - [2025-07-18T09:22:13.831+0700] {dag.py:3096} INFO - Sync 1 DAGs
[2025-07-18T09:22:13.852+0700] {logging_mixin.py:188} INFO - [2025-07-18T09:22:13.852+0700] {dag.py:3954} INFO - Setting next_dagrun for example_branch_labels to 2025-07-17 00:00:00+00:00, run_after=2025-07-18 00:00:00+00:00
[2025-07-18T09:22:13.903+0700] {processor.py:183} INFO - Processing /home/menglim/airflow_venv/lib/python3.12/site-packages/airflow/example_dags/example_branch_labels.py took 0.103 seconds
[2025-07-18T09:23:22.345+0700] {processor.py:161} INFO - Started process (PID=6704) to work on /home/menglim/airflow_venv/lib/python3.12/site-packages/airflow/example_dags/example_branch_labels.py
[2025-07-18T09:23:22.346+0700] {processor.py:830} INFO - Processing file /home/menglim/airflow_venv/lib/python3.12/site-packages/airflow/example_dags/example_branch_labels.py for tasks to queue
[2025-07-18T09:23:22.346+0700] {logging_mixin.py:188} INFO - [2025-07-18T09:23:22.346+0700] {dagbag.py:545} INFO - Filling up the DagBag from /home/menglim/airflow_venv/lib/python3.12/site-packages/airflow/example_dags/example_branch_labels.py
[2025-07-18T09:23:22.351+0700] {processor.py:840} INFO - DAG(s) 'example_branch_labels' retrieved from /home/menglim/airflow_venv/lib/python3.12/site-packages/airflow/example_dags/example_branch_labels.py
[2025-07-18T09:23:22.365+0700] {logging_mixin.py:188} INFO - [2025-07-18T09:23:22.365+0700] {dag.py:3096} INFO - Sync 1 DAGs
[2025-07-18T09:23:22.379+0700] {logging_mixin.py:188} INFO - [2025-07-18T09:23:22.379+0700] {dag.py:3954} INFO - Setting next_dagrun for example_branch_labels to 2025-07-17 00:00:00+00:00, run_after=2025-07-18 00:00:00+00:00
[2025-07-18T09:23:22.399+0700] {processor.py:183} INFO - Processing /home/menglim/airflow_venv/lib/python3.12/site-packages/airflow/example_dags/example_branch_labels.py took 0.060 seconds
[2025-07-18T09:24:41.072+0700] {processor.py:161} INFO - Started process (PID=6932) to work on /home/menglim/airflow_venv/lib/python3.12/site-packages/airflow/example_dags/example_branch_labels.py
[2025-07-18T09:24:41.075+0700] {processor.py:830} INFO - Processing file /home/menglim/airflow_venv/lib/python3.12/site-packages/airflow/example_dags/example_branch_labels.py for tasks to queue
[2025-07-18T09:24:41.075+0700] {logging_mixin.py:188} INFO - [2025-07-18T09:24:41.075+0700] {dagbag.py:545} INFO - Filling up the DagBag from /home/menglim/airflow_venv/lib/python3.12/site-packages/airflow/example_dags/example_branch_labels.py
[2025-07-18T09:24:41.080+0700] {processor.py:840} INFO - DAG(s) 'example_branch_labels' retrieved from /home/menglim/airflow_venv/lib/python3.12/site-packages/airflow/example_dags/example_branch_labels.py
[2025-07-18T09:24:41.090+0700] {logging_mixin.py:188} INFO - [2025-07-18T09:24:41.089+0700] {dag.py:3096} INFO - Sync 1 DAGs
[2025-07-18T09:24:41.100+0700] {logging_mixin.py:188} INFO - [2025-07-18T09:24:41.100+0700] {dag.py:3954} INFO - Setting next_dagrun for example_branch_labels to 2025-07-17 00:00:00+00:00, run_after=2025-07-18 00:00:00+00:00
[2025-07-18T09:24:41.125+0700] {processor.py:183} INFO - Processing /home/menglim/airflow_venv/lib/python3.12/site-packages/airflow/example_dags/example_branch_labels.py took 0.056 seconds
[2025-07-18T09:25:45.660+0700] {processor.py:161} INFO - Started process (PID=7105) to work on /home/menglim/airflow_venv/lib/python3.12/site-packages/airflow/example_dags/example_branch_labels.py
[2025-07-18T09:25:45.662+0700] {processor.py:830} INFO - Processing file /home/menglim/airflow_venv/lib/python3.12/site-packages/airflow/example_dags/example_branch_labels.py for tasks to queue
[2025-07-18T09:25:45.663+0700] {logging_mixin.py:188} INFO - [2025-07-18T09:25:45.663+0700] {dagbag.py:545} INFO - Filling up the DagBag from /home/menglim/airflow_venv/lib/python3.12/site-packages/airflow/example_dags/example_branch_labels.py
[2025-07-18T09:25:45.667+0700] {processor.py:840} INFO - DAG(s) 'example_branch_labels' retrieved from /home/menglim/airflow_venv/lib/python3.12/site-packages/airflow/example_dags/example_branch_labels.py
[2025-07-18T09:25:45.677+0700] {logging_mixin.py:188} INFO - [2025-07-18T09:25:45.677+0700] {dag.py:3096} INFO - Sync 1 DAGs
[2025-07-18T09:25:45.688+0700] {logging_mixin.py:188} INFO - [2025-07-18T09:25:45.688+0700] {dag.py:3954} INFO - Setting next_dagrun for example_branch_labels to 2025-07-17 00:00:00+00:00, run_after=2025-07-18 00:00:00+00:00
[2025-07-18T09:25:45.709+0700] {processor.py:183} INFO - Processing /home/menglim/airflow_venv/lib/python3.12/site-packages/airflow/example_dags/example_branch_labels.py took 0.053 seconds
[2025-07-18T09:26:44.975+0700] {processor.py:161} INFO - Started process (PID=7205) to work on /home/menglim/airflow_venv/lib/python3.12/site-packages/airflow/example_dags/example_branch_labels.py
[2025-07-18T09:26:44.978+0700] {processor.py:830} INFO - Processing file /home/menglim/airflow_venv/lib/python3.12/site-packages/airflow/example_dags/example_branch_labels.py for tasks to queue
[2025-07-18T09:26:44.978+0700] {logging_mixin.py:188} INFO - [2025-07-18T09:26:44.978+0700] {dagbag.py:545} INFO - Filling up the DagBag from /home/menglim/airflow_venv/lib/python3.12/site-packages/airflow/example_dags/example_branch_labels.py
[2025-07-18T09:26:44.983+0700] {processor.py:840} INFO - DAG(s) 'example_branch_labels' retrieved from /home/menglim/airflow_venv/lib/python3.12/site-packages/airflow/example_dags/example_branch_labels.py
[2025-07-18T09:26:44.994+0700] {logging_mixin.py:188} INFO - [2025-07-18T09:26:44.994+0700] {dag.py:3096} INFO - Sync 1 DAGs
[2025-07-18T09:26:45.006+0700] {logging_mixin.py:188} INFO - [2025-07-18T09:26:45.006+0700] {dag.py:3954} INFO - Setting next_dagrun for example_branch_labels to 2025-07-17 00:00:00+00:00, run_after=2025-07-18 00:00:00+00:00
[2025-07-18T09:26:45.027+0700] {processor.py:183} INFO - Processing /home/menglim/airflow_venv/lib/python3.12/site-packages/airflow/example_dags/example_branch_labels.py took 0.056 seconds
[2025-07-18T09:27:59.961+0700] {processor.py:161} INFO - Started process (PID=7344) to work on /home/menglim/airflow_venv/lib/python3.12/site-packages/airflow/example_dags/example_branch_labels.py
[2025-07-18T09:27:59.962+0700] {processor.py:830} INFO - Processing file /home/menglim/airflow_venv/lib/python3.12/site-packages/airflow/example_dags/example_branch_labels.py for tasks to queue
[2025-07-18T09:27:59.963+0700] {logging_mixin.py:188} INFO - [2025-07-18T09:27:59.963+0700] {dagbag.py:545} INFO - Filling up the DagBag from /home/menglim/airflow_venv/lib/python3.12/site-packages/airflow/example_dags/example_branch_labels.py
[2025-07-18T09:27:59.967+0700] {processor.py:840} INFO - DAG(s) 'example_branch_labels' retrieved from /home/menglim/airflow_venv/lib/python3.12/site-packages/airflow/example_dags/example_branch_labels.py
[2025-07-18T09:27:59.977+0700] {logging_mixin.py:188} INFO - [2025-07-18T09:27:59.977+0700] {dag.py:3096} INFO - Sync 1 DAGs
[2025-07-18T09:27:59.987+0700] {logging_mixin.py:188} INFO - [2025-07-18T09:27:59.987+0700] {dag.py:3954} INFO - Setting next_dagrun for example_branch_labels to 2025-07-17 00:00:00+00:00, run_after=2025-07-18 00:00:00+00:00
[2025-07-18T09:28:00.007+0700] {processor.py:183} INFO - Processing /home/menglim/airflow_venv/lib/python3.12/site-packages/airflow/example_dags/example_branch_labels.py took 0.050 seconds
[2025-07-18T09:29:01.738+0700] {processor.py:161} INFO - Started process (PID=7451) to work on /home/menglim/airflow_venv/lib/python3.12/site-packages/airflow/example_dags/example_branch_labels.py
[2025-07-18T09:29:01.741+0700] {processor.py:830} INFO - Processing file /home/menglim/airflow_venv/lib/python3.12/site-packages/airflow/example_dags/example_branch_labels.py for tasks to queue
[2025-07-18T09:29:01.741+0700] {logging_mixin.py:188} INFO - [2025-07-18T09:29:01.741+0700] {dagbag.py:545} INFO - Filling up the DagBag from /home/menglim/airflow_venv/lib/python3.12/site-packages/airflow/example_dags/example_branch_labels.py
[2025-07-18T09:29:01.746+0700] {processor.py:840} INFO - DAG(s) 'example_branch_labels' retrieved from /home/menglim/airflow_venv/lib/python3.12/site-packages/airflow/example_dags/example_branch_labels.py
[2025-07-18T09:29:01.757+0700] {logging_mixin.py:188} INFO - [2025-07-18T09:29:01.757+0700] {dag.py:3096} INFO - Sync 1 DAGs
[2025-07-18T09:29:01.770+0700] {logging_mixin.py:188} INFO - [2025-07-18T09:29:01.769+0700] {dag.py:3954} INFO - Setting next_dagrun for example_branch_labels to 2025-07-17 00:00:00+00:00, run_after=2025-07-18 00:00:00+00:00
[2025-07-18T09:29:01.792+0700] {processor.py:183} INFO - Processing /home/menglim/airflow_venv/lib/python3.12/site-packages/airflow/example_dags/example_branch_labels.py took 0.058 seconds
[2025-07-18T09:30:15.467+0700] {processor.py:161} INFO - Started process (PID=7576) to work on /home/menglim/airflow_venv/lib/python3.12/site-packages/airflow/example_dags/example_branch_labels.py
[2025-07-18T09:30:15.469+0700] {processor.py:830} INFO - Processing file /home/menglim/airflow_venv/lib/python3.12/site-packages/airflow/example_dags/example_branch_labels.py for tasks to queue
[2025-07-18T09:30:15.470+0700] {logging_mixin.py:188} INFO - [2025-07-18T09:30:15.470+0700] {dagbag.py:545} INFO - Filling up the DagBag from /home/menglim/airflow_venv/lib/python3.12/site-packages/airflow/example_dags/example_branch_labels.py
[2025-07-18T09:30:15.475+0700] {processor.py:840} INFO - DAG(s) 'example_branch_labels' retrieved from /home/menglim/airflow_venv/lib/python3.12/site-packages/airflow/example_dags/example_branch_labels.py
[2025-07-18T09:30:15.484+0700] {logging_mixin.py:188} INFO - [2025-07-18T09:30:15.484+0700] {dag.py:3096} INFO - Sync 1 DAGs
[2025-07-18T09:30:15.495+0700] {logging_mixin.py:188} INFO - [2025-07-18T09:30:15.494+0700] {dag.py:3954} INFO - Setting next_dagrun for example_branch_labels to 2025-07-17 00:00:00+00:00, run_after=2025-07-18 00:00:00+00:00
[2025-07-18T09:30:15.516+0700] {processor.py:183} INFO - Processing /home/menglim/airflow_venv/lib/python3.12/site-packages/airflow/example_dags/example_branch_labels.py took 0.053 seconds
[2025-07-18T09:31:29.326+0700] {processor.py:161} INFO - Started process (PID=7706) to work on /home/menglim/airflow_venv/lib/python3.12/site-packages/airflow/example_dags/example_branch_labels.py
[2025-07-18T09:31:29.328+0700] {processor.py:830} INFO - Processing file /home/menglim/airflow_venv/lib/python3.12/site-packages/airflow/example_dags/example_branch_labels.py for tasks to queue
[2025-07-18T09:31:29.328+0700] {logging_mixin.py:188} INFO - [2025-07-18T09:31:29.328+0700] {dagbag.py:545} INFO - Filling up the DagBag from /home/menglim/airflow_venv/lib/python3.12/site-packages/airflow/example_dags/example_branch_labels.py
[2025-07-18T09:31:29.332+0700] {processor.py:840} INFO - DAG(s) 'example_branch_labels' retrieved from /home/menglim/airflow_venv/lib/python3.12/site-packages/airflow/example_dags/example_branch_labels.py
[2025-07-18T09:31:29.342+0700] {logging_mixin.py:188} INFO - [2025-07-18T09:31:29.341+0700] {dag.py:3096} INFO - Sync 1 DAGs
[2025-07-18T09:31:29.352+0700] {logging_mixin.py:188} INFO - [2025-07-18T09:31:29.352+0700] {dag.py:3954} INFO - Setting next_dagrun for example_branch_labels to 2025-07-17 00:00:00+00:00, run_after=2025-07-18 00:00:00+00:00
[2025-07-18T09:31:29.372+0700] {processor.py:183} INFO - Processing /home/menglim/airflow_venv/lib/python3.12/site-packages/airflow/example_dags/example_branch_labels.py took 0.049 seconds
[2025-07-18T09:32:25.470+0700] {processor.py:161} INFO - Started process (PID=7791) to work on /home/menglim/airflow_venv/lib/python3.12/site-packages/airflow/example_dags/example_branch_labels.py
[2025-07-18T09:32:25.471+0700] {processor.py:830} INFO - Processing file /home/menglim/airflow_venv/lib/python3.12/site-packages/airflow/example_dags/example_branch_labels.py for tasks to queue
[2025-07-18T09:32:25.472+0700] {logging_mixin.py:188} INFO - [2025-07-18T09:32:25.472+0700] {dagbag.py:545} INFO - Filling up the DagBag from /home/menglim/airflow_venv/lib/python3.12/site-packages/airflow/example_dags/example_branch_labels.py
[2025-07-18T09:32:25.476+0700] {processor.py:840} INFO - DAG(s) 'example_branch_labels' retrieved from /home/menglim/airflow_venv/lib/python3.12/site-packages/airflow/example_dags/example_branch_labels.py
[2025-07-18T09:32:25.486+0700] {logging_mixin.py:188} INFO - [2025-07-18T09:32:25.486+0700] {dag.py:3096} INFO - Sync 1 DAGs
[2025-07-18T09:32:25.497+0700] {logging_mixin.py:188} INFO - [2025-07-18T09:32:25.496+0700] {dag.py:3954} INFO - Setting next_dagrun for example_branch_labels to 2025-07-17 00:00:00+00:00, run_after=2025-07-18 00:00:00+00:00
[2025-07-18T09:32:25.516+0700] {processor.py:183} INFO - Processing /home/menglim/airflow_venv/lib/python3.12/site-packages/airflow/example_dags/example_branch_labels.py took 0.049 seconds
[2025-07-18T09:33:38.881+0700] {processor.py:161} INFO - Started process (PID=7893) to work on /home/menglim/airflow_venv/lib/python3.12/site-packages/airflow/example_dags/example_branch_labels.py
[2025-07-18T09:33:38.884+0700] {processor.py:830} INFO - Processing file /home/menglim/airflow_venv/lib/python3.12/site-packages/airflow/example_dags/example_branch_labels.py for tasks to queue
[2025-07-18T09:33:38.884+0700] {logging_mixin.py:188} INFO - [2025-07-18T09:33:38.884+0700] {dagbag.py:545} INFO - Filling up the DagBag from /home/menglim/airflow_venv/lib/python3.12/site-packages/airflow/example_dags/example_branch_labels.py
[2025-07-18T09:33:38.888+0700] {processor.py:840} INFO - DAG(s) 'example_branch_labels' retrieved from /home/menglim/airflow_venv/lib/python3.12/site-packages/airflow/example_dags/example_branch_labels.py
[2025-07-18T09:33:38.898+0700] {logging_mixin.py:188} INFO - [2025-07-18T09:33:38.898+0700] {dag.py:3096} INFO - Sync 1 DAGs
[2025-07-18T09:33:38.908+0700] {logging_mixin.py:188} INFO - [2025-07-18T09:33:38.908+0700] {dag.py:3954} INFO - Setting next_dagrun for example_branch_labels to 2025-07-17 00:00:00+00:00, run_after=2025-07-18 00:00:00+00:00
[2025-07-18T09:33:38.929+0700] {processor.py:183} INFO - Processing /home/menglim/airflow_venv/lib/python3.12/site-packages/airflow/example_dags/example_branch_labels.py took 0.051 seconds
[2025-07-18T09:34:32.474+0700] {processor.py:161} INFO - Started process (PID=8049) to work on /home/menglim/airflow_venv/lib/python3.12/site-packages/airflow/example_dags/example_branch_labels.py
[2025-07-18T09:34:32.477+0700] {processor.py:830} INFO - Processing file /home/menglim/airflow_venv/lib/python3.12/site-packages/airflow/example_dags/example_branch_labels.py for tasks to queue
[2025-07-18T09:34:32.478+0700] {logging_mixin.py:188} INFO - [2025-07-18T09:34:32.477+0700] {dagbag.py:545} INFO - Filling up the DagBag from /home/menglim/airflow_venv/lib/python3.12/site-packages/airflow/example_dags/example_branch_labels.py
[2025-07-18T09:34:32.483+0700] {processor.py:840} INFO - DAG(s) 'example_branch_labels' retrieved from /home/menglim/airflow_venv/lib/python3.12/site-packages/airflow/example_dags/example_branch_labels.py
[2025-07-18T09:34:32.499+0700] {logging_mixin.py:188} INFO - [2025-07-18T09:34:32.498+0700] {dag.py:3096} INFO - Sync 1 DAGs
[2025-07-18T09:34:32.515+0700] {logging_mixin.py:188} INFO - [2025-07-18T09:34:32.515+0700] {dag.py:3954} INFO - Setting next_dagrun for example_branch_labels to 2025-07-17 00:00:00+00:00, run_after=2025-07-18 00:00:00+00:00
[2025-07-18T09:34:32.542+0700] {processor.py:183} INFO - Processing /home/menglim/airflow_venv/lib/python3.12/site-packages/airflow/example_dags/example_branch_labels.py took 0.074 seconds
[2025-07-18T09:35:49.243+0700] {processor.py:161} INFO - Started process (PID=8197) to work on /home/menglim/airflow_venv/lib/python3.12/site-packages/airflow/example_dags/example_branch_labels.py
[2025-07-18T09:35:49.245+0700] {processor.py:830} INFO - Processing file /home/menglim/airflow_venv/lib/python3.12/site-packages/airflow/example_dags/example_branch_labels.py for tasks to queue
[2025-07-18T09:35:49.245+0700] {logging_mixin.py:188} INFO - [2025-07-18T09:35:49.245+0700] {dagbag.py:545} INFO - Filling up the DagBag from /home/menglim/airflow_venv/lib/python3.12/site-packages/airflow/example_dags/example_branch_labels.py
[2025-07-18T09:35:49.250+0700] {processor.py:840} INFO - DAG(s) 'example_branch_labels' retrieved from /home/menglim/airflow_venv/lib/python3.12/site-packages/airflow/example_dags/example_branch_labels.py
[2025-07-18T09:35:49.260+0700] {logging_mixin.py:188} INFO - [2025-07-18T09:35:49.260+0700] {dag.py:3096} INFO - Sync 1 DAGs
[2025-07-18T09:35:49.271+0700] {logging_mixin.py:188} INFO - [2025-07-18T09:35:49.271+0700] {dag.py:3954} INFO - Setting next_dagrun for example_branch_labels to 2025-07-17 00:00:00+00:00, run_after=2025-07-18 00:00:00+00:00
[2025-07-18T09:35:49.299+0700] {processor.py:183} INFO - Processing /home/menglim/airflow_venv/lib/python3.12/site-packages/airflow/example_dags/example_branch_labels.py took 0.059 seconds
[2025-07-18T09:37:14.501+0700] {processor.py:161} INFO - Started process (PID=8317) to work on /home/menglim/airflow_venv/lib/python3.12/site-packages/airflow/example_dags/example_branch_labels.py
[2025-07-18T09:37:14.506+0700] {processor.py:830} INFO - Processing file /home/menglim/airflow_venv/lib/python3.12/site-packages/airflow/example_dags/example_branch_labels.py for tasks to queue
[2025-07-18T09:37:14.508+0700] {logging_mixin.py:188} INFO - [2025-07-18T09:37:14.507+0700] {dagbag.py:545} INFO - Filling up the DagBag from /home/menglim/airflow_venv/lib/python3.12/site-packages/airflow/example_dags/example_branch_labels.py
[2025-07-18T09:37:14.520+0700] {processor.py:840} INFO - DAG(s) 'example_branch_labels' retrieved from /home/menglim/airflow_venv/lib/python3.12/site-packages/airflow/example_dags/example_branch_labels.py
[2025-07-18T09:37:14.552+0700] {logging_mixin.py:188} INFO - [2025-07-18T09:37:14.550+0700] {dag.py:3096} INFO - Sync 1 DAGs
[2025-07-18T09:37:14.581+0700] {logging_mixin.py:188} INFO - [2025-07-18T09:37:14.581+0700] {dag.py:3954} INFO - Setting next_dagrun for example_branch_labels to 2025-07-17 00:00:00+00:00, run_after=2025-07-18 00:00:00+00:00
[2025-07-18T09:37:14.625+0700] {processor.py:183} INFO - Processing /home/menglim/airflow_venv/lib/python3.12/site-packages/airflow/example_dags/example_branch_labels.py took 0.136 seconds
