[2025-07-18T09:00:33.186+0700] {processor.py:161} INFO - Started process (PID=3271) to work on /home/menglim/airflow_venv/lib/python3.12/site-packages/airflow/example_dags/example_branch_datetime_operator.py
[2025-07-18T09:00:33.186+0700] {processor.py:830} INFO - Processing file /home/menglim/airflow_venv/lib/python3.12/site-packages/airflow/example_dags/example_branch_datetime_operator.py for tasks to queue
[2025-07-18T09:00:33.187+0700] {logging_mixin.py:188} INFO - [2025-07-18T09:00:33.187+0700] {dagbag.py:545} INFO - Filling up the DagBag from /home/menglim/airflow_venv/lib/python3.12/site-packages/airflow/example_dags/example_branch_datetime_operator.py
[2025-07-18T09:00:33.193+0700] {processor.py:840} INFO - DAG(s) 'example_branch_datetime_operator_2', 'example_branch_datetime_operator_3', 'example_branch_datetime_operator' retrieved from /home/menglim/airflow_venv/lib/python3.12/site-packages/airflow/example_dags/example_branch_datetime_operator.py
[2025-07-18T09:00:33.247+0700] {logging_mixin.py:188} INFO - [2025-07-18T09:00:33.247+0700] {dag.py:3096} INFO - Sync 3 DAGs
[2025-07-18T09:00:33.256+0700] {logging_mixin.py:188} INFO - [2025-07-18T09:00:33.256+0700] {dag.py:3954} INFO - Setting next_dagrun for example_branch_datetime_operator to 2025-07-17 00:00:00+00:00, run_after=2025-07-18 00:00:00+00:00
[2025-07-18T09:00:33.258+0700] {logging_mixin.py:188} INFO - [2025-07-18T09:00:33.258+0700] {dag.py:3954} INFO - Setting next_dagrun for example_branch_datetime_operator_2 to 2025-07-17 00:00:00+00:00, run_after=2025-07-18 00:00:00+00:00
[2025-07-18T09:00:33.259+0700] {logging_mixin.py:188} INFO - [2025-07-18T09:00:33.259+0700] {dag.py:3954} INFO - Setting next_dagrun for example_branch_datetime_operator_3 to 2025-07-17 00:00:00+00:00, run_after=2025-07-18 00:00:00+00:00
[2025-07-18T09:00:33.281+0700] {processor.py:183} INFO - Processing /home/menglim/airflow_venv/lib/python3.12/site-packages/airflow/example_dags/example_branch_datetime_operator.py took 0.098 seconds
[2025-07-18T09:01:29.345+0700] {processor.py:161} INFO - Started process (PID=3353) to work on /home/menglim/airflow_venv/lib/python3.12/site-packages/airflow/example_dags/example_branch_datetime_operator.py
[2025-07-18T09:01:29.347+0700] {processor.py:830} INFO - Processing file /home/menglim/airflow_venv/lib/python3.12/site-packages/airflow/example_dags/example_branch_datetime_operator.py for tasks to queue
[2025-07-18T09:01:29.349+0700] {logging_mixin.py:188} INFO - [2025-07-18T09:01:29.348+0700] {dagbag.py:545} INFO - Filling up the DagBag from /home/menglim/airflow_venv/lib/python3.12/site-packages/airflow/example_dags/example_branch_datetime_operator.py
[2025-07-18T09:01:29.356+0700] {processor.py:840} INFO - DAG(s) 'example_branch_datetime_operator_3', 'example_branch_datetime_operator_2', 'example_branch_datetime_operator' retrieved from /home/menglim/airflow_venv/lib/python3.12/site-packages/airflow/example_dags/example_branch_datetime_operator.py
[2025-07-18T09:01:29.368+0700] {logging_mixin.py:188} INFO - [2025-07-18T09:01:29.368+0700] {dag.py:3096} INFO - Sync 3 DAGs
[2025-07-18T09:01:29.379+0700] {logging_mixin.py:188} INFO - [2025-07-18T09:01:29.379+0700] {dag.py:3954} INFO - Setting next_dagrun for example_branch_datetime_operator to 2025-07-17 00:00:00+00:00, run_after=2025-07-18 00:00:00+00:00
[2025-07-18T09:01:29.381+0700] {logging_mixin.py:188} INFO - [2025-07-18T09:01:29.381+0700] {dag.py:3954} INFO - Setting next_dagrun for example_branch_datetime_operator_2 to 2025-07-17 00:00:00+00:00, run_after=2025-07-18 00:00:00+00:00
[2025-07-18T09:01:29.382+0700] {logging_mixin.py:188} INFO - [2025-07-18T09:01:29.381+0700] {dag.py:3954} INFO - Setting next_dagrun for example_branch_datetime_operator_3 to 2025-07-17 00:00:00+00:00, run_after=2025-07-18 00:00:00+00:00
[2025-07-18T09:01:29.401+0700] {processor.py:183} INFO - Processing /home/menglim/airflow_venv/lib/python3.12/site-packages/airflow/example_dags/example_branch_datetime_operator.py took 0.059 seconds
[2025-07-18T09:02:30.901+0700] {processor.py:161} INFO - Started process (PID=3499) to work on /home/menglim/airflow_venv/lib/python3.12/site-packages/airflow/example_dags/example_branch_datetime_operator.py
[2025-07-18T09:02:30.902+0700] {processor.py:830} INFO - Processing file /home/menglim/airflow_venv/lib/python3.12/site-packages/airflow/example_dags/example_branch_datetime_operator.py for tasks to queue
[2025-07-18T09:02:30.903+0700] {logging_mixin.py:188} INFO - [2025-07-18T09:02:30.903+0700] {dagbag.py:545} INFO - Filling up the DagBag from /home/menglim/airflow_venv/lib/python3.12/site-packages/airflow/example_dags/example_branch_datetime_operator.py
[2025-07-18T09:02:30.909+0700] {processor.py:840} INFO - DAG(s) 'example_branch_datetime_operator_3', 'example_branch_datetime_operator', 'example_branch_datetime_operator_2' retrieved from /home/menglim/airflow_venv/lib/python3.12/site-packages/airflow/example_dags/example_branch_datetime_operator.py
[2025-07-18T09:02:30.921+0700] {logging_mixin.py:188} INFO - [2025-07-18T09:02:30.921+0700] {dag.py:3096} INFO - Sync 3 DAGs
[2025-07-18T09:02:30.932+0700] {logging_mixin.py:188} INFO - [2025-07-18T09:02:30.932+0700] {dag.py:3954} INFO - Setting next_dagrun for example_branch_datetime_operator to 2025-07-17 00:00:00+00:00, run_after=2025-07-18 00:00:00+00:00
[2025-07-18T09:02:30.935+0700] {logging_mixin.py:188} INFO - [2025-07-18T09:02:30.934+0700] {dag.py:3954} INFO - Setting next_dagrun for example_branch_datetime_operator_2 to 2025-07-17 00:00:00+00:00, run_after=2025-07-18 00:00:00+00:00
[2025-07-18T09:02:30.935+0700] {logging_mixin.py:188} INFO - [2025-07-18T09:02:30.935+0700] {dag.py:3954} INFO - Setting next_dagrun for example_branch_datetime_operator_3 to 2025-07-17 00:00:00+00:00, run_after=2025-07-18 00:00:00+00:00
[2025-07-18T09:02:30.956+0700] {processor.py:183} INFO - Processing /home/menglim/airflow_venv/lib/python3.12/site-packages/airflow/example_dags/example_branch_datetime_operator.py took 0.059 seconds
[2025-07-18T09:03:26.557+0700] {processor.py:161} INFO - Started process (PID=3637) to work on /home/menglim/airflow_venv/lib/python3.12/site-packages/airflow/example_dags/example_branch_datetime_operator.py
[2025-07-18T09:03:26.560+0700] {processor.py:830} INFO - Processing file /home/menglim/airflow_venv/lib/python3.12/site-packages/airflow/example_dags/example_branch_datetime_operator.py for tasks to queue
[2025-07-18T09:03:26.561+0700] {logging_mixin.py:188} INFO - [2025-07-18T09:03:26.561+0700] {dagbag.py:545} INFO - Filling up the DagBag from /home/menglim/airflow_venv/lib/python3.12/site-packages/airflow/example_dags/example_branch_datetime_operator.py
[2025-07-18T09:03:26.566+0700] {processor.py:840} INFO - DAG(s) 'example_branch_datetime_operator', 'example_branch_datetime_operator_3', 'example_branch_datetime_operator_2' retrieved from /home/menglim/airflow_venv/lib/python3.12/site-packages/airflow/example_dags/example_branch_datetime_operator.py
[2025-07-18T09:03:26.578+0700] {logging_mixin.py:188} INFO - [2025-07-18T09:03:26.578+0700] {dag.py:3096} INFO - Sync 3 DAGs
[2025-07-18T09:03:26.590+0700] {logging_mixin.py:188} INFO - [2025-07-18T09:03:26.590+0700] {dag.py:3954} INFO - Setting next_dagrun for example_branch_datetime_operator to 2025-07-17 00:00:00+00:00, run_after=2025-07-18 00:00:00+00:00
[2025-07-18T09:03:26.592+0700] {logging_mixin.py:188} INFO - [2025-07-18T09:03:26.592+0700] {dag.py:3954} INFO - Setting next_dagrun for example_branch_datetime_operator_2 to 2025-07-17 00:00:00+00:00, run_after=2025-07-18 00:00:00+00:00
[2025-07-18T09:03:26.593+0700] {logging_mixin.py:188} INFO - [2025-07-18T09:03:26.593+0700] {dag.py:3954} INFO - Setting next_dagrun for example_branch_datetime_operator_3 to 2025-07-17 00:00:00+00:00, run_after=2025-07-18 00:00:00+00:00
[2025-07-18T09:03:26.617+0700] {processor.py:183} INFO - Processing /home/menglim/airflow_venv/lib/python3.12/site-packages/airflow/example_dags/example_branch_datetime_operator.py took 0.063 seconds
[2025-07-18T09:04:19.758+0700] {processor.py:161} INFO - Started process (PID=3733) to work on /home/menglim/airflow_venv/lib/python3.12/site-packages/airflow/example_dags/example_branch_datetime_operator.py
[2025-07-18T09:04:19.761+0700] {processor.py:830} INFO - Processing file /home/menglim/airflow_venv/lib/python3.12/site-packages/airflow/example_dags/example_branch_datetime_operator.py for tasks to queue
[2025-07-18T09:04:19.762+0700] {logging_mixin.py:188} INFO - [2025-07-18T09:04:19.761+0700] {dagbag.py:545} INFO - Filling up the DagBag from /home/menglim/airflow_venv/lib/python3.12/site-packages/airflow/example_dags/example_branch_datetime_operator.py
[2025-07-18T09:04:19.767+0700] {processor.py:840} INFO - DAG(s) 'example_branch_datetime_operator_3', 'example_branch_datetime_operator', 'example_branch_datetime_operator_2' retrieved from /home/menglim/airflow_venv/lib/python3.12/site-packages/airflow/example_dags/example_branch_datetime_operator.py
[2025-07-18T09:04:19.778+0700] {logging_mixin.py:188} INFO - [2025-07-18T09:04:19.778+0700] {dag.py:3096} INFO - Sync 3 DAGs
[2025-07-18T09:04:19.788+0700] {logging_mixin.py:188} INFO - [2025-07-18T09:04:19.788+0700] {dag.py:3954} INFO - Setting next_dagrun for example_branch_datetime_operator to 2025-07-17 00:00:00+00:00, run_after=2025-07-18 00:00:00+00:00
[2025-07-18T09:04:19.790+0700] {logging_mixin.py:188} INFO - [2025-07-18T09:04:19.790+0700] {dag.py:3954} INFO - Setting next_dagrun for example_branch_datetime_operator_2 to 2025-07-17 00:00:00+00:00, run_after=2025-07-18 00:00:00+00:00
[2025-07-18T09:04:19.791+0700] {logging_mixin.py:188} INFO - [2025-07-18T09:04:19.791+0700] {dag.py:3954} INFO - Setting next_dagrun for example_branch_datetime_operator_3 to 2025-07-17 00:00:00+00:00, run_after=2025-07-18 00:00:00+00:00
[2025-07-18T09:04:19.812+0700] {processor.py:183} INFO - Processing /home/menglim/airflow_venv/lib/python3.12/site-packages/airflow/example_dags/example_branch_datetime_operator.py took 0.057 seconds
[2025-07-18T09:05:14.855+0700] {processor.py:161} INFO - Started process (PID=3857) to work on /home/menglim/airflow_venv/lib/python3.12/site-packages/airflow/example_dags/example_branch_datetime_operator.py
[2025-07-18T09:05:14.856+0700] {processor.py:830} INFO - Processing file /home/menglim/airflow_venv/lib/python3.12/site-packages/airflow/example_dags/example_branch_datetime_operator.py for tasks to queue
[2025-07-18T09:05:14.857+0700] {logging_mixin.py:188} INFO - [2025-07-18T09:05:14.857+0700] {dagbag.py:545} INFO - Filling up the DagBag from /home/menglim/airflow_venv/lib/python3.12/site-packages/airflow/example_dags/example_branch_datetime_operator.py
[2025-07-18T09:05:14.863+0700] {processor.py:840} INFO - DAG(s) 'example_branch_datetime_operator_3', 'example_branch_datetime_operator', 'example_branch_datetime_operator_2' retrieved from /home/menglim/airflow_venv/lib/python3.12/site-packages/airflow/example_dags/example_branch_datetime_operator.py
[2025-07-18T09:05:14.874+0700] {logging_mixin.py:188} INFO - [2025-07-18T09:05:14.874+0700] {dag.py:3096} INFO - Sync 3 DAGs
[2025-07-18T09:05:14.885+0700] {logging_mixin.py:188} INFO - [2025-07-18T09:05:14.884+0700] {dag.py:3954} INFO - Setting next_dagrun for example_branch_datetime_operator to 2025-07-17 00:00:00+00:00, run_after=2025-07-18 00:00:00+00:00
[2025-07-18T09:05:14.887+0700] {logging_mixin.py:188} INFO - [2025-07-18T09:05:14.887+0700] {dag.py:3954} INFO - Setting next_dagrun for example_branch_datetime_operator_2 to 2025-07-17 00:00:00+00:00, run_after=2025-07-18 00:00:00+00:00
[2025-07-18T09:05:14.888+0700] {logging_mixin.py:188} INFO - [2025-07-18T09:05:14.888+0700] {dag.py:3954} INFO - Setting next_dagrun for example_branch_datetime_operator_3 to 2025-07-17 00:00:00+00:00, run_after=2025-07-18 00:00:00+00:00
[2025-07-18T09:05:14.906+0700] {processor.py:183} INFO - Processing /home/menglim/airflow_venv/lib/python3.12/site-packages/airflow/example_dags/example_branch_datetime_operator.py took 0.054 seconds
[2025-07-18T09:06:13.115+0700] {processor.py:161} INFO - Started process (PID=3933) to work on /home/menglim/airflow_venv/lib/python3.12/site-packages/airflow/example_dags/example_branch_datetime_operator.py
[2025-07-18T09:06:13.118+0700] {processor.py:830} INFO - Processing file /home/menglim/airflow_venv/lib/python3.12/site-packages/airflow/example_dags/example_branch_datetime_operator.py for tasks to queue
[2025-07-18T09:06:13.118+0700] {logging_mixin.py:188} INFO - [2025-07-18T09:06:13.118+0700] {dagbag.py:545} INFO - Filling up the DagBag from /home/menglim/airflow_venv/lib/python3.12/site-packages/airflow/example_dags/example_branch_datetime_operator.py
[2025-07-18T09:06:13.123+0700] {processor.py:840} INFO - DAG(s) 'example_branch_datetime_operator', 'example_branch_datetime_operator_2', 'example_branch_datetime_operator_3' retrieved from /home/menglim/airflow_venv/lib/python3.12/site-packages/airflow/example_dags/example_branch_datetime_operator.py
[2025-07-18T09:06:13.135+0700] {logging_mixin.py:188} INFO - [2025-07-18T09:06:13.135+0700] {dag.py:3096} INFO - Sync 3 DAGs
[2025-07-18T09:06:13.146+0700] {logging_mixin.py:188} INFO - [2025-07-18T09:06:13.145+0700] {dag.py:3954} INFO - Setting next_dagrun for example_branch_datetime_operator to 2025-07-17 00:00:00+00:00, run_after=2025-07-18 00:00:00+00:00
[2025-07-18T09:06:13.148+0700] {logging_mixin.py:188} INFO - [2025-07-18T09:06:13.148+0700] {dag.py:3954} INFO - Setting next_dagrun for example_branch_datetime_operator_2 to 2025-07-17 00:00:00+00:00, run_after=2025-07-18 00:00:00+00:00
[2025-07-18T09:06:13.149+0700] {logging_mixin.py:188} INFO - [2025-07-18T09:06:13.149+0700] {dag.py:3954} INFO - Setting next_dagrun for example_branch_datetime_operator_3 to 2025-07-17 00:00:00+00:00, run_after=2025-07-18 00:00:00+00:00
[2025-07-18T09:06:13.226+0700] {processor.py:183} INFO - Processing /home/menglim/airflow_venv/lib/python3.12/site-packages/airflow/example_dags/example_branch_datetime_operator.py took 0.114 seconds
[2025-07-18T09:07:10.929+0700] {processor.py:161} INFO - Started process (PID=4048) to work on /home/menglim/airflow_venv/lib/python3.12/site-packages/airflow/example_dags/example_branch_datetime_operator.py
[2025-07-18T09:07:10.932+0700] {processor.py:830} INFO - Processing file /home/menglim/airflow_venv/lib/python3.12/site-packages/airflow/example_dags/example_branch_datetime_operator.py for tasks to queue
[2025-07-18T09:07:10.932+0700] {logging_mixin.py:188} INFO - [2025-07-18T09:07:10.932+0700] {dagbag.py:545} INFO - Filling up the DagBag from /home/menglim/airflow_venv/lib/python3.12/site-packages/airflow/example_dags/example_branch_datetime_operator.py
[2025-07-18T09:07:10.937+0700] {processor.py:840} INFO - DAG(s) 'example_branch_datetime_operator_3', 'example_branch_datetime_operator', 'example_branch_datetime_operator_2' retrieved from /home/menglim/airflow_venv/lib/python3.12/site-packages/airflow/example_dags/example_branch_datetime_operator.py
[2025-07-18T09:07:10.949+0700] {logging_mixin.py:188} INFO - [2025-07-18T09:07:10.949+0700] {dag.py:3096} INFO - Sync 3 DAGs
[2025-07-18T09:07:10.964+0700] {logging_mixin.py:188} INFO - [2025-07-18T09:07:10.964+0700] {dag.py:3954} INFO - Setting next_dagrun for example_branch_datetime_operator to 2025-07-17 00:00:00+00:00, run_after=2025-07-18 00:00:00+00:00
[2025-07-18T09:07:10.966+0700] {logging_mixin.py:188} INFO - [2025-07-18T09:07:10.966+0700] {dag.py:3954} INFO - Setting next_dagrun for example_branch_datetime_operator_2 to 2025-07-17 00:00:00+00:00, run_after=2025-07-18 00:00:00+00:00
[2025-07-18T09:07:10.967+0700] {logging_mixin.py:188} INFO - [2025-07-18T09:07:10.967+0700] {dag.py:3954} INFO - Setting next_dagrun for example_branch_datetime_operator_3 to 2025-07-17 00:00:00+00:00, run_after=2025-07-18 00:00:00+00:00
[2025-07-18T09:07:10.987+0700] {processor.py:183} INFO - Processing /home/menglim/airflow_venv/lib/python3.12/site-packages/airflow/example_dags/example_branch_datetime_operator.py took 0.061 seconds
[2025-07-18T09:08:08.676+0700] {processor.py:161} INFO - Started process (PID=4158) to work on /home/menglim/airflow_venv/lib/python3.12/site-packages/airflow/example_dags/example_branch_datetime_operator.py
[2025-07-18T09:08:08.681+0700] {processor.py:830} INFO - Processing file /home/menglim/airflow_venv/lib/python3.12/site-packages/airflow/example_dags/example_branch_datetime_operator.py for tasks to queue
[2025-07-18T09:08:08.683+0700] {logging_mixin.py:188} INFO - [2025-07-18T09:08:08.682+0700] {dagbag.py:545} INFO - Filling up the DagBag from /home/menglim/airflow_venv/lib/python3.12/site-packages/airflow/example_dags/example_branch_datetime_operator.py
[2025-07-18T09:08:08.698+0700] {processor.py:840} INFO - DAG(s) 'example_branch_datetime_operator', 'example_branch_datetime_operator_3', 'example_branch_datetime_operator_2' retrieved from /home/menglim/airflow_venv/lib/python3.12/site-packages/airflow/example_dags/example_branch_datetime_operator.py
[2025-07-18T09:08:08.745+0700] {logging_mixin.py:188} INFO - [2025-07-18T09:08:08.744+0700] {dag.py:3096} INFO - Sync 3 DAGs
[2025-07-18T09:08:08.779+0700] {logging_mixin.py:188} INFO - [2025-07-18T09:08:08.779+0700] {dag.py:3954} INFO - Setting next_dagrun for example_branch_datetime_operator to 2025-07-17 00:00:00+00:00, run_after=2025-07-18 00:00:00+00:00
[2025-07-18T09:08:08.786+0700] {logging_mixin.py:188} INFO - [2025-07-18T09:08:08.785+0700] {dag.py:3954} INFO - Setting next_dagrun for example_branch_datetime_operator_2 to 2025-07-17 00:00:00+00:00, run_after=2025-07-18 00:00:00+00:00
[2025-07-18T09:08:08.789+0700] {logging_mixin.py:188} INFO - [2025-07-18T09:08:08.789+0700] {dag.py:3954} INFO - Setting next_dagrun for example_branch_datetime_operator_3 to 2025-07-17 00:00:00+00:00, run_after=2025-07-18 00:00:00+00:00
[2025-07-18T09:08:08.835+0700] {processor.py:183} INFO - Processing /home/menglim/airflow_venv/lib/python3.12/site-packages/airflow/example_dags/example_branch_datetime_operator.py took 0.168 seconds
[2025-07-18T09:09:05.689+0700] {processor.py:161} INFO - Started process (PID=4275) to work on /home/menglim/airflow_venv/lib/python3.12/site-packages/airflow/example_dags/example_branch_datetime_operator.py
[2025-07-18T09:09:05.691+0700] {processor.py:830} INFO - Processing file /home/menglim/airflow_venv/lib/python3.12/site-packages/airflow/example_dags/example_branch_datetime_operator.py for tasks to queue
[2025-07-18T09:09:05.692+0700] {logging_mixin.py:188} INFO - [2025-07-18T09:09:05.691+0700] {dagbag.py:545} INFO - Filling up the DagBag from /home/menglim/airflow_venv/lib/python3.12/site-packages/airflow/example_dags/example_branch_datetime_operator.py
[2025-07-18T09:09:05.697+0700] {processor.py:840} INFO - DAG(s) 'example_branch_datetime_operator_2', 'example_branch_datetime_operator_3', 'example_branch_datetime_operator' retrieved from /home/menglim/airflow_venv/lib/python3.12/site-packages/airflow/example_dags/example_branch_datetime_operator.py
[2025-07-18T09:09:05.709+0700] {logging_mixin.py:188} INFO - [2025-07-18T09:09:05.709+0700] {dag.py:3096} INFO - Sync 3 DAGs
[2025-07-18T09:09:05.719+0700] {logging_mixin.py:188} INFO - [2025-07-18T09:09:05.719+0700] {dag.py:3954} INFO - Setting next_dagrun for example_branch_datetime_operator to 2025-07-17 00:00:00+00:00, run_after=2025-07-18 00:00:00+00:00
[2025-07-18T09:09:05.722+0700] {logging_mixin.py:188} INFO - [2025-07-18T09:09:05.722+0700] {dag.py:3954} INFO - Setting next_dagrun for example_branch_datetime_operator_2 to 2025-07-17 00:00:00+00:00, run_after=2025-07-18 00:00:00+00:00
[2025-07-18T09:09:05.723+0700] {logging_mixin.py:188} INFO - [2025-07-18T09:09:05.723+0700] {dag.py:3954} INFO - Setting next_dagrun for example_branch_datetime_operator_3 to 2025-07-17 00:00:00+00:00, run_after=2025-07-18 00:00:00+00:00
[2025-07-18T09:09:05.744+0700] {processor.py:183} INFO - Processing /home/menglim/airflow_venv/lib/python3.12/site-packages/airflow/example_dags/example_branch_datetime_operator.py took 0.059 seconds
[2025-07-18T09:09:54.267+0700] {processor.py:161} INFO - Started process (PID=4353) to work on /home/menglim/airflow_venv/lib/python3.12/site-packages/airflow/example_dags/example_branch_datetime_operator.py
[2025-07-18T09:09:54.269+0700] {processor.py:830} INFO - Processing file /home/menglim/airflow_venv/lib/python3.12/site-packages/airflow/example_dags/example_branch_datetime_operator.py for tasks to queue
[2025-07-18T09:09:54.269+0700] {logging_mixin.py:188} INFO - [2025-07-18T09:09:54.269+0700] {dagbag.py:545} INFO - Filling up the DagBag from /home/menglim/airflow_venv/lib/python3.12/site-packages/airflow/example_dags/example_branch_datetime_operator.py
[2025-07-18T09:09:54.275+0700] {processor.py:840} INFO - DAG(s) 'example_branch_datetime_operator_2', 'example_branch_datetime_operator_3', 'example_branch_datetime_operator' retrieved from /home/menglim/airflow_venv/lib/python3.12/site-packages/airflow/example_dags/example_branch_datetime_operator.py
[2025-07-18T09:09:54.287+0700] {logging_mixin.py:188} INFO - [2025-07-18T09:09:54.287+0700] {dag.py:3096} INFO - Sync 3 DAGs
[2025-07-18T09:09:54.297+0700] {logging_mixin.py:188} INFO - [2025-07-18T09:09:54.297+0700] {dag.py:3954} INFO - Setting next_dagrun for example_branch_datetime_operator to 2025-07-17 00:00:00+00:00, run_after=2025-07-18 00:00:00+00:00
[2025-07-18T09:09:54.299+0700] {logging_mixin.py:188} INFO - [2025-07-18T09:09:54.299+0700] {dag.py:3954} INFO - Setting next_dagrun for example_branch_datetime_operator_2 to 2025-07-17 00:00:00+00:00, run_after=2025-07-18 00:00:00+00:00
[2025-07-18T09:09:54.300+0700] {logging_mixin.py:188} INFO - [2025-07-18T09:09:54.300+0700] {dag.py:3954} INFO - Setting next_dagrun for example_branch_datetime_operator_3 to 2025-07-17 00:00:00+00:00, run_after=2025-07-18 00:00:00+00:00
[2025-07-18T09:09:54.319+0700] {processor.py:183} INFO - Processing /home/menglim/airflow_venv/lib/python3.12/site-packages/airflow/example_dags/example_branch_datetime_operator.py took 0.056 seconds
[2025-07-18T09:10:47.256+0700] {processor.py:161} INFO - Started process (PID=4442) to work on /home/menglim/airflow_venv/lib/python3.12/site-packages/airflow/example_dags/example_branch_datetime_operator.py
[2025-07-18T09:10:47.258+0700] {processor.py:830} INFO - Processing file /home/menglim/airflow_venv/lib/python3.12/site-packages/airflow/example_dags/example_branch_datetime_operator.py for tasks to queue
[2025-07-18T09:10:47.259+0700] {logging_mixin.py:188} INFO - [2025-07-18T09:10:47.259+0700] {dagbag.py:545} INFO - Filling up the DagBag from /home/menglim/airflow_venv/lib/python3.12/site-packages/airflow/example_dags/example_branch_datetime_operator.py
[2025-07-18T09:10:47.266+0700] {processor.py:840} INFO - DAG(s) 'example_branch_datetime_operator_3', 'example_branch_datetime_operator', 'example_branch_datetime_operator_2' retrieved from /home/menglim/airflow_venv/lib/python3.12/site-packages/airflow/example_dags/example_branch_datetime_operator.py
[2025-07-18T09:10:47.282+0700] {logging_mixin.py:188} INFO - [2025-07-18T09:10:47.282+0700] {dag.py:3096} INFO - Sync 3 DAGs
[2025-07-18T09:10:47.295+0700] {logging_mixin.py:188} INFO - [2025-07-18T09:10:47.295+0700] {dag.py:3954} INFO - Setting next_dagrun for example_branch_datetime_operator to 2025-07-17 00:00:00+00:00, run_after=2025-07-18 00:00:00+00:00
[2025-07-18T09:10:47.297+0700] {logging_mixin.py:188} INFO - [2025-07-18T09:10:47.297+0700] {dag.py:3954} INFO - Setting next_dagrun for example_branch_datetime_operator_2 to 2025-07-17 00:00:00+00:00, run_after=2025-07-18 00:00:00+00:00
[2025-07-18T09:10:47.298+0700] {logging_mixin.py:188} INFO - [2025-07-18T09:10:47.298+0700] {dag.py:3954} INFO - Setting next_dagrun for example_branch_datetime_operator_3 to 2025-07-17 00:00:00+00:00, run_after=2025-07-18 00:00:00+00:00
[2025-07-18T09:10:47.318+0700] {processor.py:183} INFO - Processing /home/menglim/airflow_venv/lib/python3.12/site-packages/airflow/example_dags/example_branch_datetime_operator.py took 0.065 seconds
[2025-07-18T09:11:54.347+0700] {processor.py:161} INFO - Started process (PID=4601) to work on /home/menglim/airflow_venv/lib/python3.12/site-packages/airflow/example_dags/example_branch_datetime_operator.py
[2025-07-18T09:11:54.349+0700] {processor.py:830} INFO - Processing file /home/menglim/airflow_venv/lib/python3.12/site-packages/airflow/example_dags/example_branch_datetime_operator.py for tasks to queue
[2025-07-18T09:11:54.349+0700] {logging_mixin.py:188} INFO - [2025-07-18T09:11:54.349+0700] {dagbag.py:545} INFO - Filling up the DagBag from /home/menglim/airflow_venv/lib/python3.12/site-packages/airflow/example_dags/example_branch_datetime_operator.py
[2025-07-18T09:11:54.355+0700] {processor.py:840} INFO - DAG(s) 'example_branch_datetime_operator', 'example_branch_datetime_operator_3', 'example_branch_datetime_operator_2' retrieved from /home/menglim/airflow_venv/lib/python3.12/site-packages/airflow/example_dags/example_branch_datetime_operator.py
[2025-07-18T09:11:54.367+0700] {logging_mixin.py:188} INFO - [2025-07-18T09:11:54.367+0700] {dag.py:3096} INFO - Sync 3 DAGs
[2025-07-18T09:11:54.378+0700] {logging_mixin.py:188} INFO - [2025-07-18T09:11:54.378+0700] {dag.py:3954} INFO - Setting next_dagrun for example_branch_datetime_operator to 2025-07-17 00:00:00+00:00, run_after=2025-07-18 00:00:00+00:00
[2025-07-18T09:11:54.380+0700] {logging_mixin.py:188} INFO - [2025-07-18T09:11:54.380+0700] {dag.py:3954} INFO - Setting next_dagrun for example_branch_datetime_operator_2 to 2025-07-17 00:00:00+00:00, run_after=2025-07-18 00:00:00+00:00
[2025-07-18T09:11:54.381+0700] {logging_mixin.py:188} INFO - [2025-07-18T09:11:54.381+0700] {dag.py:3954} INFO - Setting next_dagrun for example_branch_datetime_operator_3 to 2025-07-17 00:00:00+00:00, run_after=2025-07-18 00:00:00+00:00
[2025-07-18T09:11:54.400+0700] {processor.py:183} INFO - Processing /home/menglim/airflow_venv/lib/python3.12/site-packages/airflow/example_dags/example_branch_datetime_operator.py took 0.057 seconds
[2025-07-18T09:12:47.174+0700] {processor.py:161} INFO - Started process (PID=4682) to work on /home/menglim/airflow_venv/lib/python3.12/site-packages/airflow/example_dags/example_branch_datetime_operator.py
[2025-07-18T09:12:47.176+0700] {processor.py:830} INFO - Processing file /home/menglim/airflow_venv/lib/python3.12/site-packages/airflow/example_dags/example_branch_datetime_operator.py for tasks to queue
[2025-07-18T09:12:47.177+0700] {logging_mixin.py:188} INFO - [2025-07-18T09:12:47.177+0700] {dagbag.py:545} INFO - Filling up the DagBag from /home/menglim/airflow_venv/lib/python3.12/site-packages/airflow/example_dags/example_branch_datetime_operator.py
[2025-07-18T09:12:47.182+0700] {processor.py:840} INFO - DAG(s) 'example_branch_datetime_operator', 'example_branch_datetime_operator_2', 'example_branch_datetime_operator_3' retrieved from /home/menglim/airflow_venv/lib/python3.12/site-packages/airflow/example_dags/example_branch_datetime_operator.py
[2025-07-18T09:12:47.194+0700] {logging_mixin.py:188} INFO - [2025-07-18T09:12:47.194+0700] {dag.py:3096} INFO - Sync 3 DAGs
[2025-07-18T09:12:47.205+0700] {logging_mixin.py:188} INFO - [2025-07-18T09:12:47.205+0700] {dag.py:3954} INFO - Setting next_dagrun for example_branch_datetime_operator to 2025-07-17 00:00:00+00:00, run_after=2025-07-18 00:00:00+00:00
[2025-07-18T09:12:47.207+0700] {logging_mixin.py:188} INFO - [2025-07-18T09:12:47.207+0700] {dag.py:3954} INFO - Setting next_dagrun for example_branch_datetime_operator_2 to 2025-07-17 00:00:00+00:00, run_after=2025-07-18 00:00:00+00:00
[2025-07-18T09:12:47.208+0700] {logging_mixin.py:188} INFO - [2025-07-18T09:12:47.208+0700] {dag.py:3954} INFO - Setting next_dagrun for example_branch_datetime_operator_3 to 2025-07-17 00:00:00+00:00, run_after=2025-07-18 00:00:00+00:00
[2025-07-18T09:12:47.227+0700] {processor.py:183} INFO - Processing /home/menglim/airflow_venv/lib/python3.12/site-packages/airflow/example_dags/example_branch_datetime_operator.py took 0.056 seconds
[2025-07-18T09:13:45.967+0700] {processor.py:161} INFO - Started process (PID=5252) to work on /home/menglim/airflow_venv/lib/python3.12/site-packages/airflow/example_dags/example_branch_datetime_operator.py
[2025-07-18T09:13:45.969+0700] {processor.py:830} INFO - Processing file /home/menglim/airflow_venv/lib/python3.12/site-packages/airflow/example_dags/example_branch_datetime_operator.py for tasks to queue
[2025-07-18T09:13:45.970+0700] {logging_mixin.py:188} INFO - [2025-07-18T09:13:45.969+0700] {dagbag.py:545} INFO - Filling up the DagBag from /home/menglim/airflow_venv/lib/python3.12/site-packages/airflow/example_dags/example_branch_datetime_operator.py
[2025-07-18T09:13:45.975+0700] {processor.py:840} INFO - DAG(s) 'example_branch_datetime_operator', 'example_branch_datetime_operator_3', 'example_branch_datetime_operator_2' retrieved from /home/menglim/airflow_venv/lib/python3.12/site-packages/airflow/example_dags/example_branch_datetime_operator.py
[2025-07-18T09:13:45.988+0700] {logging_mixin.py:188} INFO - [2025-07-18T09:13:45.988+0700] {dag.py:3096} INFO - Sync 3 DAGs
[2025-07-18T09:13:46.000+0700] {logging_mixin.py:188} INFO - [2025-07-18T09:13:46.000+0700] {dag.py:3954} INFO - Setting next_dagrun for example_branch_datetime_operator to 2025-07-17 00:00:00+00:00, run_after=2025-07-18 00:00:00+00:00
[2025-07-18T09:13:46.002+0700] {logging_mixin.py:188} INFO - [2025-07-18T09:13:46.002+0700] {dag.py:3954} INFO - Setting next_dagrun for example_branch_datetime_operator_2 to 2025-07-17 00:00:00+00:00, run_after=2025-07-18 00:00:00+00:00
[2025-07-18T09:13:46.003+0700] {logging_mixin.py:188} INFO - [2025-07-18T09:13:46.003+0700] {dag.py:3954} INFO - Setting next_dagrun for example_branch_datetime_operator_3 to 2025-07-17 00:00:00+00:00, run_after=2025-07-18 00:00:00+00:00
[2025-07-18T09:13:46.027+0700] {processor.py:183} INFO - Processing /home/menglim/airflow_venv/lib/python3.12/site-packages/airflow/example_dags/example_branch_datetime_operator.py took 0.063 seconds
[2025-07-18T09:14:53.707+0700] {processor.py:161} INFO - Started process (PID=5412) to work on /home/menglim/airflow_venv/lib/python3.12/site-packages/airflow/example_dags/example_branch_datetime_operator.py
[2025-07-18T09:14:53.708+0700] {processor.py:830} INFO - Processing file /home/menglim/airflow_venv/lib/python3.12/site-packages/airflow/example_dags/example_branch_datetime_operator.py for tasks to queue
[2025-07-18T09:14:53.708+0700] {logging_mixin.py:188} INFO - [2025-07-18T09:14:53.708+0700] {dagbag.py:545} INFO - Filling up the DagBag from /home/menglim/airflow_venv/lib/python3.12/site-packages/airflow/example_dags/example_branch_datetime_operator.py
[2025-07-18T09:14:53.713+0700] {processor.py:840} INFO - DAG(s) 'example_branch_datetime_operator_3', 'example_branch_datetime_operator_2', 'example_branch_datetime_operator' retrieved from /home/menglim/airflow_venv/lib/python3.12/site-packages/airflow/example_dags/example_branch_datetime_operator.py
[2025-07-18T09:14:53.725+0700] {logging_mixin.py:188} INFO - [2025-07-18T09:14:53.725+0700] {dag.py:3096} INFO - Sync 3 DAGs
[2025-07-18T09:14:53.736+0700] {logging_mixin.py:188} INFO - [2025-07-18T09:14:53.736+0700] {dag.py:3954} INFO - Setting next_dagrun for example_branch_datetime_operator to 2025-07-17 00:00:00+00:00, run_after=2025-07-18 00:00:00+00:00
[2025-07-18T09:14:53.738+0700] {logging_mixin.py:188} INFO - [2025-07-18T09:14:53.738+0700] {dag.py:3954} INFO - Setting next_dagrun for example_branch_datetime_operator_2 to 2025-07-17 00:00:00+00:00, run_after=2025-07-18 00:00:00+00:00
[2025-07-18T09:14:53.739+0700] {logging_mixin.py:188} INFO - [2025-07-18T09:14:53.739+0700] {dag.py:3954} INFO - Setting next_dagrun for example_branch_datetime_operator_3 to 2025-07-17 00:00:00+00:00, run_after=2025-07-18 00:00:00+00:00
[2025-07-18T09:14:53.758+0700] {processor.py:183} INFO - Processing /home/menglim/airflow_venv/lib/python3.12/site-packages/airflow/example_dags/example_branch_datetime_operator.py took 0.054 seconds
[2025-07-18T09:15:50.276+0700] {processor.py:161} INFO - Started process (PID=5524) to work on /home/menglim/airflow_venv/lib/python3.12/site-packages/airflow/example_dags/example_branch_datetime_operator.py
[2025-07-18T09:15:50.277+0700] {processor.py:830} INFO - Processing file /home/menglim/airflow_venv/lib/python3.12/site-packages/airflow/example_dags/example_branch_datetime_operator.py for tasks to queue
[2025-07-18T09:15:50.278+0700] {logging_mixin.py:188} INFO - [2025-07-18T09:15:50.278+0700] {dagbag.py:545} INFO - Filling up the DagBag from /home/menglim/airflow_venv/lib/python3.12/site-packages/airflow/example_dags/example_branch_datetime_operator.py
[2025-07-18T09:15:50.285+0700] {processor.py:840} INFO - DAG(s) 'example_branch_datetime_operator_2', 'example_branch_datetime_operator_3', 'example_branch_datetime_operator' retrieved from /home/menglim/airflow_venv/lib/python3.12/site-packages/airflow/example_dags/example_branch_datetime_operator.py
[2025-07-18T09:15:50.304+0700] {logging_mixin.py:188} INFO - [2025-07-18T09:15:50.303+0700] {dag.py:3096} INFO - Sync 3 DAGs
[2025-07-18T09:15:50.318+0700] {logging_mixin.py:188} INFO - [2025-07-18T09:15:50.318+0700] {dag.py:3954} INFO - Setting next_dagrun for example_branch_datetime_operator to 2025-07-17 00:00:00+00:00, run_after=2025-07-18 00:00:00+00:00
[2025-07-18T09:15:50.321+0700] {logging_mixin.py:188} INFO - [2025-07-18T09:15:50.321+0700] {dag.py:3954} INFO - Setting next_dagrun for example_branch_datetime_operator_2 to 2025-07-17 00:00:00+00:00, run_after=2025-07-18 00:00:00+00:00
[2025-07-18T09:15:50.322+0700] {logging_mixin.py:188} INFO - [2025-07-18T09:15:50.322+0700] {dag.py:3954} INFO - Setting next_dagrun for example_branch_datetime_operator_3 to 2025-07-17 00:00:00+00:00, run_after=2025-07-18 00:00:00+00:00
[2025-07-18T09:15:50.346+0700] {processor.py:183} INFO - Processing /home/menglim/airflow_venv/lib/python3.12/site-packages/airflow/example_dags/example_branch_datetime_operator.py took 0.074 seconds
[2025-07-18T09:17:23.193+0700] {processor.py:161} INFO - Started process (PID=5816) to work on /home/menglim/airflow_venv/lib/python3.12/site-packages/airflow/example_dags/example_branch_datetime_operator.py
[2025-07-18T09:17:23.195+0700] {processor.py:830} INFO - Processing file /home/menglim/airflow_venv/lib/python3.12/site-packages/airflow/example_dags/example_branch_datetime_operator.py for tasks to queue
[2025-07-18T09:17:23.195+0700] {logging_mixin.py:188} INFO - [2025-07-18T09:17:23.195+0700] {dagbag.py:545} INFO - Filling up the DagBag from /home/menglim/airflow_venv/lib/python3.12/site-packages/airflow/example_dags/example_branch_datetime_operator.py
[2025-07-18T09:17:23.202+0700] {processor.py:840} INFO - DAG(s) 'example_branch_datetime_operator_3', 'example_branch_datetime_operator', 'example_branch_datetime_operator_2' retrieved from /home/menglim/airflow_venv/lib/python3.12/site-packages/airflow/example_dags/example_branch_datetime_operator.py
[2025-07-18T09:17:23.217+0700] {logging_mixin.py:188} INFO - [2025-07-18T09:17:23.216+0700] {dag.py:3096} INFO - Sync 3 DAGs
[2025-07-18T09:17:23.249+0700] {logging_mixin.py:188} INFO - [2025-07-18T09:17:23.249+0700] {dag.py:3954} INFO - Setting next_dagrun for example_branch_datetime_operator to 2025-07-17 00:00:00+00:00, run_after=2025-07-18 00:00:00+00:00
[2025-07-18T09:17:23.252+0700] {logging_mixin.py:188} INFO - [2025-07-18T09:17:23.252+0700] {dag.py:3954} INFO - Setting next_dagrun for example_branch_datetime_operator_2 to 2025-07-17 00:00:00+00:00, run_after=2025-07-18 00:00:00+00:00
[2025-07-18T09:17:23.253+0700] {logging_mixin.py:188} INFO - [2025-07-18T09:17:23.253+0700] {dag.py:3954} INFO - Setting next_dagrun for example_branch_datetime_operator_3 to 2025-07-17 00:00:00+00:00, run_after=2025-07-18 00:00:00+00:00
[2025-07-18T09:17:23.272+0700] {processor.py:183} INFO - Processing /home/menglim/airflow_venv/lib/python3.12/site-packages/airflow/example_dags/example_branch_datetime_operator.py took 0.084 seconds
[2025-07-18T09:18:25.812+0700] {processor.py:161} INFO - Started process (PID=5933) to work on /home/menglim/airflow_venv/lib/python3.12/site-packages/airflow/example_dags/example_branch_datetime_operator.py
[2025-07-18T09:18:25.814+0700] {processor.py:830} INFO - Processing file /home/menglim/airflow_venv/lib/python3.12/site-packages/airflow/example_dags/example_branch_datetime_operator.py for tasks to queue
[2025-07-18T09:18:25.814+0700] {logging_mixin.py:188} INFO - [2025-07-18T09:18:25.814+0700] {dagbag.py:545} INFO - Filling up the DagBag from /home/menglim/airflow_venv/lib/python3.12/site-packages/airflow/example_dags/example_branch_datetime_operator.py
[2025-07-18T09:18:25.820+0700] {processor.py:840} INFO - DAG(s) 'example_branch_datetime_operator', 'example_branch_datetime_operator_3', 'example_branch_datetime_operator_2' retrieved from /home/menglim/airflow_venv/lib/python3.12/site-packages/airflow/example_dags/example_branch_datetime_operator.py
[2025-07-18T09:18:25.836+0700] {logging_mixin.py:188} INFO - [2025-07-18T09:18:25.836+0700] {dag.py:3096} INFO - Sync 3 DAGs
[2025-07-18T09:18:25.849+0700] {logging_mixin.py:188} INFO - [2025-07-18T09:18:25.849+0700] {dag.py:3954} INFO - Setting next_dagrun for example_branch_datetime_operator to 2025-07-17 00:00:00+00:00, run_after=2025-07-18 00:00:00+00:00
[2025-07-18T09:18:25.852+0700] {logging_mixin.py:188} INFO - [2025-07-18T09:18:25.851+0700] {dag.py:3954} INFO - Setting next_dagrun for example_branch_datetime_operator_2 to 2025-07-17 00:00:00+00:00, run_after=2025-07-18 00:00:00+00:00
[2025-07-18T09:18:25.853+0700] {logging_mixin.py:188} INFO - [2025-07-18T09:18:25.853+0700] {dag.py:3954} INFO - Setting next_dagrun for example_branch_datetime_operator_3 to 2025-07-17 00:00:00+00:00, run_after=2025-07-18 00:00:00+00:00
[2025-07-18T09:18:25.871+0700] {processor.py:183} INFO - Processing /home/menglim/airflow_venv/lib/python3.12/site-packages/airflow/example_dags/example_branch_datetime_operator.py took 0.063 seconds
[2025-07-18T09:19:42.647+0700] {processor.py:161} INFO - Started process (PID=6104) to work on /home/menglim/airflow_venv/lib/python3.12/site-packages/airflow/example_dags/example_branch_datetime_operator.py
[2025-07-18T09:19:42.649+0700] {processor.py:830} INFO - Processing file /home/menglim/airflow_venv/lib/python3.12/site-packages/airflow/example_dags/example_branch_datetime_operator.py for tasks to queue
[2025-07-18T09:19:42.650+0700] {logging_mixin.py:188} INFO - [2025-07-18T09:19:42.649+0700] {dagbag.py:545} INFO - Filling up the DagBag from /home/menglim/airflow_venv/lib/python3.12/site-packages/airflow/example_dags/example_branch_datetime_operator.py
[2025-07-18T09:19:42.659+0700] {processor.py:840} INFO - DAG(s) 'example_branch_datetime_operator_3', 'example_branch_datetime_operator_2', 'example_branch_datetime_operator' retrieved from /home/menglim/airflow_venv/lib/python3.12/site-packages/airflow/example_dags/example_branch_datetime_operator.py
[2025-07-18T09:19:42.675+0700] {logging_mixin.py:188} INFO - [2025-07-18T09:19:42.675+0700] {dag.py:3096} INFO - Sync 3 DAGs
[2025-07-18T09:19:42.691+0700] {logging_mixin.py:188} INFO - [2025-07-18T09:19:42.690+0700] {dag.py:3954} INFO - Setting next_dagrun for example_branch_datetime_operator to 2025-07-17 00:00:00+00:00, run_after=2025-07-18 00:00:00+00:00
[2025-07-18T09:19:42.693+0700] {logging_mixin.py:188} INFO - [2025-07-18T09:19:42.693+0700] {dag.py:3954} INFO - Setting next_dagrun for example_branch_datetime_operator_2 to 2025-07-17 00:00:00+00:00, run_after=2025-07-18 00:00:00+00:00
[2025-07-18T09:19:42.694+0700] {logging_mixin.py:188} INFO - [2025-07-18T09:19:42.694+0700] {dag.py:3954} INFO - Setting next_dagrun for example_branch_datetime_operator_3 to 2025-07-17 00:00:00+00:00, run_after=2025-07-18 00:00:00+00:00
[2025-07-18T09:19:42.719+0700] {processor.py:183} INFO - Processing /home/menglim/airflow_venv/lib/python3.12/site-packages/airflow/example_dags/example_branch_datetime_operator.py took 0.075 seconds
[2025-07-18T09:20:40.983+0700] {processor.py:161} INFO - Started process (PID=6224) to work on /home/menglim/airflow_venv/lib/python3.12/site-packages/airflow/example_dags/example_branch_datetime_operator.py
[2025-07-18T09:20:40.984+0700] {processor.py:830} INFO - Processing file /home/menglim/airflow_venv/lib/python3.12/site-packages/airflow/example_dags/example_branch_datetime_operator.py for tasks to queue
[2025-07-18T09:20:40.985+0700] {logging_mixin.py:188} INFO - [2025-07-18T09:20:40.984+0700] {dagbag.py:545} INFO - Filling up the DagBag from /home/menglim/airflow_venv/lib/python3.12/site-packages/airflow/example_dags/example_branch_datetime_operator.py
[2025-07-18T09:20:40.991+0700] {processor.py:840} INFO - DAG(s) 'example_branch_datetime_operator_2', 'example_branch_datetime_operator_3', 'example_branch_datetime_operator' retrieved from /home/menglim/airflow_venv/lib/python3.12/site-packages/airflow/example_dags/example_branch_datetime_operator.py
[2025-07-18T09:20:41.072+0700] {logging_mixin.py:188} INFO - [2025-07-18T09:20:41.072+0700] {dag.py:3096} INFO - Sync 3 DAGs
[2025-07-18T09:20:41.082+0700] {logging_mixin.py:188} INFO - [2025-07-18T09:20:41.082+0700] {dag.py:3954} INFO - Setting next_dagrun for example_branch_datetime_operator to 2025-07-17 00:00:00+00:00, run_after=2025-07-18 00:00:00+00:00
[2025-07-18T09:20:41.084+0700] {logging_mixin.py:188} INFO - [2025-07-18T09:20:41.084+0700] {dag.py:3954} INFO - Setting next_dagrun for example_branch_datetime_operator_2 to 2025-07-17 00:00:00+00:00, run_after=2025-07-18 00:00:00+00:00
[2025-07-18T09:20:41.085+0700] {logging_mixin.py:188} INFO - [2025-07-18T09:20:41.085+0700] {dag.py:3954} INFO - Setting next_dagrun for example_branch_datetime_operator_3 to 2025-07-17 00:00:00+00:00, run_after=2025-07-18 00:00:00+00:00
[2025-07-18T09:20:41.104+0700] {processor.py:183} INFO - Processing /home/menglim/airflow_venv/lib/python3.12/site-packages/airflow/example_dags/example_branch_datetime_operator.py took 0.124 seconds
[2025-07-18T09:21:57.822+0700] {processor.py:161} INFO - Started process (PID=6456) to work on /home/menglim/airflow_venv/lib/python3.12/site-packages/airflow/example_dags/example_branch_datetime_operator.py
[2025-07-18T09:21:57.823+0700] {processor.py:830} INFO - Processing file /home/menglim/airflow_venv/lib/python3.12/site-packages/airflow/example_dags/example_branch_datetime_operator.py for tasks to queue
[2025-07-18T09:21:57.823+0700] {logging_mixin.py:188} INFO - [2025-07-18T09:21:57.823+0700] {dagbag.py:545} INFO - Filling up the DagBag from /home/menglim/airflow_venv/lib/python3.12/site-packages/airflow/example_dags/example_branch_datetime_operator.py
[2025-07-18T09:21:57.829+0700] {processor.py:840} INFO - DAG(s) 'example_branch_datetime_operator', 'example_branch_datetime_operator_3', 'example_branch_datetime_operator_2' retrieved from /home/menglim/airflow_venv/lib/python3.12/site-packages/airflow/example_dags/example_branch_datetime_operator.py
[2025-07-18T09:21:57.841+0700] {logging_mixin.py:188} INFO - [2025-07-18T09:21:57.841+0700] {dag.py:3096} INFO - Sync 3 DAGs
[2025-07-18T09:21:57.851+0700] {logging_mixin.py:188} INFO - [2025-07-18T09:21:57.851+0700] {dag.py:3954} INFO - Setting next_dagrun for example_branch_datetime_operator to 2025-07-17 00:00:00+00:00, run_after=2025-07-18 00:00:00+00:00
[2025-07-18T09:21:57.853+0700] {logging_mixin.py:188} INFO - [2025-07-18T09:21:57.853+0700] {dag.py:3954} INFO - Setting next_dagrun for example_branch_datetime_operator_2 to 2025-07-17 00:00:00+00:00, run_after=2025-07-18 00:00:00+00:00
[2025-07-18T09:21:57.854+0700] {logging_mixin.py:188} INFO - [2025-07-18T09:21:57.854+0700] {dag.py:3954} INFO - Setting next_dagrun for example_branch_datetime_operator_3 to 2025-07-17 00:00:00+00:00, run_after=2025-07-18 00:00:00+00:00
[2025-07-18T09:21:57.874+0700] {processor.py:183} INFO - Processing /home/menglim/airflow_venv/lib/python3.12/site-packages/airflow/example_dags/example_branch_datetime_operator.py took 0.056 seconds
[2025-07-18T09:23:07.099+0700] {processor.py:161} INFO - Started process (PID=6662) to work on /home/menglim/airflow_venv/lib/python3.12/site-packages/airflow/example_dags/example_branch_datetime_operator.py
[2025-07-18T09:23:07.101+0700] {processor.py:830} INFO - Processing file /home/menglim/airflow_venv/lib/python3.12/site-packages/airflow/example_dags/example_branch_datetime_operator.py for tasks to queue
[2025-07-18T09:23:07.102+0700] {logging_mixin.py:188} INFO - [2025-07-18T09:23:07.102+0700] {dagbag.py:545} INFO - Filling up the DagBag from /home/menglim/airflow_venv/lib/python3.12/site-packages/airflow/example_dags/example_branch_datetime_operator.py
[2025-07-18T09:23:07.108+0700] {processor.py:840} INFO - DAG(s) 'example_branch_datetime_operator_2', 'example_branch_datetime_operator', 'example_branch_datetime_operator_3' retrieved from /home/menglim/airflow_venv/lib/python3.12/site-packages/airflow/example_dags/example_branch_datetime_operator.py
[2025-07-18T09:23:07.120+0700] {logging_mixin.py:188} INFO - [2025-07-18T09:23:07.119+0700] {dag.py:3096} INFO - Sync 3 DAGs
[2025-07-18T09:23:07.130+0700] {logging_mixin.py:188} INFO - [2025-07-18T09:23:07.130+0700] {dag.py:3954} INFO - Setting next_dagrun for example_branch_datetime_operator to 2025-07-17 00:00:00+00:00, run_after=2025-07-18 00:00:00+00:00
[2025-07-18T09:23:07.132+0700] {logging_mixin.py:188} INFO - [2025-07-18T09:23:07.132+0700] {dag.py:3954} INFO - Setting next_dagrun for example_branch_datetime_operator_2 to 2025-07-17 00:00:00+00:00, run_after=2025-07-18 00:00:00+00:00
[2025-07-18T09:23:07.133+0700] {logging_mixin.py:188} INFO - [2025-07-18T09:23:07.133+0700] {dag.py:3954} INFO - Setting next_dagrun for example_branch_datetime_operator_3 to 2025-07-17 00:00:00+00:00, run_after=2025-07-18 00:00:00+00:00
[2025-07-18T09:23:07.154+0700] {processor.py:183} INFO - Processing /home/menglim/airflow_venv/lib/python3.12/site-packages/airflow/example_dags/example_branch_datetime_operator.py took 0.060 seconds
[2025-07-18T09:24:30.903+0700] {processor.py:161} INFO - Started process (PID=6921) to work on /home/menglim/airflow_venv/lib/python3.12/site-packages/airflow/example_dags/example_branch_datetime_operator.py
[2025-07-18T09:24:30.904+0700] {processor.py:830} INFO - Processing file /home/menglim/airflow_venv/lib/python3.12/site-packages/airflow/example_dags/example_branch_datetime_operator.py for tasks to queue
[2025-07-18T09:24:30.904+0700] {logging_mixin.py:188} INFO - [2025-07-18T09:24:30.904+0700] {dagbag.py:545} INFO - Filling up the DagBag from /home/menglim/airflow_venv/lib/python3.12/site-packages/airflow/example_dags/example_branch_datetime_operator.py
[2025-07-18T09:24:30.912+0700] {processor.py:840} INFO - DAG(s) 'example_branch_datetime_operator', 'example_branch_datetime_operator_3', 'example_branch_datetime_operator_2' retrieved from /home/menglim/airflow_venv/lib/python3.12/site-packages/airflow/example_dags/example_branch_datetime_operator.py
[2025-07-18T09:24:30.929+0700] {logging_mixin.py:188} INFO - [2025-07-18T09:24:30.929+0700] {dag.py:3096} INFO - Sync 3 DAGs
[2025-07-18T09:24:30.943+0700] {logging_mixin.py:188} INFO - [2025-07-18T09:24:30.942+0700] {dag.py:3954} INFO - Setting next_dagrun for example_branch_datetime_operator to 2025-07-17 00:00:00+00:00, run_after=2025-07-18 00:00:00+00:00
[2025-07-18T09:24:30.945+0700] {logging_mixin.py:188} INFO - [2025-07-18T09:24:30.945+0700] {dag.py:3954} INFO - Setting next_dagrun for example_branch_datetime_operator_2 to 2025-07-17 00:00:00+00:00, run_after=2025-07-18 00:00:00+00:00
[2025-07-18T09:24:30.946+0700] {logging_mixin.py:188} INFO - [2025-07-18T09:24:30.946+0700] {dag.py:3954} INFO - Setting next_dagrun for example_branch_datetime_operator_3 to 2025-07-17 00:00:00+00:00, run_after=2025-07-18 00:00:00+00:00
[2025-07-18T09:24:30.967+0700] {processor.py:183} INFO - Processing /home/menglim/airflow_venv/lib/python3.12/site-packages/airflow/example_dags/example_branch_datetime_operator.py took 0.069 seconds
[2025-07-18T09:25:28.058+0700] {processor.py:161} INFO - Started process (PID=7022) to work on /home/menglim/airflow_venv/lib/python3.12/site-packages/airflow/example_dags/example_branch_datetime_operator.py
[2025-07-18T09:25:28.060+0700] {processor.py:830} INFO - Processing file /home/menglim/airflow_venv/lib/python3.12/site-packages/airflow/example_dags/example_branch_datetime_operator.py for tasks to queue
[2025-07-18T09:25:28.060+0700] {logging_mixin.py:188} INFO - [2025-07-18T09:25:28.060+0700] {dagbag.py:545} INFO - Filling up the DagBag from /home/menglim/airflow_venv/lib/python3.12/site-packages/airflow/example_dags/example_branch_datetime_operator.py
[2025-07-18T09:25:28.066+0700] {processor.py:840} INFO - DAG(s) 'example_branch_datetime_operator', 'example_branch_datetime_operator_3', 'example_branch_datetime_operator_2' retrieved from /home/menglim/airflow_venv/lib/python3.12/site-packages/airflow/example_dags/example_branch_datetime_operator.py
[2025-07-18T09:25:28.080+0700] {logging_mixin.py:188} INFO - [2025-07-18T09:25:28.080+0700] {dag.py:3096} INFO - Sync 3 DAGs
[2025-07-18T09:25:28.093+0700] {logging_mixin.py:188} INFO - [2025-07-18T09:25:28.093+0700] {dag.py:3954} INFO - Setting next_dagrun for example_branch_datetime_operator to 2025-07-17 00:00:00+00:00, run_after=2025-07-18 00:00:00+00:00
[2025-07-18T09:25:28.099+0700] {logging_mixin.py:188} INFO - [2025-07-18T09:25:28.098+0700] {dag.py:3954} INFO - Setting next_dagrun for example_branch_datetime_operator_2 to 2025-07-17 00:00:00+00:00, run_after=2025-07-18 00:00:00+00:00
[2025-07-18T09:25:28.101+0700] {logging_mixin.py:188} INFO - [2025-07-18T09:25:28.101+0700] {dag.py:3954} INFO - Setting next_dagrun for example_branch_datetime_operator_3 to 2025-07-17 00:00:00+00:00, run_after=2025-07-18 00:00:00+00:00
[2025-07-18T09:25:28.125+0700] {processor.py:183} INFO - Processing /home/menglim/airflow_venv/lib/python3.12/site-packages/airflow/example_dags/example_branch_datetime_operator.py took 0.070 seconds
[2025-07-18T09:26:33.306+0700] {processor.py:161} INFO - Started process (PID=7194) to work on /home/menglim/airflow_venv/lib/python3.12/site-packages/airflow/example_dags/example_branch_datetime_operator.py
[2025-07-18T09:26:33.307+0700] {processor.py:830} INFO - Processing file /home/menglim/airflow_venv/lib/python3.12/site-packages/airflow/example_dags/example_branch_datetime_operator.py for tasks to queue
[2025-07-18T09:26:33.308+0700] {logging_mixin.py:188} INFO - [2025-07-18T09:26:33.307+0700] {dagbag.py:545} INFO - Filling up the DagBag from /home/menglim/airflow_venv/lib/python3.12/site-packages/airflow/example_dags/example_branch_datetime_operator.py
[2025-07-18T09:26:33.313+0700] {processor.py:840} INFO - DAG(s) 'example_branch_datetime_operator', 'example_branch_datetime_operator_3', 'example_branch_datetime_operator_2' retrieved from /home/menglim/airflow_venv/lib/python3.12/site-packages/airflow/example_dags/example_branch_datetime_operator.py
[2025-07-18T09:26:33.326+0700] {logging_mixin.py:188} INFO - [2025-07-18T09:26:33.326+0700] {dag.py:3096} INFO - Sync 3 DAGs
[2025-07-18T09:26:33.339+0700] {logging_mixin.py:188} INFO - [2025-07-18T09:26:33.339+0700] {dag.py:3954} INFO - Setting next_dagrun for example_branch_datetime_operator to 2025-07-17 00:00:00+00:00, run_after=2025-07-18 00:00:00+00:00
[2025-07-18T09:26:33.341+0700] {logging_mixin.py:188} INFO - [2025-07-18T09:26:33.341+0700] {dag.py:3954} INFO - Setting next_dagrun for example_branch_datetime_operator_2 to 2025-07-17 00:00:00+00:00, run_after=2025-07-18 00:00:00+00:00
[2025-07-18T09:26:33.342+0700] {logging_mixin.py:188} INFO - [2025-07-18T09:26:33.342+0700] {dag.py:3954} INFO - Setting next_dagrun for example_branch_datetime_operator_3 to 2025-07-17 00:00:00+00:00, run_after=2025-07-18 00:00:00+00:00
[2025-07-18T09:26:33.361+0700] {processor.py:183} INFO - Processing /home/menglim/airflow_venv/lib/python3.12/site-packages/airflow/example_dags/example_branch_datetime_operator.py took 0.059 seconds
[2025-07-18T09:27:31.454+0700] {processor.py:161} INFO - Started process (PID=7329) to work on /home/menglim/airflow_venv/lib/python3.12/site-packages/airflow/example_dags/example_branch_datetime_operator.py
[2025-07-18T09:27:31.455+0700] {processor.py:830} INFO - Processing file /home/menglim/airflow_venv/lib/python3.12/site-packages/airflow/example_dags/example_branch_datetime_operator.py for tasks to queue
[2025-07-18T09:27:31.456+0700] {logging_mixin.py:188} INFO - [2025-07-18T09:27:31.456+0700] {dagbag.py:545} INFO - Filling up the DagBag from /home/menglim/airflow_venv/lib/python3.12/site-packages/airflow/example_dags/example_branch_datetime_operator.py
[2025-07-18T09:27:31.463+0700] {processor.py:840} INFO - DAG(s) 'example_branch_datetime_operator_2', 'example_branch_datetime_operator', 'example_branch_datetime_operator_3' retrieved from /home/menglim/airflow_venv/lib/python3.12/site-packages/airflow/example_dags/example_branch_datetime_operator.py
[2025-07-18T09:27:31.477+0700] {logging_mixin.py:188} INFO - [2025-07-18T09:27:31.477+0700] {dag.py:3096} INFO - Sync 3 DAGs
[2025-07-18T09:27:31.491+0700] {logging_mixin.py:188} INFO - [2025-07-18T09:27:31.490+0700] {dag.py:3954} INFO - Setting next_dagrun for example_branch_datetime_operator to 2025-07-17 00:00:00+00:00, run_after=2025-07-18 00:00:00+00:00
[2025-07-18T09:27:31.495+0700] {logging_mixin.py:188} INFO - [2025-07-18T09:27:31.495+0700] {dag.py:3954} INFO - Setting next_dagrun for example_branch_datetime_operator_2 to 2025-07-17 00:00:00+00:00, run_after=2025-07-18 00:00:00+00:00
[2025-07-18T09:27:31.496+0700] {logging_mixin.py:188} INFO - [2025-07-18T09:27:31.496+0700] {dag.py:3954} INFO - Setting next_dagrun for example_branch_datetime_operator_3 to 2025-07-17 00:00:00+00:00, run_after=2025-07-18 00:00:00+00:00
[2025-07-18T09:27:31.519+0700] {processor.py:183} INFO - Processing /home/menglim/airflow_venv/lib/python3.12/site-packages/airflow/example_dags/example_branch_datetime_operator.py took 0.069 seconds
[2025-07-18T09:28:38.641+0700] {processor.py:161} INFO - Started process (PID=7415) to work on /home/menglim/airflow_venv/lib/python3.12/site-packages/airflow/example_dags/example_branch_datetime_operator.py
[2025-07-18T09:28:38.644+0700] {processor.py:830} INFO - Processing file /home/menglim/airflow_venv/lib/python3.12/site-packages/airflow/example_dags/example_branch_datetime_operator.py for tasks to queue
[2025-07-18T09:28:38.644+0700] {logging_mixin.py:188} INFO - [2025-07-18T09:28:38.644+0700] {dagbag.py:545} INFO - Filling up the DagBag from /home/menglim/airflow_venv/lib/python3.12/site-packages/airflow/example_dags/example_branch_datetime_operator.py
[2025-07-18T09:28:38.650+0700] {processor.py:840} INFO - DAG(s) 'example_branch_datetime_operator_3', 'example_branch_datetime_operator_2', 'example_branch_datetime_operator' retrieved from /home/menglim/airflow_venv/lib/python3.12/site-packages/airflow/example_dags/example_branch_datetime_operator.py
[2025-07-18T09:28:38.661+0700] {logging_mixin.py:188} INFO - [2025-07-18T09:28:38.661+0700] {dag.py:3096} INFO - Sync 3 DAGs
[2025-07-18T09:28:38.672+0700] {logging_mixin.py:188} INFO - [2025-07-18T09:28:38.672+0700] {dag.py:3954} INFO - Setting next_dagrun for example_branch_datetime_operator to 2025-07-17 00:00:00+00:00, run_after=2025-07-18 00:00:00+00:00
[2025-07-18T09:28:38.674+0700] {logging_mixin.py:188} INFO - [2025-07-18T09:28:38.674+0700] {dag.py:3954} INFO - Setting next_dagrun for example_branch_datetime_operator_2 to 2025-07-17 00:00:00+00:00, run_after=2025-07-18 00:00:00+00:00
[2025-07-18T09:28:38.675+0700] {logging_mixin.py:188} INFO - [2025-07-18T09:28:38.675+0700] {dag.py:3954} INFO - Setting next_dagrun for example_branch_datetime_operator_3 to 2025-07-17 00:00:00+00:00, run_after=2025-07-18 00:00:00+00:00
[2025-07-18T09:28:38.695+0700] {processor.py:183} INFO - Processing /home/menglim/airflow_venv/lib/python3.12/site-packages/airflow/example_dags/example_branch_datetime_operator.py took 0.057 seconds
[2025-07-18T09:29:43.965+0700] {processor.py:161} INFO - Started process (PID=7545) to work on /home/menglim/airflow_venv/lib/python3.12/site-packages/airflow/example_dags/example_branch_datetime_operator.py
[2025-07-18T09:29:43.967+0700] {processor.py:830} INFO - Processing file /home/menglim/airflow_venv/lib/python3.12/site-packages/airflow/example_dags/example_branch_datetime_operator.py for tasks to queue
[2025-07-18T09:29:43.967+0700] {logging_mixin.py:188} INFO - [2025-07-18T09:29:43.967+0700] {dagbag.py:545} INFO - Filling up the DagBag from /home/menglim/airflow_venv/lib/python3.12/site-packages/airflow/example_dags/example_branch_datetime_operator.py
[2025-07-18T09:29:43.973+0700] {processor.py:840} INFO - DAG(s) 'example_branch_datetime_operator_2', 'example_branch_datetime_operator_3', 'example_branch_datetime_operator' retrieved from /home/menglim/airflow_venv/lib/python3.12/site-packages/airflow/example_dags/example_branch_datetime_operator.py
[2025-07-18T09:29:43.985+0700] {logging_mixin.py:188} INFO - [2025-07-18T09:29:43.985+0700] {dag.py:3096} INFO - Sync 3 DAGs
[2025-07-18T09:29:43.996+0700] {logging_mixin.py:188} INFO - [2025-07-18T09:29:43.996+0700] {dag.py:3954} INFO - Setting next_dagrun for example_branch_datetime_operator to 2025-07-17 00:00:00+00:00, run_after=2025-07-18 00:00:00+00:00
[2025-07-18T09:29:43.998+0700] {logging_mixin.py:188} INFO - [2025-07-18T09:29:43.998+0700] {dag.py:3954} INFO - Setting next_dagrun for example_branch_datetime_operator_2 to 2025-07-17 00:00:00+00:00, run_after=2025-07-18 00:00:00+00:00
[2025-07-18T09:29:44.000+0700] {logging_mixin.py:188} INFO - [2025-07-18T09:29:43.999+0700] {dag.py:3954} INFO - Setting next_dagrun for example_branch_datetime_operator_3 to 2025-07-17 00:00:00+00:00, run_after=2025-07-18 00:00:00+00:00
[2025-07-18T09:29:44.020+0700] {processor.py:183} INFO - Processing /home/menglim/airflow_venv/lib/python3.12/site-packages/airflow/example_dags/example_branch_datetime_operator.py took 0.058 seconds
[2025-07-18T09:30:37.184+0700] {processor.py:161} INFO - Started process (PID=7627) to work on /home/menglim/airflow_venv/lib/python3.12/site-packages/airflow/example_dags/example_branch_datetime_operator.py
[2025-07-18T09:30:37.185+0700] {processor.py:830} INFO - Processing file /home/menglim/airflow_venv/lib/python3.12/site-packages/airflow/example_dags/example_branch_datetime_operator.py for tasks to queue
[2025-07-18T09:30:37.185+0700] {logging_mixin.py:188} INFO - [2025-07-18T09:30:37.185+0700] {dagbag.py:545} INFO - Filling up the DagBag from /home/menglim/airflow_venv/lib/python3.12/site-packages/airflow/example_dags/example_branch_datetime_operator.py
[2025-07-18T09:30:37.191+0700] {processor.py:840} INFO - DAG(s) 'example_branch_datetime_operator_2', 'example_branch_datetime_operator', 'example_branch_datetime_operator_3' retrieved from /home/menglim/airflow_venv/lib/python3.12/site-packages/airflow/example_dags/example_branch_datetime_operator.py
[2025-07-18T09:30:37.205+0700] {logging_mixin.py:188} INFO - [2025-07-18T09:30:37.205+0700] {dag.py:3096} INFO - Sync 3 DAGs
[2025-07-18T09:30:37.217+0700] {logging_mixin.py:188} INFO - [2025-07-18T09:30:37.217+0700] {dag.py:3954} INFO - Setting next_dagrun for example_branch_datetime_operator to 2025-07-17 00:00:00+00:00, run_after=2025-07-18 00:00:00+00:00
[2025-07-18T09:30:37.220+0700] {logging_mixin.py:188} INFO - [2025-07-18T09:30:37.220+0700] {dag.py:3954} INFO - Setting next_dagrun for example_branch_datetime_operator_2 to 2025-07-17 00:00:00+00:00, run_after=2025-07-18 00:00:00+00:00
[2025-07-18T09:30:37.221+0700] {logging_mixin.py:188} INFO - [2025-07-18T09:30:37.221+0700] {dag.py:3954} INFO - Setting next_dagrun for example_branch_datetime_operator_3 to 2025-07-17 00:00:00+00:00, run_after=2025-07-18 00:00:00+00:00
[2025-07-18T09:30:37.239+0700] {processor.py:183} INFO - Processing /home/menglim/airflow_venv/lib/python3.12/site-packages/airflow/example_dags/example_branch_datetime_operator.py took 0.059 seconds
[2025-07-18T09:31:28.169+0700] {processor.py:161} INFO - Started process (PID=7705) to work on /home/menglim/airflow_venv/lib/python3.12/site-packages/airflow/example_dags/example_branch_datetime_operator.py
[2025-07-18T09:31:28.170+0700] {processor.py:830} INFO - Processing file /home/menglim/airflow_venv/lib/python3.12/site-packages/airflow/example_dags/example_branch_datetime_operator.py for tasks to queue
[2025-07-18T09:31:28.170+0700] {logging_mixin.py:188} INFO - [2025-07-18T09:31:28.170+0700] {dagbag.py:545} INFO - Filling up the DagBag from /home/menglim/airflow_venv/lib/python3.12/site-packages/airflow/example_dags/example_branch_datetime_operator.py
[2025-07-18T09:31:28.176+0700] {processor.py:840} INFO - DAG(s) 'example_branch_datetime_operator_3', 'example_branch_datetime_operator_2', 'example_branch_datetime_operator' retrieved from /home/menglim/airflow_venv/lib/python3.12/site-packages/airflow/example_dags/example_branch_datetime_operator.py
[2025-07-18T09:31:28.187+0700] {logging_mixin.py:188} INFO - [2025-07-18T09:31:28.187+0700] {dag.py:3096} INFO - Sync 3 DAGs
[2025-07-18T09:31:28.198+0700] {logging_mixin.py:188} INFO - [2025-07-18T09:31:28.198+0700] {dag.py:3954} INFO - Setting next_dagrun for example_branch_datetime_operator to 2025-07-17 00:00:00+00:00, run_after=2025-07-18 00:00:00+00:00
[2025-07-18T09:31:28.200+0700] {logging_mixin.py:188} INFO - [2025-07-18T09:31:28.200+0700] {dag.py:3954} INFO - Setting next_dagrun for example_branch_datetime_operator_2 to 2025-07-17 00:00:00+00:00, run_after=2025-07-18 00:00:00+00:00
[2025-07-18T09:31:28.201+0700] {logging_mixin.py:188} INFO - [2025-07-18T09:31:28.201+0700] {dag.py:3954} INFO - Setting next_dagrun for example_branch_datetime_operator_3 to 2025-07-17 00:00:00+00:00, run_after=2025-07-18 00:00:00+00:00
[2025-07-18T09:31:28.220+0700] {processor.py:183} INFO - Processing /home/menglim/airflow_venv/lib/python3.12/site-packages/airflow/example_dags/example_branch_datetime_operator.py took 0.055 seconds
[2025-07-18T09:32:17.855+0700] {processor.py:161} INFO - Started process (PID=7786) to work on /home/menglim/airflow_venv/lib/python3.12/site-packages/airflow/example_dags/example_branch_datetime_operator.py
[2025-07-18T09:32:17.857+0700] {processor.py:830} INFO - Processing file /home/menglim/airflow_venv/lib/python3.12/site-packages/airflow/example_dags/example_branch_datetime_operator.py for tasks to queue
[2025-07-18T09:32:17.858+0700] {logging_mixin.py:188} INFO - [2025-07-18T09:32:17.857+0700] {dagbag.py:545} INFO - Filling up the DagBag from /home/menglim/airflow_venv/lib/python3.12/site-packages/airflow/example_dags/example_branch_datetime_operator.py
[2025-07-18T09:32:17.863+0700] {processor.py:840} INFO - DAG(s) 'example_branch_datetime_operator_2', 'example_branch_datetime_operator_3', 'example_branch_datetime_operator' retrieved from /home/menglim/airflow_venv/lib/python3.12/site-packages/airflow/example_dags/example_branch_datetime_operator.py
[2025-07-18T09:32:17.875+0700] {logging_mixin.py:188} INFO - [2025-07-18T09:32:17.875+0700] {dag.py:3096} INFO - Sync 3 DAGs
[2025-07-18T09:32:17.886+0700] {logging_mixin.py:188} INFO - [2025-07-18T09:32:17.886+0700] {dag.py:3954} INFO - Setting next_dagrun for example_branch_datetime_operator to 2025-07-17 00:00:00+00:00, run_after=2025-07-18 00:00:00+00:00
[2025-07-18T09:32:17.888+0700] {logging_mixin.py:188} INFO - [2025-07-18T09:32:17.888+0700] {dag.py:3954} INFO - Setting next_dagrun for example_branch_datetime_operator_2 to 2025-07-17 00:00:00+00:00, run_after=2025-07-18 00:00:00+00:00
[2025-07-18T09:32:17.889+0700] {logging_mixin.py:188} INFO - [2025-07-18T09:32:17.889+0700] {dag.py:3954} INFO - Setting next_dagrun for example_branch_datetime_operator_3 to 2025-07-17 00:00:00+00:00, run_after=2025-07-18 00:00:00+00:00
[2025-07-18T09:32:17.908+0700] {processor.py:183} INFO - Processing /home/menglim/airflow_venv/lib/python3.12/site-packages/airflow/example_dags/example_branch_datetime_operator.py took 0.057 seconds
[2025-07-18T09:33:10.637+0700] {processor.py:161} INFO - Started process (PID=7866) to work on /home/menglim/airflow_venv/lib/python3.12/site-packages/airflow/example_dags/example_branch_datetime_operator.py
[2025-07-18T09:33:10.639+0700] {processor.py:830} INFO - Processing file /home/menglim/airflow_venv/lib/python3.12/site-packages/airflow/example_dags/example_branch_datetime_operator.py for tasks to queue
[2025-07-18T09:33:10.640+0700] {logging_mixin.py:188} INFO - [2025-07-18T09:33:10.640+0700] {dagbag.py:545} INFO - Filling up the DagBag from /home/menglim/airflow_venv/lib/python3.12/site-packages/airflow/example_dags/example_branch_datetime_operator.py
[2025-07-18T09:33:10.646+0700] {processor.py:840} INFO - DAG(s) 'example_branch_datetime_operator_3', 'example_branch_datetime_operator', 'example_branch_datetime_operator_2' retrieved from /home/menglim/airflow_venv/lib/python3.12/site-packages/airflow/example_dags/example_branch_datetime_operator.py
[2025-07-18T09:33:10.659+0700] {logging_mixin.py:188} INFO - [2025-07-18T09:33:10.659+0700] {dag.py:3096} INFO - Sync 3 DAGs
[2025-07-18T09:33:10.671+0700] {logging_mixin.py:188} INFO - [2025-07-18T09:33:10.671+0700] {dag.py:3954} INFO - Setting next_dagrun for example_branch_datetime_operator to 2025-07-17 00:00:00+00:00, run_after=2025-07-18 00:00:00+00:00
[2025-07-18T09:33:10.673+0700] {logging_mixin.py:188} INFO - [2025-07-18T09:33:10.673+0700] {dag.py:3954} INFO - Setting next_dagrun for example_branch_datetime_operator_2 to 2025-07-17 00:00:00+00:00, run_after=2025-07-18 00:00:00+00:00
[2025-07-18T09:33:10.674+0700] {logging_mixin.py:188} INFO - [2025-07-18T09:33:10.674+0700] {dag.py:3954} INFO - Setting next_dagrun for example_branch_datetime_operator_3 to 2025-07-17 00:00:00+00:00, run_after=2025-07-18 00:00:00+00:00
[2025-07-18T09:33:10.692+0700] {processor.py:183} INFO - Processing /home/menglim/airflow_venv/lib/python3.12/site-packages/airflow/example_dags/example_branch_datetime_operator.py took 0.059 seconds
[2025-07-18T09:33:58.756+0700] {processor.py:161} INFO - Started process (PID=7945) to work on /home/menglim/airflow_venv/lib/python3.12/site-packages/airflow/example_dags/example_branch_datetime_operator.py
[2025-07-18T09:33:58.758+0700] {processor.py:830} INFO - Processing file /home/menglim/airflow_venv/lib/python3.12/site-packages/airflow/example_dags/example_branch_datetime_operator.py for tasks to queue
[2025-07-18T09:33:58.759+0700] {logging_mixin.py:188} INFO - [2025-07-18T09:33:58.758+0700] {dagbag.py:545} INFO - Filling up the DagBag from /home/menglim/airflow_venv/lib/python3.12/site-packages/airflow/example_dags/example_branch_datetime_operator.py
[2025-07-18T09:33:58.764+0700] {processor.py:840} INFO - DAG(s) 'example_branch_datetime_operator', 'example_branch_datetime_operator_3', 'example_branch_datetime_operator_2' retrieved from /home/menglim/airflow_venv/lib/python3.12/site-packages/airflow/example_dags/example_branch_datetime_operator.py
[2025-07-18T09:33:58.777+0700] {logging_mixin.py:188} INFO - [2025-07-18T09:33:58.777+0700] {dag.py:3096} INFO - Sync 3 DAGs
[2025-07-18T09:33:58.790+0700] {logging_mixin.py:188} INFO - [2025-07-18T09:33:58.789+0700] {dag.py:3954} INFO - Setting next_dagrun for example_branch_datetime_operator to 2025-07-17 00:00:00+00:00, run_after=2025-07-18 00:00:00+00:00
[2025-07-18T09:33:58.792+0700] {logging_mixin.py:188} INFO - [2025-07-18T09:33:58.792+0700] {dag.py:3954} INFO - Setting next_dagrun for example_branch_datetime_operator_2 to 2025-07-17 00:00:00+00:00, run_after=2025-07-18 00:00:00+00:00
[2025-07-18T09:33:58.793+0700] {logging_mixin.py:188} INFO - [2025-07-18T09:33:58.793+0700] {dag.py:3954} INFO - Setting next_dagrun for example_branch_datetime_operator_3 to 2025-07-17 00:00:00+00:00, run_after=2025-07-18 00:00:00+00:00
[2025-07-18T09:33:58.815+0700] {processor.py:183} INFO - Processing /home/menglim/airflow_venv/lib/python3.12/site-packages/airflow/example_dags/example_branch_datetime_operator.py took 0.062 seconds
[2025-07-18T09:34:52.975+0700] {processor.py:161} INFO - Started process (PID=8099) to work on /home/menglim/airflow_venv/lib/python3.12/site-packages/airflow/example_dags/example_branch_datetime_operator.py
[2025-07-18T09:34:52.978+0700] {processor.py:830} INFO - Processing file /home/menglim/airflow_venv/lib/python3.12/site-packages/airflow/example_dags/example_branch_datetime_operator.py for tasks to queue
[2025-07-18T09:34:52.978+0700] {logging_mixin.py:188} INFO - [2025-07-18T09:34:52.978+0700] {dagbag.py:545} INFO - Filling up the DagBag from /home/menglim/airflow_venv/lib/python3.12/site-packages/airflow/example_dags/example_branch_datetime_operator.py
[2025-07-18T09:34:52.984+0700] {processor.py:840} INFO - DAG(s) 'example_branch_datetime_operator_2', 'example_branch_datetime_operator', 'example_branch_datetime_operator_3' retrieved from /home/menglim/airflow_venv/lib/python3.12/site-packages/airflow/example_dags/example_branch_datetime_operator.py
[2025-07-18T09:34:52.998+0700] {logging_mixin.py:188} INFO - [2025-07-18T09:34:52.998+0700] {dag.py:3096} INFO - Sync 3 DAGs
[2025-07-18T09:34:53.011+0700] {logging_mixin.py:188} INFO - [2025-07-18T09:34:53.011+0700] {dag.py:3954} INFO - Setting next_dagrun for example_branch_datetime_operator to 2025-07-17 00:00:00+00:00, run_after=2025-07-18 00:00:00+00:00
[2025-07-18T09:34:53.013+0700] {logging_mixin.py:188} INFO - [2025-07-18T09:34:53.013+0700] {dag.py:3954} INFO - Setting next_dagrun for example_branch_datetime_operator_2 to 2025-07-17 00:00:00+00:00, run_after=2025-07-18 00:00:00+00:00
[2025-07-18T09:34:53.014+0700] {logging_mixin.py:188} INFO - [2025-07-18T09:34:53.014+0700] {dag.py:3954} INFO - Setting next_dagrun for example_branch_datetime_operator_3 to 2025-07-17 00:00:00+00:00, run_after=2025-07-18 00:00:00+00:00
[2025-07-18T09:34:53.032+0700] {processor.py:183} INFO - Processing /home/menglim/airflow_venv/lib/python3.12/site-packages/airflow/example_dags/example_branch_datetime_operator.py took 0.061 seconds
[2025-07-18T09:35:42.655+0700] {processor.py:161} INFO - Started process (PID=8190) to work on /home/menglim/airflow_venv/lib/python3.12/site-packages/airflow/example_dags/example_branch_datetime_operator.py
[2025-07-18T09:35:42.658+0700] {processor.py:830} INFO - Processing file /home/menglim/airflow_venv/lib/python3.12/site-packages/airflow/example_dags/example_branch_datetime_operator.py for tasks to queue
[2025-07-18T09:35:42.660+0700] {logging_mixin.py:188} INFO - [2025-07-18T09:35:42.659+0700] {dagbag.py:545} INFO - Filling up the DagBag from /home/menglim/airflow_venv/lib/python3.12/site-packages/airflow/example_dags/example_branch_datetime_operator.py
[2025-07-18T09:35:42.670+0700] {processor.py:840} INFO - DAG(s) 'example_branch_datetime_operator', 'example_branch_datetime_operator_3', 'example_branch_datetime_operator_2' retrieved from /home/menglim/airflow_venv/lib/python3.12/site-packages/airflow/example_dags/example_branch_datetime_operator.py
[2025-07-18T09:35:42.683+0700] {logging_mixin.py:188} INFO - [2025-07-18T09:35:42.683+0700] {dag.py:3096} INFO - Sync 3 DAGs
[2025-07-18T09:35:42.694+0700] {logging_mixin.py:188} INFO - [2025-07-18T09:35:42.694+0700] {dag.py:3954} INFO - Setting next_dagrun for example_branch_datetime_operator to 2025-07-17 00:00:00+00:00, run_after=2025-07-18 00:00:00+00:00
[2025-07-18T09:35:42.697+0700] {logging_mixin.py:188} INFO - [2025-07-18T09:35:42.697+0700] {dag.py:3954} INFO - Setting next_dagrun for example_branch_datetime_operator_2 to 2025-07-17 00:00:00+00:00, run_after=2025-07-18 00:00:00+00:00
[2025-07-18T09:35:42.698+0700] {logging_mixin.py:188} INFO - [2025-07-18T09:35:42.698+0700] {dag.py:3954} INFO - Setting next_dagrun for example_branch_datetime_operator_3 to 2025-07-17 00:00:00+00:00, run_after=2025-07-18 00:00:00+00:00
[2025-07-18T09:35:42.720+0700] {processor.py:183} INFO - Processing /home/menglim/airflow_venv/lib/python3.12/site-packages/airflow/example_dags/example_branch_datetime_operator.py took 0.069 seconds
[2025-07-18T09:36:36.123+0700] {processor.py:161} INFO - Started process (PID=8281) to work on /home/menglim/airflow_venv/lib/python3.12/site-packages/airflow/example_dags/example_branch_datetime_operator.py
[2025-07-18T09:36:36.127+0700] {processor.py:830} INFO - Processing file /home/menglim/airflow_venv/lib/python3.12/site-packages/airflow/example_dags/example_branch_datetime_operator.py for tasks to queue
[2025-07-18T09:36:36.130+0700] {logging_mixin.py:188} INFO - [2025-07-18T09:36:36.129+0700] {dagbag.py:545} INFO - Filling up the DagBag from /home/menglim/airflow_venv/lib/python3.12/site-packages/airflow/example_dags/example_branch_datetime_operator.py
[2025-07-18T09:36:36.152+0700] {processor.py:840} INFO - DAG(s) 'example_branch_datetime_operator_3', 'example_branch_datetime_operator', 'example_branch_datetime_operator_2' retrieved from /home/menglim/airflow_venv/lib/python3.12/site-packages/airflow/example_dags/example_branch_datetime_operator.py
[2025-07-18T09:36:36.211+0700] {logging_mixin.py:188} INFO - [2025-07-18T09:36:36.211+0700] {dag.py:3096} INFO - Sync 3 DAGs
[2025-07-18T09:36:36.265+0700] {logging_mixin.py:188} INFO - [2025-07-18T09:36:36.265+0700] {dag.py:3954} INFO - Setting next_dagrun for example_branch_datetime_operator to 2025-07-17 00:00:00+00:00, run_after=2025-07-18 00:00:00+00:00
[2025-07-18T09:36:36.269+0700] {logging_mixin.py:188} INFO - [2025-07-18T09:36:36.269+0700] {dag.py:3954} INFO - Setting next_dagrun for example_branch_datetime_operator_2 to 2025-07-17 00:00:00+00:00, run_after=2025-07-18 00:00:00+00:00
[2025-07-18T09:36:36.270+0700] {logging_mixin.py:188} INFO - [2025-07-18T09:36:36.270+0700] {dag.py:3954} INFO - Setting next_dagrun for example_branch_datetime_operator_3 to 2025-07-17 00:00:00+00:00, run_after=2025-07-18 00:00:00+00:00
[2025-07-18T09:36:36.331+0700] {processor.py:183} INFO - Processing /home/menglim/airflow_venv/lib/python3.12/site-packages/airflow/example_dags/example_branch_datetime_operator.py took 0.229 seconds
[2025-07-18T09:37:43.618+0700] {processor.py:161} INFO - Started process (PID=8558) to work on /home/menglim/airflow_venv/lib/python3.12/site-packages/airflow/example_dags/example_branch_datetime_operator.py
[2025-07-18T09:37:43.621+0700] {processor.py:830} INFO - Processing file /home/menglim/airflow_venv/lib/python3.12/site-packages/airflow/example_dags/example_branch_datetime_operator.py for tasks to queue
[2025-07-18T09:37:43.624+0700] {logging_mixin.py:188} INFO - [2025-07-18T09:37:43.623+0700] {dagbag.py:545} INFO - Filling up the DagBag from /home/menglim/airflow_venv/lib/python3.12/site-packages/airflow/example_dags/example_branch_datetime_operator.py
[2025-07-18T09:37:43.646+0700] {processor.py:840} INFO - DAG(s) 'example_branch_datetime_operator', 'example_branch_datetime_operator_2', 'example_branch_datetime_operator_3' retrieved from /home/menglim/airflow_venv/lib/python3.12/site-packages/airflow/example_dags/example_branch_datetime_operator.py
[2025-07-18T09:37:43.691+0700] {logging_mixin.py:188} INFO - [2025-07-18T09:37:43.690+0700] {dag.py:3096} INFO - Sync 3 DAGs
[2025-07-18T09:37:43.730+0700] {logging_mixin.py:188} INFO - [2025-07-18T09:37:43.729+0700] {dag.py:3954} INFO - Setting next_dagrun for example_branch_datetime_operator to 2025-07-17 00:00:00+00:00, run_after=2025-07-18 00:00:00+00:00
[2025-07-18T09:37:43.741+0700] {logging_mixin.py:188} INFO - [2025-07-18T09:37:43.740+0700] {dag.py:3954} INFO - Setting next_dagrun for example_branch_datetime_operator_2 to 2025-07-17 00:00:00+00:00, run_after=2025-07-18 00:00:00+00:00
[2025-07-18T09:37:43.748+0700] {logging_mixin.py:188} INFO - [2025-07-18T09:37:43.747+0700] {dag.py:3954} INFO - Setting next_dagrun for example_branch_datetime_operator_3 to 2025-07-17 00:00:00+00:00, run_after=2025-07-18 00:00:00+00:00
[2025-07-18T09:37:43.797+0700] {processor.py:183} INFO - Processing /home/menglim/airflow_venv/lib/python3.12/site-packages/airflow/example_dags/example_branch_datetime_operator.py took 0.192 seconds
