[2025-07-18T09:00:21.872+0700] {processor.py:161} INFO - Started process (PID=2991) to work on /home/menglim/airflow_venv/lib/python3.12/site-packages/airflow/example_dags/tutorial.py
[2025-07-18T09:00:21.873+0700] {processor.py:830} INFO - Processing file /home/menglim/airflow_venv/lib/python3.12/site-packages/airflow/example_dags/tutorial.py for tasks to queue
[2025-07-18T09:00:21.874+0700] {logging_mixin.py:188} INFO - [2025-07-18T09:00:21.873+0700] {dagbag.py:545} INFO - Filling up the DagBag from /home/menglim/airflow_venv/lib/python3.12/site-packages/airflow/example_dags/tutorial.py
[2025-07-18T09:00:21.880+0700] {processor.py:840} INFO - DAG(s) 'tutorial' retrieved from /home/menglim/airflow_venv/lib/python3.12/site-packages/airflow/example_dags/tutorial.py
[2025-07-18T09:00:21.931+0700] {logging_mixin.py:188} INFO - [2025-07-18T09:00:21.931+0700] {dag.py:3096} INFO - Sync 1 DAGs
[2025-07-18T09:00:21.940+0700] {logging_mixin.py:188} INFO - [2025-07-18T09:00:21.940+0700] {dag.py:3954} INFO - Setting next_dagrun for tutorial to 2025-07-17 00:00:00+00:00, run_after=2025-07-18 00:00:00+00:00
[2025-07-18T09:00:21.961+0700] {processor.py:183} INFO - Processing /home/menglim/airflow_venv/lib/python3.12/site-packages/airflow/example_dags/tutorial.py took 0.092 seconds
[2025-07-18T09:01:14.997+0700] {processor.py:161} INFO - Started process (PID=3327) to work on /home/menglim/airflow_venv/lib/python3.12/site-packages/airflow/example_dags/tutorial.py
[2025-07-18T09:01:14.999+0700] {processor.py:830} INFO - Processing file /home/menglim/airflow_venv/lib/python3.12/site-packages/airflow/example_dags/tutorial.py for tasks to queue
[2025-07-18T09:01:15.000+0700] {logging_mixin.py:188} INFO - [2025-07-18T09:01:15.000+0700] {dagbag.py:545} INFO - Filling up the DagBag from /home/menglim/airflow_venv/lib/python3.12/site-packages/airflow/example_dags/tutorial.py
[2025-07-18T09:01:15.004+0700] {processor.py:840} INFO - DAG(s) 'tutorial' retrieved from /home/menglim/airflow_venv/lib/python3.12/site-packages/airflow/example_dags/tutorial.py
[2025-07-18T09:01:15.013+0700] {logging_mixin.py:188} INFO - [2025-07-18T09:01:15.013+0700] {dag.py:3096} INFO - Sync 1 DAGs
[2025-07-18T09:01:17.946+0700] {logging_mixin.py:188} INFO - [2025-07-18T09:01:17.946+0700] {dag.py:3954} INFO - Setting next_dagrun for tutorial to 2025-07-17 00:00:00+00:00, run_after=2025-07-18 00:00:00+00:00
[2025-07-18T09:01:17.967+0700] {processor.py:183} INFO - Processing /home/menglim/airflow_venv/lib/python3.12/site-packages/airflow/example_dags/tutorial.py took 0.050 seconds
[2025-07-18T09:02:16.062+0700] {processor.py:161} INFO - Started process (PID=3473) to work on /home/menglim/airflow_venv/lib/python3.12/site-packages/airflow/example_dags/tutorial.py
[2025-07-18T09:02:16.064+0700] {processor.py:830} INFO - Processing file /home/menglim/airflow_venv/lib/python3.12/site-packages/airflow/example_dags/tutorial.py for tasks to queue
[2025-07-18T09:02:16.065+0700] {logging_mixin.py:188} INFO - [2025-07-18T09:02:16.064+0700] {dagbag.py:545} INFO - Filling up the DagBag from /home/menglim/airflow_venv/lib/python3.12/site-packages/airflow/example_dags/tutorial.py
[2025-07-18T09:02:16.069+0700] {processor.py:840} INFO - DAG(s) 'tutorial' retrieved from /home/menglim/airflow_venv/lib/python3.12/site-packages/airflow/example_dags/tutorial.py
[2025-07-18T09:02:16.080+0700] {logging_mixin.py:188} INFO - [2025-07-18T09:02:16.080+0700] {dag.py:3096} INFO - Sync 1 DAGs
[2025-07-18T09:02:16.093+0700] {logging_mixin.py:188} INFO - [2025-07-18T09:02:16.093+0700] {dag.py:3954} INFO - Setting next_dagrun for tutorial to 2025-07-17 00:00:00+00:00, run_after=2025-07-18 00:00:00+00:00
[2025-07-18T09:02:16.116+0700] {processor.py:183} INFO - Processing /home/menglim/airflow_venv/lib/python3.12/site-packages/airflow/example_dags/tutorial.py took 0.057 seconds
[2025-07-18T09:03:15.414+0700] {processor.py:161} INFO - Started process (PID=3611) to work on /home/menglim/airflow_venv/lib/python3.12/site-packages/airflow/example_dags/tutorial.py
[2025-07-18T09:03:15.418+0700] {processor.py:830} INFO - Processing file /home/menglim/airflow_venv/lib/python3.12/site-packages/airflow/example_dags/tutorial.py for tasks to queue
[2025-07-18T09:03:15.419+0700] {logging_mixin.py:188} INFO - [2025-07-18T09:03:15.419+0700] {dagbag.py:545} INFO - Filling up the DagBag from /home/menglim/airflow_venv/lib/python3.12/site-packages/airflow/example_dags/tutorial.py
[2025-07-18T09:03:15.423+0700] {processor.py:840} INFO - DAG(s) 'tutorial' retrieved from /home/menglim/airflow_venv/lib/python3.12/site-packages/airflow/example_dags/tutorial.py
[2025-07-18T09:03:15.433+0700] {logging_mixin.py:188} INFO - [2025-07-18T09:03:15.433+0700] {dag.py:3096} INFO - Sync 1 DAGs
[2025-07-18T09:03:15.443+0700] {logging_mixin.py:188} INFO - [2025-07-18T09:03:15.443+0700] {dag.py:3954} INFO - Setting next_dagrun for tutorial to 2025-07-17 00:00:00+00:00, run_after=2025-07-18 00:00:00+00:00
[2025-07-18T09:03:15.468+0700] {processor.py:183} INFO - Processing /home/menglim/airflow_venv/lib/python3.12/site-packages/airflow/example_dags/tutorial.py took 0.057 seconds
[2025-07-18T09:04:06.520+0700] {processor.py:161} INFO - Started process (PID=3707) to work on /home/menglim/airflow_venv/lib/python3.12/site-packages/airflow/example_dags/tutorial.py
[2025-07-18T09:04:06.521+0700] {processor.py:830} INFO - Processing file /home/menglim/airflow_venv/lib/python3.12/site-packages/airflow/example_dags/tutorial.py for tasks to queue
[2025-07-18T09:04:06.522+0700] {logging_mixin.py:188} INFO - [2025-07-18T09:04:06.522+0700] {dagbag.py:545} INFO - Filling up the DagBag from /home/menglim/airflow_venv/lib/python3.12/site-packages/airflow/example_dags/tutorial.py
[2025-07-18T09:04:06.526+0700] {processor.py:840} INFO - DAG(s) 'tutorial' retrieved from /home/menglim/airflow_venv/lib/python3.12/site-packages/airflow/example_dags/tutorial.py
[2025-07-18T09:04:06.534+0700] {logging_mixin.py:188} INFO - [2025-07-18T09:04:06.534+0700] {dag.py:3096} INFO - Sync 1 DAGs
[2025-07-18T09:04:06.543+0700] {logging_mixin.py:188} INFO - [2025-07-18T09:04:06.543+0700] {dag.py:3954} INFO - Setting next_dagrun for tutorial to 2025-07-17 00:00:00+00:00, run_after=2025-07-18 00:00:00+00:00
[2025-07-18T09:04:06.564+0700] {processor.py:183} INFO - Processing /home/menglim/airflow_venv/lib/python3.12/site-packages/airflow/example_dags/tutorial.py took 0.047 seconds
[2025-07-18T09:05:02.542+0700] {processor.py:161} INFO - Started process (PID=3811) to work on /home/menglim/airflow_venv/lib/python3.12/site-packages/airflow/example_dags/tutorial.py
[2025-07-18T09:05:02.544+0700] {processor.py:830} INFO - Processing file /home/menglim/airflow_venv/lib/python3.12/site-packages/airflow/example_dags/tutorial.py for tasks to queue
[2025-07-18T09:05:02.545+0700] {logging_mixin.py:188} INFO - [2025-07-18T09:05:02.545+0700] {dagbag.py:545} INFO - Filling up the DagBag from /home/menglim/airflow_venv/lib/python3.12/site-packages/airflow/example_dags/tutorial.py
[2025-07-18T09:05:02.549+0700] {processor.py:840} INFO - DAG(s) 'tutorial' retrieved from /home/menglim/airflow_venv/lib/python3.12/site-packages/airflow/example_dags/tutorial.py
[2025-07-18T09:05:02.558+0700] {logging_mixin.py:188} INFO - [2025-07-18T09:05:02.558+0700] {dag.py:3096} INFO - Sync 1 DAGs
[2025-07-18T09:05:02.570+0700] {logging_mixin.py:188} INFO - [2025-07-18T09:05:02.569+0700] {dag.py:3954} INFO - Setting next_dagrun for tutorial to 2025-07-17 00:00:00+00:00, run_after=2025-07-18 00:00:00+00:00
[2025-07-18T09:05:02.596+0700] {processor.py:183} INFO - Processing /home/menglim/airflow_venv/lib/python3.12/site-packages/airflow/example_dags/tutorial.py took 0.059 seconds
[2025-07-18T09:06:02.139+0700] {processor.py:161} INFO - Started process (PID=3906) to work on /home/menglim/airflow_venv/lib/python3.12/site-packages/airflow/example_dags/tutorial.py
[2025-07-18T09:06:02.140+0700] {processor.py:830} INFO - Processing file /home/menglim/airflow_venv/lib/python3.12/site-packages/airflow/example_dags/tutorial.py for tasks to queue
[2025-07-18T09:06:02.141+0700] {logging_mixin.py:188} INFO - [2025-07-18T09:06:02.141+0700] {dagbag.py:545} INFO - Filling up the DagBag from /home/menglim/airflow_venv/lib/python3.12/site-packages/airflow/example_dags/tutorial.py
[2025-07-18T09:06:02.145+0700] {processor.py:840} INFO - DAG(s) 'tutorial' retrieved from /home/menglim/airflow_venv/lib/python3.12/site-packages/airflow/example_dags/tutorial.py
[2025-07-18T09:06:02.153+0700] {logging_mixin.py:188} INFO - [2025-07-18T09:06:02.153+0700] {dag.py:3096} INFO - Sync 1 DAGs
[2025-07-18T09:06:02.163+0700] {logging_mixin.py:188} INFO - [2025-07-18T09:06:02.163+0700] {dag.py:3954} INFO - Setting next_dagrun for tutorial to 2025-07-17 00:00:00+00:00, run_after=2025-07-18 00:00:00+00:00
[2025-07-18T09:06:02.184+0700] {processor.py:183} INFO - Processing /home/menglim/airflow_venv/lib/python3.12/site-packages/airflow/example_dags/tutorial.py took 0.048 seconds
[2025-07-18T09:06:56.558+0700] {processor.py:161} INFO - Started process (PID=4018) to work on /home/menglim/airflow_venv/lib/python3.12/site-packages/airflow/example_dags/tutorial.py
[2025-07-18T09:06:56.561+0700] {processor.py:830} INFO - Processing file /home/menglim/airflow_venv/lib/python3.12/site-packages/airflow/example_dags/tutorial.py for tasks to queue
[2025-07-18T09:06:56.561+0700] {logging_mixin.py:188} INFO - [2025-07-18T09:06:56.561+0700] {dagbag.py:545} INFO - Filling up the DagBag from /home/menglim/airflow_venv/lib/python3.12/site-packages/airflow/example_dags/tutorial.py
[2025-07-18T09:06:56.565+0700] {processor.py:840} INFO - DAG(s) 'tutorial' retrieved from /home/menglim/airflow_venv/lib/python3.12/site-packages/airflow/example_dags/tutorial.py
[2025-07-18T09:06:56.574+0700] {logging_mixin.py:188} INFO - [2025-07-18T09:06:56.574+0700] {dag.py:3096} INFO - Sync 1 DAGs
[2025-07-18T09:06:56.587+0700] {logging_mixin.py:188} INFO - [2025-07-18T09:06:56.587+0700] {dag.py:3954} INFO - Setting next_dagrun for tutorial to 2025-07-17 00:00:00+00:00, run_after=2025-07-18 00:00:00+00:00
[2025-07-18T09:06:56.610+0700] {processor.py:183} INFO - Processing /home/menglim/airflow_venv/lib/python3.12/site-packages/airflow/example_dags/tutorial.py took 0.055 seconds
[2025-07-18T09:07:57.185+0700] {processor.py:161} INFO - Started process (PID=4128) to work on /home/menglim/airflow_venv/lib/python3.12/site-packages/airflow/example_dags/tutorial.py
[2025-07-18T09:07:57.190+0700] {processor.py:830} INFO - Processing file /home/menglim/airflow_venv/lib/python3.12/site-packages/airflow/example_dags/tutorial.py for tasks to queue
[2025-07-18T09:07:57.192+0700] {logging_mixin.py:188} INFO - [2025-07-18T09:07:57.191+0700] {dagbag.py:545} INFO - Filling up the DagBag from /home/menglim/airflow_venv/lib/python3.12/site-packages/airflow/example_dags/tutorial.py
[2025-07-18T09:07:57.203+0700] {processor.py:840} INFO - DAG(s) 'tutorial' retrieved from /home/menglim/airflow_venv/lib/python3.12/site-packages/airflow/example_dags/tutorial.py
[2025-07-18T09:07:57.224+0700] {logging_mixin.py:188} INFO - [2025-07-18T09:07:57.224+0700] {dag.py:3096} INFO - Sync 1 DAGs
[2025-07-18T09:07:57.241+0700] {logging_mixin.py:188} INFO - [2025-07-18T09:07:57.241+0700] {dag.py:3954} INFO - Setting next_dagrun for tutorial to 2025-07-17 00:00:00+00:00, run_after=2025-07-18 00:00:00+00:00
[2025-07-18T09:07:57.262+0700] {processor.py:183} INFO - Processing /home/menglim/airflow_venv/lib/python3.12/site-packages/airflow/example_dags/tutorial.py took 0.088 seconds
[2025-07-18T09:08:55.744+0700] {processor.py:161} INFO - Started process (PID=4233) to work on /home/menglim/airflow_venv/lib/python3.12/site-packages/airflow/example_dags/tutorial.py
[2025-07-18T09:08:55.747+0700] {processor.py:830} INFO - Processing file /home/menglim/airflow_venv/lib/python3.12/site-packages/airflow/example_dags/tutorial.py for tasks to queue
[2025-07-18T09:08:55.747+0700] {logging_mixin.py:188} INFO - [2025-07-18T09:08:55.747+0700] {dagbag.py:545} INFO - Filling up the DagBag from /home/menglim/airflow_venv/lib/python3.12/site-packages/airflow/example_dags/tutorial.py
[2025-07-18T09:08:55.751+0700] {processor.py:840} INFO - DAG(s) 'tutorial' retrieved from /home/menglim/airflow_venv/lib/python3.12/site-packages/airflow/example_dags/tutorial.py
[2025-07-18T09:08:55.759+0700] {logging_mixin.py:188} INFO - [2025-07-18T09:08:55.759+0700] {dag.py:3096} INFO - Sync 1 DAGs
[2025-07-18T09:08:55.769+0700] {logging_mixin.py:188} INFO - [2025-07-18T09:08:55.769+0700] {dag.py:3954} INFO - Setting next_dagrun for tutorial to 2025-07-17 00:00:00+00:00, run_after=2025-07-18 00:00:00+00:00
[2025-07-18T09:08:55.793+0700] {processor.py:183} INFO - Processing /home/menglim/airflow_venv/lib/python3.12/site-packages/airflow/example_dags/tutorial.py took 0.054 seconds
[2025-07-18T09:09:44.139+0700] {processor.py:161} INFO - Started process (PID=4327) to work on /home/menglim/airflow_venv/lib/python3.12/site-packages/airflow/example_dags/tutorial.py
[2025-07-18T09:09:44.140+0700] {processor.py:830} INFO - Processing file /home/menglim/airflow_venv/lib/python3.12/site-packages/airflow/example_dags/tutorial.py for tasks to queue
[2025-07-18T09:09:44.140+0700] {logging_mixin.py:188} INFO - [2025-07-18T09:09:44.140+0700] {dagbag.py:545} INFO - Filling up the DagBag from /home/menglim/airflow_venv/lib/python3.12/site-packages/airflow/example_dags/tutorial.py
[2025-07-18T09:09:44.147+0700] {processor.py:840} INFO - DAG(s) 'tutorial' retrieved from /home/menglim/airflow_venv/lib/python3.12/site-packages/airflow/example_dags/tutorial.py
[2025-07-18T09:09:44.157+0700] {logging_mixin.py:188} INFO - [2025-07-18T09:09:44.157+0700] {dag.py:3096} INFO - Sync 1 DAGs
[2025-07-18T09:09:44.169+0700] {logging_mixin.py:188} INFO - [2025-07-18T09:09:44.169+0700] {dag.py:3954} INFO - Setting next_dagrun for tutorial to 2025-07-17 00:00:00+00:00, run_after=2025-07-18 00:00:00+00:00
[2025-07-18T09:09:44.196+0700] {processor.py:183} INFO - Processing /home/menglim/airflow_venv/lib/python3.12/site-packages/airflow/example_dags/tutorial.py took 0.061 seconds
[2025-07-18T09:10:34.885+0700] {processor.py:161} INFO - Started process (PID=4412) to work on /home/menglim/airflow_venv/lib/python3.12/site-packages/airflow/example_dags/tutorial.py
[2025-07-18T09:10:34.888+0700] {processor.py:830} INFO - Processing file /home/menglim/airflow_venv/lib/python3.12/site-packages/airflow/example_dags/tutorial.py for tasks to queue
[2025-07-18T09:10:34.888+0700] {logging_mixin.py:188} INFO - [2025-07-18T09:10:34.888+0700] {dagbag.py:545} INFO - Filling up the DagBag from /home/menglim/airflow_venv/lib/python3.12/site-packages/airflow/example_dags/tutorial.py
[2025-07-18T09:10:34.892+0700] {processor.py:840} INFO - DAG(s) 'tutorial' retrieved from /home/menglim/airflow_venv/lib/python3.12/site-packages/airflow/example_dags/tutorial.py
[2025-07-18T09:10:34.900+0700] {logging_mixin.py:188} INFO - [2025-07-18T09:10:34.900+0700] {dag.py:3096} INFO - Sync 1 DAGs
[2025-07-18T09:10:34.910+0700] {logging_mixin.py:188} INFO - [2025-07-18T09:10:34.910+0700] {dag.py:3954} INFO - Setting next_dagrun for tutorial to 2025-07-17 00:00:00+00:00, run_after=2025-07-18 00:00:00+00:00
[2025-07-18T09:10:34.934+0700] {processor.py:183} INFO - Processing /home/menglim/airflow_venv/lib/python3.12/site-packages/airflow/example_dags/tutorial.py took 0.052 seconds
[2025-07-18T09:11:41.535+0700] {processor.py:161} INFO - Started process (PID=4573) to work on /home/menglim/airflow_venv/lib/python3.12/site-packages/airflow/example_dags/tutorial.py
[2025-07-18T09:11:41.536+0700] {processor.py:830} INFO - Processing file /home/menglim/airflow_venv/lib/python3.12/site-packages/airflow/example_dags/tutorial.py for tasks to queue
[2025-07-18T09:11:41.537+0700] {logging_mixin.py:188} INFO - [2025-07-18T09:11:41.536+0700] {dagbag.py:545} INFO - Filling up the DagBag from /home/menglim/airflow_venv/lib/python3.12/site-packages/airflow/example_dags/tutorial.py
[2025-07-18T09:11:41.541+0700] {processor.py:840} INFO - DAG(s) 'tutorial' retrieved from /home/menglim/airflow_venv/lib/python3.12/site-packages/airflow/example_dags/tutorial.py
[2025-07-18T09:11:41.551+0700] {logging_mixin.py:188} INFO - [2025-07-18T09:11:41.551+0700] {dag.py:3096} INFO - Sync 1 DAGs
[2025-07-18T09:11:41.561+0700] {logging_mixin.py:188} INFO - [2025-07-18T09:11:41.561+0700] {dag.py:3954} INFO - Setting next_dagrun for tutorial to 2025-07-17 00:00:00+00:00, run_after=2025-07-18 00:00:00+00:00
[2025-07-18T09:11:41.584+0700] {processor.py:183} INFO - Processing /home/menglim/airflow_venv/lib/python3.12/site-packages/airflow/example_dags/tutorial.py took 0.052 seconds
[2025-07-18T09:12:35.735+0700] {processor.py:161} INFO - Started process (PID=4656) to work on /home/menglim/airflow_venv/lib/python3.12/site-packages/airflow/example_dags/tutorial.py
[2025-07-18T09:12:35.738+0700] {processor.py:830} INFO - Processing file /home/menglim/airflow_venv/lib/python3.12/site-packages/airflow/example_dags/tutorial.py for tasks to queue
[2025-07-18T09:12:35.738+0700] {logging_mixin.py:188} INFO - [2025-07-18T09:12:35.738+0700] {dagbag.py:545} INFO - Filling up the DagBag from /home/menglim/airflow_venv/lib/python3.12/site-packages/airflow/example_dags/tutorial.py
[2025-07-18T09:12:35.742+0700] {processor.py:840} INFO - DAG(s) 'tutorial' retrieved from /home/menglim/airflow_venv/lib/python3.12/site-packages/airflow/example_dags/tutorial.py
[2025-07-18T09:12:35.750+0700] {logging_mixin.py:188} INFO - [2025-07-18T09:12:35.750+0700] {dag.py:3096} INFO - Sync 1 DAGs
[2025-07-18T09:12:35.760+0700] {logging_mixin.py:188} INFO - [2025-07-18T09:12:35.760+0700] {dag.py:3954} INFO - Setting next_dagrun for tutorial to 2025-07-17 00:00:00+00:00, run_after=2025-07-18 00:00:00+00:00
[2025-07-18T09:12:35.784+0700] {processor.py:183} INFO - Processing /home/menglim/airflow_venv/lib/python3.12/site-packages/airflow/example_dags/tutorial.py took 0.052 seconds
[2025-07-18T09:13:31.446+0700] {processor.py:161} INFO - Started process (PID=5222) to work on /home/menglim/airflow_venv/lib/python3.12/site-packages/airflow/example_dags/tutorial.py
[2025-07-18T09:13:31.447+0700] {processor.py:830} INFO - Processing file /home/menglim/airflow_venv/lib/python3.12/site-packages/airflow/example_dags/tutorial.py for tasks to queue
[2025-07-18T09:13:31.448+0700] {logging_mixin.py:188} INFO - [2025-07-18T09:13:31.448+0700] {dagbag.py:545} INFO - Filling up the DagBag from /home/menglim/airflow_venv/lib/python3.12/site-packages/airflow/example_dags/tutorial.py
[2025-07-18T09:13:31.457+0700] {processor.py:840} INFO - DAG(s) 'tutorial' retrieved from /home/menglim/airflow_venv/lib/python3.12/site-packages/airflow/example_dags/tutorial.py
[2025-07-18T09:13:31.472+0700] {logging_mixin.py:188} INFO - [2025-07-18T09:13:31.472+0700] {dag.py:3096} INFO - Sync 1 DAGs
[2025-07-18T09:13:31.484+0700] {logging_mixin.py:188} INFO - [2025-07-18T09:13:31.484+0700] {dag.py:3954} INFO - Setting next_dagrun for tutorial to 2025-07-17 00:00:00+00:00, run_after=2025-07-18 00:00:00+00:00
[2025-07-18T09:13:31.508+0700] {processor.py:183} INFO - Processing /home/menglim/airflow_venv/lib/python3.12/site-packages/airflow/example_dags/tutorial.py took 0.067 seconds
[2025-07-18T09:14:33.102+0700] {processor.py:161} INFO - Started process (PID=5361) to work on /home/menglim/airflow_venv/lib/python3.12/site-packages/airflow/example_dags/tutorial.py
[2025-07-18T09:14:33.103+0700] {processor.py:830} INFO - Processing file /home/menglim/airflow_venv/lib/python3.12/site-packages/airflow/example_dags/tutorial.py for tasks to queue
[2025-07-18T09:14:33.103+0700] {logging_mixin.py:188} INFO - [2025-07-18T09:14:33.103+0700] {dagbag.py:545} INFO - Filling up the DagBag from /home/menglim/airflow_venv/lib/python3.12/site-packages/airflow/example_dags/tutorial.py
[2025-07-18T09:14:33.107+0700] {processor.py:840} INFO - DAG(s) 'tutorial' retrieved from /home/menglim/airflow_venv/lib/python3.12/site-packages/airflow/example_dags/tutorial.py
[2025-07-18T09:14:33.115+0700] {logging_mixin.py:188} INFO - [2025-07-18T09:14:33.115+0700] {dag.py:3096} INFO - Sync 1 DAGs
[2025-07-18T09:14:33.125+0700] {logging_mixin.py:188} INFO - [2025-07-18T09:14:33.125+0700] {dag.py:3954} INFO - Setting next_dagrun for tutorial to 2025-07-17 00:00:00+00:00, run_after=2025-07-18 00:00:00+00:00
[2025-07-18T09:14:33.145+0700] {processor.py:183} INFO - Processing /home/menglim/airflow_venv/lib/python3.12/site-packages/airflow/example_dags/tutorial.py took 0.047 seconds
[2025-07-18T09:15:34.287+0700] {processor.py:161} INFO - Started process (PID=5477) to work on /home/menglim/airflow_venv/lib/python3.12/site-packages/airflow/example_dags/tutorial.py
[2025-07-18T09:15:34.289+0700] {processor.py:830} INFO - Processing file /home/menglim/airflow_venv/lib/python3.12/site-packages/airflow/example_dags/tutorial.py for tasks to queue
[2025-07-18T09:15:34.289+0700] {logging_mixin.py:188} INFO - [2025-07-18T09:15:34.289+0700] {dagbag.py:545} INFO - Filling up the DagBag from /home/menglim/airflow_venv/lib/python3.12/site-packages/airflow/example_dags/tutorial.py
[2025-07-18T09:15:34.294+0700] {processor.py:840} INFO - DAG(s) 'tutorial' retrieved from /home/menglim/airflow_venv/lib/python3.12/site-packages/airflow/example_dags/tutorial.py
[2025-07-18T09:15:34.305+0700] {logging_mixin.py:188} INFO - [2025-07-18T09:15:34.305+0700] {dag.py:3096} INFO - Sync 1 DAGs
[2025-07-18T09:15:34.319+0700] {logging_mixin.py:188} INFO - [2025-07-18T09:15:34.319+0700] {dag.py:3954} INFO - Setting next_dagrun for tutorial to 2025-07-17 00:00:00+00:00, run_after=2025-07-18 00:00:00+00:00
[2025-07-18T09:15:34.344+0700] {processor.py:183} INFO - Processing /home/menglim/airflow_venv/lib/python3.12/site-packages/airflow/example_dags/tutorial.py took 0.060 seconds
[2025-07-18T09:16:40.929+0700] {processor.py:161} INFO - Started process (PID=5603) to work on /home/menglim/airflow_venv/lib/python3.12/site-packages/airflow/example_dags/tutorial.py
[2025-07-18T09:16:40.930+0700] {processor.py:830} INFO - Processing file /home/menglim/airflow_venv/lib/python3.12/site-packages/airflow/example_dags/tutorial.py for tasks to queue
[2025-07-18T09:16:40.932+0700] {logging_mixin.py:188} INFO - [2025-07-18T09:16:40.931+0700] {dagbag.py:545} INFO - Filling up the DagBag from /home/menglim/airflow_venv/lib/python3.12/site-packages/airflow/example_dags/tutorial.py
[2025-07-18T09:16:40.938+0700] {processor.py:840} INFO - DAG(s) 'tutorial' retrieved from /home/menglim/airflow_venv/lib/python3.12/site-packages/airflow/example_dags/tutorial.py
[2025-07-18T09:16:40.952+0700] {logging_mixin.py:188} INFO - [2025-07-18T09:16:40.952+0700] {dag.py:3096} INFO - Sync 1 DAGs
[2025-07-18T09:16:40.970+0700] {logging_mixin.py:188} INFO - [2025-07-18T09:16:40.970+0700] {dag.py:3954} INFO - Setting next_dagrun for tutorial to 2025-07-17 00:00:00+00:00, run_after=2025-07-18 00:00:00+00:00
[2025-07-18T09:16:41.002+0700] {processor.py:183} INFO - Processing /home/menglim/airflow_venv/lib/python3.12/site-packages/airflow/example_dags/tutorial.py took 0.079 seconds
[2025-07-18T09:18:02.716+0700] {processor.py:161} INFO - Started process (PID=5872) to work on /home/menglim/airflow_venv/lib/python3.12/site-packages/airflow/example_dags/tutorial.py
[2025-07-18T09:18:02.718+0700] {processor.py:830} INFO - Processing file /home/menglim/airflow_venv/lib/python3.12/site-packages/airflow/example_dags/tutorial.py for tasks to queue
[2025-07-18T09:18:02.719+0700] {logging_mixin.py:188} INFO - [2025-07-18T09:18:02.718+0700] {dagbag.py:545} INFO - Filling up the DagBag from /home/menglim/airflow_venv/lib/python3.12/site-packages/airflow/example_dags/tutorial.py
[2025-07-18T09:18:02.723+0700] {processor.py:840} INFO - DAG(s) 'tutorial' retrieved from /home/menglim/airflow_venv/lib/python3.12/site-packages/airflow/example_dags/tutorial.py
[2025-07-18T09:18:02.733+0700] {logging_mixin.py:188} INFO - [2025-07-18T09:18:02.732+0700] {dag.py:3096} INFO - Sync 1 DAGs
[2025-07-18T09:18:02.743+0700] {logging_mixin.py:188} INFO - [2025-07-18T09:18:02.743+0700] {dag.py:3954} INFO - Setting next_dagrun for tutorial to 2025-07-17 00:00:00+00:00, run_after=2025-07-18 00:00:00+00:00
[2025-07-18T09:18:02.763+0700] {processor.py:183} INFO - Processing /home/menglim/airflow_venv/lib/python3.12/site-packages/airflow/example_dags/tutorial.py took 0.051 seconds
[2025-07-18T09:19:13.861+0700] {processor.py:161} INFO - Started process (PID=6032) to work on /home/menglim/airflow_venv/lib/python3.12/site-packages/airflow/example_dags/tutorial.py
[2025-07-18T09:19:13.863+0700] {processor.py:830} INFO - Processing file /home/menglim/airflow_venv/lib/python3.12/site-packages/airflow/example_dags/tutorial.py for tasks to queue
[2025-07-18T09:19:13.864+0700] {logging_mixin.py:188} INFO - [2025-07-18T09:19:13.864+0700] {dagbag.py:545} INFO - Filling up the DagBag from /home/menglim/airflow_venv/lib/python3.12/site-packages/airflow/example_dags/tutorial.py
[2025-07-18T09:19:13.868+0700] {processor.py:840} INFO - DAG(s) 'tutorial' retrieved from /home/menglim/airflow_venv/lib/python3.12/site-packages/airflow/example_dags/tutorial.py
[2025-07-18T09:19:13.877+0700] {logging_mixin.py:188} INFO - [2025-07-18T09:19:13.877+0700] {dag.py:3096} INFO - Sync 1 DAGs
[2025-07-18T09:19:13.944+0700] {logging_mixin.py:188} INFO - [2025-07-18T09:19:13.943+0700] {dag.py:3954} INFO - Setting next_dagrun for tutorial to 2025-07-17 00:00:00+00:00, run_after=2025-07-18 00:00:00+00:00
[2025-07-18T09:19:13.965+0700] {processor.py:183} INFO - Processing /home/menglim/airflow_venv/lib/python3.12/site-packages/airflow/example_dags/tutorial.py took 0.107 seconds
[2025-07-18T09:20:17.236+0700] {processor.py:161} INFO - Started process (PID=6187) to work on /home/menglim/airflow_venv/lib/python3.12/site-packages/airflow/example_dags/tutorial.py
[2025-07-18T09:20:17.238+0700] {processor.py:830} INFO - Processing file /home/menglim/airflow_venv/lib/python3.12/site-packages/airflow/example_dags/tutorial.py for tasks to queue
[2025-07-18T09:20:17.238+0700] {logging_mixin.py:188} INFO - [2025-07-18T09:20:17.238+0700] {dagbag.py:545} INFO - Filling up the DagBag from /home/menglim/airflow_venv/lib/python3.12/site-packages/airflow/example_dags/tutorial.py
[2025-07-18T09:20:17.242+0700] {processor.py:840} INFO - DAG(s) 'tutorial' retrieved from /home/menglim/airflow_venv/lib/python3.12/site-packages/airflow/example_dags/tutorial.py
[2025-07-18T09:20:17.251+0700] {logging_mixin.py:188} INFO - [2025-07-18T09:20:17.251+0700] {dag.py:3096} INFO - Sync 1 DAGs
[2025-07-18T09:20:17.314+0700] {logging_mixin.py:188} INFO - [2025-07-18T09:20:17.314+0700] {dag.py:3954} INFO - Setting next_dagrun for tutorial to 2025-07-17 00:00:00+00:00, run_after=2025-07-18 00:00:00+00:00
[2025-07-18T09:20:17.334+0700] {processor.py:183} INFO - Processing /home/menglim/airflow_venv/lib/python3.12/site-packages/airflow/example_dags/tutorial.py took 0.102 seconds
[2025-07-18T09:21:25.389+0700] {processor.py:161} INFO - Started process (PID=6387) to work on /home/menglim/airflow_venv/lib/python3.12/site-packages/airflow/example_dags/tutorial.py
[2025-07-18T09:21:25.391+0700] {processor.py:830} INFO - Processing file /home/menglim/airflow_venv/lib/python3.12/site-packages/airflow/example_dags/tutorial.py for tasks to queue
[2025-07-18T09:21:25.392+0700] {logging_mixin.py:188} INFO - [2025-07-18T09:21:25.391+0700] {dagbag.py:545} INFO - Filling up the DagBag from /home/menglim/airflow_venv/lib/python3.12/site-packages/airflow/example_dags/tutorial.py
[2025-07-18T09:21:25.396+0700] {processor.py:840} INFO - DAG(s) 'tutorial' retrieved from /home/menglim/airflow_venv/lib/python3.12/site-packages/airflow/example_dags/tutorial.py
[2025-07-18T09:21:25.405+0700] {logging_mixin.py:188} INFO - [2025-07-18T09:21:25.405+0700] {dag.py:3096} INFO - Sync 1 DAGs
[2025-07-18T09:21:25.417+0700] {logging_mixin.py:188} INFO - [2025-07-18T09:21:25.416+0700] {dag.py:3954} INFO - Setting next_dagrun for tutorial to 2025-07-17 00:00:00+00:00, run_after=2025-07-18 00:00:00+00:00
[2025-07-18T09:21:25.438+0700] {processor.py:183} INFO - Processing /home/menglim/airflow_venv/lib/python3.12/site-packages/airflow/example_dags/tutorial.py took 0.052 seconds
[2025-07-18T09:22:48.335+0700] {processor.py:161} INFO - Started process (PID=6614) to work on /home/menglim/airflow_venv/lib/python3.12/site-packages/airflow/example_dags/tutorial.py
[2025-07-18T09:22:48.338+0700] {processor.py:830} INFO - Processing file /home/menglim/airflow_venv/lib/python3.12/site-packages/airflow/example_dags/tutorial.py for tasks to queue
[2025-07-18T09:22:48.338+0700] {logging_mixin.py:188} INFO - [2025-07-18T09:22:48.338+0700] {dagbag.py:545} INFO - Filling up the DagBag from /home/menglim/airflow_venv/lib/python3.12/site-packages/airflow/example_dags/tutorial.py
[2025-07-18T09:22:48.342+0700] {processor.py:840} INFO - DAG(s) 'tutorial' retrieved from /home/menglim/airflow_venv/lib/python3.12/site-packages/airflow/example_dags/tutorial.py
[2025-07-18T09:22:48.351+0700] {logging_mixin.py:188} INFO - [2025-07-18T09:22:48.351+0700] {dag.py:3096} INFO - Sync 1 DAGs
[2025-07-18T09:22:48.362+0700] {logging_mixin.py:188} INFO - [2025-07-18T09:22:48.362+0700] {dag.py:3954} INFO - Setting next_dagrun for tutorial to 2025-07-17 00:00:00+00:00, run_after=2025-07-18 00:00:00+00:00
[2025-07-18T09:22:48.384+0700] {processor.py:183} INFO - Processing /home/menglim/airflow_venv/lib/python3.12/site-packages/airflow/example_dags/tutorial.py took 0.052 seconds
[2025-07-18T09:23:56.121+0700] {processor.py:161} INFO - Started process (PID=6779) to work on /home/menglim/airflow_venv/lib/python3.12/site-packages/airflow/example_dags/tutorial.py
[2025-07-18T09:23:56.123+0700] {processor.py:830} INFO - Processing file /home/menglim/airflow_venv/lib/python3.12/site-packages/airflow/example_dags/tutorial.py for tasks to queue
[2025-07-18T09:23:56.124+0700] {logging_mixin.py:188} INFO - [2025-07-18T09:23:56.123+0700] {dagbag.py:545} INFO - Filling up the DagBag from /home/menglim/airflow_venv/lib/python3.12/site-packages/airflow/example_dags/tutorial.py
[2025-07-18T09:23:56.133+0700] {processor.py:840} INFO - DAG(s) 'tutorial' retrieved from /home/menglim/airflow_venv/lib/python3.12/site-packages/airflow/example_dags/tutorial.py
[2025-07-18T09:23:56.189+0700] {logging_mixin.py:188} INFO - [2025-07-18T09:23:56.189+0700] {dag.py:3096} INFO - Sync 1 DAGs
[2025-07-18T09:23:56.265+0700] {logging_mixin.py:188} INFO - [2025-07-18T09:23:56.264+0700] {dag.py:3954} INFO - Setting next_dagrun for tutorial to 2025-07-17 00:00:00+00:00, run_after=2025-07-18 00:00:00+00:00
[2025-07-18T09:23:56.696+0700] {processor.py:183} INFO - Processing /home/menglim/airflow_venv/lib/python3.12/site-packages/airflow/example_dags/tutorial.py took 0.579 seconds
[2025-07-18T09:25:07.246+0700] {processor.py:161} INFO - Started process (PID=6971) to work on /home/menglim/airflow_venv/lib/python3.12/site-packages/airflow/example_dags/tutorial.py
[2025-07-18T09:25:07.249+0700] {processor.py:830} INFO - Processing file /home/menglim/airflow_venv/lib/python3.12/site-packages/airflow/example_dags/tutorial.py for tasks to queue
[2025-07-18T09:25:07.249+0700] {logging_mixin.py:188} INFO - [2025-07-18T09:25:07.249+0700] {dagbag.py:545} INFO - Filling up the DagBag from /home/menglim/airflow_venv/lib/python3.12/site-packages/airflow/example_dags/tutorial.py
[2025-07-18T09:25:07.254+0700] {processor.py:840} INFO - DAG(s) 'tutorial' retrieved from /home/menglim/airflow_venv/lib/python3.12/site-packages/airflow/example_dags/tutorial.py
[2025-07-18T09:25:07.263+0700] {logging_mixin.py:188} INFO - [2025-07-18T09:25:07.263+0700] {dag.py:3096} INFO - Sync 1 DAGs
[2025-07-18T09:25:07.274+0700] {logging_mixin.py:188} INFO - [2025-07-18T09:25:07.274+0700] {dag.py:3954} INFO - Setting next_dagrun for tutorial to 2025-07-17 00:00:00+00:00, run_after=2025-07-18 00:00:00+00:00
[2025-07-18T09:25:07.294+0700] {processor.py:183} INFO - Processing /home/menglim/airflow_venv/lib/python3.12/site-packages/airflow/example_dags/tutorial.py took 0.051 seconds
[2025-07-18T09:26:11.522+0700] {processor.py:161} INFO - Started process (PID=7145) to work on /home/menglim/airflow_venv/lib/python3.12/site-packages/airflow/example_dags/tutorial.py
[2025-07-18T09:26:11.525+0700] {processor.py:830} INFO - Processing file /home/menglim/airflow_venv/lib/python3.12/site-packages/airflow/example_dags/tutorial.py for tasks to queue
[2025-07-18T09:26:11.525+0700] {logging_mixin.py:188} INFO - [2025-07-18T09:26:11.525+0700] {dagbag.py:545} INFO - Filling up the DagBag from /home/menglim/airflow_venv/lib/python3.12/site-packages/airflow/example_dags/tutorial.py
[2025-07-18T09:26:11.530+0700] {processor.py:840} INFO - DAG(s) 'tutorial' retrieved from /home/menglim/airflow_venv/lib/python3.12/site-packages/airflow/example_dags/tutorial.py
[2025-07-18T09:26:11.539+0700] {logging_mixin.py:188} INFO - [2025-07-18T09:26:11.539+0700] {dag.py:3096} INFO - Sync 1 DAGs
[2025-07-18T09:26:11.550+0700] {logging_mixin.py:188} INFO - [2025-07-18T09:26:11.550+0700] {dag.py:3954} INFO - Setting next_dagrun for tutorial to 2025-07-17 00:00:00+00:00, run_after=2025-07-18 00:00:00+00:00
[2025-07-18T09:26:11.571+0700] {processor.py:183} INFO - Processing /home/menglim/airflow_venv/lib/python3.12/site-packages/airflow/example_dags/tutorial.py took 0.053 seconds
[2025-07-18T09:27:13.426+0700] {processor.py:161} INFO - Started process (PID=7281) to work on /home/menglim/airflow_venv/lib/python3.12/site-packages/airflow/example_dags/tutorial.py
[2025-07-18T09:27:13.428+0700] {processor.py:830} INFO - Processing file /home/menglim/airflow_venv/lib/python3.12/site-packages/airflow/example_dags/tutorial.py for tasks to queue
[2025-07-18T09:27:13.428+0700] {logging_mixin.py:188} INFO - [2025-07-18T09:27:13.428+0700] {dagbag.py:545} INFO - Filling up the DagBag from /home/menglim/airflow_venv/lib/python3.12/site-packages/airflow/example_dags/tutorial.py
[2025-07-18T09:27:13.433+0700] {processor.py:840} INFO - DAG(s) 'tutorial' retrieved from /home/menglim/airflow_venv/lib/python3.12/site-packages/airflow/example_dags/tutorial.py
[2025-07-18T09:27:13.442+0700] {logging_mixin.py:188} INFO - [2025-07-18T09:27:13.442+0700] {dag.py:3096} INFO - Sync 1 DAGs
[2025-07-18T09:27:13.453+0700] {logging_mixin.py:188} INFO - [2025-07-18T09:27:13.453+0700] {dag.py:3954} INFO - Setting next_dagrun for tutorial to 2025-07-17 00:00:00+00:00, run_after=2025-07-18 00:00:00+00:00
[2025-07-18T09:27:13.472+0700] {processor.py:183} INFO - Processing /home/menglim/airflow_venv/lib/python3.12/site-packages/airflow/example_dags/tutorial.py took 0.050 seconds
[2025-07-18T09:28:28.545+0700] {processor.py:161} INFO - Started process (PID=7389) to work on /home/menglim/airflow_venv/lib/python3.12/site-packages/airflow/example_dags/tutorial.py
[2025-07-18T09:28:28.547+0700] {processor.py:830} INFO - Processing file /home/menglim/airflow_venv/lib/python3.12/site-packages/airflow/example_dags/tutorial.py for tasks to queue
[2025-07-18T09:28:28.547+0700] {logging_mixin.py:188} INFO - [2025-07-18T09:28:28.547+0700] {dagbag.py:545} INFO - Filling up the DagBag from /home/menglim/airflow_venv/lib/python3.12/site-packages/airflow/example_dags/tutorial.py
[2025-07-18T09:28:28.552+0700] {processor.py:840} INFO - DAG(s) 'tutorial' retrieved from /home/menglim/airflow_venv/lib/python3.12/site-packages/airflow/example_dags/tutorial.py
[2025-07-18T09:28:28.560+0700] {logging_mixin.py:188} INFO - [2025-07-18T09:28:28.560+0700] {dag.py:3096} INFO - Sync 1 DAGs
[2025-07-18T09:28:28.572+0700] {logging_mixin.py:188} INFO - [2025-07-18T09:28:28.572+0700] {dag.py:3954} INFO - Setting next_dagrun for tutorial to 2025-07-17 00:00:00+00:00, run_after=2025-07-18 00:00:00+00:00
[2025-07-18T09:28:28.592+0700] {processor.py:183} INFO - Processing /home/menglim/airflow_venv/lib/python3.12/site-packages/airflow/example_dags/tutorial.py took 0.050 seconds
[2025-07-18T09:29:20.527+0700] {processor.py:161} INFO - Started process (PID=7476) to work on /home/menglim/airflow_venv/lib/python3.12/site-packages/airflow/example_dags/tutorial.py
[2025-07-18T09:29:20.529+0700] {processor.py:830} INFO - Processing file /home/menglim/airflow_venv/lib/python3.12/site-packages/airflow/example_dags/tutorial.py for tasks to queue
[2025-07-18T09:29:20.529+0700] {logging_mixin.py:188} INFO - [2025-07-18T09:29:20.529+0700] {dagbag.py:545} INFO - Filling up the DagBag from /home/menglim/airflow_venv/lib/python3.12/site-packages/airflow/example_dags/tutorial.py
[2025-07-18T09:29:20.533+0700] {processor.py:840} INFO - DAG(s) 'tutorial' retrieved from /home/menglim/airflow_venv/lib/python3.12/site-packages/airflow/example_dags/tutorial.py
[2025-07-18T09:29:20.542+0700] {logging_mixin.py:188} INFO - [2025-07-18T09:29:20.542+0700] {dag.py:3096} INFO - Sync 1 DAGs
[2025-07-18T09:29:20.553+0700] {logging_mixin.py:188} INFO - [2025-07-18T09:29:20.553+0700] {dag.py:3954} INFO - Setting next_dagrun for tutorial to 2025-07-17 00:00:00+00:00, run_after=2025-07-18 00:00:00+00:00
[2025-07-18T09:29:20.574+0700] {processor.py:183} INFO - Processing /home/menglim/airflow_venv/lib/python3.12/site-packages/airflow/example_dags/tutorial.py took 0.051 seconds
[2025-07-18T09:30:12.597+0700] {processor.py:161} INFO - Started process (PID=7573) to work on /home/menglim/airflow_venv/lib/python3.12/site-packages/airflow/example_dags/tutorial.py
[2025-07-18T09:30:12.599+0700] {processor.py:830} INFO - Processing file /home/menglim/airflow_venv/lib/python3.12/site-packages/airflow/example_dags/tutorial.py for tasks to queue
[2025-07-18T09:30:12.599+0700] {logging_mixin.py:188} INFO - [2025-07-18T09:30:12.599+0700] {dagbag.py:545} INFO - Filling up the DagBag from /home/menglim/airflow_venv/lib/python3.12/site-packages/airflow/example_dags/tutorial.py
[2025-07-18T09:30:12.603+0700] {processor.py:840} INFO - DAG(s) 'tutorial' retrieved from /home/menglim/airflow_venv/lib/python3.12/site-packages/airflow/example_dags/tutorial.py
[2025-07-18T09:30:12.613+0700] {logging_mixin.py:188} INFO - [2025-07-18T09:30:12.612+0700] {dag.py:3096} INFO - Sync 1 DAGs
[2025-07-18T09:30:12.623+0700] {logging_mixin.py:188} INFO - [2025-07-18T09:30:12.623+0700] {dag.py:3954} INFO - Setting next_dagrun for tutorial to 2025-07-17 00:00:00+00:00, run_after=2025-07-18 00:00:00+00:00
[2025-07-18T09:30:12.643+0700] {processor.py:183} INFO - Processing /home/menglim/airflow_venv/lib/python3.12/site-packages/airflow/example_dags/tutorial.py took 0.050 seconds
[2025-07-18T09:31:00.614+0700] {processor.py:161} INFO - Started process (PID=7650) to work on /home/menglim/airflow_venv/lib/python3.12/site-packages/airflow/example_dags/tutorial.py
[2025-07-18T09:31:00.615+0700] {processor.py:830} INFO - Processing file /home/menglim/airflow_venv/lib/python3.12/site-packages/airflow/example_dags/tutorial.py for tasks to queue
[2025-07-18T09:31:00.616+0700] {logging_mixin.py:188} INFO - [2025-07-18T09:31:00.615+0700] {dagbag.py:545} INFO - Filling up the DagBag from /home/menglim/airflow_venv/lib/python3.12/site-packages/airflow/example_dags/tutorial.py
[2025-07-18T09:31:00.619+0700] {processor.py:840} INFO - DAG(s) 'tutorial' retrieved from /home/menglim/airflow_venv/lib/python3.12/site-packages/airflow/example_dags/tutorial.py
[2025-07-18T09:31:00.628+0700] {logging_mixin.py:188} INFO - [2025-07-18T09:31:00.628+0700] {dag.py:3096} INFO - Sync 1 DAGs
[2025-07-18T09:31:00.637+0700] {logging_mixin.py:188} INFO - [2025-07-18T09:31:00.637+0700] {dag.py:3954} INFO - Setting next_dagrun for tutorial to 2025-07-17 00:00:00+00:00, run_after=2025-07-18 00:00:00+00:00
[2025-07-18T09:31:00.660+0700] {processor.py:183} INFO - Processing /home/menglim/airflow_venv/lib/python3.12/site-packages/airflow/example_dags/tutorial.py took 0.049 seconds
[2025-07-18T09:31:51.004+0700] {processor.py:161} INFO - Started process (PID=7728) to work on /home/menglim/airflow_venv/lib/python3.12/site-packages/airflow/example_dags/tutorial.py
[2025-07-18T09:31:51.006+0700] {processor.py:830} INFO - Processing file /home/menglim/airflow_venv/lib/python3.12/site-packages/airflow/example_dags/tutorial.py for tasks to queue
[2025-07-18T09:31:51.007+0700] {logging_mixin.py:188} INFO - [2025-07-18T09:31:51.007+0700] {dagbag.py:545} INFO - Filling up the DagBag from /home/menglim/airflow_venv/lib/python3.12/site-packages/airflow/example_dags/tutorial.py
[2025-07-18T09:31:51.011+0700] {processor.py:840} INFO - DAG(s) 'tutorial' retrieved from /home/menglim/airflow_venv/lib/python3.12/site-packages/airflow/example_dags/tutorial.py
[2025-07-18T09:31:51.020+0700] {logging_mixin.py:188} INFO - [2025-07-18T09:31:51.019+0700] {dag.py:3096} INFO - Sync 1 DAGs
[2025-07-18T09:31:51.029+0700] {logging_mixin.py:188} INFO - [2025-07-18T09:31:51.029+0700] {dag.py:3954} INFO - Setting next_dagrun for tutorial to 2025-07-17 00:00:00+00:00, run_after=2025-07-18 00:00:00+00:00
[2025-07-18T09:31:51.049+0700] {processor.py:183} INFO - Processing /home/menglim/airflow_venv/lib/python3.12/site-packages/airflow/example_dags/tutorial.py took 0.049 seconds
[2025-07-18T09:32:42.349+0700] {processor.py:161} INFO - Started process (PID=7809) to work on /home/menglim/airflow_venv/lib/python3.12/site-packages/airflow/example_dags/tutorial.py
[2025-07-18T09:32:42.350+0700] {processor.py:830} INFO - Processing file /home/menglim/airflow_venv/lib/python3.12/site-packages/airflow/example_dags/tutorial.py for tasks to queue
[2025-07-18T09:32:42.350+0700] {logging_mixin.py:188} INFO - [2025-07-18T09:32:42.350+0700] {dagbag.py:545} INFO - Filling up the DagBag from /home/menglim/airflow_venv/lib/python3.12/site-packages/airflow/example_dags/tutorial.py
[2025-07-18T09:32:42.355+0700] {processor.py:840} INFO - DAG(s) 'tutorial' retrieved from /home/menglim/airflow_venv/lib/python3.12/site-packages/airflow/example_dags/tutorial.py
[2025-07-18T09:32:42.364+0700] {logging_mixin.py:188} INFO - [2025-07-18T09:32:42.363+0700] {dag.py:3096} INFO - Sync 1 DAGs
[2025-07-18T09:32:42.374+0700] {logging_mixin.py:188} INFO - [2025-07-18T09:32:42.374+0700] {dag.py:3954} INFO - Setting next_dagrun for tutorial to 2025-07-17 00:00:00+00:00, run_after=2025-07-18 00:00:00+00:00
[2025-07-18T09:32:42.394+0700] {processor.py:183} INFO - Processing /home/menglim/airflow_venv/lib/python3.12/site-packages/airflow/example_dags/tutorial.py took 0.049 seconds
[2025-07-18T09:33:34.095+0700] {processor.py:161} INFO - Started process (PID=7888) to work on /home/menglim/airflow_venv/lib/python3.12/site-packages/airflow/example_dags/tutorial.py
[2025-07-18T09:33:34.096+0700] {processor.py:830} INFO - Processing file /home/menglim/airflow_venv/lib/python3.12/site-packages/airflow/example_dags/tutorial.py for tasks to queue
[2025-07-18T09:33:34.096+0700] {logging_mixin.py:188} INFO - [2025-07-18T09:33:34.096+0700] {dagbag.py:545} INFO - Filling up the DagBag from /home/menglim/airflow_venv/lib/python3.12/site-packages/airflow/example_dags/tutorial.py
[2025-07-18T09:33:34.101+0700] {processor.py:840} INFO - DAG(s) 'tutorial' retrieved from /home/menglim/airflow_venv/lib/python3.12/site-packages/airflow/example_dags/tutorial.py
[2025-07-18T09:33:34.110+0700] {logging_mixin.py:188} INFO - [2025-07-18T09:33:34.110+0700] {dag.py:3096} INFO - Sync 1 DAGs
[2025-07-18T09:33:34.121+0700] {logging_mixin.py:188} INFO - [2025-07-18T09:33:34.121+0700] {dag.py:3954} INFO - Setting next_dagrun for tutorial to 2025-07-17 00:00:00+00:00, run_after=2025-07-18 00:00:00+00:00
[2025-07-18T09:33:34.141+0700] {processor.py:183} INFO - Processing /home/menglim/airflow_venv/lib/python3.12/site-packages/airflow/example_dags/tutorial.py took 0.050 seconds
[2025-07-18T09:34:24.612+0700] {processor.py:161} INFO - Started process (PID=8041) to work on /home/menglim/airflow_venv/lib/python3.12/site-packages/airflow/example_dags/tutorial.py
[2025-07-18T09:34:24.615+0700] {processor.py:830} INFO - Processing file /home/menglim/airflow_venv/lib/python3.12/site-packages/airflow/example_dags/tutorial.py for tasks to queue
[2025-07-18T09:34:24.616+0700] {logging_mixin.py:188} INFO - [2025-07-18T09:34:24.615+0700] {dagbag.py:545} INFO - Filling up the DagBag from /home/menglim/airflow_venv/lib/python3.12/site-packages/airflow/example_dags/tutorial.py
[2025-07-18T09:34:24.620+0700] {processor.py:840} INFO - DAG(s) 'tutorial' retrieved from /home/menglim/airflow_venv/lib/python3.12/site-packages/airflow/example_dags/tutorial.py
[2025-07-18T09:34:24.628+0700] {logging_mixin.py:188} INFO - [2025-07-18T09:34:24.628+0700] {dag.py:3096} INFO - Sync 1 DAGs
[2025-07-18T09:34:24.638+0700] {logging_mixin.py:188} INFO - [2025-07-18T09:34:24.638+0700] {dag.py:3954} INFO - Setting next_dagrun for tutorial to 2025-07-17 00:00:00+00:00, run_after=2025-07-18 00:00:00+00:00
[2025-07-18T09:34:24.659+0700] {processor.py:183} INFO - Processing /home/menglim/airflow_venv/lib/python3.12/site-packages/airflow/example_dags/tutorial.py took 0.050 seconds
[2025-07-18T09:35:14.005+0700] {processor.py:161} INFO - Started process (PID=8123) to work on /home/menglim/airflow_venv/lib/python3.12/site-packages/airflow/example_dags/tutorial.py
[2025-07-18T09:35:14.006+0700] {processor.py:830} INFO - Processing file /home/menglim/airflow_venv/lib/python3.12/site-packages/airflow/example_dags/tutorial.py for tasks to queue
[2025-07-18T09:35:14.007+0700] {logging_mixin.py:188} INFO - [2025-07-18T09:35:14.006+0700] {dagbag.py:545} INFO - Filling up the DagBag from /home/menglim/airflow_venv/lib/python3.12/site-packages/airflow/example_dags/tutorial.py
[2025-07-18T09:35:14.011+0700] {processor.py:840} INFO - DAG(s) 'tutorial' retrieved from /home/menglim/airflow_venv/lib/python3.12/site-packages/airflow/example_dags/tutorial.py
[2025-07-18T09:35:14.021+0700] {logging_mixin.py:188} INFO - [2025-07-18T09:35:14.020+0700] {dag.py:3096} INFO - Sync 1 DAGs
[2025-07-18T09:35:14.031+0700] {logging_mixin.py:188} INFO - [2025-07-18T09:35:14.031+0700] {dag.py:3954} INFO - Setting next_dagrun for tutorial to 2025-07-17 00:00:00+00:00, run_after=2025-07-18 00:00:00+00:00
[2025-07-18T09:35:14.053+0700] {processor.py:183} INFO - Processing /home/menglim/airflow_venv/lib/python3.12/site-packages/airflow/example_dags/tutorial.py took 0.051 seconds
[2025-07-18T09:36:08.508+0700] {processor.py:161} INFO - Started process (PID=8214) to work on /home/menglim/airflow_venv/lib/python3.12/site-packages/airflow/example_dags/tutorial.py
[2025-07-18T09:36:08.511+0700] {processor.py:830} INFO - Processing file /home/menglim/airflow_venv/lib/python3.12/site-packages/airflow/example_dags/tutorial.py for tasks to queue
[2025-07-18T09:36:08.511+0700] {logging_mixin.py:188} INFO - [2025-07-18T09:36:08.511+0700] {dagbag.py:545} INFO - Filling up the DagBag from /home/menglim/airflow_venv/lib/python3.12/site-packages/airflow/example_dags/tutorial.py
[2025-07-18T09:36:08.519+0700] {processor.py:840} INFO - DAG(s) 'tutorial' retrieved from /home/menglim/airflow_venv/lib/python3.12/site-packages/airflow/example_dags/tutorial.py
[2025-07-18T09:36:08.530+0700] {logging_mixin.py:188} INFO - [2025-07-18T09:36:08.530+0700] {dag.py:3096} INFO - Sync 1 DAGs
[2025-07-18T09:36:08.541+0700] {logging_mixin.py:188} INFO - [2025-07-18T09:36:08.541+0700] {dag.py:3954} INFO - Setting next_dagrun for tutorial to 2025-07-17 00:00:00+00:00, run_after=2025-07-18 00:00:00+00:00
[2025-07-18T09:36:08.562+0700] {processor.py:183} INFO - Processing /home/menglim/airflow_venv/lib/python3.12/site-packages/airflow/example_dags/tutorial.py took 0.057 seconds
[2025-07-18T09:37:05.150+0700] {processor.py:161} INFO - Started process (PID=8307) to work on /home/menglim/airflow_venv/lib/python3.12/site-packages/airflow/example_dags/tutorial.py
[2025-07-18T09:37:05.155+0700] {processor.py:830} INFO - Processing file /home/menglim/airflow_venv/lib/python3.12/site-packages/airflow/example_dags/tutorial.py for tasks to queue
[2025-07-18T09:37:05.156+0700] {logging_mixin.py:188} INFO - [2025-07-18T09:37:05.156+0700] {dagbag.py:545} INFO - Filling up the DagBag from /home/menglim/airflow_venv/lib/python3.12/site-packages/airflow/example_dags/tutorial.py
[2025-07-18T09:37:05.173+0700] {processor.py:840} INFO - DAG(s) 'tutorial' retrieved from /home/menglim/airflow_venv/lib/python3.12/site-packages/airflow/example_dags/tutorial.py
[2025-07-18T09:37:05.204+0700] {logging_mixin.py:188} INFO - [2025-07-18T09:37:05.204+0700] {dag.py:3096} INFO - Sync 1 DAGs
[2025-07-18T09:37:05.234+0700] {logging_mixin.py:188} INFO - [2025-07-18T09:37:05.234+0700] {dag.py:3954} INFO - Setting next_dagrun for tutorial to 2025-07-17 00:00:00+00:00, run_after=2025-07-18 00:00:00+00:00
[2025-07-18T09:37:05.280+0700] {processor.py:183} INFO - Processing /home/menglim/airflow_venv/lib/python3.12/site-packages/airflow/example_dags/tutorial.py took 0.142 seconds
