[2025-07-18T08:59:58.767+0700] {processor.py:161} INFO - Started process (PID=2971) to work on /home/menglim/airflow_venv/lib/python3.12/site-packages/airflow/example_dags/tutorial_dag.py
[2025-07-18T08:59:58.767+0700] {processor.py:830} INFO - Processing file /home/menglim/airflow_venv/lib/python3.12/site-packages/airflow/example_dags/tutorial_dag.py for tasks to queue
[2025-07-18T08:59:58.768+0700] {logging_mixin.py:188} INFO - [2025-07-18T08:59:58.768+0700] {dagbag.py:545} INFO - Filling up the DagBag from /home/menglim/airflow_venv/lib/python3.12/site-packages/airflow/example_dags/tutorial_dag.py
[2025-07-18T08:59:58.774+0700] {processor.py:840} INFO - DAG(s) 'tutorial_dag' retrieved from /home/menglim/airflow_venv/lib/python3.12/site-packages/airflow/example_dags/tutorial_dag.py
[2025-07-18T08:59:58.779+0700] {logging_mixin.py:188} INFO - [2025-07-18T08:59:58.779+0700] {dag.py:3096} INFO - Sync 1 DAGs
[2025-07-18T08:59:58.787+0700] {logging_mixin.py:188} INFO - [2025-07-18T08:59:58.787+0700] {dag.py:3954} INFO - Setting next_dagrun for tutorial_dag to None, run_after=None
[2025-07-18T08:59:58.810+0700] {processor.py:183} INFO - Processing /home/menglim/airflow_venv/lib/python3.12/site-packages/airflow/example_dags/tutorial_dag.py took 0.048 seconds
[2025-07-18T09:00:55.521+0700] {processor.py:161} INFO - Started process (PID=3307) to work on /home/menglim/airflow_venv/lib/python3.12/site-packages/airflow/example_dags/tutorial_dag.py
[2025-07-18T09:00:55.524+0700] {processor.py:830} INFO - Processing file /home/menglim/airflow_venv/lib/python3.12/site-packages/airflow/example_dags/tutorial_dag.py for tasks to queue
[2025-07-18T09:00:55.526+0700] {logging_mixin.py:188} INFO - [2025-07-18T09:00:55.526+0700] {dagbag.py:545} INFO - Filling up the DagBag from /home/menglim/airflow_venv/lib/python3.12/site-packages/airflow/example_dags/tutorial_dag.py
[2025-07-18T09:00:55.532+0700] {processor.py:840} INFO - DAG(s) 'tutorial_dag' retrieved from /home/menglim/airflow_venv/lib/python3.12/site-packages/airflow/example_dags/tutorial_dag.py
[2025-07-18T09:00:55.591+0700] {logging_mixin.py:188} INFO - [2025-07-18T09:00:55.590+0700] {dag.py:3096} INFO - Sync 1 DAGs
[2025-07-18T09:00:55.596+0700] {logging_mixin.py:188} INFO - [2025-07-18T09:00:55.596+0700] {dag.py:3954} INFO - Setting next_dagrun for tutorial_dag to None, run_after=None
[2025-07-18T09:00:55.617+0700] {processor.py:183} INFO - Processing /home/menglim/airflow_venv/lib/python3.12/site-packages/airflow/example_dags/tutorial_dag.py took 0.100 seconds
[2025-07-18T09:01:43.631+0700] {processor.py:161} INFO - Started process (PID=3387) to work on /home/menglim/airflow_venv/lib/python3.12/site-packages/airflow/example_dags/tutorial_dag.py
[2025-07-18T09:01:43.635+0700] {processor.py:830} INFO - Processing file /home/menglim/airflow_venv/lib/python3.12/site-packages/airflow/example_dags/tutorial_dag.py for tasks to queue
[2025-07-18T09:01:43.636+0700] {logging_mixin.py:188} INFO - [2025-07-18T09:01:43.635+0700] {dagbag.py:545} INFO - Filling up the DagBag from /home/menglim/airflow_venv/lib/python3.12/site-packages/airflow/example_dags/tutorial_dag.py
[2025-07-18T09:01:43.639+0700] {processor.py:840} INFO - DAG(s) 'tutorial_dag' retrieved from /home/menglim/airflow_venv/lib/python3.12/site-packages/airflow/example_dags/tutorial_dag.py
[2025-07-18T09:01:43.650+0700] {logging_mixin.py:188} INFO - [2025-07-18T09:01:43.650+0700] {dag.py:3096} INFO - Sync 1 DAGs
[2025-07-18T09:01:43.656+0700] {logging_mixin.py:188} INFO - [2025-07-18T09:01:43.656+0700] {dag.py:3954} INFO - Setting next_dagrun for tutorial_dag to None, run_after=None
[2025-07-18T09:01:43.678+0700] {processor.py:183} INFO - Processing /home/menglim/airflow_venv/lib/python3.12/site-packages/airflow/example_dags/tutorial_dag.py took 0.050 seconds
[2025-07-18T09:02:48.434+0700] {processor.py:161} INFO - Started process (PID=3581) to work on /home/menglim/airflow_venv/lib/python3.12/site-packages/airflow/example_dags/tutorial_dag.py
[2025-07-18T09:02:48.437+0700] {processor.py:830} INFO - Processing file /home/menglim/airflow_venv/lib/python3.12/site-packages/airflow/example_dags/tutorial_dag.py for tasks to queue
[2025-07-18T09:02:48.438+0700] {logging_mixin.py:188} INFO - [2025-07-18T09:02:48.438+0700] {dagbag.py:545} INFO - Filling up the DagBag from /home/menglim/airflow_venv/lib/python3.12/site-packages/airflow/example_dags/tutorial_dag.py
[2025-07-18T09:02:48.441+0700] {processor.py:840} INFO - DAG(s) 'tutorial_dag' retrieved from /home/menglim/airflow_venv/lib/python3.12/site-packages/airflow/example_dags/tutorial_dag.py
[2025-07-18T09:02:48.450+0700] {logging_mixin.py:188} INFO - [2025-07-18T09:02:48.450+0700] {dag.py:3096} INFO - Sync 1 DAGs
[2025-07-18T09:02:48.456+0700] {logging_mixin.py:188} INFO - [2025-07-18T09:02:48.456+0700] {dag.py:3954} INFO - Setting next_dagrun for tutorial_dag to None, run_after=None
[2025-07-18T09:02:48.476+0700] {processor.py:183} INFO - Processing /home/menglim/airflow_venv/lib/python3.12/site-packages/airflow/example_dags/tutorial_dag.py took 0.045 seconds
[2025-07-18T09:03:43.494+0700] {processor.py:161} INFO - Started process (PID=3666) to work on /home/menglim/airflow_venv/lib/python3.12/site-packages/airflow/example_dags/tutorial_dag.py
[2025-07-18T09:03:43.495+0700] {processor.py:830} INFO - Processing file /home/menglim/airflow_venv/lib/python3.12/site-packages/airflow/example_dags/tutorial_dag.py for tasks to queue
[2025-07-18T09:03:43.496+0700] {logging_mixin.py:188} INFO - [2025-07-18T09:03:43.496+0700] {dagbag.py:545} INFO - Filling up the DagBag from /home/menglim/airflow_venv/lib/python3.12/site-packages/airflow/example_dags/tutorial_dag.py
[2025-07-18T09:03:43.500+0700] {processor.py:840} INFO - DAG(s) 'tutorial_dag' retrieved from /home/menglim/airflow_venv/lib/python3.12/site-packages/airflow/example_dags/tutorial_dag.py
[2025-07-18T09:03:43.509+0700] {logging_mixin.py:188} INFO - [2025-07-18T09:03:43.508+0700] {dag.py:3096} INFO - Sync 1 DAGs
[2025-07-18T09:03:43.515+0700] {logging_mixin.py:188} INFO - [2025-07-18T09:03:43.515+0700] {dag.py:3954} INFO - Setting next_dagrun for tutorial_dag to None, run_after=None
[2025-07-18T09:03:43.539+0700] {processor.py:183} INFO - Processing /home/menglim/airflow_venv/lib/python3.12/site-packages/airflow/example_dags/tutorial_dag.py took 0.048 seconds
[2025-07-18T09:04:36.475+0700] {processor.py:161} INFO - Started process (PID=3768) to work on /home/menglim/airflow_venv/lib/python3.12/site-packages/airflow/example_dags/tutorial_dag.py
[2025-07-18T09:04:36.476+0700] {processor.py:830} INFO - Processing file /home/menglim/airflow_venv/lib/python3.12/site-packages/airflow/example_dags/tutorial_dag.py for tasks to queue
[2025-07-18T09:04:36.478+0700] {logging_mixin.py:188} INFO - [2025-07-18T09:04:36.477+0700] {dagbag.py:545} INFO - Filling up the DagBag from /home/menglim/airflow_venv/lib/python3.12/site-packages/airflow/example_dags/tutorial_dag.py
[2025-07-18T09:04:36.481+0700] {processor.py:840} INFO - DAG(s) 'tutorial_dag' retrieved from /home/menglim/airflow_venv/lib/python3.12/site-packages/airflow/example_dags/tutorial_dag.py
[2025-07-18T09:04:36.489+0700] {logging_mixin.py:188} INFO - [2025-07-18T09:04:36.489+0700] {dag.py:3096} INFO - Sync 1 DAGs
[2025-07-18T09:04:36.495+0700] {logging_mixin.py:188} INFO - [2025-07-18T09:04:36.495+0700] {dag.py:3954} INFO - Setting next_dagrun for tutorial_dag to None, run_after=None
[2025-07-18T09:04:36.516+0700] {processor.py:183} INFO - Processing /home/menglim/airflow_venv/lib/python3.12/site-packages/airflow/example_dags/tutorial_dag.py took 0.045 seconds
[2025-07-18T09:05:37.258+0700] {processor.py:161} INFO - Started process (PID=3880) to work on /home/menglim/airflow_venv/lib/python3.12/site-packages/airflow/example_dags/tutorial_dag.py
[2025-07-18T09:05:37.262+0700] {processor.py:830} INFO - Processing file /home/menglim/airflow_venv/lib/python3.12/site-packages/airflow/example_dags/tutorial_dag.py for tasks to queue
[2025-07-18T09:05:37.264+0700] {logging_mixin.py:188} INFO - [2025-07-18T09:05:37.263+0700] {dagbag.py:545} INFO - Filling up the DagBag from /home/menglim/airflow_venv/lib/python3.12/site-packages/airflow/example_dags/tutorial_dag.py
[2025-07-18T09:05:37.270+0700] {processor.py:840} INFO - DAG(s) 'tutorial_dag' retrieved from /home/menglim/airflow_venv/lib/python3.12/site-packages/airflow/example_dags/tutorial_dag.py
[2025-07-18T09:05:37.294+0700] {logging_mixin.py:188} INFO - [2025-07-18T09:05:37.294+0700] {dag.py:3096} INFO - Sync 1 DAGs
[2025-07-18T09:05:37.305+0700] {logging_mixin.py:188} INFO - [2025-07-18T09:05:37.304+0700] {dag.py:3954} INFO - Setting next_dagrun for tutorial_dag to None, run_after=None
[2025-07-18T09:05:37.340+0700] {processor.py:183} INFO - Processing /home/menglim/airflow_venv/lib/python3.12/site-packages/airflow/example_dags/tutorial_dag.py took 0.089 seconds
[2025-07-18T09:06:28.348+0700] {processor.py:161} INFO - Started process (PID=3953) to work on /home/menglim/airflow_venv/lib/python3.12/site-packages/airflow/example_dags/tutorial_dag.py
[2025-07-18T09:06:28.351+0700] {processor.py:830} INFO - Processing file /home/menglim/airflow_venv/lib/python3.12/site-packages/airflow/example_dags/tutorial_dag.py for tasks to queue
[2025-07-18T09:06:28.352+0700] {logging_mixin.py:188} INFO - [2025-07-18T09:06:28.352+0700] {dagbag.py:545} INFO - Filling up the DagBag from /home/menglim/airflow_venv/lib/python3.12/site-packages/airflow/example_dags/tutorial_dag.py
[2025-07-18T09:06:28.355+0700] {processor.py:840} INFO - DAG(s) 'tutorial_dag' retrieved from /home/menglim/airflow_venv/lib/python3.12/site-packages/airflow/example_dags/tutorial_dag.py
[2025-07-18T09:06:28.375+0700] {logging_mixin.py:188} INFO - [2025-07-18T09:06:28.375+0700] {dag.py:3096} INFO - Sync 1 DAGs
[2025-07-18T09:06:28.383+0700] {logging_mixin.py:188} INFO - [2025-07-18T09:06:28.383+0700] {dag.py:3954} INFO - Setting next_dagrun for tutorial_dag to None, run_after=None
[2025-07-18T09:06:28.419+0700] {processor.py:183} INFO - Processing /home/menglim/airflow_venv/lib/python3.12/site-packages/airflow/example_dags/tutorial_dag.py took 0.074 seconds
[2025-07-18T09:07:28.242+0700] {processor.py:161} INFO - Started process (PID=4081) to work on /home/menglim/airflow_venv/lib/python3.12/site-packages/airflow/example_dags/tutorial_dag.py
[2025-07-18T09:07:28.247+0700] {processor.py:830} INFO - Processing file /home/menglim/airflow_venv/lib/python3.12/site-packages/airflow/example_dags/tutorial_dag.py for tasks to queue
[2025-07-18T09:07:28.247+0700] {logging_mixin.py:188} INFO - [2025-07-18T09:07:28.247+0700] {dagbag.py:545} INFO - Filling up the DagBag from /home/menglim/airflow_venv/lib/python3.12/site-packages/airflow/example_dags/tutorial_dag.py
[2025-07-18T09:07:28.254+0700] {processor.py:840} INFO - DAG(s) 'tutorial_dag' retrieved from /home/menglim/airflow_venv/lib/python3.12/site-packages/airflow/example_dags/tutorial_dag.py
[2025-07-18T09:07:28.274+0700] {logging_mixin.py:188} INFO - [2025-07-18T09:07:28.273+0700] {dag.py:3096} INFO - Sync 1 DAGs
[2025-07-18T09:07:28.289+0700] {logging_mixin.py:188} INFO - [2025-07-18T09:07:28.288+0700] {dag.py:3954} INFO - Setting next_dagrun for tutorial_dag to None, run_after=None
[2025-07-18T09:07:28.328+0700] {processor.py:183} INFO - Processing /home/menglim/airflow_venv/lib/python3.12/site-packages/airflow/example_dags/tutorial_dag.py took 0.093 seconds
[2025-07-18T09:08:27.219+0700] {processor.py:161} INFO - Started process (PID=4178) to work on /home/menglim/airflow_venv/lib/python3.12/site-packages/airflow/example_dags/tutorial_dag.py
[2025-07-18T09:08:27.222+0700] {processor.py:830} INFO - Processing file /home/menglim/airflow_venv/lib/python3.12/site-packages/airflow/example_dags/tutorial_dag.py for tasks to queue
[2025-07-18T09:08:27.222+0700] {logging_mixin.py:188} INFO - [2025-07-18T09:08:27.222+0700] {dagbag.py:545} INFO - Filling up the DagBag from /home/menglim/airflow_venv/lib/python3.12/site-packages/airflow/example_dags/tutorial_dag.py
[2025-07-18T09:08:27.225+0700] {processor.py:840} INFO - DAG(s) 'tutorial_dag' retrieved from /home/menglim/airflow_venv/lib/python3.12/site-packages/airflow/example_dags/tutorial_dag.py
[2025-07-18T09:08:27.234+0700] {logging_mixin.py:188} INFO - [2025-07-18T09:08:27.234+0700] {dag.py:3096} INFO - Sync 1 DAGs
[2025-07-18T09:08:27.240+0700] {logging_mixin.py:188} INFO - [2025-07-18T09:08:27.240+0700] {dag.py:3954} INFO - Setting next_dagrun for tutorial_dag to None, run_after=None
[2025-07-18T09:08:27.261+0700] {processor.py:183} INFO - Processing /home/menglim/airflow_venv/lib/python3.12/site-packages/airflow/example_dags/tutorial_dag.py took 0.045 seconds
[2025-07-18T09:09:17.722+0700] {processor.py:161} INFO - Started process (PID=4288) to work on /home/menglim/airflow_venv/lib/python3.12/site-packages/airflow/example_dags/tutorial_dag.py
[2025-07-18T09:09:17.723+0700] {processor.py:830} INFO - Processing file /home/menglim/airflow_venv/lib/python3.12/site-packages/airflow/example_dags/tutorial_dag.py for tasks to queue
[2025-07-18T09:09:17.724+0700] {logging_mixin.py:188} INFO - [2025-07-18T09:09:17.724+0700] {dagbag.py:545} INFO - Filling up the DagBag from /home/menglim/airflow_venv/lib/python3.12/site-packages/airflow/example_dags/tutorial_dag.py
[2025-07-18T09:09:17.728+0700] {processor.py:840} INFO - DAG(s) 'tutorial_dag' retrieved from /home/menglim/airflow_venv/lib/python3.12/site-packages/airflow/example_dags/tutorial_dag.py
[2025-07-18T09:09:17.743+0700] {logging_mixin.py:188} INFO - [2025-07-18T09:09:17.743+0700] {dag.py:3096} INFO - Sync 1 DAGs
[2025-07-18T09:09:17.751+0700] {logging_mixin.py:188} INFO - [2025-07-18T09:09:17.751+0700] {dag.py:3954} INFO - Setting next_dagrun for tutorial_dag to None, run_after=None
[2025-07-18T09:09:17.782+0700] {processor.py:183} INFO - Processing /home/menglim/airflow_venv/lib/python3.12/site-packages/airflow/example_dags/tutorial_dag.py took 0.064 seconds
[2025-07-18T09:10:10.073+0700] {processor.py:161} INFO - Started process (PID=4366) to work on /home/menglim/airflow_venv/lib/python3.12/site-packages/airflow/example_dags/tutorial_dag.py
[2025-07-18T09:10:10.075+0700] {processor.py:830} INFO - Processing file /home/menglim/airflow_venv/lib/python3.12/site-packages/airflow/example_dags/tutorial_dag.py for tasks to queue
[2025-07-18T09:10:10.075+0700] {logging_mixin.py:188} INFO - [2025-07-18T09:10:10.075+0700] {dagbag.py:545} INFO - Filling up the DagBag from /home/menglim/airflow_venv/lib/python3.12/site-packages/airflow/example_dags/tutorial_dag.py
[2025-07-18T09:10:10.079+0700] {processor.py:840} INFO - DAG(s) 'tutorial_dag' retrieved from /home/menglim/airflow_venv/lib/python3.12/site-packages/airflow/example_dags/tutorial_dag.py
[2025-07-18T09:10:10.090+0700] {logging_mixin.py:188} INFO - [2025-07-18T09:10:10.090+0700] {dag.py:3096} INFO - Sync 1 DAGs
[2025-07-18T09:10:10.097+0700] {logging_mixin.py:188} INFO - [2025-07-18T09:10:10.097+0700] {dag.py:3954} INFO - Setting next_dagrun for tutorial_dag to None, run_after=None
[2025-07-18T09:10:10.124+0700] {processor.py:183} INFO - Processing /home/menglim/airflow_venv/lib/python3.12/site-packages/airflow/example_dags/tutorial_dag.py took 0.056 seconds
[2025-07-18T09:11:07.795+0700] {processor.py:161} INFO - Started process (PID=4526) to work on /home/menglim/airflow_venv/lib/python3.12/site-packages/airflow/example_dags/tutorial_dag.py
[2025-07-18T09:11:07.798+0700] {processor.py:830} INFO - Processing file /home/menglim/airflow_venv/lib/python3.12/site-packages/airflow/example_dags/tutorial_dag.py for tasks to queue
[2025-07-18T09:11:07.798+0700] {logging_mixin.py:188} INFO - [2025-07-18T09:11:07.798+0700] {dagbag.py:545} INFO - Filling up the DagBag from /home/menglim/airflow_venv/lib/python3.12/site-packages/airflow/example_dags/tutorial_dag.py
[2025-07-18T09:11:07.801+0700] {processor.py:840} INFO - DAG(s) 'tutorial_dag' retrieved from /home/menglim/airflow_venv/lib/python3.12/site-packages/airflow/example_dags/tutorial_dag.py
[2025-07-18T09:11:07.811+0700] {logging_mixin.py:188} INFO - [2025-07-18T09:11:07.811+0700] {dag.py:3096} INFO - Sync 1 DAGs
[2025-07-18T09:11:07.817+0700] {logging_mixin.py:188} INFO - [2025-07-18T09:11:07.817+0700] {dag.py:3954} INFO - Setting next_dagrun for tutorial_dag to None, run_after=None
[2025-07-18T09:11:07.838+0700] {processor.py:183} INFO - Processing /home/menglim/airflow_venv/lib/python3.12/site-packages/airflow/example_dags/tutorial_dag.py took 0.046 seconds
[2025-07-18T09:12:04.935+0700] {processor.py:161} INFO - Started process (PID=4612) to work on /home/menglim/airflow_venv/lib/python3.12/site-packages/airflow/example_dags/tutorial_dag.py
[2025-07-18T09:12:04.936+0700] {processor.py:830} INFO - Processing file /home/menglim/airflow_venv/lib/python3.12/site-packages/airflow/example_dags/tutorial_dag.py for tasks to queue
[2025-07-18T09:12:04.937+0700] {logging_mixin.py:188} INFO - [2025-07-18T09:12:04.937+0700] {dagbag.py:545} INFO - Filling up the DagBag from /home/menglim/airflow_venv/lib/python3.12/site-packages/airflow/example_dags/tutorial_dag.py
[2025-07-18T09:12:04.940+0700] {processor.py:840} INFO - DAG(s) 'tutorial_dag' retrieved from /home/menglim/airflow_venv/lib/python3.12/site-packages/airflow/example_dags/tutorial_dag.py
[2025-07-18T09:12:04.949+0700] {logging_mixin.py:188} INFO - [2025-07-18T09:12:04.949+0700] {dag.py:3096} INFO - Sync 1 DAGs
[2025-07-18T09:12:04.955+0700] {logging_mixin.py:188} INFO - [2025-07-18T09:12:04.955+0700] {dag.py:3954} INFO - Setting next_dagrun for tutorial_dag to None, run_after=None
[2025-07-18T09:12:04.975+0700] {processor.py:183} INFO - Processing /home/menglim/airflow_venv/lib/python3.12/site-packages/airflow/example_dags/tutorial_dag.py took 0.042 seconds
[2025-07-18T09:13:05.860+0700] {processor.py:161} INFO - Started process (PID=5040) to work on /home/menglim/airflow_venv/lib/python3.12/site-packages/airflow/example_dags/tutorial_dag.py
[2025-07-18T09:13:05.861+0700] {processor.py:830} INFO - Processing file /home/menglim/airflow_venv/lib/python3.12/site-packages/airflow/example_dags/tutorial_dag.py for tasks to queue
[2025-07-18T09:13:05.861+0700] {logging_mixin.py:188} INFO - [2025-07-18T09:13:05.861+0700] {dagbag.py:545} INFO - Filling up the DagBag from /home/menglim/airflow_venv/lib/python3.12/site-packages/airflow/example_dags/tutorial_dag.py
[2025-07-18T09:13:05.865+0700] {processor.py:840} INFO - DAG(s) 'tutorial_dag' retrieved from /home/menglim/airflow_venv/lib/python3.12/site-packages/airflow/example_dags/tutorial_dag.py
[2025-07-18T09:13:05.876+0700] {logging_mixin.py:188} INFO - [2025-07-18T09:13:05.876+0700] {dag.py:3096} INFO - Sync 1 DAGs
[2025-07-18T09:13:05.884+0700] {logging_mixin.py:188} INFO - [2025-07-18T09:13:05.884+0700] {dag.py:3954} INFO - Setting next_dagrun for tutorial_dag to None, run_after=None
[2025-07-18T09:13:05.906+0700] {processor.py:183} INFO - Processing /home/menglim/airflow_venv/lib/python3.12/site-packages/airflow/example_dags/tutorial_dag.py took 0.050 seconds
[2025-07-18T09:14:14.087+0700] {processor.py:161} INFO - Started process (PID=5339) to work on /home/menglim/airflow_venv/lib/python3.12/site-packages/airflow/example_dags/tutorial_dag.py
[2025-07-18T09:14:14.089+0700] {processor.py:830} INFO - Processing file /home/menglim/airflow_venv/lib/python3.12/site-packages/airflow/example_dags/tutorial_dag.py for tasks to queue
[2025-07-18T09:14:14.090+0700] {logging_mixin.py:188} INFO - [2025-07-18T09:14:14.090+0700] {dagbag.py:545} INFO - Filling up the DagBag from /home/menglim/airflow_venv/lib/python3.12/site-packages/airflow/example_dags/tutorial_dag.py
[2025-07-18T09:14:14.093+0700] {processor.py:840} INFO - DAG(s) 'tutorial_dag' retrieved from /home/menglim/airflow_venv/lib/python3.12/site-packages/airflow/example_dags/tutorial_dag.py
[2025-07-18T09:14:14.104+0700] {logging_mixin.py:188} INFO - [2025-07-18T09:14:14.103+0700] {dag.py:3096} INFO - Sync 1 DAGs
[2025-07-18T09:14:14.111+0700] {logging_mixin.py:188} INFO - [2025-07-18T09:14:14.111+0700] {dag.py:3954} INFO - Setting next_dagrun for tutorial_dag to None, run_after=None
[2025-07-18T09:14:14.171+0700] {processor.py:183} INFO - Processing /home/menglim/airflow_venv/lib/python3.12/site-packages/airflow/example_dags/tutorial_dag.py took 0.087 seconds
[2025-07-18T09:15:12.630+0700] {processor.py:161} INFO - Started process (PID=5453) to work on /home/menglim/airflow_venv/lib/python3.12/site-packages/airflow/example_dags/tutorial_dag.py
[2025-07-18T09:15:12.631+0700] {processor.py:830} INFO - Processing file /home/menglim/airflow_venv/lib/python3.12/site-packages/airflow/example_dags/tutorial_dag.py for tasks to queue
[2025-07-18T09:15:12.632+0700] {logging_mixin.py:188} INFO - [2025-07-18T09:15:12.632+0700] {dagbag.py:545} INFO - Filling up the DagBag from /home/menglim/airflow_venv/lib/python3.12/site-packages/airflow/example_dags/tutorial_dag.py
[2025-07-18T09:15:12.638+0700] {processor.py:840} INFO - DAG(s) 'tutorial_dag' retrieved from /home/menglim/airflow_venv/lib/python3.12/site-packages/airflow/example_dags/tutorial_dag.py
[2025-07-18T09:15:12.653+0700] {logging_mixin.py:188} INFO - [2025-07-18T09:15:12.653+0700] {dag.py:3096} INFO - Sync 1 DAGs
[2025-07-18T09:15:12.664+0700] {logging_mixin.py:188} INFO - [2025-07-18T09:15:12.664+0700] {dag.py:3954} INFO - Setting next_dagrun for tutorial_dag to None, run_after=None
[2025-07-18T09:15:12.699+0700] {processor.py:183} INFO - Processing /home/menglim/airflow_venv/lib/python3.12/site-packages/airflow/example_dags/tutorial_dag.py took 0.074 seconds
[2025-07-18T09:16:17.953+0700] {processor.py:161} INFO - Started process (PID=5578) to work on /home/menglim/airflow_venv/lib/python3.12/site-packages/airflow/example_dags/tutorial_dag.py
[2025-07-18T09:16:17.955+0700] {processor.py:830} INFO - Processing file /home/menglim/airflow_venv/lib/python3.12/site-packages/airflow/example_dags/tutorial_dag.py for tasks to queue
[2025-07-18T09:16:17.956+0700] {logging_mixin.py:188} INFO - [2025-07-18T09:16:17.956+0700] {dagbag.py:545} INFO - Filling up the DagBag from /home/menglim/airflow_venv/lib/python3.12/site-packages/airflow/example_dags/tutorial_dag.py
[2025-07-18T09:16:17.960+0700] {processor.py:840} INFO - DAG(s) 'tutorial_dag' retrieved from /home/menglim/airflow_venv/lib/python3.12/site-packages/airflow/example_dags/tutorial_dag.py
[2025-07-18T09:16:17.971+0700] {logging_mixin.py:188} INFO - [2025-07-18T09:16:17.971+0700] {dag.py:3096} INFO - Sync 1 DAGs
[2025-07-18T09:16:17.978+0700] {logging_mixin.py:188} INFO - [2025-07-18T09:16:17.978+0700] {dag.py:3954} INFO - Setting next_dagrun for tutorial_dag to None, run_after=None
[2025-07-18T09:16:18.000+0700] {processor.py:183} INFO - Processing /home/menglim/airflow_venv/lib/python3.12/site-packages/airflow/example_dags/tutorial_dag.py took 0.051 seconds
[2025-07-18T09:17:15.701+0700] {processor.py:161} INFO - Started process (PID=5793) to work on /home/menglim/airflow_venv/lib/python3.12/site-packages/airflow/example_dags/tutorial_dag.py
[2025-07-18T09:17:15.702+0700] {processor.py:830} INFO - Processing file /home/menglim/airflow_venv/lib/python3.12/site-packages/airflow/example_dags/tutorial_dag.py for tasks to queue
[2025-07-18T09:17:15.702+0700] {logging_mixin.py:188} INFO - [2025-07-18T09:17:15.702+0700] {dagbag.py:545} INFO - Filling up the DagBag from /home/menglim/airflow_venv/lib/python3.12/site-packages/airflow/example_dags/tutorial_dag.py
[2025-07-18T09:17:15.706+0700] {processor.py:840} INFO - DAG(s) 'tutorial_dag' retrieved from /home/menglim/airflow_venv/lib/python3.12/site-packages/airflow/example_dags/tutorial_dag.py
[2025-07-18T09:17:15.716+0700] {logging_mixin.py:188} INFO - [2025-07-18T09:17:15.716+0700] {dag.py:3096} INFO - Sync 1 DAGs
[2025-07-18T09:17:15.722+0700] {logging_mixin.py:188} INFO - [2025-07-18T09:17:15.722+0700] {dag.py:3954} INFO - Setting next_dagrun for tutorial_dag to None, run_after=None
[2025-07-18T09:17:15.744+0700] {processor.py:183} INFO - Processing /home/menglim/airflow_venv/lib/python3.12/site-packages/airflow/example_dags/tutorial_dag.py took 0.047 seconds
[2025-07-18T09:18:14.010+0700] {processor.py:161} INFO - Started process (PID=5905) to work on /home/menglim/airflow_venv/lib/python3.12/site-packages/airflow/example_dags/tutorial_dag.py
[2025-07-18T09:18:14.011+0700] {processor.py:830} INFO - Processing file /home/menglim/airflow_venv/lib/python3.12/site-packages/airflow/example_dags/tutorial_dag.py for tasks to queue
[2025-07-18T09:18:14.012+0700] {logging_mixin.py:188} INFO - [2025-07-18T09:18:14.012+0700] {dagbag.py:545} INFO - Filling up the DagBag from /home/menglim/airflow_venv/lib/python3.12/site-packages/airflow/example_dags/tutorial_dag.py
[2025-07-18T09:18:14.015+0700] {processor.py:840} INFO - DAG(s) 'tutorial_dag' retrieved from /home/menglim/airflow_venv/lib/python3.12/site-packages/airflow/example_dags/tutorial_dag.py
[2025-07-18T09:18:14.027+0700] {logging_mixin.py:188} INFO - [2025-07-18T09:18:14.027+0700] {dag.py:3096} INFO - Sync 1 DAGs
[2025-07-18T09:18:14.033+0700] {logging_mixin.py:188} INFO - [2025-07-18T09:18:14.033+0700] {dag.py:3954} INFO - Setting next_dagrun for tutorial_dag to None, run_after=None
[2025-07-18T09:18:14.056+0700] {processor.py:183} INFO - Processing /home/menglim/airflow_venv/lib/python3.12/site-packages/airflow/example_dags/tutorial_dag.py took 0.049 seconds
[2025-07-18T09:19:31.217+0700] {processor.py:161} INFO - Started process (PID=6077) to work on /home/menglim/airflow_venv/lib/python3.12/site-packages/airflow/example_dags/tutorial_dag.py
[2025-07-18T09:19:31.219+0700] {processor.py:830} INFO - Processing file /home/menglim/airflow_venv/lib/python3.12/site-packages/airflow/example_dags/tutorial_dag.py for tasks to queue
[2025-07-18T09:19:31.220+0700] {logging_mixin.py:188} INFO - [2025-07-18T09:19:31.220+0700] {dagbag.py:545} INFO - Filling up the DagBag from /home/menglim/airflow_venv/lib/python3.12/site-packages/airflow/example_dags/tutorial_dag.py
[2025-07-18T09:19:31.223+0700] {processor.py:840} INFO - DAG(s) 'tutorial_dag' retrieved from /home/menglim/airflow_venv/lib/python3.12/site-packages/airflow/example_dags/tutorial_dag.py
[2025-07-18T09:19:31.233+0700] {logging_mixin.py:188} INFO - [2025-07-18T09:19:31.233+0700] {dag.py:3096} INFO - Sync 1 DAGs
[2025-07-18T09:19:31.239+0700] {logging_mixin.py:188} INFO - [2025-07-18T09:19:31.239+0700] {dag.py:3954} INFO - Setting next_dagrun for tutorial_dag to None, run_after=None
[2025-07-18T09:19:31.267+0700] {processor.py:183} INFO - Processing /home/menglim/airflow_venv/lib/python3.12/site-packages/airflow/example_dags/tutorial_dag.py took 0.053 seconds
[2025-07-18T09:20:26.160+0700] {processor.py:161} INFO - Started process (PID=6195) to work on /home/menglim/airflow_venv/lib/python3.12/site-packages/airflow/example_dags/tutorial_dag.py
[2025-07-18T09:20:26.161+0700] {processor.py:830} INFO - Processing file /home/menglim/airflow_venv/lib/python3.12/site-packages/airflow/example_dags/tutorial_dag.py for tasks to queue
[2025-07-18T09:20:26.161+0700] {logging_mixin.py:188} INFO - [2025-07-18T09:20:26.161+0700] {dagbag.py:545} INFO - Filling up the DagBag from /home/menglim/airflow_venv/lib/python3.12/site-packages/airflow/example_dags/tutorial_dag.py
[2025-07-18T09:20:26.164+0700] {processor.py:840} INFO - DAG(s) 'tutorial_dag' retrieved from /home/menglim/airflow_venv/lib/python3.12/site-packages/airflow/example_dags/tutorial_dag.py
[2025-07-18T09:20:26.173+0700] {logging_mixin.py:188} INFO - [2025-07-18T09:20:26.173+0700] {dag.py:3096} INFO - Sync 1 DAGs
[2025-07-18T09:20:26.232+0700] {logging_mixin.py:188} INFO - [2025-07-18T09:20:26.232+0700] {dag.py:3954} INFO - Setting next_dagrun for tutorial_dag to None, run_after=None
[2025-07-18T09:20:26.254+0700] {processor.py:183} INFO - Processing /home/menglim/airflow_venv/lib/python3.12/site-packages/airflow/example_dags/tutorial_dag.py took 0.097 seconds
[2025-07-18T09:21:37.282+0700] {processor.py:161} INFO - Started process (PID=6417) to work on /home/menglim/airflow_venv/lib/python3.12/site-packages/airflow/example_dags/tutorial_dag.py
[2025-07-18T09:21:37.283+0700] {processor.py:830} INFO - Processing file /home/menglim/airflow_venv/lib/python3.12/site-packages/airflow/example_dags/tutorial_dag.py for tasks to queue
[2025-07-18T09:21:37.283+0700] {logging_mixin.py:188} INFO - [2025-07-18T09:21:37.283+0700] {dagbag.py:545} INFO - Filling up the DagBag from /home/menglim/airflow_venv/lib/python3.12/site-packages/airflow/example_dags/tutorial_dag.py
[2025-07-18T09:21:37.286+0700] {processor.py:840} INFO - DAG(s) 'tutorial_dag' retrieved from /home/menglim/airflow_venv/lib/python3.12/site-packages/airflow/example_dags/tutorial_dag.py
[2025-07-18T09:21:37.297+0700] {logging_mixin.py:188} INFO - [2025-07-18T09:21:37.296+0700] {dag.py:3096} INFO - Sync 1 DAGs
[2025-07-18T09:21:37.303+0700] {logging_mixin.py:188} INFO - [2025-07-18T09:21:37.303+0700] {dag.py:3954} INFO - Setting next_dagrun for tutorial_dag to None, run_after=None
[2025-07-18T09:21:37.323+0700] {processor.py:183} INFO - Processing /home/menglim/airflow_venv/lib/python3.12/site-packages/airflow/example_dags/tutorial_dag.py took 0.045 seconds
[2025-07-18T09:22:30.131+0700] {processor.py:161} INFO - Started process (PID=6595) to work on /home/menglim/airflow_venv/lib/python3.12/site-packages/airflow/example_dags/tutorial_dag.py
[2025-07-18T09:22:30.133+0700] {processor.py:830} INFO - Processing file /home/menglim/airflow_venv/lib/python3.12/site-packages/airflow/example_dags/tutorial_dag.py for tasks to queue
[2025-07-18T09:22:30.134+0700] {logging_mixin.py:188} INFO - [2025-07-18T09:22:30.134+0700] {dagbag.py:545} INFO - Filling up the DagBag from /home/menglim/airflow_venv/lib/python3.12/site-packages/airflow/example_dags/tutorial_dag.py
[2025-07-18T09:22:30.138+0700] {processor.py:840} INFO - DAG(s) 'tutorial_dag' retrieved from /home/menglim/airflow_venv/lib/python3.12/site-packages/airflow/example_dags/tutorial_dag.py
[2025-07-18T09:22:30.148+0700] {logging_mixin.py:188} INFO - [2025-07-18T09:22:30.148+0700] {dag.py:3096} INFO - Sync 1 DAGs
[2025-07-18T09:22:30.155+0700] {logging_mixin.py:188} INFO - [2025-07-18T09:22:30.155+0700] {dag.py:3954} INFO - Setting next_dagrun for tutorial_dag to None, run_after=None
[2025-07-18T09:22:30.176+0700] {processor.py:183} INFO - Processing /home/menglim/airflow_venv/lib/python3.12/site-packages/airflow/example_dags/tutorial_dag.py took 0.049 seconds
[2025-07-18T09:23:38.671+0700] {processor.py:161} INFO - Started process (PID=6755) to work on /home/menglim/airflow_venv/lib/python3.12/site-packages/airflow/example_dags/tutorial_dag.py
[2025-07-18T09:23:38.674+0700] {processor.py:830} INFO - Processing file /home/menglim/airflow_venv/lib/python3.12/site-packages/airflow/example_dags/tutorial_dag.py for tasks to queue
[2025-07-18T09:23:38.674+0700] {logging_mixin.py:188} INFO - [2025-07-18T09:23:38.674+0700] {dagbag.py:545} INFO - Filling up the DagBag from /home/menglim/airflow_venv/lib/python3.12/site-packages/airflow/example_dags/tutorial_dag.py
[2025-07-18T09:23:38.678+0700] {processor.py:840} INFO - DAG(s) 'tutorial_dag' retrieved from /home/menglim/airflow_venv/lib/python3.12/site-packages/airflow/example_dags/tutorial_dag.py
[2025-07-18T09:23:38.687+0700] {logging_mixin.py:188} INFO - [2025-07-18T09:23:38.687+0700] {dag.py:3096} INFO - Sync 1 DAGs
[2025-07-18T09:23:38.696+0700] {logging_mixin.py:188} INFO - [2025-07-18T09:23:38.696+0700] {dag.py:3954} INFO - Setting next_dagrun for tutorial_dag to None, run_after=None
[2025-07-18T09:23:38.719+0700] {processor.py:183} INFO - Processing /home/menglim/airflow_venv/lib/python3.12/site-packages/airflow/example_dags/tutorial_dag.py took 0.051 seconds
[2025-07-18T09:24:19.094+0700] {processor.py:161} INFO - Started process (PID=6878) to work on /home/menglim/airflow_venv/lib/python3.12/site-packages/airflow/example_dags/tutorial_dag.py
[2025-07-18T09:24:19.097+0700] {processor.py:830} INFO - Processing file /home/menglim/airflow_venv/lib/python3.12/site-packages/airflow/example_dags/tutorial_dag.py for tasks to queue
[2025-07-18T09:24:19.097+0700] {logging_mixin.py:188} INFO - [2025-07-18T09:24:19.097+0700] {dagbag.py:545} INFO - Filling up the DagBag from /home/menglim/airflow_venv/lib/python3.12/site-packages/airflow/example_dags/tutorial_dag.py
[2025-07-18T09:24:19.101+0700] {processor.py:840} INFO - DAG(s) 'tutorial_dag' retrieved from /home/menglim/airflow_venv/lib/python3.12/site-packages/airflow/example_dags/tutorial_dag.py
[2025-07-18T09:24:19.110+0700] {logging_mixin.py:188} INFO - [2025-07-18T09:24:19.110+0700] {dag.py:3096} INFO - Sync 1 DAGs
[2025-07-18T09:24:19.116+0700] {logging_mixin.py:188} INFO - [2025-07-18T09:24:19.116+0700] {dag.py:3954} INFO - Setting next_dagrun for tutorial_dag to None, run_after=None
[2025-07-18T09:24:19.136+0700] {processor.py:183} INFO - Processing /home/menglim/airflow_venv/lib/python3.12/site-packages/airflow/example_dags/tutorial_dag.py took 0.046 seconds
[2025-07-18T09:25:13.747+0700] {processor.py:161} INFO - Started process (PID=6979) to work on /home/menglim/airflow_venv/lib/python3.12/site-packages/airflow/example_dags/tutorial_dag.py
[2025-07-18T09:25:13.750+0700] {processor.py:830} INFO - Processing file /home/menglim/airflow_venv/lib/python3.12/site-packages/airflow/example_dags/tutorial_dag.py for tasks to queue
[2025-07-18T09:25:13.751+0700] {logging_mixin.py:188} INFO - [2025-07-18T09:25:13.751+0700] {dagbag.py:545} INFO - Filling up the DagBag from /home/menglim/airflow_venv/lib/python3.12/site-packages/airflow/example_dags/tutorial_dag.py
[2025-07-18T09:25:13.754+0700] {processor.py:840} INFO - DAG(s) 'tutorial_dag' retrieved from /home/menglim/airflow_venv/lib/python3.12/site-packages/airflow/example_dags/tutorial_dag.py
[2025-07-18T09:25:13.763+0700] {logging_mixin.py:188} INFO - [2025-07-18T09:25:13.763+0700] {dag.py:3096} INFO - Sync 1 DAGs
[2025-07-18T09:25:13.769+0700] {logging_mixin.py:188} INFO - [2025-07-18T09:25:13.769+0700] {dag.py:3954} INFO - Setting next_dagrun for tutorial_dag to None, run_after=None
[2025-07-18T09:25:13.791+0700] {processor.py:183} INFO - Processing /home/menglim/airflow_venv/lib/python3.12/site-packages/airflow/example_dags/tutorial_dag.py took 0.047 seconds
[2025-07-18T09:25:50.802+0700] {processor.py:161} INFO - Started process (PID=7126) to work on /home/menglim/airflow_venv/lib/python3.12/site-packages/airflow/example_dags/tutorial_dag.py
[2025-07-18T09:25:50.804+0700] {processor.py:830} INFO - Processing file /home/menglim/airflow_venv/lib/python3.12/site-packages/airflow/example_dags/tutorial_dag.py for tasks to queue
[2025-07-18T09:25:50.805+0700] {logging_mixin.py:188} INFO - [2025-07-18T09:25:50.804+0700] {dagbag.py:545} INFO - Filling up the DagBag from /home/menglim/airflow_venv/lib/python3.12/site-packages/airflow/example_dags/tutorial_dag.py
[2025-07-18T09:25:50.808+0700] {processor.py:840} INFO - DAG(s) 'tutorial_dag' retrieved from /home/menglim/airflow_venv/lib/python3.12/site-packages/airflow/example_dags/tutorial_dag.py
[2025-07-18T09:25:50.817+0700] {logging_mixin.py:188} INFO - [2025-07-18T09:25:50.817+0700] {dag.py:3096} INFO - Sync 1 DAGs
[2025-07-18T09:25:50.823+0700] {logging_mixin.py:188} INFO - [2025-07-18T09:25:50.823+0700] {dag.py:3954} INFO - Setting next_dagrun for tutorial_dag to None, run_after=None
[2025-07-18T09:25:50.844+0700] {processor.py:183} INFO - Processing /home/menglim/airflow_venv/lib/python3.12/site-packages/airflow/example_dags/tutorial_dag.py took 0.046 seconds
[2025-07-18T09:26:48.014+0700] {processor.py:161} INFO - Started process (PID=7208) to work on /home/menglim/airflow_venv/lib/python3.12/site-packages/airflow/example_dags/tutorial_dag.py
[2025-07-18T09:26:48.017+0700] {processor.py:830} INFO - Processing file /home/menglim/airflow_venv/lib/python3.12/site-packages/airflow/example_dags/tutorial_dag.py for tasks to queue
[2025-07-18T09:26:48.017+0700] {logging_mixin.py:188} INFO - [2025-07-18T09:26:48.017+0700] {dagbag.py:545} INFO - Filling up the DagBag from /home/menglim/airflow_venv/lib/python3.12/site-packages/airflow/example_dags/tutorial_dag.py
[2025-07-18T09:26:48.021+0700] {processor.py:840} INFO - DAG(s) 'tutorial_dag' retrieved from /home/menglim/airflow_venv/lib/python3.12/site-packages/airflow/example_dags/tutorial_dag.py
[2025-07-18T09:26:48.032+0700] {logging_mixin.py:188} INFO - [2025-07-18T09:26:48.032+0700] {dag.py:3096} INFO - Sync 1 DAGs
[2025-07-18T09:26:48.039+0700] {logging_mixin.py:188} INFO - [2025-07-18T09:26:48.039+0700] {dag.py:3954} INFO - Setting next_dagrun for tutorial_dag to None, run_after=None
[2025-07-18T09:26:48.063+0700] {processor.py:183} INFO - Processing /home/menglim/airflow_venv/lib/python3.12/site-packages/airflow/example_dags/tutorial_dag.py took 0.052 seconds
[2025-07-18T09:28:08.894+0700] {processor.py:161} INFO - Started process (PID=7368) to work on /home/menglim/airflow_venv/lib/python3.12/site-packages/airflow/example_dags/tutorial_dag.py
[2025-07-18T09:28:08.897+0700] {processor.py:830} INFO - Processing file /home/menglim/airflow_venv/lib/python3.12/site-packages/airflow/example_dags/tutorial_dag.py for tasks to queue
[2025-07-18T09:28:08.897+0700] {logging_mixin.py:188} INFO - [2025-07-18T09:28:08.897+0700] {dagbag.py:545} INFO - Filling up the DagBag from /home/menglim/airflow_venv/lib/python3.12/site-packages/airflow/example_dags/tutorial_dag.py
[2025-07-18T09:28:08.900+0700] {processor.py:840} INFO - DAG(s) 'tutorial_dag' retrieved from /home/menglim/airflow_venv/lib/python3.12/site-packages/airflow/example_dags/tutorial_dag.py
[2025-07-18T09:28:08.910+0700] {logging_mixin.py:188} INFO - [2025-07-18T09:28:08.910+0700] {dag.py:3096} INFO - Sync 1 DAGs
[2025-07-18T09:28:08.916+0700] {logging_mixin.py:188} INFO - [2025-07-18T09:28:08.916+0700] {dag.py:3954} INFO - Setting next_dagrun for tutorial_dag to None, run_after=None
[2025-07-18T09:28:08.936+0700] {processor.py:183} INFO - Processing /home/menglim/airflow_venv/lib/python3.12/site-packages/airflow/example_dags/tutorial_dag.py took 0.045 seconds
[2025-07-18T09:28:46.635+0700] {processor.py:161} INFO - Started process (PID=7439) to work on /home/menglim/airflow_venv/lib/python3.12/site-packages/airflow/example_dags/tutorial_dag.py
[2025-07-18T09:28:46.636+0700] {processor.py:830} INFO - Processing file /home/menglim/airflow_venv/lib/python3.12/site-packages/airflow/example_dags/tutorial_dag.py for tasks to queue
[2025-07-18T09:28:46.636+0700] {logging_mixin.py:188} INFO - [2025-07-18T09:28:46.636+0700] {dagbag.py:545} INFO - Filling up the DagBag from /home/menglim/airflow_venv/lib/python3.12/site-packages/airflow/example_dags/tutorial_dag.py
[2025-07-18T09:28:46.639+0700] {processor.py:840} INFO - DAG(s) 'tutorial_dag' retrieved from /home/menglim/airflow_venv/lib/python3.12/site-packages/airflow/example_dags/tutorial_dag.py
[2025-07-18T09:28:46.648+0700] {logging_mixin.py:188} INFO - [2025-07-18T09:28:46.648+0700] {dag.py:3096} INFO - Sync 1 DAGs
[2025-07-18T09:28:46.655+0700] {logging_mixin.py:188} INFO - [2025-07-18T09:28:46.654+0700] {dag.py:3954} INFO - Setting next_dagrun for tutorial_dag to None, run_after=None
[2025-07-18T09:28:46.675+0700] {processor.py:183} INFO - Processing /home/menglim/airflow_venv/lib/python3.12/site-packages/airflow/example_dags/tutorial_dag.py took 0.043 seconds
[2025-07-18T09:29:36.548+0700] {processor.py:161} INFO - Started process (PID=7538) to work on /home/menglim/airflow_venv/lib/python3.12/site-packages/airflow/example_dags/tutorial_dag.py
[2025-07-18T09:29:36.550+0700] {processor.py:830} INFO - Processing file /home/menglim/airflow_venv/lib/python3.12/site-packages/airflow/example_dags/tutorial_dag.py for tasks to queue
[2025-07-18T09:29:36.551+0700] {logging_mixin.py:188} INFO - [2025-07-18T09:29:36.550+0700] {dagbag.py:545} INFO - Filling up the DagBag from /home/menglim/airflow_venv/lib/python3.12/site-packages/airflow/example_dags/tutorial_dag.py
[2025-07-18T09:29:36.554+0700] {processor.py:840} INFO - DAG(s) 'tutorial_dag' retrieved from /home/menglim/airflow_venv/lib/python3.12/site-packages/airflow/example_dags/tutorial_dag.py
[2025-07-18T09:29:36.564+0700] {logging_mixin.py:188} INFO - [2025-07-18T09:29:36.563+0700] {dag.py:3096} INFO - Sync 1 DAGs
[2025-07-18T09:29:36.571+0700] {logging_mixin.py:188} INFO - [2025-07-18T09:29:36.571+0700] {dag.py:3954} INFO - Setting next_dagrun for tutorial_dag to None, run_after=None
[2025-07-18T09:29:36.592+0700] {processor.py:183} INFO - Processing /home/menglim/airflow_venv/lib/python3.12/site-packages/airflow/example_dags/tutorial_dag.py took 0.048 seconds
[2025-07-18T09:30:24.319+0700] {processor.py:161} INFO - Started process (PID=7600) to work on /home/menglim/airflow_venv/lib/python3.12/site-packages/airflow/example_dags/tutorial_dag.py
[2025-07-18T09:30:24.321+0700] {processor.py:830} INFO - Processing file /home/menglim/airflow_venv/lib/python3.12/site-packages/airflow/example_dags/tutorial_dag.py for tasks to queue
[2025-07-18T09:30:24.322+0700] {logging_mixin.py:188} INFO - [2025-07-18T09:30:24.322+0700] {dagbag.py:545} INFO - Filling up the DagBag from /home/menglim/airflow_venv/lib/python3.12/site-packages/airflow/example_dags/tutorial_dag.py
[2025-07-18T09:30:24.325+0700] {processor.py:840} INFO - DAG(s) 'tutorial_dag' retrieved from /home/menglim/airflow_venv/lib/python3.12/site-packages/airflow/example_dags/tutorial_dag.py
[2025-07-18T09:30:24.334+0700] {logging_mixin.py:188} INFO - [2025-07-18T09:30:24.334+0700] {dag.py:3096} INFO - Sync 1 DAGs
[2025-07-18T09:30:24.340+0700] {logging_mixin.py:188} INFO - [2025-07-18T09:30:24.340+0700] {dag.py:3954} INFO - Setting next_dagrun for tutorial_dag to None, run_after=None
[2025-07-18T09:30:24.362+0700] {processor.py:183} INFO - Processing /home/menglim/airflow_venv/lib/python3.12/site-packages/airflow/example_dags/tutorial_dag.py took 0.046 seconds
[2025-07-18T09:31:15.500+0700] {processor.py:161} INFO - Started process (PID=7677) to work on /home/menglim/airflow_venv/lib/python3.12/site-packages/airflow/example_dags/tutorial_dag.py
[2025-07-18T09:31:15.501+0700] {processor.py:830} INFO - Processing file /home/menglim/airflow_venv/lib/python3.12/site-packages/airflow/example_dags/tutorial_dag.py for tasks to queue
[2025-07-18T09:31:15.502+0700] {logging_mixin.py:188} INFO - [2025-07-18T09:31:15.501+0700] {dagbag.py:545} INFO - Filling up the DagBag from /home/menglim/airflow_venv/lib/python3.12/site-packages/airflow/example_dags/tutorial_dag.py
[2025-07-18T09:31:15.505+0700] {processor.py:840} INFO - DAG(s) 'tutorial_dag' retrieved from /home/menglim/airflow_venv/lib/python3.12/site-packages/airflow/example_dags/tutorial_dag.py
[2025-07-18T09:31:15.515+0700] {logging_mixin.py:188} INFO - [2025-07-18T09:31:15.515+0700] {dag.py:3096} INFO - Sync 1 DAGs
[2025-07-18T09:31:15.522+0700] {logging_mixin.py:188} INFO - [2025-07-18T09:31:15.521+0700] {dag.py:3954} INFO - Setting next_dagrun for tutorial_dag to None, run_after=None
[2025-07-18T09:31:15.545+0700] {processor.py:183} INFO - Processing /home/menglim/airflow_venv/lib/python3.12/site-packages/airflow/example_dags/tutorial_dag.py took 0.049 seconds
[2025-07-18T09:32:04.993+0700] {processor.py:161} INFO - Started process (PID=7757) to work on /home/menglim/airflow_venv/lib/python3.12/site-packages/airflow/example_dags/tutorial_dag.py
[2025-07-18T09:32:04.996+0700] {processor.py:830} INFO - Processing file /home/menglim/airflow_venv/lib/python3.12/site-packages/airflow/example_dags/tutorial_dag.py for tasks to queue
[2025-07-18T09:32:04.997+0700] {logging_mixin.py:188} INFO - [2025-07-18T09:32:04.997+0700] {dagbag.py:545} INFO - Filling up the DagBag from /home/menglim/airflow_venv/lib/python3.12/site-packages/airflow/example_dags/tutorial_dag.py
[2025-07-18T09:32:05.000+0700] {processor.py:840} INFO - DAG(s) 'tutorial_dag' retrieved from /home/menglim/airflow_venv/lib/python3.12/site-packages/airflow/example_dags/tutorial_dag.py
[2025-07-18T09:32:05.009+0700] {logging_mixin.py:188} INFO - [2025-07-18T09:32:05.009+0700] {dag.py:3096} INFO - Sync 1 DAGs
[2025-07-18T09:32:05.015+0700] {logging_mixin.py:188} INFO - [2025-07-18T09:32:05.015+0700] {dag.py:3954} INFO - Setting next_dagrun for tutorial_dag to None, run_after=None
[2025-07-18T09:32:05.035+0700] {processor.py:183} INFO - Processing /home/menglim/airflow_venv/lib/python3.12/site-packages/airflow/example_dags/tutorial_dag.py took 0.046 seconds
[2025-07-18T09:32:58.826+0700] {processor.py:161} INFO - Started process (PID=7838) to work on /home/menglim/airflow_venv/lib/python3.12/site-packages/airflow/example_dags/tutorial_dag.py
[2025-07-18T09:32:58.828+0700] {processor.py:830} INFO - Processing file /home/menglim/airflow_venv/lib/python3.12/site-packages/airflow/example_dags/tutorial_dag.py for tasks to queue
[2025-07-18T09:32:58.829+0700] {logging_mixin.py:188} INFO - [2025-07-18T09:32:58.829+0700] {dagbag.py:545} INFO - Filling up the DagBag from /home/menglim/airflow_venv/lib/python3.12/site-packages/airflow/example_dags/tutorial_dag.py
[2025-07-18T09:32:58.832+0700] {processor.py:840} INFO - DAG(s) 'tutorial_dag' retrieved from /home/menglim/airflow_venv/lib/python3.12/site-packages/airflow/example_dags/tutorial_dag.py
[2025-07-18T09:32:58.841+0700] {logging_mixin.py:188} INFO - [2025-07-18T09:32:58.841+0700] {dag.py:3096} INFO - Sync 1 DAGs
[2025-07-18T09:32:58.847+0700] {logging_mixin.py:188} INFO - [2025-07-18T09:32:58.847+0700] {dag.py:3954} INFO - Setting next_dagrun for tutorial_dag to None, run_after=None
[2025-07-18T09:32:58.868+0700] {processor.py:183} INFO - Processing /home/menglim/airflow_venv/lib/python3.12/site-packages/airflow/example_dags/tutorial_dag.py took 0.045 seconds
[2025-07-18T09:33:46.630+0700] {processor.py:161} INFO - Started process (PID=7915) to work on /home/menglim/airflow_venv/lib/python3.12/site-packages/airflow/example_dags/tutorial_dag.py
[2025-07-18T09:33:46.632+0700] {processor.py:830} INFO - Processing file /home/menglim/airflow_venv/lib/python3.12/site-packages/airflow/example_dags/tutorial_dag.py for tasks to queue
[2025-07-18T09:33:46.633+0700] {logging_mixin.py:188} INFO - [2025-07-18T09:33:46.632+0700] {dagbag.py:545} INFO - Filling up the DagBag from /home/menglim/airflow_venv/lib/python3.12/site-packages/airflow/example_dags/tutorial_dag.py
[2025-07-18T09:33:46.636+0700] {processor.py:840} INFO - DAG(s) 'tutorial_dag' retrieved from /home/menglim/airflow_venv/lib/python3.12/site-packages/airflow/example_dags/tutorial_dag.py
[2025-07-18T09:33:46.646+0700] {logging_mixin.py:188} INFO - [2025-07-18T09:33:46.646+0700] {dag.py:3096} INFO - Sync 1 DAGs
[2025-07-18T09:33:46.652+0700] {logging_mixin.py:188} INFO - [2025-07-18T09:33:46.652+0700] {dag.py:3954} INFO - Setting next_dagrun for tutorial_dag to None, run_after=None
[2025-07-18T09:33:46.674+0700] {processor.py:183} INFO - Processing /home/menglim/airflow_venv/lib/python3.12/site-packages/airflow/example_dags/tutorial_dag.py took 0.048 seconds
[2025-07-18T09:34:38.032+0700] {processor.py:161} INFO - Started process (PID=8070) to work on /home/menglim/airflow_venv/lib/python3.12/site-packages/airflow/example_dags/tutorial_dag.py
[2025-07-18T09:34:38.034+0700] {processor.py:830} INFO - Processing file /home/menglim/airflow_venv/lib/python3.12/site-packages/airflow/example_dags/tutorial_dag.py for tasks to queue
[2025-07-18T09:34:38.035+0700] {logging_mixin.py:188} INFO - [2025-07-18T09:34:38.034+0700] {dagbag.py:545} INFO - Filling up the DagBag from /home/menglim/airflow_venv/lib/python3.12/site-packages/airflow/example_dags/tutorial_dag.py
[2025-07-18T09:34:38.038+0700] {processor.py:840} INFO - DAG(s) 'tutorial_dag' retrieved from /home/menglim/airflow_venv/lib/python3.12/site-packages/airflow/example_dags/tutorial_dag.py
[2025-07-18T09:34:38.047+0700] {logging_mixin.py:188} INFO - [2025-07-18T09:34:38.047+0700] {dag.py:3096} INFO - Sync 1 DAGs
[2025-07-18T09:34:38.053+0700] {logging_mixin.py:188} INFO - [2025-07-18T09:34:38.053+0700] {dag.py:3954} INFO - Setting next_dagrun for tutorial_dag to None, run_after=None
[2025-07-18T09:34:38.074+0700] {processor.py:183} INFO - Processing /home/menglim/airflow_venv/lib/python3.12/site-packages/airflow/example_dags/tutorial_dag.py took 0.046 seconds
[2025-07-18T09:35:28.986+0700] {processor.py:161} INFO - Started process (PID=8156) to work on /home/menglim/airflow_venv/lib/python3.12/site-packages/airflow/example_dags/tutorial_dag.py
[2025-07-18T09:35:28.987+0700] {processor.py:830} INFO - Processing file /home/menglim/airflow_venv/lib/python3.12/site-packages/airflow/example_dags/tutorial_dag.py for tasks to queue
[2025-07-18T09:35:28.988+0700] {logging_mixin.py:188} INFO - [2025-07-18T09:35:28.987+0700] {dagbag.py:545} INFO - Filling up the DagBag from /home/menglim/airflow_venv/lib/python3.12/site-packages/airflow/example_dags/tutorial_dag.py
[2025-07-18T09:35:28.991+0700] {processor.py:840} INFO - DAG(s) 'tutorial_dag' retrieved from /home/menglim/airflow_venv/lib/python3.12/site-packages/airflow/example_dags/tutorial_dag.py
[2025-07-18T09:35:29.001+0700] {logging_mixin.py:188} INFO - [2025-07-18T09:35:29.001+0700] {dag.py:3096} INFO - Sync 1 DAGs
[2025-07-18T09:35:29.007+0700] {logging_mixin.py:188} INFO - [2025-07-18T09:35:29.007+0700] {dag.py:3954} INFO - Setting next_dagrun for tutorial_dag to None, run_after=None
[2025-07-18T09:35:29.030+0700] {processor.py:183} INFO - Processing /home/menglim/airflow_venv/lib/python3.12/site-packages/airflow/example_dags/tutorial_dag.py took 0.047 seconds
[2025-07-18T09:36:22.559+0700] {processor.py:161} INFO - Started process (PID=8244) to work on /home/menglim/airflow_venv/lib/python3.12/site-packages/airflow/example_dags/tutorial_dag.py
[2025-07-18T09:36:22.561+0700] {processor.py:830} INFO - Processing file /home/menglim/airflow_venv/lib/python3.12/site-packages/airflow/example_dags/tutorial_dag.py for tasks to queue
[2025-07-18T09:36:22.562+0700] {logging_mixin.py:188} INFO - [2025-07-18T09:36:22.562+0700] {dagbag.py:545} INFO - Filling up the DagBag from /home/menglim/airflow_venv/lib/python3.12/site-packages/airflow/example_dags/tutorial_dag.py
[2025-07-18T09:36:22.565+0700] {processor.py:840} INFO - DAG(s) 'tutorial_dag' retrieved from /home/menglim/airflow_venv/lib/python3.12/site-packages/airflow/example_dags/tutorial_dag.py
[2025-07-18T09:36:22.575+0700] {logging_mixin.py:188} INFO - [2025-07-18T09:36:22.575+0700] {dag.py:3096} INFO - Sync 1 DAGs
[2025-07-18T09:36:22.581+0700] {logging_mixin.py:188} INFO - [2025-07-18T09:36:22.581+0700] {dag.py:3954} INFO - Setting next_dagrun for tutorial_dag to None, run_after=None
[2025-07-18T09:36:22.608+0700] {processor.py:183} INFO - Processing /home/menglim/airflow_venv/lib/python3.12/site-packages/airflow/example_dags/tutorial_dag.py took 0.053 seconds
[2025-07-18T09:37:25.418+0700] {processor.py:161} INFO - Started process (PID=8340) to work on /home/menglim/airflow_venv/lib/python3.12/site-packages/airflow/example_dags/tutorial_dag.py
[2025-07-18T09:37:25.422+0700] {processor.py:830} INFO - Processing file /home/menglim/airflow_venv/lib/python3.12/site-packages/airflow/example_dags/tutorial_dag.py for tasks to queue
[2025-07-18T09:37:25.424+0700] {logging_mixin.py:188} INFO - [2025-07-18T09:37:25.423+0700] {dagbag.py:545} INFO - Filling up the DagBag from /home/menglim/airflow_venv/lib/python3.12/site-packages/airflow/example_dags/tutorial_dag.py
[2025-07-18T09:37:25.431+0700] {processor.py:840} INFO - DAG(s) 'tutorial_dag' retrieved from /home/menglim/airflow_venv/lib/python3.12/site-packages/airflow/example_dags/tutorial_dag.py
[2025-07-18T09:37:25.461+0700] {logging_mixin.py:188} INFO - [2025-07-18T09:37:25.460+0700] {dag.py:3096} INFO - Sync 1 DAGs
[2025-07-18T09:37:25.480+0700] {logging_mixin.py:188} INFO - [2025-07-18T09:37:25.479+0700] {dag.py:3954} INFO - Setting next_dagrun for tutorial_dag to None, run_after=None
[2025-07-18T09:37:25.527+0700] {processor.py:183} INFO - Processing /home/menglim/airflow_venv/lib/python3.12/site-packages/airflow/example_dags/tutorial_dag.py took 0.117 seconds
