[2025-07-17T14:40:13.154+0700] {local_task_job_runner.py:120} INFO - ::group::Pre task execution logs
[2025-07-17T14:40:13.163+0700] {taskinstance.py:2076} INFO - Dependencies all met for dep_context=non-requeueable deps ti=<TaskInstance: weather_dag.extract_weather_data manual__2025-07-17T07:40:07.028166+00:00 [queued]>
[2025-07-17T14:40:13.171+0700] {taskinstance.py:2076} INFO - Dependencies all met for dep_context=requeueable deps ti=<TaskInstance: weather_dag.extract_weather_data manual__2025-07-17T07:40:07.028166+00:00 [queued]>
[2025-07-17T14:40:13.172+0700] {taskinstance.py:2306} INFO - Starting attempt 1 of 3
[2025-07-17T14:40:13.205+0700] {taskinstance.py:2330} INFO - Executing <Task(SimpleHttpOperator): extract_weather_data> on 2025-07-17 07:40:07.028166+00:00
[2025-07-17T14:40:13.210+0700] {standard_task_runner.py:63} INFO - Started process 8435 to run task
[2025-07-17T14:40:13.212+0700] {standard_task_runner.py:90} INFO - Running: ['airflow', 'tasks', 'run', 'weather_dag', 'extract_weather_data', 'manual__2025-07-17T07:40:07.028166+00:00', '--job-id', '23', '--raw', '--subdir', 'DAGS_FOLDER/weather_dag.py', '--cfg-path', '/tmp/tmpa_oz_6sx']
[2025-07-17T14:40:13.212+0700] {standard_task_runner.py:91} INFO - Job 23: Subtask extract_weather_data
[2025-07-17T14:40:13.247+0700] {task_command.py:426} INFO - Running <TaskInstance: weather_dag.extract_weather_data manual__2025-07-17T07:40:07.028166+00:00 [running]> on host MSI.
[2025-07-17T14:40:13.334+0700] {taskinstance.py:2648} INFO - Exporting env vars: AIRFLOW_CTX_DAG_EMAIL='menglimchea@gmail.com' AIRFLOW_CTX_DAG_OWNER='airflow' AIRFLOW_CTX_DAG_ID='weather_dag' AIRFLOW_CTX_TASK_ID='extract_weather_data' AIRFLOW_CTX_EXECUTION_DATE='2025-07-17T07:40:07.028166+00:00' AIRFLOW_CTX_TRY_NUMBER='1' AIRFLOW_CTX_DAG_RUN_ID='manual__2025-07-17T07:40:07.028166+00:00'
[2025-07-17T14:40:13.335+0700] {taskinstance.py:430} INFO - ::endgroup::
[2025-07-17T14:40:13.335+0700] {http.py:169} INFO - Calling HTTP method
[2025-07-17T14:40:13.338+0700] {base.py:84} INFO - Using connection ID 'weathermap_api' for task execution.
[2025-07-17T14:40:13.339+0700] {base.py:84} INFO - Using connection ID 'weathermap_api' for task execution.
[2025-07-17T14:40:13.630+0700] {http.py:208} INFO - {"coord":{"lon":104.916,"lat":11.5625},"weather":[{"id":803,"main":"Clouds","description":"broken clouds","icon":"04d"}],"base":"stations","main":{"temp":306.93,"feels_like":313.93,"temp_min":306.93,"temp_max":306.93,"pressure":1004,"humidity":62,"sea_level":1004,"grnd_level":1003},"visibility":10000,"wind":{"speed":6.48,"deg":227,"gust":7.12},"clouds":{"all":65},"dt":1752738011,"sys":{"country":"KH","sunrise":1752705863,"sunset":1752751688},"timezone":25200,"id":1821306,"name":"Phnom Penh","cod":200}
[2025-07-17T14:40:13.632+0700] {taskinstance.py:441} INFO - ::group::Post task execution logs
[2025-07-17T14:40:13.653+0700] {taskinstance.py:1206} INFO - Marking task as SUCCESS. dag_id=weather_dag, task_id=extract_weather_data, run_id=manual__2025-07-17T07:40:07.028166+00:00, execution_date=20250717T074007, start_date=20250717T074013, end_date=20250717T074013
[2025-07-17T14:40:13.704+0700] {local_task_job_runner.py:240} INFO - Task exited with return code 0
[2025-07-17T14:40:13.710+0700] {logging_mixin.py:188} WARNING - /home/menglim/airflow_venv/lib/python3.12/site-packages/airflow/models/baseoperator.py:1296 AirflowProviderDeprecationWarning: Call to deprecated class SimpleHttpOperator. (Class `SimpleHttpOperator` is deprecated and will be removed in a future release. Please use `HttpOperator` instead.)
[2025-07-17T14:40:13.715+0700] {taskinstance.py:3498} INFO - 1 downstream tasks scheduled from follow-on schedule check
[2025-07-17T14:40:13.726+0700] {local_task_job_runner.py:222} INFO - ::endgroup::
