[2025-07-18T08:59:54.066+0700] {local_task_job_runner.py:120} INFO - ::group::Pre task execution logs
[2025-07-18T08:59:54.073+0700] {taskinstance.py:2076} INFO - Dependencies all met for dep_context=non-requeueable deps ti=<TaskInstance: weather_dag.extract_weather_data scheduled__2025-07-17T00:00:00+00:00 [queued]>
[2025-07-18T08:59:54.076+0700] {taskinstance.py:2076} INFO - Dependencies all met for dep_context=requeueable deps ti=<TaskInstance: weather_dag.extract_weather_data scheduled__2025-07-17T00:00:00+00:00 [queued]>
[2025-07-18T08:59:54.076+0700] {taskinstance.py:2306} INFO - Starting attempt 1 of 3
[2025-07-18T08:59:54.099+0700] {taskinstance.py:2330} INFO - Executing <Task(SimpleHttpOperator): extract_weather_data> on 2025-07-17 00:00:00+00:00
[2025-07-18T08:59:54.102+0700] {standard_task_runner.py:63} INFO - Started process 2950 to run task
[2025-07-18T08:59:54.104+0700] {standard_task_runner.py:90} INFO - Running: ['airflow', 'tasks', 'run', 'weather_dag', 'extract_weather_data', 'scheduled__2025-07-17T00:00:00+00:00', '--job-id', '49', '--raw', '--subdir', 'DAGS_FOLDER/weather_dag.py', '--cfg-path', '/tmp/tmp9oqu31pg']
[2025-07-18T08:59:54.104+0700] {standard_task_runner.py:91} INFO - Job 49: Subtask extract_weather_data
[2025-07-18T08:59:54.143+0700] {task_command.py:426} INFO - Running <TaskInstance: weather_dag.extract_weather_data scheduled__2025-07-17T00:00:00+00:00 [running]> on host MSI.
[2025-07-18T08:59:54.205+0700] {taskinstance.py:2648} INFO - Exporting env vars: AIRFLOW_CTX_DAG_EMAIL='menglimchea@gmail.com' AIRFLOW_CTX_DAG_OWNER='airflow' AIRFLOW_CTX_DAG_ID='weather_dag' AIRFLOW_CTX_TASK_ID='extract_weather_data' AIRFLOW_CTX_EXECUTION_DATE='2025-07-17T00:00:00+00:00' AIRFLOW_CTX_TRY_NUMBER='1' AIRFLOW_CTX_DAG_RUN_ID='scheduled__2025-07-17T00:00:00+00:00'
[2025-07-18T08:59:54.206+0700] {taskinstance.py:430} INFO - ::endgroup::
[2025-07-18T08:59:54.206+0700] {http.py:169} INFO - Calling HTTP method
[2025-07-18T08:59:54.208+0700] {base.py:84} INFO - Using connection ID 'weathermap_api' for task execution.
[2025-07-18T08:59:54.210+0700] {base.py:84} INFO - Using connection ID 'weathermap_api' for task execution.
[2025-07-18T08:59:54.397+0700] {http.py:208} INFO - {"coord":{"lon":104.916,"lat":11.5625},"weather":[{"id":804,"main":"Clouds","description":"overcast clouds","icon":"04d"}],"base":"stations","main":{"temp":303.31,"feels_like":309.89,"temp_min":303.31,"temp_max":303.31,"pressure":1008,"humidity":75,"sea_level":1008,"grnd_level":1007},"visibility":10000,"wind":{"speed":6.43,"deg":259,"gust":8.73},"clouds":{"all":99},"dt":1752803954,"sys":{"country":"KH","sunrise":1752792278,"sunset":1752838083},"timezone":25200,"id":1821306,"name":"Phnom Penh","cod":200}
[2025-07-18T08:59:54.400+0700] {taskinstance.py:441} INFO - ::group::Post task execution logs
[2025-07-18T08:59:54.421+0700] {taskinstance.py:1206} INFO - Marking task as SUCCESS. dag_id=weather_dag, task_id=extract_weather_data, run_id=scheduled__2025-07-17T00:00:00+00:00, execution_date=20250717T000000, start_date=20250718T015954, end_date=20250718T015954
[2025-07-18T08:59:54.477+0700] {local_task_job_runner.py:240} INFO - Task exited with return code 0
[2025-07-18T08:59:54.490+0700] {logging_mixin.py:188} WARNING - /home/menglim/airflow_venv/lib/python3.12/site-packages/airflow/models/baseoperator.py:1296 AirflowProviderDeprecationWarning: Call to deprecated class SimpleHttpOperator. (Class `SimpleHttpOperator` is deprecated and will be removed in a future release. Please use `HttpOperator` instead.)
[2025-07-18T08:59:54.494+0700] {taskinstance.py:3498} INFO - 1 downstream tasks scheduled from follow-on schedule check
[2025-07-18T08:59:54.507+0700] {local_task_job_runner.py:222} INFO - ::endgroup::
