[2025-07-17T15:35:34.027+0700] {local_task_job_runner.py:120} INFO - ::group::Pre task execution logs
[2025-07-17T15:35:34.032+0700] {taskinstance.py:2076} INFO - Dependencies all met for dep_context=non-requeueable deps ti=<TaskInstance: weather_dag.extract_weather_data manual__2025-07-17T08:35:28.304420+00:00 [queued]>
[2025-07-17T15:35:34.036+0700] {taskinstance.py:2076} INFO - Dependencies all met for dep_context=requeueable deps ti=<TaskInstance: weather_dag.extract_weather_data manual__2025-07-17T08:35:28.304420+00:00 [queued]>
[2025-07-17T15:35:34.036+0700] {taskinstance.py:2306} INFO - Starting attempt 1 of 3
[2025-07-17T15:35:34.064+0700] {taskinstance.py:2330} INFO - Executing <Task(SimpleHttpOperator): extract_weather_data> on 2025-07-17 08:35:28.304420+00:00
[2025-07-17T15:35:34.068+0700] {standard_task_runner.py:63} INFO - Started process 16246 to run task
[2025-07-17T15:35:34.070+0700] {standard_task_runner.py:90} INFO - Running: ['airflow', 'tasks', 'run', 'weather_dag', 'extract_weather_data', 'manual__2025-07-17T08:35:28.304420+00:00', '--job-id', '44', '--raw', '--subdir', 'DAGS_FOLDER/weather_dag.py', '--cfg-path', '/tmp/tmpnz1jahrq']
[2025-07-17T15:35:34.070+0700] {standard_task_runner.py:91} INFO - Job 44: Subtask extract_weather_data
[2025-07-17T15:35:34.106+0700] {task_command.py:426} INFO - Running <TaskInstance: weather_dag.extract_weather_data manual__2025-07-17T08:35:28.304420+00:00 [running]> on host MSI.
[2025-07-17T15:35:34.176+0700] {taskinstance.py:2648} INFO - Exporting env vars: AIRFLOW_CTX_DAG_EMAIL='menglimchea@gmail.com' AIRFLOW_CTX_DAG_OWNER='airflow' AIRFLOW_CTX_DAG_ID='weather_dag' AIRFLOW_CTX_TASK_ID='extract_weather_data' AIRFLOW_CTX_EXECUTION_DATE='2025-07-17T08:35:28.304420+00:00' AIRFLOW_CTX_TRY_NUMBER='1' AIRFLOW_CTX_DAG_RUN_ID='manual__2025-07-17T08:35:28.304420+00:00'
[2025-07-17T15:35:34.177+0700] {taskinstance.py:430} INFO - ::endgroup::
[2025-07-17T15:35:34.177+0700] {http.py:169} INFO - Calling HTTP method
[2025-07-17T15:35:34.179+0700] {base.py:84} INFO - Using connection ID 'weathermap_api' for task execution.
[2025-07-17T15:35:34.181+0700] {base.py:84} INFO - Using connection ID 'weathermap_api' for task execution.
[2025-07-17T15:35:34.394+0700] {http.py:208} INFO - {"coord":{"lon":104.916,"lat":11.5625},"weather":[{"id":803,"main":"Clouds","description":"broken clouds","icon":"04d"}],"base":"stations","main":{"temp":306.71,"feels_like":312.99,"temp_min":306.71,"temp_max":306.71,"pressure":1004,"humidity":57,"sea_level":1004,"grnd_level":1002},"visibility":10000,"wind":{"speed":5.57,"deg":213,"gust":6.84},"clouds":{"all":57},"dt":1752741228,"sys":{"country":"KH","sunrise":1752705863,"sunset":1752751688},"timezone":25200,"id":1821306,"name":"Phnom Penh","cod":200}
[2025-07-17T15:35:34.396+0700] {taskinstance.py:441} INFO - ::group::Post task execution logs
[2025-07-17T15:35:34.452+0700] {taskinstance.py:1206} INFO - Marking task as SUCCESS. dag_id=weather_dag, task_id=extract_weather_data, run_id=manual__2025-07-17T08:35:28.304420+00:00, execution_date=20250717T083528, start_date=20250717T083534, end_date=20250717T083534
[2025-07-17T15:35:34.484+0700] {local_task_job_runner.py:240} INFO - Task exited with return code 0
[2025-07-17T15:35:34.490+0700] {logging_mixin.py:188} WARNING - /home/menglim/airflow_venv/lib/python3.12/site-packages/airflow/models/baseoperator.py:1296 AirflowProviderDeprecationWarning: Call to deprecated class SimpleHttpOperator. (Class `SimpleHttpOperator` is deprecated and will be removed in a future release. Please use `HttpOperator` instead.)
[2025-07-17T15:35:34.495+0700] {taskinstance.py:3498} INFO - 1 downstream tasks scheduled from follow-on schedule check
[2025-07-17T15:35:34.516+0700] {local_task_job_runner.py:222} INFO - ::endgroup::
